[2021-12-21 00:00:01,593] {scheduler_job.py:182} INFO - Started process (PID=9896) to work on /home/airflow/.local/lib/python3.8/site-packages/airflow/example_dags/example_trigger_target_dag.py
[2021-12-21 00:00:01,601] {scheduler_job.py:633} INFO - Processing file /home/airflow/.local/lib/python3.8/site-packages/airflow/example_dags/example_trigger_target_dag.py for tasks to queue
[2021-12-21 00:00:01,603] {logging_mixin.py:104} INFO - [2021-12-21 00:00:01,603] {dagbag.py:496} INFO - Filling up the DagBag from /home/airflow/.local/lib/python3.8/site-packages/airflow/example_dags/example_trigger_target_dag.py
[2021-12-21 00:00:01,644] {scheduler_job.py:643} INFO - DAG(s) dict_keys(['example_trigger_target_dag']) retrieved from /home/airflow/.local/lib/python3.8/site-packages/airflow/example_dags/example_trigger_target_dag.py
[2021-12-21 00:00:02,156] {logging_mixin.py:104} INFO - [2021-12-21 00:00:02,151] {dag.py:1833} INFO - Sync 1 DAGs
[2021-12-21 00:00:02,196] {logging_mixin.py:104} INFO - [2021-12-21 00:00:02,196] {dag.py:2306} INFO - Setting next_dagrun for example_trigger_target_dag to None
[2021-12-21 00:00:02,233] {scheduler_job.py:190} INFO - Processing /home/airflow/.local/lib/python3.8/site-packages/airflow/example_dags/example_trigger_target_dag.py took 0.646 seconds
[2021-12-21 00:00:32,638] {scheduler_job.py:182} INFO - Started process (PID=9927) to work on /home/airflow/.local/lib/python3.8/site-packages/airflow/example_dags/example_trigger_target_dag.py
[2021-12-21 00:00:32,644] {scheduler_job.py:633} INFO - Processing file /home/airflow/.local/lib/python3.8/site-packages/airflow/example_dags/example_trigger_target_dag.py for tasks to queue
[2021-12-21 00:00:32,651] {logging_mixin.py:104} INFO - [2021-12-21 00:00:32,651] {dagbag.py:496} INFO - Filling up the DagBag from /home/airflow/.local/lib/python3.8/site-packages/airflow/example_dags/example_trigger_target_dag.py
[2021-12-21 00:00:32,695] {scheduler_job.py:643} INFO - DAG(s) dict_keys(['example_trigger_target_dag']) retrieved from /home/airflow/.local/lib/python3.8/site-packages/airflow/example_dags/example_trigger_target_dag.py
[2021-12-21 00:00:32,739] {logging_mixin.py:104} INFO - [2021-12-21 00:00:32,739] {dag.py:1833} INFO - Sync 1 DAGs
[2021-12-21 00:00:32,770] {logging_mixin.py:104} INFO - [2021-12-21 00:00:32,769] {dag.py:2306} INFO - Setting next_dagrun for example_trigger_target_dag to None
[2021-12-21 00:00:32,802] {scheduler_job.py:190} INFO - Processing /home/airflow/.local/lib/python3.8/site-packages/airflow/example_dags/example_trigger_target_dag.py took 0.170 seconds
[2021-12-21 00:01:03,372] {scheduler_job.py:182} INFO - Started process (PID=9958) to work on /home/airflow/.local/lib/python3.8/site-packages/airflow/example_dags/example_trigger_target_dag.py
[2021-12-21 00:01:03,378] {scheduler_job.py:633} INFO - Processing file /home/airflow/.local/lib/python3.8/site-packages/airflow/example_dags/example_trigger_target_dag.py for tasks to queue
[2021-12-21 00:01:03,381] {logging_mixin.py:104} INFO - [2021-12-21 00:01:03,381] {dagbag.py:496} INFO - Filling up the DagBag from /home/airflow/.local/lib/python3.8/site-packages/airflow/example_dags/example_trigger_target_dag.py
[2021-12-21 00:01:03,411] {scheduler_job.py:643} INFO - DAG(s) dict_keys(['example_trigger_target_dag']) retrieved from /home/airflow/.local/lib/python3.8/site-packages/airflow/example_dags/example_trigger_target_dag.py
[2021-12-21 00:01:03,459] {logging_mixin.py:104} INFO - [2021-12-21 00:01:03,459] {dag.py:1833} INFO - Sync 1 DAGs
[2021-12-21 00:01:03,476] {logging_mixin.py:104} INFO - [2021-12-21 00:01:03,476] {dag.py:2306} INFO - Setting next_dagrun for example_trigger_target_dag to None
[2021-12-21 00:01:03,497] {scheduler_job.py:190} INFO - Processing /home/airflow/.local/lib/python3.8/site-packages/airflow/example_dags/example_trigger_target_dag.py took 0.130 seconds
[2021-12-21 00:01:33,795] {scheduler_job.py:182} INFO - Started process (PID=9989) to work on /home/airflow/.local/lib/python3.8/site-packages/airflow/example_dags/example_trigger_target_dag.py
[2021-12-21 00:01:33,802] {scheduler_job.py:633} INFO - Processing file /home/airflow/.local/lib/python3.8/site-packages/airflow/example_dags/example_trigger_target_dag.py for tasks to queue
[2021-12-21 00:01:33,808] {logging_mixin.py:104} INFO - [2021-12-21 00:01:33,808] {dagbag.py:496} INFO - Filling up the DagBag from /home/airflow/.local/lib/python3.8/site-packages/airflow/example_dags/example_trigger_target_dag.py
[2021-12-21 00:01:33,852] {scheduler_job.py:643} INFO - DAG(s) dict_keys(['example_trigger_target_dag']) retrieved from /home/airflow/.local/lib/python3.8/site-packages/airflow/example_dags/example_trigger_target_dag.py
[2021-12-21 00:01:33,915] {logging_mixin.py:104} INFO - [2021-12-21 00:01:33,915] {dag.py:1833} INFO - Sync 1 DAGs
[2021-12-21 00:01:33,935] {logging_mixin.py:104} INFO - [2021-12-21 00:01:33,934] {dag.py:2306} INFO - Setting next_dagrun for example_trigger_target_dag to None
[2021-12-21 00:01:33,953] {scheduler_job.py:190} INFO - Processing /home/airflow/.local/lib/python3.8/site-packages/airflow/example_dags/example_trigger_target_dag.py took 0.172 seconds
[2021-12-21 00:02:04,431] {scheduler_job.py:182} INFO - Started process (PID=10020) to work on /home/airflow/.local/lib/python3.8/site-packages/airflow/example_dags/example_trigger_target_dag.py
[2021-12-21 00:02:04,436] {scheduler_job.py:633} INFO - Processing file /home/airflow/.local/lib/python3.8/site-packages/airflow/example_dags/example_trigger_target_dag.py for tasks to queue
[2021-12-21 00:02:04,438] {logging_mixin.py:104} INFO - [2021-12-21 00:02:04,437] {dagbag.py:496} INFO - Filling up the DagBag from /home/airflow/.local/lib/python3.8/site-packages/airflow/example_dags/example_trigger_target_dag.py
[2021-12-21 00:02:04,466] {scheduler_job.py:643} INFO - DAG(s) dict_keys(['example_trigger_target_dag']) retrieved from /home/airflow/.local/lib/python3.8/site-packages/airflow/example_dags/example_trigger_target_dag.py
[2021-12-21 00:02:04,515] {logging_mixin.py:104} INFO - [2021-12-21 00:02:04,515] {dag.py:1833} INFO - Sync 1 DAGs
[2021-12-21 00:02:04,533] {logging_mixin.py:104} INFO - [2021-12-21 00:02:04,533] {dag.py:2306} INFO - Setting next_dagrun for example_trigger_target_dag to None
[2021-12-21 00:02:04,564] {scheduler_job.py:190} INFO - Processing /home/airflow/.local/lib/python3.8/site-packages/airflow/example_dags/example_trigger_target_dag.py took 0.142 seconds
[2021-12-21 00:02:34,872] {scheduler_job.py:182} INFO - Started process (PID=10051) to work on /home/airflow/.local/lib/python3.8/site-packages/airflow/example_dags/example_trigger_target_dag.py
[2021-12-21 00:02:34,887] {scheduler_job.py:633} INFO - Processing file /home/airflow/.local/lib/python3.8/site-packages/airflow/example_dags/example_trigger_target_dag.py for tasks to queue
[2021-12-21 00:02:34,896] {logging_mixin.py:104} INFO - [2021-12-21 00:02:34,896] {dagbag.py:496} INFO - Filling up the DagBag from /home/airflow/.local/lib/python3.8/site-packages/airflow/example_dags/example_trigger_target_dag.py
[2021-12-21 00:02:34,953] {scheduler_job.py:643} INFO - DAG(s) dict_keys(['example_trigger_target_dag']) retrieved from /home/airflow/.local/lib/python3.8/site-packages/airflow/example_dags/example_trigger_target_dag.py
[2021-12-21 00:02:35,034] {logging_mixin.py:104} INFO - [2021-12-21 00:02:35,034] {dag.py:1833} INFO - Sync 1 DAGs
[2021-12-21 00:02:35,067] {logging_mixin.py:104} INFO - [2021-12-21 00:02:35,067] {dag.py:2306} INFO - Setting next_dagrun for example_trigger_target_dag to None
[2021-12-21 00:02:35,091] {scheduler_job.py:190} INFO - Processing /home/airflow/.local/lib/python3.8/site-packages/airflow/example_dags/example_trigger_target_dag.py took 0.228 seconds
[2021-12-21 00:03:05,145] {scheduler_job.py:182} INFO - Started process (PID=10082) to work on /home/airflow/.local/lib/python3.8/site-packages/airflow/example_dags/example_trigger_target_dag.py
[2021-12-21 00:03:05,150] {scheduler_job.py:633} INFO - Processing file /home/airflow/.local/lib/python3.8/site-packages/airflow/example_dags/example_trigger_target_dag.py for tasks to queue
[2021-12-21 00:03:05,154] {logging_mixin.py:104} INFO - [2021-12-21 00:03:05,154] {dagbag.py:496} INFO - Filling up the DagBag from /home/airflow/.local/lib/python3.8/site-packages/airflow/example_dags/example_trigger_target_dag.py
[2021-12-21 00:03:05,180] {scheduler_job.py:643} INFO - DAG(s) dict_keys(['example_trigger_target_dag']) retrieved from /home/airflow/.local/lib/python3.8/site-packages/airflow/example_dags/example_trigger_target_dag.py
[2021-12-21 00:03:05,240] {logging_mixin.py:104} INFO - [2021-12-21 00:03:05,240] {dag.py:1833} INFO - Sync 1 DAGs
[2021-12-21 00:03:05,264] {logging_mixin.py:104} INFO - [2021-12-21 00:03:05,264] {dag.py:2306} INFO - Setting next_dagrun for example_trigger_target_dag to None
[2021-12-21 00:03:05,289] {scheduler_job.py:190} INFO - Processing /home/airflow/.local/lib/python3.8/site-packages/airflow/example_dags/example_trigger_target_dag.py took 0.156 seconds
[2021-12-21 00:03:35,762] {scheduler_job.py:182} INFO - Started process (PID=10113) to work on /home/airflow/.local/lib/python3.8/site-packages/airflow/example_dags/example_trigger_target_dag.py
[2021-12-21 00:03:35,770] {scheduler_job.py:633} INFO - Processing file /home/airflow/.local/lib/python3.8/site-packages/airflow/example_dags/example_trigger_target_dag.py for tasks to queue
[2021-12-21 00:03:35,776] {logging_mixin.py:104} INFO - [2021-12-21 00:03:35,775] {dagbag.py:496} INFO - Filling up the DagBag from /home/airflow/.local/lib/python3.8/site-packages/airflow/example_dags/example_trigger_target_dag.py
[2021-12-21 00:03:35,808] {scheduler_job.py:643} INFO - DAG(s) dict_keys(['example_trigger_target_dag']) retrieved from /home/airflow/.local/lib/python3.8/site-packages/airflow/example_dags/example_trigger_target_dag.py
[2021-12-21 00:03:35,868] {logging_mixin.py:104} INFO - [2021-12-21 00:03:35,868] {dag.py:1833} INFO - Sync 1 DAGs
[2021-12-21 00:03:35,898] {logging_mixin.py:104} INFO - [2021-12-21 00:03:35,898] {dag.py:2306} INFO - Setting next_dagrun for example_trigger_target_dag to None
[2021-12-21 00:03:35,922] {scheduler_job.py:190} INFO - Processing /home/airflow/.local/lib/python3.8/site-packages/airflow/example_dags/example_trigger_target_dag.py took 0.175 seconds
[2021-12-21 00:04:06,209] {scheduler_job.py:182} INFO - Started process (PID=10144) to work on /home/airflow/.local/lib/python3.8/site-packages/airflow/example_dags/example_trigger_target_dag.py
[2021-12-21 00:04:06,213] {scheduler_job.py:633} INFO - Processing file /home/airflow/.local/lib/python3.8/site-packages/airflow/example_dags/example_trigger_target_dag.py for tasks to queue
[2021-12-21 00:04:06,215] {logging_mixin.py:104} INFO - [2021-12-21 00:04:06,215] {dagbag.py:496} INFO - Filling up the DagBag from /home/airflow/.local/lib/python3.8/site-packages/airflow/example_dags/example_trigger_target_dag.py
[2021-12-21 00:04:06,239] {scheduler_job.py:643} INFO - DAG(s) dict_keys(['example_trigger_target_dag']) retrieved from /home/airflow/.local/lib/python3.8/site-packages/airflow/example_dags/example_trigger_target_dag.py
[2021-12-21 00:04:06,296] {logging_mixin.py:104} INFO - [2021-12-21 00:04:06,296] {dag.py:1833} INFO - Sync 1 DAGs
[2021-12-21 00:04:06,313] {logging_mixin.py:104} INFO - [2021-12-21 00:04:06,313] {dag.py:2306} INFO - Setting next_dagrun for example_trigger_target_dag to None
[2021-12-21 00:04:06,331] {scheduler_job.py:190} INFO - Processing /home/airflow/.local/lib/python3.8/site-packages/airflow/example_dags/example_trigger_target_dag.py took 0.128 seconds
[2021-12-21 00:04:36,857] {scheduler_job.py:182} INFO - Started process (PID=10174) to work on /home/airflow/.local/lib/python3.8/site-packages/airflow/example_dags/example_trigger_target_dag.py
[2021-12-21 00:04:36,866] {scheduler_job.py:633} INFO - Processing file /home/airflow/.local/lib/python3.8/site-packages/airflow/example_dags/example_trigger_target_dag.py for tasks to queue
[2021-12-21 00:04:36,872] {logging_mixin.py:104} INFO - [2021-12-21 00:04:36,871] {dagbag.py:496} INFO - Filling up the DagBag from /home/airflow/.local/lib/python3.8/site-packages/airflow/example_dags/example_trigger_target_dag.py
[2021-12-21 00:04:36,903] {scheduler_job.py:643} INFO - DAG(s) dict_keys(['example_trigger_target_dag']) retrieved from /home/airflow/.local/lib/python3.8/site-packages/airflow/example_dags/example_trigger_target_dag.py
[2021-12-21 00:04:36,969] {logging_mixin.py:104} INFO - [2021-12-21 00:04:36,969] {dag.py:1833} INFO - Sync 1 DAGs
[2021-12-21 00:04:36,990] {logging_mixin.py:104} INFO - [2021-12-21 00:04:36,990] {dag.py:2306} INFO - Setting next_dagrun for example_trigger_target_dag to None
[2021-12-21 00:04:37,011] {scheduler_job.py:190} INFO - Processing /home/airflow/.local/lib/python3.8/site-packages/airflow/example_dags/example_trigger_target_dag.py took 0.170 seconds
[2021-12-21 00:05:07,086] {scheduler_job.py:182} INFO - Started process (PID=10205) to work on /home/airflow/.local/lib/python3.8/site-packages/airflow/example_dags/example_trigger_target_dag.py
[2021-12-21 00:05:07,092] {scheduler_job.py:633} INFO - Processing file /home/airflow/.local/lib/python3.8/site-packages/airflow/example_dags/example_trigger_target_dag.py for tasks to queue
[2021-12-21 00:05:07,095] {logging_mixin.py:104} INFO - [2021-12-21 00:05:07,095] {dagbag.py:496} INFO - Filling up the DagBag from /home/airflow/.local/lib/python3.8/site-packages/airflow/example_dags/example_trigger_target_dag.py
[2021-12-21 00:05:07,120] {scheduler_job.py:643} INFO - DAG(s) dict_keys(['example_trigger_target_dag']) retrieved from /home/airflow/.local/lib/python3.8/site-packages/airflow/example_dags/example_trigger_target_dag.py
[2021-12-21 00:05:07,166] {logging_mixin.py:104} INFO - [2021-12-21 00:05:07,165] {dag.py:1833} INFO - Sync 1 DAGs
[2021-12-21 00:05:07,187] {logging_mixin.py:104} INFO - [2021-12-21 00:05:07,186] {dag.py:2306} INFO - Setting next_dagrun for example_trigger_target_dag to None
[2021-12-21 00:05:07,206] {scheduler_job.py:190} INFO - Processing /home/airflow/.local/lib/python3.8/site-packages/airflow/example_dags/example_trigger_target_dag.py took 0.128 seconds
[2021-12-21 00:05:37,832] {scheduler_job.py:182} INFO - Started process (PID=10236) to work on /home/airflow/.local/lib/python3.8/site-packages/airflow/example_dags/example_trigger_target_dag.py
[2021-12-21 00:05:37,842] {scheduler_job.py:633} INFO - Processing file /home/airflow/.local/lib/python3.8/site-packages/airflow/example_dags/example_trigger_target_dag.py for tasks to queue
[2021-12-21 00:05:37,846] {logging_mixin.py:104} INFO - [2021-12-21 00:05:37,845] {dagbag.py:496} INFO - Filling up the DagBag from /home/airflow/.local/lib/python3.8/site-packages/airflow/example_dags/example_trigger_target_dag.py
[2021-12-21 00:05:37,876] {scheduler_job.py:643} INFO - DAG(s) dict_keys(['example_trigger_target_dag']) retrieved from /home/airflow/.local/lib/python3.8/site-packages/airflow/example_dags/example_trigger_target_dag.py
[2021-12-21 00:05:37,947] {logging_mixin.py:104} INFO - [2021-12-21 00:05:37,947] {dag.py:1833} INFO - Sync 1 DAGs
[2021-12-21 00:05:37,971] {logging_mixin.py:104} INFO - [2021-12-21 00:05:37,971] {dag.py:2306} INFO - Setting next_dagrun for example_trigger_target_dag to None
[2021-12-21 00:05:38,002] {scheduler_job.py:190} INFO - Processing /home/airflow/.local/lib/python3.8/site-packages/airflow/example_dags/example_trigger_target_dag.py took 0.181 seconds
[2021-12-21 00:06:08,199] {scheduler_job.py:182} INFO - Started process (PID=10267) to work on /home/airflow/.local/lib/python3.8/site-packages/airflow/example_dags/example_trigger_target_dag.py
[2021-12-21 00:06:08,204] {scheduler_job.py:633} INFO - Processing file /home/airflow/.local/lib/python3.8/site-packages/airflow/example_dags/example_trigger_target_dag.py for tasks to queue
[2021-12-21 00:06:08,207] {logging_mixin.py:104} INFO - [2021-12-21 00:06:08,207] {dagbag.py:496} INFO - Filling up the DagBag from /home/airflow/.local/lib/python3.8/site-packages/airflow/example_dags/example_trigger_target_dag.py
[2021-12-21 00:06:08,234] {scheduler_job.py:643} INFO - DAG(s) dict_keys(['example_trigger_target_dag']) retrieved from /home/airflow/.local/lib/python3.8/site-packages/airflow/example_dags/example_trigger_target_dag.py
[2021-12-21 00:06:08,282] {logging_mixin.py:104} INFO - [2021-12-21 00:06:08,282] {dag.py:1833} INFO - Sync 1 DAGs
[2021-12-21 00:06:08,300] {logging_mixin.py:104} INFO - [2021-12-21 00:06:08,300] {dag.py:2306} INFO - Setting next_dagrun for example_trigger_target_dag to None
[2021-12-21 00:06:08,320] {scheduler_job.py:190} INFO - Processing /home/airflow/.local/lib/python3.8/site-packages/airflow/example_dags/example_trigger_target_dag.py took 0.126 seconds
[2021-12-21 00:06:38,398] {scheduler_job.py:182} INFO - Started process (PID=10298) to work on /home/airflow/.local/lib/python3.8/site-packages/airflow/example_dags/example_trigger_target_dag.py
[2021-12-21 00:06:38,404] {scheduler_job.py:633} INFO - Processing file /home/airflow/.local/lib/python3.8/site-packages/airflow/example_dags/example_trigger_target_dag.py for tasks to queue
[2021-12-21 00:06:38,410] {logging_mixin.py:104} INFO - [2021-12-21 00:06:38,408] {dagbag.py:496} INFO - Filling up the DagBag from /home/airflow/.local/lib/python3.8/site-packages/airflow/example_dags/example_trigger_target_dag.py
[2021-12-21 00:06:38,439] {scheduler_job.py:643} INFO - DAG(s) dict_keys(['example_trigger_target_dag']) retrieved from /home/airflow/.local/lib/python3.8/site-packages/airflow/example_dags/example_trigger_target_dag.py
[2021-12-21 00:06:38,501] {logging_mixin.py:104} INFO - [2021-12-21 00:06:38,500] {dag.py:1833} INFO - Sync 1 DAGs
[2021-12-21 00:06:38,522] {logging_mixin.py:104} INFO - [2021-12-21 00:06:38,522] {dag.py:2306} INFO - Setting next_dagrun for example_trigger_target_dag to None
[2021-12-21 00:06:38,544] {scheduler_job.py:190} INFO - Processing /home/airflow/.local/lib/python3.8/site-packages/airflow/example_dags/example_trigger_target_dag.py took 0.157 seconds
[2021-12-21 00:07:09,081] {scheduler_job.py:182} INFO - Started process (PID=10329) to work on /home/airflow/.local/lib/python3.8/site-packages/airflow/example_dags/example_trigger_target_dag.py
[2021-12-21 00:07:09,084] {scheduler_job.py:633} INFO - Processing file /home/airflow/.local/lib/python3.8/site-packages/airflow/example_dags/example_trigger_target_dag.py for tasks to queue
[2021-12-21 00:07:09,088] {logging_mixin.py:104} INFO - [2021-12-21 00:07:09,087] {dagbag.py:496} INFO - Filling up the DagBag from /home/airflow/.local/lib/python3.8/site-packages/airflow/example_dags/example_trigger_target_dag.py
[2021-12-21 00:07:09,127] {scheduler_job.py:643} INFO - DAG(s) dict_keys(['example_trigger_target_dag']) retrieved from /home/airflow/.local/lib/python3.8/site-packages/airflow/example_dags/example_trigger_target_dag.py
[2021-12-21 00:07:09,189] {logging_mixin.py:104} INFO - [2021-12-21 00:07:09,189] {dag.py:1833} INFO - Sync 1 DAGs
[2021-12-21 00:07:09,213] {logging_mixin.py:104} INFO - [2021-12-21 00:07:09,213] {dag.py:2306} INFO - Setting next_dagrun for example_trigger_target_dag to None
[2021-12-21 00:07:09,241] {scheduler_job.py:190} INFO - Processing /home/airflow/.local/lib/python3.8/site-packages/airflow/example_dags/example_trigger_target_dag.py took 0.166 seconds
[2021-12-21 00:07:39,352] {scheduler_job.py:182} INFO - Started process (PID=10360) to work on /home/airflow/.local/lib/python3.8/site-packages/airflow/example_dags/example_trigger_target_dag.py
[2021-12-21 00:07:39,359] {scheduler_job.py:633} INFO - Processing file /home/airflow/.local/lib/python3.8/site-packages/airflow/example_dags/example_trigger_target_dag.py for tasks to queue
[2021-12-21 00:07:39,363] {logging_mixin.py:104} INFO - [2021-12-21 00:07:39,363] {dagbag.py:496} INFO - Filling up the DagBag from /home/airflow/.local/lib/python3.8/site-packages/airflow/example_dags/example_trigger_target_dag.py
[2021-12-21 00:07:39,400] {scheduler_job.py:643} INFO - DAG(s) dict_keys(['example_trigger_target_dag']) retrieved from /home/airflow/.local/lib/python3.8/site-packages/airflow/example_dags/example_trigger_target_dag.py
[2021-12-21 00:07:39,460] {logging_mixin.py:104} INFO - [2021-12-21 00:07:39,460] {dag.py:1833} INFO - Sync 1 DAGs
[2021-12-21 00:07:39,482] {logging_mixin.py:104} INFO - [2021-12-21 00:07:39,482] {dag.py:2306} INFO - Setting next_dagrun for example_trigger_target_dag to None
[2021-12-21 00:07:39,516] {scheduler_job.py:190} INFO - Processing /home/airflow/.local/lib/python3.8/site-packages/airflow/example_dags/example_trigger_target_dag.py took 0.168 seconds
[2021-12-21 00:08:09,726] {scheduler_job.py:182} INFO - Started process (PID=10391) to work on /home/airflow/.local/lib/python3.8/site-packages/airflow/example_dags/example_trigger_target_dag.py
[2021-12-21 00:08:09,738] {scheduler_job.py:633} INFO - Processing file /home/airflow/.local/lib/python3.8/site-packages/airflow/example_dags/example_trigger_target_dag.py for tasks to queue
[2021-12-21 00:08:09,748] {logging_mixin.py:104} INFO - [2021-12-21 00:08:09,748] {dagbag.py:496} INFO - Filling up the DagBag from /home/airflow/.local/lib/python3.8/site-packages/airflow/example_dags/example_trigger_target_dag.py
[2021-12-21 00:08:09,812] {scheduler_job.py:643} INFO - DAG(s) dict_keys(['example_trigger_target_dag']) retrieved from /home/airflow/.local/lib/python3.8/site-packages/airflow/example_dags/example_trigger_target_dag.py
[2021-12-21 00:08:09,906] {logging_mixin.py:104} INFO - [2021-12-21 00:08:09,906] {dag.py:1833} INFO - Sync 1 DAGs
[2021-12-21 00:08:09,939] {logging_mixin.py:104} INFO - [2021-12-21 00:08:09,939] {dag.py:2306} INFO - Setting next_dagrun for example_trigger_target_dag to None
[2021-12-21 00:08:09,986] {scheduler_job.py:190} INFO - Processing /home/airflow/.local/lib/python3.8/site-packages/airflow/example_dags/example_trigger_target_dag.py took 0.273 seconds
[2021-12-21 00:08:40,620] {scheduler_job.py:182} INFO - Started process (PID=10422) to work on /home/airflow/.local/lib/python3.8/site-packages/airflow/example_dags/example_trigger_target_dag.py
[2021-12-21 00:08:40,639] {scheduler_job.py:633} INFO - Processing file /home/airflow/.local/lib/python3.8/site-packages/airflow/example_dags/example_trigger_target_dag.py for tasks to queue
[2021-12-21 00:08:40,647] {logging_mixin.py:104} INFO - [2021-12-21 00:08:40,647] {dagbag.py:496} INFO - Filling up the DagBag from /home/airflow/.local/lib/python3.8/site-packages/airflow/example_dags/example_trigger_target_dag.py
[2021-12-21 00:08:40,717] {scheduler_job.py:643} INFO - DAG(s) dict_keys(['example_trigger_target_dag']) retrieved from /home/airflow/.local/lib/python3.8/site-packages/airflow/example_dags/example_trigger_target_dag.py
[2021-12-21 00:08:40,868] {logging_mixin.py:104} INFO - [2021-12-21 00:08:40,868] {dag.py:1833} INFO - Sync 1 DAGs
[2021-12-21 00:08:40,912] {logging_mixin.py:104} INFO - [2021-12-21 00:08:40,911] {dag.py:2306} INFO - Setting next_dagrun for example_trigger_target_dag to None
[2021-12-21 00:08:40,969] {scheduler_job.py:190} INFO - Processing /home/airflow/.local/lib/python3.8/site-packages/airflow/example_dags/example_trigger_target_dag.py took 0.359 seconds
[2021-12-21 00:09:11,010] {scheduler_job.py:182} INFO - Started process (PID=10454) to work on /home/airflow/.local/lib/python3.8/site-packages/airflow/example_dags/example_trigger_target_dag.py
[2021-12-21 00:09:11,014] {scheduler_job.py:633} INFO - Processing file /home/airflow/.local/lib/python3.8/site-packages/airflow/example_dags/example_trigger_target_dag.py for tasks to queue
[2021-12-21 00:09:11,016] {logging_mixin.py:104} INFO - [2021-12-21 00:09:11,016] {dagbag.py:496} INFO - Filling up the DagBag from /home/airflow/.local/lib/python3.8/site-packages/airflow/example_dags/example_trigger_target_dag.py
[2021-12-21 00:09:11,059] {scheduler_job.py:643} INFO - DAG(s) dict_keys(['example_trigger_target_dag']) retrieved from /home/airflow/.local/lib/python3.8/site-packages/airflow/example_dags/example_trigger_target_dag.py
[2021-12-21 00:09:11,135] {logging_mixin.py:104} INFO - [2021-12-21 00:09:11,135] {dag.py:1833} INFO - Sync 1 DAGs
[2021-12-21 00:09:11,162] {logging_mixin.py:104} INFO - [2021-12-21 00:09:11,162] {dag.py:2306} INFO - Setting next_dagrun for example_trigger_target_dag to None
[2021-12-21 00:09:11,185] {scheduler_job.py:190} INFO - Processing /home/airflow/.local/lib/python3.8/site-packages/airflow/example_dags/example_trigger_target_dag.py took 0.181 seconds
[2021-12-21 00:09:41,273] {scheduler_job.py:182} INFO - Started process (PID=10485) to work on /home/airflow/.local/lib/python3.8/site-packages/airflow/example_dags/example_trigger_target_dag.py
[2021-12-21 00:09:41,276] {scheduler_job.py:633} INFO - Processing file /home/airflow/.local/lib/python3.8/site-packages/airflow/example_dags/example_trigger_target_dag.py for tasks to queue
[2021-12-21 00:09:41,279] {logging_mixin.py:104} INFO - [2021-12-21 00:09:41,279] {dagbag.py:496} INFO - Filling up the DagBag from /home/airflow/.local/lib/python3.8/site-packages/airflow/example_dags/example_trigger_target_dag.py
[2021-12-21 00:09:41,301] {scheduler_job.py:643} INFO - DAG(s) dict_keys(['example_trigger_target_dag']) retrieved from /home/airflow/.local/lib/python3.8/site-packages/airflow/example_dags/example_trigger_target_dag.py
[2021-12-21 00:09:41,345] {logging_mixin.py:104} INFO - [2021-12-21 00:09:41,345] {dag.py:1833} INFO - Sync 1 DAGs
[2021-12-21 00:09:41,372] {logging_mixin.py:104} INFO - [2021-12-21 00:09:41,372] {dag.py:2306} INFO - Setting next_dagrun for example_trigger_target_dag to None
[2021-12-21 00:09:41,397] {scheduler_job.py:190} INFO - Processing /home/airflow/.local/lib/python3.8/site-packages/airflow/example_dags/example_trigger_target_dag.py took 0.131 seconds
[2021-12-21 00:10:11,902] {scheduler_job.py:182} INFO - Started process (PID=10514) to work on /home/airflow/.local/lib/python3.8/site-packages/airflow/example_dags/example_trigger_target_dag.py
[2021-12-21 00:10:11,909] {scheduler_job.py:633} INFO - Processing file /home/airflow/.local/lib/python3.8/site-packages/airflow/example_dags/example_trigger_target_dag.py for tasks to queue
[2021-12-21 00:10:11,911] {logging_mixin.py:104} INFO - [2021-12-21 00:10:11,911] {dagbag.py:496} INFO - Filling up the DagBag from /home/airflow/.local/lib/python3.8/site-packages/airflow/example_dags/example_trigger_target_dag.py
[2021-12-21 00:10:11,949] {scheduler_job.py:643} INFO - DAG(s) dict_keys(['example_trigger_target_dag']) retrieved from /home/airflow/.local/lib/python3.8/site-packages/airflow/example_dags/example_trigger_target_dag.py
[2021-12-21 00:10:12,031] {logging_mixin.py:104} INFO - [2021-12-21 00:10:12,030] {dag.py:1833} INFO - Sync 1 DAGs
[2021-12-21 00:10:12,079] {logging_mixin.py:104} INFO - [2021-12-21 00:10:12,079] {dag.py:2306} INFO - Setting next_dagrun for example_trigger_target_dag to None
[2021-12-21 00:10:12,157] {scheduler_job.py:190} INFO - Processing /home/airflow/.local/lib/python3.8/site-packages/airflow/example_dags/example_trigger_target_dag.py took 0.260 seconds
[2021-12-21 00:10:42,675] {scheduler_job.py:182} INFO - Started process (PID=10544) to work on /home/airflow/.local/lib/python3.8/site-packages/airflow/example_dags/example_trigger_target_dag.py
[2021-12-21 00:10:42,681] {scheduler_job.py:633} INFO - Processing file /home/airflow/.local/lib/python3.8/site-packages/airflow/example_dags/example_trigger_target_dag.py for tasks to queue
[2021-12-21 00:10:42,699] {logging_mixin.py:104} INFO - [2021-12-21 00:10:42,699] {dagbag.py:496} INFO - Filling up the DagBag from /home/airflow/.local/lib/python3.8/site-packages/airflow/example_dags/example_trigger_target_dag.py
[2021-12-21 00:10:42,735] {scheduler_job.py:643} INFO - DAG(s) dict_keys(['example_trigger_target_dag']) retrieved from /home/airflow/.local/lib/python3.8/site-packages/airflow/example_dags/example_trigger_target_dag.py
[2021-12-21 00:10:42,862] {logging_mixin.py:104} INFO - [2021-12-21 00:10:42,861] {dag.py:1833} INFO - Sync 1 DAGs
[2021-12-21 00:10:42,894] {logging_mixin.py:104} INFO - [2021-12-21 00:10:42,894] {dag.py:2306} INFO - Setting next_dagrun for example_trigger_target_dag to None
[2021-12-21 00:10:42,928] {scheduler_job.py:190} INFO - Processing /home/airflow/.local/lib/python3.8/site-packages/airflow/example_dags/example_trigger_target_dag.py took 0.260 seconds
[2021-12-21 00:11:13,506] {scheduler_job.py:182} INFO - Started process (PID=10575) to work on /home/airflow/.local/lib/python3.8/site-packages/airflow/example_dags/example_trigger_target_dag.py
[2021-12-21 00:11:13,514] {scheduler_job.py:633} INFO - Processing file /home/airflow/.local/lib/python3.8/site-packages/airflow/example_dags/example_trigger_target_dag.py for tasks to queue
[2021-12-21 00:11:13,518] {logging_mixin.py:104} INFO - [2021-12-21 00:11:13,517] {dagbag.py:496} INFO - Filling up the DagBag from /home/airflow/.local/lib/python3.8/site-packages/airflow/example_dags/example_trigger_target_dag.py
[2021-12-21 00:11:13,559] {scheduler_job.py:643} INFO - DAG(s) dict_keys(['example_trigger_target_dag']) retrieved from /home/airflow/.local/lib/python3.8/site-packages/airflow/example_dags/example_trigger_target_dag.py
[2021-12-21 00:11:13,616] {logging_mixin.py:104} INFO - [2021-12-21 00:11:13,616] {dag.py:1833} INFO - Sync 1 DAGs
[2021-12-21 00:11:13,644] {logging_mixin.py:104} INFO - [2021-12-21 00:11:13,644] {dag.py:2306} INFO - Setting next_dagrun for example_trigger_target_dag to None
[2021-12-21 00:11:13,684] {scheduler_job.py:190} INFO - Processing /home/airflow/.local/lib/python3.8/site-packages/airflow/example_dags/example_trigger_target_dag.py took 0.195 seconds
[2021-12-21 00:11:43,893] {scheduler_job.py:182} INFO - Started process (PID=10606) to work on /home/airflow/.local/lib/python3.8/site-packages/airflow/example_dags/example_trigger_target_dag.py
[2021-12-21 00:11:43,903] {scheduler_job.py:633} INFO - Processing file /home/airflow/.local/lib/python3.8/site-packages/airflow/example_dags/example_trigger_target_dag.py for tasks to queue
[2021-12-21 00:11:43,907] {logging_mixin.py:104} INFO - [2021-12-21 00:11:43,907] {dagbag.py:496} INFO - Filling up the DagBag from /home/airflow/.local/lib/python3.8/site-packages/airflow/example_dags/example_trigger_target_dag.py
[2021-12-21 00:11:43,967] {scheduler_job.py:643} INFO - DAG(s) dict_keys(['example_trigger_target_dag']) retrieved from /home/airflow/.local/lib/python3.8/site-packages/airflow/example_dags/example_trigger_target_dag.py
[2021-12-21 00:11:44,091] {logging_mixin.py:104} INFO - [2021-12-21 00:11:44,091] {dag.py:1833} INFO - Sync 1 DAGs
[2021-12-21 00:11:44,119] {logging_mixin.py:104} INFO - [2021-12-21 00:11:44,119] {dag.py:2306} INFO - Setting next_dagrun for example_trigger_target_dag to None
[2021-12-21 00:11:44,157] {scheduler_job.py:190} INFO - Processing /home/airflow/.local/lib/python3.8/site-packages/airflow/example_dags/example_trigger_target_dag.py took 0.270 seconds
[2021-12-21 00:12:14,696] {scheduler_job.py:182} INFO - Started process (PID=10636) to work on /home/airflow/.local/lib/python3.8/site-packages/airflow/example_dags/example_trigger_target_dag.py
[2021-12-21 00:12:14,700] {scheduler_job.py:633} INFO - Processing file /home/airflow/.local/lib/python3.8/site-packages/airflow/example_dags/example_trigger_target_dag.py for tasks to queue
[2021-12-21 00:12:14,702] {logging_mixin.py:104} INFO - [2021-12-21 00:12:14,702] {dagbag.py:496} INFO - Filling up the DagBag from /home/airflow/.local/lib/python3.8/site-packages/airflow/example_dags/example_trigger_target_dag.py
[2021-12-21 00:12:14,747] {scheduler_job.py:643} INFO - DAG(s) dict_keys(['example_trigger_target_dag']) retrieved from /home/airflow/.local/lib/python3.8/site-packages/airflow/example_dags/example_trigger_target_dag.py
[2021-12-21 00:12:14,817] {logging_mixin.py:104} INFO - [2021-12-21 00:12:14,817] {dag.py:1833} INFO - Sync 1 DAGs
[2021-12-21 00:12:14,851] {logging_mixin.py:104} INFO - [2021-12-21 00:12:14,850] {dag.py:2306} INFO - Setting next_dagrun for example_trigger_target_dag to None
[2021-12-21 00:12:14,888] {scheduler_job.py:190} INFO - Processing /home/airflow/.local/lib/python3.8/site-packages/airflow/example_dags/example_trigger_target_dag.py took 0.196 seconds
[2021-12-21 00:12:45,205] {scheduler_job.py:182} INFO - Started process (PID=10667) to work on /home/airflow/.local/lib/python3.8/site-packages/airflow/example_dags/example_trigger_target_dag.py
[2021-12-21 00:12:45,210] {scheduler_job.py:633} INFO - Processing file /home/airflow/.local/lib/python3.8/site-packages/airflow/example_dags/example_trigger_target_dag.py for tasks to queue
[2021-12-21 00:12:45,215] {logging_mixin.py:104} INFO - [2021-12-21 00:12:45,215] {dagbag.py:496} INFO - Filling up the DagBag from /home/airflow/.local/lib/python3.8/site-packages/airflow/example_dags/example_trigger_target_dag.py
[2021-12-21 00:12:45,240] {scheduler_job.py:643} INFO - DAG(s) dict_keys(['example_trigger_target_dag']) retrieved from /home/airflow/.local/lib/python3.8/site-packages/airflow/example_dags/example_trigger_target_dag.py
[2021-12-21 00:12:45,306] {logging_mixin.py:104} INFO - [2021-12-21 00:12:45,306] {dag.py:1833} INFO - Sync 1 DAGs
[2021-12-21 00:12:45,344] {logging_mixin.py:104} INFO - [2021-12-21 00:12:45,344] {dag.py:2306} INFO - Setting next_dagrun for example_trigger_target_dag to None
[2021-12-21 00:12:45,371] {scheduler_job.py:190} INFO - Processing /home/airflow/.local/lib/python3.8/site-packages/airflow/example_dags/example_trigger_target_dag.py took 0.176 seconds
[2021-12-21 00:13:15,708] {scheduler_job.py:182} INFO - Started process (PID=10698) to work on /home/airflow/.local/lib/python3.8/site-packages/airflow/example_dags/example_trigger_target_dag.py
[2021-12-21 00:13:15,712] {scheduler_job.py:633} INFO - Processing file /home/airflow/.local/lib/python3.8/site-packages/airflow/example_dags/example_trigger_target_dag.py for tasks to queue
[2021-12-21 00:13:15,716] {logging_mixin.py:104} INFO - [2021-12-21 00:13:15,716] {dagbag.py:496} INFO - Filling up the DagBag from /home/airflow/.local/lib/python3.8/site-packages/airflow/example_dags/example_trigger_target_dag.py
[2021-12-21 00:13:15,768] {scheduler_job.py:643} INFO - DAG(s) dict_keys(['example_trigger_target_dag']) retrieved from /home/airflow/.local/lib/python3.8/site-packages/airflow/example_dags/example_trigger_target_dag.py
[2021-12-21 00:13:15,830] {logging_mixin.py:104} INFO - [2021-12-21 00:13:15,830] {dag.py:1833} INFO - Sync 1 DAGs
[2021-12-21 00:13:15,850] {logging_mixin.py:104} INFO - [2021-12-21 00:13:15,850] {dag.py:2306} INFO - Setting next_dagrun for example_trigger_target_dag to None
[2021-12-21 00:13:15,874] {scheduler_job.py:190} INFO - Processing /home/airflow/.local/lib/python3.8/site-packages/airflow/example_dags/example_trigger_target_dag.py took 0.170 seconds
[2021-12-21 00:13:46,131] {scheduler_job.py:182} INFO - Started process (PID=10729) to work on /home/airflow/.local/lib/python3.8/site-packages/airflow/example_dags/example_trigger_target_dag.py
[2021-12-21 00:13:46,137] {scheduler_job.py:633} INFO - Processing file /home/airflow/.local/lib/python3.8/site-packages/airflow/example_dags/example_trigger_target_dag.py for tasks to queue
[2021-12-21 00:13:46,141] {logging_mixin.py:104} INFO - [2021-12-21 00:13:46,141] {dagbag.py:496} INFO - Filling up the DagBag from /home/airflow/.local/lib/python3.8/site-packages/airflow/example_dags/example_trigger_target_dag.py
[2021-12-21 00:13:46,163] {scheduler_job.py:643} INFO - DAG(s) dict_keys(['example_trigger_target_dag']) retrieved from /home/airflow/.local/lib/python3.8/site-packages/airflow/example_dags/example_trigger_target_dag.py
[2021-12-21 00:13:46,246] {logging_mixin.py:104} INFO - [2021-12-21 00:13:46,245] {dag.py:1833} INFO - Sync 1 DAGs
[2021-12-21 00:13:46,270] {logging_mixin.py:104} INFO - [2021-12-21 00:13:46,270] {dag.py:2306} INFO - Setting next_dagrun for example_trigger_target_dag to None
[2021-12-21 00:13:46,307] {scheduler_job.py:190} INFO - Processing /home/airflow/.local/lib/python3.8/site-packages/airflow/example_dags/example_trigger_target_dag.py took 0.192 seconds
[2021-12-21 00:14:16,602] {scheduler_job.py:182} INFO - Started process (PID=10760) to work on /home/airflow/.local/lib/python3.8/site-packages/airflow/example_dags/example_trigger_target_dag.py
[2021-12-21 00:14:16,618] {scheduler_job.py:633} INFO - Processing file /home/airflow/.local/lib/python3.8/site-packages/airflow/example_dags/example_trigger_target_dag.py for tasks to queue
[2021-12-21 00:14:16,637] {logging_mixin.py:104} INFO - [2021-12-21 00:14:16,637] {dagbag.py:496} INFO - Filling up the DagBag from /home/airflow/.local/lib/python3.8/site-packages/airflow/example_dags/example_trigger_target_dag.py
[2021-12-21 00:14:16,690] {scheduler_job.py:643} INFO - DAG(s) dict_keys(['example_trigger_target_dag']) retrieved from /home/airflow/.local/lib/python3.8/site-packages/airflow/example_dags/example_trigger_target_dag.py
[2021-12-21 00:14:16,766] {logging_mixin.py:104} INFO - [2021-12-21 00:14:16,766] {dag.py:1833} INFO - Sync 1 DAGs
[2021-12-21 00:14:16,791] {logging_mixin.py:104} INFO - [2021-12-21 00:14:16,791] {dag.py:2306} INFO - Setting next_dagrun for example_trigger_target_dag to None
[2021-12-21 00:14:16,814] {scheduler_job.py:190} INFO - Processing /home/airflow/.local/lib/python3.8/site-packages/airflow/example_dags/example_trigger_target_dag.py took 0.247 seconds
[2021-12-21 00:14:47,031] {scheduler_job.py:182} INFO - Started process (PID=10791) to work on /home/airflow/.local/lib/python3.8/site-packages/airflow/example_dags/example_trigger_target_dag.py
[2021-12-21 00:14:47,035] {scheduler_job.py:633} INFO - Processing file /home/airflow/.local/lib/python3.8/site-packages/airflow/example_dags/example_trigger_target_dag.py for tasks to queue
[2021-12-21 00:14:47,038] {logging_mixin.py:104} INFO - [2021-12-21 00:14:47,038] {dagbag.py:496} INFO - Filling up the DagBag from /home/airflow/.local/lib/python3.8/site-packages/airflow/example_dags/example_trigger_target_dag.py
[2021-12-21 00:14:47,101] {scheduler_job.py:643} INFO - DAG(s) dict_keys(['example_trigger_target_dag']) retrieved from /home/airflow/.local/lib/python3.8/site-packages/airflow/example_dags/example_trigger_target_dag.py
[2021-12-21 00:14:47,168] {logging_mixin.py:104} INFO - [2021-12-21 00:14:47,168] {dag.py:1833} INFO - Sync 1 DAGs
[2021-12-21 00:14:47,243] {logging_mixin.py:104} INFO - [2021-12-21 00:14:47,242] {dag.py:2306} INFO - Setting next_dagrun for example_trigger_target_dag to None
[2021-12-21 00:14:47,279] {scheduler_job.py:190} INFO - Processing /home/airflow/.local/lib/python3.8/site-packages/airflow/example_dags/example_trigger_target_dag.py took 0.253 seconds
[2021-12-21 00:15:17,590] {scheduler_job.py:182} INFO - Started process (PID=10822) to work on /home/airflow/.local/lib/python3.8/site-packages/airflow/example_dags/example_trigger_target_dag.py
[2021-12-21 00:15:17,594] {scheduler_job.py:633} INFO - Processing file /home/airflow/.local/lib/python3.8/site-packages/airflow/example_dags/example_trigger_target_dag.py for tasks to queue
[2021-12-21 00:15:17,600] {logging_mixin.py:104} INFO - [2021-12-21 00:15:17,596] {dagbag.py:496} INFO - Filling up the DagBag from /home/airflow/.local/lib/python3.8/site-packages/airflow/example_dags/example_trigger_target_dag.py
[2021-12-21 00:15:17,633] {scheduler_job.py:643} INFO - DAG(s) dict_keys(['example_trigger_target_dag']) retrieved from /home/airflow/.local/lib/python3.8/site-packages/airflow/example_dags/example_trigger_target_dag.py
[2021-12-21 00:15:17,694] {logging_mixin.py:104} INFO - [2021-12-21 00:15:17,694] {dag.py:1833} INFO - Sync 1 DAGs
[2021-12-21 00:15:17,720] {logging_mixin.py:104} INFO - [2021-12-21 00:15:17,719] {dag.py:2306} INFO - Setting next_dagrun for example_trigger_target_dag to None
[2021-12-21 00:15:17,767] {scheduler_job.py:190} INFO - Processing /home/airflow/.local/lib/python3.8/site-packages/airflow/example_dags/example_trigger_target_dag.py took 0.182 seconds
[2021-12-21 00:15:48,149] {scheduler_job.py:182} INFO - Started process (PID=10853) to work on /home/airflow/.local/lib/python3.8/site-packages/airflow/example_dags/example_trigger_target_dag.py
[2021-12-21 00:15:48,154] {scheduler_job.py:633} INFO - Processing file /home/airflow/.local/lib/python3.8/site-packages/airflow/example_dags/example_trigger_target_dag.py for tasks to queue
[2021-12-21 00:15:48,159] {logging_mixin.py:104} INFO - [2021-12-21 00:15:48,158] {dagbag.py:496} INFO - Filling up the DagBag from /home/airflow/.local/lib/python3.8/site-packages/airflow/example_dags/example_trigger_target_dag.py
[2021-12-21 00:15:48,189] {scheduler_job.py:643} INFO - DAG(s) dict_keys(['example_trigger_target_dag']) retrieved from /home/airflow/.local/lib/python3.8/site-packages/airflow/example_dags/example_trigger_target_dag.py
[2021-12-21 00:15:48,286] {logging_mixin.py:104} INFO - [2021-12-21 00:15:48,285] {dag.py:1833} INFO - Sync 1 DAGs
[2021-12-21 00:15:48,326] {logging_mixin.py:104} INFO - [2021-12-21 00:15:48,326] {dag.py:2306} INFO - Setting next_dagrun for example_trigger_target_dag to None
[2021-12-21 00:15:48,396] {scheduler_job.py:190} INFO - Processing /home/airflow/.local/lib/python3.8/site-packages/airflow/example_dags/example_trigger_target_dag.py took 0.260 seconds
[2021-12-21 00:16:18,895] {scheduler_job.py:182} INFO - Started process (PID=10884) to work on /home/airflow/.local/lib/python3.8/site-packages/airflow/example_dags/example_trigger_target_dag.py
[2021-12-21 00:16:18,910] {scheduler_job.py:633} INFO - Processing file /home/airflow/.local/lib/python3.8/site-packages/airflow/example_dags/example_trigger_target_dag.py for tasks to queue
[2021-12-21 00:16:18,914] {logging_mixin.py:104} INFO - [2021-12-21 00:16:18,914] {dagbag.py:496} INFO - Filling up the DagBag from /home/airflow/.local/lib/python3.8/site-packages/airflow/example_dags/example_trigger_target_dag.py
[2021-12-21 00:16:18,977] {scheduler_job.py:643} INFO - DAG(s) dict_keys(['example_trigger_target_dag']) retrieved from /home/airflow/.local/lib/python3.8/site-packages/airflow/example_dags/example_trigger_target_dag.py
[2021-12-21 00:16:19,082] {logging_mixin.py:104} INFO - [2021-12-21 00:16:19,082] {dag.py:1833} INFO - Sync 1 DAGs
[2021-12-21 00:16:19,102] {logging_mixin.py:104} INFO - [2021-12-21 00:16:19,102] {dag.py:2306} INFO - Setting next_dagrun for example_trigger_target_dag to None
[2021-12-21 00:16:19,123] {scheduler_job.py:190} INFO - Processing /home/airflow/.local/lib/python3.8/site-packages/airflow/example_dags/example_trigger_target_dag.py took 0.238 seconds
[2021-12-21 00:16:49,703] {scheduler_job.py:182} INFO - Started process (PID=10915) to work on /home/airflow/.local/lib/python3.8/site-packages/airflow/example_dags/example_trigger_target_dag.py
[2021-12-21 00:16:49,719] {scheduler_job.py:633} INFO - Processing file /home/airflow/.local/lib/python3.8/site-packages/airflow/example_dags/example_trigger_target_dag.py for tasks to queue
[2021-12-21 00:16:49,725] {logging_mixin.py:104} INFO - [2021-12-21 00:16:49,725] {dagbag.py:496} INFO - Filling up the DagBag from /home/airflow/.local/lib/python3.8/site-packages/airflow/example_dags/example_trigger_target_dag.py
[2021-12-21 00:16:49,801] {scheduler_job.py:643} INFO - DAG(s) dict_keys(['example_trigger_target_dag']) retrieved from /home/airflow/.local/lib/python3.8/site-packages/airflow/example_dags/example_trigger_target_dag.py
[2021-12-21 00:16:49,873] {logging_mixin.py:104} INFO - [2021-12-21 00:16:49,873] {dag.py:1833} INFO - Sync 1 DAGs
[2021-12-21 00:16:49,890] {logging_mixin.py:104} INFO - [2021-12-21 00:16:49,890] {dag.py:2306} INFO - Setting next_dagrun for example_trigger_target_dag to None
[2021-12-21 00:16:49,910] {scheduler_job.py:190} INFO - Processing /home/airflow/.local/lib/python3.8/site-packages/airflow/example_dags/example_trigger_target_dag.py took 0.233 seconds
[2021-12-21 00:17:20,252] {scheduler_job.py:182} INFO - Started process (PID=10946) to work on /home/airflow/.local/lib/python3.8/site-packages/airflow/example_dags/example_trigger_target_dag.py
[2021-12-21 00:17:20,279] {scheduler_job.py:633} INFO - Processing file /home/airflow/.local/lib/python3.8/site-packages/airflow/example_dags/example_trigger_target_dag.py for tasks to queue
[2021-12-21 00:17:20,285] {logging_mixin.py:104} INFO - [2021-12-21 00:17:20,285] {dagbag.py:496} INFO - Filling up the DagBag from /home/airflow/.local/lib/python3.8/site-packages/airflow/example_dags/example_trigger_target_dag.py
[2021-12-21 00:17:20,338] {scheduler_job.py:643} INFO - DAG(s) dict_keys(['example_trigger_target_dag']) retrieved from /home/airflow/.local/lib/python3.8/site-packages/airflow/example_dags/example_trigger_target_dag.py
[2021-12-21 00:17:20,422] {logging_mixin.py:104} INFO - [2021-12-21 00:17:20,422] {dag.py:1833} INFO - Sync 1 DAGs
[2021-12-21 00:17:20,451] {logging_mixin.py:104} INFO - [2021-12-21 00:17:20,451] {dag.py:2306} INFO - Setting next_dagrun for example_trigger_target_dag to None
[2021-12-21 00:17:20,481] {scheduler_job.py:190} INFO - Processing /home/airflow/.local/lib/python3.8/site-packages/airflow/example_dags/example_trigger_target_dag.py took 0.245 seconds
[2021-12-21 00:17:50,887] {scheduler_job.py:182} INFO - Started process (PID=10977) to work on /home/airflow/.local/lib/python3.8/site-packages/airflow/example_dags/example_trigger_target_dag.py
[2021-12-21 00:17:50,899] {scheduler_job.py:633} INFO - Processing file /home/airflow/.local/lib/python3.8/site-packages/airflow/example_dags/example_trigger_target_dag.py for tasks to queue
[2021-12-21 00:17:50,913] {logging_mixin.py:104} INFO - [2021-12-21 00:17:50,912] {dagbag.py:496} INFO - Filling up the DagBag from /home/airflow/.local/lib/python3.8/site-packages/airflow/example_dags/example_trigger_target_dag.py
[2021-12-21 00:17:50,970] {scheduler_job.py:643} INFO - DAG(s) dict_keys(['example_trigger_target_dag']) retrieved from /home/airflow/.local/lib/python3.8/site-packages/airflow/example_dags/example_trigger_target_dag.py
[2021-12-21 00:17:51,122] {logging_mixin.py:104} INFO - [2021-12-21 00:17:51,122] {dag.py:1833} INFO - Sync 1 DAGs
[2021-12-21 00:17:51,192] {logging_mixin.py:104} INFO - [2021-12-21 00:17:51,192] {dag.py:2306} INFO - Setting next_dagrun for example_trigger_target_dag to None
[2021-12-21 00:17:51,241] {scheduler_job.py:190} INFO - Processing /home/airflow/.local/lib/python3.8/site-packages/airflow/example_dags/example_trigger_target_dag.py took 0.363 seconds
[2021-12-21 00:18:21,600] {scheduler_job.py:182} INFO - Started process (PID=11008) to work on /home/airflow/.local/lib/python3.8/site-packages/airflow/example_dags/example_trigger_target_dag.py
[2021-12-21 00:18:21,614] {scheduler_job.py:633} INFO - Processing file /home/airflow/.local/lib/python3.8/site-packages/airflow/example_dags/example_trigger_target_dag.py for tasks to queue
[2021-12-21 00:18:21,617] {logging_mixin.py:104} INFO - [2021-12-21 00:18:21,617] {dagbag.py:496} INFO - Filling up the DagBag from /home/airflow/.local/lib/python3.8/site-packages/airflow/example_dags/example_trigger_target_dag.py
[2021-12-21 00:18:21,695] {scheduler_job.py:643} INFO - DAG(s) dict_keys(['example_trigger_target_dag']) retrieved from /home/airflow/.local/lib/python3.8/site-packages/airflow/example_dags/example_trigger_target_dag.py
[2021-12-21 00:18:21,770] {logging_mixin.py:104} INFO - [2021-12-21 00:18:21,769] {dag.py:1833} INFO - Sync 1 DAGs
[2021-12-21 00:18:21,803] {logging_mixin.py:104} INFO - [2021-12-21 00:18:21,803] {dag.py:2306} INFO - Setting next_dagrun for example_trigger_target_dag to None
[2021-12-21 00:18:21,827] {scheduler_job.py:190} INFO - Processing /home/airflow/.local/lib/python3.8/site-packages/airflow/example_dags/example_trigger_target_dag.py took 0.237 seconds
[2021-12-21 00:18:52,176] {scheduler_job.py:182} INFO - Started process (PID=11039) to work on /home/airflow/.local/lib/python3.8/site-packages/airflow/example_dags/example_trigger_target_dag.py
[2021-12-21 00:18:52,185] {scheduler_job.py:633} INFO - Processing file /home/airflow/.local/lib/python3.8/site-packages/airflow/example_dags/example_trigger_target_dag.py for tasks to queue
[2021-12-21 00:18:52,187] {logging_mixin.py:104} INFO - [2021-12-21 00:18:52,187] {dagbag.py:496} INFO - Filling up the DagBag from /home/airflow/.local/lib/python3.8/site-packages/airflow/example_dags/example_trigger_target_dag.py
[2021-12-21 00:18:52,211] {scheduler_job.py:643} INFO - DAG(s) dict_keys(['example_trigger_target_dag']) retrieved from /home/airflow/.local/lib/python3.8/site-packages/airflow/example_dags/example_trigger_target_dag.py
[2021-12-21 00:18:52,260] {logging_mixin.py:104} INFO - [2021-12-21 00:18:52,260] {dag.py:1833} INFO - Sync 1 DAGs
[2021-12-21 00:18:52,275] {logging_mixin.py:104} INFO - [2021-12-21 00:18:52,275] {dag.py:2306} INFO - Setting next_dagrun for example_trigger_target_dag to None
[2021-12-21 00:18:52,297] {scheduler_job.py:190} INFO - Processing /home/airflow/.local/lib/python3.8/site-packages/airflow/example_dags/example_trigger_target_dag.py took 0.134 seconds
[2021-12-21 00:19:22,572] {scheduler_job.py:182} INFO - Started process (PID=11070) to work on /home/airflow/.local/lib/python3.8/site-packages/airflow/example_dags/example_trigger_target_dag.py
[2021-12-21 00:19:22,575] {scheduler_job.py:633} INFO - Processing file /home/airflow/.local/lib/python3.8/site-packages/airflow/example_dags/example_trigger_target_dag.py for tasks to queue
[2021-12-21 00:19:22,578] {logging_mixin.py:104} INFO - [2021-12-21 00:19:22,578] {dagbag.py:496} INFO - Filling up the DagBag from /home/airflow/.local/lib/python3.8/site-packages/airflow/example_dags/example_trigger_target_dag.py
[2021-12-21 00:19:22,602] {scheduler_job.py:643} INFO - DAG(s) dict_keys(['example_trigger_target_dag']) retrieved from /home/airflow/.local/lib/python3.8/site-packages/airflow/example_dags/example_trigger_target_dag.py
[2021-12-21 00:19:22,657] {logging_mixin.py:104} INFO - [2021-12-21 00:19:22,656] {dag.py:1833} INFO - Sync 1 DAGs
[2021-12-21 00:19:22,677] {logging_mixin.py:104} INFO - [2021-12-21 00:19:22,677] {dag.py:2306} INFO - Setting next_dagrun for example_trigger_target_dag to None
[2021-12-21 00:19:22,700] {scheduler_job.py:190} INFO - Processing /home/airflow/.local/lib/python3.8/site-packages/airflow/example_dags/example_trigger_target_dag.py took 0.134 seconds
[2021-12-21 00:19:53,067] {scheduler_job.py:182} INFO - Started process (PID=11100) to work on /home/airflow/.local/lib/python3.8/site-packages/airflow/example_dags/example_trigger_target_dag.py
[2021-12-21 00:19:53,070] {scheduler_job.py:633} INFO - Processing file /home/airflow/.local/lib/python3.8/site-packages/airflow/example_dags/example_trigger_target_dag.py for tasks to queue
[2021-12-21 00:19:53,072] {logging_mixin.py:104} INFO - [2021-12-21 00:19:53,072] {dagbag.py:496} INFO - Filling up the DagBag from /home/airflow/.local/lib/python3.8/site-packages/airflow/example_dags/example_trigger_target_dag.py
[2021-12-21 00:19:53,109] {scheduler_job.py:643} INFO - DAG(s) dict_keys(['example_trigger_target_dag']) retrieved from /home/airflow/.local/lib/python3.8/site-packages/airflow/example_dags/example_trigger_target_dag.py
[2021-12-21 00:19:53,156] {logging_mixin.py:104} INFO - [2021-12-21 00:19:53,155] {dag.py:1833} INFO - Sync 1 DAGs
[2021-12-21 00:19:53,172] {logging_mixin.py:104} INFO - [2021-12-21 00:19:53,171] {dag.py:2306} INFO - Setting next_dagrun for example_trigger_target_dag to None
[2021-12-21 00:19:53,198] {scheduler_job.py:190} INFO - Processing /home/airflow/.local/lib/python3.8/site-packages/airflow/example_dags/example_trigger_target_dag.py took 0.143 seconds
[2021-12-21 00:20:23,416] {scheduler_job.py:182} INFO - Started process (PID=11131) to work on /home/airflow/.local/lib/python3.8/site-packages/airflow/example_dags/example_trigger_target_dag.py
[2021-12-21 00:20:23,424] {scheduler_job.py:633} INFO - Processing file /home/airflow/.local/lib/python3.8/site-packages/airflow/example_dags/example_trigger_target_dag.py for tasks to queue
[2021-12-21 00:20:23,428] {logging_mixin.py:104} INFO - [2021-12-21 00:20:23,428] {dagbag.py:496} INFO - Filling up the DagBag from /home/airflow/.local/lib/python3.8/site-packages/airflow/example_dags/example_trigger_target_dag.py
[2021-12-21 00:20:23,458] {scheduler_job.py:643} INFO - DAG(s) dict_keys(['example_trigger_target_dag']) retrieved from /home/airflow/.local/lib/python3.8/site-packages/airflow/example_dags/example_trigger_target_dag.py
[2021-12-21 00:20:23,508] {logging_mixin.py:104} INFO - [2021-12-21 00:20:23,507] {dag.py:1833} INFO - Sync 1 DAGs
[2021-12-21 00:20:23,525] {logging_mixin.py:104} INFO - [2021-12-21 00:20:23,525] {dag.py:2306} INFO - Setting next_dagrun for example_trigger_target_dag to None
[2021-12-21 00:20:23,552] {scheduler_job.py:190} INFO - Processing /home/airflow/.local/lib/python3.8/site-packages/airflow/example_dags/example_trigger_target_dag.py took 0.144 seconds
[2021-12-21 00:20:53,804] {scheduler_job.py:182} INFO - Started process (PID=11161) to work on /home/airflow/.local/lib/python3.8/site-packages/airflow/example_dags/example_trigger_target_dag.py
[2021-12-21 00:20:53,817] {scheduler_job.py:633} INFO - Processing file /home/airflow/.local/lib/python3.8/site-packages/airflow/example_dags/example_trigger_target_dag.py for tasks to queue
[2021-12-21 00:20:53,826] {logging_mixin.py:104} INFO - [2021-12-21 00:20:53,825] {dagbag.py:496} INFO - Filling up the DagBag from /home/airflow/.local/lib/python3.8/site-packages/airflow/example_dags/example_trigger_target_dag.py
[2021-12-21 00:20:53,865] {scheduler_job.py:643} INFO - DAG(s) dict_keys(['example_trigger_target_dag']) retrieved from /home/airflow/.local/lib/python3.8/site-packages/airflow/example_dags/example_trigger_target_dag.py
[2021-12-21 00:20:53,924] {logging_mixin.py:104} INFO - [2021-12-21 00:20:53,924] {dag.py:1833} INFO - Sync 1 DAGs
[2021-12-21 00:20:53,946] {logging_mixin.py:104} INFO - [2021-12-21 00:20:53,945] {dag.py:2306} INFO - Setting next_dagrun for example_trigger_target_dag to None
[2021-12-21 00:20:53,974] {scheduler_job.py:190} INFO - Processing /home/airflow/.local/lib/python3.8/site-packages/airflow/example_dags/example_trigger_target_dag.py took 0.184 seconds
[2021-12-21 00:21:24,310] {scheduler_job.py:182} INFO - Started process (PID=11192) to work on /home/airflow/.local/lib/python3.8/site-packages/airflow/example_dags/example_trigger_target_dag.py
[2021-12-21 00:21:24,319] {scheduler_job.py:633} INFO - Processing file /home/airflow/.local/lib/python3.8/site-packages/airflow/example_dags/example_trigger_target_dag.py for tasks to queue
[2021-12-21 00:21:24,325] {logging_mixin.py:104} INFO - [2021-12-21 00:21:24,325] {dagbag.py:496} INFO - Filling up the DagBag from /home/airflow/.local/lib/python3.8/site-packages/airflow/example_dags/example_trigger_target_dag.py
[2021-12-21 00:21:24,361] {scheduler_job.py:643} INFO - DAG(s) dict_keys(['example_trigger_target_dag']) retrieved from /home/airflow/.local/lib/python3.8/site-packages/airflow/example_dags/example_trigger_target_dag.py
[2021-12-21 00:21:24,421] {logging_mixin.py:104} INFO - [2021-12-21 00:21:24,421] {dag.py:1833} INFO - Sync 1 DAGs
[2021-12-21 00:21:24,442] {logging_mixin.py:104} INFO - [2021-12-21 00:21:24,442] {dag.py:2306} INFO - Setting next_dagrun for example_trigger_target_dag to None
[2021-12-21 00:21:24,464] {scheduler_job.py:190} INFO - Processing /home/airflow/.local/lib/python3.8/site-packages/airflow/example_dags/example_trigger_target_dag.py took 0.168 seconds
[2021-12-21 00:21:54,679] {scheduler_job.py:182} INFO - Started process (PID=11223) to work on /home/airflow/.local/lib/python3.8/site-packages/airflow/example_dags/example_trigger_target_dag.py
[2021-12-21 00:21:54,687] {scheduler_job.py:633} INFO - Processing file /home/airflow/.local/lib/python3.8/site-packages/airflow/example_dags/example_trigger_target_dag.py for tasks to queue
[2021-12-21 00:21:54,690] {logging_mixin.py:104} INFO - [2021-12-21 00:21:54,690] {dagbag.py:496} INFO - Filling up the DagBag from /home/airflow/.local/lib/python3.8/site-packages/airflow/example_dags/example_trigger_target_dag.py
[2021-12-21 00:21:54,717] {scheduler_job.py:643} INFO - DAG(s) dict_keys(['example_trigger_target_dag']) retrieved from /home/airflow/.local/lib/python3.8/site-packages/airflow/example_dags/example_trigger_target_dag.py
[2021-12-21 00:21:54,780] {logging_mixin.py:104} INFO - [2021-12-21 00:21:54,780] {dag.py:1833} INFO - Sync 1 DAGs
[2021-12-21 00:21:54,803] {logging_mixin.py:104} INFO - [2021-12-21 00:21:54,803] {dag.py:2306} INFO - Setting next_dagrun for example_trigger_target_dag to None
[2021-12-21 00:21:54,825] {scheduler_job.py:190} INFO - Processing /home/airflow/.local/lib/python3.8/site-packages/airflow/example_dags/example_trigger_target_dag.py took 0.153 seconds
[2021-12-21 00:22:25,147] {scheduler_job.py:182} INFO - Started process (PID=11254) to work on /home/airflow/.local/lib/python3.8/site-packages/airflow/example_dags/example_trigger_target_dag.py
[2021-12-21 00:22:25,154] {scheduler_job.py:633} INFO - Processing file /home/airflow/.local/lib/python3.8/site-packages/airflow/example_dags/example_trigger_target_dag.py for tasks to queue
[2021-12-21 00:22:25,158] {logging_mixin.py:104} INFO - [2021-12-21 00:22:25,156] {dagbag.py:496} INFO - Filling up the DagBag from /home/airflow/.local/lib/python3.8/site-packages/airflow/example_dags/example_trigger_target_dag.py
[2021-12-21 00:22:25,191] {scheduler_job.py:643} INFO - DAG(s) dict_keys(['example_trigger_target_dag']) retrieved from /home/airflow/.local/lib/python3.8/site-packages/airflow/example_dags/example_trigger_target_dag.py
[2021-12-21 00:22:25,238] {logging_mixin.py:104} INFO - [2021-12-21 00:22:25,238] {dag.py:1833} INFO - Sync 1 DAGs
[2021-12-21 00:22:25,256] {logging_mixin.py:104} INFO - [2021-12-21 00:22:25,256] {dag.py:2306} INFO - Setting next_dagrun for example_trigger_target_dag to None
[2021-12-21 00:22:25,278] {scheduler_job.py:190} INFO - Processing /home/airflow/.local/lib/python3.8/site-packages/airflow/example_dags/example_trigger_target_dag.py took 0.148 seconds
[2021-12-21 00:22:55,442] {scheduler_job.py:182} INFO - Started process (PID=11285) to work on /home/airflow/.local/lib/python3.8/site-packages/airflow/example_dags/example_trigger_target_dag.py
[2021-12-21 00:22:55,446] {scheduler_job.py:633} INFO - Processing file /home/airflow/.local/lib/python3.8/site-packages/airflow/example_dags/example_trigger_target_dag.py for tasks to queue
[2021-12-21 00:22:55,450] {logging_mixin.py:104} INFO - [2021-12-21 00:22:55,449] {dagbag.py:496} INFO - Filling up the DagBag from /home/airflow/.local/lib/python3.8/site-packages/airflow/example_dags/example_trigger_target_dag.py
[2021-12-21 00:22:55,508] {scheduler_job.py:643} INFO - DAG(s) dict_keys(['example_trigger_target_dag']) retrieved from /home/airflow/.local/lib/python3.8/site-packages/airflow/example_dags/example_trigger_target_dag.py
[2021-12-21 00:22:55,567] {logging_mixin.py:104} INFO - [2021-12-21 00:22:55,567] {dag.py:1833} INFO - Sync 1 DAGs
[2021-12-21 00:22:55,599] {logging_mixin.py:104} INFO - [2021-12-21 00:22:55,599] {dag.py:2306} INFO - Setting next_dagrun for example_trigger_target_dag to None
[2021-12-21 00:22:55,641] {scheduler_job.py:190} INFO - Processing /home/airflow/.local/lib/python3.8/site-packages/airflow/example_dags/example_trigger_target_dag.py took 0.204 seconds
[2021-12-21 00:23:26,090] {scheduler_job.py:182} INFO - Started process (PID=11316) to work on /home/airflow/.local/lib/python3.8/site-packages/airflow/example_dags/example_trigger_target_dag.py
[2021-12-21 00:23:26,094] {scheduler_job.py:633} INFO - Processing file /home/airflow/.local/lib/python3.8/site-packages/airflow/example_dags/example_trigger_target_dag.py for tasks to queue
[2021-12-21 00:23:26,097] {logging_mixin.py:104} INFO - [2021-12-21 00:23:26,096] {dagbag.py:496} INFO - Filling up the DagBag from /home/airflow/.local/lib/python3.8/site-packages/airflow/example_dags/example_trigger_target_dag.py
[2021-12-21 00:23:26,133] {scheduler_job.py:643} INFO - DAG(s) dict_keys(['example_trigger_target_dag']) retrieved from /home/airflow/.local/lib/python3.8/site-packages/airflow/example_dags/example_trigger_target_dag.py
[2021-12-21 00:23:26,194] {logging_mixin.py:104} INFO - [2021-12-21 00:23:26,194] {dag.py:1833} INFO - Sync 1 DAGs
[2021-12-21 00:23:26,217] {logging_mixin.py:104} INFO - [2021-12-21 00:23:26,217] {dag.py:2306} INFO - Setting next_dagrun for example_trigger_target_dag to None
[2021-12-21 00:23:26,219] {scheduler_job.py:190} INFO - Processing /home/airflow/.local/lib/python3.8/site-packages/airflow/example_dags/example_trigger_target_dag.py took 0.168 seconds
[2021-12-21 00:23:56,284] {scheduler_job.py:182} INFO - Started process (PID=11347) to work on /home/airflow/.local/lib/python3.8/site-packages/airflow/example_dags/example_trigger_target_dag.py
[2021-12-21 00:23:56,289] {scheduler_job.py:633} INFO - Processing file /home/airflow/.local/lib/python3.8/site-packages/airflow/example_dags/example_trigger_target_dag.py for tasks to queue
[2021-12-21 00:23:56,294] {logging_mixin.py:104} INFO - [2021-12-21 00:23:56,294] {dagbag.py:496} INFO - Filling up the DagBag from /home/airflow/.local/lib/python3.8/site-packages/airflow/example_dags/example_trigger_target_dag.py
[2021-12-21 00:23:56,324] {scheduler_job.py:643} INFO - DAG(s) dict_keys(['example_trigger_target_dag']) retrieved from /home/airflow/.local/lib/python3.8/site-packages/airflow/example_dags/example_trigger_target_dag.py
[2021-12-21 00:23:56,371] {logging_mixin.py:104} INFO - [2021-12-21 00:23:56,371] {dag.py:1833} INFO - Sync 1 DAGs
[2021-12-21 00:23:56,387] {logging_mixin.py:104} INFO - [2021-12-21 00:23:56,387] {dag.py:2306} INFO - Setting next_dagrun for example_trigger_target_dag to None
[2021-12-21 00:23:56,409] {scheduler_job.py:190} INFO - Processing /home/airflow/.local/lib/python3.8/site-packages/airflow/example_dags/example_trigger_target_dag.py took 0.134 seconds
[2021-12-21 00:24:26,947] {scheduler_job.py:182} INFO - Started process (PID=11378) to work on /home/airflow/.local/lib/python3.8/site-packages/airflow/example_dags/example_trigger_target_dag.py
[2021-12-21 00:24:26,950] {scheduler_job.py:633} INFO - Processing file /home/airflow/.local/lib/python3.8/site-packages/airflow/example_dags/example_trigger_target_dag.py for tasks to queue
[2021-12-21 00:24:26,952] {logging_mixin.py:104} INFO - [2021-12-21 00:24:26,952] {dagbag.py:496} INFO - Filling up the DagBag from /home/airflow/.local/lib/python3.8/site-packages/airflow/example_dags/example_trigger_target_dag.py
[2021-12-21 00:24:26,988] {scheduler_job.py:643} INFO - DAG(s) dict_keys(['example_trigger_target_dag']) retrieved from /home/airflow/.local/lib/python3.8/site-packages/airflow/example_dags/example_trigger_target_dag.py
[2021-12-21 00:24:27,063] {logging_mixin.py:104} INFO - [2021-12-21 00:24:27,062] {dag.py:1833} INFO - Sync 1 DAGs
[2021-12-21 00:24:27,086] {logging_mixin.py:104} INFO - [2021-12-21 00:24:27,086] {dag.py:2306} INFO - Setting next_dagrun for example_trigger_target_dag to None
[2021-12-21 00:24:27,115] {scheduler_job.py:190} INFO - Processing /home/airflow/.local/lib/python3.8/site-packages/airflow/example_dags/example_trigger_target_dag.py took 0.182 seconds
[2021-12-21 00:24:57,494] {scheduler_job.py:182} INFO - Started process (PID=11409) to work on /home/airflow/.local/lib/python3.8/site-packages/airflow/example_dags/example_trigger_target_dag.py
[2021-12-21 00:24:57,499] {scheduler_job.py:633} INFO - Processing file /home/airflow/.local/lib/python3.8/site-packages/airflow/example_dags/example_trigger_target_dag.py for tasks to queue
[2021-12-21 00:24:57,505] {logging_mixin.py:104} INFO - [2021-12-21 00:24:57,505] {dagbag.py:496} INFO - Filling up the DagBag from /home/airflow/.local/lib/python3.8/site-packages/airflow/example_dags/example_trigger_target_dag.py
[2021-12-21 00:24:57,578] {scheduler_job.py:643} INFO - DAG(s) dict_keys(['example_trigger_target_dag']) retrieved from /home/airflow/.local/lib/python3.8/site-packages/airflow/example_dags/example_trigger_target_dag.py
[2021-12-21 00:24:57,647] {logging_mixin.py:104} INFO - [2021-12-21 00:24:57,647] {dag.py:1833} INFO - Sync 1 DAGs
[2021-12-21 00:24:57,673] {logging_mixin.py:104} INFO - [2021-12-21 00:24:57,673] {dag.py:2306} INFO - Setting next_dagrun for example_trigger_target_dag to None
[2021-12-21 00:24:57,712] {scheduler_job.py:190} INFO - Processing /home/airflow/.local/lib/python3.8/site-packages/airflow/example_dags/example_trigger_target_dag.py took 0.222 seconds
[2021-12-21 00:25:27,900] {scheduler_job.py:182} INFO - Started process (PID=11441) to work on /home/airflow/.local/lib/python3.8/site-packages/airflow/example_dags/example_trigger_target_dag.py
[2021-12-21 00:25:27,906] {scheduler_job.py:633} INFO - Processing file /home/airflow/.local/lib/python3.8/site-packages/airflow/example_dags/example_trigger_target_dag.py for tasks to queue
[2021-12-21 00:25:27,910] {logging_mixin.py:104} INFO - [2021-12-21 00:25:27,909] {dagbag.py:496} INFO - Filling up the DagBag from /home/airflow/.local/lib/python3.8/site-packages/airflow/example_dags/example_trigger_target_dag.py
[2021-12-21 00:25:27,949] {scheduler_job.py:643} INFO - DAG(s) dict_keys(['example_trigger_target_dag']) retrieved from /home/airflow/.local/lib/python3.8/site-packages/airflow/example_dags/example_trigger_target_dag.py
[2021-12-21 00:25:28,032] {logging_mixin.py:104} INFO - [2021-12-21 00:25:28,032] {dag.py:1833} INFO - Sync 1 DAGs
[2021-12-21 00:25:28,057] {logging_mixin.py:104} INFO - [2021-12-21 00:25:28,057] {dag.py:2306} INFO - Setting next_dagrun for example_trigger_target_dag to None
[2021-12-21 00:25:28,089] {scheduler_job.py:190} INFO - Processing /home/airflow/.local/lib/python3.8/site-packages/airflow/example_dags/example_trigger_target_dag.py took 0.198 seconds
[2021-12-21 00:25:58,133] {scheduler_job.py:182} INFO - Started process (PID=11473) to work on /home/airflow/.local/lib/python3.8/site-packages/airflow/example_dags/example_trigger_target_dag.py
[2021-12-21 00:25:58,139] {scheduler_job.py:633} INFO - Processing file /home/airflow/.local/lib/python3.8/site-packages/airflow/example_dags/example_trigger_target_dag.py for tasks to queue
[2021-12-21 00:25:58,141] {logging_mixin.py:104} INFO - [2021-12-21 00:25:58,141] {dagbag.py:496} INFO - Filling up the DagBag from /home/airflow/.local/lib/python3.8/site-packages/airflow/example_dags/example_trigger_target_dag.py
[2021-12-21 00:25:58,161] {scheduler_job.py:643} INFO - DAG(s) dict_keys(['example_trigger_target_dag']) retrieved from /home/airflow/.local/lib/python3.8/site-packages/airflow/example_dags/example_trigger_target_dag.py
[2021-12-21 00:25:58,213] {logging_mixin.py:104} INFO - [2021-12-21 00:25:58,213] {dag.py:1833} INFO - Sync 1 DAGs
[2021-12-21 00:25:58,231] {logging_mixin.py:104} INFO - [2021-12-21 00:25:58,231] {dag.py:2306} INFO - Setting next_dagrun for example_trigger_target_dag to None
[2021-12-21 00:25:58,264] {scheduler_job.py:190} INFO - Processing /home/airflow/.local/lib/python3.8/site-packages/airflow/example_dags/example_trigger_target_dag.py took 0.135 seconds
[2021-12-21 00:26:28,894] {scheduler_job.py:182} INFO - Started process (PID=11502) to work on /home/airflow/.local/lib/python3.8/site-packages/airflow/example_dags/example_trigger_target_dag.py
[2021-12-21 00:26:28,899] {scheduler_job.py:633} INFO - Processing file /home/airflow/.local/lib/python3.8/site-packages/airflow/example_dags/example_trigger_target_dag.py for tasks to queue
[2021-12-21 00:26:28,903] {logging_mixin.py:104} INFO - [2021-12-21 00:26:28,902] {dagbag.py:496} INFO - Filling up the DagBag from /home/airflow/.local/lib/python3.8/site-packages/airflow/example_dags/example_trigger_target_dag.py
[2021-12-21 00:26:28,997] {scheduler_job.py:643} INFO - DAG(s) dict_keys(['example_trigger_target_dag']) retrieved from /home/airflow/.local/lib/python3.8/site-packages/airflow/example_dags/example_trigger_target_dag.py
[2021-12-21 00:26:29,129] {logging_mixin.py:104} INFO - [2021-12-21 00:26:29,127] {dag.py:1833} INFO - Sync 1 DAGs
[2021-12-21 00:26:29,193] {logging_mixin.py:104} INFO - [2021-12-21 00:26:29,193] {dag.py:2306} INFO - Setting next_dagrun for example_trigger_target_dag to None
[2021-12-21 00:26:29,245] {scheduler_job.py:190} INFO - Processing /home/airflow/.local/lib/python3.8/site-packages/airflow/example_dags/example_trigger_target_dag.py took 0.358 seconds
[2021-12-21 00:26:59,443] {scheduler_job.py:182} INFO - Started process (PID=11533) to work on /home/airflow/.local/lib/python3.8/site-packages/airflow/example_dags/example_trigger_target_dag.py
[2021-12-21 00:26:59,452] {scheduler_job.py:633} INFO - Processing file /home/airflow/.local/lib/python3.8/site-packages/airflow/example_dags/example_trigger_target_dag.py for tasks to queue
[2021-12-21 00:26:59,461] {logging_mixin.py:104} INFO - [2021-12-21 00:26:59,460] {dagbag.py:496} INFO - Filling up the DagBag from /home/airflow/.local/lib/python3.8/site-packages/airflow/example_dags/example_trigger_target_dag.py
[2021-12-21 00:26:59,536] {scheduler_job.py:643} INFO - DAG(s) dict_keys(['example_trigger_target_dag']) retrieved from /home/airflow/.local/lib/python3.8/site-packages/airflow/example_dags/example_trigger_target_dag.py
[2021-12-21 00:26:59,619] {logging_mixin.py:104} INFO - [2021-12-21 00:26:59,619] {dag.py:1833} INFO - Sync 1 DAGs
[2021-12-21 00:26:59,654] {logging_mixin.py:104} INFO - [2021-12-21 00:26:59,654] {dag.py:2306} INFO - Setting next_dagrun for example_trigger_target_dag to None
[2021-12-21 00:26:59,713] {scheduler_job.py:190} INFO - Processing /home/airflow/.local/lib/python3.8/site-packages/airflow/example_dags/example_trigger_target_dag.py took 0.285 seconds
[2021-12-21 00:27:30,134] {scheduler_job.py:182} INFO - Started process (PID=11565) to work on /home/airflow/.local/lib/python3.8/site-packages/airflow/example_dags/example_trigger_target_dag.py
[2021-12-21 00:27:30,139] {scheduler_job.py:633} INFO - Processing file /home/airflow/.local/lib/python3.8/site-packages/airflow/example_dags/example_trigger_target_dag.py for tasks to queue
[2021-12-21 00:27:30,144] {logging_mixin.py:104} INFO - [2021-12-21 00:27:30,144] {dagbag.py:496} INFO - Filling up the DagBag from /home/airflow/.local/lib/python3.8/site-packages/airflow/example_dags/example_trigger_target_dag.py
[2021-12-21 00:27:30,201] {scheduler_job.py:643} INFO - DAG(s) dict_keys(['example_trigger_target_dag']) retrieved from /home/airflow/.local/lib/python3.8/site-packages/airflow/example_dags/example_trigger_target_dag.py
[2021-12-21 00:27:30,355] {logging_mixin.py:104} INFO - [2021-12-21 00:27:30,354] {dag.py:1833} INFO - Sync 1 DAGs
[2021-12-21 00:27:30,390] {logging_mixin.py:104} INFO - [2021-12-21 00:27:30,390] {dag.py:2306} INFO - Setting next_dagrun for example_trigger_target_dag to None
[2021-12-21 00:27:30,428] {scheduler_job.py:190} INFO - Processing /home/airflow/.local/lib/python3.8/site-packages/airflow/example_dags/example_trigger_target_dag.py took 0.309 seconds
[2021-12-21 00:28:01,378] {scheduler_job.py:182} INFO - Started process (PID=11596) to work on /home/airflow/.local/lib/python3.8/site-packages/airflow/example_dags/example_trigger_target_dag.py
[2021-12-21 00:28:01,384] {scheduler_job.py:633} INFO - Processing file /home/airflow/.local/lib/python3.8/site-packages/airflow/example_dags/example_trigger_target_dag.py for tasks to queue
[2021-12-21 00:28:01,388] {logging_mixin.py:104} INFO - [2021-12-21 00:28:01,387] {dagbag.py:496} INFO - Filling up the DagBag from /home/airflow/.local/lib/python3.8/site-packages/airflow/example_dags/example_trigger_target_dag.py
[2021-12-21 00:28:01,421] {scheduler_job.py:643} INFO - DAG(s) dict_keys(['example_trigger_target_dag']) retrieved from /home/airflow/.local/lib/python3.8/site-packages/airflow/example_dags/example_trigger_target_dag.py
[2021-12-21 00:28:01,486] {logging_mixin.py:104} INFO - [2021-12-21 00:28:01,485] {dag.py:1833} INFO - Sync 1 DAGs
[2021-12-21 00:28:01,512] {logging_mixin.py:104} INFO - [2021-12-21 00:28:01,512] {dag.py:2306} INFO - Setting next_dagrun for example_trigger_target_dag to None
[2021-12-21 00:28:01,555] {scheduler_job.py:190} INFO - Processing /home/airflow/.local/lib/python3.8/site-packages/airflow/example_dags/example_trigger_target_dag.py took 0.196 seconds
[2021-12-21 00:28:31,883] {scheduler_job.py:182} INFO - Started process (PID=11627) to work on /home/airflow/.local/lib/python3.8/site-packages/airflow/example_dags/example_trigger_target_dag.py
[2021-12-21 00:28:31,888] {scheduler_job.py:633} INFO - Processing file /home/airflow/.local/lib/python3.8/site-packages/airflow/example_dags/example_trigger_target_dag.py for tasks to queue
[2021-12-21 00:28:31,892] {logging_mixin.py:104} INFO - [2021-12-21 00:28:31,892] {dagbag.py:496} INFO - Filling up the DagBag from /home/airflow/.local/lib/python3.8/site-packages/airflow/example_dags/example_trigger_target_dag.py
[2021-12-21 00:28:31,927] {scheduler_job.py:643} INFO - DAG(s) dict_keys(['example_trigger_target_dag']) retrieved from /home/airflow/.local/lib/python3.8/site-packages/airflow/example_dags/example_trigger_target_dag.py
[2021-12-21 00:28:32,006] {logging_mixin.py:104} INFO - [2021-12-21 00:28:32,006] {dag.py:1833} INFO - Sync 1 DAGs
[2021-12-21 00:28:32,081] {logging_mixin.py:104} INFO - [2021-12-21 00:28:32,081] {dag.py:2306} INFO - Setting next_dagrun for example_trigger_target_dag to None
[2021-12-21 00:28:32,121] {scheduler_job.py:190} INFO - Processing /home/airflow/.local/lib/python3.8/site-packages/airflow/example_dags/example_trigger_target_dag.py took 0.244 seconds
[2021-12-21 00:29:04,197] {scheduler_job.py:182} INFO - Started process (PID=11659) to work on /home/airflow/.local/lib/python3.8/site-packages/airflow/example_dags/example_trigger_target_dag.py
[2021-12-21 00:29:04,204] {scheduler_job.py:633} INFO - Processing file /home/airflow/.local/lib/python3.8/site-packages/airflow/example_dags/example_trigger_target_dag.py for tasks to queue
[2021-12-21 00:29:04,214] {logging_mixin.py:104} INFO - [2021-12-21 00:29:04,213] {dagbag.py:496} INFO - Filling up the DagBag from /home/airflow/.local/lib/python3.8/site-packages/airflow/example_dags/example_trigger_target_dag.py
[2021-12-21 00:29:04,365] {scheduler_job.py:643} INFO - DAG(s) dict_keys(['example_trigger_target_dag']) retrieved from /home/airflow/.local/lib/python3.8/site-packages/airflow/example_dags/example_trigger_target_dag.py
[2021-12-21 00:29:04,518] {logging_mixin.py:104} INFO - [2021-12-21 00:29:04,518] {dag.py:1833} INFO - Sync 1 DAGs
[2021-12-21 00:29:04,553] {logging_mixin.py:104} INFO - [2021-12-21 00:29:04,552] {dag.py:2306} INFO - Setting next_dagrun for example_trigger_target_dag to None
[2021-12-21 00:29:04,615] {scheduler_job.py:190} INFO - Processing /home/airflow/.local/lib/python3.8/site-packages/airflow/example_dags/example_trigger_target_dag.py took 0.452 seconds
[2021-12-21 00:29:35,016] {scheduler_job.py:182} INFO - Started process (PID=11690) to work on /home/airflow/.local/lib/python3.8/site-packages/airflow/example_dags/example_trigger_target_dag.py
[2021-12-21 00:29:35,019] {scheduler_job.py:633} INFO - Processing file /home/airflow/.local/lib/python3.8/site-packages/airflow/example_dags/example_trigger_target_dag.py for tasks to queue
[2021-12-21 00:29:35,022] {logging_mixin.py:104} INFO - [2021-12-21 00:29:35,021] {dagbag.py:496} INFO - Filling up the DagBag from /home/airflow/.local/lib/python3.8/site-packages/airflow/example_dags/example_trigger_target_dag.py
[2021-12-21 00:29:35,052] {scheduler_job.py:643} INFO - DAG(s) dict_keys(['example_trigger_target_dag']) retrieved from /home/airflow/.local/lib/python3.8/site-packages/airflow/example_dags/example_trigger_target_dag.py
[2021-12-21 00:29:35,109] {logging_mixin.py:104} INFO - [2021-12-21 00:29:35,109] {dag.py:1833} INFO - Sync 1 DAGs
[2021-12-21 00:29:35,128] {logging_mixin.py:104} INFO - [2021-12-21 00:29:35,128] {dag.py:2306} INFO - Setting next_dagrun for example_trigger_target_dag to None
[2021-12-21 00:29:35,148] {scheduler_job.py:190} INFO - Processing /home/airflow/.local/lib/python3.8/site-packages/airflow/example_dags/example_trigger_target_dag.py took 0.136 seconds
[2021-12-21 00:30:05,844] {scheduler_job.py:182} INFO - Started process (PID=11721) to work on /home/airflow/.local/lib/python3.8/site-packages/airflow/example_dags/example_trigger_target_dag.py
[2021-12-21 00:30:05,850] {scheduler_job.py:633} INFO - Processing file /home/airflow/.local/lib/python3.8/site-packages/airflow/example_dags/example_trigger_target_dag.py for tasks to queue
[2021-12-21 00:30:05,854] {logging_mixin.py:104} INFO - [2021-12-21 00:30:05,853] {dagbag.py:496} INFO - Filling up the DagBag from /home/airflow/.local/lib/python3.8/site-packages/airflow/example_dags/example_trigger_target_dag.py
[2021-12-21 00:30:05,892] {scheduler_job.py:643} INFO - DAG(s) dict_keys(['example_trigger_target_dag']) retrieved from /home/airflow/.local/lib/python3.8/site-packages/airflow/example_dags/example_trigger_target_dag.py
[2021-12-21 00:30:05,963] {logging_mixin.py:104} INFO - [2021-12-21 00:30:05,963] {dag.py:1833} INFO - Sync 1 DAGs
[2021-12-21 00:30:05,985] {logging_mixin.py:104} INFO - [2021-12-21 00:30:05,985] {dag.py:2306} INFO - Setting next_dagrun for example_trigger_target_dag to None
[2021-12-21 00:30:06,022] {scheduler_job.py:190} INFO - Processing /home/airflow/.local/lib/python3.8/site-packages/airflow/example_dags/example_trigger_target_dag.py took 0.182 seconds
[2021-12-21 00:30:36,452] {scheduler_job.py:182} INFO - Started process (PID=11751) to work on /home/airflow/.local/lib/python3.8/site-packages/airflow/example_dags/example_trigger_target_dag.py
[2021-12-21 00:30:36,461] {scheduler_job.py:633} INFO - Processing file /home/airflow/.local/lib/python3.8/site-packages/airflow/example_dags/example_trigger_target_dag.py for tasks to queue
[2021-12-21 00:30:36,465] {logging_mixin.py:104} INFO - [2021-12-21 00:30:36,465] {dagbag.py:496} INFO - Filling up the DagBag from /home/airflow/.local/lib/python3.8/site-packages/airflow/example_dags/example_trigger_target_dag.py
[2021-12-21 00:30:36,489] {scheduler_job.py:643} INFO - DAG(s) dict_keys(['example_trigger_target_dag']) retrieved from /home/airflow/.local/lib/python3.8/site-packages/airflow/example_dags/example_trigger_target_dag.py
[2021-12-21 00:30:36,538] {logging_mixin.py:104} INFO - [2021-12-21 00:30:36,538] {dag.py:1833} INFO - Sync 1 DAGs
[2021-12-21 00:30:36,568] {logging_mixin.py:104} INFO - [2021-12-21 00:30:36,567] {dag.py:2306} INFO - Setting next_dagrun for example_trigger_target_dag to None
[2021-12-21 00:30:36,600] {scheduler_job.py:190} INFO - Processing /home/airflow/.local/lib/python3.8/site-packages/airflow/example_dags/example_trigger_target_dag.py took 0.160 seconds
[2021-12-21 00:39:21,832] {scheduler_job.py:182} INFO - Started process (PID=11777) to work on /home/airflow/.local/lib/python3.8/site-packages/airflow/example_dags/example_trigger_target_dag.py
[2021-12-21 00:39:21,839] {scheduler_job.py:633} INFO - Processing file /home/airflow/.local/lib/python3.8/site-packages/airflow/example_dags/example_trigger_target_dag.py for tasks to queue
[2021-12-21 00:39:21,842] {logging_mixin.py:104} INFO - [2021-12-21 00:39:21,842] {dagbag.py:496} INFO - Filling up the DagBag from /home/airflow/.local/lib/python3.8/site-packages/airflow/example_dags/example_trigger_target_dag.py
[2021-12-21 00:39:21,909] {scheduler_job.py:643} INFO - DAG(s) dict_keys(['example_trigger_target_dag']) retrieved from /home/airflow/.local/lib/python3.8/site-packages/airflow/example_dags/example_trigger_target_dag.py
[2021-12-21 00:39:22,087] {logging_mixin.py:104} INFO - [2021-12-21 00:39:22,087] {dag.py:1833} INFO - Sync 1 DAGs
[2021-12-21 00:39:22,172] {logging_mixin.py:104} INFO - [2021-12-21 00:39:22,172] {dag.py:2306} INFO - Setting next_dagrun for example_trigger_target_dag to None
[2021-12-21 00:39:22,244] {scheduler_job.py:190} INFO - Processing /home/airflow/.local/lib/python3.8/site-packages/airflow/example_dags/example_trigger_target_dag.py took 0.422 seconds
[2021-12-21 00:39:53,235] {scheduler_job.py:182} INFO - Started process (PID=11807) to work on /home/airflow/.local/lib/python3.8/site-packages/airflow/example_dags/example_trigger_target_dag.py
[2021-12-21 00:39:53,239] {scheduler_job.py:633} INFO - Processing file /home/airflow/.local/lib/python3.8/site-packages/airflow/example_dags/example_trigger_target_dag.py for tasks to queue
[2021-12-21 00:39:53,249] {logging_mixin.py:104} INFO - [2021-12-21 00:39:53,248] {dagbag.py:496} INFO - Filling up the DagBag from /home/airflow/.local/lib/python3.8/site-packages/airflow/example_dags/example_trigger_target_dag.py
[2021-12-21 00:39:53,374] {scheduler_job.py:643} INFO - DAG(s) dict_keys(['example_trigger_target_dag']) retrieved from /home/airflow/.local/lib/python3.8/site-packages/airflow/example_dags/example_trigger_target_dag.py
[2021-12-21 00:39:53,515] {logging_mixin.py:104} INFO - [2021-12-21 00:39:53,515] {dag.py:1833} INFO - Sync 1 DAGs
[2021-12-21 00:39:53,584] {logging_mixin.py:104} INFO - [2021-12-21 00:39:53,584] {dag.py:2306} INFO - Setting next_dagrun for example_trigger_target_dag to None
[2021-12-21 00:39:53,686] {scheduler_job.py:190} INFO - Processing /home/airflow/.local/lib/python3.8/site-packages/airflow/example_dags/example_trigger_target_dag.py took 0.473 seconds
[2021-12-21 00:56:35,102] {scheduler_job.py:182} INFO - Started process (PID=11839) to work on /home/airflow/.local/lib/python3.8/site-packages/airflow/example_dags/example_trigger_target_dag.py
[2021-12-21 00:56:35,116] {scheduler_job.py:633} INFO - Processing file /home/airflow/.local/lib/python3.8/site-packages/airflow/example_dags/example_trigger_target_dag.py for tasks to queue
[2021-12-21 00:56:35,129] {logging_mixin.py:104} INFO - [2021-12-21 00:56:35,129] {dagbag.py:496} INFO - Filling up the DagBag from /home/airflow/.local/lib/python3.8/site-packages/airflow/example_dags/example_trigger_target_dag.py
[2021-12-21 00:56:35,190] {scheduler_job.py:643} INFO - DAG(s) dict_keys(['example_trigger_target_dag']) retrieved from /home/airflow/.local/lib/python3.8/site-packages/airflow/example_dags/example_trigger_target_dag.py
[2021-12-21 00:56:35,319] {logging_mixin.py:104} INFO - [2021-12-21 00:56:35,318] {dag.py:1833} INFO - Sync 1 DAGs
[2021-12-21 00:56:35,367] {logging_mixin.py:104} INFO - [2021-12-21 00:56:35,367] {dag.py:2306} INFO - Setting next_dagrun for example_trigger_target_dag to None
[2021-12-21 00:56:35,437] {scheduler_job.py:190} INFO - Processing /home/airflow/.local/lib/python3.8/site-packages/airflow/example_dags/example_trigger_target_dag.py took 0.352 seconds
