[2021-12-21 00:00:26,360] {scheduler_job.py:182} INFO - Started process (PID=9917) to work on /home/airflow/.local/lib/python3.8/site-packages/airflow/example_dags/example_nested_branch_dag.py
[2021-12-21 00:00:26,367] {scheduler_job.py:633} INFO - Processing file /home/airflow/.local/lib/python3.8/site-packages/airflow/example_dags/example_nested_branch_dag.py for tasks to queue
[2021-12-21 00:00:26,370] {logging_mixin.py:104} INFO - [2021-12-21 00:00:26,370] {dagbag.py:496} INFO - Filling up the DagBag from /home/airflow/.local/lib/python3.8/site-packages/airflow/example_dags/example_nested_branch_dag.py
[2021-12-21 00:00:26,405] {scheduler_job.py:643} INFO - DAG(s) dict_keys(['example_nested_branch_dag']) retrieved from /home/airflow/.local/lib/python3.8/site-packages/airflow/example_dags/example_nested_branch_dag.py
[2021-12-21 00:00:26,850] {logging_mixin.py:104} INFO - [2021-12-21 00:00:26,850] {dag.py:1833} INFO - Sync 1 DAGs
[2021-12-21 00:00:26,873] {logging_mixin.py:104} INFO - [2021-12-21 00:00:26,873] {dag.py:2306} INFO - Setting next_dagrun for example_nested_branch_dag to 2021-12-19 00:00:00+00:00
[2021-12-21 00:00:26,904] {scheduler_job.py:190} INFO - Processing /home/airflow/.local/lib/python3.8/site-packages/airflow/example_dags/example_nested_branch_dag.py took 0.552 seconds
[2021-12-21 00:00:57,148] {scheduler_job.py:182} INFO - Started process (PID=9948) to work on /home/airflow/.local/lib/python3.8/site-packages/airflow/example_dags/example_nested_branch_dag.py
[2021-12-21 00:00:57,153] {scheduler_job.py:633} INFO - Processing file /home/airflow/.local/lib/python3.8/site-packages/airflow/example_dags/example_nested_branch_dag.py for tasks to queue
[2021-12-21 00:00:57,157] {logging_mixin.py:104} INFO - [2021-12-21 00:00:57,156] {dagbag.py:496} INFO - Filling up the DagBag from /home/airflow/.local/lib/python3.8/site-packages/airflow/example_dags/example_nested_branch_dag.py
[2021-12-21 00:00:57,190] {scheduler_job.py:643} INFO - DAG(s) dict_keys(['example_nested_branch_dag']) retrieved from /home/airflow/.local/lib/python3.8/site-packages/airflow/example_dags/example_nested_branch_dag.py
[2021-12-21 00:00:57,237] {logging_mixin.py:104} INFO - [2021-12-21 00:00:57,236] {dag.py:1833} INFO - Sync 1 DAGs
[2021-12-21 00:00:57,263] {logging_mixin.py:104} INFO - [2021-12-21 00:00:57,263] {dag.py:2306} INFO - Setting next_dagrun for example_nested_branch_dag to 2021-12-19 00:00:00+00:00
[2021-12-21 00:00:57,291] {scheduler_job.py:190} INFO - Processing /home/airflow/.local/lib/python3.8/site-packages/airflow/example_dags/example_nested_branch_dag.py took 0.151 seconds
[2021-12-21 00:01:27,425] {scheduler_job.py:182} INFO - Started process (PID=9979) to work on /home/airflow/.local/lib/python3.8/site-packages/airflow/example_dags/example_nested_branch_dag.py
[2021-12-21 00:01:27,429] {scheduler_job.py:633} INFO - Processing file /home/airflow/.local/lib/python3.8/site-packages/airflow/example_dags/example_nested_branch_dag.py for tasks to queue
[2021-12-21 00:01:27,432] {logging_mixin.py:104} INFO - [2021-12-21 00:01:27,432] {dagbag.py:496} INFO - Filling up the DagBag from /home/airflow/.local/lib/python3.8/site-packages/airflow/example_dags/example_nested_branch_dag.py
[2021-12-21 00:01:27,465] {scheduler_job.py:643} INFO - DAG(s) dict_keys(['example_nested_branch_dag']) retrieved from /home/airflow/.local/lib/python3.8/site-packages/airflow/example_dags/example_nested_branch_dag.py
[2021-12-21 00:01:27,486] {logging_mixin.py:104} INFO - [2021-12-21 00:01:27,486] {dag.py:1833} INFO - Sync 1 DAGs
[2021-12-21 00:01:27,516] {logging_mixin.py:104} INFO - [2021-12-21 00:01:27,515] {dag.py:2306} INFO - Setting next_dagrun for example_nested_branch_dag to 2021-12-19 00:00:00+00:00
[2021-12-21 00:01:27,534] {scheduler_job.py:190} INFO - Processing /home/airflow/.local/lib/python3.8/site-packages/airflow/example_dags/example_nested_branch_dag.py took 0.149 seconds
[2021-12-21 00:01:57,896] {scheduler_job.py:182} INFO - Started process (PID=10010) to work on /home/airflow/.local/lib/python3.8/site-packages/airflow/example_dags/example_nested_branch_dag.py
[2021-12-21 00:01:57,911] {scheduler_job.py:633} INFO - Processing file /home/airflow/.local/lib/python3.8/site-packages/airflow/example_dags/example_nested_branch_dag.py for tasks to queue
[2021-12-21 00:01:57,921] {logging_mixin.py:104} INFO - [2021-12-21 00:01:57,920] {dagbag.py:496} INFO - Filling up the DagBag from /home/airflow/.local/lib/python3.8/site-packages/airflow/example_dags/example_nested_branch_dag.py
[2021-12-21 00:01:57,955] {scheduler_job.py:643} INFO - DAG(s) dict_keys(['example_nested_branch_dag']) retrieved from /home/airflow/.local/lib/python3.8/site-packages/airflow/example_dags/example_nested_branch_dag.py
[2021-12-21 00:01:58,005] {logging_mixin.py:104} INFO - [2021-12-21 00:01:58,005] {dag.py:1833} INFO - Sync 1 DAGs
[2021-12-21 00:01:58,027] {logging_mixin.py:104} INFO - [2021-12-21 00:01:58,027] {dag.py:2306} INFO - Setting next_dagrun for example_nested_branch_dag to 2021-12-19 00:00:00+00:00
[2021-12-21 00:01:58,051] {scheduler_job.py:190} INFO - Processing /home/airflow/.local/lib/python3.8/site-packages/airflow/example_dags/example_nested_branch_dag.py took 0.173 seconds
[2021-12-21 00:02:28,791] {scheduler_job.py:182} INFO - Started process (PID=10041) to work on /home/airflow/.local/lib/python3.8/site-packages/airflow/example_dags/example_nested_branch_dag.py
[2021-12-21 00:02:28,797] {scheduler_job.py:633} INFO - Processing file /home/airflow/.local/lib/python3.8/site-packages/airflow/example_dags/example_nested_branch_dag.py for tasks to queue
[2021-12-21 00:02:28,799] {logging_mixin.py:104} INFO - [2021-12-21 00:02:28,799] {dagbag.py:496} INFO - Filling up the DagBag from /home/airflow/.local/lib/python3.8/site-packages/airflow/example_dags/example_nested_branch_dag.py
[2021-12-21 00:02:28,819] {scheduler_job.py:643} INFO - DAG(s) dict_keys(['example_nested_branch_dag']) retrieved from /home/airflow/.local/lib/python3.8/site-packages/airflow/example_dags/example_nested_branch_dag.py
[2021-12-21 00:02:28,877] {logging_mixin.py:104} INFO - [2021-12-21 00:02:28,877] {dag.py:1833} INFO - Sync 1 DAGs
[2021-12-21 00:02:28,901] {logging_mixin.py:104} INFO - [2021-12-21 00:02:28,901] {dag.py:2306} INFO - Setting next_dagrun for example_nested_branch_dag to 2021-12-19 00:00:00+00:00
[2021-12-21 00:02:28,926] {scheduler_job.py:190} INFO - Processing /home/airflow/.local/lib/python3.8/site-packages/airflow/example_dags/example_nested_branch_dag.py took 0.144 seconds
[2021-12-21 00:02:59,840] {scheduler_job.py:182} INFO - Started process (PID=10072) to work on /home/airflow/.local/lib/python3.8/site-packages/airflow/example_dags/example_nested_branch_dag.py
[2021-12-21 00:02:59,848] {scheduler_job.py:633} INFO - Processing file /home/airflow/.local/lib/python3.8/site-packages/airflow/example_dags/example_nested_branch_dag.py for tasks to queue
[2021-12-21 00:02:59,855] {logging_mixin.py:104} INFO - [2021-12-21 00:02:59,854] {dagbag.py:496} INFO - Filling up the DagBag from /home/airflow/.local/lib/python3.8/site-packages/airflow/example_dags/example_nested_branch_dag.py
[2021-12-21 00:02:59,885] {scheduler_job.py:643} INFO - DAG(s) dict_keys(['example_nested_branch_dag']) retrieved from /home/airflow/.local/lib/python3.8/site-packages/airflow/example_dags/example_nested_branch_dag.py
[2021-12-21 00:02:59,936] {logging_mixin.py:104} INFO - [2021-12-21 00:02:59,936] {dag.py:1833} INFO - Sync 1 DAGs
[2021-12-21 00:02:59,966] {logging_mixin.py:104} INFO - [2021-12-21 00:02:59,966] {dag.py:2306} INFO - Setting next_dagrun for example_nested_branch_dag to 2021-12-19 00:00:00+00:00
[2021-12-21 00:02:59,988] {scheduler_job.py:190} INFO - Processing /home/airflow/.local/lib/python3.8/site-packages/airflow/example_dags/example_nested_branch_dag.py took 0.164 seconds
[2021-12-21 00:03:30,463] {scheduler_job.py:182} INFO - Started process (PID=10102) to work on /home/airflow/.local/lib/python3.8/site-packages/airflow/example_dags/example_nested_branch_dag.py
[2021-12-21 00:03:30,475] {scheduler_job.py:633} INFO - Processing file /home/airflow/.local/lib/python3.8/site-packages/airflow/example_dags/example_nested_branch_dag.py for tasks to queue
[2021-12-21 00:03:30,484] {logging_mixin.py:104} INFO - [2021-12-21 00:03:30,483] {dagbag.py:496} INFO - Filling up the DagBag from /home/airflow/.local/lib/python3.8/site-packages/airflow/example_dags/example_nested_branch_dag.py
[2021-12-21 00:03:30,525] {scheduler_job.py:643} INFO - DAG(s) dict_keys(['example_nested_branch_dag']) retrieved from /home/airflow/.local/lib/python3.8/site-packages/airflow/example_dags/example_nested_branch_dag.py
[2021-12-21 00:03:30,575] {logging_mixin.py:104} INFO - [2021-12-21 00:03:30,575] {dag.py:1833} INFO - Sync 1 DAGs
[2021-12-21 00:03:30,596] {logging_mixin.py:104} INFO - [2021-12-21 00:03:30,595] {dag.py:2306} INFO - Setting next_dagrun for example_nested_branch_dag to 2021-12-19 00:00:00+00:00
[2021-12-21 00:03:30,617] {scheduler_job.py:190} INFO - Processing /home/airflow/.local/lib/python3.8/site-packages/airflow/example_dags/example_nested_branch_dag.py took 0.167 seconds
[2021-12-21 00:04:01,083] {scheduler_job.py:182} INFO - Started process (PID=10133) to work on /home/airflow/.local/lib/python3.8/site-packages/airflow/example_dags/example_nested_branch_dag.py
[2021-12-21 00:04:01,093] {scheduler_job.py:633} INFO - Processing file /home/airflow/.local/lib/python3.8/site-packages/airflow/example_dags/example_nested_branch_dag.py for tasks to queue
[2021-12-21 00:04:01,096] {logging_mixin.py:104} INFO - [2021-12-21 00:04:01,096] {dagbag.py:496} INFO - Filling up the DagBag from /home/airflow/.local/lib/python3.8/site-packages/airflow/example_dags/example_nested_branch_dag.py
[2021-12-21 00:04:01,135] {scheduler_job.py:643} INFO - DAG(s) dict_keys(['example_nested_branch_dag']) retrieved from /home/airflow/.local/lib/python3.8/site-packages/airflow/example_dags/example_nested_branch_dag.py
[2021-12-21 00:04:01,194] {logging_mixin.py:104} INFO - [2021-12-21 00:04:01,194] {dag.py:1833} INFO - Sync 1 DAGs
[2021-12-21 00:04:01,224] {logging_mixin.py:104} INFO - [2021-12-21 00:04:01,224] {dag.py:2306} INFO - Setting next_dagrun for example_nested_branch_dag to 2021-12-19 00:00:00+00:00
[2021-12-21 00:04:01,244] {scheduler_job.py:190} INFO - Processing /home/airflow/.local/lib/python3.8/site-packages/airflow/example_dags/example_nested_branch_dag.py took 0.179 seconds
[2021-12-21 00:04:31,433] {scheduler_job.py:182} INFO - Started process (PID=10164) to work on /home/airflow/.local/lib/python3.8/site-packages/airflow/example_dags/example_nested_branch_dag.py
[2021-12-21 00:04:31,441] {scheduler_job.py:633} INFO - Processing file /home/airflow/.local/lib/python3.8/site-packages/airflow/example_dags/example_nested_branch_dag.py for tasks to queue
[2021-12-21 00:04:31,445] {logging_mixin.py:104} INFO - [2021-12-21 00:04:31,444] {dagbag.py:496} INFO - Filling up the DagBag from /home/airflow/.local/lib/python3.8/site-packages/airflow/example_dags/example_nested_branch_dag.py
[2021-12-21 00:04:31,481] {scheduler_job.py:643} INFO - DAG(s) dict_keys(['example_nested_branch_dag']) retrieved from /home/airflow/.local/lib/python3.8/site-packages/airflow/example_dags/example_nested_branch_dag.py
[2021-12-21 00:04:31,558] {logging_mixin.py:104} INFO - [2021-12-21 00:04:31,558] {dag.py:1833} INFO - Sync 1 DAGs
[2021-12-21 00:04:31,595] {logging_mixin.py:104} INFO - [2021-12-21 00:04:31,595] {dag.py:2306} INFO - Setting next_dagrun for example_nested_branch_dag to 2021-12-19 00:00:00+00:00
[2021-12-21 00:04:31,623] {scheduler_job.py:190} INFO - Processing /home/airflow/.local/lib/python3.8/site-packages/airflow/example_dags/example_nested_branch_dag.py took 0.206 seconds
[2021-12-21 00:05:01,874] {scheduler_job.py:182} INFO - Started process (PID=10195) to work on /home/airflow/.local/lib/python3.8/site-packages/airflow/example_dags/example_nested_branch_dag.py
[2021-12-21 00:05:01,883] {scheduler_job.py:633} INFO - Processing file /home/airflow/.local/lib/python3.8/site-packages/airflow/example_dags/example_nested_branch_dag.py for tasks to queue
[2021-12-21 00:05:01,888] {logging_mixin.py:104} INFO - [2021-12-21 00:05:01,887] {dagbag.py:496} INFO - Filling up the DagBag from /home/airflow/.local/lib/python3.8/site-packages/airflow/example_dags/example_nested_branch_dag.py
[2021-12-21 00:05:01,935] {scheduler_job.py:643} INFO - DAG(s) dict_keys(['example_nested_branch_dag']) retrieved from /home/airflow/.local/lib/python3.8/site-packages/airflow/example_dags/example_nested_branch_dag.py
[2021-12-21 00:05:01,994] {logging_mixin.py:104} INFO - [2021-12-21 00:05:01,994] {dag.py:1833} INFO - Sync 1 DAGs
[2021-12-21 00:05:02,044] {logging_mixin.py:104} INFO - [2021-12-21 00:05:02,044] {dag.py:2306} INFO - Setting next_dagrun for example_nested_branch_dag to 2021-12-19 00:00:00+00:00
[2021-12-21 00:05:02,066] {scheduler_job.py:190} INFO - Processing /home/airflow/.local/lib/python3.8/site-packages/airflow/example_dags/example_nested_branch_dag.py took 0.215 seconds
[2021-12-21 00:05:32,347] {scheduler_job.py:182} INFO - Started process (PID=10226) to work on /home/airflow/.local/lib/python3.8/site-packages/airflow/example_dags/example_nested_branch_dag.py
[2021-12-21 00:05:32,356] {scheduler_job.py:633} INFO - Processing file /home/airflow/.local/lib/python3.8/site-packages/airflow/example_dags/example_nested_branch_dag.py for tasks to queue
[2021-12-21 00:05:32,359] {logging_mixin.py:104} INFO - [2021-12-21 00:05:32,359] {dagbag.py:496} INFO - Filling up the DagBag from /home/airflow/.local/lib/python3.8/site-packages/airflow/example_dags/example_nested_branch_dag.py
[2021-12-21 00:05:32,425] {scheduler_job.py:643} INFO - DAG(s) dict_keys(['example_nested_branch_dag']) retrieved from /home/airflow/.local/lib/python3.8/site-packages/airflow/example_dags/example_nested_branch_dag.py
[2021-12-21 00:05:32,546] {logging_mixin.py:104} INFO - [2021-12-21 00:05:32,546] {dag.py:1833} INFO - Sync 1 DAGs
[2021-12-21 00:05:32,578] {logging_mixin.py:104} INFO - [2021-12-21 00:05:32,577] {dag.py:2306} INFO - Setting next_dagrun for example_nested_branch_dag to 2021-12-19 00:00:00+00:00
[2021-12-21 00:05:32,613] {scheduler_job.py:190} INFO - Processing /home/airflow/.local/lib/python3.8/site-packages/airflow/example_dags/example_nested_branch_dag.py took 0.286 seconds
[2021-12-21 00:06:02,852] {scheduler_job.py:182} INFO - Started process (PID=10257) to work on /home/airflow/.local/lib/python3.8/site-packages/airflow/example_dags/example_nested_branch_dag.py
[2021-12-21 00:06:02,856] {scheduler_job.py:633} INFO - Processing file /home/airflow/.local/lib/python3.8/site-packages/airflow/example_dags/example_nested_branch_dag.py for tasks to queue
[2021-12-21 00:06:02,859] {logging_mixin.py:104} INFO - [2021-12-21 00:06:02,859] {dagbag.py:496} INFO - Filling up the DagBag from /home/airflow/.local/lib/python3.8/site-packages/airflow/example_dags/example_nested_branch_dag.py
[2021-12-21 00:06:02,897] {scheduler_job.py:643} INFO - DAG(s) dict_keys(['example_nested_branch_dag']) retrieved from /home/airflow/.local/lib/python3.8/site-packages/airflow/example_dags/example_nested_branch_dag.py
[2021-12-21 00:06:02,953] {logging_mixin.py:104} INFO - [2021-12-21 00:06:02,952] {dag.py:1833} INFO - Sync 1 DAGs
[2021-12-21 00:06:02,979] {logging_mixin.py:104} INFO - [2021-12-21 00:06:02,979] {dag.py:2306} INFO - Setting next_dagrun for example_nested_branch_dag to 2021-12-19 00:00:00+00:00
[2021-12-21 00:06:03,008] {scheduler_job.py:190} INFO - Processing /home/airflow/.local/lib/python3.8/site-packages/airflow/example_dags/example_nested_branch_dag.py took 0.160 seconds
[2021-12-21 00:06:33,113] {scheduler_job.py:182} INFO - Started process (PID=10288) to work on /home/airflow/.local/lib/python3.8/site-packages/airflow/example_dags/example_nested_branch_dag.py
[2021-12-21 00:06:33,117] {scheduler_job.py:633} INFO - Processing file /home/airflow/.local/lib/python3.8/site-packages/airflow/example_dags/example_nested_branch_dag.py for tasks to queue
[2021-12-21 00:06:33,120] {logging_mixin.py:104} INFO - [2021-12-21 00:06:33,119] {dagbag.py:496} INFO - Filling up the DagBag from /home/airflow/.local/lib/python3.8/site-packages/airflow/example_dags/example_nested_branch_dag.py
[2021-12-21 00:06:33,150] {scheduler_job.py:643} INFO - DAG(s) dict_keys(['example_nested_branch_dag']) retrieved from /home/airflow/.local/lib/python3.8/site-packages/airflow/example_dags/example_nested_branch_dag.py
[2021-12-21 00:06:33,200] {logging_mixin.py:104} INFO - [2021-12-21 00:06:33,199] {dag.py:1833} INFO - Sync 1 DAGs
[2021-12-21 00:06:33,223] {logging_mixin.py:104} INFO - [2021-12-21 00:06:33,223] {dag.py:2306} INFO - Setting next_dagrun for example_nested_branch_dag to 2021-12-19 00:00:00+00:00
[2021-12-21 00:06:33,244] {scheduler_job.py:190} INFO - Processing /home/airflow/.local/lib/python3.8/site-packages/airflow/example_dags/example_nested_branch_dag.py took 0.140 seconds
[2021-12-21 00:07:03,806] {scheduler_job.py:182} INFO - Started process (PID=10319) to work on /home/airflow/.local/lib/python3.8/site-packages/airflow/example_dags/example_nested_branch_dag.py
[2021-12-21 00:07:03,810] {scheduler_job.py:633} INFO - Processing file /home/airflow/.local/lib/python3.8/site-packages/airflow/example_dags/example_nested_branch_dag.py for tasks to queue
[2021-12-21 00:07:03,812] {logging_mixin.py:104} INFO - [2021-12-21 00:07:03,812] {dagbag.py:496} INFO - Filling up the DagBag from /home/airflow/.local/lib/python3.8/site-packages/airflow/example_dags/example_nested_branch_dag.py
[2021-12-21 00:07:03,853] {scheduler_job.py:643} INFO - DAG(s) dict_keys(['example_nested_branch_dag']) retrieved from /home/airflow/.local/lib/python3.8/site-packages/airflow/example_dags/example_nested_branch_dag.py
[2021-12-21 00:07:03,926] {logging_mixin.py:104} INFO - [2021-12-21 00:07:03,926] {dag.py:1833} INFO - Sync 1 DAGs
[2021-12-21 00:07:03,946] {logging_mixin.py:104} INFO - [2021-12-21 00:07:03,946] {dag.py:2306} INFO - Setting next_dagrun for example_nested_branch_dag to 2021-12-19 00:00:00+00:00
[2021-12-21 00:07:03,970] {scheduler_job.py:190} INFO - Processing /home/airflow/.local/lib/python3.8/site-packages/airflow/example_dags/example_nested_branch_dag.py took 0.173 seconds
[2021-12-21 00:07:34,713] {scheduler_job.py:182} INFO - Started process (PID=10350) to work on /home/airflow/.local/lib/python3.8/site-packages/airflow/example_dags/example_nested_branch_dag.py
[2021-12-21 00:07:34,736] {scheduler_job.py:633} INFO - Processing file /home/airflow/.local/lib/python3.8/site-packages/airflow/example_dags/example_nested_branch_dag.py for tasks to queue
[2021-12-21 00:07:34,741] {logging_mixin.py:104} INFO - [2021-12-21 00:07:34,740] {dagbag.py:496} INFO - Filling up the DagBag from /home/airflow/.local/lib/python3.8/site-packages/airflow/example_dags/example_nested_branch_dag.py
[2021-12-21 00:07:34,829] {scheduler_job.py:643} INFO - DAG(s) dict_keys(['example_nested_branch_dag']) retrieved from /home/airflow/.local/lib/python3.8/site-packages/airflow/example_dags/example_nested_branch_dag.py
[2021-12-21 00:07:34,879] {logging_mixin.py:104} INFO - [2021-12-21 00:07:34,879] {dag.py:1833} INFO - Sync 1 DAGs
[2021-12-21 00:07:34,904] {logging_mixin.py:104} INFO - [2021-12-21 00:07:34,904] {dag.py:2306} INFO - Setting next_dagrun for example_nested_branch_dag to 2021-12-19 00:00:00+00:00
[2021-12-21 00:07:34,923] {scheduler_job.py:190} INFO - Processing /home/airflow/.local/lib/python3.8/site-packages/airflow/example_dags/example_nested_branch_dag.py took 0.226 seconds
[2021-12-21 00:08:05,704] {scheduler_job.py:182} INFO - Started process (PID=10381) to work on /home/airflow/.local/lib/python3.8/site-packages/airflow/example_dags/example_nested_branch_dag.py
[2021-12-21 00:08:05,709] {scheduler_job.py:633} INFO - Processing file /home/airflow/.local/lib/python3.8/site-packages/airflow/example_dags/example_nested_branch_dag.py for tasks to queue
[2021-12-21 00:08:05,712] {logging_mixin.py:104} INFO - [2021-12-21 00:08:05,712] {dagbag.py:496} INFO - Filling up the DagBag from /home/airflow/.local/lib/python3.8/site-packages/airflow/example_dags/example_nested_branch_dag.py
[2021-12-21 00:08:05,739] {scheduler_job.py:643} INFO - DAG(s) dict_keys(['example_nested_branch_dag']) retrieved from /home/airflow/.local/lib/python3.8/site-packages/airflow/example_dags/example_nested_branch_dag.py
[2021-12-21 00:08:05,791] {logging_mixin.py:104} INFO - [2021-12-21 00:08:05,791] {dag.py:1833} INFO - Sync 1 DAGs
[2021-12-21 00:08:05,812] {logging_mixin.py:104} INFO - [2021-12-21 00:08:05,812] {dag.py:2306} INFO - Setting next_dagrun for example_nested_branch_dag to 2021-12-19 00:00:00+00:00
[2021-12-21 00:08:05,835] {scheduler_job.py:190} INFO - Processing /home/airflow/.local/lib/python3.8/site-packages/airflow/example_dags/example_nested_branch_dag.py took 0.144 seconds
[2021-12-21 00:08:36,185] {scheduler_job.py:182} INFO - Started process (PID=10412) to work on /home/airflow/.local/lib/python3.8/site-packages/airflow/example_dags/example_nested_branch_dag.py
[2021-12-21 00:08:36,190] {scheduler_job.py:633} INFO - Processing file /home/airflow/.local/lib/python3.8/site-packages/airflow/example_dags/example_nested_branch_dag.py for tasks to queue
[2021-12-21 00:08:36,194] {logging_mixin.py:104} INFO - [2021-12-21 00:08:36,194] {dagbag.py:496} INFO - Filling up the DagBag from /home/airflow/.local/lib/python3.8/site-packages/airflow/example_dags/example_nested_branch_dag.py
[2021-12-21 00:08:36,242] {scheduler_job.py:643} INFO - DAG(s) dict_keys(['example_nested_branch_dag']) retrieved from /home/airflow/.local/lib/python3.8/site-packages/airflow/example_dags/example_nested_branch_dag.py
[2021-12-21 00:08:36,306] {logging_mixin.py:104} INFO - [2021-12-21 00:08:36,306] {dag.py:1833} INFO - Sync 1 DAGs
[2021-12-21 00:08:36,349] {logging_mixin.py:104} INFO - [2021-12-21 00:08:36,348] {dag.py:2306} INFO - Setting next_dagrun for example_nested_branch_dag to 2021-12-19 00:00:00+00:00
[2021-12-21 00:08:36,382] {scheduler_job.py:190} INFO - Processing /home/airflow/.local/lib/python3.8/site-packages/airflow/example_dags/example_nested_branch_dag.py took 0.203 seconds
[2021-12-21 00:09:06,542] {scheduler_job.py:182} INFO - Started process (PID=10443) to work on /home/airflow/.local/lib/python3.8/site-packages/airflow/example_dags/example_nested_branch_dag.py
[2021-12-21 00:09:06,548] {scheduler_job.py:633} INFO - Processing file /home/airflow/.local/lib/python3.8/site-packages/airflow/example_dags/example_nested_branch_dag.py for tasks to queue
[2021-12-21 00:09:06,553] {logging_mixin.py:104} INFO - [2021-12-21 00:09:06,553] {dagbag.py:496} INFO - Filling up the DagBag from /home/airflow/.local/lib/python3.8/site-packages/airflow/example_dags/example_nested_branch_dag.py
[2021-12-21 00:09:06,609] {scheduler_job.py:643} INFO - DAG(s) dict_keys(['example_nested_branch_dag']) retrieved from /home/airflow/.local/lib/python3.8/site-packages/airflow/example_dags/example_nested_branch_dag.py
[2021-12-21 00:09:06,674] {logging_mixin.py:104} INFO - [2021-12-21 00:09:06,673] {dag.py:1833} INFO - Sync 1 DAGs
[2021-12-21 00:09:06,703] {logging_mixin.py:104} INFO - [2021-12-21 00:09:06,702] {dag.py:2306} INFO - Setting next_dagrun for example_nested_branch_dag to 2021-12-19 00:00:00+00:00
[2021-12-21 00:09:06,735] {scheduler_job.py:190} INFO - Processing /home/airflow/.local/lib/python3.8/site-packages/airflow/example_dags/example_nested_branch_dag.py took 0.214 seconds
[2021-12-21 00:09:36,932] {scheduler_job.py:182} INFO - Started process (PID=10474) to work on /home/airflow/.local/lib/python3.8/site-packages/airflow/example_dags/example_nested_branch_dag.py
[2021-12-21 00:09:36,937] {scheduler_job.py:633} INFO - Processing file /home/airflow/.local/lib/python3.8/site-packages/airflow/example_dags/example_nested_branch_dag.py for tasks to queue
[2021-12-21 00:09:36,940] {logging_mixin.py:104} INFO - [2021-12-21 00:09:36,940] {dagbag.py:496} INFO - Filling up the DagBag from /home/airflow/.local/lib/python3.8/site-packages/airflow/example_dags/example_nested_branch_dag.py
[2021-12-21 00:09:36,966] {scheduler_job.py:643} INFO - DAG(s) dict_keys(['example_nested_branch_dag']) retrieved from /home/airflow/.local/lib/python3.8/site-packages/airflow/example_dags/example_nested_branch_dag.py
[2021-12-21 00:09:37,018] {logging_mixin.py:104} INFO - [2021-12-21 00:09:37,018] {dag.py:1833} INFO - Sync 1 DAGs
[2021-12-21 00:09:37,039] {logging_mixin.py:104} INFO - [2021-12-21 00:09:37,039] {dag.py:2306} INFO - Setting next_dagrun for example_nested_branch_dag to 2021-12-19 00:00:00+00:00
[2021-12-21 00:09:37,059] {scheduler_job.py:190} INFO - Processing /home/airflow/.local/lib/python3.8/site-packages/airflow/example_dags/example_nested_branch_dag.py took 0.133 seconds
[2021-12-21 00:10:07,234] {scheduler_job.py:182} INFO - Started process (PID=10505) to work on /home/airflow/.local/lib/python3.8/site-packages/airflow/example_dags/example_nested_branch_dag.py
[2021-12-21 00:10:07,243] {scheduler_job.py:633} INFO - Processing file /home/airflow/.local/lib/python3.8/site-packages/airflow/example_dags/example_nested_branch_dag.py for tasks to queue
[2021-12-21 00:10:07,259] {logging_mixin.py:104} INFO - [2021-12-21 00:10:07,257] {dagbag.py:496} INFO - Filling up the DagBag from /home/airflow/.local/lib/python3.8/site-packages/airflow/example_dags/example_nested_branch_dag.py
[2021-12-21 00:10:07,305] {scheduler_job.py:643} INFO - DAG(s) dict_keys(['example_nested_branch_dag']) retrieved from /home/airflow/.local/lib/python3.8/site-packages/airflow/example_dags/example_nested_branch_dag.py
[2021-12-21 00:10:07,374] {logging_mixin.py:104} INFO - [2021-12-21 00:10:07,373] {dag.py:1833} INFO - Sync 1 DAGs
[2021-12-21 00:10:07,418] {logging_mixin.py:104} INFO - [2021-12-21 00:10:07,418] {dag.py:2306} INFO - Setting next_dagrun for example_nested_branch_dag to 2021-12-19 00:00:00+00:00
[2021-12-21 00:10:07,457] {scheduler_job.py:190} INFO - Processing /home/airflow/.local/lib/python3.8/site-packages/airflow/example_dags/example_nested_branch_dag.py took 0.245 seconds
[2021-12-21 00:10:37,986] {scheduler_job.py:182} INFO - Started process (PID=10536) to work on /home/airflow/.local/lib/python3.8/site-packages/airflow/example_dags/example_nested_branch_dag.py
[2021-12-21 00:10:37,993] {scheduler_job.py:633} INFO - Processing file /home/airflow/.local/lib/python3.8/site-packages/airflow/example_dags/example_nested_branch_dag.py for tasks to queue
[2021-12-21 00:10:37,996] {logging_mixin.py:104} INFO - [2021-12-21 00:10:37,996] {dagbag.py:496} INFO - Filling up the DagBag from /home/airflow/.local/lib/python3.8/site-packages/airflow/example_dags/example_nested_branch_dag.py
[2021-12-21 00:10:38,038] {scheduler_job.py:643} INFO - DAG(s) dict_keys(['example_nested_branch_dag']) retrieved from /home/airflow/.local/lib/python3.8/site-packages/airflow/example_dags/example_nested_branch_dag.py
[2021-12-21 00:10:38,088] {logging_mixin.py:104} INFO - [2021-12-21 00:10:38,088] {dag.py:1833} INFO - Sync 1 DAGs
[2021-12-21 00:10:38,112] {logging_mixin.py:104} INFO - [2021-12-21 00:10:38,111] {dag.py:2306} INFO - Setting next_dagrun for example_nested_branch_dag to 2021-12-19 00:00:00+00:00
[2021-12-21 00:10:38,139] {scheduler_job.py:190} INFO - Processing /home/airflow/.local/lib/python3.8/site-packages/airflow/example_dags/example_nested_branch_dag.py took 0.160 seconds
[2021-12-21 00:11:08,717] {scheduler_job.py:182} INFO - Started process (PID=10567) to work on /home/airflow/.local/lib/python3.8/site-packages/airflow/example_dags/example_nested_branch_dag.py
[2021-12-21 00:11:08,720] {scheduler_job.py:633} INFO - Processing file /home/airflow/.local/lib/python3.8/site-packages/airflow/example_dags/example_nested_branch_dag.py for tasks to queue
[2021-12-21 00:11:08,723] {logging_mixin.py:104} INFO - [2021-12-21 00:11:08,723] {dagbag.py:496} INFO - Filling up the DagBag from /home/airflow/.local/lib/python3.8/site-packages/airflow/example_dags/example_nested_branch_dag.py
[2021-12-21 00:11:08,764] {scheduler_job.py:643} INFO - DAG(s) dict_keys(['example_nested_branch_dag']) retrieved from /home/airflow/.local/lib/python3.8/site-packages/airflow/example_dags/example_nested_branch_dag.py
[2021-12-21 00:11:08,811] {logging_mixin.py:104} INFO - [2021-12-21 00:11:08,811] {dag.py:1833} INFO - Sync 1 DAGs
[2021-12-21 00:11:08,845] {logging_mixin.py:104} INFO - [2021-12-21 00:11:08,845] {dag.py:2306} INFO - Setting next_dagrun for example_nested_branch_dag to 2021-12-19 00:00:00+00:00
[2021-12-21 00:11:08,866] {scheduler_job.py:190} INFO - Processing /home/airflow/.local/lib/python3.8/site-packages/airflow/example_dags/example_nested_branch_dag.py took 0.161 seconds
[2021-12-21 00:11:38,952] {scheduler_job.py:182} INFO - Started process (PID=10598) to work on /home/airflow/.local/lib/python3.8/site-packages/airflow/example_dags/example_nested_branch_dag.py
[2021-12-21 00:11:38,958] {scheduler_job.py:633} INFO - Processing file /home/airflow/.local/lib/python3.8/site-packages/airflow/example_dags/example_nested_branch_dag.py for tasks to queue
[2021-12-21 00:11:38,961] {logging_mixin.py:104} INFO - [2021-12-21 00:11:38,961] {dagbag.py:496} INFO - Filling up the DagBag from /home/airflow/.local/lib/python3.8/site-packages/airflow/example_dags/example_nested_branch_dag.py
[2021-12-21 00:11:39,007] {scheduler_job.py:643} INFO - DAG(s) dict_keys(['example_nested_branch_dag']) retrieved from /home/airflow/.local/lib/python3.8/site-packages/airflow/example_dags/example_nested_branch_dag.py
[2021-12-21 00:11:39,069] {logging_mixin.py:104} INFO - [2021-12-21 00:11:39,068] {dag.py:1833} INFO - Sync 1 DAGs
[2021-12-21 00:11:39,099] {logging_mixin.py:104} INFO - [2021-12-21 00:11:39,098] {dag.py:2306} INFO - Setting next_dagrun for example_nested_branch_dag to 2021-12-19 00:00:00+00:00
[2021-12-21 00:11:39,124] {scheduler_job.py:190} INFO - Processing /home/airflow/.local/lib/python3.8/site-packages/airflow/example_dags/example_nested_branch_dag.py took 0.179 seconds
[2021-12-21 00:12:09,311] {scheduler_job.py:182} INFO - Started process (PID=10629) to work on /home/airflow/.local/lib/python3.8/site-packages/airflow/example_dags/example_nested_branch_dag.py
[2021-12-21 00:12:09,315] {scheduler_job.py:633} INFO - Processing file /home/airflow/.local/lib/python3.8/site-packages/airflow/example_dags/example_nested_branch_dag.py for tasks to queue
[2021-12-21 00:12:09,318] {logging_mixin.py:104} INFO - [2021-12-21 00:12:09,318] {dagbag.py:496} INFO - Filling up the DagBag from /home/airflow/.local/lib/python3.8/site-packages/airflow/example_dags/example_nested_branch_dag.py
[2021-12-21 00:12:09,343] {scheduler_job.py:643} INFO - DAG(s) dict_keys(['example_nested_branch_dag']) retrieved from /home/airflow/.local/lib/python3.8/site-packages/airflow/example_dags/example_nested_branch_dag.py
[2021-12-21 00:12:09,386] {logging_mixin.py:104} INFO - [2021-12-21 00:12:09,386] {dag.py:1833} INFO - Sync 1 DAGs
[2021-12-21 00:12:09,428] {logging_mixin.py:104} INFO - [2021-12-21 00:12:09,428] {dag.py:2306} INFO - Setting next_dagrun for example_nested_branch_dag to 2021-12-19 00:00:00+00:00
[2021-12-21 00:12:09,460] {scheduler_job.py:190} INFO - Processing /home/airflow/.local/lib/python3.8/site-packages/airflow/example_dags/example_nested_branch_dag.py took 0.153 seconds
[2021-12-21 00:12:40,510] {scheduler_job.py:182} INFO - Started process (PID=10660) to work on /home/airflow/.local/lib/python3.8/site-packages/airflow/example_dags/example_nested_branch_dag.py
[2021-12-21 00:12:40,529] {scheduler_job.py:633} INFO - Processing file /home/airflow/.local/lib/python3.8/site-packages/airflow/example_dags/example_nested_branch_dag.py for tasks to queue
[2021-12-21 00:12:40,532] {logging_mixin.py:104} INFO - [2021-12-21 00:12:40,532] {dagbag.py:496} INFO - Filling up the DagBag from /home/airflow/.local/lib/python3.8/site-packages/airflow/example_dags/example_nested_branch_dag.py
[2021-12-21 00:12:40,561] {scheduler_job.py:643} INFO - DAG(s) dict_keys(['example_nested_branch_dag']) retrieved from /home/airflow/.local/lib/python3.8/site-packages/airflow/example_dags/example_nested_branch_dag.py
[2021-12-21 00:12:40,622] {logging_mixin.py:104} INFO - [2021-12-21 00:12:40,622] {dag.py:1833} INFO - Sync 1 DAGs
[2021-12-21 00:12:40,648] {logging_mixin.py:104} INFO - [2021-12-21 00:12:40,648] {dag.py:2306} INFO - Setting next_dagrun for example_nested_branch_dag to 2021-12-19 00:00:00+00:00
[2021-12-21 00:12:40,674] {scheduler_job.py:190} INFO - Processing /home/airflow/.local/lib/python3.8/site-packages/airflow/example_dags/example_nested_branch_dag.py took 0.184 seconds
[2021-12-21 00:13:10,818] {scheduler_job.py:182} INFO - Started process (PID=10691) to work on /home/airflow/.local/lib/python3.8/site-packages/airflow/example_dags/example_nested_branch_dag.py
[2021-12-21 00:13:10,822] {scheduler_job.py:633} INFO - Processing file /home/airflow/.local/lib/python3.8/site-packages/airflow/example_dags/example_nested_branch_dag.py for tasks to queue
[2021-12-21 00:13:10,824] {logging_mixin.py:104} INFO - [2021-12-21 00:13:10,824] {dagbag.py:496} INFO - Filling up the DagBag from /home/airflow/.local/lib/python3.8/site-packages/airflow/example_dags/example_nested_branch_dag.py
[2021-12-21 00:13:10,846] {scheduler_job.py:643} INFO - DAG(s) dict_keys(['example_nested_branch_dag']) retrieved from /home/airflow/.local/lib/python3.8/site-packages/airflow/example_dags/example_nested_branch_dag.py
[2021-12-21 00:13:10,910] {logging_mixin.py:104} INFO - [2021-12-21 00:13:10,909] {dag.py:1833} INFO - Sync 1 DAGs
[2021-12-21 00:13:10,941] {logging_mixin.py:104} INFO - [2021-12-21 00:13:10,941] {dag.py:2306} INFO - Setting next_dagrun for example_nested_branch_dag to 2021-12-19 00:00:00+00:00
[2021-12-21 00:13:10,962] {scheduler_job.py:190} INFO - Processing /home/airflow/.local/lib/python3.8/site-packages/airflow/example_dags/example_nested_branch_dag.py took 0.150 seconds
[2021-12-21 00:13:41,242] {scheduler_job.py:182} INFO - Started process (PID=10721) to work on /home/airflow/.local/lib/python3.8/site-packages/airflow/example_dags/example_nested_branch_dag.py
[2021-12-21 00:13:41,247] {scheduler_job.py:633} INFO - Processing file /home/airflow/.local/lib/python3.8/site-packages/airflow/example_dags/example_nested_branch_dag.py for tasks to queue
[2021-12-21 00:13:41,250] {logging_mixin.py:104} INFO - [2021-12-21 00:13:41,250] {dagbag.py:496} INFO - Filling up the DagBag from /home/airflow/.local/lib/python3.8/site-packages/airflow/example_dags/example_nested_branch_dag.py
[2021-12-21 00:13:41,286] {scheduler_job.py:643} INFO - DAG(s) dict_keys(['example_nested_branch_dag']) retrieved from /home/airflow/.local/lib/python3.8/site-packages/airflow/example_dags/example_nested_branch_dag.py
[2021-12-21 00:13:41,373] {logging_mixin.py:104} INFO - [2021-12-21 00:13:41,372] {dag.py:1833} INFO - Sync 1 DAGs
[2021-12-21 00:13:41,417] {logging_mixin.py:104} INFO - [2021-12-21 00:13:41,417] {dag.py:2306} INFO - Setting next_dagrun for example_nested_branch_dag to 2021-12-19 00:00:00+00:00
[2021-12-21 00:13:41,442] {scheduler_job.py:190} INFO - Processing /home/airflow/.local/lib/python3.8/site-packages/airflow/example_dags/example_nested_branch_dag.py took 0.208 seconds
[2021-12-21 00:14:11,598] {scheduler_job.py:182} INFO - Started process (PID=10752) to work on /home/airflow/.local/lib/python3.8/site-packages/airflow/example_dags/example_nested_branch_dag.py
[2021-12-21 00:14:11,602] {scheduler_job.py:633} INFO - Processing file /home/airflow/.local/lib/python3.8/site-packages/airflow/example_dags/example_nested_branch_dag.py for tasks to queue
[2021-12-21 00:14:11,604] {logging_mixin.py:104} INFO - [2021-12-21 00:14:11,604] {dagbag.py:496} INFO - Filling up the DagBag from /home/airflow/.local/lib/python3.8/site-packages/airflow/example_dags/example_nested_branch_dag.py
[2021-12-21 00:14:11,631] {scheduler_job.py:643} INFO - DAG(s) dict_keys(['example_nested_branch_dag']) retrieved from /home/airflow/.local/lib/python3.8/site-packages/airflow/example_dags/example_nested_branch_dag.py
[2021-12-21 00:14:11,677] {logging_mixin.py:104} INFO - [2021-12-21 00:14:11,677] {dag.py:1833} INFO - Sync 1 DAGs
[2021-12-21 00:14:11,697] {logging_mixin.py:104} INFO - [2021-12-21 00:14:11,697] {dag.py:2306} INFO - Setting next_dagrun for example_nested_branch_dag to 2021-12-19 00:00:00+00:00
[2021-12-21 00:14:11,719] {scheduler_job.py:190} INFO - Processing /home/airflow/.local/lib/python3.8/site-packages/airflow/example_dags/example_nested_branch_dag.py took 0.128 seconds
[2021-12-21 00:14:42,182] {scheduler_job.py:182} INFO - Started process (PID=10783) to work on /home/airflow/.local/lib/python3.8/site-packages/airflow/example_dags/example_nested_branch_dag.py
[2021-12-21 00:14:42,191] {scheduler_job.py:633} INFO - Processing file /home/airflow/.local/lib/python3.8/site-packages/airflow/example_dags/example_nested_branch_dag.py for tasks to queue
[2021-12-21 00:14:42,196] {logging_mixin.py:104} INFO - [2021-12-21 00:14:42,196] {dagbag.py:496} INFO - Filling up the DagBag from /home/airflow/.local/lib/python3.8/site-packages/airflow/example_dags/example_nested_branch_dag.py
[2021-12-21 00:14:42,245] {scheduler_job.py:643} INFO - DAG(s) dict_keys(['example_nested_branch_dag']) retrieved from /home/airflow/.local/lib/python3.8/site-packages/airflow/example_dags/example_nested_branch_dag.py
[2021-12-21 00:14:42,302] {logging_mixin.py:104} INFO - [2021-12-21 00:14:42,301] {dag.py:1833} INFO - Sync 1 DAGs
[2021-12-21 00:14:42,321] {logging_mixin.py:104} INFO - [2021-12-21 00:14:42,321] {dag.py:2306} INFO - Setting next_dagrun for example_nested_branch_dag to 2021-12-19 00:00:00+00:00
[2021-12-21 00:14:42,338] {scheduler_job.py:190} INFO - Processing /home/airflow/.local/lib/python3.8/site-packages/airflow/example_dags/example_nested_branch_dag.py took 0.160 seconds
[2021-12-21 00:15:12,766] {scheduler_job.py:182} INFO - Started process (PID=10814) to work on /home/airflow/.local/lib/python3.8/site-packages/airflow/example_dags/example_nested_branch_dag.py
[2021-12-21 00:15:12,776] {scheduler_job.py:633} INFO - Processing file /home/airflow/.local/lib/python3.8/site-packages/airflow/example_dags/example_nested_branch_dag.py for tasks to queue
[2021-12-21 00:15:12,781] {logging_mixin.py:104} INFO - [2021-12-21 00:15:12,780] {dagbag.py:496} INFO - Filling up the DagBag from /home/airflow/.local/lib/python3.8/site-packages/airflow/example_dags/example_nested_branch_dag.py
[2021-12-21 00:15:12,811] {scheduler_job.py:643} INFO - DAG(s) dict_keys(['example_nested_branch_dag']) retrieved from /home/airflow/.local/lib/python3.8/site-packages/airflow/example_dags/example_nested_branch_dag.py
[2021-12-21 00:15:12,879] {logging_mixin.py:104} INFO - [2021-12-21 00:15:12,879] {dag.py:1833} INFO - Sync 1 DAGs
[2021-12-21 00:15:12,900] {logging_mixin.py:104} INFO - [2021-12-21 00:15:12,900] {dag.py:2306} INFO - Setting next_dagrun for example_nested_branch_dag to 2021-12-19 00:00:00+00:00
[2021-12-21 00:15:12,922] {scheduler_job.py:190} INFO - Processing /home/airflow/.local/lib/python3.8/site-packages/airflow/example_dags/example_nested_branch_dag.py took 0.166 seconds
[2021-12-21 00:15:43,120] {scheduler_job.py:182} INFO - Started process (PID=10845) to work on /home/airflow/.local/lib/python3.8/site-packages/airflow/example_dags/example_nested_branch_dag.py
[2021-12-21 00:15:43,123] {scheduler_job.py:633} INFO - Processing file /home/airflow/.local/lib/python3.8/site-packages/airflow/example_dags/example_nested_branch_dag.py for tasks to queue
[2021-12-21 00:15:43,126] {logging_mixin.py:104} INFO - [2021-12-21 00:15:43,126] {dagbag.py:496} INFO - Filling up the DagBag from /home/airflow/.local/lib/python3.8/site-packages/airflow/example_dags/example_nested_branch_dag.py
[2021-12-21 00:15:43,156] {scheduler_job.py:643} INFO - DAG(s) dict_keys(['example_nested_branch_dag']) retrieved from /home/airflow/.local/lib/python3.8/site-packages/airflow/example_dags/example_nested_branch_dag.py
[2021-12-21 00:15:43,220] {logging_mixin.py:104} INFO - [2021-12-21 00:15:43,220] {dag.py:1833} INFO - Sync 1 DAGs
[2021-12-21 00:15:43,249] {logging_mixin.py:104} INFO - [2021-12-21 00:15:43,249] {dag.py:2306} INFO - Setting next_dagrun for example_nested_branch_dag to 2021-12-19 00:00:00+00:00
[2021-12-21 00:15:43,271] {scheduler_job.py:190} INFO - Processing /home/airflow/.local/lib/python3.8/site-packages/airflow/example_dags/example_nested_branch_dag.py took 0.159 seconds
[2021-12-21 00:16:13,342] {scheduler_job.py:182} INFO - Started process (PID=10875) to work on /home/airflow/.local/lib/python3.8/site-packages/airflow/example_dags/example_nested_branch_dag.py
[2021-12-21 00:16:13,347] {scheduler_job.py:633} INFO - Processing file /home/airflow/.local/lib/python3.8/site-packages/airflow/example_dags/example_nested_branch_dag.py for tasks to queue
[2021-12-21 00:16:13,354] {logging_mixin.py:104} INFO - [2021-12-21 00:16:13,353] {dagbag.py:496} INFO - Filling up the DagBag from /home/airflow/.local/lib/python3.8/site-packages/airflow/example_dags/example_nested_branch_dag.py
[2021-12-21 00:16:13,381] {scheduler_job.py:643} INFO - DAG(s) dict_keys(['example_nested_branch_dag']) retrieved from /home/airflow/.local/lib/python3.8/site-packages/airflow/example_dags/example_nested_branch_dag.py
[2021-12-21 00:16:13,434] {logging_mixin.py:104} INFO - [2021-12-21 00:16:13,434] {dag.py:1833} INFO - Sync 1 DAGs
[2021-12-21 00:16:13,454] {logging_mixin.py:104} INFO - [2021-12-21 00:16:13,454] {dag.py:2306} INFO - Setting next_dagrun for example_nested_branch_dag to 2021-12-19 00:00:00+00:00
[2021-12-21 00:16:13,477] {scheduler_job.py:190} INFO - Processing /home/airflow/.local/lib/python3.8/site-packages/airflow/example_dags/example_nested_branch_dag.py took 0.148 seconds
[2021-12-21 00:16:43,580] {scheduler_job.py:182} INFO - Started process (PID=10906) to work on /home/airflow/.local/lib/python3.8/site-packages/airflow/example_dags/example_nested_branch_dag.py
[2021-12-21 00:16:43,587] {scheduler_job.py:633} INFO - Processing file /home/airflow/.local/lib/python3.8/site-packages/airflow/example_dags/example_nested_branch_dag.py for tasks to queue
[2021-12-21 00:16:43,594] {logging_mixin.py:104} INFO - [2021-12-21 00:16:43,593] {dagbag.py:496} INFO - Filling up the DagBag from /home/airflow/.local/lib/python3.8/site-packages/airflow/example_dags/example_nested_branch_dag.py
[2021-12-21 00:16:43,620] {scheduler_job.py:643} INFO - DAG(s) dict_keys(['example_nested_branch_dag']) retrieved from /home/airflow/.local/lib/python3.8/site-packages/airflow/example_dags/example_nested_branch_dag.py
[2021-12-21 00:16:43,670] {logging_mixin.py:104} INFO - [2021-12-21 00:16:43,670] {dag.py:1833} INFO - Sync 1 DAGs
[2021-12-21 00:16:43,689] {logging_mixin.py:104} INFO - [2021-12-21 00:16:43,689] {dag.py:2306} INFO - Setting next_dagrun for example_nested_branch_dag to 2021-12-19 00:00:00+00:00
[2021-12-21 00:16:43,711] {scheduler_job.py:190} INFO - Processing /home/airflow/.local/lib/python3.8/site-packages/airflow/example_dags/example_nested_branch_dag.py took 0.141 seconds
[2021-12-21 00:17:14,112] {scheduler_job.py:182} INFO - Started process (PID=10937) to work on /home/airflow/.local/lib/python3.8/site-packages/airflow/example_dags/example_nested_branch_dag.py
[2021-12-21 00:17:14,116] {scheduler_job.py:633} INFO - Processing file /home/airflow/.local/lib/python3.8/site-packages/airflow/example_dags/example_nested_branch_dag.py for tasks to queue
[2021-12-21 00:17:14,122] {logging_mixin.py:104} INFO - [2021-12-21 00:17:14,120] {dagbag.py:496} INFO - Filling up the DagBag from /home/airflow/.local/lib/python3.8/site-packages/airflow/example_dags/example_nested_branch_dag.py
[2021-12-21 00:17:14,145] {scheduler_job.py:643} INFO - DAG(s) dict_keys(['example_nested_branch_dag']) retrieved from /home/airflow/.local/lib/python3.8/site-packages/airflow/example_dags/example_nested_branch_dag.py
[2021-12-21 00:17:14,200] {logging_mixin.py:104} INFO - [2021-12-21 00:17:14,200] {dag.py:1833} INFO - Sync 1 DAGs
[2021-12-21 00:17:14,222] {logging_mixin.py:104} INFO - [2021-12-21 00:17:14,222] {dag.py:2306} INFO - Setting next_dagrun for example_nested_branch_dag to 2021-12-19 00:00:00+00:00
[2021-12-21 00:17:14,244] {scheduler_job.py:190} INFO - Processing /home/airflow/.local/lib/python3.8/site-packages/airflow/example_dags/example_nested_branch_dag.py took 0.137 seconds
[2021-12-21 00:17:44,454] {scheduler_job.py:182} INFO - Started process (PID=10968) to work on /home/airflow/.local/lib/python3.8/site-packages/airflow/example_dags/example_nested_branch_dag.py
[2021-12-21 00:17:44,458] {scheduler_job.py:633} INFO - Processing file /home/airflow/.local/lib/python3.8/site-packages/airflow/example_dags/example_nested_branch_dag.py for tasks to queue
[2021-12-21 00:17:44,463] {logging_mixin.py:104} INFO - [2021-12-21 00:17:44,462] {dagbag.py:496} INFO - Filling up the DagBag from /home/airflow/.local/lib/python3.8/site-packages/airflow/example_dags/example_nested_branch_dag.py
[2021-12-21 00:17:44,499] {scheduler_job.py:643} INFO - DAG(s) dict_keys(['example_nested_branch_dag']) retrieved from /home/airflow/.local/lib/python3.8/site-packages/airflow/example_dags/example_nested_branch_dag.py
[2021-12-21 00:17:44,552] {logging_mixin.py:104} INFO - [2021-12-21 00:17:44,552] {dag.py:1833} INFO - Sync 1 DAGs
[2021-12-21 00:17:44,573] {logging_mixin.py:104} INFO - [2021-12-21 00:17:44,573] {dag.py:2306} INFO - Setting next_dagrun for example_nested_branch_dag to 2021-12-19 00:00:00+00:00
[2021-12-21 00:17:44,596] {scheduler_job.py:190} INFO - Processing /home/airflow/.local/lib/python3.8/site-packages/airflow/example_dags/example_nested_branch_dag.py took 0.154 seconds
[2021-12-21 00:18:14,823] {scheduler_job.py:182} INFO - Started process (PID=10999) to work on /home/airflow/.local/lib/python3.8/site-packages/airflow/example_dags/example_nested_branch_dag.py
[2021-12-21 00:18:14,827] {scheduler_job.py:633} INFO - Processing file /home/airflow/.local/lib/python3.8/site-packages/airflow/example_dags/example_nested_branch_dag.py for tasks to queue
[2021-12-21 00:18:14,829] {logging_mixin.py:104} INFO - [2021-12-21 00:18:14,829] {dagbag.py:496} INFO - Filling up the DagBag from /home/airflow/.local/lib/python3.8/site-packages/airflow/example_dags/example_nested_branch_dag.py
[2021-12-21 00:18:14,858] {scheduler_job.py:643} INFO - DAG(s) dict_keys(['example_nested_branch_dag']) retrieved from /home/airflow/.local/lib/python3.8/site-packages/airflow/example_dags/example_nested_branch_dag.py
[2021-12-21 00:18:14,904] {logging_mixin.py:104} INFO - [2021-12-21 00:18:14,904] {dag.py:1833} INFO - Sync 1 DAGs
[2021-12-21 00:18:14,923] {logging_mixin.py:104} INFO - [2021-12-21 00:18:14,923] {dag.py:2306} INFO - Setting next_dagrun for example_nested_branch_dag to 2021-12-19 00:00:00+00:00
[2021-12-21 00:18:14,955] {scheduler_job.py:190} INFO - Processing /home/airflow/.local/lib/python3.8/site-packages/airflow/example_dags/example_nested_branch_dag.py took 0.137 seconds
[2021-12-21 00:18:45,207] {scheduler_job.py:182} INFO - Started process (PID=11030) to work on /home/airflow/.local/lib/python3.8/site-packages/airflow/example_dags/example_nested_branch_dag.py
[2021-12-21 00:18:45,212] {scheduler_job.py:633} INFO - Processing file /home/airflow/.local/lib/python3.8/site-packages/airflow/example_dags/example_nested_branch_dag.py for tasks to queue
[2021-12-21 00:18:45,214] {logging_mixin.py:104} INFO - [2021-12-21 00:18:45,214] {dagbag.py:496} INFO - Filling up the DagBag from /home/airflow/.local/lib/python3.8/site-packages/airflow/example_dags/example_nested_branch_dag.py
[2021-12-21 00:18:45,237] {scheduler_job.py:643} INFO - DAG(s) dict_keys(['example_nested_branch_dag']) retrieved from /home/airflow/.local/lib/python3.8/site-packages/airflow/example_dags/example_nested_branch_dag.py
[2021-12-21 00:18:45,285] {logging_mixin.py:104} INFO - [2021-12-21 00:18:45,285] {dag.py:1833} INFO - Sync 1 DAGs
[2021-12-21 00:18:45,310] {logging_mixin.py:104} INFO - [2021-12-21 00:18:45,310] {dag.py:2306} INFO - Setting next_dagrun for example_nested_branch_dag to 2021-12-19 00:00:00+00:00
[2021-12-21 00:18:45,333] {scheduler_job.py:190} INFO - Processing /home/airflow/.local/lib/python3.8/site-packages/airflow/example_dags/example_nested_branch_dag.py took 0.130 seconds
[2021-12-21 00:19:16,094] {scheduler_job.py:182} INFO - Started process (PID=11061) to work on /home/airflow/.local/lib/python3.8/site-packages/airflow/example_dags/example_nested_branch_dag.py
[2021-12-21 00:19:16,099] {scheduler_job.py:633} INFO - Processing file /home/airflow/.local/lib/python3.8/site-packages/airflow/example_dags/example_nested_branch_dag.py for tasks to queue
[2021-12-21 00:19:16,102] {logging_mixin.py:104} INFO - [2021-12-21 00:19:16,102] {dagbag.py:496} INFO - Filling up the DagBag from /home/airflow/.local/lib/python3.8/site-packages/airflow/example_dags/example_nested_branch_dag.py
[2021-12-21 00:19:16,147] {scheduler_job.py:643} INFO - DAG(s) dict_keys(['example_nested_branch_dag']) retrieved from /home/airflow/.local/lib/python3.8/site-packages/airflow/example_dags/example_nested_branch_dag.py
[2021-12-21 00:19:16,214] {logging_mixin.py:104} INFO - [2021-12-21 00:19:16,214] {dag.py:1833} INFO - Sync 1 DAGs
[2021-12-21 00:19:16,245] {logging_mixin.py:104} INFO - [2021-12-21 00:19:16,245] {dag.py:2306} INFO - Setting next_dagrun for example_nested_branch_dag to 2021-12-19 00:00:00+00:00
[2021-12-21 00:19:16,299] {scheduler_job.py:190} INFO - Processing /home/airflow/.local/lib/python3.8/site-packages/airflow/example_dags/example_nested_branch_dag.py took 0.211 seconds
[2021-12-21 00:19:46,726] {scheduler_job.py:182} INFO - Started process (PID=11092) to work on /home/airflow/.local/lib/python3.8/site-packages/airflow/example_dags/example_nested_branch_dag.py
[2021-12-21 00:19:46,730] {scheduler_job.py:633} INFO - Processing file /home/airflow/.local/lib/python3.8/site-packages/airflow/example_dags/example_nested_branch_dag.py for tasks to queue
[2021-12-21 00:19:46,732] {logging_mixin.py:104} INFO - [2021-12-21 00:19:46,731] {dagbag.py:496} INFO - Filling up the DagBag from /home/airflow/.local/lib/python3.8/site-packages/airflow/example_dags/example_nested_branch_dag.py
[2021-12-21 00:19:46,753] {scheduler_job.py:643} INFO - DAG(s) dict_keys(['example_nested_branch_dag']) retrieved from /home/airflow/.local/lib/python3.8/site-packages/airflow/example_dags/example_nested_branch_dag.py
[2021-12-21 00:19:46,802] {logging_mixin.py:104} INFO - [2021-12-21 00:19:46,802] {dag.py:1833} INFO - Sync 1 DAGs
[2021-12-21 00:19:46,825] {logging_mixin.py:104} INFO - [2021-12-21 00:19:46,824] {dag.py:2306} INFO - Setting next_dagrun for example_nested_branch_dag to 2021-12-19 00:00:00+00:00
[2021-12-21 00:19:46,843] {scheduler_job.py:190} INFO - Processing /home/airflow/.local/lib/python3.8/site-packages/airflow/example_dags/example_nested_branch_dag.py took 0.122 seconds
[2021-12-21 00:20:17,629] {scheduler_job.py:182} INFO - Started process (PID=11123) to work on /home/airflow/.local/lib/python3.8/site-packages/airflow/example_dags/example_nested_branch_dag.py
[2021-12-21 00:20:17,639] {scheduler_job.py:633} INFO - Processing file /home/airflow/.local/lib/python3.8/site-packages/airflow/example_dags/example_nested_branch_dag.py for tasks to queue
[2021-12-21 00:20:17,644] {logging_mixin.py:104} INFO - [2021-12-21 00:20:17,643] {dagbag.py:496} INFO - Filling up the DagBag from /home/airflow/.local/lib/python3.8/site-packages/airflow/example_dags/example_nested_branch_dag.py
[2021-12-21 00:20:17,688] {scheduler_job.py:643} INFO - DAG(s) dict_keys(['example_nested_branch_dag']) retrieved from /home/airflow/.local/lib/python3.8/site-packages/airflow/example_dags/example_nested_branch_dag.py
[2021-12-21 00:20:17,743] {logging_mixin.py:104} INFO - [2021-12-21 00:20:17,743] {dag.py:1833} INFO - Sync 1 DAGs
[2021-12-21 00:20:17,770] {logging_mixin.py:104} INFO - [2021-12-21 00:20:17,770] {dag.py:2306} INFO - Setting next_dagrun for example_nested_branch_dag to 2021-12-19 00:00:00+00:00
[2021-12-21 00:20:17,797] {scheduler_job.py:190} INFO - Processing /home/airflow/.local/lib/python3.8/site-packages/airflow/example_dags/example_nested_branch_dag.py took 0.180 seconds
[2021-12-21 00:20:47,948] {scheduler_job.py:182} INFO - Started process (PID=11154) to work on /home/airflow/.local/lib/python3.8/site-packages/airflow/example_dags/example_nested_branch_dag.py
[2021-12-21 00:20:47,954] {scheduler_job.py:633} INFO - Processing file /home/airflow/.local/lib/python3.8/site-packages/airflow/example_dags/example_nested_branch_dag.py for tasks to queue
[2021-12-21 00:20:47,958] {logging_mixin.py:104} INFO - [2021-12-21 00:20:47,958] {dagbag.py:496} INFO - Filling up the DagBag from /home/airflow/.local/lib/python3.8/site-packages/airflow/example_dags/example_nested_branch_dag.py
[2021-12-21 00:20:47,995] {scheduler_job.py:643} INFO - DAG(s) dict_keys(['example_nested_branch_dag']) retrieved from /home/airflow/.local/lib/python3.8/site-packages/airflow/example_dags/example_nested_branch_dag.py
[2021-12-21 00:20:48,062] {logging_mixin.py:104} INFO - [2021-12-21 00:20:48,062] {dag.py:1833} INFO - Sync 1 DAGs
[2021-12-21 00:20:48,088] {logging_mixin.py:104} INFO - [2021-12-21 00:20:48,088] {dag.py:2306} INFO - Setting next_dagrun for example_nested_branch_dag to 2021-12-19 00:00:00+00:00
[2021-12-21 00:20:48,109] {scheduler_job.py:190} INFO - Processing /home/airflow/.local/lib/python3.8/site-packages/airflow/example_dags/example_nested_branch_dag.py took 0.167 seconds
[2021-12-21 00:21:18,595] {scheduler_job.py:182} INFO - Started process (PID=11185) to work on /home/airflow/.local/lib/python3.8/site-packages/airflow/example_dags/example_nested_branch_dag.py
[2021-12-21 00:21:18,608] {scheduler_job.py:633} INFO - Processing file /home/airflow/.local/lib/python3.8/site-packages/airflow/example_dags/example_nested_branch_dag.py for tasks to queue
[2021-12-21 00:21:18,612] {logging_mixin.py:104} INFO - [2021-12-21 00:21:18,611] {dagbag.py:496} INFO - Filling up the DagBag from /home/airflow/.local/lib/python3.8/site-packages/airflow/example_dags/example_nested_branch_dag.py
[2021-12-21 00:21:18,639] {scheduler_job.py:643} INFO - DAG(s) dict_keys(['example_nested_branch_dag']) retrieved from /home/airflow/.local/lib/python3.8/site-packages/airflow/example_dags/example_nested_branch_dag.py
[2021-12-21 00:21:18,691] {logging_mixin.py:104} INFO - [2021-12-21 00:21:18,691] {dag.py:1833} INFO - Sync 1 DAGs
[2021-12-21 00:21:18,711] {logging_mixin.py:104} INFO - [2021-12-21 00:21:18,711] {dag.py:2306} INFO - Setting next_dagrun for example_nested_branch_dag to 2021-12-19 00:00:00+00:00
[2021-12-21 00:21:18,732] {scheduler_job.py:190} INFO - Processing /home/airflow/.local/lib/python3.8/site-packages/airflow/example_dags/example_nested_branch_dag.py took 0.157 seconds
[2021-12-21 00:21:49,014] {scheduler_job.py:182} INFO - Started process (PID=11216) to work on /home/airflow/.local/lib/python3.8/site-packages/airflow/example_dags/example_nested_branch_dag.py
[2021-12-21 00:21:49,025] {scheduler_job.py:633} INFO - Processing file /home/airflow/.local/lib/python3.8/site-packages/airflow/example_dags/example_nested_branch_dag.py for tasks to queue
[2021-12-21 00:21:49,029] {logging_mixin.py:104} INFO - [2021-12-21 00:21:49,029] {dagbag.py:496} INFO - Filling up the DagBag from /home/airflow/.local/lib/python3.8/site-packages/airflow/example_dags/example_nested_branch_dag.py
[2021-12-21 00:21:49,073] {scheduler_job.py:643} INFO - DAG(s) dict_keys(['example_nested_branch_dag']) retrieved from /home/airflow/.local/lib/python3.8/site-packages/airflow/example_dags/example_nested_branch_dag.py
[2021-12-21 00:21:49,127] {logging_mixin.py:104} INFO - [2021-12-21 00:21:49,127] {dag.py:1833} INFO - Sync 1 DAGs
[2021-12-21 00:21:49,165] {logging_mixin.py:104} INFO - [2021-12-21 00:21:49,164] {dag.py:2306} INFO - Setting next_dagrun for example_nested_branch_dag to 2021-12-19 00:00:00+00:00
[2021-12-21 00:21:49,190] {scheduler_job.py:190} INFO - Processing /home/airflow/.local/lib/python3.8/site-packages/airflow/example_dags/example_nested_branch_dag.py took 0.194 seconds
[2021-12-21 00:22:19,367] {scheduler_job.py:182} INFO - Started process (PID=11247) to work on /home/airflow/.local/lib/python3.8/site-packages/airflow/example_dags/example_nested_branch_dag.py
[2021-12-21 00:22:19,373] {scheduler_job.py:633} INFO - Processing file /home/airflow/.local/lib/python3.8/site-packages/airflow/example_dags/example_nested_branch_dag.py for tasks to queue
[2021-12-21 00:22:19,375] {logging_mixin.py:104} INFO - [2021-12-21 00:22:19,375] {dagbag.py:496} INFO - Filling up the DagBag from /home/airflow/.local/lib/python3.8/site-packages/airflow/example_dags/example_nested_branch_dag.py
[2021-12-21 00:22:19,433] {scheduler_job.py:643} INFO - DAG(s) dict_keys(['example_nested_branch_dag']) retrieved from /home/airflow/.local/lib/python3.8/site-packages/airflow/example_dags/example_nested_branch_dag.py
[2021-12-21 00:22:19,483] {logging_mixin.py:104} INFO - [2021-12-21 00:22:19,483] {dag.py:1833} INFO - Sync 1 DAGs
[2021-12-21 00:22:19,521] {logging_mixin.py:104} INFO - [2021-12-21 00:22:19,521] {dag.py:2306} INFO - Setting next_dagrun for example_nested_branch_dag to 2021-12-19 00:00:00+00:00
[2021-12-21 00:22:19,556] {scheduler_job.py:190} INFO - Processing /home/airflow/.local/lib/python3.8/site-packages/airflow/example_dags/example_nested_branch_dag.py took 0.195 seconds
[2021-12-21 00:22:49,731] {scheduler_job.py:182} INFO - Started process (PID=11278) to work on /home/airflow/.local/lib/python3.8/site-packages/airflow/example_dags/example_nested_branch_dag.py
[2021-12-21 00:22:49,736] {scheduler_job.py:633} INFO - Processing file /home/airflow/.local/lib/python3.8/site-packages/airflow/example_dags/example_nested_branch_dag.py for tasks to queue
[2021-12-21 00:22:49,738] {logging_mixin.py:104} INFO - [2021-12-21 00:22:49,738] {dagbag.py:496} INFO - Filling up the DagBag from /home/airflow/.local/lib/python3.8/site-packages/airflow/example_dags/example_nested_branch_dag.py
[2021-12-21 00:22:49,760] {scheduler_job.py:643} INFO - DAG(s) dict_keys(['example_nested_branch_dag']) retrieved from /home/airflow/.local/lib/python3.8/site-packages/airflow/example_dags/example_nested_branch_dag.py
[2021-12-21 00:22:49,814] {logging_mixin.py:104} INFO - [2021-12-21 00:22:49,814] {dag.py:1833} INFO - Sync 1 DAGs
[2021-12-21 00:22:49,844] {logging_mixin.py:104} INFO - [2021-12-21 00:22:49,844] {dag.py:2306} INFO - Setting next_dagrun for example_nested_branch_dag to 2021-12-19 00:00:00+00:00
[2021-12-21 00:22:49,867] {scheduler_job.py:190} INFO - Processing /home/airflow/.local/lib/python3.8/site-packages/airflow/example_dags/example_nested_branch_dag.py took 0.147 seconds
[2021-12-21 00:23:20,317] {scheduler_job.py:182} INFO - Started process (PID=11309) to work on /home/airflow/.local/lib/python3.8/site-packages/airflow/example_dags/example_nested_branch_dag.py
[2021-12-21 00:23:20,322] {scheduler_job.py:633} INFO - Processing file /home/airflow/.local/lib/python3.8/site-packages/airflow/example_dags/example_nested_branch_dag.py for tasks to queue
[2021-12-21 00:23:20,325] {logging_mixin.py:104} INFO - [2021-12-21 00:23:20,325] {dagbag.py:496} INFO - Filling up the DagBag from /home/airflow/.local/lib/python3.8/site-packages/airflow/example_dags/example_nested_branch_dag.py
[2021-12-21 00:23:20,366] {scheduler_job.py:643} INFO - DAG(s) dict_keys(['example_nested_branch_dag']) retrieved from /home/airflow/.local/lib/python3.8/site-packages/airflow/example_dags/example_nested_branch_dag.py
[2021-12-21 00:23:20,430] {logging_mixin.py:104} INFO - [2021-12-21 00:23:20,430] {dag.py:1833} INFO - Sync 1 DAGs
[2021-12-21 00:23:20,462] {logging_mixin.py:104} INFO - [2021-12-21 00:23:20,462] {dag.py:2306} INFO - Setting next_dagrun for example_nested_branch_dag to 2021-12-19 00:00:00+00:00
[2021-12-21 00:23:20,491] {scheduler_job.py:190} INFO - Processing /home/airflow/.local/lib/python3.8/site-packages/airflow/example_dags/example_nested_branch_dag.py took 0.181 seconds
[2021-12-21 00:23:50,614] {scheduler_job.py:182} INFO - Started process (PID=11340) to work on /home/airflow/.local/lib/python3.8/site-packages/airflow/example_dags/example_nested_branch_dag.py
[2021-12-21 00:23:50,619] {scheduler_job.py:633} INFO - Processing file /home/airflow/.local/lib/python3.8/site-packages/airflow/example_dags/example_nested_branch_dag.py for tasks to queue
[2021-12-21 00:23:50,622] {logging_mixin.py:104} INFO - [2021-12-21 00:23:50,621] {dagbag.py:496} INFO - Filling up the DagBag from /home/airflow/.local/lib/python3.8/site-packages/airflow/example_dags/example_nested_branch_dag.py
[2021-12-21 00:23:50,663] {scheduler_job.py:643} INFO - DAG(s) dict_keys(['example_nested_branch_dag']) retrieved from /home/airflow/.local/lib/python3.8/site-packages/airflow/example_dags/example_nested_branch_dag.py
[2021-12-21 00:23:50,739] {logging_mixin.py:104} INFO - [2021-12-21 00:23:50,739] {dag.py:1833} INFO - Sync 1 DAGs
[2021-12-21 00:23:50,761] {logging_mixin.py:104} INFO - [2021-12-21 00:23:50,761] {dag.py:2306} INFO - Setting next_dagrun for example_nested_branch_dag to 2021-12-19 00:00:00+00:00
[2021-12-21 00:23:50,787] {scheduler_job.py:190} INFO - Processing /home/airflow/.local/lib/python3.8/site-packages/airflow/example_dags/example_nested_branch_dag.py took 0.189 seconds
[2021-12-21 00:24:22,287] {scheduler_job.py:182} INFO - Started process (PID=11371) to work on /home/airflow/.local/lib/python3.8/site-packages/airflow/example_dags/example_nested_branch_dag.py
[2021-12-21 00:24:22,294] {scheduler_job.py:633} INFO - Processing file /home/airflow/.local/lib/python3.8/site-packages/airflow/example_dags/example_nested_branch_dag.py for tasks to queue
[2021-12-21 00:24:22,300] {logging_mixin.py:104} INFO - [2021-12-21 00:24:22,298] {dagbag.py:496} INFO - Filling up the DagBag from /home/airflow/.local/lib/python3.8/site-packages/airflow/example_dags/example_nested_branch_dag.py
[2021-12-21 00:24:22,336] {scheduler_job.py:643} INFO - DAG(s) dict_keys(['example_nested_branch_dag']) retrieved from /home/airflow/.local/lib/python3.8/site-packages/airflow/example_dags/example_nested_branch_dag.py
[2021-12-21 00:24:22,391] {logging_mixin.py:104} INFO - [2021-12-21 00:24:22,391] {dag.py:1833} INFO - Sync 1 DAGs
[2021-12-21 00:24:22,414] {logging_mixin.py:104} INFO - [2021-12-21 00:24:22,414] {dag.py:2306} INFO - Setting next_dagrun for example_nested_branch_dag to 2021-12-19 00:00:00+00:00
[2021-12-21 00:24:22,458] {scheduler_job.py:190} INFO - Processing /home/airflow/.local/lib/python3.8/site-packages/airflow/example_dags/example_nested_branch_dag.py took 0.185 seconds
[2021-12-21 00:24:52,720] {scheduler_job.py:182} INFO - Started process (PID=11402) to work on /home/airflow/.local/lib/python3.8/site-packages/airflow/example_dags/example_nested_branch_dag.py
[2021-12-21 00:24:52,729] {scheduler_job.py:633} INFO - Processing file /home/airflow/.local/lib/python3.8/site-packages/airflow/example_dags/example_nested_branch_dag.py for tasks to queue
[2021-12-21 00:24:52,732] {logging_mixin.py:104} INFO - [2021-12-21 00:24:52,731] {dagbag.py:496} INFO - Filling up the DagBag from /home/airflow/.local/lib/python3.8/site-packages/airflow/example_dags/example_nested_branch_dag.py
[2021-12-21 00:24:52,816] {scheduler_job.py:643} INFO - DAG(s) dict_keys(['example_nested_branch_dag']) retrieved from /home/airflow/.local/lib/python3.8/site-packages/airflow/example_dags/example_nested_branch_dag.py
[2021-12-21 00:24:52,946] {logging_mixin.py:104} INFO - [2021-12-21 00:24:52,946] {dag.py:1833} INFO - Sync 1 DAGs
[2021-12-21 00:24:53,006] {logging_mixin.py:104} INFO - [2021-12-21 00:24:53,006] {dag.py:2306} INFO - Setting next_dagrun for example_nested_branch_dag to 2021-12-19 00:00:00+00:00
[2021-12-21 00:24:53,037] {scheduler_job.py:190} INFO - Processing /home/airflow/.local/lib/python3.8/site-packages/airflow/example_dags/example_nested_branch_dag.py took 0.331 seconds
[2021-12-21 00:25:23,121] {scheduler_job.py:182} INFO - Started process (PID=11432) to work on /home/airflow/.local/lib/python3.8/site-packages/airflow/example_dags/example_nested_branch_dag.py
[2021-12-21 00:25:23,126] {scheduler_job.py:633} INFO - Processing file /home/airflow/.local/lib/python3.8/site-packages/airflow/example_dags/example_nested_branch_dag.py for tasks to queue
[2021-12-21 00:25:23,132] {logging_mixin.py:104} INFO - [2021-12-21 00:25:23,131] {dagbag.py:496} INFO - Filling up the DagBag from /home/airflow/.local/lib/python3.8/site-packages/airflow/example_dags/example_nested_branch_dag.py
[2021-12-21 00:25:23,170] {scheduler_job.py:643} INFO - DAG(s) dict_keys(['example_nested_branch_dag']) retrieved from /home/airflow/.local/lib/python3.8/site-packages/airflow/example_dags/example_nested_branch_dag.py
[2021-12-21 00:25:23,229] {logging_mixin.py:104} INFO - [2021-12-21 00:25:23,229] {dag.py:1833} INFO - Sync 1 DAGs
[2021-12-21 00:25:23,257] {logging_mixin.py:104} INFO - [2021-12-21 00:25:23,257] {dag.py:2306} INFO - Setting next_dagrun for example_nested_branch_dag to 2021-12-19 00:00:00+00:00
[2021-12-21 00:25:23,285] {scheduler_job.py:190} INFO - Processing /home/airflow/.local/lib/python3.8/site-packages/airflow/example_dags/example_nested_branch_dag.py took 0.176 seconds
[2021-12-21 00:25:53,463] {scheduler_job.py:182} INFO - Started process (PID=11462) to work on /home/airflow/.local/lib/python3.8/site-packages/airflow/example_dags/example_nested_branch_dag.py
[2021-12-21 00:25:53,470] {scheduler_job.py:633} INFO - Processing file /home/airflow/.local/lib/python3.8/site-packages/airflow/example_dags/example_nested_branch_dag.py for tasks to queue
[2021-12-21 00:25:53,474] {logging_mixin.py:104} INFO - [2021-12-21 00:25:53,473] {dagbag.py:496} INFO - Filling up the DagBag from /home/airflow/.local/lib/python3.8/site-packages/airflow/example_dags/example_nested_branch_dag.py
[2021-12-21 00:25:53,500] {scheduler_job.py:643} INFO - DAG(s) dict_keys(['example_nested_branch_dag']) retrieved from /home/airflow/.local/lib/python3.8/site-packages/airflow/example_dags/example_nested_branch_dag.py
[2021-12-21 00:25:53,558] {logging_mixin.py:104} INFO - [2021-12-21 00:25:53,558] {dag.py:1833} INFO - Sync 1 DAGs
[2021-12-21 00:25:53,597] {logging_mixin.py:104} INFO - [2021-12-21 00:25:53,597] {dag.py:2306} INFO - Setting next_dagrun for example_nested_branch_dag to 2021-12-19 00:00:00+00:00
[2021-12-21 00:25:53,619] {scheduler_job.py:190} INFO - Processing /home/airflow/.local/lib/python3.8/site-packages/airflow/example_dags/example_nested_branch_dag.py took 0.168 seconds
[2021-12-21 00:26:24,417] {scheduler_job.py:182} INFO - Started process (PID=11493) to work on /home/airflow/.local/lib/python3.8/site-packages/airflow/example_dags/example_nested_branch_dag.py
[2021-12-21 00:26:24,421] {scheduler_job.py:633} INFO - Processing file /home/airflow/.local/lib/python3.8/site-packages/airflow/example_dags/example_nested_branch_dag.py for tasks to queue
[2021-12-21 00:26:24,427] {logging_mixin.py:104} INFO - [2021-12-21 00:26:24,426] {dagbag.py:496} INFO - Filling up the DagBag from /home/airflow/.local/lib/python3.8/site-packages/airflow/example_dags/example_nested_branch_dag.py
[2021-12-21 00:26:24,457] {scheduler_job.py:643} INFO - DAG(s) dict_keys(['example_nested_branch_dag']) retrieved from /home/airflow/.local/lib/python3.8/site-packages/airflow/example_dags/example_nested_branch_dag.py
[2021-12-21 00:26:24,517] {logging_mixin.py:104} INFO - [2021-12-21 00:26:24,517] {dag.py:1833} INFO - Sync 1 DAGs
[2021-12-21 00:26:24,548] {logging_mixin.py:104} INFO - [2021-12-21 00:26:24,548] {dag.py:2306} INFO - Setting next_dagrun for example_nested_branch_dag to 2021-12-19 00:00:00+00:00
[2021-12-21 00:26:24,571] {scheduler_job.py:190} INFO - Processing /home/airflow/.local/lib/python3.8/site-packages/airflow/example_dags/example_nested_branch_dag.py took 0.160 seconds
[2021-12-21 00:26:54,828] {scheduler_job.py:182} INFO - Started process (PID=11524) to work on /home/airflow/.local/lib/python3.8/site-packages/airflow/example_dags/example_nested_branch_dag.py
[2021-12-21 00:26:54,832] {scheduler_job.py:633} INFO - Processing file /home/airflow/.local/lib/python3.8/site-packages/airflow/example_dags/example_nested_branch_dag.py for tasks to queue
[2021-12-21 00:26:54,834] {logging_mixin.py:104} INFO - [2021-12-21 00:26:54,834] {dagbag.py:496} INFO - Filling up the DagBag from /home/airflow/.local/lib/python3.8/site-packages/airflow/example_dags/example_nested_branch_dag.py
[2021-12-21 00:26:54,856] {scheduler_job.py:643} INFO - DAG(s) dict_keys(['example_nested_branch_dag']) retrieved from /home/airflow/.local/lib/python3.8/site-packages/airflow/example_dags/example_nested_branch_dag.py
[2021-12-21 00:26:54,916] {logging_mixin.py:104} INFO - [2021-12-21 00:26:54,916] {dag.py:1833} INFO - Sync 1 DAGs
[2021-12-21 00:26:54,947] {logging_mixin.py:104} INFO - [2021-12-21 00:26:54,947] {dag.py:2306} INFO - Setting next_dagrun for example_nested_branch_dag to 2021-12-19 00:00:00+00:00
[2021-12-21 00:26:54,980] {scheduler_job.py:190} INFO - Processing /home/airflow/.local/lib/python3.8/site-packages/airflow/example_dags/example_nested_branch_dag.py took 0.157 seconds
[2021-12-21 00:27:25,565] {scheduler_job.py:182} INFO - Started process (PID=11555) to work on /home/airflow/.local/lib/python3.8/site-packages/airflow/example_dags/example_nested_branch_dag.py
[2021-12-21 00:27:25,571] {scheduler_job.py:633} INFO - Processing file /home/airflow/.local/lib/python3.8/site-packages/airflow/example_dags/example_nested_branch_dag.py for tasks to queue
[2021-12-21 00:27:25,575] {logging_mixin.py:104} INFO - [2021-12-21 00:27:25,575] {dagbag.py:496} INFO - Filling up the DagBag from /home/airflow/.local/lib/python3.8/site-packages/airflow/example_dags/example_nested_branch_dag.py
[2021-12-21 00:27:25,613] {scheduler_job.py:643} INFO - DAG(s) dict_keys(['example_nested_branch_dag']) retrieved from /home/airflow/.local/lib/python3.8/site-packages/airflow/example_dags/example_nested_branch_dag.py
[2021-12-21 00:27:25,681] {logging_mixin.py:104} INFO - [2021-12-21 00:27:25,681] {dag.py:1833} INFO - Sync 1 DAGs
[2021-12-21 00:27:25,714] {logging_mixin.py:104} INFO - [2021-12-21 00:27:25,714] {dag.py:2306} INFO - Setting next_dagrun for example_nested_branch_dag to 2021-12-19 00:00:00+00:00
[2021-12-21 00:27:25,746] {scheduler_job.py:190} INFO - Processing /home/airflow/.local/lib/python3.8/site-packages/airflow/example_dags/example_nested_branch_dag.py took 0.194 seconds
[2021-12-21 00:27:56,310] {scheduler_job.py:182} INFO - Started process (PID=11586) to work on /home/airflow/.local/lib/python3.8/site-packages/airflow/example_dags/example_nested_branch_dag.py
[2021-12-21 00:27:56,316] {scheduler_job.py:633} INFO - Processing file /home/airflow/.local/lib/python3.8/site-packages/airflow/example_dags/example_nested_branch_dag.py for tasks to queue
[2021-12-21 00:27:56,319] {logging_mixin.py:104} INFO - [2021-12-21 00:27:56,319] {dagbag.py:496} INFO - Filling up the DagBag from /home/airflow/.local/lib/python3.8/site-packages/airflow/example_dags/example_nested_branch_dag.py
[2021-12-21 00:27:56,344] {scheduler_job.py:643} INFO - DAG(s) dict_keys(['example_nested_branch_dag']) retrieved from /home/airflow/.local/lib/python3.8/site-packages/airflow/example_dags/example_nested_branch_dag.py
[2021-12-21 00:27:56,401] {logging_mixin.py:104} INFO - [2021-12-21 00:27:56,401] {dag.py:1833} INFO - Sync 1 DAGs
[2021-12-21 00:27:56,441] {logging_mixin.py:104} INFO - [2021-12-21 00:27:56,441] {dag.py:2306} INFO - Setting next_dagrun for example_nested_branch_dag to 2021-12-19 00:00:00+00:00
[2021-12-21 00:27:56,462] {scheduler_job.py:190} INFO - Processing /home/airflow/.local/lib/python3.8/site-packages/airflow/example_dags/example_nested_branch_dag.py took 0.159 seconds
[2021-12-21 00:28:26,809] {scheduler_job.py:182} INFO - Started process (PID=11617) to work on /home/airflow/.local/lib/python3.8/site-packages/airflow/example_dags/example_nested_branch_dag.py
[2021-12-21 00:28:26,824] {scheduler_job.py:633} INFO - Processing file /home/airflow/.local/lib/python3.8/site-packages/airflow/example_dags/example_nested_branch_dag.py for tasks to queue
[2021-12-21 00:28:26,830] {logging_mixin.py:104} INFO - [2021-12-21 00:28:26,830] {dagbag.py:496} INFO - Filling up the DagBag from /home/airflow/.local/lib/python3.8/site-packages/airflow/example_dags/example_nested_branch_dag.py
[2021-12-21 00:28:26,869] {scheduler_job.py:643} INFO - DAG(s) dict_keys(['example_nested_branch_dag']) retrieved from /home/airflow/.local/lib/python3.8/site-packages/airflow/example_dags/example_nested_branch_dag.py
[2021-12-21 00:28:26,955] {logging_mixin.py:104} INFO - [2021-12-21 00:28:26,955] {dag.py:1833} INFO - Sync 1 DAGs
[2021-12-21 00:28:26,990] {logging_mixin.py:104} INFO - [2021-12-21 00:28:26,990] {dag.py:2306} INFO - Setting next_dagrun for example_nested_branch_dag to 2021-12-19 00:00:00+00:00
[2021-12-21 00:28:27,027] {scheduler_job.py:190} INFO - Processing /home/airflow/.local/lib/python3.8/site-packages/airflow/example_dags/example_nested_branch_dag.py took 0.225 seconds
[2021-12-21 00:28:57,751] {scheduler_job.py:182} INFO - Started process (PID=11648) to work on /home/airflow/.local/lib/python3.8/site-packages/airflow/example_dags/example_nested_branch_dag.py
[2021-12-21 00:28:57,756] {scheduler_job.py:633} INFO - Processing file /home/airflow/.local/lib/python3.8/site-packages/airflow/example_dags/example_nested_branch_dag.py for tasks to queue
[2021-12-21 00:28:57,760] {logging_mixin.py:104} INFO - [2021-12-21 00:28:57,760] {dagbag.py:496} INFO - Filling up the DagBag from /home/airflow/.local/lib/python3.8/site-packages/airflow/example_dags/example_nested_branch_dag.py
[2021-12-21 00:28:57,787] {scheduler_job.py:643} INFO - DAG(s) dict_keys(['example_nested_branch_dag']) retrieved from /home/airflow/.local/lib/python3.8/site-packages/airflow/example_dags/example_nested_branch_dag.py
[2021-12-21 00:28:57,844] {logging_mixin.py:104} INFO - [2021-12-21 00:28:57,844] {dag.py:1833} INFO - Sync 1 DAGs
[2021-12-21 00:28:57,878] {logging_mixin.py:104} INFO - [2021-12-21 00:28:57,878] {dag.py:2306} INFO - Setting next_dagrun for example_nested_branch_dag to 2021-12-19 00:00:00+00:00
[2021-12-21 00:28:57,909] {scheduler_job.py:190} INFO - Processing /home/airflow/.local/lib/python3.8/site-packages/airflow/example_dags/example_nested_branch_dag.py took 0.163 seconds
[2021-12-21 00:29:27,960] {scheduler_job.py:182} INFO - Started process (PID=11678) to work on /home/airflow/.local/lib/python3.8/site-packages/airflow/example_dags/example_nested_branch_dag.py
[2021-12-21 00:29:27,964] {scheduler_job.py:633} INFO - Processing file /home/airflow/.local/lib/python3.8/site-packages/airflow/example_dags/example_nested_branch_dag.py for tasks to queue
[2021-12-21 00:29:27,966] {logging_mixin.py:104} INFO - [2021-12-21 00:29:27,966] {dagbag.py:496} INFO - Filling up the DagBag from /home/airflow/.local/lib/python3.8/site-packages/airflow/example_dags/example_nested_branch_dag.py
[2021-12-21 00:29:27,988] {scheduler_job.py:643} INFO - DAG(s) dict_keys(['example_nested_branch_dag']) retrieved from /home/airflow/.local/lib/python3.8/site-packages/airflow/example_dags/example_nested_branch_dag.py
[2021-12-21 00:29:28,034] {logging_mixin.py:104} INFO - [2021-12-21 00:29:28,034] {dag.py:1833} INFO - Sync 1 DAGs
[2021-12-21 00:29:28,067] {logging_mixin.py:104} INFO - [2021-12-21 00:29:28,067] {dag.py:2306} INFO - Setting next_dagrun for example_nested_branch_dag to 2021-12-19 00:00:00+00:00
[2021-12-21 00:29:28,092] {scheduler_job.py:190} INFO - Processing /home/airflow/.local/lib/python3.8/site-packages/airflow/example_dags/example_nested_branch_dag.py took 0.137 seconds
[2021-12-21 00:29:58,550] {scheduler_job.py:182} INFO - Started process (PID=11710) to work on /home/airflow/.local/lib/python3.8/site-packages/airflow/example_dags/example_nested_branch_dag.py
[2021-12-21 00:29:58,558] {scheduler_job.py:633} INFO - Processing file /home/airflow/.local/lib/python3.8/site-packages/airflow/example_dags/example_nested_branch_dag.py for tasks to queue
[2021-12-21 00:29:58,561] {logging_mixin.py:104} INFO - [2021-12-21 00:29:58,561] {dagbag.py:496} INFO - Filling up the DagBag from /home/airflow/.local/lib/python3.8/site-packages/airflow/example_dags/example_nested_branch_dag.py
[2021-12-21 00:29:58,594] {scheduler_job.py:643} INFO - DAG(s) dict_keys(['example_nested_branch_dag']) retrieved from /home/airflow/.local/lib/python3.8/site-packages/airflow/example_dags/example_nested_branch_dag.py
[2021-12-21 00:29:58,668] {logging_mixin.py:104} INFO - [2021-12-21 00:29:58,668] {dag.py:1833} INFO - Sync 1 DAGs
[2021-12-21 00:29:58,700] {logging_mixin.py:104} INFO - [2021-12-21 00:29:58,700] {dag.py:2306} INFO - Setting next_dagrun for example_nested_branch_dag to 2021-12-19 00:00:00+00:00
[2021-12-21 00:29:58,723] {scheduler_job.py:190} INFO - Processing /home/airflow/.local/lib/python3.8/site-packages/airflow/example_dags/example_nested_branch_dag.py took 0.180 seconds
[2021-12-21 00:30:28,896] {scheduler_job.py:182} INFO - Started process (PID=11741) to work on /home/airflow/.local/lib/python3.8/site-packages/airflow/example_dags/example_nested_branch_dag.py
[2021-12-21 00:30:28,899] {scheduler_job.py:633} INFO - Processing file /home/airflow/.local/lib/python3.8/site-packages/airflow/example_dags/example_nested_branch_dag.py for tasks to queue
[2021-12-21 00:30:28,902] {logging_mixin.py:104} INFO - [2021-12-21 00:30:28,902] {dagbag.py:496} INFO - Filling up the DagBag from /home/airflow/.local/lib/python3.8/site-packages/airflow/example_dags/example_nested_branch_dag.py
[2021-12-21 00:30:28,922] {scheduler_job.py:643} INFO - DAG(s) dict_keys(['example_nested_branch_dag']) retrieved from /home/airflow/.local/lib/python3.8/site-packages/airflow/example_dags/example_nested_branch_dag.py
[2021-12-21 00:30:28,970] {logging_mixin.py:104} INFO - [2021-12-21 00:30:28,970] {dag.py:1833} INFO - Sync 1 DAGs
[2021-12-21 00:30:28,989] {logging_mixin.py:104} INFO - [2021-12-21 00:30:28,989] {dag.py:2306} INFO - Setting next_dagrun for example_nested_branch_dag to 2021-12-19 00:00:00+00:00
[2021-12-21 00:30:29,010] {scheduler_job.py:190} INFO - Processing /home/airflow/.local/lib/python3.8/site-packages/airflow/example_dags/example_nested_branch_dag.py took 0.118 seconds
[2021-12-21 00:39:26,017] {scheduler_job.py:182} INFO - Started process (PID=11790) to work on /home/airflow/.local/lib/python3.8/site-packages/airflow/example_dags/example_nested_branch_dag.py
[2021-12-21 00:39:26,036] {scheduler_job.py:633} INFO - Processing file /home/airflow/.local/lib/python3.8/site-packages/airflow/example_dags/example_nested_branch_dag.py for tasks to queue
[2021-12-21 00:39:26,056] {logging_mixin.py:104} INFO - [2021-12-21 00:39:26,054] {dagbag.py:496} INFO - Filling up the DagBag from /home/airflow/.local/lib/python3.8/site-packages/airflow/example_dags/example_nested_branch_dag.py
[2021-12-21 00:39:26,139] {scheduler_job.py:643} INFO - DAG(s) dict_keys(['example_nested_branch_dag']) retrieved from /home/airflow/.local/lib/python3.8/site-packages/airflow/example_dags/example_nested_branch_dag.py
[2021-12-21 00:39:26,239] {logging_mixin.py:104} INFO - [2021-12-21 00:39:26,239] {dag.py:1833} INFO - Sync 1 DAGs
[2021-12-21 00:39:26,283] {logging_mixin.py:104} INFO - [2021-12-21 00:39:26,282] {dag.py:2306} INFO - Setting next_dagrun for example_nested_branch_dag to 2021-12-19 00:00:00+00:00
[2021-12-21 00:39:26,322] {scheduler_job.py:190} INFO - Processing /home/airflow/.local/lib/python3.8/site-packages/airflow/example_dags/example_nested_branch_dag.py took 0.327 seconds
[2021-12-21 00:39:58,170] {scheduler_job.py:182} INFO - Started process (PID=11820) to work on /home/airflow/.local/lib/python3.8/site-packages/airflow/example_dags/example_nested_branch_dag.py
[2021-12-21 00:39:58,181] {scheduler_job.py:633} INFO - Processing file /home/airflow/.local/lib/python3.8/site-packages/airflow/example_dags/example_nested_branch_dag.py for tasks to queue
[2021-12-21 00:39:58,187] {logging_mixin.py:104} INFO - [2021-12-21 00:39:58,186] {dagbag.py:496} INFO - Filling up the DagBag from /home/airflow/.local/lib/python3.8/site-packages/airflow/example_dags/example_nested_branch_dag.py
[2021-12-21 00:39:58,241] {scheduler_job.py:643} INFO - DAG(s) dict_keys(['example_nested_branch_dag']) retrieved from /home/airflow/.local/lib/python3.8/site-packages/airflow/example_dags/example_nested_branch_dag.py
[2021-12-21 00:39:58,434] {logging_mixin.py:104} INFO - [2021-12-21 00:39:58,433] {dag.py:1833} INFO - Sync 1 DAGs
[2021-12-21 00:39:58,561] {logging_mixin.py:104} INFO - [2021-12-21 00:39:58,561] {dag.py:2306} INFO - Setting next_dagrun for example_nested_branch_dag to 2021-12-19 00:00:00+00:00
[2021-12-21 00:39:58,647] {scheduler_job.py:190} INFO - Processing /home/airflow/.local/lib/python3.8/site-packages/airflow/example_dags/example_nested_branch_dag.py took 0.510 seconds
