[2021-12-21 00:00:23,312] {scheduler_job.py:182} INFO - Started process (PID=9911) to work on /home/airflow/.local/lib/python3.8/site-packages/airflow/example_dags/example_branch_datetime_operator.py
[2021-12-21 00:00:23,319] {scheduler_job.py:633} INFO - Processing file /home/airflow/.local/lib/python3.8/site-packages/airflow/example_dags/example_branch_datetime_operator.py for tasks to queue
[2021-12-21 00:00:23,322] {logging_mixin.py:104} INFO - [2021-12-21 00:00:23,321] {dagbag.py:496} INFO - Filling up the DagBag from /home/airflow/.local/lib/python3.8/site-packages/airflow/example_dags/example_branch_datetime_operator.py
[2021-12-21 00:00:23,341] {scheduler_job.py:643} INFO - DAG(s) dict_keys(['example_branch_datetime_operator_2']) retrieved from /home/airflow/.local/lib/python3.8/site-packages/airflow/example_dags/example_branch_datetime_operator.py
[2021-12-21 00:00:23,859] {logging_mixin.py:104} INFO - [2021-12-21 00:00:23,859] {dag.py:1833} INFO - Sync 1 DAGs
[2021-12-21 00:00:23,877] {logging_mixin.py:104} INFO - [2021-12-21 00:00:23,877] {dag.py:2306} INFO - Setting next_dagrun for example_branch_datetime_operator_2 to 2021-12-19 00:00:00+00:00
[2021-12-21 00:00:23,896] {scheduler_job.py:190} INFO - Processing /home/airflow/.local/lib/python3.8/site-packages/airflow/example_dags/example_branch_datetime_operator.py took 0.590 seconds
[2021-12-21 00:00:53,980] {scheduler_job.py:182} INFO - Started process (PID=9941) to work on /home/airflow/.local/lib/python3.8/site-packages/airflow/example_dags/example_branch_datetime_operator.py
[2021-12-21 00:00:53,986] {scheduler_job.py:633} INFO - Processing file /home/airflow/.local/lib/python3.8/site-packages/airflow/example_dags/example_branch_datetime_operator.py for tasks to queue
[2021-12-21 00:00:53,991] {logging_mixin.py:104} INFO - [2021-12-21 00:00:53,990] {dagbag.py:496} INFO - Filling up the DagBag from /home/airflow/.local/lib/python3.8/site-packages/airflow/example_dags/example_branch_datetime_operator.py
[2021-12-21 00:00:54,012] {scheduler_job.py:643} INFO - DAG(s) dict_keys(['example_branch_datetime_operator_2']) retrieved from /home/airflow/.local/lib/python3.8/site-packages/airflow/example_dags/example_branch_datetime_operator.py
[2021-12-21 00:00:54,057] {logging_mixin.py:104} INFO - [2021-12-21 00:00:54,057] {dag.py:1833} INFO - Sync 1 DAGs
[2021-12-21 00:00:54,077] {logging_mixin.py:104} INFO - [2021-12-21 00:00:54,077] {dag.py:2306} INFO - Setting next_dagrun for example_branch_datetime_operator_2 to 2021-12-19 00:00:00+00:00
[2021-12-21 00:00:54,097] {scheduler_job.py:190} INFO - Processing /home/airflow/.local/lib/python3.8/site-packages/airflow/example_dags/example_branch_datetime_operator.py took 0.126 seconds
[2021-12-21 00:01:24,650] {scheduler_job.py:182} INFO - Started process (PID=9973) to work on /home/airflow/.local/lib/python3.8/site-packages/airflow/example_dags/example_branch_datetime_operator.py
[2021-12-21 00:01:24,654] {scheduler_job.py:633} INFO - Processing file /home/airflow/.local/lib/python3.8/site-packages/airflow/example_dags/example_branch_datetime_operator.py for tasks to queue
[2021-12-21 00:01:24,656] {logging_mixin.py:104} INFO - [2021-12-21 00:01:24,656] {dagbag.py:496} INFO - Filling up the DagBag from /home/airflow/.local/lib/python3.8/site-packages/airflow/example_dags/example_branch_datetime_operator.py
[2021-12-21 00:01:24,678] {scheduler_job.py:643} INFO - DAG(s) dict_keys(['example_branch_datetime_operator_2']) retrieved from /home/airflow/.local/lib/python3.8/site-packages/airflow/example_dags/example_branch_datetime_operator.py
[2021-12-21 00:01:24,733] {logging_mixin.py:104} INFO - [2021-12-21 00:01:24,733] {dag.py:1833} INFO - Sync 1 DAGs
[2021-12-21 00:01:24,758] {logging_mixin.py:104} INFO - [2021-12-21 00:01:24,758] {dag.py:2306} INFO - Setting next_dagrun for example_branch_datetime_operator_2 to 2021-12-19 00:00:00+00:00
[2021-12-21 00:01:24,778] {scheduler_job.py:190} INFO - Processing /home/airflow/.local/lib/python3.8/site-packages/airflow/example_dags/example_branch_datetime_operator.py took 0.132 seconds
[2021-12-21 00:01:55,424] {scheduler_job.py:182} INFO - Started process (PID=10004) to work on /home/airflow/.local/lib/python3.8/site-packages/airflow/example_dags/example_branch_datetime_operator.py
[2021-12-21 00:01:55,429] {scheduler_job.py:633} INFO - Processing file /home/airflow/.local/lib/python3.8/site-packages/airflow/example_dags/example_branch_datetime_operator.py for tasks to queue
[2021-12-21 00:01:55,434] {logging_mixin.py:104} INFO - [2021-12-21 00:01:55,434] {dagbag.py:496} INFO - Filling up the DagBag from /home/airflow/.local/lib/python3.8/site-packages/airflow/example_dags/example_branch_datetime_operator.py
[2021-12-21 00:01:55,456] {scheduler_job.py:643} INFO - DAG(s) dict_keys(['example_branch_datetime_operator_2']) retrieved from /home/airflow/.local/lib/python3.8/site-packages/airflow/example_dags/example_branch_datetime_operator.py
[2021-12-21 00:01:55,513] {logging_mixin.py:104} INFO - [2021-12-21 00:01:55,513] {dag.py:1833} INFO - Sync 1 DAGs
[2021-12-21 00:01:55,551] {logging_mixin.py:104} INFO - [2021-12-21 00:01:55,550] {dag.py:2306} INFO - Setting next_dagrun for example_branch_datetime_operator_2 to 2021-12-19 00:00:00+00:00
[2021-12-21 00:01:55,594] {scheduler_job.py:190} INFO - Processing /home/airflow/.local/lib/python3.8/site-packages/airflow/example_dags/example_branch_datetime_operator.py took 0.176 seconds
[2021-12-21 00:02:26,437] {scheduler_job.py:182} INFO - Started process (PID=10035) to work on /home/airflow/.local/lib/python3.8/site-packages/airflow/example_dags/example_branch_datetime_operator.py
[2021-12-21 00:02:26,446] {scheduler_job.py:633} INFO - Processing file /home/airflow/.local/lib/python3.8/site-packages/airflow/example_dags/example_branch_datetime_operator.py for tasks to queue
[2021-12-21 00:02:26,450] {logging_mixin.py:104} INFO - [2021-12-21 00:02:26,449] {dagbag.py:496} INFO - Filling up the DagBag from /home/airflow/.local/lib/python3.8/site-packages/airflow/example_dags/example_branch_datetime_operator.py
[2021-12-21 00:02:26,475] {scheduler_job.py:643} INFO - DAG(s) dict_keys(['example_branch_datetime_operator_2']) retrieved from /home/airflow/.local/lib/python3.8/site-packages/airflow/example_dags/example_branch_datetime_operator.py
[2021-12-21 00:02:26,540] {logging_mixin.py:104} INFO - [2021-12-21 00:02:26,540] {dag.py:1833} INFO - Sync 1 DAGs
[2021-12-21 00:02:26,567] {logging_mixin.py:104} INFO - [2021-12-21 00:02:26,567] {dag.py:2306} INFO - Setting next_dagrun for example_branch_datetime_operator_2 to 2021-12-19 00:00:00+00:00
[2021-12-21 00:02:26,592] {scheduler_job.py:190} INFO - Processing /home/airflow/.local/lib/python3.8/site-packages/airflow/example_dags/example_branch_datetime_operator.py took 0.166 seconds
[2021-12-21 00:02:56,643] {scheduler_job.py:182} INFO - Started process (PID=10065) to work on /home/airflow/.local/lib/python3.8/site-packages/airflow/example_dags/example_branch_datetime_operator.py
[2021-12-21 00:02:56,647] {scheduler_job.py:633} INFO - Processing file /home/airflow/.local/lib/python3.8/site-packages/airflow/example_dags/example_branch_datetime_operator.py for tasks to queue
[2021-12-21 00:02:56,649] {logging_mixin.py:104} INFO - [2021-12-21 00:02:56,649] {dagbag.py:496} INFO - Filling up the DagBag from /home/airflow/.local/lib/python3.8/site-packages/airflow/example_dags/example_branch_datetime_operator.py
[2021-12-21 00:02:56,671] {scheduler_job.py:643} INFO - DAG(s) dict_keys(['example_branch_datetime_operator_2']) retrieved from /home/airflow/.local/lib/python3.8/site-packages/airflow/example_dags/example_branch_datetime_operator.py
[2021-12-21 00:02:56,720] {logging_mixin.py:104} INFO - [2021-12-21 00:02:56,720] {dag.py:1833} INFO - Sync 1 DAGs
[2021-12-21 00:02:56,740] {logging_mixin.py:104} INFO - [2021-12-21 00:02:56,740] {dag.py:2306} INFO - Setting next_dagrun for example_branch_datetime_operator_2 to 2021-12-19 00:00:00+00:00
[2021-12-21 00:02:56,760] {scheduler_job.py:190} INFO - Processing /home/airflow/.local/lib/python3.8/site-packages/airflow/example_dags/example_branch_datetime_operator.py took 0.125 seconds
[2021-12-21 00:03:26,866] {scheduler_job.py:182} INFO - Started process (PID=10096) to work on /home/airflow/.local/lib/python3.8/site-packages/airflow/example_dags/example_branch_datetime_operator.py
[2021-12-21 00:03:26,869] {scheduler_job.py:633} INFO - Processing file /home/airflow/.local/lib/python3.8/site-packages/airflow/example_dags/example_branch_datetime_operator.py for tasks to queue
[2021-12-21 00:03:26,872] {logging_mixin.py:104} INFO - [2021-12-21 00:03:26,872] {dagbag.py:496} INFO - Filling up the DagBag from /home/airflow/.local/lib/python3.8/site-packages/airflow/example_dags/example_branch_datetime_operator.py
[2021-12-21 00:03:26,893] {scheduler_job.py:643} INFO - DAG(s) dict_keys(['example_branch_datetime_operator_2']) retrieved from /home/airflow/.local/lib/python3.8/site-packages/airflow/example_dags/example_branch_datetime_operator.py
[2021-12-21 00:03:26,939] {logging_mixin.py:104} INFO - [2021-12-21 00:03:26,939] {dag.py:1833} INFO - Sync 1 DAGs
[2021-12-21 00:03:26,958] {logging_mixin.py:104} INFO - [2021-12-21 00:03:26,958] {dag.py:2306} INFO - Setting next_dagrun for example_branch_datetime_operator_2 to 2021-12-19 00:00:00+00:00
[2021-12-21 00:03:26,985] {scheduler_job.py:190} INFO - Processing /home/airflow/.local/lib/python3.8/site-packages/airflow/example_dags/example_branch_datetime_operator.py took 0.123 seconds
[2021-12-21 00:03:57,494] {scheduler_job.py:182} INFO - Started process (PID=10127) to work on /home/airflow/.local/lib/python3.8/site-packages/airflow/example_dags/example_branch_datetime_operator.py
[2021-12-21 00:03:57,499] {scheduler_job.py:633} INFO - Processing file /home/airflow/.local/lib/python3.8/site-packages/airflow/example_dags/example_branch_datetime_operator.py for tasks to queue
[2021-12-21 00:03:57,502] {logging_mixin.py:104} INFO - [2021-12-21 00:03:57,502] {dagbag.py:496} INFO - Filling up the DagBag from /home/airflow/.local/lib/python3.8/site-packages/airflow/example_dags/example_branch_datetime_operator.py
[2021-12-21 00:03:57,535] {scheduler_job.py:643} INFO - DAG(s) dict_keys(['example_branch_datetime_operator_2']) retrieved from /home/airflow/.local/lib/python3.8/site-packages/airflow/example_dags/example_branch_datetime_operator.py
[2021-12-21 00:03:57,587] {logging_mixin.py:104} INFO - [2021-12-21 00:03:57,587] {dag.py:1833} INFO - Sync 1 DAGs
[2021-12-21 00:03:57,607] {logging_mixin.py:104} INFO - [2021-12-21 00:03:57,607] {dag.py:2306} INFO - Setting next_dagrun for example_branch_datetime_operator_2 to 2021-12-19 00:00:00+00:00
[2021-12-21 00:03:57,627] {scheduler_job.py:190} INFO - Processing /home/airflow/.local/lib/python3.8/site-packages/airflow/example_dags/example_branch_datetime_operator.py took 0.138 seconds
[2021-12-21 00:04:27,693] {scheduler_job.py:182} INFO - Started process (PID=10158) to work on /home/airflow/.local/lib/python3.8/site-packages/airflow/example_dags/example_branch_datetime_operator.py
[2021-12-21 00:04:27,697] {scheduler_job.py:633} INFO - Processing file /home/airflow/.local/lib/python3.8/site-packages/airflow/example_dags/example_branch_datetime_operator.py for tasks to queue
[2021-12-21 00:04:27,700] {logging_mixin.py:104} INFO - [2021-12-21 00:04:27,700] {dagbag.py:496} INFO - Filling up the DagBag from /home/airflow/.local/lib/python3.8/site-packages/airflow/example_dags/example_branch_datetime_operator.py
[2021-12-21 00:04:27,723] {scheduler_job.py:643} INFO - DAG(s) dict_keys(['example_branch_datetime_operator_2']) retrieved from /home/airflow/.local/lib/python3.8/site-packages/airflow/example_dags/example_branch_datetime_operator.py
[2021-12-21 00:04:27,785] {logging_mixin.py:104} INFO - [2021-12-21 00:04:27,785] {dag.py:1833} INFO - Sync 1 DAGs
[2021-12-21 00:04:27,806] {logging_mixin.py:104} INFO - [2021-12-21 00:04:27,806] {dag.py:2306} INFO - Setting next_dagrun for example_branch_datetime_operator_2 to 2021-12-19 00:00:00+00:00
[2021-12-21 00:04:27,828] {scheduler_job.py:190} INFO - Processing /home/airflow/.local/lib/python3.8/site-packages/airflow/example_dags/example_branch_datetime_operator.py took 0.143 seconds
[2021-12-21 00:04:58,214] {scheduler_job.py:182} INFO - Started process (PID=10189) to work on /home/airflow/.local/lib/python3.8/site-packages/airflow/example_dags/example_branch_datetime_operator.py
[2021-12-21 00:04:58,217] {scheduler_job.py:633} INFO - Processing file /home/airflow/.local/lib/python3.8/site-packages/airflow/example_dags/example_branch_datetime_operator.py for tasks to queue
[2021-12-21 00:04:58,220] {logging_mixin.py:104} INFO - [2021-12-21 00:04:58,220] {dagbag.py:496} INFO - Filling up the DagBag from /home/airflow/.local/lib/python3.8/site-packages/airflow/example_dags/example_branch_datetime_operator.py
[2021-12-21 00:04:58,240] {scheduler_job.py:643} INFO - DAG(s) dict_keys(['example_branch_datetime_operator_2']) retrieved from /home/airflow/.local/lib/python3.8/site-packages/airflow/example_dags/example_branch_datetime_operator.py
[2021-12-21 00:04:58,291] {logging_mixin.py:104} INFO - [2021-12-21 00:04:58,291] {dag.py:1833} INFO - Sync 1 DAGs
[2021-12-21 00:04:58,325] {logging_mixin.py:104} INFO - [2021-12-21 00:04:58,325] {dag.py:2306} INFO - Setting next_dagrun for example_branch_datetime_operator_2 to 2021-12-19 00:00:00+00:00
[2021-12-21 00:04:58,351] {scheduler_job.py:190} INFO - Processing /home/airflow/.local/lib/python3.8/site-packages/airflow/example_dags/example_branch_datetime_operator.py took 0.146 seconds
[2021-12-21 00:05:28,521] {scheduler_job.py:182} INFO - Started process (PID=10220) to work on /home/airflow/.local/lib/python3.8/site-packages/airflow/example_dags/example_branch_datetime_operator.py
[2021-12-21 00:05:28,526] {scheduler_job.py:633} INFO - Processing file /home/airflow/.local/lib/python3.8/site-packages/airflow/example_dags/example_branch_datetime_operator.py for tasks to queue
[2021-12-21 00:05:28,529] {logging_mixin.py:104} INFO - [2021-12-21 00:05:28,528] {dagbag.py:496} INFO - Filling up the DagBag from /home/airflow/.local/lib/python3.8/site-packages/airflow/example_dags/example_branch_datetime_operator.py
[2021-12-21 00:05:28,547] {scheduler_job.py:643} INFO - DAG(s) dict_keys(['example_branch_datetime_operator_2']) retrieved from /home/airflow/.local/lib/python3.8/site-packages/airflow/example_dags/example_branch_datetime_operator.py
[2021-12-21 00:05:28,598] {logging_mixin.py:104} INFO - [2021-12-21 00:05:28,598] {dag.py:1833} INFO - Sync 1 DAGs
[2021-12-21 00:05:28,617] {logging_mixin.py:104} INFO - [2021-12-21 00:05:28,617] {dag.py:2306} INFO - Setting next_dagrun for example_branch_datetime_operator_2 to 2021-12-19 00:00:00+00:00
[2021-12-21 00:05:28,637] {scheduler_job.py:190} INFO - Processing /home/airflow/.local/lib/python3.8/site-packages/airflow/example_dags/example_branch_datetime_operator.py took 0.120 seconds
[2021-12-21 00:05:59,203] {scheduler_job.py:182} INFO - Started process (PID=10251) to work on /home/airflow/.local/lib/python3.8/site-packages/airflow/example_dags/example_branch_datetime_operator.py
[2021-12-21 00:05:59,211] {scheduler_job.py:633} INFO - Processing file /home/airflow/.local/lib/python3.8/site-packages/airflow/example_dags/example_branch_datetime_operator.py for tasks to queue
[2021-12-21 00:05:59,214] {logging_mixin.py:104} INFO - [2021-12-21 00:05:59,213] {dagbag.py:496} INFO - Filling up the DagBag from /home/airflow/.local/lib/python3.8/site-packages/airflow/example_dags/example_branch_datetime_operator.py
[2021-12-21 00:05:59,235] {scheduler_job.py:643} INFO - DAG(s) dict_keys(['example_branch_datetime_operator_2']) retrieved from /home/airflow/.local/lib/python3.8/site-packages/airflow/example_dags/example_branch_datetime_operator.py
[2021-12-21 00:05:59,283] {logging_mixin.py:104} INFO - [2021-12-21 00:05:59,283] {dag.py:1833} INFO - Sync 1 DAGs
[2021-12-21 00:05:59,303] {logging_mixin.py:104} INFO - [2021-12-21 00:05:59,303] {dag.py:2306} INFO - Setting next_dagrun for example_branch_datetime_operator_2 to 2021-12-19 00:00:00+00:00
[2021-12-21 00:05:59,323] {scheduler_job.py:190} INFO - Processing /home/airflow/.local/lib/python3.8/site-packages/airflow/example_dags/example_branch_datetime_operator.py took 0.124 seconds
[2021-12-21 00:06:29,562] {scheduler_job.py:182} INFO - Started process (PID=10282) to work on /home/airflow/.local/lib/python3.8/site-packages/airflow/example_dags/example_branch_datetime_operator.py
[2021-12-21 00:06:29,565] {scheduler_job.py:633} INFO - Processing file /home/airflow/.local/lib/python3.8/site-packages/airflow/example_dags/example_branch_datetime_operator.py for tasks to queue
[2021-12-21 00:06:29,567] {logging_mixin.py:104} INFO - [2021-12-21 00:06:29,567] {dagbag.py:496} INFO - Filling up the DagBag from /home/airflow/.local/lib/python3.8/site-packages/airflow/example_dags/example_branch_datetime_operator.py
[2021-12-21 00:06:29,585] {scheduler_job.py:643} INFO - DAG(s) dict_keys(['example_branch_datetime_operator_2']) retrieved from /home/airflow/.local/lib/python3.8/site-packages/airflow/example_dags/example_branch_datetime_operator.py
[2021-12-21 00:06:29,631] {logging_mixin.py:104} INFO - [2021-12-21 00:06:29,631] {dag.py:1833} INFO - Sync 1 DAGs
[2021-12-21 00:06:29,651] {logging_mixin.py:104} INFO - [2021-12-21 00:06:29,650] {dag.py:2306} INFO - Setting next_dagrun for example_branch_datetime_operator_2 to 2021-12-19 00:00:00+00:00
[2021-12-21 00:06:29,672] {scheduler_job.py:190} INFO - Processing /home/airflow/.local/lib/python3.8/site-packages/airflow/example_dags/example_branch_datetime_operator.py took 0.114 seconds
[2021-12-21 00:07:00,301] {scheduler_job.py:182} INFO - Started process (PID=10313) to work on /home/airflow/.local/lib/python3.8/site-packages/airflow/example_dags/example_branch_datetime_operator.py
[2021-12-21 00:07:00,305] {scheduler_job.py:633} INFO - Processing file /home/airflow/.local/lib/python3.8/site-packages/airflow/example_dags/example_branch_datetime_operator.py for tasks to queue
[2021-12-21 00:07:00,308] {logging_mixin.py:104} INFO - [2021-12-21 00:07:00,308] {dagbag.py:496} INFO - Filling up the DagBag from /home/airflow/.local/lib/python3.8/site-packages/airflow/example_dags/example_branch_datetime_operator.py
[2021-12-21 00:07:00,330] {scheduler_job.py:643} INFO - DAG(s) dict_keys(['example_branch_datetime_operator_2']) retrieved from /home/airflow/.local/lib/python3.8/site-packages/airflow/example_dags/example_branch_datetime_operator.py
[2021-12-21 00:07:00,377] {logging_mixin.py:104} INFO - [2021-12-21 00:07:00,377] {dag.py:1833} INFO - Sync 1 DAGs
[2021-12-21 00:07:00,396] {logging_mixin.py:104} INFO - [2021-12-21 00:07:00,396] {dag.py:2306} INFO - Setting next_dagrun for example_branch_datetime_operator_2 to 2021-12-19 00:00:00+00:00
[2021-12-21 00:07:00,414] {scheduler_job.py:190} INFO - Processing /home/airflow/.local/lib/python3.8/site-packages/airflow/example_dags/example_branch_datetime_operator.py took 0.117 seconds
[2021-12-21 00:07:31,108] {scheduler_job.py:182} INFO - Started process (PID=10344) to work on /home/airflow/.local/lib/python3.8/site-packages/airflow/example_dags/example_branch_datetime_operator.py
[2021-12-21 00:07:31,113] {scheduler_job.py:633} INFO - Processing file /home/airflow/.local/lib/python3.8/site-packages/airflow/example_dags/example_branch_datetime_operator.py for tasks to queue
[2021-12-21 00:07:31,116] {logging_mixin.py:104} INFO - [2021-12-21 00:07:31,115] {dagbag.py:496} INFO - Filling up the DagBag from /home/airflow/.local/lib/python3.8/site-packages/airflow/example_dags/example_branch_datetime_operator.py
[2021-12-21 00:07:31,137] {scheduler_job.py:643} INFO - DAG(s) dict_keys(['example_branch_datetime_operator_2']) retrieved from /home/airflow/.local/lib/python3.8/site-packages/airflow/example_dags/example_branch_datetime_operator.py
[2021-12-21 00:07:31,186] {logging_mixin.py:104} INFO - [2021-12-21 00:07:31,186] {dag.py:1833} INFO - Sync 1 DAGs
[2021-12-21 00:07:31,206] {logging_mixin.py:104} INFO - [2021-12-21 00:07:31,206] {dag.py:2306} INFO - Setting next_dagrun for example_branch_datetime_operator_2 to 2021-12-19 00:00:00+00:00
[2021-12-21 00:07:31,229] {scheduler_job.py:190} INFO - Processing /home/airflow/.local/lib/python3.8/site-packages/airflow/example_dags/example_branch_datetime_operator.py took 0.129 seconds
[2021-12-21 00:08:02,089] {scheduler_job.py:182} INFO - Started process (PID=10375) to work on /home/airflow/.local/lib/python3.8/site-packages/airflow/example_dags/example_branch_datetime_operator.py
[2021-12-21 00:08:02,093] {scheduler_job.py:633} INFO - Processing file /home/airflow/.local/lib/python3.8/site-packages/airflow/example_dags/example_branch_datetime_operator.py for tasks to queue
[2021-12-21 00:08:02,095] {logging_mixin.py:104} INFO - [2021-12-21 00:08:02,095] {dagbag.py:496} INFO - Filling up the DagBag from /home/airflow/.local/lib/python3.8/site-packages/airflow/example_dags/example_branch_datetime_operator.py
[2021-12-21 00:08:02,113] {scheduler_job.py:643} INFO - DAG(s) dict_keys(['example_branch_datetime_operator_2']) retrieved from /home/airflow/.local/lib/python3.8/site-packages/airflow/example_dags/example_branch_datetime_operator.py
[2021-12-21 00:08:02,157] {logging_mixin.py:104} INFO - [2021-12-21 00:08:02,157] {dag.py:1833} INFO - Sync 1 DAGs
[2021-12-21 00:08:02,178] {logging_mixin.py:104} INFO - [2021-12-21 00:08:02,178] {dag.py:2306} INFO - Setting next_dagrun for example_branch_datetime_operator_2 to 2021-12-19 00:00:00+00:00
[2021-12-21 00:08:02,198] {scheduler_job.py:190} INFO - Processing /home/airflow/.local/lib/python3.8/site-packages/airflow/example_dags/example_branch_datetime_operator.py took 0.113 seconds
[2021-12-21 00:08:32,416] {scheduler_job.py:182} INFO - Started process (PID=10406) to work on /home/airflow/.local/lib/python3.8/site-packages/airflow/example_dags/example_branch_datetime_operator.py
[2021-12-21 00:08:32,422] {scheduler_job.py:633} INFO - Processing file /home/airflow/.local/lib/python3.8/site-packages/airflow/example_dags/example_branch_datetime_operator.py for tasks to queue
[2021-12-21 00:08:32,425] {logging_mixin.py:104} INFO - [2021-12-21 00:08:32,425] {dagbag.py:496} INFO - Filling up the DagBag from /home/airflow/.local/lib/python3.8/site-packages/airflow/example_dags/example_branch_datetime_operator.py
[2021-12-21 00:08:32,457] {scheduler_job.py:643} INFO - DAG(s) dict_keys(['example_branch_datetime_operator_2']) retrieved from /home/airflow/.local/lib/python3.8/site-packages/airflow/example_dags/example_branch_datetime_operator.py
[2021-12-21 00:08:32,526] {logging_mixin.py:104} INFO - [2021-12-21 00:08:32,525] {dag.py:1833} INFO - Sync 1 DAGs
[2021-12-21 00:08:32,555] {logging_mixin.py:104} INFO - [2021-12-21 00:08:32,555] {dag.py:2306} INFO - Setting next_dagrun for example_branch_datetime_operator_2 to 2021-12-19 00:00:00+00:00
[2021-12-21 00:08:32,600] {scheduler_job.py:190} INFO - Processing /home/airflow/.local/lib/python3.8/site-packages/airflow/example_dags/example_branch_datetime_operator.py took 0.193 seconds
[2021-12-21 00:09:02,788] {scheduler_job.py:182} INFO - Started process (PID=10437) to work on /home/airflow/.local/lib/python3.8/site-packages/airflow/example_dags/example_branch_datetime_operator.py
[2021-12-21 00:09:02,793] {scheduler_job.py:633} INFO - Processing file /home/airflow/.local/lib/python3.8/site-packages/airflow/example_dags/example_branch_datetime_operator.py for tasks to queue
[2021-12-21 00:09:02,797] {logging_mixin.py:104} INFO - [2021-12-21 00:09:02,797] {dagbag.py:496} INFO - Filling up the DagBag from /home/airflow/.local/lib/python3.8/site-packages/airflow/example_dags/example_branch_datetime_operator.py
[2021-12-21 00:09:02,822] {scheduler_job.py:643} INFO - DAG(s) dict_keys(['example_branch_datetime_operator_2']) retrieved from /home/airflow/.local/lib/python3.8/site-packages/airflow/example_dags/example_branch_datetime_operator.py
[2021-12-21 00:09:02,873] {logging_mixin.py:104} INFO - [2021-12-21 00:09:02,873] {dag.py:1833} INFO - Sync 1 DAGs
[2021-12-21 00:09:02,899] {logging_mixin.py:104} INFO - [2021-12-21 00:09:02,899] {dag.py:2306} INFO - Setting next_dagrun for example_branch_datetime_operator_2 to 2021-12-19 00:00:00+00:00
[2021-12-21 00:09:02,922] {scheduler_job.py:190} INFO - Processing /home/airflow/.local/lib/python3.8/site-packages/airflow/example_dags/example_branch_datetime_operator.py took 0.140 seconds
[2021-12-21 00:09:33,104] {scheduler_job.py:182} INFO - Started process (PID=10468) to work on /home/airflow/.local/lib/python3.8/site-packages/airflow/example_dags/example_branch_datetime_operator.py
[2021-12-21 00:09:33,110] {scheduler_job.py:633} INFO - Processing file /home/airflow/.local/lib/python3.8/site-packages/airflow/example_dags/example_branch_datetime_operator.py for tasks to queue
[2021-12-21 00:09:33,113] {logging_mixin.py:104} INFO - [2021-12-21 00:09:33,113] {dagbag.py:496} INFO - Filling up the DagBag from /home/airflow/.local/lib/python3.8/site-packages/airflow/example_dags/example_branch_datetime_operator.py
[2021-12-21 00:09:33,135] {scheduler_job.py:643} INFO - DAG(s) dict_keys(['example_branch_datetime_operator_2']) retrieved from /home/airflow/.local/lib/python3.8/site-packages/airflow/example_dags/example_branch_datetime_operator.py
[2021-12-21 00:09:33,182] {logging_mixin.py:104} INFO - [2021-12-21 00:09:33,182] {dag.py:1833} INFO - Sync 1 DAGs
[2021-12-21 00:09:33,202] {logging_mixin.py:104} INFO - [2021-12-21 00:09:33,202] {dag.py:2306} INFO - Setting next_dagrun for example_branch_datetime_operator_2 to 2021-12-19 00:00:00+00:00
[2021-12-21 00:09:33,221] {scheduler_job.py:190} INFO - Processing /home/airflow/.local/lib/python3.8/site-packages/airflow/example_dags/example_branch_datetime_operator.py took 0.126 seconds
[2021-12-21 00:10:03,712] {scheduler_job.py:182} INFO - Started process (PID=10499) to work on /home/airflow/.local/lib/python3.8/site-packages/airflow/example_dags/example_branch_datetime_operator.py
[2021-12-21 00:10:03,716] {scheduler_job.py:633} INFO - Processing file /home/airflow/.local/lib/python3.8/site-packages/airflow/example_dags/example_branch_datetime_operator.py for tasks to queue
[2021-12-21 00:10:03,719] {logging_mixin.py:104} INFO - [2021-12-21 00:10:03,719] {dagbag.py:496} INFO - Filling up the DagBag from /home/airflow/.local/lib/python3.8/site-packages/airflow/example_dags/example_branch_datetime_operator.py
[2021-12-21 00:10:03,830] {scheduler_job.py:643} INFO - DAG(s) dict_keys(['example_branch_datetime_operator_2']) retrieved from /home/airflow/.local/lib/python3.8/site-packages/airflow/example_dags/example_branch_datetime_operator.py
[2021-12-21 00:10:03,988] {logging_mixin.py:104} INFO - [2021-12-21 00:10:03,987] {dag.py:1833} INFO - Sync 1 DAGs
[2021-12-21 00:10:04,103] {logging_mixin.py:104} INFO - [2021-12-21 00:10:04,102] {dag.py:2306} INFO - Setting next_dagrun for example_branch_datetime_operator_2 to 2021-12-19 00:00:00+00:00
[2021-12-21 00:10:04,207] {scheduler_job.py:190} INFO - Processing /home/airflow/.local/lib/python3.8/site-packages/airflow/example_dags/example_branch_datetime_operator.py took 0.502 seconds
[2021-12-21 00:10:35,386] {scheduler_job.py:182} INFO - Started process (PID=10531) to work on /home/airflow/.local/lib/python3.8/site-packages/airflow/example_dags/example_branch_datetime_operator.py
[2021-12-21 00:10:35,396] {scheduler_job.py:633} INFO - Processing file /home/airflow/.local/lib/python3.8/site-packages/airflow/example_dags/example_branch_datetime_operator.py for tasks to queue
[2021-12-21 00:10:35,401] {logging_mixin.py:104} INFO - [2021-12-21 00:10:35,400] {dagbag.py:496} INFO - Filling up the DagBag from /home/airflow/.local/lib/python3.8/site-packages/airflow/example_dags/example_branch_datetime_operator.py
[2021-12-21 00:10:35,429] {scheduler_job.py:643} INFO - DAG(s) dict_keys(['example_branch_datetime_operator_2']) retrieved from /home/airflow/.local/lib/python3.8/site-packages/airflow/example_dags/example_branch_datetime_operator.py
[2021-12-21 00:10:35,482] {logging_mixin.py:104} INFO - [2021-12-21 00:10:35,482] {dag.py:1833} INFO - Sync 1 DAGs
[2021-12-21 00:10:35,504] {logging_mixin.py:104} INFO - [2021-12-21 00:10:35,503] {dag.py:2306} INFO - Setting next_dagrun for example_branch_datetime_operator_2 to 2021-12-19 00:00:00+00:00
[2021-12-21 00:10:35,524] {scheduler_job.py:190} INFO - Processing /home/airflow/.local/lib/python3.8/site-packages/airflow/example_dags/example_branch_datetime_operator.py took 0.148 seconds
[2021-12-21 00:11:05,624] {scheduler_job.py:182} INFO - Started process (PID=10561) to work on /home/airflow/.local/lib/python3.8/site-packages/airflow/example_dags/example_branch_datetime_operator.py
[2021-12-21 00:11:05,628] {scheduler_job.py:633} INFO - Processing file /home/airflow/.local/lib/python3.8/site-packages/airflow/example_dags/example_branch_datetime_operator.py for tasks to queue
[2021-12-21 00:11:05,631] {logging_mixin.py:104} INFO - [2021-12-21 00:11:05,631] {dagbag.py:496} INFO - Filling up the DagBag from /home/airflow/.local/lib/python3.8/site-packages/airflow/example_dags/example_branch_datetime_operator.py
[2021-12-21 00:11:05,658] {scheduler_job.py:643} INFO - DAG(s) dict_keys(['example_branch_datetime_operator_2']) retrieved from /home/airflow/.local/lib/python3.8/site-packages/airflow/example_dags/example_branch_datetime_operator.py
[2021-12-21 00:11:05,705] {logging_mixin.py:104} INFO - [2021-12-21 00:11:05,705] {dag.py:1833} INFO - Sync 1 DAGs
[2021-12-21 00:11:05,725] {logging_mixin.py:104} INFO - [2021-12-21 00:11:05,725] {dag.py:2306} INFO - Setting next_dagrun for example_branch_datetime_operator_2 to 2021-12-19 00:00:00+00:00
[2021-12-21 00:11:05,750] {scheduler_job.py:190} INFO - Processing /home/airflow/.local/lib/python3.8/site-packages/airflow/example_dags/example_branch_datetime_operator.py took 0.131 seconds
[2021-12-21 00:11:35,829] {scheduler_job.py:182} INFO - Started process (PID=10592) to work on /home/airflow/.local/lib/python3.8/site-packages/airflow/example_dags/example_branch_datetime_operator.py
[2021-12-21 00:11:35,833] {scheduler_job.py:633} INFO - Processing file /home/airflow/.local/lib/python3.8/site-packages/airflow/example_dags/example_branch_datetime_operator.py for tasks to queue
[2021-12-21 00:11:35,836] {logging_mixin.py:104} INFO - [2021-12-21 00:11:35,836] {dagbag.py:496} INFO - Filling up the DagBag from /home/airflow/.local/lib/python3.8/site-packages/airflow/example_dags/example_branch_datetime_operator.py
[2021-12-21 00:11:35,864] {scheduler_job.py:643} INFO - DAG(s) dict_keys(['example_branch_datetime_operator_2']) retrieved from /home/airflow/.local/lib/python3.8/site-packages/airflow/example_dags/example_branch_datetime_operator.py
[2021-12-21 00:11:35,941] {logging_mixin.py:104} INFO - [2021-12-21 00:11:35,941] {dag.py:1833} INFO - Sync 1 DAGs
[2021-12-21 00:11:35,967] {logging_mixin.py:104} INFO - [2021-12-21 00:11:35,967] {dag.py:2306} INFO - Setting next_dagrun for example_branch_datetime_operator_2 to 2021-12-19 00:00:00+00:00
[2021-12-21 00:11:35,992] {scheduler_job.py:190} INFO - Processing /home/airflow/.local/lib/python3.8/site-packages/airflow/example_dags/example_branch_datetime_operator.py took 0.168 seconds
[2021-12-21 00:12:06,181] {scheduler_job.py:182} INFO - Started process (PID=10623) to work on /home/airflow/.local/lib/python3.8/site-packages/airflow/example_dags/example_branch_datetime_operator.py
[2021-12-21 00:12:06,190] {scheduler_job.py:633} INFO - Processing file /home/airflow/.local/lib/python3.8/site-packages/airflow/example_dags/example_branch_datetime_operator.py for tasks to queue
[2021-12-21 00:12:06,193] {logging_mixin.py:104} INFO - [2021-12-21 00:12:06,193] {dagbag.py:496} INFO - Filling up the DagBag from /home/airflow/.local/lib/python3.8/site-packages/airflow/example_dags/example_branch_datetime_operator.py
[2021-12-21 00:12:06,227] {scheduler_job.py:643} INFO - DAG(s) dict_keys(['example_branch_datetime_operator_2']) retrieved from /home/airflow/.local/lib/python3.8/site-packages/airflow/example_dags/example_branch_datetime_operator.py
[2021-12-21 00:12:06,341] {logging_mixin.py:104} INFO - [2021-12-21 00:12:06,341] {dag.py:1833} INFO - Sync 1 DAGs
[2021-12-21 00:12:06,376] {logging_mixin.py:104} INFO - [2021-12-21 00:12:06,374] {dag.py:2306} INFO - Setting next_dagrun for example_branch_datetime_operator_2 to 2021-12-19 00:00:00+00:00
[2021-12-21 00:12:06,426] {scheduler_job.py:190} INFO - Processing /home/airflow/.local/lib/python3.8/site-packages/airflow/example_dags/example_branch_datetime_operator.py took 0.265 seconds
[2021-12-21 00:12:36,505] {scheduler_job.py:182} INFO - Started process (PID=10653) to work on /home/airflow/.local/lib/python3.8/site-packages/airflow/example_dags/example_branch_datetime_operator.py
[2021-12-21 00:12:36,512] {scheduler_job.py:633} INFO - Processing file /home/airflow/.local/lib/python3.8/site-packages/airflow/example_dags/example_branch_datetime_operator.py for tasks to queue
[2021-12-21 00:12:36,515] {logging_mixin.py:104} INFO - [2021-12-21 00:12:36,515] {dagbag.py:496} INFO - Filling up the DagBag from /home/airflow/.local/lib/python3.8/site-packages/airflow/example_dags/example_branch_datetime_operator.py
[2021-12-21 00:12:36,538] {scheduler_job.py:643} INFO - DAG(s) dict_keys(['example_branch_datetime_operator_2']) retrieved from /home/airflow/.local/lib/python3.8/site-packages/airflow/example_dags/example_branch_datetime_operator.py
[2021-12-21 00:12:36,596] {logging_mixin.py:104} INFO - [2021-12-21 00:12:36,595] {dag.py:1833} INFO - Sync 1 DAGs
[2021-12-21 00:12:36,621] {logging_mixin.py:104} INFO - [2021-12-21 00:12:36,621] {dag.py:2306} INFO - Setting next_dagrun for example_branch_datetime_operator_2 to 2021-12-19 00:00:00+00:00
[2021-12-21 00:12:36,644] {scheduler_job.py:190} INFO - Processing /home/airflow/.local/lib/python3.8/site-packages/airflow/example_dags/example_branch_datetime_operator.py took 0.147 seconds
[2021-12-21 00:13:07,343] {scheduler_job.py:182} INFO - Started process (PID=10684) to work on /home/airflow/.local/lib/python3.8/site-packages/airflow/example_dags/example_branch_datetime_operator.py
[2021-12-21 00:13:07,347] {scheduler_job.py:633} INFO - Processing file /home/airflow/.local/lib/python3.8/site-packages/airflow/example_dags/example_branch_datetime_operator.py for tasks to queue
[2021-12-21 00:13:07,349] {logging_mixin.py:104} INFO - [2021-12-21 00:13:07,349] {dagbag.py:496} INFO - Filling up the DagBag from /home/airflow/.local/lib/python3.8/site-packages/airflow/example_dags/example_branch_datetime_operator.py
[2021-12-21 00:13:07,372] {scheduler_job.py:643} INFO - DAG(s) dict_keys(['example_branch_datetime_operator_2']) retrieved from /home/airflow/.local/lib/python3.8/site-packages/airflow/example_dags/example_branch_datetime_operator.py
[2021-12-21 00:13:07,417] {logging_mixin.py:104} INFO - [2021-12-21 00:13:07,417] {dag.py:1833} INFO - Sync 1 DAGs
[2021-12-21 00:13:07,439] {logging_mixin.py:104} INFO - [2021-12-21 00:13:07,438] {dag.py:2306} INFO - Setting next_dagrun for example_branch_datetime_operator_2 to 2021-12-19 00:00:00+00:00
[2021-12-21 00:13:07,457] {scheduler_job.py:190} INFO - Processing /home/airflow/.local/lib/python3.8/site-packages/airflow/example_dags/example_branch_datetime_operator.py took 0.119 seconds
[2021-12-21 00:13:38,330] {scheduler_job.py:182} INFO - Started process (PID=10715) to work on /home/airflow/.local/lib/python3.8/site-packages/airflow/example_dags/example_branch_datetime_operator.py
[2021-12-21 00:13:38,334] {scheduler_job.py:633} INFO - Processing file /home/airflow/.local/lib/python3.8/site-packages/airflow/example_dags/example_branch_datetime_operator.py for tasks to queue
[2021-12-21 00:13:38,337] {logging_mixin.py:104} INFO - [2021-12-21 00:13:38,336] {dagbag.py:496} INFO - Filling up the DagBag from /home/airflow/.local/lib/python3.8/site-packages/airflow/example_dags/example_branch_datetime_operator.py
[2021-12-21 00:13:38,367] {scheduler_job.py:643} INFO - DAG(s) dict_keys(['example_branch_datetime_operator_2']) retrieved from /home/airflow/.local/lib/python3.8/site-packages/airflow/example_dags/example_branch_datetime_operator.py
[2021-12-21 00:13:38,414] {logging_mixin.py:104} INFO - [2021-12-21 00:13:38,414] {dag.py:1833} INFO - Sync 1 DAGs
[2021-12-21 00:13:38,436] {logging_mixin.py:104} INFO - [2021-12-21 00:13:38,436] {dag.py:2306} INFO - Setting next_dagrun for example_branch_datetime_operator_2 to 2021-12-19 00:00:00+00:00
[2021-12-21 00:13:38,454] {scheduler_job.py:190} INFO - Processing /home/airflow/.local/lib/python3.8/site-packages/airflow/example_dags/example_branch_datetime_operator.py took 0.130 seconds
[2021-12-21 00:14:09,161] {scheduler_job.py:182} INFO - Started process (PID=10746) to work on /home/airflow/.local/lib/python3.8/site-packages/airflow/example_dags/example_branch_datetime_operator.py
[2021-12-21 00:14:09,165] {scheduler_job.py:633} INFO - Processing file /home/airflow/.local/lib/python3.8/site-packages/airflow/example_dags/example_branch_datetime_operator.py for tasks to queue
[2021-12-21 00:14:09,168] {logging_mixin.py:104} INFO - [2021-12-21 00:14:09,168] {dagbag.py:496} INFO - Filling up the DagBag from /home/airflow/.local/lib/python3.8/site-packages/airflow/example_dags/example_branch_datetime_operator.py
[2021-12-21 00:14:09,188] {scheduler_job.py:643} INFO - DAG(s) dict_keys(['example_branch_datetime_operator_2']) retrieved from /home/airflow/.local/lib/python3.8/site-packages/airflow/example_dags/example_branch_datetime_operator.py
[2021-12-21 00:14:09,243] {logging_mixin.py:104} INFO - [2021-12-21 00:14:09,243] {dag.py:1833} INFO - Sync 1 DAGs
[2021-12-21 00:14:09,273] {logging_mixin.py:104} INFO - [2021-12-21 00:14:09,273] {dag.py:2306} INFO - Setting next_dagrun for example_branch_datetime_operator_2 to 2021-12-19 00:00:00+00:00
[2021-12-21 00:14:09,308] {scheduler_job.py:190} INFO - Processing /home/airflow/.local/lib/python3.8/site-packages/airflow/example_dags/example_branch_datetime_operator.py took 0.156 seconds
[2021-12-21 00:14:39,521] {scheduler_job.py:182} INFO - Started process (PID=10777) to work on /home/airflow/.local/lib/python3.8/site-packages/airflow/example_dags/example_branch_datetime_operator.py
[2021-12-21 00:14:39,524] {scheduler_job.py:633} INFO - Processing file /home/airflow/.local/lib/python3.8/site-packages/airflow/example_dags/example_branch_datetime_operator.py for tasks to queue
[2021-12-21 00:14:39,530] {logging_mixin.py:104} INFO - [2021-12-21 00:14:39,529] {dagbag.py:496} INFO - Filling up the DagBag from /home/airflow/.local/lib/python3.8/site-packages/airflow/example_dags/example_branch_datetime_operator.py
[2021-12-21 00:14:39,569] {scheduler_job.py:643} INFO - DAG(s) dict_keys(['example_branch_datetime_operator_2']) retrieved from /home/airflow/.local/lib/python3.8/site-packages/airflow/example_dags/example_branch_datetime_operator.py
[2021-12-21 00:14:39,643] {logging_mixin.py:104} INFO - [2021-12-21 00:14:39,642] {dag.py:1833} INFO - Sync 1 DAGs
[2021-12-21 00:14:39,673] {logging_mixin.py:104} INFO - [2021-12-21 00:14:39,672] {dag.py:2306} INFO - Setting next_dagrun for example_branch_datetime_operator_2 to 2021-12-19 00:00:00+00:00
[2021-12-21 00:14:39,697] {scheduler_job.py:190} INFO - Processing /home/airflow/.local/lib/python3.8/site-packages/airflow/example_dags/example_branch_datetime_operator.py took 0.188 seconds
[2021-12-21 00:15:09,908] {scheduler_job.py:182} INFO - Started process (PID=10808) to work on /home/airflow/.local/lib/python3.8/site-packages/airflow/example_dags/example_branch_datetime_operator.py
[2021-12-21 00:15:09,913] {scheduler_job.py:633} INFO - Processing file /home/airflow/.local/lib/python3.8/site-packages/airflow/example_dags/example_branch_datetime_operator.py for tasks to queue
[2021-12-21 00:15:09,918] {logging_mixin.py:104} INFO - [2021-12-21 00:15:09,917] {dagbag.py:496} INFO - Filling up the DagBag from /home/airflow/.local/lib/python3.8/site-packages/airflow/example_dags/example_branch_datetime_operator.py
[2021-12-21 00:15:09,961] {scheduler_job.py:643} INFO - DAG(s) dict_keys(['example_branch_datetime_operator_2']) retrieved from /home/airflow/.local/lib/python3.8/site-packages/airflow/example_dags/example_branch_datetime_operator.py
[2021-12-21 00:15:10,029] {logging_mixin.py:104} INFO - [2021-12-21 00:15:10,029] {dag.py:1833} INFO - Sync 1 DAGs
[2021-12-21 00:15:10,067] {logging_mixin.py:104} INFO - [2021-12-21 00:15:10,067] {dag.py:2306} INFO - Setting next_dagrun for example_branch_datetime_operator_2 to 2021-12-19 00:00:00+00:00
[2021-12-21 00:15:10,097] {scheduler_job.py:190} INFO - Processing /home/airflow/.local/lib/python3.8/site-packages/airflow/example_dags/example_branch_datetime_operator.py took 0.204 seconds
[2021-12-21 00:15:40,211] {scheduler_job.py:182} INFO - Started process (PID=10839) to work on /home/airflow/.local/lib/python3.8/site-packages/airflow/example_dags/example_branch_datetime_operator.py
[2021-12-21 00:15:40,218] {scheduler_job.py:633} INFO - Processing file /home/airflow/.local/lib/python3.8/site-packages/airflow/example_dags/example_branch_datetime_operator.py for tasks to queue
[2021-12-21 00:15:40,222] {logging_mixin.py:104} INFO - [2021-12-21 00:15:40,222] {dagbag.py:496} INFO - Filling up the DagBag from /home/airflow/.local/lib/python3.8/site-packages/airflow/example_dags/example_branch_datetime_operator.py
[2021-12-21 00:15:40,253] {scheduler_job.py:643} INFO - DAG(s) dict_keys(['example_branch_datetime_operator_2']) retrieved from /home/airflow/.local/lib/python3.8/site-packages/airflow/example_dags/example_branch_datetime_operator.py
[2021-12-21 00:15:40,321] {logging_mixin.py:104} INFO - [2021-12-21 00:15:40,321] {dag.py:1833} INFO - Sync 1 DAGs
[2021-12-21 00:15:40,372] {logging_mixin.py:104} INFO - [2021-12-21 00:15:40,371] {dag.py:2306} INFO - Setting next_dagrun for example_branch_datetime_operator_2 to 2021-12-19 00:00:00+00:00
[2021-12-21 00:15:40,403] {scheduler_job.py:190} INFO - Processing /home/airflow/.local/lib/python3.8/site-packages/airflow/example_dags/example_branch_datetime_operator.py took 0.202 seconds
[2021-12-21 00:16:10,667] {scheduler_job.py:182} INFO - Started process (PID=10870) to work on /home/airflow/.local/lib/python3.8/site-packages/airflow/example_dags/example_branch_datetime_operator.py
[2021-12-21 00:16:10,674] {scheduler_job.py:633} INFO - Processing file /home/airflow/.local/lib/python3.8/site-packages/airflow/example_dags/example_branch_datetime_operator.py for tasks to queue
[2021-12-21 00:16:10,677] {logging_mixin.py:104} INFO - [2021-12-21 00:16:10,677] {dagbag.py:496} INFO - Filling up the DagBag from /home/airflow/.local/lib/python3.8/site-packages/airflow/example_dags/example_branch_datetime_operator.py
[2021-12-21 00:16:10,707] {scheduler_job.py:643} INFO - DAG(s) dict_keys(['example_branch_datetime_operator_2']) retrieved from /home/airflow/.local/lib/python3.8/site-packages/airflow/example_dags/example_branch_datetime_operator.py
[2021-12-21 00:16:10,779] {logging_mixin.py:104} INFO - [2021-12-21 00:16:10,779] {dag.py:1833} INFO - Sync 1 DAGs
[2021-12-21 00:16:10,806] {logging_mixin.py:104} INFO - [2021-12-21 00:16:10,806] {dag.py:2306} INFO - Setting next_dagrun for example_branch_datetime_operator_2 to 2021-12-19 00:00:00+00:00
[2021-12-21 00:16:10,830] {scheduler_job.py:190} INFO - Processing /home/airflow/.local/lib/python3.8/site-packages/airflow/example_dags/example_branch_datetime_operator.py took 0.168 seconds
[2021-12-21 00:16:40,923] {scheduler_job.py:182} INFO - Started process (PID=10900) to work on /home/airflow/.local/lib/python3.8/site-packages/airflow/example_dags/example_branch_datetime_operator.py
[2021-12-21 00:16:40,926] {scheduler_job.py:633} INFO - Processing file /home/airflow/.local/lib/python3.8/site-packages/airflow/example_dags/example_branch_datetime_operator.py for tasks to queue
[2021-12-21 00:16:40,928] {logging_mixin.py:104} INFO - [2021-12-21 00:16:40,928] {dagbag.py:496} INFO - Filling up the DagBag from /home/airflow/.local/lib/python3.8/site-packages/airflow/example_dags/example_branch_datetime_operator.py
[2021-12-21 00:16:40,946] {scheduler_job.py:643} INFO - DAG(s) dict_keys(['example_branch_datetime_operator_2']) retrieved from /home/airflow/.local/lib/python3.8/site-packages/airflow/example_dags/example_branch_datetime_operator.py
[2021-12-21 00:16:41,002] {logging_mixin.py:104} INFO - [2021-12-21 00:16:41,002] {dag.py:1833} INFO - Sync 1 DAGs
[2021-12-21 00:16:41,024] {logging_mixin.py:104} INFO - [2021-12-21 00:16:41,024] {dag.py:2306} INFO - Setting next_dagrun for example_branch_datetime_operator_2 to 2021-12-19 00:00:00+00:00
[2021-12-21 00:16:41,041] {scheduler_job.py:190} INFO - Processing /home/airflow/.local/lib/python3.8/site-packages/airflow/example_dags/example_branch_datetime_operator.py took 0.122 seconds
[2021-12-21 00:17:11,522] {scheduler_job.py:182} INFO - Started process (PID=10932) to work on /home/airflow/.local/lib/python3.8/site-packages/airflow/example_dags/example_branch_datetime_operator.py
[2021-12-21 00:17:11,526] {scheduler_job.py:633} INFO - Processing file /home/airflow/.local/lib/python3.8/site-packages/airflow/example_dags/example_branch_datetime_operator.py for tasks to queue
[2021-12-21 00:17:11,529] {logging_mixin.py:104} INFO - [2021-12-21 00:17:11,528] {dagbag.py:496} INFO - Filling up the DagBag from /home/airflow/.local/lib/python3.8/site-packages/airflow/example_dags/example_branch_datetime_operator.py
[2021-12-21 00:17:11,549] {scheduler_job.py:643} INFO - DAG(s) dict_keys(['example_branch_datetime_operator_2']) retrieved from /home/airflow/.local/lib/python3.8/site-packages/airflow/example_dags/example_branch_datetime_operator.py
[2021-12-21 00:17:11,597] {logging_mixin.py:104} INFO - [2021-12-21 00:17:11,597] {dag.py:1833} INFO - Sync 1 DAGs
[2021-12-21 00:17:11,617] {logging_mixin.py:104} INFO - [2021-12-21 00:17:11,617] {dag.py:2306} INFO - Setting next_dagrun for example_branch_datetime_operator_2 to 2021-12-19 00:00:00+00:00
[2021-12-21 00:17:11,638] {scheduler_job.py:190} INFO - Processing /home/airflow/.local/lib/python3.8/site-packages/airflow/example_dags/example_branch_datetime_operator.py took 0.124 seconds
[2021-12-21 00:17:41,925] {scheduler_job.py:182} INFO - Started process (PID=10963) to work on /home/airflow/.local/lib/python3.8/site-packages/airflow/example_dags/example_branch_datetime_operator.py
[2021-12-21 00:17:41,929] {scheduler_job.py:633} INFO - Processing file /home/airflow/.local/lib/python3.8/site-packages/airflow/example_dags/example_branch_datetime_operator.py for tasks to queue
[2021-12-21 00:17:41,938] {logging_mixin.py:104} INFO - [2021-12-21 00:17:41,937] {dagbag.py:496} INFO - Filling up the DagBag from /home/airflow/.local/lib/python3.8/site-packages/airflow/example_dags/example_branch_datetime_operator.py
[2021-12-21 00:17:41,975] {scheduler_job.py:643} INFO - DAG(s) dict_keys(['example_branch_datetime_operator_2']) retrieved from /home/airflow/.local/lib/python3.8/site-packages/airflow/example_dags/example_branch_datetime_operator.py
[2021-12-21 00:17:42,049] {logging_mixin.py:104} INFO - [2021-12-21 00:17:42,049] {dag.py:1833} INFO - Sync 1 DAGs
[2021-12-21 00:17:42,092] {logging_mixin.py:104} INFO - [2021-12-21 00:17:42,092] {dag.py:2306} INFO - Setting next_dagrun for example_branch_datetime_operator_2 to 2021-12-19 00:00:00+00:00
[2021-12-21 00:17:42,122] {scheduler_job.py:190} INFO - Processing /home/airflow/.local/lib/python3.8/site-packages/airflow/example_dags/example_branch_datetime_operator.py took 0.214 seconds
[2021-12-21 00:18:12,386] {scheduler_job.py:182} INFO - Started process (PID=10994) to work on /home/airflow/.local/lib/python3.8/site-packages/airflow/example_dags/example_branch_datetime_operator.py
[2021-12-21 00:18:12,393] {scheduler_job.py:633} INFO - Processing file /home/airflow/.local/lib/python3.8/site-packages/airflow/example_dags/example_branch_datetime_operator.py for tasks to queue
[2021-12-21 00:18:12,396] {logging_mixin.py:104} INFO - [2021-12-21 00:18:12,396] {dagbag.py:496} INFO - Filling up the DagBag from /home/airflow/.local/lib/python3.8/site-packages/airflow/example_dags/example_branch_datetime_operator.py
[2021-12-21 00:18:12,426] {scheduler_job.py:643} INFO - DAG(s) dict_keys(['example_branch_datetime_operator_2']) retrieved from /home/airflow/.local/lib/python3.8/site-packages/airflow/example_dags/example_branch_datetime_operator.py
[2021-12-21 00:18:12,491] {logging_mixin.py:104} INFO - [2021-12-21 00:18:12,491] {dag.py:1833} INFO - Sync 1 DAGs
[2021-12-21 00:18:12,522] {logging_mixin.py:104} INFO - [2021-12-21 00:18:12,522] {dag.py:2306} INFO - Setting next_dagrun for example_branch_datetime_operator_2 to 2021-12-19 00:00:00+00:00
[2021-12-21 00:18:12,558] {scheduler_job.py:190} INFO - Processing /home/airflow/.local/lib/python3.8/site-packages/airflow/example_dags/example_branch_datetime_operator.py took 0.181 seconds
[2021-12-21 00:18:42,654] {scheduler_job.py:182} INFO - Started process (PID=11025) to work on /home/airflow/.local/lib/python3.8/site-packages/airflow/example_dags/example_branch_datetime_operator.py
[2021-12-21 00:18:42,658] {scheduler_job.py:633} INFO - Processing file /home/airflow/.local/lib/python3.8/site-packages/airflow/example_dags/example_branch_datetime_operator.py for tasks to queue
[2021-12-21 00:18:42,660] {logging_mixin.py:104} INFO - [2021-12-21 00:18:42,660] {dagbag.py:496} INFO - Filling up the DagBag from /home/airflow/.local/lib/python3.8/site-packages/airflow/example_dags/example_branch_datetime_operator.py
[2021-12-21 00:18:42,678] {scheduler_job.py:643} INFO - DAG(s) dict_keys(['example_branch_datetime_operator_2']) retrieved from /home/airflow/.local/lib/python3.8/site-packages/airflow/example_dags/example_branch_datetime_operator.py
[2021-12-21 00:18:42,723] {logging_mixin.py:104} INFO - [2021-12-21 00:18:42,723] {dag.py:1833} INFO - Sync 1 DAGs
[2021-12-21 00:18:42,746] {logging_mixin.py:104} INFO - [2021-12-21 00:18:42,746] {dag.py:2306} INFO - Setting next_dagrun for example_branch_datetime_operator_2 to 2021-12-19 00:00:00+00:00
[2021-12-21 00:18:42,771] {scheduler_job.py:190} INFO - Processing /home/airflow/.local/lib/python3.8/site-packages/airflow/example_dags/example_branch_datetime_operator.py took 0.121 seconds
[2021-12-21 00:19:13,239] {scheduler_job.py:182} INFO - Started process (PID=11056) to work on /home/airflow/.local/lib/python3.8/site-packages/airflow/example_dags/example_branch_datetime_operator.py
[2021-12-21 00:19:13,248] {scheduler_job.py:633} INFO - Processing file /home/airflow/.local/lib/python3.8/site-packages/airflow/example_dags/example_branch_datetime_operator.py for tasks to queue
[2021-12-21 00:19:13,252] {logging_mixin.py:104} INFO - [2021-12-21 00:19:13,251] {dagbag.py:496} INFO - Filling up the DagBag from /home/airflow/.local/lib/python3.8/site-packages/airflow/example_dags/example_branch_datetime_operator.py
[2021-12-21 00:19:13,280] {scheduler_job.py:643} INFO - DAG(s) dict_keys(['example_branch_datetime_operator_2']) retrieved from /home/airflow/.local/lib/python3.8/site-packages/airflow/example_dags/example_branch_datetime_operator.py
[2021-12-21 00:19:13,351] {logging_mixin.py:104} INFO - [2021-12-21 00:19:13,351] {dag.py:1833} INFO - Sync 1 DAGs
[2021-12-21 00:19:13,396] {logging_mixin.py:104} INFO - [2021-12-21 00:19:13,396] {dag.py:2306} INFO - Setting next_dagrun for example_branch_datetime_operator_2 to 2021-12-19 00:00:00+00:00
[2021-12-21 00:19:13,425] {scheduler_job.py:190} INFO - Processing /home/airflow/.local/lib/python3.8/site-packages/airflow/example_dags/example_branch_datetime_operator.py took 0.192 seconds
[2021-12-21 00:19:44,003] {scheduler_job.py:182} INFO - Started process (PID=11087) to work on /home/airflow/.local/lib/python3.8/site-packages/airflow/example_dags/example_branch_datetime_operator.py
[2021-12-21 00:19:44,007] {scheduler_job.py:633} INFO - Processing file /home/airflow/.local/lib/python3.8/site-packages/airflow/example_dags/example_branch_datetime_operator.py for tasks to queue
[2021-12-21 00:19:44,009] {logging_mixin.py:104} INFO - [2021-12-21 00:19:44,009] {dagbag.py:496} INFO - Filling up the DagBag from /home/airflow/.local/lib/python3.8/site-packages/airflow/example_dags/example_branch_datetime_operator.py
[2021-12-21 00:19:44,040] {scheduler_job.py:643} INFO - DAG(s) dict_keys(['example_branch_datetime_operator_2']) retrieved from /home/airflow/.local/lib/python3.8/site-packages/airflow/example_dags/example_branch_datetime_operator.py
[2021-12-21 00:19:44,083] {logging_mixin.py:104} INFO - [2021-12-21 00:19:44,083] {dag.py:1833} INFO - Sync 1 DAGs
[2021-12-21 00:19:44,108] {logging_mixin.py:104} INFO - [2021-12-21 00:19:44,108] {dag.py:2306} INFO - Setting next_dagrun for example_branch_datetime_operator_2 to 2021-12-19 00:00:00+00:00
[2021-12-21 00:19:44,128] {scheduler_job.py:190} INFO - Processing /home/airflow/.local/lib/python3.8/site-packages/airflow/example_dags/example_branch_datetime_operator.py took 0.130 seconds
[2021-12-21 00:20:14,955] {scheduler_job.py:182} INFO - Started process (PID=11118) to work on /home/airflow/.local/lib/python3.8/site-packages/airflow/example_dags/example_branch_datetime_operator.py
[2021-12-21 00:20:14,962] {scheduler_job.py:633} INFO - Processing file /home/airflow/.local/lib/python3.8/site-packages/airflow/example_dags/example_branch_datetime_operator.py for tasks to queue
[2021-12-21 00:20:14,966] {logging_mixin.py:104} INFO - [2021-12-21 00:20:14,966] {dagbag.py:496} INFO - Filling up the DagBag from /home/airflow/.local/lib/python3.8/site-packages/airflow/example_dags/example_branch_datetime_operator.py
[2021-12-21 00:20:14,998] {scheduler_job.py:643} INFO - DAG(s) dict_keys(['example_branch_datetime_operator_2']) retrieved from /home/airflow/.local/lib/python3.8/site-packages/airflow/example_dags/example_branch_datetime_operator.py
[2021-12-21 00:20:15,061] {logging_mixin.py:104} INFO - [2021-12-21 00:20:15,061] {dag.py:1833} INFO - Sync 1 DAGs
[2021-12-21 00:20:15,102] {logging_mixin.py:104} INFO - [2021-12-21 00:20:15,102] {dag.py:2306} INFO - Setting next_dagrun for example_branch_datetime_operator_2 to 2021-12-19 00:00:00+00:00
[2021-12-21 00:20:15,124] {scheduler_job.py:190} INFO - Processing /home/airflow/.local/lib/python3.8/site-packages/airflow/example_dags/example_branch_datetime_operator.py took 0.185 seconds
[2021-12-21 00:20:45,191] {scheduler_job.py:182} INFO - Started process (PID=11148) to work on /home/airflow/.local/lib/python3.8/site-packages/airflow/example_dags/example_branch_datetime_operator.py
[2021-12-21 00:20:45,194] {scheduler_job.py:633} INFO - Processing file /home/airflow/.local/lib/python3.8/site-packages/airflow/example_dags/example_branch_datetime_operator.py for tasks to queue
[2021-12-21 00:20:45,197] {logging_mixin.py:104} INFO - [2021-12-21 00:20:45,197] {dagbag.py:496} INFO - Filling up the DagBag from /home/airflow/.local/lib/python3.8/site-packages/airflow/example_dags/example_branch_datetime_operator.py
[2021-12-21 00:20:45,215] {scheduler_job.py:643} INFO - DAG(s) dict_keys(['example_branch_datetime_operator_2']) retrieved from /home/airflow/.local/lib/python3.8/site-packages/airflow/example_dags/example_branch_datetime_operator.py
[2021-12-21 00:20:45,262] {logging_mixin.py:104} INFO - [2021-12-21 00:20:45,262] {dag.py:1833} INFO - Sync 1 DAGs
[2021-12-21 00:20:45,284] {logging_mixin.py:104} INFO - [2021-12-21 00:20:45,284] {dag.py:2306} INFO - Setting next_dagrun for example_branch_datetime_operator_2 to 2021-12-19 00:00:00+00:00
[2021-12-21 00:20:45,305] {scheduler_job.py:190} INFO - Processing /home/airflow/.local/lib/python3.8/site-packages/airflow/example_dags/example_branch_datetime_operator.py took 0.118 seconds
[2021-12-21 00:21:15,764] {scheduler_job.py:182} INFO - Started process (PID=11180) to work on /home/airflow/.local/lib/python3.8/site-packages/airflow/example_dags/example_branch_datetime_operator.py
[2021-12-21 00:21:15,778] {scheduler_job.py:633} INFO - Processing file /home/airflow/.local/lib/python3.8/site-packages/airflow/example_dags/example_branch_datetime_operator.py for tasks to queue
[2021-12-21 00:21:15,784] {logging_mixin.py:104} INFO - [2021-12-21 00:21:15,784] {dagbag.py:496} INFO - Filling up the DagBag from /home/airflow/.local/lib/python3.8/site-packages/airflow/example_dags/example_branch_datetime_operator.py
[2021-12-21 00:21:15,849] {scheduler_job.py:643} INFO - DAG(s) dict_keys(['example_branch_datetime_operator_2']) retrieved from /home/airflow/.local/lib/python3.8/site-packages/airflow/example_dags/example_branch_datetime_operator.py
[2021-12-21 00:21:15,961] {logging_mixin.py:104} INFO - [2021-12-21 00:21:15,959] {dag.py:1833} INFO - Sync 1 DAGs
[2021-12-21 00:21:16,016] {logging_mixin.py:104} INFO - [2021-12-21 00:21:16,015] {dag.py:2306} INFO - Setting next_dagrun for example_branch_datetime_operator_2 to 2021-12-19 00:00:00+00:00
[2021-12-21 00:21:16,046] {scheduler_job.py:190} INFO - Processing /home/airflow/.local/lib/python3.8/site-packages/airflow/example_dags/example_branch_datetime_operator.py took 0.290 seconds
[2021-12-21 00:21:46,325] {scheduler_job.py:182} INFO - Started process (PID=11211) to work on /home/airflow/.local/lib/python3.8/site-packages/airflow/example_dags/example_branch_datetime_operator.py
[2021-12-21 00:21:46,340] {scheduler_job.py:633} INFO - Processing file /home/airflow/.local/lib/python3.8/site-packages/airflow/example_dags/example_branch_datetime_operator.py for tasks to queue
[2021-12-21 00:21:46,343] {logging_mixin.py:104} INFO - [2021-12-21 00:21:46,342] {dagbag.py:496} INFO - Filling up the DagBag from /home/airflow/.local/lib/python3.8/site-packages/airflow/example_dags/example_branch_datetime_operator.py
[2021-12-21 00:21:46,362] {scheduler_job.py:643} INFO - DAG(s) dict_keys(['example_branch_datetime_operator_2']) retrieved from /home/airflow/.local/lib/python3.8/site-packages/airflow/example_dags/example_branch_datetime_operator.py
[2021-12-21 00:21:46,409] {logging_mixin.py:104} INFO - [2021-12-21 00:21:46,409] {dag.py:1833} INFO - Sync 1 DAGs
[2021-12-21 00:21:46,435] {logging_mixin.py:104} INFO - [2021-12-21 00:21:46,434] {dag.py:2306} INFO - Setting next_dagrun for example_branch_datetime_operator_2 to 2021-12-19 00:00:00+00:00
[2021-12-21 00:21:46,456] {scheduler_job.py:190} INFO - Processing /home/airflow/.local/lib/python3.8/site-packages/airflow/example_dags/example_branch_datetime_operator.py took 0.139 seconds
[2021-12-21 00:22:16,738] {scheduler_job.py:182} INFO - Started process (PID=11242) to work on /home/airflow/.local/lib/python3.8/site-packages/airflow/example_dags/example_branch_datetime_operator.py
[2021-12-21 00:22:16,746] {scheduler_job.py:633} INFO - Processing file /home/airflow/.local/lib/python3.8/site-packages/airflow/example_dags/example_branch_datetime_operator.py for tasks to queue
[2021-12-21 00:22:16,750] {logging_mixin.py:104} INFO - [2021-12-21 00:22:16,750] {dagbag.py:496} INFO - Filling up the DagBag from /home/airflow/.local/lib/python3.8/site-packages/airflow/example_dags/example_branch_datetime_operator.py
[2021-12-21 00:22:16,777] {scheduler_job.py:643} INFO - DAG(s) dict_keys(['example_branch_datetime_operator_2']) retrieved from /home/airflow/.local/lib/python3.8/site-packages/airflow/example_dags/example_branch_datetime_operator.py
[2021-12-21 00:22:16,843] {logging_mixin.py:104} INFO - [2021-12-21 00:22:16,843] {dag.py:1833} INFO - Sync 1 DAGs
[2021-12-21 00:22:16,876] {logging_mixin.py:104} INFO - [2021-12-21 00:22:16,876] {dag.py:2306} INFO - Setting next_dagrun for example_branch_datetime_operator_2 to 2021-12-19 00:00:00+00:00
[2021-12-21 00:22:16,898] {scheduler_job.py:190} INFO - Processing /home/airflow/.local/lib/python3.8/site-packages/airflow/example_dags/example_branch_datetime_operator.py took 0.168 seconds
[2021-12-21 00:22:47,060] {scheduler_job.py:182} INFO - Started process (PID=11271) to work on /home/airflow/.local/lib/python3.8/site-packages/airflow/example_dags/example_branch_datetime_operator.py
[2021-12-21 00:22:47,064] {scheduler_job.py:633} INFO - Processing file /home/airflow/.local/lib/python3.8/site-packages/airflow/example_dags/example_branch_datetime_operator.py for tasks to queue
[2021-12-21 00:22:47,067] {logging_mixin.py:104} INFO - [2021-12-21 00:22:47,067] {dagbag.py:496} INFO - Filling up the DagBag from /home/airflow/.local/lib/python3.8/site-packages/airflow/example_dags/example_branch_datetime_operator.py
[2021-12-21 00:22:47,126] {scheduler_job.py:643} INFO - DAG(s) dict_keys(['example_branch_datetime_operator_2']) retrieved from /home/airflow/.local/lib/python3.8/site-packages/airflow/example_dags/example_branch_datetime_operator.py
[2021-12-21 00:22:47,213] {logging_mixin.py:104} INFO - [2021-12-21 00:22:47,213] {dag.py:1833} INFO - Sync 1 DAGs
[2021-12-21 00:22:47,238] {logging_mixin.py:104} INFO - [2021-12-21 00:22:47,238] {dag.py:2306} INFO - Setting next_dagrun for example_branch_datetime_operator_2 to 2021-12-19 00:00:00+00:00
[2021-12-21 00:22:47,260] {scheduler_job.py:190} INFO - Processing /home/airflow/.local/lib/python3.8/site-packages/airflow/example_dags/example_branch_datetime_operator.py took 0.205 seconds
[2021-12-21 00:23:17,412] {scheduler_job.py:182} INFO - Started process (PID=11302) to work on /home/airflow/.local/lib/python3.8/site-packages/airflow/example_dags/example_branch_datetime_operator.py
[2021-12-21 00:23:17,418] {scheduler_job.py:633} INFO - Processing file /home/airflow/.local/lib/python3.8/site-packages/airflow/example_dags/example_branch_datetime_operator.py for tasks to queue
[2021-12-21 00:23:17,422] {logging_mixin.py:104} INFO - [2021-12-21 00:23:17,421] {dagbag.py:496} INFO - Filling up the DagBag from /home/airflow/.local/lib/python3.8/site-packages/airflow/example_dags/example_branch_datetime_operator.py
[2021-12-21 00:23:17,452] {scheduler_job.py:643} INFO - DAG(s) dict_keys(['example_branch_datetime_operator_2']) retrieved from /home/airflow/.local/lib/python3.8/site-packages/airflow/example_dags/example_branch_datetime_operator.py
[2021-12-21 00:23:17,509] {logging_mixin.py:104} INFO - [2021-12-21 00:23:17,509] {dag.py:1833} INFO - Sync 1 DAGs
[2021-12-21 00:23:17,534] {logging_mixin.py:104} INFO - [2021-12-21 00:23:17,533] {dag.py:2306} INFO - Setting next_dagrun for example_branch_datetime_operator_2 to 2021-12-19 00:00:00+00:00
[2021-12-21 00:23:17,557] {scheduler_job.py:190} INFO - Processing /home/airflow/.local/lib/python3.8/site-packages/airflow/example_dags/example_branch_datetime_operator.py took 0.149 seconds
[2021-12-21 00:23:48,290] {scheduler_job.py:182} INFO - Started process (PID=11333) to work on /home/airflow/.local/lib/python3.8/site-packages/airflow/example_dags/example_branch_datetime_operator.py
[2021-12-21 00:23:48,294] {scheduler_job.py:633} INFO - Processing file /home/airflow/.local/lib/python3.8/site-packages/airflow/example_dags/example_branch_datetime_operator.py for tasks to queue
[2021-12-21 00:23:48,298] {logging_mixin.py:104} INFO - [2021-12-21 00:23:48,297] {dagbag.py:496} INFO - Filling up the DagBag from /home/airflow/.local/lib/python3.8/site-packages/airflow/example_dags/example_branch_datetime_operator.py
[2021-12-21 00:23:48,337] {scheduler_job.py:643} INFO - DAG(s) dict_keys(['example_branch_datetime_operator_2']) retrieved from /home/airflow/.local/lib/python3.8/site-packages/airflow/example_dags/example_branch_datetime_operator.py
[2021-12-21 00:23:48,397] {logging_mixin.py:104} INFO - [2021-12-21 00:23:48,397] {dag.py:1833} INFO - Sync 1 DAGs
[2021-12-21 00:23:48,430] {logging_mixin.py:104} INFO - [2021-12-21 00:23:48,430] {dag.py:2306} INFO - Setting next_dagrun for example_branch_datetime_operator_2 to 2021-12-19 00:00:00+00:00
[2021-12-21 00:23:48,461] {scheduler_job.py:190} INFO - Processing /home/airflow/.local/lib/python3.8/site-packages/airflow/example_dags/example_branch_datetime_operator.py took 0.185 seconds
[2021-12-21 00:24:18,557] {scheduler_job.py:182} INFO - Started process (PID=11364) to work on /home/airflow/.local/lib/python3.8/site-packages/airflow/example_dags/example_branch_datetime_operator.py
[2021-12-21 00:24:18,560] {scheduler_job.py:633} INFO - Processing file /home/airflow/.local/lib/python3.8/site-packages/airflow/example_dags/example_branch_datetime_operator.py for tasks to queue
[2021-12-21 00:24:18,563] {logging_mixin.py:104} INFO - [2021-12-21 00:24:18,562] {dagbag.py:496} INFO - Filling up the DagBag from /home/airflow/.local/lib/python3.8/site-packages/airflow/example_dags/example_branch_datetime_operator.py
[2021-12-21 00:24:18,602] {scheduler_job.py:643} INFO - DAG(s) dict_keys(['example_branch_datetime_operator_2']) retrieved from /home/airflow/.local/lib/python3.8/site-packages/airflow/example_dags/example_branch_datetime_operator.py
[2021-12-21 00:24:18,709] {logging_mixin.py:104} INFO - [2021-12-21 00:24:18,709] {dag.py:1833} INFO - Sync 1 DAGs
[2021-12-21 00:24:18,762] {logging_mixin.py:104} INFO - [2021-12-21 00:24:18,762] {dag.py:2306} INFO - Setting next_dagrun for example_branch_datetime_operator_2 to 2021-12-19 00:00:00+00:00
[2021-12-21 00:24:18,785] {scheduler_job.py:190} INFO - Processing /home/airflow/.local/lib/python3.8/site-packages/airflow/example_dags/example_branch_datetime_operator.py took 0.234 seconds
[2021-12-21 00:24:49,138] {scheduler_job.py:182} INFO - Started process (PID=11395) to work on /home/airflow/.local/lib/python3.8/site-packages/airflow/example_dags/example_branch_datetime_operator.py
[2021-12-21 00:24:49,145] {scheduler_job.py:633} INFO - Processing file /home/airflow/.local/lib/python3.8/site-packages/airflow/example_dags/example_branch_datetime_operator.py for tasks to queue
[2021-12-21 00:24:49,149] {logging_mixin.py:104} INFO - [2021-12-21 00:24:49,149] {dagbag.py:496} INFO - Filling up the DagBag from /home/airflow/.local/lib/python3.8/site-packages/airflow/example_dags/example_branch_datetime_operator.py
[2021-12-21 00:24:49,188] {scheduler_job.py:643} INFO - DAG(s) dict_keys(['example_branch_datetime_operator_2']) retrieved from /home/airflow/.local/lib/python3.8/site-packages/airflow/example_dags/example_branch_datetime_operator.py
[2021-12-21 00:24:49,258] {logging_mixin.py:104} INFO - [2021-12-21 00:24:49,257] {dag.py:1833} INFO - Sync 1 DAGs
[2021-12-21 00:24:49,283] {logging_mixin.py:104} INFO - [2021-12-21 00:24:49,282] {dag.py:2306} INFO - Setting next_dagrun for example_branch_datetime_operator_2 to 2021-12-19 00:00:00+00:00
[2021-12-21 00:24:49,329] {scheduler_job.py:190} INFO - Processing /home/airflow/.local/lib/python3.8/site-packages/airflow/example_dags/example_branch_datetime_operator.py took 0.201 seconds
[2021-12-21 00:25:19,483] {scheduler_job.py:182} INFO - Started process (PID=11426) to work on /home/airflow/.local/lib/python3.8/site-packages/airflow/example_dags/example_branch_datetime_operator.py
[2021-12-21 00:25:19,489] {scheduler_job.py:633} INFO - Processing file /home/airflow/.local/lib/python3.8/site-packages/airflow/example_dags/example_branch_datetime_operator.py for tasks to queue
[2021-12-21 00:25:19,491] {logging_mixin.py:104} INFO - [2021-12-21 00:25:19,491] {dagbag.py:496} INFO - Filling up the DagBag from /home/airflow/.local/lib/python3.8/site-packages/airflow/example_dags/example_branch_datetime_operator.py
[2021-12-21 00:25:19,513] {scheduler_job.py:643} INFO - DAG(s) dict_keys(['example_branch_datetime_operator_2']) retrieved from /home/airflow/.local/lib/python3.8/site-packages/airflow/example_dags/example_branch_datetime_operator.py
[2021-12-21 00:25:19,571] {logging_mixin.py:104} INFO - [2021-12-21 00:25:19,571] {dag.py:1833} INFO - Sync 1 DAGs
[2021-12-21 00:25:19,594] {logging_mixin.py:104} INFO - [2021-12-21 00:25:19,594] {dag.py:2306} INFO - Setting next_dagrun for example_branch_datetime_operator_2 to 2021-12-19 00:00:00+00:00
[2021-12-21 00:25:19,613] {scheduler_job.py:190} INFO - Processing /home/airflow/.local/lib/python3.8/site-packages/airflow/example_dags/example_branch_datetime_operator.py took 0.137 seconds
[2021-12-21 00:25:49,649] {scheduler_job.py:182} INFO - Started process (PID=11456) to work on /home/airflow/.local/lib/python3.8/site-packages/airflow/example_dags/example_branch_datetime_operator.py
[2021-12-21 00:25:49,651] {scheduler_job.py:633} INFO - Processing file /home/airflow/.local/lib/python3.8/site-packages/airflow/example_dags/example_branch_datetime_operator.py for tasks to queue
[2021-12-21 00:25:49,654] {logging_mixin.py:104} INFO - [2021-12-21 00:25:49,654] {dagbag.py:496} INFO - Filling up the DagBag from /home/airflow/.local/lib/python3.8/site-packages/airflow/example_dags/example_branch_datetime_operator.py
[2021-12-21 00:25:49,678] {scheduler_job.py:643} INFO - DAG(s) dict_keys(['example_branch_datetime_operator_2']) retrieved from /home/airflow/.local/lib/python3.8/site-packages/airflow/example_dags/example_branch_datetime_operator.py
[2021-12-21 00:25:49,725] {logging_mixin.py:104} INFO - [2021-12-21 00:25:49,724] {dag.py:1833} INFO - Sync 1 DAGs
[2021-12-21 00:25:49,749] {logging_mixin.py:104} INFO - [2021-12-21 00:25:49,748] {dag.py:2306} INFO - Setting next_dagrun for example_branch_datetime_operator_2 to 2021-12-19 00:00:00+00:00
[2021-12-21 00:25:49,768] {scheduler_job.py:190} INFO - Processing /home/airflow/.local/lib/python3.8/site-packages/airflow/example_dags/example_branch_datetime_operator.py took 0.125 seconds
[2021-12-21 00:26:19,951] {scheduler_job.py:182} INFO - Started process (PID=11487) to work on /home/airflow/.local/lib/python3.8/site-packages/airflow/example_dags/example_branch_datetime_operator.py
[2021-12-21 00:26:19,956] {scheduler_job.py:633} INFO - Processing file /home/airflow/.local/lib/python3.8/site-packages/airflow/example_dags/example_branch_datetime_operator.py for tasks to queue
[2021-12-21 00:26:19,960] {logging_mixin.py:104} INFO - [2021-12-21 00:26:19,959] {dagbag.py:496} INFO - Filling up the DagBag from /home/airflow/.local/lib/python3.8/site-packages/airflow/example_dags/example_branch_datetime_operator.py
[2021-12-21 00:26:19,983] {scheduler_job.py:643} INFO - DAG(s) dict_keys(['example_branch_datetime_operator_2']) retrieved from /home/airflow/.local/lib/python3.8/site-packages/airflow/example_dags/example_branch_datetime_operator.py
[2021-12-21 00:26:20,034] {logging_mixin.py:104} INFO - [2021-12-21 00:26:20,034] {dag.py:1833} INFO - Sync 1 DAGs
[2021-12-21 00:26:20,062] {logging_mixin.py:104} INFO - [2021-12-21 00:26:20,062] {dag.py:2306} INFO - Setting next_dagrun for example_branch_datetime_operator_2 to 2021-12-19 00:00:00+00:00
[2021-12-21 00:26:20,092] {scheduler_job.py:190} INFO - Processing /home/airflow/.local/lib/python3.8/site-packages/airflow/example_dags/example_branch_datetime_operator.py took 0.152 seconds
[2021-12-21 00:26:50,365] {scheduler_job.py:182} INFO - Started process (PID=11519) to work on /home/airflow/.local/lib/python3.8/site-packages/airflow/example_dags/example_branch_datetime_operator.py
[2021-12-21 00:26:50,369] {scheduler_job.py:633} INFO - Processing file /home/airflow/.local/lib/python3.8/site-packages/airflow/example_dags/example_branch_datetime_operator.py for tasks to queue
[2021-12-21 00:26:50,374] {logging_mixin.py:104} INFO - [2021-12-21 00:26:50,374] {dagbag.py:496} INFO - Filling up the DagBag from /home/airflow/.local/lib/python3.8/site-packages/airflow/example_dags/example_branch_datetime_operator.py
[2021-12-21 00:26:50,403] {scheduler_job.py:643} INFO - DAG(s) dict_keys(['example_branch_datetime_operator_2']) retrieved from /home/airflow/.local/lib/python3.8/site-packages/airflow/example_dags/example_branch_datetime_operator.py
[2021-12-21 00:26:50,458] {logging_mixin.py:104} INFO - [2021-12-21 00:26:50,458] {dag.py:1833} INFO - Sync 1 DAGs
[2021-12-21 00:26:50,490] {logging_mixin.py:104} INFO - [2021-12-21 00:26:50,490] {dag.py:2306} INFO - Setting next_dagrun for example_branch_datetime_operator_2 to 2021-12-19 00:00:00+00:00
[2021-12-21 00:26:50,532] {scheduler_job.py:190} INFO - Processing /home/airflow/.local/lib/python3.8/site-packages/airflow/example_dags/example_branch_datetime_operator.py took 0.172 seconds
[2021-12-21 00:27:21,051] {scheduler_job.py:182} INFO - Started process (PID=11550) to work on /home/airflow/.local/lib/python3.8/site-packages/airflow/example_dags/example_branch_datetime_operator.py
[2021-12-21 00:27:21,057] {scheduler_job.py:633} INFO - Processing file /home/airflow/.local/lib/python3.8/site-packages/airflow/example_dags/example_branch_datetime_operator.py for tasks to queue
[2021-12-21 00:27:21,061] {logging_mixin.py:104} INFO - [2021-12-21 00:27:21,061] {dagbag.py:496} INFO - Filling up the DagBag from /home/airflow/.local/lib/python3.8/site-packages/airflow/example_dags/example_branch_datetime_operator.py
[2021-12-21 00:27:21,101] {scheduler_job.py:643} INFO - DAG(s) dict_keys(['example_branch_datetime_operator_2']) retrieved from /home/airflow/.local/lib/python3.8/site-packages/airflow/example_dags/example_branch_datetime_operator.py
[2021-12-21 00:27:21,204] {logging_mixin.py:104} INFO - [2021-12-21 00:27:21,203] {dag.py:1833} INFO - Sync 1 DAGs
[2021-12-21 00:27:21,251] {logging_mixin.py:104} INFO - [2021-12-21 00:27:21,250] {dag.py:2306} INFO - Setting next_dagrun for example_branch_datetime_operator_2 to 2021-12-19 00:00:00+00:00
[2021-12-21 00:27:21,276] {scheduler_job.py:190} INFO - Processing /home/airflow/.local/lib/python3.8/site-packages/airflow/example_dags/example_branch_datetime_operator.py took 0.244 seconds
[2021-12-21 00:27:51,805] {scheduler_job.py:182} INFO - Started process (PID=11581) to work on /home/airflow/.local/lib/python3.8/site-packages/airflow/example_dags/example_branch_datetime_operator.py
[2021-12-21 00:27:51,811] {scheduler_job.py:633} INFO - Processing file /home/airflow/.local/lib/python3.8/site-packages/airflow/example_dags/example_branch_datetime_operator.py for tasks to queue
[2021-12-21 00:27:51,814] {logging_mixin.py:104} INFO - [2021-12-21 00:27:51,814] {dagbag.py:496} INFO - Filling up the DagBag from /home/airflow/.local/lib/python3.8/site-packages/airflow/example_dags/example_branch_datetime_operator.py
[2021-12-21 00:27:51,841] {scheduler_job.py:643} INFO - DAG(s) dict_keys(['example_branch_datetime_operator_2']) retrieved from /home/airflow/.local/lib/python3.8/site-packages/airflow/example_dags/example_branch_datetime_operator.py
[2021-12-21 00:27:51,898] {logging_mixin.py:104} INFO - [2021-12-21 00:27:51,898] {dag.py:1833} INFO - Sync 1 DAGs
[2021-12-21 00:27:51,934] {logging_mixin.py:104} INFO - [2021-12-21 00:27:51,934] {dag.py:2306} INFO - Setting next_dagrun for example_branch_datetime_operator_2 to 2021-12-19 00:00:00+00:00
[2021-12-21 00:27:51,960] {scheduler_job.py:190} INFO - Processing /home/airflow/.local/lib/python3.8/site-packages/airflow/example_dags/example_branch_datetime_operator.py took 0.167 seconds
[2021-12-21 00:28:22,294] {scheduler_job.py:182} INFO - Started process (PID=11612) to work on /home/airflow/.local/lib/python3.8/site-packages/airflow/example_dags/example_branch_datetime_operator.py
[2021-12-21 00:28:22,299] {scheduler_job.py:633} INFO - Processing file /home/airflow/.local/lib/python3.8/site-packages/airflow/example_dags/example_branch_datetime_operator.py for tasks to queue
[2021-12-21 00:28:22,302] {logging_mixin.py:104} INFO - [2021-12-21 00:28:22,302] {dagbag.py:496} INFO - Filling up the DagBag from /home/airflow/.local/lib/python3.8/site-packages/airflow/example_dags/example_branch_datetime_operator.py
[2021-12-21 00:28:22,326] {scheduler_job.py:643} INFO - DAG(s) dict_keys(['example_branch_datetime_operator_2']) retrieved from /home/airflow/.local/lib/python3.8/site-packages/airflow/example_dags/example_branch_datetime_operator.py
[2021-12-21 00:28:22,384] {logging_mixin.py:104} INFO - [2021-12-21 00:28:22,384] {dag.py:1833} INFO - Sync 1 DAGs
[2021-12-21 00:28:22,407] {logging_mixin.py:104} INFO - [2021-12-21 00:28:22,407] {dag.py:2306} INFO - Setting next_dagrun for example_branch_datetime_operator_2 to 2021-12-19 00:00:00+00:00
[2021-12-21 00:28:22,437] {scheduler_job.py:190} INFO - Processing /home/airflow/.local/lib/python3.8/site-packages/airflow/example_dags/example_branch_datetime_operator.py took 0.147 seconds
[2021-12-21 00:28:53,217] {scheduler_job.py:182} INFO - Started process (PID=11643) to work on /home/airflow/.local/lib/python3.8/site-packages/airflow/example_dags/example_branch_datetime_operator.py
[2021-12-21 00:28:53,220] {scheduler_job.py:633} INFO - Processing file /home/airflow/.local/lib/python3.8/site-packages/airflow/example_dags/example_branch_datetime_operator.py for tasks to queue
[2021-12-21 00:28:53,223] {logging_mixin.py:104} INFO - [2021-12-21 00:28:53,223] {dagbag.py:496} INFO - Filling up the DagBag from /home/airflow/.local/lib/python3.8/site-packages/airflow/example_dags/example_branch_datetime_operator.py
[2021-12-21 00:28:53,243] {scheduler_job.py:643} INFO - DAG(s) dict_keys(['example_branch_datetime_operator_2']) retrieved from /home/airflow/.local/lib/python3.8/site-packages/airflow/example_dags/example_branch_datetime_operator.py
[2021-12-21 00:28:53,298] {logging_mixin.py:104} INFO - [2021-12-21 00:28:53,298] {dag.py:1833} INFO - Sync 1 DAGs
[2021-12-21 00:28:53,327] {logging_mixin.py:104} INFO - [2021-12-21 00:28:53,327] {dag.py:2306} INFO - Setting next_dagrun for example_branch_datetime_operator_2 to 2021-12-19 00:00:00+00:00
[2021-12-21 00:28:53,357] {scheduler_job.py:190} INFO - Processing /home/airflow/.local/lib/python3.8/site-packages/airflow/example_dags/example_branch_datetime_operator.py took 0.145 seconds
[2021-12-21 00:29:23,560] {scheduler_job.py:182} INFO - Started process (PID=11674) to work on /home/airflow/.local/lib/python3.8/site-packages/airflow/example_dags/example_branch_datetime_operator.py
[2021-12-21 00:29:23,565] {scheduler_job.py:633} INFO - Processing file /home/airflow/.local/lib/python3.8/site-packages/airflow/example_dags/example_branch_datetime_operator.py for tasks to queue
[2021-12-21 00:29:23,569] {logging_mixin.py:104} INFO - [2021-12-21 00:29:23,568] {dagbag.py:496} INFO - Filling up the DagBag from /home/airflow/.local/lib/python3.8/site-packages/airflow/example_dags/example_branch_datetime_operator.py
[2021-12-21 00:29:23,592] {scheduler_job.py:643} INFO - DAG(s) dict_keys(['example_branch_datetime_operator_2']) retrieved from /home/airflow/.local/lib/python3.8/site-packages/airflow/example_dags/example_branch_datetime_operator.py
[2021-12-21 00:29:23,652] {logging_mixin.py:104} INFO - [2021-12-21 00:29:23,652] {dag.py:1833} INFO - Sync 1 DAGs
[2021-12-21 00:29:23,691] {logging_mixin.py:104} INFO - [2021-12-21 00:29:23,691] {dag.py:2306} INFO - Setting next_dagrun for example_branch_datetime_operator_2 to 2021-12-19 00:00:00+00:00
[2021-12-21 00:29:23,729] {scheduler_job.py:190} INFO - Processing /home/airflow/.local/lib/python3.8/site-packages/airflow/example_dags/example_branch_datetime_operator.py took 0.181 seconds
[2021-12-21 00:29:54,044] {scheduler_job.py:182} INFO - Started process (PID=11705) to work on /home/airflow/.local/lib/python3.8/site-packages/airflow/example_dags/example_branch_datetime_operator.py
[2021-12-21 00:29:54,054] {scheduler_job.py:633} INFO - Processing file /home/airflow/.local/lib/python3.8/site-packages/airflow/example_dags/example_branch_datetime_operator.py for tasks to queue
[2021-12-21 00:29:54,057] {logging_mixin.py:104} INFO - [2021-12-21 00:29:54,057] {dagbag.py:496} INFO - Filling up the DagBag from /home/airflow/.local/lib/python3.8/site-packages/airflow/example_dags/example_branch_datetime_operator.py
[2021-12-21 00:29:54,080] {scheduler_job.py:643} INFO - DAG(s) dict_keys(['example_branch_datetime_operator_2']) retrieved from /home/airflow/.local/lib/python3.8/site-packages/airflow/example_dags/example_branch_datetime_operator.py
[2021-12-21 00:29:54,139] {logging_mixin.py:104} INFO - [2021-12-21 00:29:54,139] {dag.py:1833} INFO - Sync 1 DAGs
[2021-12-21 00:29:54,189] {logging_mixin.py:104} INFO - [2021-12-21 00:29:54,189] {dag.py:2306} INFO - Setting next_dagrun for example_branch_datetime_operator_2 to 2021-12-19 00:00:00+00:00
[2021-12-21 00:29:54,230] {scheduler_job.py:190} INFO - Processing /home/airflow/.local/lib/python3.8/site-packages/airflow/example_dags/example_branch_datetime_operator.py took 0.196 seconds
[2021-12-21 00:30:25,218] {scheduler_job.py:182} INFO - Started process (PID=11736) to work on /home/airflow/.local/lib/python3.8/site-packages/airflow/example_dags/example_branch_datetime_operator.py
[2021-12-21 00:30:25,223] {scheduler_job.py:633} INFO - Processing file /home/airflow/.local/lib/python3.8/site-packages/airflow/example_dags/example_branch_datetime_operator.py for tasks to queue
[2021-12-21 00:30:25,228] {logging_mixin.py:104} INFO - [2021-12-21 00:30:25,228] {dagbag.py:496} INFO - Filling up the DagBag from /home/airflow/.local/lib/python3.8/site-packages/airflow/example_dags/example_branch_datetime_operator.py
[2021-12-21 00:30:25,255] {scheduler_job.py:643} INFO - DAG(s) dict_keys(['example_branch_datetime_operator_2']) retrieved from /home/airflow/.local/lib/python3.8/site-packages/airflow/example_dags/example_branch_datetime_operator.py
[2021-12-21 00:30:25,312] {logging_mixin.py:104} INFO - [2021-12-21 00:30:25,312] {dag.py:1833} INFO - Sync 1 DAGs
[2021-12-21 00:30:25,340] {logging_mixin.py:104} INFO - [2021-12-21 00:30:25,340] {dag.py:2306} INFO - Setting next_dagrun for example_branch_datetime_operator_2 to 2021-12-19 00:00:00+00:00
[2021-12-21 00:30:25,364] {scheduler_job.py:190} INFO - Processing /home/airflow/.local/lib/python3.8/site-packages/airflow/example_dags/example_branch_datetime_operator.py took 0.159 seconds
[2021-12-21 00:39:21,027] {scheduler_job.py:182} INFO - Started process (PID=11773) to work on /home/airflow/.local/lib/python3.8/site-packages/airflow/example_dags/example_branch_datetime_operator.py
[2021-12-21 00:39:21,032] {scheduler_job.py:633} INFO - Processing file /home/airflow/.local/lib/python3.8/site-packages/airflow/example_dags/example_branch_datetime_operator.py for tasks to queue
[2021-12-21 00:39:21,041] {logging_mixin.py:104} INFO - [2021-12-21 00:39:21,040] {dagbag.py:496} INFO - Filling up the DagBag from /home/airflow/.local/lib/python3.8/site-packages/airflow/example_dags/example_branch_datetime_operator.py
[2021-12-21 00:39:21,107] {scheduler_job.py:643} INFO - DAG(s) dict_keys(['example_branch_datetime_operator_2']) retrieved from /home/airflow/.local/lib/python3.8/site-packages/airflow/example_dags/example_branch_datetime_operator.py
[2021-12-21 00:39:21,222] {logging_mixin.py:104} INFO - [2021-12-21 00:39:21,222] {dag.py:1833} INFO - Sync 1 DAGs
[2021-12-21 00:39:21,278] {logging_mixin.py:104} INFO - [2021-12-21 00:39:21,278] {dag.py:2306} INFO - Setting next_dagrun for example_branch_datetime_operator_2 to 2021-12-19 00:00:00+00:00
[2021-12-21 00:39:21,326] {scheduler_job.py:190} INFO - Processing /home/airflow/.local/lib/python3.8/site-packages/airflow/example_dags/example_branch_datetime_operator.py took 0.326 seconds
[2021-12-21 00:39:52,769] {scheduler_job.py:182} INFO - Started process (PID=11804) to work on /home/airflow/.local/lib/python3.8/site-packages/airflow/example_dags/example_branch_datetime_operator.py
[2021-12-21 00:39:52,774] {scheduler_job.py:633} INFO - Processing file /home/airflow/.local/lib/python3.8/site-packages/airflow/example_dags/example_branch_datetime_operator.py for tasks to queue
[2021-12-21 00:39:52,781] {logging_mixin.py:104} INFO - [2021-12-21 00:39:52,777] {dagbag.py:496} INFO - Filling up the DagBag from /home/airflow/.local/lib/python3.8/site-packages/airflow/example_dags/example_branch_datetime_operator.py
[2021-12-21 00:39:52,893] {scheduler_job.py:643} INFO - DAG(s) dict_keys(['example_branch_datetime_operator_2']) retrieved from /home/airflow/.local/lib/python3.8/site-packages/airflow/example_dags/example_branch_datetime_operator.py
[2021-12-21 00:39:53,014] {logging_mixin.py:104} INFO - [2021-12-21 00:39:53,014] {dag.py:1833} INFO - Sync 1 DAGs
[2021-12-21 00:39:53,085] {logging_mixin.py:104} INFO - [2021-12-21 00:39:53,085] {dag.py:2306} INFO - Setting next_dagrun for example_branch_datetime_operator_2 to 2021-12-19 00:00:00+00:00
[2021-12-21 00:39:53,147] {scheduler_job.py:190} INFO - Processing /home/airflow/.local/lib/python3.8/site-packages/airflow/example_dags/example_branch_datetime_operator.py took 0.392 seconds
[2021-12-21 00:56:33,169] {scheduler_job.py:182} INFO - Started process (PID=11835) to work on /home/airflow/.local/lib/python3.8/site-packages/airflow/example_dags/example_branch_datetime_operator.py
[2021-12-21 00:56:33,182] {scheduler_job.py:633} INFO - Processing file /home/airflow/.local/lib/python3.8/site-packages/airflow/example_dags/example_branch_datetime_operator.py for tasks to queue
[2021-12-21 00:56:33,186] {logging_mixin.py:104} INFO - [2021-12-21 00:56:33,185] {dagbag.py:496} INFO - Filling up the DagBag from /home/airflow/.local/lib/python3.8/site-packages/airflow/example_dags/example_branch_datetime_operator.py
[2021-12-21 00:56:33,265] {scheduler_job.py:643} INFO - DAG(s) dict_keys(['example_branch_datetime_operator_2']) retrieved from /home/airflow/.local/lib/python3.8/site-packages/airflow/example_dags/example_branch_datetime_operator.py
[2021-12-21 00:56:33,399] {logging_mixin.py:104} INFO - [2021-12-21 00:56:33,399] {dag.py:1833} INFO - Sync 1 DAGs
[2021-12-21 00:56:33,476] {logging_mixin.py:104} INFO - [2021-12-21 00:56:33,476] {dag.py:2306} INFO - Setting next_dagrun for example_branch_datetime_operator_2 to 2021-12-19 00:00:00+00:00
[2021-12-21 00:56:33,541] {scheduler_job.py:190} INFO - Processing /home/airflow/.local/lib/python3.8/site-packages/airflow/example_dags/example_branch_datetime_operator.py took 0.401 seconds
