[2021-12-21 00:00:14,534] {scheduler_job.py:182} INFO - Started process (PID=9903) to work on /home/airflow/.local/lib/python3.8/site-packages/airflow/example_dags/example_task_group_decorator.py
[2021-12-21 00:00:14,539] {scheduler_job.py:633} INFO - Processing file /home/airflow/.local/lib/python3.8/site-packages/airflow/example_dags/example_task_group_decorator.py for tasks to queue
[2021-12-21 00:00:14,542] {logging_mixin.py:104} INFO - [2021-12-21 00:00:14,541] {dagbag.py:496} INFO - Filling up the DagBag from /home/airflow/.local/lib/python3.8/site-packages/airflow/example_dags/example_task_group_decorator.py
[2021-12-21 00:00:14,602] {scheduler_job.py:643} INFO - DAG(s) dict_keys(['example_task_group_decorator']) retrieved from /home/airflow/.local/lib/python3.8/site-packages/airflow/example_dags/example_task_group_decorator.py
[2021-12-21 00:00:15,020] {logging_mixin.py:104} INFO - [2021-12-21 00:00:15,019] {dag.py:1833} INFO - Sync 1 DAGs
[2021-12-21 00:00:15,044] {logging_mixin.py:104} INFO - [2021-12-21 00:00:15,044] {dag.py:2306} INFO - Setting next_dagrun for example_task_group_decorator to 2021-12-19 00:00:00+00:00
[2021-12-21 00:00:15,074] {scheduler_job.py:190} INFO - Processing /home/airflow/.local/lib/python3.8/site-packages/airflow/example_dags/example_task_group_decorator.py took 0.552 seconds
[2021-12-21 00:00:45,149] {scheduler_job.py:182} INFO - Started process (PID=9933) to work on /home/airflow/.local/lib/python3.8/site-packages/airflow/example_dags/example_task_group_decorator.py
[2021-12-21 00:00:45,159] {scheduler_job.py:633} INFO - Processing file /home/airflow/.local/lib/python3.8/site-packages/airflow/example_dags/example_task_group_decorator.py for tasks to queue
[2021-12-21 00:00:45,162] {logging_mixin.py:104} INFO - [2021-12-21 00:00:45,162] {dagbag.py:496} INFO - Filling up the DagBag from /home/airflow/.local/lib/python3.8/site-packages/airflow/example_dags/example_task_group_decorator.py
[2021-12-21 00:00:45,213] {scheduler_job.py:643} INFO - DAG(s) dict_keys(['example_task_group_decorator']) retrieved from /home/airflow/.local/lib/python3.8/site-packages/airflow/example_dags/example_task_group_decorator.py
[2021-12-21 00:00:46,277] {logging_mixin.py:104} INFO - [2021-12-21 00:00:46,276] {dag.py:1833} INFO - Sync 1 DAGs
[2021-12-21 00:00:46,290] {logging_mixin.py:104} INFO - [2021-12-21 00:00:46,290] {dag.py:2306} INFO - Setting next_dagrun for example_task_group_decorator to 2021-12-19 00:00:00+00:00
[2021-12-21 00:00:46,312] {scheduler_job.py:190} INFO - Processing /home/airflow/.local/lib/python3.8/site-packages/airflow/example_dags/example_task_group_decorator.py took 1.170 seconds
[2021-12-21 00:01:16,519] {scheduler_job.py:182} INFO - Started process (PID=9964) to work on /home/airflow/.local/lib/python3.8/site-packages/airflow/example_dags/example_task_group_decorator.py
[2021-12-21 00:01:16,533] {scheduler_job.py:633} INFO - Processing file /home/airflow/.local/lib/python3.8/site-packages/airflow/example_dags/example_task_group_decorator.py for tasks to queue
[2021-12-21 00:01:16,538] {logging_mixin.py:104} INFO - [2021-12-21 00:01:16,538] {dagbag.py:496} INFO - Filling up the DagBag from /home/airflow/.local/lib/python3.8/site-packages/airflow/example_dags/example_task_group_decorator.py
[2021-12-21 00:01:16,653] {scheduler_job.py:643} INFO - DAG(s) dict_keys(['example_task_group_decorator']) retrieved from /home/airflow/.local/lib/python3.8/site-packages/airflow/example_dags/example_task_group_decorator.py
[2021-12-21 00:01:17,116] {logging_mixin.py:104} INFO - [2021-12-21 00:01:17,116] {dag.py:1833} INFO - Sync 1 DAGs
[2021-12-21 00:01:17,149] {logging_mixin.py:104} INFO - [2021-12-21 00:01:17,149] {dag.py:2306} INFO - Setting next_dagrun for example_task_group_decorator to 2021-12-19 00:00:00+00:00
[2021-12-21 00:01:17,178] {scheduler_job.py:190} INFO - Processing /home/airflow/.local/lib/python3.8/site-packages/airflow/example_dags/example_task_group_decorator.py took 0.664 seconds
[2021-12-21 00:01:47,410] {scheduler_job.py:182} INFO - Started process (PID=9995) to work on /home/airflow/.local/lib/python3.8/site-packages/airflow/example_dags/example_task_group_decorator.py
[2021-12-21 00:01:47,417] {scheduler_job.py:633} INFO - Processing file /home/airflow/.local/lib/python3.8/site-packages/airflow/example_dags/example_task_group_decorator.py for tasks to queue
[2021-12-21 00:01:47,420] {logging_mixin.py:104} INFO - [2021-12-21 00:01:47,420] {dagbag.py:496} INFO - Filling up the DagBag from /home/airflow/.local/lib/python3.8/site-packages/airflow/example_dags/example_task_group_decorator.py
[2021-12-21 00:01:47,467] {scheduler_job.py:643} INFO - DAG(s) dict_keys(['example_task_group_decorator']) retrieved from /home/airflow/.local/lib/python3.8/site-packages/airflow/example_dags/example_task_group_decorator.py
[2021-12-21 00:01:47,920] {logging_mixin.py:104} INFO - [2021-12-21 00:01:47,920] {dag.py:1833} INFO - Sync 1 DAGs
[2021-12-21 00:01:47,954] {logging_mixin.py:104} INFO - [2021-12-21 00:01:47,954] {dag.py:2306} INFO - Setting next_dagrun for example_task_group_decorator to 2021-12-19 00:00:00+00:00
[2021-12-21 00:01:48,002] {scheduler_job.py:190} INFO - Processing /home/airflow/.local/lib/python3.8/site-packages/airflow/example_dags/example_task_group_decorator.py took 0.610 seconds
[2021-12-21 00:02:18,089] {scheduler_job.py:182} INFO - Started process (PID=10026) to work on /home/airflow/.local/lib/python3.8/site-packages/airflow/example_dags/example_task_group_decorator.py
[2021-12-21 00:02:18,093] {scheduler_job.py:633} INFO - Processing file /home/airflow/.local/lib/python3.8/site-packages/airflow/example_dags/example_task_group_decorator.py for tasks to queue
[2021-12-21 00:02:18,096] {logging_mixin.py:104} INFO - [2021-12-21 00:02:18,095] {dagbag.py:496} INFO - Filling up the DagBag from /home/airflow/.local/lib/python3.8/site-packages/airflow/example_dags/example_task_group_decorator.py
[2021-12-21 00:02:18,142] {scheduler_job.py:643} INFO - DAG(s) dict_keys(['example_task_group_decorator']) retrieved from /home/airflow/.local/lib/python3.8/site-packages/airflow/example_dags/example_task_group_decorator.py
[2021-12-21 00:02:18,599] {logging_mixin.py:104} INFO - [2021-12-21 00:02:18,599] {dag.py:1833} INFO - Sync 1 DAGs
[2021-12-21 00:02:18,614] {logging_mixin.py:104} INFO - [2021-12-21 00:02:18,614] {dag.py:2306} INFO - Setting next_dagrun for example_task_group_decorator to 2021-12-19 00:00:00+00:00
[2021-12-21 00:02:18,637] {scheduler_job.py:190} INFO - Processing /home/airflow/.local/lib/python3.8/site-packages/airflow/example_dags/example_task_group_decorator.py took 0.553 seconds
[2021-12-21 00:02:49,306] {scheduler_job.py:182} INFO - Started process (PID=10057) to work on /home/airflow/.local/lib/python3.8/site-packages/airflow/example_dags/example_task_group_decorator.py
[2021-12-21 00:02:49,312] {scheduler_job.py:633} INFO - Processing file /home/airflow/.local/lib/python3.8/site-packages/airflow/example_dags/example_task_group_decorator.py for tasks to queue
[2021-12-21 00:02:49,318] {logging_mixin.py:104} INFO - [2021-12-21 00:02:49,317] {dagbag.py:496} INFO - Filling up the DagBag from /home/airflow/.local/lib/python3.8/site-packages/airflow/example_dags/example_task_group_decorator.py
[2021-12-21 00:02:49,376] {scheduler_job.py:643} INFO - DAG(s) dict_keys(['example_task_group_decorator']) retrieved from /home/airflow/.local/lib/python3.8/site-packages/airflow/example_dags/example_task_group_decorator.py
[2021-12-21 00:02:49,891] {logging_mixin.py:104} INFO - [2021-12-21 00:02:49,891] {dag.py:1833} INFO - Sync 1 DAGs
[2021-12-21 00:02:49,939] {logging_mixin.py:104} INFO - [2021-12-21 00:02:49,939] {dag.py:2306} INFO - Setting next_dagrun for example_task_group_decorator to 2021-12-19 00:00:00+00:00
[2021-12-21 00:02:49,977] {scheduler_job.py:190} INFO - Processing /home/airflow/.local/lib/python3.8/site-packages/airflow/example_dags/example_task_group_decorator.py took 0.679 seconds
[2021-12-21 00:03:20,579] {scheduler_job.py:182} INFO - Started process (PID=10088) to work on /home/airflow/.local/lib/python3.8/site-packages/airflow/example_dags/example_task_group_decorator.py
[2021-12-21 00:03:20,586] {scheduler_job.py:633} INFO - Processing file /home/airflow/.local/lib/python3.8/site-packages/airflow/example_dags/example_task_group_decorator.py for tasks to queue
[2021-12-21 00:03:20,589] {logging_mixin.py:104} INFO - [2021-12-21 00:03:20,588] {dagbag.py:496} INFO - Filling up the DagBag from /home/airflow/.local/lib/python3.8/site-packages/airflow/example_dags/example_task_group_decorator.py
[2021-12-21 00:03:20,643] {scheduler_job.py:643} INFO - DAG(s) dict_keys(['example_task_group_decorator']) retrieved from /home/airflow/.local/lib/python3.8/site-packages/airflow/example_dags/example_task_group_decorator.py
[2021-12-21 00:03:21,431] {logging_mixin.py:104} INFO - [2021-12-21 00:03:21,430] {dag.py:1833} INFO - Sync 1 DAGs
[2021-12-21 00:03:21,446] {logging_mixin.py:104} INFO - [2021-12-21 00:03:21,445] {dag.py:2306} INFO - Setting next_dagrun for example_task_group_decorator to 2021-12-19 00:00:00+00:00
[2021-12-21 00:03:21,476] {scheduler_job.py:190} INFO - Processing /home/airflow/.local/lib/python3.8/site-packages/airflow/example_dags/example_task_group_decorator.py took 0.905 seconds
[2021-12-21 00:03:51,774] {scheduler_job.py:182} INFO - Started process (PID=10122) to work on /home/airflow/.local/lib/python3.8/site-packages/airflow/example_dags/example_task_group_decorator.py
[2021-12-21 00:03:51,780] {scheduler_job.py:633} INFO - Processing file /home/airflow/.local/lib/python3.8/site-packages/airflow/example_dags/example_task_group_decorator.py for tasks to queue
[2021-12-21 00:03:51,783] {logging_mixin.py:104} INFO - [2021-12-21 00:03:51,783] {dagbag.py:496} INFO - Filling up the DagBag from /home/airflow/.local/lib/python3.8/site-packages/airflow/example_dags/example_task_group_decorator.py
[2021-12-21 00:03:51,830] {scheduler_job.py:643} INFO - DAG(s) dict_keys(['example_task_group_decorator']) retrieved from /home/airflow/.local/lib/python3.8/site-packages/airflow/example_dags/example_task_group_decorator.py
[2021-12-21 00:03:52,305] {logging_mixin.py:104} INFO - [2021-12-21 00:03:52,305] {dag.py:1833} INFO - Sync 1 DAGs
[2021-12-21 00:03:52,318] {logging_mixin.py:104} INFO - [2021-12-21 00:03:52,318] {dag.py:2306} INFO - Setting next_dagrun for example_task_group_decorator to 2021-12-19 00:00:00+00:00
[2021-12-21 00:03:52,346] {scheduler_job.py:190} INFO - Processing /home/airflow/.local/lib/python3.8/site-packages/airflow/example_dags/example_task_group_decorator.py took 0.581 seconds
[2021-12-21 00:04:22,674] {scheduler_job.py:182} INFO - Started process (PID=10151) to work on /home/airflow/.local/lib/python3.8/site-packages/airflow/example_dags/example_task_group_decorator.py
[2021-12-21 00:04:22,680] {scheduler_job.py:633} INFO - Processing file /home/airflow/.local/lib/python3.8/site-packages/airflow/example_dags/example_task_group_decorator.py for tasks to queue
[2021-12-21 00:04:22,686] {logging_mixin.py:104} INFO - [2021-12-21 00:04:22,684] {dagbag.py:496} INFO - Filling up the DagBag from /home/airflow/.local/lib/python3.8/site-packages/airflow/example_dags/example_task_group_decorator.py
[2021-12-21 00:04:22,757] {scheduler_job.py:643} INFO - DAG(s) dict_keys(['example_task_group_decorator']) retrieved from /home/airflow/.local/lib/python3.8/site-packages/airflow/example_dags/example_task_group_decorator.py
[2021-12-21 00:04:23,212] {logging_mixin.py:104} INFO - [2021-12-21 00:04:23,212] {dag.py:1833} INFO - Sync 1 DAGs
[2021-12-21 00:04:23,240] {logging_mixin.py:104} INFO - [2021-12-21 00:04:23,240] {dag.py:2306} INFO - Setting next_dagrun for example_task_group_decorator to 2021-12-19 00:00:00+00:00
[2021-12-21 00:04:23,285] {scheduler_job.py:190} INFO - Processing /home/airflow/.local/lib/python3.8/site-packages/airflow/example_dags/example_task_group_decorator.py took 0.625 seconds
[2021-12-21 00:04:54,023] {scheduler_job.py:182} INFO - Started process (PID=10182) to work on /home/airflow/.local/lib/python3.8/site-packages/airflow/example_dags/example_task_group_decorator.py
[2021-12-21 00:04:54,033] {scheduler_job.py:633} INFO - Processing file /home/airflow/.local/lib/python3.8/site-packages/airflow/example_dags/example_task_group_decorator.py for tasks to queue
[2021-12-21 00:04:54,039] {logging_mixin.py:104} INFO - [2021-12-21 00:04:54,039] {dagbag.py:496} INFO - Filling up the DagBag from /home/airflow/.local/lib/python3.8/site-packages/airflow/example_dags/example_task_group_decorator.py
[2021-12-21 00:04:54,099] {scheduler_job.py:643} INFO - DAG(s) dict_keys(['example_task_group_decorator']) retrieved from /home/airflow/.local/lib/python3.8/site-packages/airflow/example_dags/example_task_group_decorator.py
[2021-12-21 00:04:54,894] {logging_mixin.py:104} INFO - [2021-12-21 00:04:54,894] {dag.py:1833} INFO - Sync 1 DAGs
[2021-12-21 00:04:54,919] {logging_mixin.py:104} INFO - [2021-12-21 00:04:54,919] {dag.py:2306} INFO - Setting next_dagrun for example_task_group_decorator to 2021-12-19 00:00:00+00:00
[2021-12-21 00:04:54,949] {scheduler_job.py:190} INFO - Processing /home/airflow/.local/lib/python3.8/site-packages/airflow/example_dags/example_task_group_decorator.py took 0.933 seconds
[2021-12-21 00:05:25,174] {scheduler_job.py:182} INFO - Started process (PID=10216) to work on /home/airflow/.local/lib/python3.8/site-packages/airflow/example_dags/example_task_group_decorator.py
[2021-12-21 00:05:25,183] {scheduler_job.py:633} INFO - Processing file /home/airflow/.local/lib/python3.8/site-packages/airflow/example_dags/example_task_group_decorator.py for tasks to queue
[2021-12-21 00:05:25,187] {logging_mixin.py:104} INFO - [2021-12-21 00:05:25,187] {dagbag.py:496} INFO - Filling up the DagBag from /home/airflow/.local/lib/python3.8/site-packages/airflow/example_dags/example_task_group_decorator.py
[2021-12-21 00:05:25,241] {scheduler_job.py:643} INFO - DAG(s) dict_keys(['example_task_group_decorator']) retrieved from /home/airflow/.local/lib/python3.8/site-packages/airflow/example_dags/example_task_group_decorator.py
[2021-12-21 00:05:25,671] {logging_mixin.py:104} INFO - [2021-12-21 00:05:25,671] {dag.py:1833} INFO - Sync 1 DAGs
[2021-12-21 00:05:25,685] {logging_mixin.py:104} INFO - [2021-12-21 00:05:25,685] {dag.py:2306} INFO - Setting next_dagrun for example_task_group_decorator to 2021-12-19 00:00:00+00:00
[2021-12-21 00:05:25,707] {scheduler_job.py:190} INFO - Processing /home/airflow/.local/lib/python3.8/site-packages/airflow/example_dags/example_task_group_decorator.py took 0.553 seconds
[2021-12-21 00:05:55,781] {scheduler_job.py:182} INFO - Started process (PID=10248) to work on /home/airflow/.local/lib/python3.8/site-packages/airflow/example_dags/example_task_group_decorator.py
[2021-12-21 00:05:55,787] {scheduler_job.py:633} INFO - Processing file /home/airflow/.local/lib/python3.8/site-packages/airflow/example_dags/example_task_group_decorator.py for tasks to queue
[2021-12-21 00:05:55,791] {logging_mixin.py:104} INFO - [2021-12-21 00:05:55,790] {dagbag.py:496} INFO - Filling up the DagBag from /home/airflow/.local/lib/python3.8/site-packages/airflow/example_dags/example_task_group_decorator.py
[2021-12-21 00:05:55,860] {scheduler_job.py:643} INFO - DAG(s) dict_keys(['example_task_group_decorator']) retrieved from /home/airflow/.local/lib/python3.8/site-packages/airflow/example_dags/example_task_group_decorator.py
[2021-12-21 00:05:56,366] {logging_mixin.py:104} INFO - [2021-12-21 00:05:56,366] {dag.py:1833} INFO - Sync 1 DAGs
[2021-12-21 00:05:56,389] {logging_mixin.py:104} INFO - [2021-12-21 00:05:56,389] {dag.py:2306} INFO - Setting next_dagrun for example_task_group_decorator to 2021-12-19 00:00:00+00:00
[2021-12-21 00:05:56,431] {scheduler_job.py:190} INFO - Processing /home/airflow/.local/lib/python3.8/site-packages/airflow/example_dags/example_task_group_decorator.py took 0.661 seconds
[2021-12-21 00:06:26,646] {scheduler_job.py:182} INFO - Started process (PID=10279) to work on /home/airflow/.local/lib/python3.8/site-packages/airflow/example_dags/example_task_group_decorator.py
[2021-12-21 00:06:26,650] {scheduler_job.py:633} INFO - Processing file /home/airflow/.local/lib/python3.8/site-packages/airflow/example_dags/example_task_group_decorator.py for tasks to queue
[2021-12-21 00:06:26,654] {logging_mixin.py:104} INFO - [2021-12-21 00:06:26,654] {dagbag.py:496} INFO - Filling up the DagBag from /home/airflow/.local/lib/python3.8/site-packages/airflow/example_dags/example_task_group_decorator.py
[2021-12-21 00:06:26,697] {scheduler_job.py:643} INFO - DAG(s) dict_keys(['example_task_group_decorator']) retrieved from /home/airflow/.local/lib/python3.8/site-packages/airflow/example_dags/example_task_group_decorator.py
[2021-12-21 00:06:27,240] {logging_mixin.py:104} INFO - [2021-12-21 00:06:27,240] {dag.py:1833} INFO - Sync 1 DAGs
[2021-12-21 00:06:27,255] {logging_mixin.py:104} INFO - [2021-12-21 00:06:27,255] {dag.py:2306} INFO - Setting next_dagrun for example_task_group_decorator to 2021-12-19 00:00:00+00:00
[2021-12-21 00:06:27,282] {scheduler_job.py:190} INFO - Processing /home/airflow/.local/lib/python3.8/site-packages/airflow/example_dags/example_task_group_decorator.py took 0.681 seconds
[2021-12-21 00:06:57,463] {scheduler_job.py:182} INFO - Started process (PID=10310) to work on /home/airflow/.local/lib/python3.8/site-packages/airflow/example_dags/example_task_group_decorator.py
[2021-12-21 00:06:57,468] {scheduler_job.py:633} INFO - Processing file /home/airflow/.local/lib/python3.8/site-packages/airflow/example_dags/example_task_group_decorator.py for tasks to queue
[2021-12-21 00:06:57,471] {logging_mixin.py:104} INFO - [2021-12-21 00:06:57,471] {dagbag.py:496} INFO - Filling up the DagBag from /home/airflow/.local/lib/python3.8/site-packages/airflow/example_dags/example_task_group_decorator.py
[2021-12-21 00:06:57,534] {scheduler_job.py:643} INFO - DAG(s) dict_keys(['example_task_group_decorator']) retrieved from /home/airflow/.local/lib/python3.8/site-packages/airflow/example_dags/example_task_group_decorator.py
[2021-12-21 00:06:57,972] {logging_mixin.py:104} INFO - [2021-12-21 00:06:57,971] {dag.py:1833} INFO - Sync 1 DAGs
[2021-12-21 00:06:57,985] {logging_mixin.py:104} INFO - [2021-12-21 00:06:57,985] {dag.py:2306} INFO - Setting next_dagrun for example_task_group_decorator to 2021-12-19 00:00:00+00:00
[2021-12-21 00:06:58,014] {scheduler_job.py:190} INFO - Processing /home/airflow/.local/lib/python3.8/site-packages/airflow/example_dags/example_task_group_decorator.py took 0.559 seconds
[2021-12-21 00:07:28,336] {scheduler_job.py:182} INFO - Started process (PID=10341) to work on /home/airflow/.local/lib/python3.8/site-packages/airflow/example_dags/example_task_group_decorator.py
[2021-12-21 00:07:28,342] {scheduler_job.py:633} INFO - Processing file /home/airflow/.local/lib/python3.8/site-packages/airflow/example_dags/example_task_group_decorator.py for tasks to queue
[2021-12-21 00:07:28,348] {logging_mixin.py:104} INFO - [2021-12-21 00:07:28,348] {dagbag.py:496} INFO - Filling up the DagBag from /home/airflow/.local/lib/python3.8/site-packages/airflow/example_dags/example_task_group_decorator.py
[2021-12-21 00:07:28,404] {scheduler_job.py:643} INFO - DAG(s) dict_keys(['example_task_group_decorator']) retrieved from /home/airflow/.local/lib/python3.8/site-packages/airflow/example_dags/example_task_group_decorator.py
[2021-12-21 00:07:28,954] {logging_mixin.py:104} INFO - [2021-12-21 00:07:28,954] {dag.py:1833} INFO - Sync 1 DAGs
[2021-12-21 00:07:28,971] {logging_mixin.py:104} INFO - [2021-12-21 00:07:28,970] {dag.py:2306} INFO - Setting next_dagrun for example_task_group_decorator to 2021-12-19 00:00:00+00:00
[2021-12-21 00:07:28,992] {scheduler_job.py:190} INFO - Processing /home/airflow/.local/lib/python3.8/site-packages/airflow/example_dags/example_task_group_decorator.py took 0.662 seconds
[2021-12-21 00:07:59,070] {scheduler_job.py:182} INFO - Started process (PID=10373) to work on /home/airflow/.local/lib/python3.8/site-packages/airflow/example_dags/example_task_group_decorator.py
[2021-12-21 00:07:59,074] {scheduler_job.py:633} INFO - Processing file /home/airflow/.local/lib/python3.8/site-packages/airflow/example_dags/example_task_group_decorator.py for tasks to queue
[2021-12-21 00:07:59,077] {logging_mixin.py:104} INFO - [2021-12-21 00:07:59,077] {dagbag.py:496} INFO - Filling up the DagBag from /home/airflow/.local/lib/python3.8/site-packages/airflow/example_dags/example_task_group_decorator.py
[2021-12-21 00:07:59,129] {scheduler_job.py:643} INFO - DAG(s) dict_keys(['example_task_group_decorator']) retrieved from /home/airflow/.local/lib/python3.8/site-packages/airflow/example_dags/example_task_group_decorator.py
[2021-12-21 00:07:59,518] {logging_mixin.py:104} INFO - [2021-12-21 00:07:59,518] {dag.py:1833} INFO - Sync 1 DAGs
[2021-12-21 00:07:59,535] {logging_mixin.py:104} INFO - [2021-12-21 00:07:59,535] {dag.py:2306} INFO - Setting next_dagrun for example_task_group_decorator to 2021-12-19 00:00:00+00:00
[2021-12-21 00:07:59,560] {scheduler_job.py:190} INFO - Processing /home/airflow/.local/lib/python3.8/site-packages/airflow/example_dags/example_task_group_decorator.py took 0.497 seconds
[2021-12-21 00:08:30,197] {scheduler_job.py:182} INFO - Started process (PID=10404) to work on /home/airflow/.local/lib/python3.8/site-packages/airflow/example_dags/example_task_group_decorator.py
[2021-12-21 00:08:30,207] {scheduler_job.py:633} INFO - Processing file /home/airflow/.local/lib/python3.8/site-packages/airflow/example_dags/example_task_group_decorator.py for tasks to queue
[2021-12-21 00:08:30,210] {logging_mixin.py:104} INFO - [2021-12-21 00:08:30,209] {dagbag.py:496} INFO - Filling up the DagBag from /home/airflow/.local/lib/python3.8/site-packages/airflow/example_dags/example_task_group_decorator.py
[2021-12-21 00:08:30,264] {scheduler_job.py:643} INFO - DAG(s) dict_keys(['example_task_group_decorator']) retrieved from /home/airflow/.local/lib/python3.8/site-packages/airflow/example_dags/example_task_group_decorator.py
[2021-12-21 00:08:30,966] {logging_mixin.py:104} INFO - [2021-12-21 00:08:30,966] {dag.py:1833} INFO - Sync 1 DAGs
[2021-12-21 00:08:30,990] {logging_mixin.py:104} INFO - [2021-12-21 00:08:30,990] {dag.py:2306} INFO - Setting next_dagrun for example_task_group_decorator to 2021-12-19 00:00:00+00:00
[2021-12-21 00:08:31,027] {scheduler_job.py:190} INFO - Processing /home/airflow/.local/lib/python3.8/site-packages/airflow/example_dags/example_task_group_decorator.py took 0.843 seconds
[2021-12-21 00:09:01,505] {scheduler_job.py:182} INFO - Started process (PID=10435) to work on /home/airflow/.local/lib/python3.8/site-packages/airflow/example_dags/example_task_group_decorator.py
[2021-12-21 00:09:01,511] {scheduler_job.py:633} INFO - Processing file /home/airflow/.local/lib/python3.8/site-packages/airflow/example_dags/example_task_group_decorator.py for tasks to queue
[2021-12-21 00:09:01,515] {logging_mixin.py:104} INFO - [2021-12-21 00:09:01,514] {dagbag.py:496} INFO - Filling up the DagBag from /home/airflow/.local/lib/python3.8/site-packages/airflow/example_dags/example_task_group_decorator.py
[2021-12-21 00:09:01,573] {scheduler_job.py:643} INFO - DAG(s) dict_keys(['example_task_group_decorator']) retrieved from /home/airflow/.local/lib/python3.8/site-packages/airflow/example_dags/example_task_group_decorator.py
[2021-12-21 00:09:02,163] {logging_mixin.py:104} INFO - [2021-12-21 00:09:02,163] {dag.py:1833} INFO - Sync 1 DAGs
[2021-12-21 00:09:02,184] {logging_mixin.py:104} INFO - [2021-12-21 00:09:02,184] {dag.py:2306} INFO - Setting next_dagrun for example_task_group_decorator to 2021-12-19 00:00:00+00:00
[2021-12-21 00:09:02,214] {scheduler_job.py:190} INFO - Processing /home/airflow/.local/lib/python3.8/site-packages/airflow/example_dags/example_task_group_decorator.py took 0.717 seconds
[2021-12-21 00:09:32,574] {scheduler_job.py:182} INFO - Started process (PID=10467) to work on /home/airflow/.local/lib/python3.8/site-packages/airflow/example_dags/example_task_group_decorator.py
[2021-12-21 00:09:32,580] {scheduler_job.py:633} INFO - Processing file /home/airflow/.local/lib/python3.8/site-packages/airflow/example_dags/example_task_group_decorator.py for tasks to queue
[2021-12-21 00:09:32,583] {logging_mixin.py:104} INFO - [2021-12-21 00:09:32,583] {dagbag.py:496} INFO - Filling up the DagBag from /home/airflow/.local/lib/python3.8/site-packages/airflow/example_dags/example_task_group_decorator.py
[2021-12-21 00:09:32,626] {scheduler_job.py:643} INFO - DAG(s) dict_keys(['example_task_group_decorator']) retrieved from /home/airflow/.local/lib/python3.8/site-packages/airflow/example_dags/example_task_group_decorator.py
[2021-12-21 00:09:33,005] {logging_mixin.py:104} INFO - [2021-12-21 00:09:33,005] {dag.py:1833} INFO - Sync 1 DAGs
[2021-12-21 00:09:33,018] {logging_mixin.py:104} INFO - [2021-12-21 00:09:33,018] {dag.py:2306} INFO - Setting next_dagrun for example_task_group_decorator to 2021-12-19 00:00:00+00:00
[2021-12-21 00:09:33,048] {scheduler_job.py:190} INFO - Processing /home/airflow/.local/lib/python3.8/site-packages/airflow/example_dags/example_task_group_decorator.py took 0.482 seconds
[2021-12-21 00:10:03,664] {scheduler_job.py:182} INFO - Started process (PID=10498) to work on /home/airflow/.local/lib/python3.8/site-packages/airflow/example_dags/example_task_group_decorator.py
[2021-12-21 00:10:03,707] {scheduler_job.py:633} INFO - Processing file /home/airflow/.local/lib/python3.8/site-packages/airflow/example_dags/example_task_group_decorator.py for tasks to queue
[2021-12-21 00:10:03,719] {logging_mixin.py:104} INFO - [2021-12-21 00:10:03,716] {dagbag.py:496} INFO - Filling up the DagBag from /home/airflow/.local/lib/python3.8/site-packages/airflow/example_dags/example_task_group_decorator.py
[2021-12-21 00:10:03,899] {scheduler_job.py:643} INFO - DAG(s) dict_keys(['example_task_group_decorator']) retrieved from /home/airflow/.local/lib/python3.8/site-packages/airflow/example_dags/example_task_group_decorator.py
[2021-12-21 00:10:04,662] {logging_mixin.py:104} INFO - [2021-12-21 00:10:04,662] {dag.py:1833} INFO - Sync 1 DAGs
[2021-12-21 00:10:04,676] {logging_mixin.py:104} INFO - [2021-12-21 00:10:04,676] {dag.py:2306} INFO - Setting next_dagrun for example_task_group_decorator to 2021-12-19 00:00:00+00:00
[2021-12-21 00:10:04,717] {scheduler_job.py:190} INFO - Processing /home/airflow/.local/lib/python3.8/site-packages/airflow/example_dags/example_task_group_decorator.py took 1.060 seconds
[2021-12-21 00:10:35,087] {scheduler_job.py:182} INFO - Started process (PID=10529) to work on /home/airflow/.local/lib/python3.8/site-packages/airflow/example_dags/example_task_group_decorator.py
[2021-12-21 00:10:35,093] {scheduler_job.py:633} INFO - Processing file /home/airflow/.local/lib/python3.8/site-packages/airflow/example_dags/example_task_group_decorator.py for tasks to queue
[2021-12-21 00:10:35,096] {logging_mixin.py:104} INFO - [2021-12-21 00:10:35,096] {dagbag.py:496} INFO - Filling up the DagBag from /home/airflow/.local/lib/python3.8/site-packages/airflow/example_dags/example_task_group_decorator.py
[2021-12-21 00:10:35,147] {scheduler_job.py:643} INFO - DAG(s) dict_keys(['example_task_group_decorator']) retrieved from /home/airflow/.local/lib/python3.8/site-packages/airflow/example_dags/example_task_group_decorator.py
[2021-12-21 00:10:35,669] {logging_mixin.py:104} INFO - [2021-12-21 00:10:35,669] {dag.py:1833} INFO - Sync 1 DAGs
[2021-12-21 00:10:35,690] {logging_mixin.py:104} INFO - [2021-12-21 00:10:35,690] {dag.py:2306} INFO - Setting next_dagrun for example_task_group_decorator to 2021-12-19 00:00:00+00:00
[2021-12-21 00:10:35,718] {scheduler_job.py:190} INFO - Processing /home/airflow/.local/lib/python3.8/site-packages/airflow/example_dags/example_task_group_decorator.py took 0.643 seconds
[2021-12-21 00:11:05,785] {scheduler_job.py:182} INFO - Started process (PID=10562) to work on /home/airflow/.local/lib/python3.8/site-packages/airflow/example_dags/example_task_group_decorator.py
[2021-12-21 00:11:05,789] {scheduler_job.py:633} INFO - Processing file /home/airflow/.local/lib/python3.8/site-packages/airflow/example_dags/example_task_group_decorator.py for tasks to queue
[2021-12-21 00:11:05,793] {logging_mixin.py:104} INFO - [2021-12-21 00:11:05,792] {dagbag.py:496} INFO - Filling up the DagBag from /home/airflow/.local/lib/python3.8/site-packages/airflow/example_dags/example_task_group_decorator.py
[2021-12-21 00:11:05,828] {scheduler_job.py:643} INFO - DAG(s) dict_keys(['example_task_group_decorator']) retrieved from /home/airflow/.local/lib/python3.8/site-packages/airflow/example_dags/example_task_group_decorator.py
[2021-12-21 00:11:06,257] {logging_mixin.py:104} INFO - [2021-12-21 00:11:06,256] {dag.py:1833} INFO - Sync 1 DAGs
[2021-12-21 00:11:06,270] {logging_mixin.py:104} INFO - [2021-12-21 00:11:06,270] {dag.py:2306} INFO - Setting next_dagrun for example_task_group_decorator to 2021-12-19 00:00:00+00:00
[2021-12-21 00:11:06,297] {scheduler_job.py:190} INFO - Processing /home/airflow/.local/lib/python3.8/site-packages/airflow/example_dags/example_task_group_decorator.py took 0.518 seconds
[2021-12-21 00:11:36,950] {scheduler_job.py:182} INFO - Started process (PID=10593) to work on /home/airflow/.local/lib/python3.8/site-packages/airflow/example_dags/example_task_group_decorator.py
[2021-12-21 00:11:36,953] {scheduler_job.py:633} INFO - Processing file /home/airflow/.local/lib/python3.8/site-packages/airflow/example_dags/example_task_group_decorator.py for tasks to queue
[2021-12-21 00:11:36,955] {logging_mixin.py:104} INFO - [2021-12-21 00:11:36,955] {dagbag.py:496} INFO - Filling up the DagBag from /home/airflow/.local/lib/python3.8/site-packages/airflow/example_dags/example_task_group_decorator.py
[2021-12-21 00:11:36,995] {scheduler_job.py:643} INFO - DAG(s) dict_keys(['example_task_group_decorator']) retrieved from /home/airflow/.local/lib/python3.8/site-packages/airflow/example_dags/example_task_group_decorator.py
[2021-12-21 00:11:37,504] {logging_mixin.py:104} INFO - [2021-12-21 00:11:37,504] {dag.py:1833} INFO - Sync 1 DAGs
[2021-12-21 00:11:37,517] {logging_mixin.py:104} INFO - [2021-12-21 00:11:37,516] {dag.py:2306} INFO - Setting next_dagrun for example_task_group_decorator to 2021-12-19 00:00:00+00:00
[2021-12-21 00:11:37,539] {scheduler_job.py:190} INFO - Processing /home/airflow/.local/lib/python3.8/site-packages/airflow/example_dags/example_task_group_decorator.py took 0.594 seconds
[2021-12-21 00:12:08,496] {scheduler_job.py:182} INFO - Started process (PID=10624) to work on /home/airflow/.local/lib/python3.8/site-packages/airflow/example_dags/example_task_group_decorator.py
[2021-12-21 00:12:08,500] {scheduler_job.py:633} INFO - Processing file /home/airflow/.local/lib/python3.8/site-packages/airflow/example_dags/example_task_group_decorator.py for tasks to queue
[2021-12-21 00:12:08,503] {logging_mixin.py:104} INFO - [2021-12-21 00:12:08,503] {dagbag.py:496} INFO - Filling up the DagBag from /home/airflow/.local/lib/python3.8/site-packages/airflow/example_dags/example_task_group_decorator.py
[2021-12-21 00:12:08,588] {scheduler_job.py:643} INFO - DAG(s) dict_keys(['example_task_group_decorator']) retrieved from /home/airflow/.local/lib/python3.8/site-packages/airflow/example_dags/example_task_group_decorator.py
[2021-12-21 00:12:09,196] {logging_mixin.py:104} INFO - [2021-12-21 00:12:09,196] {dag.py:1833} INFO - Sync 1 DAGs
[2021-12-21 00:12:09,208] {logging_mixin.py:104} INFO - [2021-12-21 00:12:09,208] {dag.py:2306} INFO - Setting next_dagrun for example_task_group_decorator to 2021-12-19 00:00:00+00:00
[2021-12-21 00:12:09,229] {scheduler_job.py:190} INFO - Processing /home/airflow/.local/lib/python3.8/site-packages/airflow/example_dags/example_task_group_decorator.py took 0.738 seconds
[2021-12-21 00:12:39,713] {scheduler_job.py:182} INFO - Started process (PID=10655) to work on /home/airflow/.local/lib/python3.8/site-packages/airflow/example_dags/example_task_group_decorator.py
[2021-12-21 00:12:39,721] {scheduler_job.py:633} INFO - Processing file /home/airflow/.local/lib/python3.8/site-packages/airflow/example_dags/example_task_group_decorator.py for tasks to queue
[2021-12-21 00:12:39,728] {logging_mixin.py:104} INFO - [2021-12-21 00:12:39,727] {dagbag.py:496} INFO - Filling up the DagBag from /home/airflow/.local/lib/python3.8/site-packages/airflow/example_dags/example_task_group_decorator.py
[2021-12-21 00:12:39,770] {scheduler_job.py:643} INFO - DAG(s) dict_keys(['example_task_group_decorator']) retrieved from /home/airflow/.local/lib/python3.8/site-packages/airflow/example_dags/example_task_group_decorator.py
[2021-12-21 00:12:40,435] {logging_mixin.py:104} INFO - [2021-12-21 00:12:40,434] {dag.py:1833} INFO - Sync 1 DAGs
[2021-12-21 00:12:40,462] {logging_mixin.py:104} INFO - [2021-12-21 00:12:40,462] {dag.py:2306} INFO - Setting next_dagrun for example_task_group_decorator to 2021-12-19 00:00:00+00:00
[2021-12-21 00:12:40,496] {scheduler_job.py:190} INFO - Processing /home/airflow/.local/lib/python3.8/site-packages/airflow/example_dags/example_task_group_decorator.py took 0.793 seconds
[2021-12-21 00:13:10,598] {scheduler_job.py:182} INFO - Started process (PID=10689) to work on /home/airflow/.local/lib/python3.8/site-packages/airflow/example_dags/example_task_group_decorator.py
[2021-12-21 00:13:10,603] {scheduler_job.py:633} INFO - Processing file /home/airflow/.local/lib/python3.8/site-packages/airflow/example_dags/example_task_group_decorator.py for tasks to queue
[2021-12-21 00:13:10,606] {logging_mixin.py:104} INFO - [2021-12-21 00:13:10,606] {dagbag.py:496} INFO - Filling up the DagBag from /home/airflow/.local/lib/python3.8/site-packages/airflow/example_dags/example_task_group_decorator.py
[2021-12-21 00:13:10,662] {scheduler_job.py:643} INFO - DAG(s) dict_keys(['example_task_group_decorator']) retrieved from /home/airflow/.local/lib/python3.8/site-packages/airflow/example_dags/example_task_group_decorator.py
[2021-12-21 00:13:11,261] {logging_mixin.py:104} INFO - [2021-12-21 00:13:11,261] {dag.py:1833} INFO - Sync 1 DAGs
[2021-12-21 00:13:11,277] {logging_mixin.py:104} INFO - [2021-12-21 00:13:11,277] {dag.py:2306} INFO - Setting next_dagrun for example_task_group_decorator to 2021-12-19 00:00:00+00:00
[2021-12-21 00:13:11,304] {scheduler_job.py:190} INFO - Processing /home/airflow/.local/lib/python3.8/site-packages/airflow/example_dags/example_task_group_decorator.py took 0.719 seconds
[2021-12-21 00:13:41,388] {scheduler_job.py:182} INFO - Started process (PID=10722) to work on /home/airflow/.local/lib/python3.8/site-packages/airflow/example_dags/example_task_group_decorator.py
[2021-12-21 00:13:41,401] {scheduler_job.py:633} INFO - Processing file /home/airflow/.local/lib/python3.8/site-packages/airflow/example_dags/example_task_group_decorator.py for tasks to queue
[2021-12-21 00:13:41,405] {logging_mixin.py:104} INFO - [2021-12-21 00:13:41,405] {dagbag.py:496} INFO - Filling up the DagBag from /home/airflow/.local/lib/python3.8/site-packages/airflow/example_dags/example_task_group_decorator.py
[2021-12-21 00:13:41,478] {scheduler_job.py:643} INFO - DAG(s) dict_keys(['example_task_group_decorator']) retrieved from /home/airflow/.local/lib/python3.8/site-packages/airflow/example_dags/example_task_group_decorator.py
[2021-12-21 00:13:41,932] {logging_mixin.py:104} INFO - [2021-12-21 00:13:41,932] {dag.py:1833} INFO - Sync 1 DAGs
[2021-12-21 00:13:41,954] {logging_mixin.py:104} INFO - [2021-12-21 00:13:41,954] {dag.py:2306} INFO - Setting next_dagrun for example_task_group_decorator to 2021-12-19 00:00:00+00:00
[2021-12-21 00:13:41,981] {scheduler_job.py:190} INFO - Processing /home/airflow/.local/lib/python3.8/site-packages/airflow/example_dags/example_task_group_decorator.py took 0.613 seconds
[2021-12-21 00:14:12,676] {scheduler_job.py:182} INFO - Started process (PID=10753) to work on /home/airflow/.local/lib/python3.8/site-packages/airflow/example_dags/example_task_group_decorator.py
[2021-12-21 00:14:12,681] {scheduler_job.py:633} INFO - Processing file /home/airflow/.local/lib/python3.8/site-packages/airflow/example_dags/example_task_group_decorator.py for tasks to queue
[2021-12-21 00:14:12,684] {logging_mixin.py:104} INFO - [2021-12-21 00:14:12,684] {dagbag.py:496} INFO - Filling up the DagBag from /home/airflow/.local/lib/python3.8/site-packages/airflow/example_dags/example_task_group_decorator.py
[2021-12-21 00:14:12,769] {scheduler_job.py:643} INFO - DAG(s) dict_keys(['example_task_group_decorator']) retrieved from /home/airflow/.local/lib/python3.8/site-packages/airflow/example_dags/example_task_group_decorator.py
[2021-12-21 00:14:13,335] {logging_mixin.py:104} INFO - [2021-12-21 00:14:13,335] {dag.py:1833} INFO - Sync 1 DAGs
[2021-12-21 00:14:13,369] {logging_mixin.py:104} INFO - [2021-12-21 00:14:13,369] {dag.py:2306} INFO - Setting next_dagrun for example_task_group_decorator to 2021-12-19 00:00:00+00:00
[2021-12-21 00:14:13,406] {scheduler_job.py:190} INFO - Processing /home/airflow/.local/lib/python3.8/site-packages/airflow/example_dags/example_task_group_decorator.py took 0.736 seconds
[2021-12-21 00:14:43,520] {scheduler_job.py:182} INFO - Started process (PID=10786) to work on /home/airflow/.local/lib/python3.8/site-packages/airflow/example_dags/example_task_group_decorator.py
[2021-12-21 00:14:43,526] {scheduler_job.py:633} INFO - Processing file /home/airflow/.local/lib/python3.8/site-packages/airflow/example_dags/example_task_group_decorator.py for tasks to queue
[2021-12-21 00:14:43,536] {logging_mixin.py:104} INFO - [2021-12-21 00:14:43,535] {dagbag.py:496} INFO - Filling up the DagBag from /home/airflow/.local/lib/python3.8/site-packages/airflow/example_dags/example_task_group_decorator.py
[2021-12-21 00:14:43,576] {scheduler_job.py:643} INFO - DAG(s) dict_keys(['example_task_group_decorator']) retrieved from /home/airflow/.local/lib/python3.8/site-packages/airflow/example_dags/example_task_group_decorator.py
[2021-12-21 00:14:44,004] {logging_mixin.py:104} INFO - [2021-12-21 00:14:44,004] {dag.py:1833} INFO - Sync 1 DAGs
[2021-12-21 00:14:44,020] {logging_mixin.py:104} INFO - [2021-12-21 00:14:44,020] {dag.py:2306} INFO - Setting next_dagrun for example_task_group_decorator to 2021-12-19 00:00:00+00:00
[2021-12-21 00:14:44,048] {scheduler_job.py:190} INFO - Processing /home/airflow/.local/lib/python3.8/site-packages/airflow/example_dags/example_task_group_decorator.py took 0.539 seconds
[2021-12-21 00:15:15,006] {scheduler_job.py:182} INFO - Started process (PID=10817) to work on /home/airflow/.local/lib/python3.8/site-packages/airflow/example_dags/example_task_group_decorator.py
[2021-12-21 00:15:15,012] {scheduler_job.py:633} INFO - Processing file /home/airflow/.local/lib/python3.8/site-packages/airflow/example_dags/example_task_group_decorator.py for tasks to queue
[2021-12-21 00:15:15,017] {logging_mixin.py:104} INFO - [2021-12-21 00:15:15,017] {dagbag.py:496} INFO - Filling up the DagBag from /home/airflow/.local/lib/python3.8/site-packages/airflow/example_dags/example_task_group_decorator.py
[2021-12-21 00:15:15,073] {scheduler_job.py:643} INFO - DAG(s) dict_keys(['example_task_group_decorator']) retrieved from /home/airflow/.local/lib/python3.8/site-packages/airflow/example_dags/example_task_group_decorator.py
[2021-12-21 00:15:15,631] {logging_mixin.py:104} INFO - [2021-12-21 00:15:15,631] {dag.py:1833} INFO - Sync 1 DAGs
[2021-12-21 00:15:15,657] {logging_mixin.py:104} INFO - [2021-12-21 00:15:15,657] {dag.py:2306} INFO - Setting next_dagrun for example_task_group_decorator to 2021-12-19 00:00:00+00:00
[2021-12-21 00:15:15,689] {scheduler_job.py:190} INFO - Processing /home/airflow/.local/lib/python3.8/site-packages/airflow/example_dags/example_task_group_decorator.py took 0.702 seconds
[2021-12-21 00:15:46,721] {scheduler_job.py:182} INFO - Started process (PID=10850) to work on /home/airflow/.local/lib/python3.8/site-packages/airflow/example_dags/example_task_group_decorator.py
[2021-12-21 00:15:46,724] {scheduler_job.py:633} INFO - Processing file /home/airflow/.local/lib/python3.8/site-packages/airflow/example_dags/example_task_group_decorator.py for tasks to queue
[2021-12-21 00:15:46,726] {logging_mixin.py:104} INFO - [2021-12-21 00:15:46,726] {dagbag.py:496} INFO - Filling up the DagBag from /home/airflow/.local/lib/python3.8/site-packages/airflow/example_dags/example_task_group_decorator.py
[2021-12-21 00:15:46,769] {scheduler_job.py:643} INFO - DAG(s) dict_keys(['example_task_group_decorator']) retrieved from /home/airflow/.local/lib/python3.8/site-packages/airflow/example_dags/example_task_group_decorator.py
[2021-12-21 00:15:47,241] {logging_mixin.py:104} INFO - [2021-12-21 00:15:47,241] {dag.py:1833} INFO - Sync 1 DAGs
[2021-12-21 00:15:47,256] {logging_mixin.py:104} INFO - [2021-12-21 00:15:47,256] {dag.py:2306} INFO - Setting next_dagrun for example_task_group_decorator to 2021-12-19 00:00:00+00:00
[2021-12-21 00:15:47,276] {scheduler_job.py:190} INFO - Processing /home/airflow/.local/lib/python3.8/site-packages/airflow/example_dags/example_task_group_decorator.py took 0.564 seconds
[2021-12-21 00:16:17,355] {scheduler_job.py:182} INFO - Started process (PID=10883) to work on /home/airflow/.local/lib/python3.8/site-packages/airflow/example_dags/example_task_group_decorator.py
[2021-12-21 00:16:17,358] {scheduler_job.py:633} INFO - Processing file /home/airflow/.local/lib/python3.8/site-packages/airflow/example_dags/example_task_group_decorator.py for tasks to queue
[2021-12-21 00:16:17,360] {logging_mixin.py:104} INFO - [2021-12-21 00:16:17,360] {dagbag.py:496} INFO - Filling up the DagBag from /home/airflow/.local/lib/python3.8/site-packages/airflow/example_dags/example_task_group_decorator.py
[2021-12-21 00:16:17,398] {scheduler_job.py:643} INFO - DAG(s) dict_keys(['example_task_group_decorator']) retrieved from /home/airflow/.local/lib/python3.8/site-packages/airflow/example_dags/example_task_group_decorator.py
[2021-12-21 00:16:17,785] {logging_mixin.py:104} INFO - [2021-12-21 00:16:17,785] {dag.py:1833} INFO - Sync 1 DAGs
[2021-12-21 00:16:17,811] {logging_mixin.py:104} INFO - [2021-12-21 00:16:17,811] {dag.py:2306} INFO - Setting next_dagrun for example_task_group_decorator to 2021-12-19 00:00:00+00:00
[2021-12-21 00:16:17,836] {scheduler_job.py:190} INFO - Processing /home/airflow/.local/lib/python3.8/site-packages/airflow/example_dags/example_task_group_decorator.py took 0.486 seconds
[2021-12-21 00:16:48,481] {scheduler_job.py:182} INFO - Started process (PID=10914) to work on /home/airflow/.local/lib/python3.8/site-packages/airflow/example_dags/example_task_group_decorator.py
[2021-12-21 00:16:48,484] {scheduler_job.py:633} INFO - Processing file /home/airflow/.local/lib/python3.8/site-packages/airflow/example_dags/example_task_group_decorator.py for tasks to queue
[2021-12-21 00:16:48,486] {logging_mixin.py:104} INFO - [2021-12-21 00:16:48,486] {dagbag.py:496} INFO - Filling up the DagBag from /home/airflow/.local/lib/python3.8/site-packages/airflow/example_dags/example_task_group_decorator.py
[2021-12-21 00:16:48,526] {scheduler_job.py:643} INFO - DAG(s) dict_keys(['example_task_group_decorator']) retrieved from /home/airflow/.local/lib/python3.8/site-packages/airflow/example_dags/example_task_group_decorator.py
[2021-12-21 00:16:48,917] {logging_mixin.py:104} INFO - [2021-12-21 00:16:48,917] {dag.py:1833} INFO - Sync 1 DAGs
[2021-12-21 00:16:48,934] {logging_mixin.py:104} INFO - [2021-12-21 00:16:48,934] {dag.py:2306} INFO - Setting next_dagrun for example_task_group_decorator to 2021-12-19 00:00:00+00:00
[2021-12-21 00:16:48,956] {scheduler_job.py:190} INFO - Processing /home/airflow/.local/lib/python3.8/site-packages/airflow/example_dags/example_task_group_decorator.py took 0.483 seconds
[2021-12-21 00:17:19,194] {scheduler_job.py:182} INFO - Started process (PID=10945) to work on /home/airflow/.local/lib/python3.8/site-packages/airflow/example_dags/example_task_group_decorator.py
[2021-12-21 00:17:19,227] {scheduler_job.py:633} INFO - Processing file /home/airflow/.local/lib/python3.8/site-packages/airflow/example_dags/example_task_group_decorator.py for tasks to queue
[2021-12-21 00:17:19,232] {logging_mixin.py:104} INFO - [2021-12-21 00:17:19,231] {dagbag.py:496} INFO - Filling up the DagBag from /home/airflow/.local/lib/python3.8/site-packages/airflow/example_dags/example_task_group_decorator.py
[2021-12-21 00:17:19,339] {scheduler_job.py:643} INFO - DAG(s) dict_keys(['example_task_group_decorator']) retrieved from /home/airflow/.local/lib/python3.8/site-packages/airflow/example_dags/example_task_group_decorator.py
[2021-12-21 00:17:19,764] {logging_mixin.py:104} INFO - [2021-12-21 00:17:19,764] {dag.py:1833} INFO - Sync 1 DAGs
[2021-12-21 00:17:19,784] {logging_mixin.py:104} INFO - [2021-12-21 00:17:19,784] {dag.py:2306} INFO - Setting next_dagrun for example_task_group_decorator to 2021-12-19 00:00:00+00:00
[2021-12-21 00:17:19,816] {scheduler_job.py:190} INFO - Processing /home/airflow/.local/lib/python3.8/site-packages/airflow/example_dags/example_task_group_decorator.py took 0.641 seconds
[2021-12-21 00:17:49,867] {scheduler_job.py:182} INFO - Started process (PID=10976) to work on /home/airflow/.local/lib/python3.8/site-packages/airflow/example_dags/example_task_group_decorator.py
[2021-12-21 00:17:49,871] {scheduler_job.py:633} INFO - Processing file /home/airflow/.local/lib/python3.8/site-packages/airflow/example_dags/example_task_group_decorator.py for tasks to queue
[2021-12-21 00:17:49,874] {logging_mixin.py:104} INFO - [2021-12-21 00:17:49,874] {dagbag.py:496} INFO - Filling up the DagBag from /home/airflow/.local/lib/python3.8/site-packages/airflow/example_dags/example_task_group_decorator.py
[2021-12-21 00:17:49,917] {scheduler_job.py:643} INFO - DAG(s) dict_keys(['example_task_group_decorator']) retrieved from /home/airflow/.local/lib/python3.8/site-packages/airflow/example_dags/example_task_group_decorator.py
[2021-12-21 00:17:50,399] {logging_mixin.py:104} INFO - [2021-12-21 00:17:50,399] {dag.py:1833} INFO - Sync 1 DAGs
[2021-12-21 00:17:50,415] {logging_mixin.py:104} INFO - [2021-12-21 00:17:50,415] {dag.py:2306} INFO - Setting next_dagrun for example_task_group_decorator to 2021-12-19 00:00:00+00:00
[2021-12-21 00:17:50,448] {scheduler_job.py:190} INFO - Processing /home/airflow/.local/lib/python3.8/site-packages/airflow/example_dags/example_task_group_decorator.py took 0.586 seconds
[2021-12-21 00:18:20,529] {scheduler_job.py:182} INFO - Started process (PID=11007) to work on /home/airflow/.local/lib/python3.8/site-packages/airflow/example_dags/example_task_group_decorator.py
[2021-12-21 00:18:20,533] {scheduler_job.py:633} INFO - Processing file /home/airflow/.local/lib/python3.8/site-packages/airflow/example_dags/example_task_group_decorator.py for tasks to queue
[2021-12-21 00:18:20,535] {logging_mixin.py:104} INFO - [2021-12-21 00:18:20,534] {dagbag.py:496} INFO - Filling up the DagBag from /home/airflow/.local/lib/python3.8/site-packages/airflow/example_dags/example_task_group_decorator.py
[2021-12-21 00:18:20,577] {scheduler_job.py:643} INFO - DAG(s) dict_keys(['example_task_group_decorator']) retrieved from /home/airflow/.local/lib/python3.8/site-packages/airflow/example_dags/example_task_group_decorator.py
[2021-12-21 00:18:20,991] {logging_mixin.py:104} INFO - [2021-12-21 00:18:20,991] {dag.py:1833} INFO - Sync 1 DAGs
[2021-12-21 00:18:21,016] {logging_mixin.py:104} INFO - [2021-12-21 00:18:21,016] {dag.py:2306} INFO - Setting next_dagrun for example_task_group_decorator to 2021-12-19 00:00:00+00:00
[2021-12-21 00:18:21,049] {scheduler_job.py:190} INFO - Processing /home/airflow/.local/lib/python3.8/site-packages/airflow/example_dags/example_task_group_decorator.py took 0.525 seconds
[2021-12-21 00:18:51,117] {scheduler_job.py:182} INFO - Started process (PID=11038) to work on /home/airflow/.local/lib/python3.8/site-packages/airflow/example_dags/example_task_group_decorator.py
[2021-12-21 00:18:51,120] {scheduler_job.py:633} INFO - Processing file /home/airflow/.local/lib/python3.8/site-packages/airflow/example_dags/example_task_group_decorator.py for tasks to queue
[2021-12-21 00:18:51,122] {logging_mixin.py:104} INFO - [2021-12-21 00:18:51,122] {dagbag.py:496} INFO - Filling up the DagBag from /home/airflow/.local/lib/python3.8/site-packages/airflow/example_dags/example_task_group_decorator.py
[2021-12-21 00:18:51,164] {scheduler_job.py:643} INFO - DAG(s) dict_keys(['example_task_group_decorator']) retrieved from /home/airflow/.local/lib/python3.8/site-packages/airflow/example_dags/example_task_group_decorator.py
[2021-12-21 00:18:51,550] {logging_mixin.py:104} INFO - [2021-12-21 00:18:51,550] {dag.py:1833} INFO - Sync 1 DAGs
[2021-12-21 00:18:51,567] {logging_mixin.py:104} INFO - [2021-12-21 00:18:51,567] {dag.py:2306} INFO - Setting next_dagrun for example_task_group_decorator to 2021-12-19 00:00:00+00:00
[2021-12-21 00:18:51,591] {scheduler_job.py:190} INFO - Processing /home/airflow/.local/lib/python3.8/site-packages/airflow/example_dags/example_task_group_decorator.py took 0.478 seconds
[2021-12-21 00:19:22,560] {scheduler_job.py:182} INFO - Started process (PID=11069) to work on /home/airflow/.local/lib/python3.8/site-packages/airflow/example_dags/example_task_group_decorator.py
[2021-12-21 00:19:22,564] {scheduler_job.py:633} INFO - Processing file /home/airflow/.local/lib/python3.8/site-packages/airflow/example_dags/example_task_group_decorator.py for tasks to queue
[2021-12-21 00:19:22,576] {logging_mixin.py:104} INFO - [2021-12-21 00:19:22,576] {dagbag.py:496} INFO - Filling up the DagBag from /home/airflow/.local/lib/python3.8/site-packages/airflow/example_dags/example_task_group_decorator.py
[2021-12-21 00:19:22,636] {scheduler_job.py:643} INFO - DAG(s) dict_keys(['example_task_group_decorator']) retrieved from /home/airflow/.local/lib/python3.8/site-packages/airflow/example_dags/example_task_group_decorator.py
[2021-12-21 00:19:23,236] {logging_mixin.py:104} INFO - [2021-12-21 00:19:23,235] {dag.py:1833} INFO - Sync 1 DAGs
[2021-12-21 00:19:23,255] {logging_mixin.py:104} INFO - [2021-12-21 00:19:23,255] {dag.py:2306} INFO - Setting next_dagrun for example_task_group_decorator to 2021-12-19 00:00:00+00:00
[2021-12-21 00:19:23,283] {scheduler_job.py:190} INFO - Processing /home/airflow/.local/lib/python3.8/site-packages/airflow/example_dags/example_task_group_decorator.py took 0.729 seconds
[2021-12-21 00:19:53,594] {scheduler_job.py:182} INFO - Started process (PID=11103) to work on /home/airflow/.local/lib/python3.8/site-packages/airflow/example_dags/example_task_group_decorator.py
[2021-12-21 00:19:53,618] {scheduler_job.py:633} INFO - Processing file /home/airflow/.local/lib/python3.8/site-packages/airflow/example_dags/example_task_group_decorator.py for tasks to queue
[2021-12-21 00:19:53,648] {logging_mixin.py:104} INFO - [2021-12-21 00:19:53,648] {dagbag.py:496} INFO - Filling up the DagBag from /home/airflow/.local/lib/python3.8/site-packages/airflow/example_dags/example_task_group_decorator.py
[2021-12-21 00:19:53,717] {scheduler_job.py:643} INFO - DAG(s) dict_keys(['example_task_group_decorator']) retrieved from /home/airflow/.local/lib/python3.8/site-packages/airflow/example_dags/example_task_group_decorator.py
[2021-12-21 00:19:54,206] {logging_mixin.py:104} INFO - [2021-12-21 00:19:54,206] {dag.py:1833} INFO - Sync 1 DAGs
[2021-12-21 00:19:54,219] {logging_mixin.py:104} INFO - [2021-12-21 00:19:54,219] {dag.py:2306} INFO - Setting next_dagrun for example_task_group_decorator to 2021-12-19 00:00:00+00:00
[2021-12-21 00:19:54,244] {scheduler_job.py:190} INFO - Processing /home/airflow/.local/lib/python3.8/site-packages/airflow/example_dags/example_task_group_decorator.py took 0.667 seconds
[2021-12-21 00:20:24,799] {scheduler_job.py:182} INFO - Started process (PID=11134) to work on /home/airflow/.local/lib/python3.8/site-packages/airflow/example_dags/example_task_group_decorator.py
[2021-12-21 00:20:24,805] {scheduler_job.py:633} INFO - Processing file /home/airflow/.local/lib/python3.8/site-packages/airflow/example_dags/example_task_group_decorator.py for tasks to queue
[2021-12-21 00:20:24,808] {logging_mixin.py:104} INFO - [2021-12-21 00:20:24,807] {dagbag.py:496} INFO - Filling up the DagBag from /home/airflow/.local/lib/python3.8/site-packages/airflow/example_dags/example_task_group_decorator.py
[2021-12-21 00:20:24,869] {scheduler_job.py:643} INFO - DAG(s) dict_keys(['example_task_group_decorator']) retrieved from /home/airflow/.local/lib/python3.8/site-packages/airflow/example_dags/example_task_group_decorator.py
[2021-12-21 00:20:25,470] {logging_mixin.py:104} INFO - [2021-12-21 00:20:25,470] {dag.py:1833} INFO - Sync 1 DAGs
[2021-12-21 00:20:25,485] {logging_mixin.py:104} INFO - [2021-12-21 00:20:25,485] {dag.py:2306} INFO - Setting next_dagrun for example_task_group_decorator to 2021-12-19 00:00:00+00:00
[2021-12-21 00:20:25,509] {scheduler_job.py:190} INFO - Processing /home/airflow/.local/lib/python3.8/site-packages/airflow/example_dags/example_task_group_decorator.py took 0.737 seconds
[2021-12-21 00:20:55,640] {scheduler_job.py:182} INFO - Started process (PID=11167) to work on /home/airflow/.local/lib/python3.8/site-packages/airflow/example_dags/example_task_group_decorator.py
[2021-12-21 00:20:55,658] {scheduler_job.py:633} INFO - Processing file /home/airflow/.local/lib/python3.8/site-packages/airflow/example_dags/example_task_group_decorator.py for tasks to queue
[2021-12-21 00:20:55,663] {logging_mixin.py:104} INFO - [2021-12-21 00:20:55,663] {dagbag.py:496} INFO - Filling up the DagBag from /home/airflow/.local/lib/python3.8/site-packages/airflow/example_dags/example_task_group_decorator.py
[2021-12-21 00:20:55,726] {scheduler_job.py:643} INFO - DAG(s) dict_keys(['example_task_group_decorator']) retrieved from /home/airflow/.local/lib/python3.8/site-packages/airflow/example_dags/example_task_group_decorator.py
[2021-12-21 00:20:56,237] {logging_mixin.py:104} INFO - [2021-12-21 00:20:56,237] {dag.py:1833} INFO - Sync 1 DAGs
[2021-12-21 00:20:56,257] {logging_mixin.py:104} INFO - [2021-12-21 00:20:56,257] {dag.py:2306} INFO - Setting next_dagrun for example_task_group_decorator to 2021-12-19 00:00:00+00:00
[2021-12-21 00:20:56,282] {scheduler_job.py:190} INFO - Processing /home/airflow/.local/lib/python3.8/site-packages/airflow/example_dags/example_task_group_decorator.py took 0.657 seconds
[2021-12-21 00:21:26,970] {scheduler_job.py:182} INFO - Started process (PID=11198) to work on /home/airflow/.local/lib/python3.8/site-packages/airflow/example_dags/example_task_group_decorator.py
[2021-12-21 00:21:26,975] {scheduler_job.py:633} INFO - Processing file /home/airflow/.local/lib/python3.8/site-packages/airflow/example_dags/example_task_group_decorator.py for tasks to queue
[2021-12-21 00:21:26,979] {logging_mixin.py:104} INFO - [2021-12-21 00:21:26,979] {dagbag.py:496} INFO - Filling up the DagBag from /home/airflow/.local/lib/python3.8/site-packages/airflow/example_dags/example_task_group_decorator.py
[2021-12-21 00:21:27,091] {scheduler_job.py:643} INFO - DAG(s) dict_keys(['example_task_group_decorator']) retrieved from /home/airflow/.local/lib/python3.8/site-packages/airflow/example_dags/example_task_group_decorator.py
[2021-12-21 00:21:27,556] {logging_mixin.py:104} INFO - [2021-12-21 00:21:27,555] {dag.py:1833} INFO - Sync 1 DAGs
[2021-12-21 00:21:27,578] {logging_mixin.py:104} INFO - [2021-12-21 00:21:27,578] {dag.py:2306} INFO - Setting next_dagrun for example_task_group_decorator to 2021-12-19 00:00:00+00:00
[2021-12-21 00:21:27,602] {scheduler_job.py:190} INFO - Processing /home/airflow/.local/lib/python3.8/site-packages/airflow/example_dags/example_task_group_decorator.py took 0.645 seconds
[2021-12-21 00:21:58,344] {scheduler_job.py:182} INFO - Started process (PID=11230) to work on /home/airflow/.local/lib/python3.8/site-packages/airflow/example_dags/example_task_group_decorator.py
[2021-12-21 00:21:58,348] {scheduler_job.py:633} INFO - Processing file /home/airflow/.local/lib/python3.8/site-packages/airflow/example_dags/example_task_group_decorator.py for tasks to queue
[2021-12-21 00:21:58,350] {logging_mixin.py:104} INFO - [2021-12-21 00:21:58,350] {dagbag.py:496} INFO - Filling up the DagBag from /home/airflow/.local/lib/python3.8/site-packages/airflow/example_dags/example_task_group_decorator.py
[2021-12-21 00:21:58,387] {scheduler_job.py:643} INFO - DAG(s) dict_keys(['example_task_group_decorator']) retrieved from /home/airflow/.local/lib/python3.8/site-packages/airflow/example_dags/example_task_group_decorator.py
[2021-12-21 00:21:58,780] {logging_mixin.py:104} INFO - [2021-12-21 00:21:58,780] {dag.py:1833} INFO - Sync 1 DAGs
[2021-12-21 00:21:58,799] {logging_mixin.py:104} INFO - [2021-12-21 00:21:58,799] {dag.py:2306} INFO - Setting next_dagrun for example_task_group_decorator to 2021-12-19 00:00:00+00:00
[2021-12-21 00:21:58,820] {scheduler_job.py:190} INFO - Processing /home/airflow/.local/lib/python3.8/site-packages/airflow/example_dags/example_task_group_decorator.py took 0.487 seconds
[2021-12-21 00:22:29,305] {scheduler_job.py:182} INFO - Started process (PID=11261) to work on /home/airflow/.local/lib/python3.8/site-packages/airflow/example_dags/example_task_group_decorator.py
[2021-12-21 00:22:29,309] {scheduler_job.py:633} INFO - Processing file /home/airflow/.local/lib/python3.8/site-packages/airflow/example_dags/example_task_group_decorator.py for tasks to queue
[2021-12-21 00:22:29,313] {logging_mixin.py:104} INFO - [2021-12-21 00:22:29,313] {dagbag.py:496} INFO - Filling up the DagBag from /home/airflow/.local/lib/python3.8/site-packages/airflow/example_dags/example_task_group_decorator.py
[2021-12-21 00:22:29,348] {scheduler_job.py:643} INFO - DAG(s) dict_keys(['example_task_group_decorator']) retrieved from /home/airflow/.local/lib/python3.8/site-packages/airflow/example_dags/example_task_group_decorator.py
[2021-12-21 00:22:29,742] {logging_mixin.py:104} INFO - [2021-12-21 00:22:29,742] {dag.py:1833} INFO - Sync 1 DAGs
[2021-12-21 00:22:29,761] {logging_mixin.py:104} INFO - [2021-12-21 00:22:29,761] {dag.py:2306} INFO - Setting next_dagrun for example_task_group_decorator to 2021-12-19 00:00:00+00:00
[2021-12-21 00:22:29,786] {scheduler_job.py:190} INFO - Processing /home/airflow/.local/lib/python3.8/site-packages/airflow/example_dags/example_task_group_decorator.py took 0.485 seconds
[2021-12-21 00:23:00,132] {scheduler_job.py:182} INFO - Started process (PID=11292) to work on /home/airflow/.local/lib/python3.8/site-packages/airflow/example_dags/example_task_group_decorator.py
[2021-12-21 00:23:00,136] {scheduler_job.py:633} INFO - Processing file /home/airflow/.local/lib/python3.8/site-packages/airflow/example_dags/example_task_group_decorator.py for tasks to queue
[2021-12-21 00:23:00,138] {logging_mixin.py:104} INFO - [2021-12-21 00:23:00,138] {dagbag.py:496} INFO - Filling up the DagBag from /home/airflow/.local/lib/python3.8/site-packages/airflow/example_dags/example_task_group_decorator.py
[2021-12-21 00:23:00,175] {scheduler_job.py:643} INFO - DAG(s) dict_keys(['example_task_group_decorator']) retrieved from /home/airflow/.local/lib/python3.8/site-packages/airflow/example_dags/example_task_group_decorator.py
[2021-12-21 00:23:00,579] {logging_mixin.py:104} INFO - [2021-12-21 00:23:00,579] {dag.py:1833} INFO - Sync 1 DAGs
[2021-12-21 00:23:00,598] {logging_mixin.py:104} INFO - [2021-12-21 00:23:00,597] {dag.py:2306} INFO - Setting next_dagrun for example_task_group_decorator to 2021-12-19 00:00:00+00:00
[2021-12-21 00:23:00,625] {scheduler_job.py:190} INFO - Processing /home/airflow/.local/lib/python3.8/site-packages/airflow/example_dags/example_task_group_decorator.py took 0.499 seconds
[2021-12-21 00:23:30,708] {scheduler_job.py:182} INFO - Started process (PID=11323) to work on /home/airflow/.local/lib/python3.8/site-packages/airflow/example_dags/example_task_group_decorator.py
[2021-12-21 00:23:30,710] {scheduler_job.py:633} INFO - Processing file /home/airflow/.local/lib/python3.8/site-packages/airflow/example_dags/example_task_group_decorator.py for tasks to queue
[2021-12-21 00:23:30,714] {logging_mixin.py:104} INFO - [2021-12-21 00:23:30,714] {dagbag.py:496} INFO - Filling up the DagBag from /home/airflow/.local/lib/python3.8/site-packages/airflow/example_dags/example_task_group_decorator.py
[2021-12-21 00:23:30,752] {scheduler_job.py:643} INFO - DAG(s) dict_keys(['example_task_group_decorator']) retrieved from /home/airflow/.local/lib/python3.8/site-packages/airflow/example_dags/example_task_group_decorator.py
[2021-12-21 00:23:31,140] {logging_mixin.py:104} INFO - [2021-12-21 00:23:31,140] {dag.py:1833} INFO - Sync 1 DAGs
[2021-12-21 00:23:31,159] {logging_mixin.py:104} INFO - [2021-12-21 00:23:31,159] {dag.py:2306} INFO - Setting next_dagrun for example_task_group_decorator to 2021-12-19 00:00:00+00:00
[2021-12-21 00:23:31,182] {scheduler_job.py:190} INFO - Processing /home/airflow/.local/lib/python3.8/site-packages/airflow/example_dags/example_task_group_decorator.py took 0.484 seconds
[2021-12-21 00:24:02,075] {scheduler_job.py:182} INFO - Started process (PID=11354) to work on /home/airflow/.local/lib/python3.8/site-packages/airflow/example_dags/example_task_group_decorator.py
[2021-12-21 00:24:02,078] {scheduler_job.py:633} INFO - Processing file /home/airflow/.local/lib/python3.8/site-packages/airflow/example_dags/example_task_group_decorator.py for tasks to queue
[2021-12-21 00:24:02,082] {logging_mixin.py:104} INFO - [2021-12-21 00:24:02,081] {dagbag.py:496} INFO - Filling up the DagBag from /home/airflow/.local/lib/python3.8/site-packages/airflow/example_dags/example_task_group_decorator.py
[2021-12-21 00:24:02,125] {scheduler_job.py:643} INFO - DAG(s) dict_keys(['example_task_group_decorator']) retrieved from /home/airflow/.local/lib/python3.8/site-packages/airflow/example_dags/example_task_group_decorator.py
[2021-12-21 00:24:02,575] {logging_mixin.py:104} INFO - [2021-12-21 00:24:02,575] {dag.py:1833} INFO - Sync 1 DAGs
[2021-12-21 00:24:02,594] {logging_mixin.py:104} INFO - [2021-12-21 00:24:02,593] {dag.py:2306} INFO - Setting next_dagrun for example_task_group_decorator to 2021-12-19 00:00:00+00:00
[2021-12-21 00:24:02,616] {scheduler_job.py:190} INFO - Processing /home/airflow/.local/lib/python3.8/site-packages/airflow/example_dags/example_task_group_decorator.py took 0.544 seconds
[2021-12-21 00:24:33,144] {scheduler_job.py:182} INFO - Started process (PID=11385) to work on /home/airflow/.local/lib/python3.8/site-packages/airflow/example_dags/example_task_group_decorator.py
[2021-12-21 00:24:33,150] {scheduler_job.py:633} INFO - Processing file /home/airflow/.local/lib/python3.8/site-packages/airflow/example_dags/example_task_group_decorator.py for tasks to queue
[2021-12-21 00:24:33,153] {logging_mixin.py:104} INFO - [2021-12-21 00:24:33,153] {dagbag.py:496} INFO - Filling up the DagBag from /home/airflow/.local/lib/python3.8/site-packages/airflow/example_dags/example_task_group_decorator.py
[2021-12-21 00:24:33,198] {scheduler_job.py:643} INFO - DAG(s) dict_keys(['example_task_group_decorator']) retrieved from /home/airflow/.local/lib/python3.8/site-packages/airflow/example_dags/example_task_group_decorator.py
[2021-12-21 00:24:33,654] {logging_mixin.py:104} INFO - [2021-12-21 00:24:33,654] {dag.py:1833} INFO - Sync 1 DAGs
[2021-12-21 00:24:33,674] {logging_mixin.py:104} INFO - [2021-12-21 00:24:33,674] {dag.py:2306} INFO - Setting next_dagrun for example_task_group_decorator to 2021-12-19 00:00:00+00:00
[2021-12-21 00:24:33,701] {scheduler_job.py:190} INFO - Processing /home/airflow/.local/lib/python3.8/site-packages/airflow/example_dags/example_task_group_decorator.py took 0.564 seconds
[2021-12-21 00:25:03,811] {scheduler_job.py:182} INFO - Started process (PID=11416) to work on /home/airflow/.local/lib/python3.8/site-packages/airflow/example_dags/example_task_group_decorator.py
[2021-12-21 00:25:03,816] {scheduler_job.py:633} INFO - Processing file /home/airflow/.local/lib/python3.8/site-packages/airflow/example_dags/example_task_group_decorator.py for tasks to queue
[2021-12-21 00:25:03,819] {logging_mixin.py:104} INFO - [2021-12-21 00:25:03,818] {dagbag.py:496} INFO - Filling up the DagBag from /home/airflow/.local/lib/python3.8/site-packages/airflow/example_dags/example_task_group_decorator.py
[2021-12-21 00:25:03,853] {scheduler_job.py:643} INFO - DAG(s) dict_keys(['example_task_group_decorator']) retrieved from /home/airflow/.local/lib/python3.8/site-packages/airflow/example_dags/example_task_group_decorator.py
[2021-12-21 00:25:04,377] {logging_mixin.py:104} INFO - [2021-12-21 00:25:04,377] {dag.py:1833} INFO - Sync 1 DAGs
[2021-12-21 00:25:04,395] {logging_mixin.py:104} INFO - [2021-12-21 00:25:04,395] {dag.py:2306} INFO - Setting next_dagrun for example_task_group_decorator to 2021-12-19 00:00:00+00:00
[2021-12-21 00:25:04,420] {scheduler_job.py:190} INFO - Processing /home/airflow/.local/lib/python3.8/site-packages/airflow/example_dags/example_task_group_decorator.py took 0.618 seconds
[2021-12-21 00:25:34,646] {scheduler_job.py:182} INFO - Started process (PID=11447) to work on /home/airflow/.local/lib/python3.8/site-packages/airflow/example_dags/example_task_group_decorator.py
[2021-12-21 00:25:34,650] {scheduler_job.py:633} INFO - Processing file /home/airflow/.local/lib/python3.8/site-packages/airflow/example_dags/example_task_group_decorator.py for tasks to queue
[2021-12-21 00:25:34,653] {logging_mixin.py:104} INFO - [2021-12-21 00:25:34,653] {dagbag.py:496} INFO - Filling up the DagBag from /home/airflow/.local/lib/python3.8/site-packages/airflow/example_dags/example_task_group_decorator.py
[2021-12-21 00:25:34,705] {scheduler_job.py:643} INFO - DAG(s) dict_keys(['example_task_group_decorator']) retrieved from /home/airflow/.local/lib/python3.8/site-packages/airflow/example_dags/example_task_group_decorator.py
[2021-12-21 00:25:35,131] {logging_mixin.py:104} INFO - [2021-12-21 00:25:35,131] {dag.py:1833} INFO - Sync 1 DAGs
[2021-12-21 00:25:35,145] {logging_mixin.py:104} INFO - [2021-12-21 00:25:35,145] {dag.py:2306} INFO - Setting next_dagrun for example_task_group_decorator to 2021-12-19 00:00:00+00:00
[2021-12-21 00:25:35,170] {scheduler_job.py:190} INFO - Processing /home/airflow/.local/lib/python3.8/site-packages/airflow/example_dags/example_task_group_decorator.py took 0.530 seconds
[2021-12-21 00:26:05,217] {scheduler_job.py:182} INFO - Started process (PID=11478) to work on /home/airflow/.local/lib/python3.8/site-packages/airflow/example_dags/example_task_group_decorator.py
[2021-12-21 00:26:05,221] {scheduler_job.py:633} INFO - Processing file /home/airflow/.local/lib/python3.8/site-packages/airflow/example_dags/example_task_group_decorator.py for tasks to queue
[2021-12-21 00:26:05,223] {logging_mixin.py:104} INFO - [2021-12-21 00:26:05,223] {dagbag.py:496} INFO - Filling up the DagBag from /home/airflow/.local/lib/python3.8/site-packages/airflow/example_dags/example_task_group_decorator.py
[2021-12-21 00:26:05,277] {scheduler_job.py:643} INFO - DAG(s) dict_keys(['example_task_group_decorator']) retrieved from /home/airflow/.local/lib/python3.8/site-packages/airflow/example_dags/example_task_group_decorator.py
[2021-12-21 00:26:05,682] {logging_mixin.py:104} INFO - [2021-12-21 00:26:05,682] {dag.py:1833} INFO - Sync 1 DAGs
[2021-12-21 00:26:05,695] {logging_mixin.py:104} INFO - [2021-12-21 00:26:05,695] {dag.py:2306} INFO - Setting next_dagrun for example_task_group_decorator to 2021-12-19 00:00:00+00:00
[2021-12-21 00:26:05,715] {scheduler_job.py:190} INFO - Processing /home/airflow/.local/lib/python3.8/site-packages/airflow/example_dags/example_task_group_decorator.py took 0.502 seconds
[2021-12-21 00:26:35,904] {scheduler_job.py:182} INFO - Started process (PID=11509) to work on /home/airflow/.local/lib/python3.8/site-packages/airflow/example_dags/example_task_group_decorator.py
[2021-12-21 00:26:35,908] {scheduler_job.py:633} INFO - Processing file /home/airflow/.local/lib/python3.8/site-packages/airflow/example_dags/example_task_group_decorator.py for tasks to queue
[2021-12-21 00:26:35,911] {logging_mixin.py:104} INFO - [2021-12-21 00:26:35,911] {dagbag.py:496} INFO - Filling up the DagBag from /home/airflow/.local/lib/python3.8/site-packages/airflow/example_dags/example_task_group_decorator.py
[2021-12-21 00:26:35,970] {scheduler_job.py:643} INFO - DAG(s) dict_keys(['example_task_group_decorator']) retrieved from /home/airflow/.local/lib/python3.8/site-packages/airflow/example_dags/example_task_group_decorator.py
[2021-12-21 00:26:36,400] {logging_mixin.py:104} INFO - [2021-12-21 00:26:36,399] {dag.py:1833} INFO - Sync 1 DAGs
[2021-12-21 00:26:36,418] {logging_mixin.py:104} INFO - [2021-12-21 00:26:36,418] {dag.py:2306} INFO - Setting next_dagrun for example_task_group_decorator to 2021-12-19 00:00:00+00:00
[2021-12-21 00:26:36,445] {scheduler_job.py:190} INFO - Processing /home/airflow/.local/lib/python3.8/site-packages/airflow/example_dags/example_task_group_decorator.py took 0.547 seconds
[2021-12-21 00:27:06,629] {scheduler_job.py:182} INFO - Started process (PID=11540) to work on /home/airflow/.local/lib/python3.8/site-packages/airflow/example_dags/example_task_group_decorator.py
[2021-12-21 00:27:06,636] {scheduler_job.py:633} INFO - Processing file /home/airflow/.local/lib/python3.8/site-packages/airflow/example_dags/example_task_group_decorator.py for tasks to queue
[2021-12-21 00:27:06,640] {logging_mixin.py:104} INFO - [2021-12-21 00:27:06,640] {dagbag.py:496} INFO - Filling up the DagBag from /home/airflow/.local/lib/python3.8/site-packages/airflow/example_dags/example_task_group_decorator.py
[2021-12-21 00:27:06,681] {scheduler_job.py:643} INFO - DAG(s) dict_keys(['example_task_group_decorator']) retrieved from /home/airflow/.local/lib/python3.8/site-packages/airflow/example_dags/example_task_group_decorator.py
[2021-12-21 00:27:07,117] {logging_mixin.py:104} INFO - [2021-12-21 00:27:07,117] {dag.py:1833} INFO - Sync 1 DAGs
[2021-12-21 00:27:07,131] {logging_mixin.py:104} INFO - [2021-12-21 00:27:07,131] {dag.py:2306} INFO - Setting next_dagrun for example_task_group_decorator to 2021-12-19 00:00:00+00:00
[2021-12-21 00:27:07,156] {scheduler_job.py:190} INFO - Processing /home/airflow/.local/lib/python3.8/site-packages/airflow/example_dags/example_task_group_decorator.py took 0.532 seconds
[2021-12-21 00:27:37,309] {scheduler_job.py:182} INFO - Started process (PID=11571) to work on /home/airflow/.local/lib/python3.8/site-packages/airflow/example_dags/example_task_group_decorator.py
[2021-12-21 00:27:37,313] {scheduler_job.py:633} INFO - Processing file /home/airflow/.local/lib/python3.8/site-packages/airflow/example_dags/example_task_group_decorator.py for tasks to queue
[2021-12-21 00:27:37,317] {logging_mixin.py:104} INFO - [2021-12-21 00:27:37,317] {dagbag.py:496} INFO - Filling up the DagBag from /home/airflow/.local/lib/python3.8/site-packages/airflow/example_dags/example_task_group_decorator.py
[2021-12-21 00:27:37,381] {scheduler_job.py:643} INFO - DAG(s) dict_keys(['example_task_group_decorator']) retrieved from /home/airflow/.local/lib/python3.8/site-packages/airflow/example_dags/example_task_group_decorator.py
[2021-12-21 00:27:37,960] {logging_mixin.py:104} INFO - [2021-12-21 00:27:37,960] {dag.py:1833} INFO - Sync 1 DAGs
[2021-12-21 00:27:37,977] {logging_mixin.py:104} INFO - [2021-12-21 00:27:37,977] {dag.py:2306} INFO - Setting next_dagrun for example_task_group_decorator to 2021-12-19 00:00:00+00:00
[2021-12-21 00:27:38,003] {scheduler_job.py:190} INFO - Processing /home/airflow/.local/lib/python3.8/site-packages/airflow/example_dags/example_task_group_decorator.py took 0.702 seconds
[2021-12-21 00:28:08,888] {scheduler_job.py:182} INFO - Started process (PID=11602) to work on /home/airflow/.local/lib/python3.8/site-packages/airflow/example_dags/example_task_group_decorator.py
[2021-12-21 00:28:08,892] {scheduler_job.py:633} INFO - Processing file /home/airflow/.local/lib/python3.8/site-packages/airflow/example_dags/example_task_group_decorator.py for tasks to queue
[2021-12-21 00:28:08,894] {logging_mixin.py:104} INFO - [2021-12-21 00:28:08,894] {dagbag.py:496} INFO - Filling up the DagBag from /home/airflow/.local/lib/python3.8/site-packages/airflow/example_dags/example_task_group_decorator.py
[2021-12-21 00:28:08,932] {scheduler_job.py:643} INFO - DAG(s) dict_keys(['example_task_group_decorator']) retrieved from /home/airflow/.local/lib/python3.8/site-packages/airflow/example_dags/example_task_group_decorator.py
[2021-12-21 00:28:09,356] {logging_mixin.py:104} INFO - [2021-12-21 00:28:09,356] {dag.py:1833} INFO - Sync 1 DAGs
[2021-12-21 00:28:09,376] {logging_mixin.py:104} INFO - [2021-12-21 00:28:09,376] {dag.py:2306} INFO - Setting next_dagrun for example_task_group_decorator to 2021-12-19 00:00:00+00:00
[2021-12-21 00:28:09,404] {scheduler_job.py:190} INFO - Processing /home/airflow/.local/lib/python3.8/site-packages/airflow/example_dags/example_task_group_decorator.py took 0.524 seconds
[2021-12-21 00:28:39,608] {scheduler_job.py:182} INFO - Started process (PID=11633) to work on /home/airflow/.local/lib/python3.8/site-packages/airflow/example_dags/example_task_group_decorator.py
[2021-12-21 00:28:39,614] {scheduler_job.py:633} INFO - Processing file /home/airflow/.local/lib/python3.8/site-packages/airflow/example_dags/example_task_group_decorator.py for tasks to queue
[2021-12-21 00:28:39,619] {logging_mixin.py:104} INFO - [2021-12-21 00:28:39,618] {dagbag.py:496} INFO - Filling up the DagBag from /home/airflow/.local/lib/python3.8/site-packages/airflow/example_dags/example_task_group_decorator.py
[2021-12-21 00:28:39,669] {scheduler_job.py:643} INFO - DAG(s) dict_keys(['example_task_group_decorator']) retrieved from /home/airflow/.local/lib/python3.8/site-packages/airflow/example_dags/example_task_group_decorator.py
[2021-12-21 00:28:40,124] {logging_mixin.py:104} INFO - [2021-12-21 00:28:40,124] {dag.py:1833} INFO - Sync 1 DAGs
[2021-12-21 00:28:40,142] {logging_mixin.py:104} INFO - [2021-12-21 00:28:40,141] {dag.py:2306} INFO - Setting next_dagrun for example_task_group_decorator to 2021-12-19 00:00:00+00:00
[2021-12-21 00:28:40,164] {scheduler_job.py:190} INFO - Processing /home/airflow/.local/lib/python3.8/site-packages/airflow/example_dags/example_task_group_decorator.py took 0.574 seconds
[2021-12-21 00:29:10,265] {scheduler_job.py:182} INFO - Started process (PID=11665) to work on /home/airflow/.local/lib/python3.8/site-packages/airflow/example_dags/example_task_group_decorator.py
[2021-12-21 00:29:10,272] {scheduler_job.py:633} INFO - Processing file /home/airflow/.local/lib/python3.8/site-packages/airflow/example_dags/example_task_group_decorator.py for tasks to queue
[2021-12-21 00:29:10,276] {logging_mixin.py:104} INFO - [2021-12-21 00:29:10,276] {dagbag.py:496} INFO - Filling up the DagBag from /home/airflow/.local/lib/python3.8/site-packages/airflow/example_dags/example_task_group_decorator.py
[2021-12-21 00:29:10,342] {scheduler_job.py:643} INFO - DAG(s) dict_keys(['example_task_group_decorator']) retrieved from /home/airflow/.local/lib/python3.8/site-packages/airflow/example_dags/example_task_group_decorator.py
[2021-12-21 00:29:10,859] {logging_mixin.py:104} INFO - [2021-12-21 00:29:10,859] {dag.py:1833} INFO - Sync 1 DAGs
[2021-12-21 00:29:10,882] {logging_mixin.py:104} INFO - [2021-12-21 00:29:10,882] {dag.py:2306} INFO - Setting next_dagrun for example_task_group_decorator to 2021-12-19 00:00:00+00:00
[2021-12-21 00:29:10,905] {scheduler_job.py:190} INFO - Processing /home/airflow/.local/lib/python3.8/site-packages/airflow/example_dags/example_task_group_decorator.py took 0.648 seconds
[2021-12-21 00:29:41,793] {scheduler_job.py:182} INFO - Started process (PID=11696) to work on /home/airflow/.local/lib/python3.8/site-packages/airflow/example_dags/example_task_group_decorator.py
[2021-12-21 00:29:41,797] {scheduler_job.py:633} INFO - Processing file /home/airflow/.local/lib/python3.8/site-packages/airflow/example_dags/example_task_group_decorator.py for tasks to queue
[2021-12-21 00:29:41,800] {logging_mixin.py:104} INFO - [2021-12-21 00:29:41,800] {dagbag.py:496} INFO - Filling up the DagBag from /home/airflow/.local/lib/python3.8/site-packages/airflow/example_dags/example_task_group_decorator.py
[2021-12-21 00:29:41,842] {scheduler_job.py:643} INFO - DAG(s) dict_keys(['example_task_group_decorator']) retrieved from /home/airflow/.local/lib/python3.8/site-packages/airflow/example_dags/example_task_group_decorator.py
[2021-12-21 00:29:42,331] {logging_mixin.py:104} INFO - [2021-12-21 00:29:42,331] {dag.py:1833} INFO - Sync 1 DAGs
[2021-12-21 00:29:42,351] {logging_mixin.py:104} INFO - [2021-12-21 00:29:42,351] {dag.py:2306} INFO - Setting next_dagrun for example_task_group_decorator to 2021-12-19 00:00:00+00:00
[2021-12-21 00:29:42,373] {scheduler_job.py:190} INFO - Processing /home/airflow/.local/lib/python3.8/site-packages/airflow/example_dags/example_task_group_decorator.py took 0.586 seconds
[2021-12-21 00:30:12,428] {scheduler_job.py:182} INFO - Started process (PID=11727) to work on /home/airflow/.local/lib/python3.8/site-packages/airflow/example_dags/example_task_group_decorator.py
[2021-12-21 00:30:12,432] {scheduler_job.py:633} INFO - Processing file /home/airflow/.local/lib/python3.8/site-packages/airflow/example_dags/example_task_group_decorator.py for tasks to queue
[2021-12-21 00:30:12,435] {logging_mixin.py:104} INFO - [2021-12-21 00:30:12,435] {dagbag.py:496} INFO - Filling up the DagBag from /home/airflow/.local/lib/python3.8/site-packages/airflow/example_dags/example_task_group_decorator.py
[2021-12-21 00:30:12,469] {scheduler_job.py:643} INFO - DAG(s) dict_keys(['example_task_group_decorator']) retrieved from /home/airflow/.local/lib/python3.8/site-packages/airflow/example_dags/example_task_group_decorator.py
[2021-12-21 00:30:13,003] {logging_mixin.py:104} INFO - [2021-12-21 00:30:13,003] {dag.py:1833} INFO - Sync 1 DAGs
[2021-12-21 00:30:13,021] {logging_mixin.py:104} INFO - [2021-12-21 00:30:13,021] {dag.py:2306} INFO - Setting next_dagrun for example_task_group_decorator to 2021-12-19 00:00:00+00:00
[2021-12-21 00:30:13,043] {scheduler_job.py:190} INFO - Processing /home/airflow/.local/lib/python3.8/site-packages/airflow/example_dags/example_task_group_decorator.py took 0.619 seconds
[2021-12-21 00:30:43,543] {scheduler_job.py:182} INFO - Started process (PID=11758) to work on /home/airflow/.local/lib/python3.8/site-packages/airflow/example_dags/example_task_group_decorator.py
[2021-12-21 00:30:43,549] {scheduler_job.py:633} INFO - Processing file /home/airflow/.local/lib/python3.8/site-packages/airflow/example_dags/example_task_group_decorator.py for tasks to queue
[2021-12-21 00:30:43,552] {logging_mixin.py:104} INFO - [2021-12-21 00:30:43,551] {dagbag.py:496} INFO - Filling up the DagBag from /home/airflow/.local/lib/python3.8/site-packages/airflow/example_dags/example_task_group_decorator.py
[2021-12-21 00:30:43,589] {scheduler_job.py:643} INFO - DAG(s) dict_keys(['example_task_group_decorator']) retrieved from /home/airflow/.local/lib/python3.8/site-packages/airflow/example_dags/example_task_group_decorator.py
[2021-12-21 00:30:44,185] {logging_mixin.py:104} INFO - [2021-12-21 00:30:44,184] {dag.py:1833} INFO - Sync 1 DAGs
[2021-12-21 00:30:44,205] {logging_mixin.py:104} INFO - [2021-12-21 00:30:44,204] {dag.py:2306} INFO - Setting next_dagrun for example_task_group_decorator to 2021-12-19 00:00:00+00:00
[2021-12-21 00:30:44,223] {scheduler_job.py:190} INFO - Processing /home/airflow/.local/lib/python3.8/site-packages/airflow/example_dags/example_task_group_decorator.py took 0.687 seconds
[2021-12-21 00:39:16,608] {scheduler_job.py:182} INFO - Started process (PID=11767) to work on /home/airflow/.local/lib/python3.8/site-packages/airflow/example_dags/example_task_group_decorator.py
[2021-12-21 00:39:16,641] {scheduler_job.py:633} INFO - Processing file /home/airflow/.local/lib/python3.8/site-packages/airflow/example_dags/example_task_group_decorator.py for tasks to queue
[2021-12-21 00:39:16,659] {logging_mixin.py:104} INFO - [2021-12-21 00:39:16,652] {dagbag.py:496} INFO - Filling up the DagBag from /home/airflow/.local/lib/python3.8/site-packages/airflow/example_dags/example_task_group_decorator.py
[2021-12-21 00:39:17,014] {scheduler_job.py:643} INFO - DAG(s) dict_keys(['example_task_group_decorator']) retrieved from /home/airflow/.local/lib/python3.8/site-packages/airflow/example_dags/example_task_group_decorator.py
[2021-12-21 00:39:20,434] {logging_mixin.py:104} INFO - [2021-12-21 00:39:20,434] {dag.py:1833} INFO - Sync 1 DAGs
[2021-12-21 00:39:20,467] {logging_mixin.py:104} INFO - [2021-12-21 00:39:20,467] {dag.py:2306} INFO - Setting next_dagrun for example_task_group_decorator to 2021-12-19 00:00:00+00:00
[2021-12-21 00:39:20,506] {scheduler_job.py:190} INFO - Processing /home/airflow/.local/lib/python3.8/site-packages/airflow/example_dags/example_task_group_decorator.py took 3.962 seconds
[2021-12-21 00:39:50,998] {scheduler_job.py:182} INFO - Started process (PID=11800) to work on /home/airflow/.local/lib/python3.8/site-packages/airflow/example_dags/example_task_group_decorator.py
[2021-12-21 00:39:51,016] {scheduler_job.py:633} INFO - Processing file /home/airflow/.local/lib/python3.8/site-packages/airflow/example_dags/example_task_group_decorator.py for tasks to queue
[2021-12-21 00:39:51,024] {logging_mixin.py:104} INFO - [2021-12-21 00:39:51,024] {dagbag.py:496} INFO - Filling up the DagBag from /home/airflow/.local/lib/python3.8/site-packages/airflow/example_dags/example_task_group_decorator.py
[2021-12-21 00:39:51,267] {scheduler_job.py:643} INFO - DAG(s) dict_keys(['example_task_group_decorator']) retrieved from /home/airflow/.local/lib/python3.8/site-packages/airflow/example_dags/example_task_group_decorator.py
[2021-12-21 00:39:52,571] {logging_mixin.py:104} INFO - [2021-12-21 00:39:52,571] {dag.py:1833} INFO - Sync 1 DAGs
[2021-12-21 00:39:52,616] {logging_mixin.py:104} INFO - [2021-12-21 00:39:52,616] {dag.py:2306} INFO - Setting next_dagrun for example_task_group_decorator to 2021-12-19 00:00:00+00:00
[2021-12-21 00:39:52,677] {scheduler_job.py:190} INFO - Processing /home/airflow/.local/lib/python3.8/site-packages/airflow/example_dags/example_task_group_decorator.py took 1.689 seconds
[2021-12-21 00:56:26,153] {scheduler_job.py:182} INFO - Started process (PID=11829) to work on /home/airflow/.local/lib/python3.8/site-packages/airflow/example_dags/example_task_group_decorator.py
[2021-12-21 00:56:26,190] {scheduler_job.py:633} INFO - Processing file /home/airflow/.local/lib/python3.8/site-packages/airflow/example_dags/example_task_group_decorator.py for tasks to queue
[2021-12-21 00:56:26,206] {logging_mixin.py:104} INFO - [2021-12-21 00:56:26,206] {dagbag.py:496} INFO - Filling up the DagBag from /home/airflow/.local/lib/python3.8/site-packages/airflow/example_dags/example_task_group_decorator.py
[2021-12-21 00:56:27,209] {scheduler_job.py:643} INFO - DAG(s) dict_keys(['example_task_group_decorator']) retrieved from /home/airflow/.local/lib/python3.8/site-packages/airflow/example_dags/example_task_group_decorator.py
[2021-12-21 00:56:31,771] {logging_mixin.py:104} INFO - [2021-12-21 00:56:31,769] {dag.py:1833} INFO - Sync 1 DAGs
[2021-12-21 00:56:31,811] {logging_mixin.py:104} INFO - [2021-12-21 00:56:31,811] {dag.py:2306} INFO - Setting next_dagrun for example_task_group_decorator to 2021-12-19 00:00:00+00:00
[2021-12-21 00:56:31,849] {scheduler_job.py:190} INFO - Processing /home/airflow/.local/lib/python3.8/site-packages/airflow/example_dags/example_task_group_decorator.py took 5.765 seconds
