[2021-12-21 00:00:13,735] {scheduler_job.py:182} INFO - Started process (PID=9902) to work on /home/airflow/.local/lib/python3.8/site-packages/airflow/example_dags/example_xcomargs.py
[2021-12-21 00:00:13,739] {scheduler_job.py:633} INFO - Processing file /home/airflow/.local/lib/python3.8/site-packages/airflow/example_dags/example_xcomargs.py for tasks to queue
[2021-12-21 00:00:13,741] {logging_mixin.py:104} INFO - [2021-12-21 00:00:13,741] {dagbag.py:496} INFO - Filling up the DagBag from /home/airflow/.local/lib/python3.8/site-packages/airflow/example_dags/example_xcomargs.py
[2021-12-21 00:00:13,777] {scheduler_job.py:643} INFO - DAG(s) dict_keys(['example_xcom_args', 'example_xcom_args_with_operators']) retrieved from /home/airflow/.local/lib/python3.8/site-packages/airflow/example_dags/example_xcomargs.py
[2021-12-21 00:00:14,416] {logging_mixin.py:104} INFO - [2021-12-21 00:00:14,416] {dag.py:1833} INFO - Sync 2 DAGs
[2021-12-21 00:00:14,429] {logging_mixin.py:104} INFO - [2021-12-21 00:00:14,429] {dag.py:2306} INFO - Setting next_dagrun for example_xcom_args to None
[2021-12-21 00:00:14,432] {logging_mixin.py:104} INFO - [2021-12-21 00:00:14,431] {dag.py:2306} INFO - Setting next_dagrun for example_xcom_args_with_operators to None
[2021-12-21 00:00:14,460] {scheduler_job.py:190} INFO - Processing /home/airflow/.local/lib/python3.8/site-packages/airflow/example_dags/example_xcomargs.py took 0.733 seconds
[2021-12-21 00:00:45,172] {scheduler_job.py:182} INFO - Started process (PID=9934) to work on /home/airflow/.local/lib/python3.8/site-packages/airflow/example_dags/example_xcomargs.py
[2021-12-21 00:00:45,184] {scheduler_job.py:633} INFO - Processing file /home/airflow/.local/lib/python3.8/site-packages/airflow/example_dags/example_xcomargs.py for tasks to queue
[2021-12-21 00:00:45,188] {logging_mixin.py:104} INFO - [2021-12-21 00:00:45,187] {dagbag.py:496} INFO - Filling up the DagBag from /home/airflow/.local/lib/python3.8/site-packages/airflow/example_dags/example_xcomargs.py
[2021-12-21 00:00:45,234] {scheduler_job.py:643} INFO - DAG(s) dict_keys(['example_xcom_args', 'example_xcom_args_with_operators']) retrieved from /home/airflow/.local/lib/python3.8/site-packages/airflow/example_dags/example_xcomargs.py
[2021-12-21 00:00:46,346] {logging_mixin.py:104} INFO - [2021-12-21 00:00:46,346] {dag.py:1833} INFO - Sync 2 DAGs
[2021-12-21 00:00:46,367] {logging_mixin.py:104} INFO - [2021-12-21 00:00:46,366] {dag.py:2306} INFO - Setting next_dagrun for example_xcom_args to None
[2021-12-21 00:00:46,369] {logging_mixin.py:104} INFO - [2021-12-21 00:00:46,369] {dag.py:2306} INFO - Setting next_dagrun for example_xcom_args_with_operators to None
[2021-12-21 00:00:46,402] {scheduler_job.py:190} INFO - Processing /home/airflow/.local/lib/python3.8/site-packages/airflow/example_dags/example_xcomargs.py took 1.244 seconds
[2021-12-21 00:01:16,529] {scheduler_job.py:182} INFO - Started process (PID=9965) to work on /home/airflow/.local/lib/python3.8/site-packages/airflow/example_dags/example_xcomargs.py
[2021-12-21 00:01:16,538] {scheduler_job.py:633} INFO - Processing file /home/airflow/.local/lib/python3.8/site-packages/airflow/example_dags/example_xcomargs.py for tasks to queue
[2021-12-21 00:01:16,542] {logging_mixin.py:104} INFO - [2021-12-21 00:01:16,542] {dagbag.py:496} INFO - Filling up the DagBag from /home/airflow/.local/lib/python3.8/site-packages/airflow/example_dags/example_xcomargs.py
[2021-12-21 00:01:16,599] {scheduler_job.py:643} INFO - DAG(s) dict_keys(['example_xcom_args', 'example_xcom_args_with_operators']) retrieved from /home/airflow/.local/lib/python3.8/site-packages/airflow/example_dags/example_xcomargs.py
[2021-12-21 00:01:17,066] {logging_mixin.py:104} INFO - [2021-12-21 00:01:17,066] {dag.py:1833} INFO - Sync 2 DAGs
[2021-12-21 00:01:17,083] {logging_mixin.py:104} INFO - [2021-12-21 00:01:17,083] {dag.py:2306} INFO - Setting next_dagrun for example_xcom_args to None
[2021-12-21 00:01:17,086] {logging_mixin.py:104} INFO - [2021-12-21 00:01:17,085] {dag.py:2306} INFO - Setting next_dagrun for example_xcom_args_with_operators to None
[2021-12-21 00:01:17,111] {scheduler_job.py:190} INFO - Processing /home/airflow/.local/lib/python3.8/site-packages/airflow/example_dags/example_xcomargs.py took 0.590 seconds
[2021-12-21 00:01:47,402] {scheduler_job.py:182} INFO - Started process (PID=9996) to work on /home/airflow/.local/lib/python3.8/site-packages/airflow/example_dags/example_xcomargs.py
[2021-12-21 00:01:47,406] {scheduler_job.py:633} INFO - Processing file /home/airflow/.local/lib/python3.8/site-packages/airflow/example_dags/example_xcomargs.py for tasks to queue
[2021-12-21 00:01:47,408] {logging_mixin.py:104} INFO - [2021-12-21 00:01:47,408] {dagbag.py:496} INFO - Filling up the DagBag from /home/airflow/.local/lib/python3.8/site-packages/airflow/example_dags/example_xcomargs.py
[2021-12-21 00:01:47,438] {scheduler_job.py:643} INFO - DAG(s) dict_keys(['example_xcom_args', 'example_xcom_args_with_operators']) retrieved from /home/airflow/.local/lib/python3.8/site-packages/airflow/example_dags/example_xcomargs.py
[2021-12-21 00:01:47,849] {logging_mixin.py:104} INFO - [2021-12-21 00:01:47,849] {dag.py:1833} INFO - Sync 2 DAGs
[2021-12-21 00:01:47,867] {logging_mixin.py:104} INFO - [2021-12-21 00:01:47,867] {dag.py:2306} INFO - Setting next_dagrun for example_xcom_args to None
[2021-12-21 00:01:47,870] {logging_mixin.py:104} INFO - [2021-12-21 00:01:47,870] {dag.py:2306} INFO - Setting next_dagrun for example_xcom_args_with_operators to None
[2021-12-21 00:01:47,891] {scheduler_job.py:190} INFO - Processing /home/airflow/.local/lib/python3.8/site-packages/airflow/example_dags/example_xcomargs.py took 0.495 seconds
[2021-12-21 00:02:18,112] {scheduler_job.py:182} INFO - Started process (PID=10027) to work on /home/airflow/.local/lib/python3.8/site-packages/airflow/example_dags/example_xcomargs.py
[2021-12-21 00:02:18,119] {scheduler_job.py:633} INFO - Processing file /home/airflow/.local/lib/python3.8/site-packages/airflow/example_dags/example_xcomargs.py for tasks to queue
[2021-12-21 00:02:18,123] {logging_mixin.py:104} INFO - [2021-12-21 00:02:18,122] {dagbag.py:496} INFO - Filling up the DagBag from /home/airflow/.local/lib/python3.8/site-packages/airflow/example_dags/example_xcomargs.py
[2021-12-21 00:02:18,166] {scheduler_job.py:643} INFO - DAG(s) dict_keys(['example_xcom_args', 'example_xcom_args_with_operators']) retrieved from /home/airflow/.local/lib/python3.8/site-packages/airflow/example_dags/example_xcomargs.py
[2021-12-21 00:02:18,674] {logging_mixin.py:104} INFO - [2021-12-21 00:02:18,674] {dag.py:1833} INFO - Sync 2 DAGs
[2021-12-21 00:02:18,688] {logging_mixin.py:104} INFO - [2021-12-21 00:02:18,688] {dag.py:2306} INFO - Setting next_dagrun for example_xcom_args to None
[2021-12-21 00:02:18,690] {logging_mixin.py:104} INFO - [2021-12-21 00:02:18,690] {dag.py:2306} INFO - Setting next_dagrun for example_xcom_args_with_operators to None
[2021-12-21 00:02:18,710] {scheduler_job.py:190} INFO - Processing /home/airflow/.local/lib/python3.8/site-packages/airflow/example_dags/example_xcomargs.py took 0.608 seconds
[2021-12-21 00:02:49,323] {scheduler_job.py:182} INFO - Started process (PID=10058) to work on /home/airflow/.local/lib/python3.8/site-packages/airflow/example_dags/example_xcomargs.py
[2021-12-21 00:02:49,327] {scheduler_job.py:633} INFO - Processing file /home/airflow/.local/lib/python3.8/site-packages/airflow/example_dags/example_xcomargs.py for tasks to queue
[2021-12-21 00:02:49,330] {logging_mixin.py:104} INFO - [2021-12-21 00:02:49,330] {dagbag.py:496} INFO - Filling up the DagBag from /home/airflow/.local/lib/python3.8/site-packages/airflow/example_dags/example_xcomargs.py
[2021-12-21 00:02:49,358] {scheduler_job.py:643} INFO - DAG(s) dict_keys(['example_xcom_args', 'example_xcom_args_with_operators']) retrieved from /home/airflow/.local/lib/python3.8/site-packages/airflow/example_dags/example_xcomargs.py
[2021-12-21 00:02:49,816] {logging_mixin.py:104} INFO - [2021-12-21 00:02:49,816] {dag.py:1833} INFO - Sync 2 DAGs
[2021-12-21 00:02:49,832] {logging_mixin.py:104} INFO - [2021-12-21 00:02:49,832] {dag.py:2306} INFO - Setting next_dagrun for example_xcom_args to None
[2021-12-21 00:02:49,836] {logging_mixin.py:104} INFO - [2021-12-21 00:02:49,836] {dag.py:2306} INFO - Setting next_dagrun for example_xcom_args_with_operators to None
[2021-12-21 00:02:49,858] {scheduler_job.py:190} INFO - Processing /home/airflow/.local/lib/python3.8/site-packages/airflow/example_dags/example_xcomargs.py took 0.546 seconds
[2021-12-21 00:03:20,577] {scheduler_job.py:182} INFO - Started process (PID=10089) to work on /home/airflow/.local/lib/python3.8/site-packages/airflow/example_dags/example_xcomargs.py
[2021-12-21 00:03:20,581] {scheduler_job.py:633} INFO - Processing file /home/airflow/.local/lib/python3.8/site-packages/airflow/example_dags/example_xcomargs.py for tasks to queue
[2021-12-21 00:03:20,584] {logging_mixin.py:104} INFO - [2021-12-21 00:03:20,584] {dagbag.py:496} INFO - Filling up the DagBag from /home/airflow/.local/lib/python3.8/site-packages/airflow/example_dags/example_xcomargs.py
[2021-12-21 00:03:20,617] {scheduler_job.py:643} INFO - DAG(s) dict_keys(['example_xcom_args', 'example_xcom_args_with_operators']) retrieved from /home/airflow/.local/lib/python3.8/site-packages/airflow/example_dags/example_xcomargs.py
[2021-12-21 00:03:20,680] {logging_mixin.py:104} INFO - [2021-12-21 00:03:20,680] {dag.py:1833} INFO - Sync 2 DAGs
[2021-12-21 00:03:20,713] {logging_mixin.py:104} INFO - [2021-12-21 00:03:20,713] {dag.py:2306} INFO - Setting next_dagrun for example_xcom_args to None
[2021-12-21 00:03:20,718] {logging_mixin.py:104} INFO - [2021-12-21 00:03:20,717] {dag.py:2306} INFO - Setting next_dagrun for example_xcom_args_with_operators to None
[2021-12-21 00:03:20,748] {scheduler_job.py:190} INFO - Processing /home/airflow/.local/lib/python3.8/site-packages/airflow/example_dags/example_xcomargs.py took 0.177 seconds
[2021-12-21 00:03:51,288] {scheduler_job.py:182} INFO - Started process (PID=10119) to work on /home/airflow/.local/lib/python3.8/site-packages/airflow/example_dags/example_xcomargs.py
[2021-12-21 00:03:51,291] {scheduler_job.py:633} INFO - Processing file /home/airflow/.local/lib/python3.8/site-packages/airflow/example_dags/example_xcomargs.py for tasks to queue
[2021-12-21 00:03:51,295] {logging_mixin.py:104} INFO - [2021-12-21 00:03:51,295] {dagbag.py:496} INFO - Filling up the DagBag from /home/airflow/.local/lib/python3.8/site-packages/airflow/example_dags/example_xcomargs.py
[2021-12-21 00:03:51,333] {scheduler_job.py:643} INFO - DAG(s) dict_keys(['example_xcom_args', 'example_xcom_args_with_operators']) retrieved from /home/airflow/.local/lib/python3.8/site-packages/airflow/example_dags/example_xcomargs.py
[2021-12-21 00:03:51,991] {logging_mixin.py:104} INFO - [2021-12-21 00:03:51,991] {dag.py:1833} INFO - Sync 2 DAGs
[2021-12-21 00:03:52,011] {logging_mixin.py:104} INFO - [2021-12-21 00:03:52,011] {dag.py:2306} INFO - Setting next_dagrun for example_xcom_args to None
[2021-12-21 00:03:52,016] {logging_mixin.py:104} INFO - [2021-12-21 00:03:52,016] {dag.py:2306} INFO - Setting next_dagrun for example_xcom_args_with_operators to None
[2021-12-21 00:03:52,062] {scheduler_job.py:190} INFO - Processing /home/airflow/.local/lib/python3.8/site-packages/airflow/example_dags/example_xcomargs.py took 0.779 seconds
[2021-12-21 00:04:22,684] {scheduler_job.py:182} INFO - Started process (PID=10152) to work on /home/airflow/.local/lib/python3.8/site-packages/airflow/example_dags/example_xcomargs.py
[2021-12-21 00:04:22,687] {scheduler_job.py:633} INFO - Processing file /home/airflow/.local/lib/python3.8/site-packages/airflow/example_dags/example_xcomargs.py for tasks to queue
[2021-12-21 00:04:22,691] {logging_mixin.py:104} INFO - [2021-12-21 00:04:22,691] {dagbag.py:496} INFO - Filling up the DagBag from /home/airflow/.local/lib/python3.8/site-packages/airflow/example_dags/example_xcomargs.py
[2021-12-21 00:04:22,724] {scheduler_job.py:643} INFO - DAG(s) dict_keys(['example_xcom_args', 'example_xcom_args_with_operators']) retrieved from /home/airflow/.local/lib/python3.8/site-packages/airflow/example_dags/example_xcomargs.py
[2021-12-21 00:04:23,180] {logging_mixin.py:104} INFO - [2021-12-21 00:04:23,179] {dag.py:1833} INFO - Sync 2 DAGs
[2021-12-21 00:04:23,195] {logging_mixin.py:104} INFO - [2021-12-21 00:04:23,195] {dag.py:2306} INFO - Setting next_dagrun for example_xcom_args to None
[2021-12-21 00:04:23,197] {logging_mixin.py:104} INFO - [2021-12-21 00:04:23,197] {dag.py:2306} INFO - Setting next_dagrun for example_xcom_args_with_operators to None
[2021-12-21 00:04:23,218] {scheduler_job.py:190} INFO - Processing /home/airflow/.local/lib/python3.8/site-packages/airflow/example_dags/example_xcomargs.py took 0.544 seconds
[2021-12-21 00:04:54,049] {scheduler_job.py:182} INFO - Started process (PID=10183) to work on /home/airflow/.local/lib/python3.8/site-packages/airflow/example_dags/example_xcomargs.py
[2021-12-21 00:04:54,057] {scheduler_job.py:633} INFO - Processing file /home/airflow/.local/lib/python3.8/site-packages/airflow/example_dags/example_xcomargs.py for tasks to queue
[2021-12-21 00:04:54,063] {logging_mixin.py:104} INFO - [2021-12-21 00:04:54,062] {dagbag.py:496} INFO - Filling up the DagBag from /home/airflow/.local/lib/python3.8/site-packages/airflow/example_dags/example_xcomargs.py
[2021-12-21 00:04:54,107] {scheduler_job.py:643} INFO - DAG(s) dict_keys(['example_xcom_args', 'example_xcom_args_with_operators']) retrieved from /home/airflow/.local/lib/python3.8/site-packages/airflow/example_dags/example_xcomargs.py
[2021-12-21 00:04:54,171] {logging_mixin.py:104} INFO - [2021-12-21 00:04:54,171] {dag.py:1833} INFO - Sync 2 DAGs
[2021-12-21 00:04:54,197] {logging_mixin.py:104} INFO - [2021-12-21 00:04:54,197] {dag.py:2306} INFO - Setting next_dagrun for example_xcom_args to None
[2021-12-21 00:04:54,204] {logging_mixin.py:104} INFO - [2021-12-21 00:04:54,204] {dag.py:2306} INFO - Setting next_dagrun for example_xcom_args_with_operators to None
[2021-12-21 00:04:54,236] {scheduler_job.py:190} INFO - Processing /home/airflow/.local/lib/python3.8/site-packages/airflow/example_dags/example_xcomargs.py took 0.196 seconds
[2021-12-21 00:05:24,334] {scheduler_job.py:182} INFO - Started process (PID=10213) to work on /home/airflow/.local/lib/python3.8/site-packages/airflow/example_dags/example_xcomargs.py
[2021-12-21 00:05:24,339] {scheduler_job.py:633} INFO - Processing file /home/airflow/.local/lib/python3.8/site-packages/airflow/example_dags/example_xcomargs.py for tasks to queue
[2021-12-21 00:05:24,342] {logging_mixin.py:104} INFO - [2021-12-21 00:05:24,342] {dagbag.py:496} INFO - Filling up the DagBag from /home/airflow/.local/lib/python3.8/site-packages/airflow/example_dags/example_xcomargs.py
[2021-12-21 00:05:24,367] {scheduler_job.py:643} INFO - DAG(s) dict_keys(['example_xcom_args', 'example_xcom_args_with_operators']) retrieved from /home/airflow/.local/lib/python3.8/site-packages/airflow/example_dags/example_xcomargs.py
[2021-12-21 00:05:24,732] {logging_mixin.py:104} INFO - [2021-12-21 00:05:24,732] {dag.py:1833} INFO - Sync 2 DAGs
[2021-12-21 00:05:24,745] {logging_mixin.py:104} INFO - [2021-12-21 00:05:24,745] {dag.py:2306} INFO - Setting next_dagrun for example_xcom_args to None
[2021-12-21 00:05:24,748] {logging_mixin.py:104} INFO - [2021-12-21 00:05:24,748] {dag.py:2306} INFO - Setting next_dagrun for example_xcom_args_with_operators to None
[2021-12-21 00:05:24,775] {scheduler_job.py:190} INFO - Processing /home/airflow/.local/lib/python3.8/site-packages/airflow/example_dags/example_xcomargs.py took 0.448 seconds
[2021-12-21 00:05:54,954] {scheduler_job.py:182} INFO - Started process (PID=10244) to work on /home/airflow/.local/lib/python3.8/site-packages/airflow/example_dags/example_xcomargs.py
[2021-12-21 00:05:54,958] {scheduler_job.py:633} INFO - Processing file /home/airflow/.local/lib/python3.8/site-packages/airflow/example_dags/example_xcomargs.py for tasks to queue
[2021-12-21 00:05:54,960] {logging_mixin.py:104} INFO - [2021-12-21 00:05:54,960] {dagbag.py:496} INFO - Filling up the DagBag from /home/airflow/.local/lib/python3.8/site-packages/airflow/example_dags/example_xcomargs.py
[2021-12-21 00:05:54,989] {scheduler_job.py:643} INFO - DAG(s) dict_keys(['example_xcom_args', 'example_xcom_args_with_operators']) retrieved from /home/airflow/.local/lib/python3.8/site-packages/airflow/example_dags/example_xcomargs.py
[2021-12-21 00:05:55,394] {logging_mixin.py:104} INFO - [2021-12-21 00:05:55,393] {dag.py:1833} INFO - Sync 2 DAGs
[2021-12-21 00:05:55,407] {logging_mixin.py:104} INFO - [2021-12-21 00:05:55,407] {dag.py:2306} INFO - Setting next_dagrun for example_xcom_args to None
[2021-12-21 00:05:55,410] {logging_mixin.py:104} INFO - [2021-12-21 00:05:55,410] {dag.py:2306} INFO - Setting next_dagrun for example_xcom_args_with_operators to None
[2021-12-21 00:05:55,428] {scheduler_job.py:190} INFO - Processing /home/airflow/.local/lib/python3.8/site-packages/airflow/example_dags/example_xcomargs.py took 0.479 seconds
[2021-12-21 00:06:26,270] {scheduler_job.py:182} INFO - Started process (PID=10275) to work on /home/airflow/.local/lib/python3.8/site-packages/airflow/example_dags/example_xcomargs.py
[2021-12-21 00:06:26,274] {scheduler_job.py:633} INFO - Processing file /home/airflow/.local/lib/python3.8/site-packages/airflow/example_dags/example_xcomargs.py for tasks to queue
[2021-12-21 00:06:26,283] {logging_mixin.py:104} INFO - [2021-12-21 00:06:26,282] {dagbag.py:496} INFO - Filling up the DagBag from /home/airflow/.local/lib/python3.8/site-packages/airflow/example_dags/example_xcomargs.py
[2021-12-21 00:06:26,335] {scheduler_job.py:643} INFO - DAG(s) dict_keys(['example_xcom_args', 'example_xcom_args_with_operators']) retrieved from /home/airflow/.local/lib/python3.8/site-packages/airflow/example_dags/example_xcomargs.py
[2021-12-21 00:06:26,396] {logging_mixin.py:104} INFO - [2021-12-21 00:06:26,396] {dag.py:1833} INFO - Sync 2 DAGs
[2021-12-21 00:06:26,413] {logging_mixin.py:104} INFO - [2021-12-21 00:06:26,413] {dag.py:2306} INFO - Setting next_dagrun for example_xcom_args to None
[2021-12-21 00:06:26,416] {logging_mixin.py:104} INFO - [2021-12-21 00:06:26,416] {dag.py:2306} INFO - Setting next_dagrun for example_xcom_args_with_operators to None
[2021-12-21 00:06:26,438] {scheduler_job.py:190} INFO - Processing /home/airflow/.local/lib/python3.8/site-packages/airflow/example_dags/example_xcomargs.py took 0.174 seconds
[2021-12-21 00:06:56,726] {scheduler_job.py:182} INFO - Started process (PID=10306) to work on /home/airflow/.local/lib/python3.8/site-packages/airflow/example_dags/example_xcomargs.py
[2021-12-21 00:06:56,734] {scheduler_job.py:633} INFO - Processing file /home/airflow/.local/lib/python3.8/site-packages/airflow/example_dags/example_xcomargs.py for tasks to queue
[2021-12-21 00:06:56,738] {logging_mixin.py:104} INFO - [2021-12-21 00:06:56,737] {dagbag.py:496} INFO - Filling up the DagBag from /home/airflow/.local/lib/python3.8/site-packages/airflow/example_dags/example_xcomargs.py
[2021-12-21 00:06:56,779] {scheduler_job.py:643} INFO - DAG(s) dict_keys(['example_xcom_args', 'example_xcom_args_with_operators']) retrieved from /home/airflow/.local/lib/python3.8/site-packages/airflow/example_dags/example_xcomargs.py
[2021-12-21 00:06:57,369] {logging_mixin.py:104} INFO - [2021-12-21 00:06:57,368] {dag.py:1833} INFO - Sync 2 DAGs
[2021-12-21 00:06:57,391] {logging_mixin.py:104} INFO - [2021-12-21 00:06:57,391] {dag.py:2306} INFO - Setting next_dagrun for example_xcom_args to None
[2021-12-21 00:06:57,395] {logging_mixin.py:104} INFO - [2021-12-21 00:06:57,395] {dag.py:2306} INFO - Setting next_dagrun for example_xcom_args_with_operators to None
[2021-12-21 00:06:57,418] {scheduler_job.py:190} INFO - Processing /home/airflow/.local/lib/python3.8/site-packages/airflow/example_dags/example_xcomargs.py took 0.740 seconds
[2021-12-21 00:07:28,798] {scheduler_job.py:182} INFO - Started process (PID=10343) to work on /home/airflow/.local/lib/python3.8/site-packages/airflow/example_dags/example_xcomargs.py
[2021-12-21 00:07:28,813] {scheduler_job.py:633} INFO - Processing file /home/airflow/.local/lib/python3.8/site-packages/airflow/example_dags/example_xcomargs.py for tasks to queue
[2021-12-21 00:07:28,817] {logging_mixin.py:104} INFO - [2021-12-21 00:07:28,817] {dagbag.py:496} INFO - Filling up the DagBag from /home/airflow/.local/lib/python3.8/site-packages/airflow/example_dags/example_xcomargs.py
[2021-12-21 00:07:28,865] {scheduler_job.py:643} INFO - DAG(s) dict_keys(['example_xcom_args', 'example_xcom_args_with_operators']) retrieved from /home/airflow/.local/lib/python3.8/site-packages/airflow/example_dags/example_xcomargs.py
[2021-12-21 00:07:29,309] {logging_mixin.py:104} INFO - [2021-12-21 00:07:29,309] {dag.py:1833} INFO - Sync 2 DAGs
[2021-12-21 00:07:29,329] {logging_mixin.py:104} INFO - [2021-12-21 00:07:29,329] {dag.py:2306} INFO - Setting next_dagrun for example_xcom_args to None
[2021-12-21 00:07:29,332] {logging_mixin.py:104} INFO - [2021-12-21 00:07:29,332] {dag.py:2306} INFO - Setting next_dagrun for example_xcom_args_with_operators to None
[2021-12-21 00:07:29,359] {scheduler_job.py:190} INFO - Processing /home/airflow/.local/lib/python3.8/site-packages/airflow/example_dags/example_xcomargs.py took 0.576 seconds
[2021-12-21 00:07:59,619] {scheduler_job.py:182} INFO - Started process (PID=10374) to work on /home/airflow/.local/lib/python3.8/site-packages/airflow/example_dags/example_xcomargs.py
[2021-12-21 00:07:59,627] {scheduler_job.py:633} INFO - Processing file /home/airflow/.local/lib/python3.8/site-packages/airflow/example_dags/example_xcomargs.py for tasks to queue
[2021-12-21 00:07:59,631] {logging_mixin.py:104} INFO - [2021-12-21 00:07:59,630] {dagbag.py:496} INFO - Filling up the DagBag from /home/airflow/.local/lib/python3.8/site-packages/airflow/example_dags/example_xcomargs.py
[2021-12-21 00:07:59,657] {scheduler_job.py:643} INFO - DAG(s) dict_keys(['example_xcom_args', 'example_xcom_args_with_operators']) retrieved from /home/airflow/.local/lib/python3.8/site-packages/airflow/example_dags/example_xcomargs.py
[2021-12-21 00:08:00,043] {logging_mixin.py:104} INFO - [2021-12-21 00:08:00,042] {dag.py:1833} INFO - Sync 2 DAGs
[2021-12-21 00:08:00,059] {logging_mixin.py:104} INFO - [2021-12-21 00:08:00,059] {dag.py:2306} INFO - Setting next_dagrun for example_xcom_args to None
[2021-12-21 00:08:00,063] {logging_mixin.py:104} INFO - [2021-12-21 00:08:00,063] {dag.py:2306} INFO - Setting next_dagrun for example_xcom_args_with_operators to None
[2021-12-21 00:08:00,101] {scheduler_job.py:190} INFO - Processing /home/airflow/.local/lib/python3.8/site-packages/airflow/example_dags/example_xcomargs.py took 0.493 seconds
[2021-12-21 00:08:30,197] {scheduler_job.py:182} INFO - Started process (PID=10405) to work on /home/airflow/.local/lib/python3.8/site-packages/airflow/example_dags/example_xcomargs.py
[2021-12-21 00:08:30,201] {scheduler_job.py:633} INFO - Processing file /home/airflow/.local/lib/python3.8/site-packages/airflow/example_dags/example_xcomargs.py for tasks to queue
[2021-12-21 00:08:30,204] {logging_mixin.py:104} INFO - [2021-12-21 00:08:30,204] {dagbag.py:496} INFO - Filling up the DagBag from /home/airflow/.local/lib/python3.8/site-packages/airflow/example_dags/example_xcomargs.py
[2021-12-21 00:08:30,258] {scheduler_job.py:643} INFO - DAG(s) dict_keys(['example_xcom_args', 'example_xcom_args_with_operators']) retrieved from /home/airflow/.local/lib/python3.8/site-packages/airflow/example_dags/example_xcomargs.py
[2021-12-21 00:08:30,938] {logging_mixin.py:104} INFO - [2021-12-21 00:08:30,937] {dag.py:1833} INFO - Sync 2 DAGs
[2021-12-21 00:08:30,966] {logging_mixin.py:104} INFO - [2021-12-21 00:08:30,966] {dag.py:2306} INFO - Setting next_dagrun for example_xcom_args to None
[2021-12-21 00:08:30,971] {logging_mixin.py:104} INFO - [2021-12-21 00:08:30,971] {dag.py:2306} INFO - Setting next_dagrun for example_xcom_args_with_operators to None
[2021-12-21 00:08:31,017] {scheduler_job.py:190} INFO - Processing /home/airflow/.local/lib/python3.8/site-packages/airflow/example_dags/example_xcomargs.py took 0.825 seconds
[2021-12-21 00:09:01,532] {scheduler_job.py:182} INFO - Started process (PID=10436) to work on /home/airflow/.local/lib/python3.8/site-packages/airflow/example_dags/example_xcomargs.py
[2021-12-21 00:09:01,539] {scheduler_job.py:633} INFO - Processing file /home/airflow/.local/lib/python3.8/site-packages/airflow/example_dags/example_xcomargs.py for tasks to queue
[2021-12-21 00:09:01,544] {logging_mixin.py:104} INFO - [2021-12-21 00:09:01,543] {dagbag.py:496} INFO - Filling up the DagBag from /home/airflow/.local/lib/python3.8/site-packages/airflow/example_dags/example_xcomargs.py
[2021-12-21 00:09:01,598] {scheduler_job.py:643} INFO - DAG(s) dict_keys(['example_xcom_args', 'example_xcom_args_with_operators']) retrieved from /home/airflow/.local/lib/python3.8/site-packages/airflow/example_dags/example_xcomargs.py
[2021-12-21 00:09:01,673] {logging_mixin.py:104} INFO - [2021-12-21 00:09:01,672] {dag.py:1833} INFO - Sync 2 DAGs
[2021-12-21 00:09:01,700] {logging_mixin.py:104} INFO - [2021-12-21 00:09:01,700] {dag.py:2306} INFO - Setting next_dagrun for example_xcom_args to None
[2021-12-21 00:09:01,704] {logging_mixin.py:104} INFO - [2021-12-21 00:09:01,704] {dag.py:2306} INFO - Setting next_dagrun for example_xcom_args_with_operators to None
[2021-12-21 00:09:01,736] {scheduler_job.py:190} INFO - Processing /home/airflow/.local/lib/python3.8/site-packages/airflow/example_dags/example_xcomargs.py took 0.216 seconds
[2021-12-21 00:09:32,072] {scheduler_job.py:182} INFO - Started process (PID=10466) to work on /home/airflow/.local/lib/python3.8/site-packages/airflow/example_dags/example_xcomargs.py
[2021-12-21 00:09:32,075] {scheduler_job.py:633} INFO - Processing file /home/airflow/.local/lib/python3.8/site-packages/airflow/example_dags/example_xcomargs.py for tasks to queue
[2021-12-21 00:09:32,077] {logging_mixin.py:104} INFO - [2021-12-21 00:09:32,077] {dagbag.py:496} INFO - Filling up the DagBag from /home/airflow/.local/lib/python3.8/site-packages/airflow/example_dags/example_xcomargs.py
[2021-12-21 00:09:32,102] {scheduler_job.py:643} INFO - DAG(s) dict_keys(['example_xcom_args', 'example_xcom_args_with_operators']) retrieved from /home/airflow/.local/lib/python3.8/site-packages/airflow/example_dags/example_xcomargs.py
[2021-12-21 00:09:32,472] {logging_mixin.py:104} INFO - [2021-12-21 00:09:32,472] {dag.py:1833} INFO - Sync 2 DAGs
[2021-12-21 00:09:32,489] {logging_mixin.py:104} INFO - [2021-12-21 00:09:32,489] {dag.py:2306} INFO - Setting next_dagrun for example_xcom_args to None
[2021-12-21 00:09:32,492] {logging_mixin.py:104} INFO - [2021-12-21 00:09:32,492] {dag.py:2306} INFO - Setting next_dagrun for example_xcom_args_with_operators to None
[2021-12-21 00:09:32,519] {scheduler_job.py:190} INFO - Processing /home/airflow/.local/lib/python3.8/site-packages/airflow/example_dags/example_xcomargs.py took 0.457 seconds
[2021-12-21 00:10:02,605] {scheduler_job.py:182} INFO - Started process (PID=10497) to work on /home/airflow/.local/lib/python3.8/site-packages/airflow/example_dags/example_xcomargs.py
[2021-12-21 00:10:02,611] {scheduler_job.py:633} INFO - Processing file /home/airflow/.local/lib/python3.8/site-packages/airflow/example_dags/example_xcomargs.py for tasks to queue
[2021-12-21 00:10:02,614] {logging_mixin.py:104} INFO - [2021-12-21 00:10:02,614] {dagbag.py:496} INFO - Filling up the DagBag from /home/airflow/.local/lib/python3.8/site-packages/airflow/example_dags/example_xcomargs.py
[2021-12-21 00:10:02,643] {scheduler_job.py:643} INFO - DAG(s) dict_keys(['example_xcom_args', 'example_xcom_args_with_operators']) retrieved from /home/airflow/.local/lib/python3.8/site-packages/airflow/example_dags/example_xcomargs.py
[2021-12-21 00:10:02,700] {logging_mixin.py:104} INFO - [2021-12-21 00:10:02,700] {dag.py:1833} INFO - Sync 2 DAGs
[2021-12-21 00:10:02,725] {logging_mixin.py:104} INFO - [2021-12-21 00:10:02,724] {dag.py:2306} INFO - Setting next_dagrun for example_xcom_args to None
[2021-12-21 00:10:02,728] {logging_mixin.py:104} INFO - [2021-12-21 00:10:02,728] {dag.py:2306} INFO - Setting next_dagrun for example_xcom_args_with_operators to None
[2021-12-21 00:10:02,754] {scheduler_job.py:190} INFO - Processing /home/airflow/.local/lib/python3.8/site-packages/airflow/example_dags/example_xcomargs.py took 0.153 seconds
[2021-12-21 00:10:33,026] {scheduler_job.py:182} INFO - Started process (PID=10528) to work on /home/airflow/.local/lib/python3.8/site-packages/airflow/example_dags/example_xcomargs.py
[2021-12-21 00:10:33,030] {scheduler_job.py:633} INFO - Processing file /home/airflow/.local/lib/python3.8/site-packages/airflow/example_dags/example_xcomargs.py for tasks to queue
[2021-12-21 00:10:33,032] {logging_mixin.py:104} INFO - [2021-12-21 00:10:33,032] {dagbag.py:496} INFO - Filling up the DagBag from /home/airflow/.local/lib/python3.8/site-packages/airflow/example_dags/example_xcomargs.py
[2021-12-21 00:10:33,058] {scheduler_job.py:643} INFO - DAG(s) dict_keys(['example_xcom_args', 'example_xcom_args_with_operators']) retrieved from /home/airflow/.local/lib/python3.8/site-packages/airflow/example_dags/example_xcomargs.py
[2021-12-21 00:10:33,109] {logging_mixin.py:104} INFO - [2021-12-21 00:10:33,109] {dag.py:1833} INFO - Sync 2 DAGs
[2021-12-21 00:10:33,133] {logging_mixin.py:104} INFO - [2021-12-21 00:10:33,132] {dag.py:2306} INFO - Setting next_dagrun for example_xcom_args to None
[2021-12-21 00:10:33,138] {logging_mixin.py:104} INFO - [2021-12-21 00:10:33,138] {dag.py:2306} INFO - Setting next_dagrun for example_xcom_args_with_operators to None
[2021-12-21 00:10:33,159] {scheduler_job.py:190} INFO - Processing /home/airflow/.local/lib/python3.8/site-packages/airflow/example_dags/example_xcomargs.py took 0.137 seconds
[2021-12-21 00:11:03,374] {scheduler_job.py:182} INFO - Started process (PID=10559) to work on /home/airflow/.local/lib/python3.8/site-packages/airflow/example_dags/example_xcomargs.py
[2021-12-21 00:11:03,376] {scheduler_job.py:633} INFO - Processing file /home/airflow/.local/lib/python3.8/site-packages/airflow/example_dags/example_xcomargs.py for tasks to queue
[2021-12-21 00:11:03,379] {logging_mixin.py:104} INFO - [2021-12-21 00:11:03,379] {dagbag.py:496} INFO - Filling up the DagBag from /home/airflow/.local/lib/python3.8/site-packages/airflow/example_dags/example_xcomargs.py
[2021-12-21 00:11:03,405] {scheduler_job.py:643} INFO - DAG(s) dict_keys(['example_xcom_args', 'example_xcom_args_with_operators']) retrieved from /home/airflow/.local/lib/python3.8/site-packages/airflow/example_dags/example_xcomargs.py
[2021-12-21 00:11:03,790] {logging_mixin.py:104} INFO - [2021-12-21 00:11:03,790] {dag.py:1833} INFO - Sync 2 DAGs
[2021-12-21 00:11:03,808] {logging_mixin.py:104} INFO - [2021-12-21 00:11:03,807] {dag.py:2306} INFO - Setting next_dagrun for example_xcom_args to None
[2021-12-21 00:11:03,810] {logging_mixin.py:104} INFO - [2021-12-21 00:11:03,810] {dag.py:2306} INFO - Setting next_dagrun for example_xcom_args_with_operators to None
[2021-12-21 00:11:03,830] {scheduler_job.py:190} INFO - Processing /home/airflow/.local/lib/python3.8/site-packages/airflow/example_dags/example_xcomargs.py took 0.460 seconds
[2021-12-21 00:11:34,660] {scheduler_job.py:182} INFO - Started process (PID=10590) to work on /home/airflow/.local/lib/python3.8/site-packages/airflow/example_dags/example_xcomargs.py
[2021-12-21 00:11:34,663] {scheduler_job.py:633} INFO - Processing file /home/airflow/.local/lib/python3.8/site-packages/airflow/example_dags/example_xcomargs.py for tasks to queue
[2021-12-21 00:11:34,666] {logging_mixin.py:104} INFO - [2021-12-21 00:11:34,666] {dagbag.py:496} INFO - Filling up the DagBag from /home/airflow/.local/lib/python3.8/site-packages/airflow/example_dags/example_xcomargs.py
[2021-12-21 00:11:34,691] {scheduler_job.py:643} INFO - DAG(s) dict_keys(['example_xcom_args', 'example_xcom_args_with_operators']) retrieved from /home/airflow/.local/lib/python3.8/site-packages/airflow/example_dags/example_xcomargs.py
[2021-12-21 00:11:34,742] {logging_mixin.py:104} INFO - [2021-12-21 00:11:34,742] {dag.py:1833} INFO - Sync 2 DAGs
[2021-12-21 00:11:34,759] {logging_mixin.py:104} INFO - [2021-12-21 00:11:34,759] {dag.py:2306} INFO - Setting next_dagrun for example_xcom_args to None
[2021-12-21 00:11:34,762] {logging_mixin.py:104} INFO - [2021-12-21 00:11:34,762] {dag.py:2306} INFO - Setting next_dagrun for example_xcom_args_with_operators to None
[2021-12-21 00:11:34,786] {scheduler_job.py:190} INFO - Processing /home/airflow/.local/lib/python3.8/site-packages/airflow/example_dags/example_xcomargs.py took 0.131 seconds
[2021-12-21 00:12:05,120] {scheduler_job.py:182} INFO - Started process (PID=10621) to work on /home/airflow/.local/lib/python3.8/site-packages/airflow/example_dags/example_xcomargs.py
[2021-12-21 00:12:05,127] {scheduler_job.py:633} INFO - Processing file /home/airflow/.local/lib/python3.8/site-packages/airflow/example_dags/example_xcomargs.py for tasks to queue
[2021-12-21 00:12:05,131] {logging_mixin.py:104} INFO - [2021-12-21 00:12:05,131] {dagbag.py:496} INFO - Filling up the DagBag from /home/airflow/.local/lib/python3.8/site-packages/airflow/example_dags/example_xcomargs.py
[2021-12-21 00:12:05,160] {scheduler_job.py:643} INFO - DAG(s) dict_keys(['example_xcom_args', 'example_xcom_args_with_operators']) retrieved from /home/airflow/.local/lib/python3.8/site-packages/airflow/example_dags/example_xcomargs.py
[2021-12-21 00:12:05,556] {logging_mixin.py:104} INFO - [2021-12-21 00:12:05,556] {dag.py:1833} INFO - Sync 2 DAGs
[2021-12-21 00:12:05,569] {logging_mixin.py:104} INFO - [2021-12-21 00:12:05,568] {dag.py:2306} INFO - Setting next_dagrun for example_xcom_args to None
[2021-12-21 00:12:05,576] {logging_mixin.py:104} INFO - [2021-12-21 00:12:05,576] {dag.py:2306} INFO - Setting next_dagrun for example_xcom_args_with_operators to None
[2021-12-21 00:12:05,596] {scheduler_job.py:190} INFO - Processing /home/airflow/.local/lib/python3.8/site-packages/airflow/example_dags/example_xcomargs.py took 0.481 seconds
[2021-12-21 00:12:35,702] {scheduler_job.py:182} INFO - Started process (PID=10652) to work on /home/airflow/.local/lib/python3.8/site-packages/airflow/example_dags/example_xcomargs.py
[2021-12-21 00:12:35,707] {scheduler_job.py:633} INFO - Processing file /home/airflow/.local/lib/python3.8/site-packages/airflow/example_dags/example_xcomargs.py for tasks to queue
[2021-12-21 00:12:35,709] {logging_mixin.py:104} INFO - [2021-12-21 00:12:35,709] {dagbag.py:496} INFO - Filling up the DagBag from /home/airflow/.local/lib/python3.8/site-packages/airflow/example_dags/example_xcomargs.py
[2021-12-21 00:12:35,734] {scheduler_job.py:643} INFO - DAG(s) dict_keys(['example_xcom_args', 'example_xcom_args_with_operators']) retrieved from /home/airflow/.local/lib/python3.8/site-packages/airflow/example_dags/example_xcomargs.py
[2021-12-21 00:12:36,360] {logging_mixin.py:104} INFO - [2021-12-21 00:12:36,360] {dag.py:1833} INFO - Sync 2 DAGs
[2021-12-21 00:12:36,378] {logging_mixin.py:104} INFO - [2021-12-21 00:12:36,378] {dag.py:2306} INFO - Setting next_dagrun for example_xcom_args to None
[2021-12-21 00:12:36,386] {logging_mixin.py:104} INFO - [2021-12-21 00:12:36,383] {dag.py:2306} INFO - Setting next_dagrun for example_xcom_args_with_operators to None
[2021-12-21 00:12:36,428] {scheduler_job.py:190} INFO - Processing /home/airflow/.local/lib/python3.8/site-packages/airflow/example_dags/example_xcomargs.py took 0.730 seconds
[2021-12-21 00:13:07,491] {scheduler_job.py:182} INFO - Started process (PID=10685) to work on /home/airflow/.local/lib/python3.8/site-packages/airflow/example_dags/example_xcomargs.py
[2021-12-21 00:13:07,496] {scheduler_job.py:633} INFO - Processing file /home/airflow/.local/lib/python3.8/site-packages/airflow/example_dags/example_xcomargs.py for tasks to queue
[2021-12-21 00:13:07,499] {logging_mixin.py:104} INFO - [2021-12-21 00:13:07,499] {dagbag.py:496} INFO - Filling up the DagBag from /home/airflow/.local/lib/python3.8/site-packages/airflow/example_dags/example_xcomargs.py
[2021-12-21 00:13:07,541] {scheduler_job.py:643} INFO - DAG(s) dict_keys(['example_xcom_args', 'example_xcom_args_with_operators']) retrieved from /home/airflow/.local/lib/python3.8/site-packages/airflow/example_dags/example_xcomargs.py
[2021-12-21 00:13:08,083] {logging_mixin.py:104} INFO - [2021-12-21 00:13:08,083] {dag.py:1833} INFO - Sync 2 DAGs
[2021-12-21 00:13:08,101] {logging_mixin.py:104} INFO - [2021-12-21 00:13:08,100] {dag.py:2306} INFO - Setting next_dagrun for example_xcom_args to None
[2021-12-21 00:13:08,105] {logging_mixin.py:104} INFO - [2021-12-21 00:13:08,105] {dag.py:2306} INFO - Setting next_dagrun for example_xcom_args_with_operators to None
[2021-12-21 00:13:08,131] {scheduler_job.py:190} INFO - Processing /home/airflow/.local/lib/python3.8/site-packages/airflow/example_dags/example_xcomargs.py took 0.645 seconds
[2021-12-21 00:13:38,542] {scheduler_job.py:182} INFO - Started process (PID=10716) to work on /home/airflow/.local/lib/python3.8/site-packages/airflow/example_dags/example_xcomargs.py
[2021-12-21 00:13:38,549] {scheduler_job.py:633} INFO - Processing file /home/airflow/.local/lib/python3.8/site-packages/airflow/example_dags/example_xcomargs.py for tasks to queue
[2021-12-21 00:13:38,554] {logging_mixin.py:104} INFO - [2021-12-21 00:13:38,554] {dagbag.py:496} INFO - Filling up the DagBag from /home/airflow/.local/lib/python3.8/site-packages/airflow/example_dags/example_xcomargs.py
[2021-12-21 00:13:38,667] {scheduler_job.py:643} INFO - DAG(s) dict_keys(['example_xcom_args', 'example_xcom_args_with_operators']) retrieved from /home/airflow/.local/lib/python3.8/site-packages/airflow/example_dags/example_xcomargs.py
[2021-12-21 00:13:38,738] {logging_mixin.py:104} INFO - [2021-12-21 00:13:38,738] {dag.py:1833} INFO - Sync 2 DAGs
[2021-12-21 00:13:38,767] {logging_mixin.py:104} INFO - [2021-12-21 00:13:38,766] {dag.py:2306} INFO - Setting next_dagrun for example_xcom_args to None
[2021-12-21 00:13:38,770] {logging_mixin.py:104} INFO - [2021-12-21 00:13:38,769] {dag.py:2306} INFO - Setting next_dagrun for example_xcom_args_with_operators to None
[2021-12-21 00:13:38,812] {scheduler_job.py:190} INFO - Processing /home/airflow/.local/lib/python3.8/site-packages/airflow/example_dags/example_xcomargs.py took 0.280 seconds
[2021-12-21 00:14:09,369] {scheduler_job.py:182} INFO - Started process (PID=10747) to work on /home/airflow/.local/lib/python3.8/site-packages/airflow/example_dags/example_xcomargs.py
[2021-12-21 00:14:09,374] {scheduler_job.py:633} INFO - Processing file /home/airflow/.local/lib/python3.8/site-packages/airflow/example_dags/example_xcomargs.py for tasks to queue
[2021-12-21 00:14:09,379] {logging_mixin.py:104} INFO - [2021-12-21 00:14:09,378] {dagbag.py:496} INFO - Filling up the DagBag from /home/airflow/.local/lib/python3.8/site-packages/airflow/example_dags/example_xcomargs.py
[2021-12-21 00:14:09,454] {scheduler_job.py:643} INFO - DAG(s) dict_keys(['example_xcom_args', 'example_xcom_args_with_operators']) retrieved from /home/airflow/.local/lib/python3.8/site-packages/airflow/example_dags/example_xcomargs.py
[2021-12-21 00:14:10,072] {logging_mixin.py:104} INFO - [2021-12-21 00:14:10,072] {dag.py:1833} INFO - Sync 2 DAGs
[2021-12-21 00:14:10,091] {logging_mixin.py:104} INFO - [2021-12-21 00:14:10,091] {dag.py:2306} INFO - Setting next_dagrun for example_xcom_args to None
[2021-12-21 00:14:10,094] {logging_mixin.py:104} INFO - [2021-12-21 00:14:10,094] {dag.py:2306} INFO - Setting next_dagrun for example_xcom_args_with_operators to None
[2021-12-21 00:14:10,118] {scheduler_job.py:190} INFO - Processing /home/airflow/.local/lib/python3.8/site-packages/airflow/example_dags/example_xcomargs.py took 0.763 seconds
[2021-12-21 00:14:40,782] {scheduler_job.py:182} INFO - Started process (PID=10778) to work on /home/airflow/.local/lib/python3.8/site-packages/airflow/example_dags/example_xcomargs.py
[2021-12-21 00:14:40,785] {scheduler_job.py:633} INFO - Processing file /home/airflow/.local/lib/python3.8/site-packages/airflow/example_dags/example_xcomargs.py for tasks to queue
[2021-12-21 00:14:40,788] {logging_mixin.py:104} INFO - [2021-12-21 00:14:40,787] {dagbag.py:496} INFO - Filling up the DagBag from /home/airflow/.local/lib/python3.8/site-packages/airflow/example_dags/example_xcomargs.py
[2021-12-21 00:14:40,818] {scheduler_job.py:643} INFO - DAG(s) dict_keys(['example_xcom_args', 'example_xcom_args_with_operators']) retrieved from /home/airflow/.local/lib/python3.8/site-packages/airflow/example_dags/example_xcomargs.py
[2021-12-21 00:14:41,252] {logging_mixin.py:104} INFO - [2021-12-21 00:14:41,252] {dag.py:1833} INFO - Sync 2 DAGs
[2021-12-21 00:14:41,272] {logging_mixin.py:104} INFO - [2021-12-21 00:14:41,272] {dag.py:2306} INFO - Setting next_dagrun for example_xcom_args to None
[2021-12-21 00:14:41,275] {logging_mixin.py:104} INFO - [2021-12-21 00:14:41,275] {dag.py:2306} INFO - Setting next_dagrun for example_xcom_args_with_operators to None
[2021-12-21 00:14:41,311] {scheduler_job.py:190} INFO - Processing /home/airflow/.local/lib/python3.8/site-packages/airflow/example_dags/example_xcomargs.py took 0.537 seconds
[2021-12-21 00:15:11,957] {scheduler_job.py:182} INFO - Started process (PID=10809) to work on /home/airflow/.local/lib/python3.8/site-packages/airflow/example_dags/example_xcomargs.py
[2021-12-21 00:15:11,961] {scheduler_job.py:633} INFO - Processing file /home/airflow/.local/lib/python3.8/site-packages/airflow/example_dags/example_xcomargs.py for tasks to queue
[2021-12-21 00:15:11,963] {logging_mixin.py:104} INFO - [2021-12-21 00:15:11,963] {dagbag.py:496} INFO - Filling up the DagBag from /home/airflow/.local/lib/python3.8/site-packages/airflow/example_dags/example_xcomargs.py
[2021-12-21 00:15:11,989] {scheduler_job.py:643} INFO - DAG(s) dict_keys(['example_xcom_args', 'example_xcom_args_with_operators']) retrieved from /home/airflow/.local/lib/python3.8/site-packages/airflow/example_dags/example_xcomargs.py
[2021-12-21 00:15:12,448] {logging_mixin.py:104} INFO - [2021-12-21 00:15:12,448] {dag.py:1833} INFO - Sync 2 DAGs
[2021-12-21 00:15:12,473] {logging_mixin.py:104} INFO - [2021-12-21 00:15:12,473] {dag.py:2306} INFO - Setting next_dagrun for example_xcom_args to None
[2021-12-21 00:15:12,475] {logging_mixin.py:104} INFO - [2021-12-21 00:15:12,475] {dag.py:2306} INFO - Setting next_dagrun for example_xcom_args_with_operators to None
[2021-12-21 00:15:12,501] {scheduler_job.py:190} INFO - Processing /home/airflow/.local/lib/python3.8/site-packages/airflow/example_dags/example_xcomargs.py took 0.548 seconds
[2021-12-21 00:15:42,620] {scheduler_job.py:182} INFO - Started process (PID=10841) to work on /home/airflow/.local/lib/python3.8/site-packages/airflow/example_dags/example_xcomargs.py
[2021-12-21 00:15:42,637] {scheduler_job.py:633} INFO - Processing file /home/airflow/.local/lib/python3.8/site-packages/airflow/example_dags/example_xcomargs.py for tasks to queue
[2021-12-21 00:15:42,642] {logging_mixin.py:104} INFO - [2021-12-21 00:15:42,642] {dagbag.py:496} INFO - Filling up the DagBag from /home/airflow/.local/lib/python3.8/site-packages/airflow/example_dags/example_xcomargs.py
[2021-12-21 00:15:42,692] {scheduler_job.py:643} INFO - DAG(s) dict_keys(['example_xcom_args', 'example_xcom_args_with_operators']) retrieved from /home/airflow/.local/lib/python3.8/site-packages/airflow/example_dags/example_xcomargs.py
[2021-12-21 00:15:43,390] {logging_mixin.py:104} INFO - [2021-12-21 00:15:43,390] {dag.py:1833} INFO - Sync 2 DAGs
[2021-12-21 00:15:43,405] {logging_mixin.py:104} INFO - [2021-12-21 00:15:43,405] {dag.py:2306} INFO - Setting next_dagrun for example_xcom_args to None
[2021-12-21 00:15:43,407] {logging_mixin.py:104} INFO - [2021-12-21 00:15:43,407] {dag.py:2306} INFO - Setting next_dagrun for example_xcom_args_with_operators to None
[2021-12-21 00:15:43,432] {scheduler_job.py:190} INFO - Processing /home/airflow/.local/lib/python3.8/site-packages/airflow/example_dags/example_xcomargs.py took 0.837 seconds
[2021-12-21 00:16:13,517] {scheduler_job.py:182} INFO - Started process (PID=10876) to work on /home/airflow/.local/lib/python3.8/site-packages/airflow/example_dags/example_xcomargs.py
[2021-12-21 00:16:13,520] {scheduler_job.py:633} INFO - Processing file /home/airflow/.local/lib/python3.8/site-packages/airflow/example_dags/example_xcomargs.py for tasks to queue
[2021-12-21 00:16:13,523] {logging_mixin.py:104} INFO - [2021-12-21 00:16:13,523] {dagbag.py:496} INFO - Filling up the DagBag from /home/airflow/.local/lib/python3.8/site-packages/airflow/example_dags/example_xcomargs.py
[2021-12-21 00:16:13,562] {scheduler_job.py:643} INFO - DAG(s) dict_keys(['example_xcom_args', 'example_xcom_args_with_operators']) retrieved from /home/airflow/.local/lib/python3.8/site-packages/airflow/example_dags/example_xcomargs.py
[2021-12-21 00:16:13,628] {logging_mixin.py:104} INFO - [2021-12-21 00:16:13,628] {dag.py:1833} INFO - Sync 2 DAGs
[2021-12-21 00:16:13,646] {logging_mixin.py:104} INFO - [2021-12-21 00:16:13,646] {dag.py:2306} INFO - Setting next_dagrun for example_xcom_args to None
[2021-12-21 00:16:13,649] {logging_mixin.py:104} INFO - [2021-12-21 00:16:13,649] {dag.py:2306} INFO - Setting next_dagrun for example_xcom_args_with_operators to None
[2021-12-21 00:16:13,677] {scheduler_job.py:190} INFO - Processing /home/airflow/.local/lib/python3.8/site-packages/airflow/example_dags/example_xcomargs.py took 0.169 seconds
[2021-12-21 00:16:43,761] {scheduler_job.py:182} INFO - Started process (PID=10907) to work on /home/airflow/.local/lib/python3.8/site-packages/airflow/example_dags/example_xcomargs.py
[2021-12-21 00:16:43,766] {scheduler_job.py:633} INFO - Processing file /home/airflow/.local/lib/python3.8/site-packages/airflow/example_dags/example_xcomargs.py for tasks to queue
[2021-12-21 00:16:43,781] {logging_mixin.py:104} INFO - [2021-12-21 00:16:43,780] {dagbag.py:496} INFO - Filling up the DagBag from /home/airflow/.local/lib/python3.8/site-packages/airflow/example_dags/example_xcomargs.py
[2021-12-21 00:16:43,813] {scheduler_job.py:643} INFO - DAG(s) dict_keys(['example_xcom_args', 'example_xcom_args_with_operators']) retrieved from /home/airflow/.local/lib/python3.8/site-packages/airflow/example_dags/example_xcomargs.py
[2021-12-21 00:16:44,277] {logging_mixin.py:104} INFO - [2021-12-21 00:16:44,276] {dag.py:1833} INFO - Sync 2 DAGs
[2021-12-21 00:16:44,290] {logging_mixin.py:104} INFO - [2021-12-21 00:16:44,290] {dag.py:2306} INFO - Setting next_dagrun for example_xcom_args to None
[2021-12-21 00:16:44,292] {logging_mixin.py:104} INFO - [2021-12-21 00:16:44,292] {dag.py:2306} INFO - Setting next_dagrun for example_xcom_args_with_operators to None
[2021-12-21 00:16:44,324] {scheduler_job.py:190} INFO - Processing /home/airflow/.local/lib/python3.8/site-packages/airflow/example_dags/example_xcomargs.py took 0.576 seconds
[2021-12-21 00:17:15,145] {scheduler_job.py:182} INFO - Started process (PID=10938) to work on /home/airflow/.local/lib/python3.8/site-packages/airflow/example_dags/example_xcomargs.py
[2021-12-21 00:17:15,150] {scheduler_job.py:633} INFO - Processing file /home/airflow/.local/lib/python3.8/site-packages/airflow/example_dags/example_xcomargs.py for tasks to queue
[2021-12-21 00:17:15,154] {logging_mixin.py:104} INFO - [2021-12-21 00:17:15,153] {dagbag.py:496} INFO - Filling up the DagBag from /home/airflow/.local/lib/python3.8/site-packages/airflow/example_dags/example_xcomargs.py
[2021-12-21 00:17:15,206] {scheduler_job.py:643} INFO - DAG(s) dict_keys(['example_xcom_args', 'example_xcom_args_with_operators']) retrieved from /home/airflow/.local/lib/python3.8/site-packages/airflow/example_dags/example_xcomargs.py
[2021-12-21 00:17:15,885] {logging_mixin.py:104} INFO - [2021-12-21 00:17:15,885] {dag.py:1833} INFO - Sync 2 DAGs
[2021-12-21 00:17:15,902] {logging_mixin.py:104} INFO - [2021-12-21 00:17:15,902] {dag.py:2306} INFO - Setting next_dagrun for example_xcom_args to None
[2021-12-21 00:17:15,906] {logging_mixin.py:104} INFO - [2021-12-21 00:17:15,905] {dag.py:2306} INFO - Setting next_dagrun for example_xcom_args_with_operators to None
[2021-12-21 00:17:15,930] {scheduler_job.py:190} INFO - Processing /home/airflow/.local/lib/python3.8/site-packages/airflow/example_dags/example_xcomargs.py took 0.789 seconds
[2021-12-21 00:17:46,684] {scheduler_job.py:182} INFO - Started process (PID=10971) to work on /home/airflow/.local/lib/python3.8/site-packages/airflow/example_dags/example_xcomargs.py
[2021-12-21 00:17:46,687] {scheduler_job.py:633} INFO - Processing file /home/airflow/.local/lib/python3.8/site-packages/airflow/example_dags/example_xcomargs.py for tasks to queue
[2021-12-21 00:17:46,691] {logging_mixin.py:104} INFO - [2021-12-21 00:17:46,690] {dagbag.py:496} INFO - Filling up the DagBag from /home/airflow/.local/lib/python3.8/site-packages/airflow/example_dags/example_xcomargs.py
[2021-12-21 00:17:46,716] {scheduler_job.py:643} INFO - DAG(s) dict_keys(['example_xcom_args', 'example_xcom_args_with_operators']) retrieved from /home/airflow/.local/lib/python3.8/site-packages/airflow/example_dags/example_xcomargs.py
[2021-12-21 00:17:47,105] {logging_mixin.py:104} INFO - [2021-12-21 00:17:47,104] {dag.py:1833} INFO - Sync 2 DAGs
[2021-12-21 00:17:47,118] {logging_mixin.py:104} INFO - [2021-12-21 00:17:47,118] {dag.py:2306} INFO - Setting next_dagrun for example_xcom_args to None
[2021-12-21 00:17:47,122] {logging_mixin.py:104} INFO - [2021-12-21 00:17:47,122] {dag.py:2306} INFO - Setting next_dagrun for example_xcom_args_with_operators to None
[2021-12-21 00:17:47,150] {scheduler_job.py:190} INFO - Processing /home/airflow/.local/lib/python3.8/site-packages/airflow/example_dags/example_xcomargs.py took 0.470 seconds
[2021-12-21 00:18:18,069] {scheduler_job.py:182} INFO - Started process (PID=11002) to work on /home/airflow/.local/lib/python3.8/site-packages/airflow/example_dags/example_xcomargs.py
[2021-12-21 00:18:18,077] {scheduler_job.py:633} INFO - Processing file /home/airflow/.local/lib/python3.8/site-packages/airflow/example_dags/example_xcomargs.py for tasks to queue
[2021-12-21 00:18:18,082] {logging_mixin.py:104} INFO - [2021-12-21 00:18:18,082] {dagbag.py:496} INFO - Filling up the DagBag from /home/airflow/.local/lib/python3.8/site-packages/airflow/example_dags/example_xcomargs.py
[2021-12-21 00:18:18,115] {scheduler_job.py:643} INFO - DAG(s) dict_keys(['example_xcom_args', 'example_xcom_args_with_operators']) retrieved from /home/airflow/.local/lib/python3.8/site-packages/airflow/example_dags/example_xcomargs.py
[2021-12-21 00:18:18,171] {logging_mixin.py:104} INFO - [2021-12-21 00:18:18,171] {dag.py:1833} INFO - Sync 2 DAGs
[2021-12-21 00:18:18,194] {logging_mixin.py:104} INFO - [2021-12-21 00:18:18,194] {dag.py:2306} INFO - Setting next_dagrun for example_xcom_args to None
[2021-12-21 00:18:18,198] {logging_mixin.py:104} INFO - [2021-12-21 00:18:18,197] {dag.py:2306} INFO - Setting next_dagrun for example_xcom_args_with_operators to None
[2021-12-21 00:18:18,238] {scheduler_job.py:190} INFO - Processing /home/airflow/.local/lib/python3.8/site-packages/airflow/example_dags/example_xcomargs.py took 0.183 seconds
[2021-12-21 00:18:48,462] {scheduler_job.py:182} INFO - Started process (PID=11033) to work on /home/airflow/.local/lib/python3.8/site-packages/airflow/example_dags/example_xcomargs.py
[2021-12-21 00:18:48,466] {scheduler_job.py:633} INFO - Processing file /home/airflow/.local/lib/python3.8/site-packages/airflow/example_dags/example_xcomargs.py for tasks to queue
[2021-12-21 00:18:48,468] {logging_mixin.py:104} INFO - [2021-12-21 00:18:48,468] {dagbag.py:496} INFO - Filling up the DagBag from /home/airflow/.local/lib/python3.8/site-packages/airflow/example_dags/example_xcomargs.py
[2021-12-21 00:18:48,520] {scheduler_job.py:643} INFO - DAG(s) dict_keys(['example_xcom_args', 'example_xcom_args_with_operators']) retrieved from /home/airflow/.local/lib/python3.8/site-packages/airflow/example_dags/example_xcomargs.py
[2021-12-21 00:18:49,047] {logging_mixin.py:104} INFO - [2021-12-21 00:18:49,047] {dag.py:1833} INFO - Sync 2 DAGs
[2021-12-21 00:18:49,061] {logging_mixin.py:104} INFO - [2021-12-21 00:18:49,060] {dag.py:2306} INFO - Setting next_dagrun for example_xcom_args to None
[2021-12-21 00:18:49,063] {logging_mixin.py:104} INFO - [2021-12-21 00:18:49,063] {dag.py:2306} INFO - Setting next_dagrun for example_xcom_args_with_operators to None
[2021-12-21 00:18:49,092] {scheduler_job.py:190} INFO - Processing /home/airflow/.local/lib/python3.8/site-packages/airflow/example_dags/example_xcomargs.py took 0.637 seconds
[2021-12-21 00:19:19,471] {scheduler_job.py:182} INFO - Started process (PID=11064) to work on /home/airflow/.local/lib/python3.8/site-packages/airflow/example_dags/example_xcomargs.py
[2021-12-21 00:19:19,485] {scheduler_job.py:633} INFO - Processing file /home/airflow/.local/lib/python3.8/site-packages/airflow/example_dags/example_xcomargs.py for tasks to queue
[2021-12-21 00:19:19,492] {logging_mixin.py:104} INFO - [2021-12-21 00:19:19,492] {dagbag.py:496} INFO - Filling up the DagBag from /home/airflow/.local/lib/python3.8/site-packages/airflow/example_dags/example_xcomargs.py
[2021-12-21 00:19:19,565] {scheduler_job.py:643} INFO - DAG(s) dict_keys(['example_xcom_args', 'example_xcom_args_with_operators']) retrieved from /home/airflow/.local/lib/python3.8/site-packages/airflow/example_dags/example_xcomargs.py
[2021-12-21 00:19:20,168] {logging_mixin.py:104} INFO - [2021-12-21 00:19:20,167] {dag.py:1833} INFO - Sync 2 DAGs
[2021-12-21 00:19:20,197] {logging_mixin.py:104} INFO - [2021-12-21 00:19:20,196] {dag.py:2306} INFO - Setting next_dagrun for example_xcom_args to None
[2021-12-21 00:19:20,200] {logging_mixin.py:104} INFO - [2021-12-21 00:19:20,200] {dag.py:2306} INFO - Setting next_dagrun for example_xcom_args_with_operators to None
[2021-12-21 00:19:20,223] {scheduler_job.py:190} INFO - Processing /home/airflow/.local/lib/python3.8/site-packages/airflow/example_dags/example_xcomargs.py took 0.768 seconds
[2021-12-21 00:19:51,353] {scheduler_job.py:182} INFO - Started process (PID=11099) to work on /home/airflow/.local/lib/python3.8/site-packages/airflow/example_dags/example_xcomargs.py
[2021-12-21 00:19:51,358] {scheduler_job.py:633} INFO - Processing file /home/airflow/.local/lib/python3.8/site-packages/airflow/example_dags/example_xcomargs.py for tasks to queue
[2021-12-21 00:19:51,361] {logging_mixin.py:104} INFO - [2021-12-21 00:19:51,361] {dagbag.py:496} INFO - Filling up the DagBag from /home/airflow/.local/lib/python3.8/site-packages/airflow/example_dags/example_xcomargs.py
[2021-12-21 00:19:51,415] {scheduler_job.py:643} INFO - DAG(s) dict_keys(['example_xcom_args', 'example_xcom_args_with_operators']) retrieved from /home/airflow/.local/lib/python3.8/site-packages/airflow/example_dags/example_xcomargs.py
[2021-12-21 00:19:51,962] {logging_mixin.py:104} INFO - [2021-12-21 00:19:51,962] {dag.py:1833} INFO - Sync 2 DAGs
[2021-12-21 00:19:51,980] {logging_mixin.py:104} INFO - [2021-12-21 00:19:51,979] {dag.py:2306} INFO - Setting next_dagrun for example_xcom_args to None
[2021-12-21 00:19:51,982] {logging_mixin.py:104} INFO - [2021-12-21 00:19:51,982] {dag.py:2306} INFO - Setting next_dagrun for example_xcom_args_with_operators to None
[2021-12-21 00:19:52,005] {scheduler_job.py:190} INFO - Processing /home/airflow/.local/lib/python3.8/site-packages/airflow/example_dags/example_xcomargs.py took 0.660 seconds
[2021-12-21 00:20:22,382] {scheduler_job.py:182} INFO - Started process (PID=11130) to work on /home/airflow/.local/lib/python3.8/site-packages/airflow/example_dags/example_xcomargs.py
[2021-12-21 00:20:22,388] {scheduler_job.py:633} INFO - Processing file /home/airflow/.local/lib/python3.8/site-packages/airflow/example_dags/example_xcomargs.py for tasks to queue
[2021-12-21 00:20:22,392] {logging_mixin.py:104} INFO - [2021-12-21 00:20:22,392] {dagbag.py:496} INFO - Filling up the DagBag from /home/airflow/.local/lib/python3.8/site-packages/airflow/example_dags/example_xcomargs.py
[2021-12-21 00:20:22,425] {scheduler_job.py:643} INFO - DAG(s) dict_keys(['example_xcom_args', 'example_xcom_args_with_operators']) retrieved from /home/airflow/.local/lib/python3.8/site-packages/airflow/example_dags/example_xcomargs.py
[2021-12-21 00:20:22,891] {logging_mixin.py:104} INFO - [2021-12-21 00:20:22,891] {dag.py:1833} INFO - Sync 2 DAGs
[2021-12-21 00:20:22,906] {logging_mixin.py:104} INFO - [2021-12-21 00:20:22,905] {dag.py:2306} INFO - Setting next_dagrun for example_xcom_args to None
[2021-12-21 00:20:22,908] {logging_mixin.py:104} INFO - [2021-12-21 00:20:22,908] {dag.py:2306} INFO - Setting next_dagrun for example_xcom_args_with_operators to None
[2021-12-21 00:20:22,939] {scheduler_job.py:190} INFO - Processing /home/airflow/.local/lib/python3.8/site-packages/airflow/example_dags/example_xcomargs.py took 0.564 seconds
[2021-12-21 00:20:53,802] {scheduler_job.py:182} INFO - Started process (PID=11162) to work on /home/airflow/.local/lib/python3.8/site-packages/airflow/example_dags/example_xcomargs.py
[2021-12-21 00:20:53,807] {scheduler_job.py:633} INFO - Processing file /home/airflow/.local/lib/python3.8/site-packages/airflow/example_dags/example_xcomargs.py for tasks to queue
[2021-12-21 00:20:53,809] {logging_mixin.py:104} INFO - [2021-12-21 00:20:53,809] {dagbag.py:496} INFO - Filling up the DagBag from /home/airflow/.local/lib/python3.8/site-packages/airflow/example_dags/example_xcomargs.py
[2021-12-21 00:20:53,849] {scheduler_job.py:643} INFO - DAG(s) dict_keys(['example_xcom_args', 'example_xcom_args_with_operators']) retrieved from /home/airflow/.local/lib/python3.8/site-packages/airflow/example_dags/example_xcomargs.py
[2021-12-21 00:20:54,476] {logging_mixin.py:104} INFO - [2021-12-21 00:20:54,476] {dag.py:1833} INFO - Sync 2 DAGs
[2021-12-21 00:20:54,488] {logging_mixin.py:104} INFO - [2021-12-21 00:20:54,488] {dag.py:2306} INFO - Setting next_dagrun for example_xcom_args to None
[2021-12-21 00:20:54,491] {logging_mixin.py:104} INFO - [2021-12-21 00:20:54,491] {dag.py:2306} INFO - Setting next_dagrun for example_xcom_args_with_operators to None
[2021-12-21 00:20:54,527] {scheduler_job.py:190} INFO - Processing /home/airflow/.local/lib/python3.8/site-packages/airflow/example_dags/example_xcomargs.py took 0.730 seconds
[2021-12-21 00:21:24,625] {scheduler_job.py:182} INFO - Started process (PID=11195) to work on /home/airflow/.local/lib/python3.8/site-packages/airflow/example_dags/example_xcomargs.py
[2021-12-21 00:21:24,629] {scheduler_job.py:633} INFO - Processing file /home/airflow/.local/lib/python3.8/site-packages/airflow/example_dags/example_xcomargs.py for tasks to queue
[2021-12-21 00:21:24,631] {logging_mixin.py:104} INFO - [2021-12-21 00:21:24,631] {dagbag.py:496} INFO - Filling up the DagBag from /home/airflow/.local/lib/python3.8/site-packages/airflow/example_dags/example_xcomargs.py
[2021-12-21 00:21:24,672] {scheduler_job.py:643} INFO - DAG(s) dict_keys(['example_xcom_args', 'example_xcom_args_with_operators']) retrieved from /home/airflow/.local/lib/python3.8/site-packages/airflow/example_dags/example_xcomargs.py
[2021-12-21 00:21:25,889] {logging_mixin.py:104} INFO - [2021-12-21 00:21:25,888] {dag.py:1833} INFO - Sync 2 DAGs
[2021-12-21 00:21:25,906] {logging_mixin.py:104} INFO - [2021-12-21 00:21:25,906] {dag.py:2306} INFO - Setting next_dagrun for example_xcom_args to None
[2021-12-21 00:21:25,910] {logging_mixin.py:104} INFO - [2021-12-21 00:21:25,909] {dag.py:2306} INFO - Setting next_dagrun for example_xcom_args_with_operators to None
[2021-12-21 00:21:25,935] {scheduler_job.py:190} INFO - Processing /home/airflow/.local/lib/python3.8/site-packages/airflow/example_dags/example_xcomargs.py took 1.316 seconds
[2021-12-21 00:21:56,011] {scheduler_job.py:182} INFO - Started process (PID=11227) to work on /home/airflow/.local/lib/python3.8/site-packages/airflow/example_dags/example_xcomargs.py
[2021-12-21 00:21:56,017] {scheduler_job.py:633} INFO - Processing file /home/airflow/.local/lib/python3.8/site-packages/airflow/example_dags/example_xcomargs.py for tasks to queue
[2021-12-21 00:21:56,020] {logging_mixin.py:104} INFO - [2021-12-21 00:21:56,020] {dagbag.py:496} INFO - Filling up the DagBag from /home/airflow/.local/lib/python3.8/site-packages/airflow/example_dags/example_xcomargs.py
[2021-12-21 00:21:56,072] {scheduler_job.py:643} INFO - DAG(s) dict_keys(['example_xcom_args', 'example_xcom_args_with_operators']) retrieved from /home/airflow/.local/lib/python3.8/site-packages/airflow/example_dags/example_xcomargs.py
[2021-12-21 00:21:56,635] {logging_mixin.py:104} INFO - [2021-12-21 00:21:56,635] {dag.py:1833} INFO - Sync 2 DAGs
[2021-12-21 00:21:56,660] {logging_mixin.py:104} INFO - [2021-12-21 00:21:56,660] {dag.py:2306} INFO - Setting next_dagrun for example_xcom_args to None
[2021-12-21 00:21:56,663] {logging_mixin.py:104} INFO - [2021-12-21 00:21:56,663] {dag.py:2306} INFO - Setting next_dagrun for example_xcom_args_with_operators to None
[2021-12-21 00:21:56,686] {scheduler_job.py:190} INFO - Processing /home/airflow/.local/lib/python3.8/site-packages/airflow/example_dags/example_xcomargs.py took 0.719 seconds
[2021-12-21 00:22:27,619] {scheduler_job.py:182} INFO - Started process (PID=11260) to work on /home/airflow/.local/lib/python3.8/site-packages/airflow/example_dags/example_xcomargs.py
[2021-12-21 00:22:27,625] {scheduler_job.py:633} INFO - Processing file /home/airflow/.local/lib/python3.8/site-packages/airflow/example_dags/example_xcomargs.py for tasks to queue
[2021-12-21 00:22:27,627] {logging_mixin.py:104} INFO - [2021-12-21 00:22:27,627] {dagbag.py:496} INFO - Filling up the DagBag from /home/airflow/.local/lib/python3.8/site-packages/airflow/example_dags/example_xcomargs.py
[2021-12-21 00:22:27,664] {scheduler_job.py:643} INFO - DAG(s) dict_keys(['example_xcom_args', 'example_xcom_args_with_operators']) retrieved from /home/airflow/.local/lib/python3.8/site-packages/airflow/example_dags/example_xcomargs.py
[2021-12-21 00:22:28,211] {logging_mixin.py:104} INFO - [2021-12-21 00:22:28,211] {dag.py:1833} INFO - Sync 2 DAGs
[2021-12-21 00:22:28,230] {logging_mixin.py:104} INFO - [2021-12-21 00:22:28,230] {dag.py:2306} INFO - Setting next_dagrun for example_xcom_args to None
[2021-12-21 00:22:28,234] {logging_mixin.py:104} INFO - [2021-12-21 00:22:28,234] {dag.py:2306} INFO - Setting next_dagrun for example_xcom_args_with_operators to None
[2021-12-21 00:22:28,260] {scheduler_job.py:190} INFO - Processing /home/airflow/.local/lib/python3.8/site-packages/airflow/example_dags/example_xcomargs.py took 0.648 seconds
[2021-12-21 00:22:58,986] {scheduler_job.py:182} INFO - Started process (PID=11291) to work on /home/airflow/.local/lib/python3.8/site-packages/airflow/example_dags/example_xcomargs.py
[2021-12-21 00:22:58,989] {scheduler_job.py:633} INFO - Processing file /home/airflow/.local/lib/python3.8/site-packages/airflow/example_dags/example_xcomargs.py for tasks to queue
[2021-12-21 00:22:58,991] {logging_mixin.py:104} INFO - [2021-12-21 00:22:58,991] {dagbag.py:496} INFO - Filling up the DagBag from /home/airflow/.local/lib/python3.8/site-packages/airflow/example_dags/example_xcomargs.py
[2021-12-21 00:22:59,018] {scheduler_job.py:643} INFO - DAG(s) dict_keys(['example_xcom_args', 'example_xcom_args_with_operators']) retrieved from /home/airflow/.local/lib/python3.8/site-packages/airflow/example_dags/example_xcomargs.py
[2021-12-21 00:22:59,418] {logging_mixin.py:104} INFO - [2021-12-21 00:22:59,418] {dag.py:1833} INFO - Sync 2 DAGs
[2021-12-21 00:22:59,433] {logging_mixin.py:104} INFO - [2021-12-21 00:22:59,433] {dag.py:2306} INFO - Setting next_dagrun for example_xcom_args to None
[2021-12-21 00:22:59,436] {logging_mixin.py:104} INFO - [2021-12-21 00:22:59,436] {dag.py:2306} INFO - Setting next_dagrun for example_xcom_args_with_operators to None
[2021-12-21 00:22:59,464] {scheduler_job.py:190} INFO - Processing /home/airflow/.local/lib/python3.8/site-packages/airflow/example_dags/example_xcomargs.py took 0.482 seconds
[2021-12-21 00:23:29,568] {scheduler_job.py:182} INFO - Started process (PID=11322) to work on /home/airflow/.local/lib/python3.8/site-packages/airflow/example_dags/example_xcomargs.py
[2021-12-21 00:23:29,571] {scheduler_job.py:633} INFO - Processing file /home/airflow/.local/lib/python3.8/site-packages/airflow/example_dags/example_xcomargs.py for tasks to queue
[2021-12-21 00:23:29,574] {logging_mixin.py:104} INFO - [2021-12-21 00:23:29,574] {dagbag.py:496} INFO - Filling up the DagBag from /home/airflow/.local/lib/python3.8/site-packages/airflow/example_dags/example_xcomargs.py
[2021-12-21 00:23:29,606] {scheduler_job.py:643} INFO - DAG(s) dict_keys(['example_xcom_args', 'example_xcom_args_with_operators']) retrieved from /home/airflow/.local/lib/python3.8/site-packages/airflow/example_dags/example_xcomargs.py
[2021-12-21 00:23:29,651] {logging_mixin.py:104} INFO - [2021-12-21 00:23:29,651] {dag.py:1833} INFO - Sync 2 DAGs
[2021-12-21 00:23:29,668] {logging_mixin.py:104} INFO - [2021-12-21 00:23:29,667] {dag.py:2306} INFO - Setting next_dagrun for example_xcom_args to None
[2021-12-21 00:23:29,670] {logging_mixin.py:104} INFO - [2021-12-21 00:23:29,670] {dag.py:2306} INFO - Setting next_dagrun for example_xcom_args_with_operators to None
[2021-12-21 00:23:29,692] {scheduler_job.py:190} INFO - Processing /home/airflow/.local/lib/python3.8/site-packages/airflow/example_dags/example_xcomargs.py took 0.129 seconds
[2021-12-21 00:23:59,937] {scheduler_job.py:182} INFO - Started process (PID=11353) to work on /home/airflow/.local/lib/python3.8/site-packages/airflow/example_dags/example_xcomargs.py
[2021-12-21 00:23:59,940] {scheduler_job.py:633} INFO - Processing file /home/airflow/.local/lib/python3.8/site-packages/airflow/example_dags/example_xcomargs.py for tasks to queue
[2021-12-21 00:23:59,942] {logging_mixin.py:104} INFO - [2021-12-21 00:23:59,941] {dagbag.py:496} INFO - Filling up the DagBag from /home/airflow/.local/lib/python3.8/site-packages/airflow/example_dags/example_xcomargs.py
[2021-12-21 00:23:59,971] {scheduler_job.py:643} INFO - DAG(s) dict_keys(['example_xcom_args', 'example_xcom_args_with_operators']) retrieved from /home/airflow/.local/lib/python3.8/site-packages/airflow/example_dags/example_xcomargs.py
[2021-12-21 00:24:00,041] {logging_mixin.py:104} INFO - [2021-12-21 00:24:00,041] {dag.py:1833} INFO - Sync 2 DAGs
[2021-12-21 00:24:00,063] {logging_mixin.py:104} INFO - [2021-12-21 00:24:00,063] {dag.py:2306} INFO - Setting next_dagrun for example_xcom_args to None
[2021-12-21 00:24:00,066] {logging_mixin.py:104} INFO - [2021-12-21 00:24:00,065] {dag.py:2306} INFO - Setting next_dagrun for example_xcom_args_with_operators to None
[2021-12-21 00:24:00,092] {scheduler_job.py:190} INFO - Processing /home/airflow/.local/lib/python3.8/site-packages/airflow/example_dags/example_xcomargs.py took 0.159 seconds
[2021-12-21 00:24:30,583] {scheduler_job.py:182} INFO - Started process (PID=11384) to work on /home/airflow/.local/lib/python3.8/site-packages/airflow/example_dags/example_xcomargs.py
[2021-12-21 00:24:30,588] {scheduler_job.py:633} INFO - Processing file /home/airflow/.local/lib/python3.8/site-packages/airflow/example_dags/example_xcomargs.py for tasks to queue
[2021-12-21 00:24:30,591] {logging_mixin.py:104} INFO - [2021-12-21 00:24:30,591] {dagbag.py:496} INFO - Filling up the DagBag from /home/airflow/.local/lib/python3.8/site-packages/airflow/example_dags/example_xcomargs.py
[2021-12-21 00:24:30,626] {scheduler_job.py:643} INFO - DAG(s) dict_keys(['example_xcom_args', 'example_xcom_args_with_operators']) retrieved from /home/airflow/.local/lib/python3.8/site-packages/airflow/example_dags/example_xcomargs.py
[2021-12-21 00:24:31,193] {logging_mixin.py:104} INFO - [2021-12-21 00:24:31,192] {dag.py:1833} INFO - Sync 2 DAGs
[2021-12-21 00:24:31,213] {logging_mixin.py:104} INFO - [2021-12-21 00:24:31,213] {dag.py:2306} INFO - Setting next_dagrun for example_xcom_args to None
[2021-12-21 00:24:31,218] {logging_mixin.py:104} INFO - [2021-12-21 00:24:31,218] {dag.py:2306} INFO - Setting next_dagrun for example_xcom_args_with_operators to None
[2021-12-21 00:24:31,254] {scheduler_job.py:190} INFO - Processing /home/airflow/.local/lib/python3.8/site-packages/airflow/example_dags/example_xcomargs.py took 0.675 seconds
[2021-12-21 00:25:01,533] {scheduler_job.py:182} INFO - Started process (PID=11415) to work on /home/airflow/.local/lib/python3.8/site-packages/airflow/example_dags/example_xcomargs.py
[2021-12-21 00:25:01,546] {scheduler_job.py:633} INFO - Processing file /home/airflow/.local/lib/python3.8/site-packages/airflow/example_dags/example_xcomargs.py for tasks to queue
[2021-12-21 00:25:01,550] {logging_mixin.py:104} INFO - [2021-12-21 00:25:01,550] {dagbag.py:496} INFO - Filling up the DagBag from /home/airflow/.local/lib/python3.8/site-packages/airflow/example_dags/example_xcomargs.py
[2021-12-21 00:25:01,611] {scheduler_job.py:643} INFO - DAG(s) dict_keys(['example_xcom_args', 'example_xcom_args_with_operators']) retrieved from /home/airflow/.local/lib/python3.8/site-packages/airflow/example_dags/example_xcomargs.py
[2021-12-21 00:25:01,672] {logging_mixin.py:104} INFO - [2021-12-21 00:25:01,671] {dag.py:1833} INFO - Sync 2 DAGs
[2021-12-21 00:25:01,688] {logging_mixin.py:104} INFO - [2021-12-21 00:25:01,687] {dag.py:2306} INFO - Setting next_dagrun for example_xcom_args to None
[2021-12-21 00:25:01,693] {logging_mixin.py:104} INFO - [2021-12-21 00:25:01,693] {dag.py:2306} INFO - Setting next_dagrun for example_xcom_args_with_operators to None
[2021-12-21 00:25:01,719] {scheduler_job.py:190} INFO - Processing /home/airflow/.local/lib/python3.8/site-packages/airflow/example_dags/example_xcomargs.py took 0.199 seconds
[2021-12-21 00:25:32,277] {scheduler_job.py:182} INFO - Started process (PID=11446) to work on /home/airflow/.local/lib/python3.8/site-packages/airflow/example_dags/example_xcomargs.py
[2021-12-21 00:25:32,281] {scheduler_job.py:633} INFO - Processing file /home/airflow/.local/lib/python3.8/site-packages/airflow/example_dags/example_xcomargs.py for tasks to queue
[2021-12-21 00:25:32,284] {logging_mixin.py:104} INFO - [2021-12-21 00:25:32,284] {dagbag.py:496} INFO - Filling up the DagBag from /home/airflow/.local/lib/python3.8/site-packages/airflow/example_dags/example_xcomargs.py
[2021-12-21 00:25:32,342] {scheduler_job.py:643} INFO - DAG(s) dict_keys(['example_xcom_args', 'example_xcom_args_with_operators']) retrieved from /home/airflow/.local/lib/python3.8/site-packages/airflow/example_dags/example_xcomargs.py
[2021-12-21 00:25:32,886] {logging_mixin.py:104} INFO - [2021-12-21 00:25:32,886] {dag.py:1833} INFO - Sync 2 DAGs
[2021-12-21 00:25:32,906] {logging_mixin.py:104} INFO - [2021-12-21 00:25:32,906] {dag.py:2306} INFO - Setting next_dagrun for example_xcom_args to None
[2021-12-21 00:25:32,909] {logging_mixin.py:104} INFO - [2021-12-21 00:25:32,909] {dag.py:2306} INFO - Setting next_dagrun for example_xcom_args_with_operators to None
[2021-12-21 00:25:32,932] {scheduler_job.py:190} INFO - Processing /home/airflow/.local/lib/python3.8/site-packages/airflow/example_dags/example_xcomargs.py took 0.660 seconds
[2021-12-21 00:26:03,697] {scheduler_job.py:182} INFO - Started process (PID=11477) to work on /home/airflow/.local/lib/python3.8/site-packages/airflow/example_dags/example_xcomargs.py
[2021-12-21 00:26:03,701] {scheduler_job.py:633} INFO - Processing file /home/airflow/.local/lib/python3.8/site-packages/airflow/example_dags/example_xcomargs.py for tasks to queue
[2021-12-21 00:26:03,702] {logging_mixin.py:104} INFO - [2021-12-21 00:26:03,702] {dagbag.py:496} INFO - Filling up the DagBag from /home/airflow/.local/lib/python3.8/site-packages/airflow/example_dags/example_xcomargs.py
[2021-12-21 00:26:03,731] {scheduler_job.py:643} INFO - DAG(s) dict_keys(['example_xcom_args', 'example_xcom_args_with_operators']) retrieved from /home/airflow/.local/lib/python3.8/site-packages/airflow/example_dags/example_xcomargs.py
[2021-12-21 00:26:04,122] {logging_mixin.py:104} INFO - [2021-12-21 00:26:04,122] {dag.py:1833} INFO - Sync 2 DAGs
[2021-12-21 00:26:04,140] {logging_mixin.py:104} INFO - [2021-12-21 00:26:04,139] {dag.py:2306} INFO - Setting next_dagrun for example_xcom_args to None
[2021-12-21 00:26:04,142] {logging_mixin.py:104} INFO - [2021-12-21 00:26:04,142] {dag.py:2306} INFO - Setting next_dagrun for example_xcom_args_with_operators to None
[2021-12-21 00:26:04,168] {scheduler_job.py:190} INFO - Processing /home/airflow/.local/lib/python3.8/site-packages/airflow/example_dags/example_xcomargs.py took 0.475 seconds
[2021-12-21 00:26:34,700] {scheduler_job.py:182} INFO - Started process (PID=11508) to work on /home/airflow/.local/lib/python3.8/site-packages/airflow/example_dags/example_xcomargs.py
[2021-12-21 00:26:34,704] {scheduler_job.py:633} INFO - Processing file /home/airflow/.local/lib/python3.8/site-packages/airflow/example_dags/example_xcomargs.py for tasks to queue
[2021-12-21 00:26:34,706] {logging_mixin.py:104} INFO - [2021-12-21 00:26:34,706] {dagbag.py:496} INFO - Filling up the DagBag from /home/airflow/.local/lib/python3.8/site-packages/airflow/example_dags/example_xcomargs.py
[2021-12-21 00:26:34,732] {scheduler_job.py:643} INFO - DAG(s) dict_keys(['example_xcom_args', 'example_xcom_args_with_operators']) retrieved from /home/airflow/.local/lib/python3.8/site-packages/airflow/example_dags/example_xcomargs.py
[2021-12-21 00:26:35,135] {logging_mixin.py:104} INFO - [2021-12-21 00:26:35,135] {dag.py:1833} INFO - Sync 2 DAGs
[2021-12-21 00:26:35,152] {logging_mixin.py:104} INFO - [2021-12-21 00:26:35,152] {dag.py:2306} INFO - Setting next_dagrun for example_xcom_args to None
[2021-12-21 00:26:35,155] {logging_mixin.py:104} INFO - [2021-12-21 00:26:35,155] {dag.py:2306} INFO - Setting next_dagrun for example_xcom_args_with_operators to None
[2021-12-21 00:26:35,184] {scheduler_job.py:190} INFO - Processing /home/airflow/.local/lib/python3.8/site-packages/airflow/example_dags/example_xcomargs.py took 0.490 seconds
[2021-12-21 00:27:06,098] {scheduler_job.py:182} INFO - Started process (PID=11539) to work on /home/airflow/.local/lib/python3.8/site-packages/airflow/example_dags/example_xcomargs.py
[2021-12-21 00:27:06,104] {scheduler_job.py:633} INFO - Processing file /home/airflow/.local/lib/python3.8/site-packages/airflow/example_dags/example_xcomargs.py for tasks to queue
[2021-12-21 00:27:06,106] {logging_mixin.py:104} INFO - [2021-12-21 00:27:06,106] {dagbag.py:496} INFO - Filling up the DagBag from /home/airflow/.local/lib/python3.8/site-packages/airflow/example_dags/example_xcomargs.py
[2021-12-21 00:27:06,130] {scheduler_job.py:643} INFO - DAG(s) dict_keys(['example_xcom_args', 'example_xcom_args_with_operators']) retrieved from /home/airflow/.local/lib/python3.8/site-packages/airflow/example_dags/example_xcomargs.py
[2021-12-21 00:27:06,520] {logging_mixin.py:104} INFO - [2021-12-21 00:27:06,520] {dag.py:1833} INFO - Sync 2 DAGs
[2021-12-21 00:27:06,538] {logging_mixin.py:104} INFO - [2021-12-21 00:27:06,537] {dag.py:2306} INFO - Setting next_dagrun for example_xcom_args to None
[2021-12-21 00:27:06,540] {logging_mixin.py:104} INFO - [2021-12-21 00:27:06,540] {dag.py:2306} INFO - Setting next_dagrun for example_xcom_args_with_operators to None
[2021-12-21 00:27:06,568] {scheduler_job.py:190} INFO - Processing /home/airflow/.local/lib/python3.8/site-packages/airflow/example_dags/example_xcomargs.py took 0.475 seconds
[2021-12-21 00:27:36,792] {scheduler_job.py:182} INFO - Started process (PID=11570) to work on /home/airflow/.local/lib/python3.8/site-packages/airflow/example_dags/example_xcomargs.py
[2021-12-21 00:27:36,797] {scheduler_job.py:633} INFO - Processing file /home/airflow/.local/lib/python3.8/site-packages/airflow/example_dags/example_xcomargs.py for tasks to queue
[2021-12-21 00:27:36,799] {logging_mixin.py:104} INFO - [2021-12-21 00:27:36,799] {dagbag.py:496} INFO - Filling up the DagBag from /home/airflow/.local/lib/python3.8/site-packages/airflow/example_dags/example_xcomargs.py
[2021-12-21 00:27:36,825] {scheduler_job.py:643} INFO - DAG(s) dict_keys(['example_xcom_args', 'example_xcom_args_with_operators']) retrieved from /home/airflow/.local/lib/python3.8/site-packages/airflow/example_dags/example_xcomargs.py
[2021-12-21 00:27:37,194] {logging_mixin.py:104} INFO - [2021-12-21 00:27:37,193] {dag.py:1833} INFO - Sync 2 DAGs
[2021-12-21 00:27:37,207] {logging_mixin.py:104} INFO - [2021-12-21 00:27:37,206] {dag.py:2306} INFO - Setting next_dagrun for example_xcom_args to None
[2021-12-21 00:27:37,209] {logging_mixin.py:104} INFO - [2021-12-21 00:27:37,209] {dag.py:2306} INFO - Setting next_dagrun for example_xcom_args_with_operators to None
[2021-12-21 00:27:37,234] {scheduler_job.py:190} INFO - Processing /home/airflow/.local/lib/python3.8/site-packages/airflow/example_dags/example_xcomargs.py took 0.448 seconds
[2021-12-21 00:28:07,866] {scheduler_job.py:182} INFO - Started process (PID=11601) to work on /home/airflow/.local/lib/python3.8/site-packages/airflow/example_dags/example_xcomargs.py
[2021-12-21 00:28:07,870] {scheduler_job.py:633} INFO - Processing file /home/airflow/.local/lib/python3.8/site-packages/airflow/example_dags/example_xcomargs.py for tasks to queue
[2021-12-21 00:28:07,874] {logging_mixin.py:104} INFO - [2021-12-21 00:28:07,873] {dagbag.py:496} INFO - Filling up the DagBag from /home/airflow/.local/lib/python3.8/site-packages/airflow/example_dags/example_xcomargs.py
[2021-12-21 00:28:07,902] {scheduler_job.py:643} INFO - DAG(s) dict_keys(['example_xcom_args', 'example_xcom_args_with_operators']) retrieved from /home/airflow/.local/lib/python3.8/site-packages/airflow/example_dags/example_xcomargs.py
[2021-12-21 00:28:07,954] {logging_mixin.py:104} INFO - [2021-12-21 00:28:07,954] {dag.py:1833} INFO - Sync 2 DAGs
[2021-12-21 00:28:07,973] {logging_mixin.py:104} INFO - [2021-12-21 00:28:07,973] {dag.py:2306} INFO - Setting next_dagrun for example_xcom_args to None
[2021-12-21 00:28:07,976] {logging_mixin.py:104} INFO - [2021-12-21 00:28:07,976] {dag.py:2306} INFO - Setting next_dagrun for example_xcom_args_with_operators to None
[2021-12-21 00:28:07,997] {scheduler_job.py:190} INFO - Processing /home/airflow/.local/lib/python3.8/site-packages/airflow/example_dags/example_xcomargs.py took 0.136 seconds
[2021-12-21 00:28:38,407] {scheduler_job.py:182} INFO - Started process (PID=11632) to work on /home/airflow/.local/lib/python3.8/site-packages/airflow/example_dags/example_xcomargs.py
[2021-12-21 00:28:38,411] {scheduler_job.py:633} INFO - Processing file /home/airflow/.local/lib/python3.8/site-packages/airflow/example_dags/example_xcomargs.py for tasks to queue
[2021-12-21 00:28:38,413] {logging_mixin.py:104} INFO - [2021-12-21 00:28:38,413] {dagbag.py:496} INFO - Filling up the DagBag from /home/airflow/.local/lib/python3.8/site-packages/airflow/example_dags/example_xcomargs.py
[2021-12-21 00:28:38,441] {scheduler_job.py:643} INFO - DAG(s) dict_keys(['example_xcom_args', 'example_xcom_args_with_operators']) retrieved from /home/airflow/.local/lib/python3.8/site-packages/airflow/example_dags/example_xcomargs.py
[2021-12-21 00:28:38,503] {logging_mixin.py:104} INFO - [2021-12-21 00:28:38,502] {dag.py:1833} INFO - Sync 2 DAGs
[2021-12-21 00:28:38,519] {logging_mixin.py:104} INFO - [2021-12-21 00:28:38,519] {dag.py:2306} INFO - Setting next_dagrun for example_xcom_args to None
[2021-12-21 00:28:38,522] {logging_mixin.py:104} INFO - [2021-12-21 00:28:38,522] {dag.py:2306} INFO - Setting next_dagrun for example_xcom_args_with_operators to None
[2021-12-21 00:28:38,544] {scheduler_job.py:190} INFO - Processing /home/airflow/.local/lib/python3.8/site-packages/airflow/example_dags/example_xcomargs.py took 0.141 seconds
[2021-12-21 00:29:09,019] {scheduler_job.py:182} INFO - Started process (PID=11663) to work on /home/airflow/.local/lib/python3.8/site-packages/airflow/example_dags/example_xcomargs.py
[2021-12-21 00:29:09,029] {scheduler_job.py:633} INFO - Processing file /home/airflow/.local/lib/python3.8/site-packages/airflow/example_dags/example_xcomargs.py for tasks to queue
[2021-12-21 00:29:09,032] {logging_mixin.py:104} INFO - [2021-12-21 00:29:09,032] {dagbag.py:496} INFO - Filling up the DagBag from /home/airflow/.local/lib/python3.8/site-packages/airflow/example_dags/example_xcomargs.py
[2021-12-21 00:29:09,104] {scheduler_job.py:643} INFO - DAG(s) dict_keys(['example_xcom_args', 'example_xcom_args_with_operators']) retrieved from /home/airflow/.local/lib/python3.8/site-packages/airflow/example_dags/example_xcomargs.py
[2021-12-21 00:29:09,197] {logging_mixin.py:104} INFO - [2021-12-21 00:29:09,197] {dag.py:1833} INFO - Sync 2 DAGs
[2021-12-21 00:29:09,233] {logging_mixin.py:104} INFO - [2021-12-21 00:29:09,232] {dag.py:2306} INFO - Setting next_dagrun for example_xcom_args to None
[2021-12-21 00:29:09,240] {logging_mixin.py:104} INFO - [2021-12-21 00:29:09,239] {dag.py:2306} INFO - Setting next_dagrun for example_xcom_args_with_operators to None
[2021-12-21 00:29:09,275] {scheduler_job.py:190} INFO - Processing /home/airflow/.local/lib/python3.8/site-packages/airflow/example_dags/example_xcomargs.py took 0.273 seconds
[2021-12-21 00:29:39,580] {scheduler_job.py:182} INFO - Started process (PID=11694) to work on /home/airflow/.local/lib/python3.8/site-packages/airflow/example_dags/example_xcomargs.py
[2021-12-21 00:29:39,584] {scheduler_job.py:633} INFO - Processing file /home/airflow/.local/lib/python3.8/site-packages/airflow/example_dags/example_xcomargs.py for tasks to queue
[2021-12-21 00:29:39,586] {logging_mixin.py:104} INFO - [2021-12-21 00:29:39,585] {dagbag.py:496} INFO - Filling up the DagBag from /home/airflow/.local/lib/python3.8/site-packages/airflow/example_dags/example_xcomargs.py
[2021-12-21 00:29:39,612] {scheduler_job.py:643} INFO - DAG(s) dict_keys(['example_xcom_args', 'example_xcom_args_with_operators']) retrieved from /home/airflow/.local/lib/python3.8/site-packages/airflow/example_dags/example_xcomargs.py
[2021-12-21 00:29:39,675] {logging_mixin.py:104} INFO - [2021-12-21 00:29:39,675] {dag.py:1833} INFO - Sync 2 DAGs
[2021-12-21 00:29:39,693] {logging_mixin.py:104} INFO - [2021-12-21 00:29:39,693] {dag.py:2306} INFO - Setting next_dagrun for example_xcom_args to None
[2021-12-21 00:29:39,697] {logging_mixin.py:104} INFO - [2021-12-21 00:29:39,697] {dag.py:2306} INFO - Setting next_dagrun for example_xcom_args_with_operators to None
[2021-12-21 00:29:39,730] {scheduler_job.py:190} INFO - Processing /home/airflow/.local/lib/python3.8/site-packages/airflow/example_dags/example_xcomargs.py took 0.155 seconds
[2021-12-21 00:30:10,127] {scheduler_job.py:182} INFO - Started process (PID=11725) to work on /home/airflow/.local/lib/python3.8/site-packages/airflow/example_dags/example_xcomargs.py
[2021-12-21 00:30:10,131] {scheduler_job.py:633} INFO - Processing file /home/airflow/.local/lib/python3.8/site-packages/airflow/example_dags/example_xcomargs.py for tasks to queue
[2021-12-21 00:30:10,133] {logging_mixin.py:104} INFO - [2021-12-21 00:30:10,133] {dagbag.py:496} INFO - Filling up the DagBag from /home/airflow/.local/lib/python3.8/site-packages/airflow/example_dags/example_xcomargs.py
[2021-12-21 00:30:10,157] {scheduler_job.py:643} INFO - DAG(s) dict_keys(['example_xcom_args', 'example_xcom_args_with_operators']) retrieved from /home/airflow/.local/lib/python3.8/site-packages/airflow/example_dags/example_xcomargs.py
[2021-12-21 00:30:10,209] {logging_mixin.py:104} INFO - [2021-12-21 00:30:10,208] {dag.py:1833} INFO - Sync 2 DAGs
[2021-12-21 00:30:10,224] {logging_mixin.py:104} INFO - [2021-12-21 00:30:10,224] {dag.py:2306} INFO - Setting next_dagrun for example_xcom_args to None
[2021-12-21 00:30:10,227] {logging_mixin.py:104} INFO - [2021-12-21 00:30:10,227] {dag.py:2306} INFO - Setting next_dagrun for example_xcom_args_with_operators to None
[2021-12-21 00:30:10,247] {scheduler_job.py:190} INFO - Processing /home/airflow/.local/lib/python3.8/site-packages/airflow/example_dags/example_xcomargs.py took 0.125 seconds
[2021-12-21 00:30:40,296] {scheduler_job.py:182} INFO - Started process (PID=11756) to work on /home/airflow/.local/lib/python3.8/site-packages/airflow/example_dags/example_xcomargs.py
[2021-12-21 00:30:40,299] {scheduler_job.py:633} INFO - Processing file /home/airflow/.local/lib/python3.8/site-packages/airflow/example_dags/example_xcomargs.py for tasks to queue
[2021-12-21 00:30:40,302] {logging_mixin.py:104} INFO - [2021-12-21 00:30:40,301] {dagbag.py:496} INFO - Filling up the DagBag from /home/airflow/.local/lib/python3.8/site-packages/airflow/example_dags/example_xcomargs.py
[2021-12-21 00:30:40,326] {scheduler_job.py:643} INFO - DAG(s) dict_keys(['example_xcom_args', 'example_xcom_args_with_operators']) retrieved from /home/airflow/.local/lib/python3.8/site-packages/airflow/example_dags/example_xcomargs.py
[2021-12-21 00:30:40,689] {logging_mixin.py:104} INFO - [2021-12-21 00:30:40,689] {dag.py:1833} INFO - Sync 2 DAGs
[2021-12-21 00:30:40,700] {logging_mixin.py:104} INFO - [2021-12-21 00:30:40,700] {dag.py:2306} INFO - Setting next_dagrun for example_xcom_args to None
[2021-12-21 00:30:40,703] {logging_mixin.py:104} INFO - [2021-12-21 00:30:40,703] {dag.py:2306} INFO - Setting next_dagrun for example_xcom_args_with_operators to None
[2021-12-21 00:30:40,722] {scheduler_job.py:190} INFO - Processing /home/airflow/.local/lib/python3.8/site-packages/airflow/example_dags/example_xcomargs.py took 0.433 seconds
[2021-12-21 00:39:22,627] {scheduler_job.py:182} INFO - Started process (PID=11779) to work on /home/airflow/.local/lib/python3.8/site-packages/airflow/example_dags/example_xcomargs.py
[2021-12-21 00:39:22,632] {scheduler_job.py:633} INFO - Processing file /home/airflow/.local/lib/python3.8/site-packages/airflow/example_dags/example_xcomargs.py for tasks to queue
[2021-12-21 00:39:22,637] {logging_mixin.py:104} INFO - [2021-12-21 00:39:22,636] {dagbag.py:496} INFO - Filling up the DagBag from /home/airflow/.local/lib/python3.8/site-packages/airflow/example_dags/example_xcomargs.py
[2021-12-21 00:39:22,754] {scheduler_job.py:643} INFO - DAG(s) dict_keys(['example_xcom_args', 'example_xcom_args_with_operators']) retrieved from /home/airflow/.local/lib/python3.8/site-packages/airflow/example_dags/example_xcomargs.py
[2021-12-21 00:39:23,879] {logging_mixin.py:104} INFO - [2021-12-21 00:39:23,879] {dag.py:1833} INFO - Sync 2 DAGs
[2021-12-21 00:39:23,910] {logging_mixin.py:104} INFO - [2021-12-21 00:39:23,910] {dag.py:2306} INFO - Setting next_dagrun for example_xcom_args to None
[2021-12-21 00:39:23,913] {logging_mixin.py:104} INFO - [2021-12-21 00:39:23,913] {dag.py:2306} INFO - Setting next_dagrun for example_xcom_args_with_operators to None
[2021-12-21 00:39:23,949] {scheduler_job.py:190} INFO - Processing /home/airflow/.local/lib/python3.8/site-packages/airflow/example_dags/example_xcomargs.py took 1.333 seconds
[2021-12-21 00:39:54,243] {scheduler_job.py:182} INFO - Started process (PID=11810) to work on /home/airflow/.local/lib/python3.8/site-packages/airflow/example_dags/example_xcomargs.py
[2021-12-21 00:39:54,254] {scheduler_job.py:633} INFO - Processing file /home/airflow/.local/lib/python3.8/site-packages/airflow/example_dags/example_xcomargs.py for tasks to queue
[2021-12-21 00:39:54,258] {logging_mixin.py:104} INFO - [2021-12-21 00:39:54,257] {dagbag.py:496} INFO - Filling up the DagBag from /home/airflow/.local/lib/python3.8/site-packages/airflow/example_dags/example_xcomargs.py
[2021-12-21 00:39:54,462] {scheduler_job.py:643} INFO - DAG(s) dict_keys(['example_xcom_args', 'example_xcom_args_with_operators']) retrieved from /home/airflow/.local/lib/python3.8/site-packages/airflow/example_dags/example_xcomargs.py
[2021-12-21 00:39:56,049] {logging_mixin.py:104} INFO - [2021-12-21 00:39:56,049] {dag.py:1833} INFO - Sync 2 DAGs
[2021-12-21 00:39:56,096] {logging_mixin.py:104} INFO - [2021-12-21 00:39:56,096] {dag.py:2306} INFO - Setting next_dagrun for example_xcom_args to None
[2021-12-21 00:39:56,100] {logging_mixin.py:104} INFO - [2021-12-21 00:39:56,100] {dag.py:2306} INFO - Setting next_dagrun for example_xcom_args_with_operators to None
[2021-12-21 00:39:56,172] {scheduler_job.py:190} INFO - Processing /home/airflow/.local/lib/python3.8/site-packages/airflow/example_dags/example_xcomargs.py took 1.954 seconds
[2021-12-21 00:56:36,317] {scheduler_job.py:182} INFO - Started process (PID=11841) to work on /home/airflow/.local/lib/python3.8/site-packages/airflow/example_dags/example_xcomargs.py
[2021-12-21 00:56:36,322] {scheduler_job.py:633} INFO - Processing file /home/airflow/.local/lib/python3.8/site-packages/airflow/example_dags/example_xcomargs.py for tasks to queue
[2021-12-21 00:56:36,329] {logging_mixin.py:104} INFO - [2021-12-21 00:56:36,329] {dagbag.py:496} INFO - Filling up the DagBag from /home/airflow/.local/lib/python3.8/site-packages/airflow/example_dags/example_xcomargs.py
[2021-12-21 00:56:36,591] {scheduler_job.py:643} INFO - DAG(s) dict_keys(['example_xcom_args', 'example_xcom_args_with_operators']) retrieved from /home/airflow/.local/lib/python3.8/site-packages/airflow/example_dags/example_xcomargs.py
[2021-12-21 00:56:39,965] {logging_mixin.py:104} INFO - [2021-12-21 00:56:39,965] {dag.py:1833} INFO - Sync 2 DAGs
[2021-12-21 00:56:40,400] {logging_mixin.py:104} INFO - [2021-12-21 00:56:40,400] {dag.py:2306} INFO - Setting next_dagrun for example_xcom_args to None
[2021-12-21 00:56:40,414] {logging_mixin.py:104} INFO - [2021-12-21 00:56:40,413] {dag.py:2306} INFO - Setting next_dagrun for example_xcom_args_with_operators to None
[2021-12-21 00:56:40,514] {scheduler_job.py:190} INFO - Processing /home/airflow/.local/lib/python3.8/site-packages/airflow/example_dags/example_xcomargs.py took 4.270 seconds
