[2021-12-21 00:00:02,753] {scheduler_job.py:182} INFO - Started process (PID=9898) to work on /home/airflow/.local/lib/python3.8/site-packages/airflow/example_dags/example_kubernetes_executor.py
[2021-12-21 00:00:02,764] {scheduler_job.py:633} INFO - Processing file /home/airflow/.local/lib/python3.8/site-packages/airflow/example_dags/example_kubernetes_executor.py for tasks to queue
[2021-12-21 00:00:02,781] {logging_mixin.py:104} INFO - [2021-12-21 00:00:02,779] {dagbag.py:496} INFO - Filling up the DagBag from /home/airflow/.local/lib/python3.8/site-packages/airflow/example_dags/example_kubernetes_executor.py
[2021-12-21 00:00:02,858] {scheduler_job.py:643} INFO - DAG(s) dict_keys(['example_kubernetes_executor']) retrieved from /home/airflow/.local/lib/python3.8/site-packages/airflow/example_dags/example_kubernetes_executor.py
[2021-12-21 00:00:03,520] {logging_mixin.py:104} INFO - [2021-12-21 00:00:03,519] {dag.py:1833} INFO - Sync 1 DAGs
[2021-12-21 00:00:03,549] {logging_mixin.py:104} INFO - [2021-12-21 00:00:03,548] {dag.py:2306} INFO - Setting next_dagrun for example_kubernetes_executor to None
[2021-12-21 00:00:03,579] {scheduler_job.py:190} INFO - Processing /home/airflow/.local/lib/python3.8/site-packages/airflow/example_dags/example_kubernetes_executor.py took 0.837 seconds
[2021-12-21 00:00:33,790] {scheduler_job.py:182} INFO - Started process (PID=9929) to work on /home/airflow/.local/lib/python3.8/site-packages/airflow/example_dags/example_kubernetes_executor.py
[2021-12-21 00:00:33,796] {scheduler_job.py:633} INFO - Processing file /home/airflow/.local/lib/python3.8/site-packages/airflow/example_dags/example_kubernetes_executor.py for tasks to queue
[2021-12-21 00:00:33,799] {logging_mixin.py:104} INFO - [2021-12-21 00:00:33,799] {dagbag.py:496} INFO - Filling up the DagBag from /home/airflow/.local/lib/python3.8/site-packages/airflow/example_dags/example_kubernetes_executor.py
[2021-12-21 00:00:33,828] {scheduler_job.py:643} INFO - DAG(s) dict_keys(['example_kubernetes_executor']) retrieved from /home/airflow/.local/lib/python3.8/site-packages/airflow/example_dags/example_kubernetes_executor.py
[2021-12-21 00:00:33,909] {logging_mixin.py:104} INFO - [2021-12-21 00:00:33,909] {dag.py:1833} INFO - Sync 1 DAGs
[2021-12-21 00:00:33,932] {logging_mixin.py:104} INFO - [2021-12-21 00:00:33,932] {dag.py:2306} INFO - Setting next_dagrun for example_kubernetes_executor to None
[2021-12-21 00:00:33,981] {scheduler_job.py:190} INFO - Processing /home/airflow/.local/lib/python3.8/site-packages/airflow/example_dags/example_kubernetes_executor.py took 0.195 seconds
[2021-12-21 00:01:04,533] {scheduler_job.py:182} INFO - Started process (PID=9960) to work on /home/airflow/.local/lib/python3.8/site-packages/airflow/example_dags/example_kubernetes_executor.py
[2021-12-21 00:01:04,542] {scheduler_job.py:633} INFO - Processing file /home/airflow/.local/lib/python3.8/site-packages/airflow/example_dags/example_kubernetes_executor.py for tasks to queue
[2021-12-21 00:01:04,545] {logging_mixin.py:104} INFO - [2021-12-21 00:01:04,545] {dagbag.py:496} INFO - Filling up the DagBag from /home/airflow/.local/lib/python3.8/site-packages/airflow/example_dags/example_kubernetes_executor.py
[2021-12-21 00:01:04,596] {scheduler_job.py:643} INFO - DAG(s) dict_keys(['example_kubernetes_executor']) retrieved from /home/airflow/.local/lib/python3.8/site-packages/airflow/example_dags/example_kubernetes_executor.py
[2021-12-21 00:01:04,654] {logging_mixin.py:104} INFO - [2021-12-21 00:01:04,654] {dag.py:1833} INFO - Sync 1 DAGs
[2021-12-21 00:01:04,678] {logging_mixin.py:104} INFO - [2021-12-21 00:01:04,678] {dag.py:2306} INFO - Setting next_dagrun for example_kubernetes_executor to None
[2021-12-21 00:01:04,733] {scheduler_job.py:190} INFO - Processing /home/airflow/.local/lib/python3.8/site-packages/airflow/example_dags/example_kubernetes_executor.py took 0.217 seconds
[2021-12-21 00:01:34,958] {scheduler_job.py:182} INFO - Started process (PID=9991) to work on /home/airflow/.local/lib/python3.8/site-packages/airflow/example_dags/example_kubernetes_executor.py
[2021-12-21 00:01:34,964] {scheduler_job.py:633} INFO - Processing file /home/airflow/.local/lib/python3.8/site-packages/airflow/example_dags/example_kubernetes_executor.py for tasks to queue
[2021-12-21 00:01:34,967] {logging_mixin.py:104} INFO - [2021-12-21 00:01:34,967] {dagbag.py:496} INFO - Filling up the DagBag from /home/airflow/.local/lib/python3.8/site-packages/airflow/example_dags/example_kubernetes_executor.py
[2021-12-21 00:01:34,999] {scheduler_job.py:643} INFO - DAG(s) dict_keys(['example_kubernetes_executor']) retrieved from /home/airflow/.local/lib/python3.8/site-packages/airflow/example_dags/example_kubernetes_executor.py
[2021-12-21 00:01:35,061] {logging_mixin.py:104} INFO - [2021-12-21 00:01:35,060] {dag.py:1833} INFO - Sync 1 DAGs
[2021-12-21 00:01:35,080] {logging_mixin.py:104} INFO - [2021-12-21 00:01:35,080] {dag.py:2306} INFO - Setting next_dagrun for example_kubernetes_executor to None
[2021-12-21 00:01:35,101] {scheduler_job.py:190} INFO - Processing /home/airflow/.local/lib/python3.8/site-packages/airflow/example_dags/example_kubernetes_executor.py took 0.151 seconds
[2021-12-21 00:02:05,576] {scheduler_job.py:182} INFO - Started process (PID=10022) to work on /home/airflow/.local/lib/python3.8/site-packages/airflow/example_dags/example_kubernetes_executor.py
[2021-12-21 00:02:05,581] {scheduler_job.py:633} INFO - Processing file /home/airflow/.local/lib/python3.8/site-packages/airflow/example_dags/example_kubernetes_executor.py for tasks to queue
[2021-12-21 00:02:05,584] {logging_mixin.py:104} INFO - [2021-12-21 00:02:05,584] {dagbag.py:496} INFO - Filling up the DagBag from /home/airflow/.local/lib/python3.8/site-packages/airflow/example_dags/example_kubernetes_executor.py
[2021-12-21 00:02:05,611] {scheduler_job.py:643} INFO - DAG(s) dict_keys(['example_kubernetes_executor']) retrieved from /home/airflow/.local/lib/python3.8/site-packages/airflow/example_dags/example_kubernetes_executor.py
[2021-12-21 00:02:05,676] {logging_mixin.py:104} INFO - [2021-12-21 00:02:05,676] {dag.py:1833} INFO - Sync 1 DAGs
[2021-12-21 00:02:05,717] {logging_mixin.py:104} INFO - [2021-12-21 00:02:05,717] {dag.py:2306} INFO - Setting next_dagrun for example_kubernetes_executor to None
[2021-12-21 00:02:05,758] {scheduler_job.py:190} INFO - Processing /home/airflow/.local/lib/python3.8/site-packages/airflow/example_dags/example_kubernetes_executor.py took 0.202 seconds
[2021-12-21 00:02:36,125] {scheduler_job.py:182} INFO - Started process (PID=10053) to work on /home/airflow/.local/lib/python3.8/site-packages/airflow/example_dags/example_kubernetes_executor.py
[2021-12-21 00:02:36,138] {scheduler_job.py:633} INFO - Processing file /home/airflow/.local/lib/python3.8/site-packages/airflow/example_dags/example_kubernetes_executor.py for tasks to queue
[2021-12-21 00:02:36,146] {logging_mixin.py:104} INFO - [2021-12-21 00:02:36,146] {dagbag.py:496} INFO - Filling up the DagBag from /home/airflow/.local/lib/python3.8/site-packages/airflow/example_dags/example_kubernetes_executor.py
[2021-12-21 00:02:36,193] {scheduler_job.py:643} INFO - DAG(s) dict_keys(['example_kubernetes_executor']) retrieved from /home/airflow/.local/lib/python3.8/site-packages/airflow/example_dags/example_kubernetes_executor.py
[2021-12-21 00:02:36,269] {logging_mixin.py:104} INFO - [2021-12-21 00:02:36,269] {dag.py:1833} INFO - Sync 1 DAGs
[2021-12-21 00:02:36,306] {logging_mixin.py:104} INFO - [2021-12-21 00:02:36,305] {dag.py:2306} INFO - Setting next_dagrun for example_kubernetes_executor to None
[2021-12-21 00:02:36,343] {scheduler_job.py:190} INFO - Processing /home/airflow/.local/lib/python3.8/site-packages/airflow/example_dags/example_kubernetes_executor.py took 0.248 seconds
[2021-12-21 00:03:07,292] {scheduler_job.py:182} INFO - Started process (PID=10084) to work on /home/airflow/.local/lib/python3.8/site-packages/airflow/example_dags/example_kubernetes_executor.py
[2021-12-21 00:03:07,296] {scheduler_job.py:633} INFO - Processing file /home/airflow/.local/lib/python3.8/site-packages/airflow/example_dags/example_kubernetes_executor.py for tasks to queue
[2021-12-21 00:03:07,303] {logging_mixin.py:104} INFO - [2021-12-21 00:03:07,302] {dagbag.py:496} INFO - Filling up the DagBag from /home/airflow/.local/lib/python3.8/site-packages/airflow/example_dags/example_kubernetes_executor.py
[2021-12-21 00:03:07,334] {scheduler_job.py:643} INFO - DAG(s) dict_keys(['example_kubernetes_executor']) retrieved from /home/airflow/.local/lib/python3.8/site-packages/airflow/example_dags/example_kubernetes_executor.py
[2021-12-21 00:03:07,389] {logging_mixin.py:104} INFO - [2021-12-21 00:03:07,389] {dag.py:1833} INFO - Sync 1 DAGs
[2021-12-21 00:03:07,409] {logging_mixin.py:104} INFO - [2021-12-21 00:03:07,409] {dag.py:2306} INFO - Setting next_dagrun for example_kubernetes_executor to None
[2021-12-21 00:03:07,430] {scheduler_job.py:190} INFO - Processing /home/airflow/.local/lib/python3.8/site-packages/airflow/example_dags/example_kubernetes_executor.py took 0.155 seconds
[2021-12-21 00:03:37,874] {scheduler_job.py:182} INFO - Started process (PID=10115) to work on /home/airflow/.local/lib/python3.8/site-packages/airflow/example_dags/example_kubernetes_executor.py
[2021-12-21 00:03:37,878] {scheduler_job.py:633} INFO - Processing file /home/airflow/.local/lib/python3.8/site-packages/airflow/example_dags/example_kubernetes_executor.py for tasks to queue
[2021-12-21 00:03:37,880] {logging_mixin.py:104} INFO - [2021-12-21 00:03:37,880] {dagbag.py:496} INFO - Filling up the DagBag from /home/airflow/.local/lib/python3.8/site-packages/airflow/example_dags/example_kubernetes_executor.py
[2021-12-21 00:03:37,908] {scheduler_job.py:643} INFO - DAG(s) dict_keys(['example_kubernetes_executor']) retrieved from /home/airflow/.local/lib/python3.8/site-packages/airflow/example_dags/example_kubernetes_executor.py
[2021-12-21 00:03:37,957] {logging_mixin.py:104} INFO - [2021-12-21 00:03:37,957] {dag.py:1833} INFO - Sync 1 DAGs
[2021-12-21 00:03:37,989] {logging_mixin.py:104} INFO - [2021-12-21 00:03:37,989] {dag.py:2306} INFO - Setting next_dagrun for example_kubernetes_executor to None
[2021-12-21 00:03:38,018] {scheduler_job.py:190} INFO - Processing /home/airflow/.local/lib/python3.8/site-packages/airflow/example_dags/example_kubernetes_executor.py took 0.148 seconds
[2021-12-21 00:04:08,188] {scheduler_job.py:182} INFO - Started process (PID=10146) to work on /home/airflow/.local/lib/python3.8/site-packages/airflow/example_dags/example_kubernetes_executor.py
[2021-12-21 00:04:08,196] {scheduler_job.py:633} INFO - Processing file /home/airflow/.local/lib/python3.8/site-packages/airflow/example_dags/example_kubernetes_executor.py for tasks to queue
[2021-12-21 00:04:08,199] {logging_mixin.py:104} INFO - [2021-12-21 00:04:08,199] {dagbag.py:496} INFO - Filling up the DagBag from /home/airflow/.local/lib/python3.8/site-packages/airflow/example_dags/example_kubernetes_executor.py
[2021-12-21 00:04:08,225] {scheduler_job.py:643} INFO - DAG(s) dict_keys(['example_kubernetes_executor']) retrieved from /home/airflow/.local/lib/python3.8/site-packages/airflow/example_dags/example_kubernetes_executor.py
[2021-12-21 00:04:08,283] {logging_mixin.py:104} INFO - [2021-12-21 00:04:08,283] {dag.py:1833} INFO - Sync 1 DAGs
[2021-12-21 00:04:08,310] {logging_mixin.py:104} INFO - [2021-12-21 00:04:08,310] {dag.py:2306} INFO - Setting next_dagrun for example_kubernetes_executor to None
[2021-12-21 00:04:08,341] {scheduler_job.py:190} INFO - Processing /home/airflow/.local/lib/python3.8/site-packages/airflow/example_dags/example_kubernetes_executor.py took 0.157 seconds
[2021-12-21 00:04:38,607] {scheduler_job.py:182} INFO - Started process (PID=10177) to work on /home/airflow/.local/lib/python3.8/site-packages/airflow/example_dags/example_kubernetes_executor.py
[2021-12-21 00:04:38,612] {scheduler_job.py:633} INFO - Processing file /home/airflow/.local/lib/python3.8/site-packages/airflow/example_dags/example_kubernetes_executor.py for tasks to queue
[2021-12-21 00:04:38,616] {logging_mixin.py:104} INFO - [2021-12-21 00:04:38,616] {dagbag.py:496} INFO - Filling up the DagBag from /home/airflow/.local/lib/python3.8/site-packages/airflow/example_dags/example_kubernetes_executor.py
[2021-12-21 00:04:38,659] {scheduler_job.py:643} INFO - DAG(s) dict_keys(['example_kubernetes_executor']) retrieved from /home/airflow/.local/lib/python3.8/site-packages/airflow/example_dags/example_kubernetes_executor.py
[2021-12-21 00:04:38,716] {logging_mixin.py:104} INFO - [2021-12-21 00:04:38,716] {dag.py:1833} INFO - Sync 1 DAGs
[2021-12-21 00:04:38,735] {logging_mixin.py:104} INFO - [2021-12-21 00:04:38,735] {dag.py:2306} INFO - Setting next_dagrun for example_kubernetes_executor to None
[2021-12-21 00:04:38,770] {scheduler_job.py:190} INFO - Processing /home/airflow/.local/lib/python3.8/site-packages/airflow/example_dags/example_kubernetes_executor.py took 0.172 seconds
[2021-12-21 00:05:09,218] {scheduler_job.py:182} INFO - Started process (PID=10207) to work on /home/airflow/.local/lib/python3.8/site-packages/airflow/example_dags/example_kubernetes_executor.py
[2021-12-21 00:05:09,225] {scheduler_job.py:633} INFO - Processing file /home/airflow/.local/lib/python3.8/site-packages/airflow/example_dags/example_kubernetes_executor.py for tasks to queue
[2021-12-21 00:05:09,228] {logging_mixin.py:104} INFO - [2021-12-21 00:05:09,228] {dagbag.py:496} INFO - Filling up the DagBag from /home/airflow/.local/lib/python3.8/site-packages/airflow/example_dags/example_kubernetes_executor.py
[2021-12-21 00:05:09,253] {scheduler_job.py:643} INFO - DAG(s) dict_keys(['example_kubernetes_executor']) retrieved from /home/airflow/.local/lib/python3.8/site-packages/airflow/example_dags/example_kubernetes_executor.py
[2021-12-21 00:05:09,300] {logging_mixin.py:104} INFO - [2021-12-21 00:05:09,300] {dag.py:1833} INFO - Sync 1 DAGs
[2021-12-21 00:05:09,317] {logging_mixin.py:104} INFO - [2021-12-21 00:05:09,316] {dag.py:2306} INFO - Setting next_dagrun for example_kubernetes_executor to None
[2021-12-21 00:05:09,338] {scheduler_job.py:190} INFO - Processing /home/airflow/.local/lib/python3.8/site-packages/airflow/example_dags/example_kubernetes_executor.py took 0.134 seconds
[2021-12-21 00:05:39,951] {scheduler_job.py:182} INFO - Started process (PID=10238) to work on /home/airflow/.local/lib/python3.8/site-packages/airflow/example_dags/example_kubernetes_executor.py
[2021-12-21 00:05:39,959] {scheduler_job.py:633} INFO - Processing file /home/airflow/.local/lib/python3.8/site-packages/airflow/example_dags/example_kubernetes_executor.py for tasks to queue
[2021-12-21 00:05:39,961] {logging_mixin.py:104} INFO - [2021-12-21 00:05:39,961] {dagbag.py:496} INFO - Filling up the DagBag from /home/airflow/.local/lib/python3.8/site-packages/airflow/example_dags/example_kubernetes_executor.py
[2021-12-21 00:05:39,988] {scheduler_job.py:643} INFO - DAG(s) dict_keys(['example_kubernetes_executor']) retrieved from /home/airflow/.local/lib/python3.8/site-packages/airflow/example_dags/example_kubernetes_executor.py
[2021-12-21 00:05:40,039] {logging_mixin.py:104} INFO - [2021-12-21 00:05:40,039] {dag.py:1833} INFO - Sync 1 DAGs
[2021-12-21 00:05:40,056] {logging_mixin.py:104} INFO - [2021-12-21 00:05:40,056] {dag.py:2306} INFO - Setting next_dagrun for example_kubernetes_executor to None
[2021-12-21 00:05:40,077] {scheduler_job.py:190} INFO - Processing /home/airflow/.local/lib/python3.8/site-packages/airflow/example_dags/example_kubernetes_executor.py took 0.130 seconds
[2021-12-21 00:06:10,336] {scheduler_job.py:182} INFO - Started process (PID=10269) to work on /home/airflow/.local/lib/python3.8/site-packages/airflow/example_dags/example_kubernetes_executor.py
[2021-12-21 00:06:10,341] {scheduler_job.py:633} INFO - Processing file /home/airflow/.local/lib/python3.8/site-packages/airflow/example_dags/example_kubernetes_executor.py for tasks to queue
[2021-12-21 00:06:10,343] {logging_mixin.py:104} INFO - [2021-12-21 00:06:10,343] {dagbag.py:496} INFO - Filling up the DagBag from /home/airflow/.local/lib/python3.8/site-packages/airflow/example_dags/example_kubernetes_executor.py
[2021-12-21 00:06:10,364] {scheduler_job.py:643} INFO - DAG(s) dict_keys(['example_kubernetes_executor']) retrieved from /home/airflow/.local/lib/python3.8/site-packages/airflow/example_dags/example_kubernetes_executor.py
[2021-12-21 00:06:10,411] {logging_mixin.py:104} INFO - [2021-12-21 00:06:10,411] {dag.py:1833} INFO - Sync 1 DAGs
[2021-12-21 00:06:10,428] {logging_mixin.py:104} INFO - [2021-12-21 00:06:10,428] {dag.py:2306} INFO - Setting next_dagrun for example_kubernetes_executor to None
[2021-12-21 00:06:10,449] {scheduler_job.py:190} INFO - Processing /home/airflow/.local/lib/python3.8/site-packages/airflow/example_dags/example_kubernetes_executor.py took 0.121 seconds
[2021-12-21 00:06:40,528] {scheduler_job.py:182} INFO - Started process (PID=10300) to work on /home/airflow/.local/lib/python3.8/site-packages/airflow/example_dags/example_kubernetes_executor.py
[2021-12-21 00:06:40,537] {scheduler_job.py:633} INFO - Processing file /home/airflow/.local/lib/python3.8/site-packages/airflow/example_dags/example_kubernetes_executor.py for tasks to queue
[2021-12-21 00:06:40,540] {logging_mixin.py:104} INFO - [2021-12-21 00:06:40,539] {dagbag.py:496} INFO - Filling up the DagBag from /home/airflow/.local/lib/python3.8/site-packages/airflow/example_dags/example_kubernetes_executor.py
[2021-12-21 00:06:40,562] {scheduler_job.py:643} INFO - DAG(s) dict_keys(['example_kubernetes_executor']) retrieved from /home/airflow/.local/lib/python3.8/site-packages/airflow/example_dags/example_kubernetes_executor.py
[2021-12-21 00:06:40,619] {logging_mixin.py:104} INFO - [2021-12-21 00:06:40,619] {dag.py:1833} INFO - Sync 1 DAGs
[2021-12-21 00:06:40,646] {logging_mixin.py:104} INFO - [2021-12-21 00:06:40,645] {dag.py:2306} INFO - Setting next_dagrun for example_kubernetes_executor to None
[2021-12-21 00:06:40,680] {scheduler_job.py:190} INFO - Processing /home/airflow/.local/lib/python3.8/site-packages/airflow/example_dags/example_kubernetes_executor.py took 0.158 seconds
[2021-12-21 00:07:11,227] {scheduler_job.py:182} INFO - Started process (PID=10331) to work on /home/airflow/.local/lib/python3.8/site-packages/airflow/example_dags/example_kubernetes_executor.py
[2021-12-21 00:07:11,232] {scheduler_job.py:633} INFO - Processing file /home/airflow/.local/lib/python3.8/site-packages/airflow/example_dags/example_kubernetes_executor.py for tasks to queue
[2021-12-21 00:07:11,234] {logging_mixin.py:104} INFO - [2021-12-21 00:07:11,234] {dagbag.py:496} INFO - Filling up the DagBag from /home/airflow/.local/lib/python3.8/site-packages/airflow/example_dags/example_kubernetes_executor.py
[2021-12-21 00:07:11,259] {scheduler_job.py:643} INFO - DAG(s) dict_keys(['example_kubernetes_executor']) retrieved from /home/airflow/.local/lib/python3.8/site-packages/airflow/example_dags/example_kubernetes_executor.py
[2021-12-21 00:07:11,310] {logging_mixin.py:104} INFO - [2021-12-21 00:07:11,310] {dag.py:1833} INFO - Sync 1 DAGs
[2021-12-21 00:07:11,327] {logging_mixin.py:104} INFO - [2021-12-21 00:07:11,327] {dag.py:2306} INFO - Setting next_dagrun for example_kubernetes_executor to None
[2021-12-21 00:07:11,347] {scheduler_job.py:190} INFO - Processing /home/airflow/.local/lib/python3.8/site-packages/airflow/example_dags/example_kubernetes_executor.py took 0.125 seconds
[2021-12-21 00:07:41,492] {scheduler_job.py:182} INFO - Started process (PID=10362) to work on /home/airflow/.local/lib/python3.8/site-packages/airflow/example_dags/example_kubernetes_executor.py
[2021-12-21 00:07:41,496] {scheduler_job.py:633} INFO - Processing file /home/airflow/.local/lib/python3.8/site-packages/airflow/example_dags/example_kubernetes_executor.py for tasks to queue
[2021-12-21 00:07:41,498] {logging_mixin.py:104} INFO - [2021-12-21 00:07:41,498] {dagbag.py:496} INFO - Filling up the DagBag from /home/airflow/.local/lib/python3.8/site-packages/airflow/example_dags/example_kubernetes_executor.py
[2021-12-21 00:07:41,538] {scheduler_job.py:643} INFO - DAG(s) dict_keys(['example_kubernetes_executor']) retrieved from /home/airflow/.local/lib/python3.8/site-packages/airflow/example_dags/example_kubernetes_executor.py
[2021-12-21 00:07:41,592] {logging_mixin.py:104} INFO - [2021-12-21 00:07:41,592] {dag.py:1833} INFO - Sync 1 DAGs
[2021-12-21 00:07:41,611] {logging_mixin.py:104} INFO - [2021-12-21 00:07:41,608] {dag.py:2306} INFO - Setting next_dagrun for example_kubernetes_executor to None
[2021-12-21 00:07:41,633] {scheduler_job.py:190} INFO - Processing /home/airflow/.local/lib/python3.8/site-packages/airflow/example_dags/example_kubernetes_executor.py took 0.145 seconds
[2021-12-21 00:08:11,898] {scheduler_job.py:182} INFO - Started process (PID=10393) to work on /home/airflow/.local/lib/python3.8/site-packages/airflow/example_dags/example_kubernetes_executor.py
[2021-12-21 00:08:11,909] {scheduler_job.py:633} INFO - Processing file /home/airflow/.local/lib/python3.8/site-packages/airflow/example_dags/example_kubernetes_executor.py for tasks to queue
[2021-12-21 00:08:11,913] {logging_mixin.py:104} INFO - [2021-12-21 00:08:11,912] {dagbag.py:496} INFO - Filling up the DagBag from /home/airflow/.local/lib/python3.8/site-packages/airflow/example_dags/example_kubernetes_executor.py
[2021-12-21 00:08:11,953] {scheduler_job.py:643} INFO - DAG(s) dict_keys(['example_kubernetes_executor']) retrieved from /home/airflow/.local/lib/python3.8/site-packages/airflow/example_dags/example_kubernetes_executor.py
[2021-12-21 00:08:12,028] {logging_mixin.py:104} INFO - [2021-12-21 00:08:12,027] {dag.py:1833} INFO - Sync 1 DAGs
[2021-12-21 00:08:12,059] {logging_mixin.py:104} INFO - [2021-12-21 00:08:12,059] {dag.py:2306} INFO - Setting next_dagrun for example_kubernetes_executor to None
[2021-12-21 00:08:12,122] {scheduler_job.py:190} INFO - Processing /home/airflow/.local/lib/python3.8/site-packages/airflow/example_dags/example_kubernetes_executor.py took 0.233 seconds
[2021-12-21 00:08:42,884] {scheduler_job.py:182} INFO - Started process (PID=10424) to work on /home/airflow/.local/lib/python3.8/site-packages/airflow/example_dags/example_kubernetes_executor.py
[2021-12-21 00:08:42,894] {scheduler_job.py:633} INFO - Processing file /home/airflow/.local/lib/python3.8/site-packages/airflow/example_dags/example_kubernetes_executor.py for tasks to queue
[2021-12-21 00:08:42,900] {logging_mixin.py:104} INFO - [2021-12-21 00:08:42,900] {dagbag.py:496} INFO - Filling up the DagBag from /home/airflow/.local/lib/python3.8/site-packages/airflow/example_dags/example_kubernetes_executor.py
[2021-12-21 00:08:42,984] {scheduler_job.py:643} INFO - DAG(s) dict_keys(['example_kubernetes_executor']) retrieved from /home/airflow/.local/lib/python3.8/site-packages/airflow/example_dags/example_kubernetes_executor.py
[2021-12-21 00:08:43,161] {logging_mixin.py:104} INFO - [2021-12-21 00:08:43,161] {dag.py:1833} INFO - Sync 1 DAGs
[2021-12-21 00:08:43,191] {logging_mixin.py:104} INFO - [2021-12-21 00:08:43,190] {dag.py:2306} INFO - Setting next_dagrun for example_kubernetes_executor to None
[2021-12-21 00:08:43,232] {scheduler_job.py:190} INFO - Processing /home/airflow/.local/lib/python3.8/site-packages/airflow/example_dags/example_kubernetes_executor.py took 0.360 seconds
[2021-12-21 00:09:14,053] {scheduler_job.py:182} INFO - Started process (PID=10455) to work on /home/airflow/.local/lib/python3.8/site-packages/airflow/example_dags/example_kubernetes_executor.py
[2021-12-21 00:09:14,061] {scheduler_job.py:633} INFO - Processing file /home/airflow/.local/lib/python3.8/site-packages/airflow/example_dags/example_kubernetes_executor.py for tasks to queue
[2021-12-21 00:09:14,066] {logging_mixin.py:104} INFO - [2021-12-21 00:09:14,065] {dagbag.py:496} INFO - Filling up the DagBag from /home/airflow/.local/lib/python3.8/site-packages/airflow/example_dags/example_kubernetes_executor.py
[2021-12-21 00:09:14,104] {scheduler_job.py:643} INFO - DAG(s) dict_keys(['example_kubernetes_executor']) retrieved from /home/airflow/.local/lib/python3.8/site-packages/airflow/example_dags/example_kubernetes_executor.py
[2021-12-21 00:09:14,186] {logging_mixin.py:104} INFO - [2021-12-21 00:09:14,186] {dag.py:1833} INFO - Sync 1 DAGs
[2021-12-21 00:09:14,223] {logging_mixin.py:104} INFO - [2021-12-21 00:09:14,223] {dag.py:2306} INFO - Setting next_dagrun for example_kubernetes_executor to None
[2021-12-21 00:09:14,270] {scheduler_job.py:190} INFO - Processing /home/airflow/.local/lib/python3.8/site-packages/airflow/example_dags/example_kubernetes_executor.py took 0.227 seconds
[2021-12-21 00:09:44,458] {scheduler_job.py:182} INFO - Started process (PID=10486) to work on /home/airflow/.local/lib/python3.8/site-packages/airflow/example_dags/example_kubernetes_executor.py
[2021-12-21 00:09:44,472] {scheduler_job.py:633} INFO - Processing file /home/airflow/.local/lib/python3.8/site-packages/airflow/example_dags/example_kubernetes_executor.py for tasks to queue
[2021-12-21 00:09:44,476] {logging_mixin.py:104} INFO - [2021-12-21 00:09:44,475] {dagbag.py:496} INFO - Filling up the DagBag from /home/airflow/.local/lib/python3.8/site-packages/airflow/example_dags/example_kubernetes_executor.py
[2021-12-21 00:09:44,513] {scheduler_job.py:643} INFO - DAG(s) dict_keys(['example_kubernetes_executor']) retrieved from /home/airflow/.local/lib/python3.8/site-packages/airflow/example_dags/example_kubernetes_executor.py
[2021-12-21 00:09:44,576] {logging_mixin.py:104} INFO - [2021-12-21 00:09:44,575] {dag.py:1833} INFO - Sync 1 DAGs
[2021-12-21 00:09:44,614] {logging_mixin.py:104} INFO - [2021-12-21 00:09:44,614] {dag.py:2306} INFO - Setting next_dagrun for example_kubernetes_executor to None
[2021-12-21 00:09:44,644] {scheduler_job.py:190} INFO - Processing /home/airflow/.local/lib/python3.8/site-packages/airflow/example_dags/example_kubernetes_executor.py took 0.194 seconds
[2021-12-21 00:10:14,907] {scheduler_job.py:182} INFO - Started process (PID=10517) to work on /home/airflow/.local/lib/python3.8/site-packages/airflow/example_dags/example_kubernetes_executor.py
[2021-12-21 00:10:14,912] {scheduler_job.py:633} INFO - Processing file /home/airflow/.local/lib/python3.8/site-packages/airflow/example_dags/example_kubernetes_executor.py for tasks to queue
[2021-12-21 00:10:14,915] {logging_mixin.py:104} INFO - [2021-12-21 00:10:14,915] {dagbag.py:496} INFO - Filling up the DagBag from /home/airflow/.local/lib/python3.8/site-packages/airflow/example_dags/example_kubernetes_executor.py
[2021-12-21 00:10:14,943] {scheduler_job.py:643} INFO - DAG(s) dict_keys(['example_kubernetes_executor']) retrieved from /home/airflow/.local/lib/python3.8/site-packages/airflow/example_dags/example_kubernetes_executor.py
[2021-12-21 00:10:15,004] {logging_mixin.py:104} INFO - [2021-12-21 00:10:15,004] {dag.py:1833} INFO - Sync 1 DAGs
[2021-12-21 00:10:15,033] {logging_mixin.py:104} INFO - [2021-12-21 00:10:15,033] {dag.py:2306} INFO - Setting next_dagrun for example_kubernetes_executor to None
[2021-12-21 00:10:15,059] {scheduler_job.py:190} INFO - Processing /home/airflow/.local/lib/python3.8/site-packages/airflow/example_dags/example_kubernetes_executor.py took 0.157 seconds
[2021-12-21 00:10:45,266] {scheduler_job.py:182} INFO - Started process (PID=10548) to work on /home/airflow/.local/lib/python3.8/site-packages/airflow/example_dags/example_kubernetes_executor.py
[2021-12-21 00:10:45,270] {scheduler_job.py:633} INFO - Processing file /home/airflow/.local/lib/python3.8/site-packages/airflow/example_dags/example_kubernetes_executor.py for tasks to queue
[2021-12-21 00:10:45,272] {logging_mixin.py:104} INFO - [2021-12-21 00:10:45,272] {dagbag.py:496} INFO - Filling up the DagBag from /home/airflow/.local/lib/python3.8/site-packages/airflow/example_dags/example_kubernetes_executor.py
[2021-12-21 00:10:45,301] {scheduler_job.py:643} INFO - DAG(s) dict_keys(['example_kubernetes_executor']) retrieved from /home/airflow/.local/lib/python3.8/site-packages/airflow/example_dags/example_kubernetes_executor.py
[2021-12-21 00:10:45,369] {logging_mixin.py:104} INFO - [2021-12-21 00:10:45,369] {dag.py:1833} INFO - Sync 1 DAGs
[2021-12-21 00:10:45,386] {logging_mixin.py:104} INFO - [2021-12-21 00:10:45,386] {dag.py:2306} INFO - Setting next_dagrun for example_kubernetes_executor to None
[2021-12-21 00:10:45,411] {scheduler_job.py:190} INFO - Processing /home/airflow/.local/lib/python3.8/site-packages/airflow/example_dags/example_kubernetes_executor.py took 0.162 seconds
[2021-12-21 00:11:15,487] {scheduler_job.py:182} INFO - Started process (PID=10579) to work on /home/airflow/.local/lib/python3.8/site-packages/airflow/example_dags/example_kubernetes_executor.py
[2021-12-21 00:11:15,490] {scheduler_job.py:633} INFO - Processing file /home/airflow/.local/lib/python3.8/site-packages/airflow/example_dags/example_kubernetes_executor.py for tasks to queue
[2021-12-21 00:11:15,496] {logging_mixin.py:104} INFO - [2021-12-21 00:11:15,496] {dagbag.py:496} INFO - Filling up the DagBag from /home/airflow/.local/lib/python3.8/site-packages/airflow/example_dags/example_kubernetes_executor.py
[2021-12-21 00:11:15,529] {scheduler_job.py:643} INFO - DAG(s) dict_keys(['example_kubernetes_executor']) retrieved from /home/airflow/.local/lib/python3.8/site-packages/airflow/example_dags/example_kubernetes_executor.py
[2021-12-21 00:11:15,599] {logging_mixin.py:104} INFO - [2021-12-21 00:11:15,599] {dag.py:1833} INFO - Sync 1 DAGs
[2021-12-21 00:11:15,619] {logging_mixin.py:104} INFO - [2021-12-21 00:11:15,619] {dag.py:2306} INFO - Setting next_dagrun for example_kubernetes_executor to None
[2021-12-21 00:11:15,670] {scheduler_job.py:190} INFO - Processing /home/airflow/.local/lib/python3.8/site-packages/airflow/example_dags/example_kubernetes_executor.py took 0.217 seconds
[2021-12-21 00:11:45,875] {scheduler_job.py:182} INFO - Started process (PID=10610) to work on /home/airflow/.local/lib/python3.8/site-packages/airflow/example_dags/example_kubernetes_executor.py
[2021-12-21 00:11:45,882] {scheduler_job.py:633} INFO - Processing file /home/airflow/.local/lib/python3.8/site-packages/airflow/example_dags/example_kubernetes_executor.py for tasks to queue
[2021-12-21 00:11:45,892] {logging_mixin.py:104} INFO - [2021-12-21 00:11:45,891] {dagbag.py:496} INFO - Filling up the DagBag from /home/airflow/.local/lib/python3.8/site-packages/airflow/example_dags/example_kubernetes_executor.py
[2021-12-21 00:11:45,944] {scheduler_job.py:643} INFO - DAG(s) dict_keys(['example_kubernetes_executor']) retrieved from /home/airflow/.local/lib/python3.8/site-packages/airflow/example_dags/example_kubernetes_executor.py
[2021-12-21 00:11:46,013] {logging_mixin.py:104} INFO - [2021-12-21 00:11:46,013] {dag.py:1833} INFO - Sync 1 DAGs
[2021-12-21 00:11:46,038] {logging_mixin.py:104} INFO - [2021-12-21 00:11:46,038] {dag.py:2306} INFO - Setting next_dagrun for example_kubernetes_executor to None
[2021-12-21 00:11:46,065] {scheduler_job.py:190} INFO - Processing /home/airflow/.local/lib/python3.8/site-packages/airflow/example_dags/example_kubernetes_executor.py took 0.208 seconds
[2021-12-21 00:12:16,313] {scheduler_job.py:182} INFO - Started process (PID=10642) to work on /home/airflow/.local/lib/python3.8/site-packages/airflow/example_dags/example_kubernetes_executor.py
[2021-12-21 00:12:16,319] {scheduler_job.py:633} INFO - Processing file /home/airflow/.local/lib/python3.8/site-packages/airflow/example_dags/example_kubernetes_executor.py for tasks to queue
[2021-12-21 00:12:16,323] {logging_mixin.py:104} INFO - [2021-12-21 00:12:16,322] {dagbag.py:496} INFO - Filling up the DagBag from /home/airflow/.local/lib/python3.8/site-packages/airflow/example_dags/example_kubernetes_executor.py
[2021-12-21 00:12:16,355] {scheduler_job.py:643} INFO - DAG(s) dict_keys(['example_kubernetes_executor']) retrieved from /home/airflow/.local/lib/python3.8/site-packages/airflow/example_dags/example_kubernetes_executor.py
[2021-12-21 00:12:16,443] {logging_mixin.py:104} INFO - [2021-12-21 00:12:16,443] {dag.py:1833} INFO - Sync 1 DAGs
[2021-12-21 00:12:16,465] {logging_mixin.py:104} INFO - [2021-12-21 00:12:16,464] {dag.py:2306} INFO - Setting next_dagrun for example_kubernetes_executor to None
[2021-12-21 00:12:16,495] {scheduler_job.py:190} INFO - Processing /home/airflow/.local/lib/python3.8/site-packages/airflow/example_dags/example_kubernetes_executor.py took 0.194 seconds
[2021-12-21 00:12:46,931] {scheduler_job.py:182} INFO - Started process (PID=10673) to work on /home/airflow/.local/lib/python3.8/site-packages/airflow/example_dags/example_kubernetes_executor.py
[2021-12-21 00:12:46,939] {scheduler_job.py:633} INFO - Processing file /home/airflow/.local/lib/python3.8/site-packages/airflow/example_dags/example_kubernetes_executor.py for tasks to queue
[2021-12-21 00:12:46,945] {logging_mixin.py:104} INFO - [2021-12-21 00:12:46,944] {dagbag.py:496} INFO - Filling up the DagBag from /home/airflow/.local/lib/python3.8/site-packages/airflow/example_dags/example_kubernetes_executor.py
[2021-12-21 00:12:46,973] {scheduler_job.py:643} INFO - DAG(s) dict_keys(['example_kubernetes_executor']) retrieved from /home/airflow/.local/lib/python3.8/site-packages/airflow/example_dags/example_kubernetes_executor.py
[2021-12-21 00:12:47,030] {logging_mixin.py:104} INFO - [2021-12-21 00:12:47,030] {dag.py:1833} INFO - Sync 1 DAGs
[2021-12-21 00:12:47,051] {logging_mixin.py:104} INFO - [2021-12-21 00:12:47,051] {dag.py:2306} INFO - Setting next_dagrun for example_kubernetes_executor to None
[2021-12-21 00:12:47,081] {scheduler_job.py:190} INFO - Processing /home/airflow/.local/lib/python3.8/site-packages/airflow/example_dags/example_kubernetes_executor.py took 0.161 seconds
[2021-12-21 00:13:17,274] {scheduler_job.py:182} INFO - Started process (PID=10703) to work on /home/airflow/.local/lib/python3.8/site-packages/airflow/example_dags/example_kubernetes_executor.py
[2021-12-21 00:13:17,279] {scheduler_job.py:633} INFO - Processing file /home/airflow/.local/lib/python3.8/site-packages/airflow/example_dags/example_kubernetes_executor.py for tasks to queue
[2021-12-21 00:13:17,282] {logging_mixin.py:104} INFO - [2021-12-21 00:13:17,282] {dagbag.py:496} INFO - Filling up the DagBag from /home/airflow/.local/lib/python3.8/site-packages/airflow/example_dags/example_kubernetes_executor.py
[2021-12-21 00:13:17,317] {scheduler_job.py:643} INFO - DAG(s) dict_keys(['example_kubernetes_executor']) retrieved from /home/airflow/.local/lib/python3.8/site-packages/airflow/example_dags/example_kubernetes_executor.py
[2021-12-21 00:13:17,400] {logging_mixin.py:104} INFO - [2021-12-21 00:13:17,400] {dag.py:1833} INFO - Sync 1 DAGs
[2021-12-21 00:13:17,420] {logging_mixin.py:104} INFO - [2021-12-21 00:13:17,420] {dag.py:2306} INFO - Setting next_dagrun for example_kubernetes_executor to None
[2021-12-21 00:13:17,446] {scheduler_job.py:190} INFO - Processing /home/airflow/.local/lib/python3.8/site-packages/airflow/example_dags/example_kubernetes_executor.py took 0.179 seconds
[2021-12-21 00:13:47,636] {scheduler_job.py:182} INFO - Started process (PID=10734) to work on /home/airflow/.local/lib/python3.8/site-packages/airflow/example_dags/example_kubernetes_executor.py
[2021-12-21 00:13:47,643] {scheduler_job.py:633} INFO - Processing file /home/airflow/.local/lib/python3.8/site-packages/airflow/example_dags/example_kubernetes_executor.py for tasks to queue
[2021-12-21 00:13:47,648] {logging_mixin.py:104} INFO - [2021-12-21 00:13:47,648] {dagbag.py:496} INFO - Filling up the DagBag from /home/airflow/.local/lib/python3.8/site-packages/airflow/example_dags/example_kubernetes_executor.py
[2021-12-21 00:13:47,702] {scheduler_job.py:643} INFO - DAG(s) dict_keys(['example_kubernetes_executor']) retrieved from /home/airflow/.local/lib/python3.8/site-packages/airflow/example_dags/example_kubernetes_executor.py
[2021-12-21 00:13:47,823] {logging_mixin.py:104} INFO - [2021-12-21 00:13:47,823] {dag.py:1833} INFO - Sync 1 DAGs
[2021-12-21 00:13:47,853] {logging_mixin.py:104} INFO - [2021-12-21 00:13:47,853] {dag.py:2306} INFO - Setting next_dagrun for example_kubernetes_executor to None
[2021-12-21 00:13:47,898] {scheduler_job.py:190} INFO - Processing /home/airflow/.local/lib/python3.8/site-packages/airflow/example_dags/example_kubernetes_executor.py took 0.267 seconds
[2021-12-21 00:14:18,071] {scheduler_job.py:182} INFO - Started process (PID=10765) to work on /home/airflow/.local/lib/python3.8/site-packages/airflow/example_dags/example_kubernetes_executor.py
[2021-12-21 00:14:18,075] {scheduler_job.py:633} INFO - Processing file /home/airflow/.local/lib/python3.8/site-packages/airflow/example_dags/example_kubernetes_executor.py for tasks to queue
[2021-12-21 00:14:18,081] {logging_mixin.py:104} INFO - [2021-12-21 00:14:18,080] {dagbag.py:496} INFO - Filling up the DagBag from /home/airflow/.local/lib/python3.8/site-packages/airflow/example_dags/example_kubernetes_executor.py
[2021-12-21 00:14:18,105] {scheduler_job.py:643} INFO - DAG(s) dict_keys(['example_kubernetes_executor']) retrieved from /home/airflow/.local/lib/python3.8/site-packages/airflow/example_dags/example_kubernetes_executor.py
[2021-12-21 00:14:18,192] {logging_mixin.py:104} INFO - [2021-12-21 00:14:18,191] {dag.py:1833} INFO - Sync 1 DAGs
[2021-12-21 00:14:18,214] {logging_mixin.py:104} INFO - [2021-12-21 00:14:18,213] {dag.py:2306} INFO - Setting next_dagrun for example_kubernetes_executor to None
[2021-12-21 00:14:18,241] {scheduler_job.py:190} INFO - Processing /home/airflow/.local/lib/python3.8/site-packages/airflow/example_dags/example_kubernetes_executor.py took 0.194 seconds
[2021-12-21 00:14:48,350] {scheduler_job.py:182} INFO - Started process (PID=10795) to work on /home/airflow/.local/lib/python3.8/site-packages/airflow/example_dags/example_kubernetes_executor.py
[2021-12-21 00:14:48,354] {scheduler_job.py:633} INFO - Processing file /home/airflow/.local/lib/python3.8/site-packages/airflow/example_dags/example_kubernetes_executor.py for tasks to queue
[2021-12-21 00:14:48,357] {logging_mixin.py:104} INFO - [2021-12-21 00:14:48,357] {dagbag.py:496} INFO - Filling up the DagBag from /home/airflow/.local/lib/python3.8/site-packages/airflow/example_dags/example_kubernetes_executor.py
[2021-12-21 00:14:48,379] {scheduler_job.py:643} INFO - DAG(s) dict_keys(['example_kubernetes_executor']) retrieved from /home/airflow/.local/lib/python3.8/site-packages/airflow/example_dags/example_kubernetes_executor.py
[2021-12-21 00:14:48,428] {logging_mixin.py:104} INFO - [2021-12-21 00:14:48,428] {dag.py:1833} INFO - Sync 1 DAGs
[2021-12-21 00:14:48,449] {logging_mixin.py:104} INFO - [2021-12-21 00:14:48,449] {dag.py:2306} INFO - Setting next_dagrun for example_kubernetes_executor to None
[2021-12-21 00:14:48,478] {scheduler_job.py:190} INFO - Processing /home/airflow/.local/lib/python3.8/site-packages/airflow/example_dags/example_kubernetes_executor.py took 0.134 seconds
[2021-12-21 00:15:18,830] {scheduler_job.py:182} INFO - Started process (PID=10825) to work on /home/airflow/.local/lib/python3.8/site-packages/airflow/example_dags/example_kubernetes_executor.py
[2021-12-21 00:15:18,835] {scheduler_job.py:633} INFO - Processing file /home/airflow/.local/lib/python3.8/site-packages/airflow/example_dags/example_kubernetes_executor.py for tasks to queue
[2021-12-21 00:15:18,838] {logging_mixin.py:104} INFO - [2021-12-21 00:15:18,838] {dagbag.py:496} INFO - Filling up the DagBag from /home/airflow/.local/lib/python3.8/site-packages/airflow/example_dags/example_kubernetes_executor.py
[2021-12-21 00:15:18,860] {scheduler_job.py:643} INFO - DAG(s) dict_keys(['example_kubernetes_executor']) retrieved from /home/airflow/.local/lib/python3.8/site-packages/airflow/example_dags/example_kubernetes_executor.py
[2021-12-21 00:15:18,906] {logging_mixin.py:104} INFO - [2021-12-21 00:15:18,906] {dag.py:1833} INFO - Sync 1 DAGs
[2021-12-21 00:15:18,923] {logging_mixin.py:104} INFO - [2021-12-21 00:15:18,923] {dag.py:2306} INFO - Setting next_dagrun for example_kubernetes_executor to None
[2021-12-21 00:15:18,942] {scheduler_job.py:190} INFO - Processing /home/airflow/.local/lib/python3.8/site-packages/airflow/example_dags/example_kubernetes_executor.py took 0.119 seconds
[2021-12-21 00:15:49,523] {scheduler_job.py:182} INFO - Started process (PID=10856) to work on /home/airflow/.local/lib/python3.8/site-packages/airflow/example_dags/example_kubernetes_executor.py
[2021-12-21 00:15:49,551] {scheduler_job.py:633} INFO - Processing file /home/airflow/.local/lib/python3.8/site-packages/airflow/example_dags/example_kubernetes_executor.py for tasks to queue
[2021-12-21 00:15:49,558] {logging_mixin.py:104} INFO - [2021-12-21 00:15:49,557] {dagbag.py:496} INFO - Filling up the DagBag from /home/airflow/.local/lib/python3.8/site-packages/airflow/example_dags/example_kubernetes_executor.py
[2021-12-21 00:15:49,588] {scheduler_job.py:643} INFO - DAG(s) dict_keys(['example_kubernetes_executor']) retrieved from /home/airflow/.local/lib/python3.8/site-packages/airflow/example_dags/example_kubernetes_executor.py
[2021-12-21 00:15:49,654] {logging_mixin.py:104} INFO - [2021-12-21 00:15:49,654] {dag.py:1833} INFO - Sync 1 DAGs
[2021-12-21 00:15:49,689] {logging_mixin.py:104} INFO - [2021-12-21 00:15:49,689] {dag.py:2306} INFO - Setting next_dagrun for example_kubernetes_executor to None
[2021-12-21 00:15:49,716] {scheduler_job.py:190} INFO - Processing /home/airflow/.local/lib/python3.8/site-packages/airflow/example_dags/example_kubernetes_executor.py took 0.232 seconds
[2021-12-21 00:16:20,205] {scheduler_job.py:182} INFO - Started process (PID=10887) to work on /home/airflow/.local/lib/python3.8/site-packages/airflow/example_dags/example_kubernetes_executor.py
[2021-12-21 00:16:20,211] {scheduler_job.py:633} INFO - Processing file /home/airflow/.local/lib/python3.8/site-packages/airflow/example_dags/example_kubernetes_executor.py for tasks to queue
[2021-12-21 00:16:20,220] {logging_mixin.py:104} INFO - [2021-12-21 00:16:20,220] {dagbag.py:496} INFO - Filling up the DagBag from /home/airflow/.local/lib/python3.8/site-packages/airflow/example_dags/example_kubernetes_executor.py
[2021-12-21 00:16:20,262] {scheduler_job.py:643} INFO - DAG(s) dict_keys(['example_kubernetes_executor']) retrieved from /home/airflow/.local/lib/python3.8/site-packages/airflow/example_dags/example_kubernetes_executor.py
[2021-12-21 00:16:20,322] {logging_mixin.py:104} INFO - [2021-12-21 00:16:20,322] {dag.py:1833} INFO - Sync 1 DAGs
[2021-12-21 00:16:20,350] {logging_mixin.py:104} INFO - [2021-12-21 00:16:20,350] {dag.py:2306} INFO - Setting next_dagrun for example_kubernetes_executor to None
[2021-12-21 00:16:20,387] {scheduler_job.py:190} INFO - Processing /home/airflow/.local/lib/python3.8/site-packages/airflow/example_dags/example_kubernetes_executor.py took 0.187 seconds
[2021-12-21 00:16:50,983] {scheduler_job.py:182} INFO - Started process (PID=10918) to work on /home/airflow/.local/lib/python3.8/site-packages/airflow/example_dags/example_kubernetes_executor.py
[2021-12-21 00:16:50,986] {scheduler_job.py:633} INFO - Processing file /home/airflow/.local/lib/python3.8/site-packages/airflow/example_dags/example_kubernetes_executor.py for tasks to queue
[2021-12-21 00:16:50,991] {logging_mixin.py:104} INFO - [2021-12-21 00:16:50,990] {dagbag.py:496} INFO - Filling up the DagBag from /home/airflow/.local/lib/python3.8/site-packages/airflow/example_dags/example_kubernetes_executor.py
[2021-12-21 00:16:51,028] {scheduler_job.py:643} INFO - DAG(s) dict_keys(['example_kubernetes_executor']) retrieved from /home/airflow/.local/lib/python3.8/site-packages/airflow/example_dags/example_kubernetes_executor.py
[2021-12-21 00:16:51,083] {logging_mixin.py:104} INFO - [2021-12-21 00:16:51,083] {dag.py:1833} INFO - Sync 1 DAGs
[2021-12-21 00:16:51,098] {logging_mixin.py:104} INFO - [2021-12-21 00:16:51,098] {dag.py:2306} INFO - Setting next_dagrun for example_kubernetes_executor to None
[2021-12-21 00:16:51,118] {scheduler_job.py:190} INFO - Processing /home/airflow/.local/lib/python3.8/site-packages/airflow/example_dags/example_kubernetes_executor.py took 0.150 seconds
[2021-12-21 00:17:21,579] {scheduler_job.py:182} INFO - Started process (PID=10949) to work on /home/airflow/.local/lib/python3.8/site-packages/airflow/example_dags/example_kubernetes_executor.py
[2021-12-21 00:17:21,589] {scheduler_job.py:633} INFO - Processing file /home/airflow/.local/lib/python3.8/site-packages/airflow/example_dags/example_kubernetes_executor.py for tasks to queue
[2021-12-21 00:17:21,594] {logging_mixin.py:104} INFO - [2021-12-21 00:17:21,593] {dagbag.py:496} INFO - Filling up the DagBag from /home/airflow/.local/lib/python3.8/site-packages/airflow/example_dags/example_kubernetes_executor.py
[2021-12-21 00:17:21,630] {scheduler_job.py:643} INFO - DAG(s) dict_keys(['example_kubernetes_executor']) retrieved from /home/airflow/.local/lib/python3.8/site-packages/airflow/example_dags/example_kubernetes_executor.py
[2021-12-21 00:17:21,688] {logging_mixin.py:104} INFO - [2021-12-21 00:17:21,688] {dag.py:1833} INFO - Sync 1 DAGs
[2021-12-21 00:17:21,712] {logging_mixin.py:104} INFO - [2021-12-21 00:17:21,711] {dag.py:2306} INFO - Setting next_dagrun for example_kubernetes_executor to None
[2021-12-21 00:17:21,736] {scheduler_job.py:190} INFO - Processing /home/airflow/.local/lib/python3.8/site-packages/airflow/example_dags/example_kubernetes_executor.py took 0.164 seconds
[2021-12-21 00:17:52,411] {scheduler_job.py:182} INFO - Started process (PID=10980) to work on /home/airflow/.local/lib/python3.8/site-packages/airflow/example_dags/example_kubernetes_executor.py
[2021-12-21 00:17:52,416] {scheduler_job.py:633} INFO - Processing file /home/airflow/.local/lib/python3.8/site-packages/airflow/example_dags/example_kubernetes_executor.py for tasks to queue
[2021-12-21 00:17:52,418] {logging_mixin.py:104} INFO - [2021-12-21 00:17:52,418] {dagbag.py:496} INFO - Filling up the DagBag from /home/airflow/.local/lib/python3.8/site-packages/airflow/example_dags/example_kubernetes_executor.py
[2021-12-21 00:17:52,442] {scheduler_job.py:643} INFO - DAG(s) dict_keys(['example_kubernetes_executor']) retrieved from /home/airflow/.local/lib/python3.8/site-packages/airflow/example_dags/example_kubernetes_executor.py
[2021-12-21 00:17:52,519] {logging_mixin.py:104} INFO - [2021-12-21 00:17:52,518] {dag.py:1833} INFO - Sync 1 DAGs
[2021-12-21 00:17:52,545] {logging_mixin.py:104} INFO - [2021-12-21 00:17:52,545] {dag.py:2306} INFO - Setting next_dagrun for example_kubernetes_executor to None
[2021-12-21 00:17:52,588] {scheduler_job.py:190} INFO - Processing /home/airflow/.local/lib/python3.8/site-packages/airflow/example_dags/example_kubernetes_executor.py took 0.191 seconds
[2021-12-21 00:18:22,924] {scheduler_job.py:182} INFO - Started process (PID=11011) to work on /home/airflow/.local/lib/python3.8/site-packages/airflow/example_dags/example_kubernetes_executor.py
[2021-12-21 00:18:22,928] {scheduler_job.py:633} INFO - Processing file /home/airflow/.local/lib/python3.8/site-packages/airflow/example_dags/example_kubernetes_executor.py for tasks to queue
[2021-12-21 00:18:22,933] {logging_mixin.py:104} INFO - [2021-12-21 00:18:22,933] {dagbag.py:496} INFO - Filling up the DagBag from /home/airflow/.local/lib/python3.8/site-packages/airflow/example_dags/example_kubernetes_executor.py
[2021-12-21 00:18:22,970] {scheduler_job.py:643} INFO - DAG(s) dict_keys(['example_kubernetes_executor']) retrieved from /home/airflow/.local/lib/python3.8/site-packages/airflow/example_dags/example_kubernetes_executor.py
[2021-12-21 00:18:23,025] {logging_mixin.py:104} INFO - [2021-12-21 00:18:23,024] {dag.py:1833} INFO - Sync 1 DAGs
[2021-12-21 00:18:23,054] {logging_mixin.py:104} INFO - [2021-12-21 00:18:23,054] {dag.py:2306} INFO - Setting next_dagrun for example_kubernetes_executor to None
[2021-12-21 00:18:23,092] {scheduler_job.py:190} INFO - Processing /home/airflow/.local/lib/python3.8/site-packages/airflow/example_dags/example_kubernetes_executor.py took 0.180 seconds
[2021-12-21 00:18:53,422] {scheduler_job.py:182} INFO - Started process (PID=11042) to work on /home/airflow/.local/lib/python3.8/site-packages/airflow/example_dags/example_kubernetes_executor.py
[2021-12-21 00:18:53,424] {scheduler_job.py:633} INFO - Processing file /home/airflow/.local/lib/python3.8/site-packages/airflow/example_dags/example_kubernetes_executor.py for tasks to queue
[2021-12-21 00:18:53,427] {logging_mixin.py:104} INFO - [2021-12-21 00:18:53,427] {dagbag.py:496} INFO - Filling up the DagBag from /home/airflow/.local/lib/python3.8/site-packages/airflow/example_dags/example_kubernetes_executor.py
[2021-12-21 00:18:53,463] {scheduler_job.py:643} INFO - DAG(s) dict_keys(['example_kubernetes_executor']) retrieved from /home/airflow/.local/lib/python3.8/site-packages/airflow/example_dags/example_kubernetes_executor.py
[2021-12-21 00:18:53,534] {logging_mixin.py:104} INFO - [2021-12-21 00:18:53,534] {dag.py:1833} INFO - Sync 1 DAGs
[2021-12-21 00:18:53,557] {logging_mixin.py:104} INFO - [2021-12-21 00:18:53,556] {dag.py:2306} INFO - Setting next_dagrun for example_kubernetes_executor to None
[2021-12-21 00:18:53,581] {scheduler_job.py:190} INFO - Processing /home/airflow/.local/lib/python3.8/site-packages/airflow/example_dags/example_kubernetes_executor.py took 0.167 seconds
[2021-12-21 00:19:24,059] {scheduler_job.py:182} INFO - Started process (PID=11073) to work on /home/airflow/.local/lib/python3.8/site-packages/airflow/example_dags/example_kubernetes_executor.py
[2021-12-21 00:19:24,065] {scheduler_job.py:633} INFO - Processing file /home/airflow/.local/lib/python3.8/site-packages/airflow/example_dags/example_kubernetes_executor.py for tasks to queue
[2021-12-21 00:19:24,069] {logging_mixin.py:104} INFO - [2021-12-21 00:19:24,069] {dagbag.py:496} INFO - Filling up the DagBag from /home/airflow/.local/lib/python3.8/site-packages/airflow/example_dags/example_kubernetes_executor.py
[2021-12-21 00:19:24,105] {scheduler_job.py:643} INFO - DAG(s) dict_keys(['example_kubernetes_executor']) retrieved from /home/airflow/.local/lib/python3.8/site-packages/airflow/example_dags/example_kubernetes_executor.py
[2021-12-21 00:19:24,175] {logging_mixin.py:104} INFO - [2021-12-21 00:19:24,175] {dag.py:1833} INFO - Sync 1 DAGs
[2021-12-21 00:19:24,193] {logging_mixin.py:104} INFO - [2021-12-21 00:19:24,193] {dag.py:2306} INFO - Setting next_dagrun for example_kubernetes_executor to None
[2021-12-21 00:19:24,215] {scheduler_job.py:190} INFO - Processing /home/airflow/.local/lib/python3.8/site-packages/airflow/example_dags/example_kubernetes_executor.py took 0.160 seconds
[2021-12-21 00:19:54,291] {scheduler_job.py:182} INFO - Started process (PID=11104) to work on /home/airflow/.local/lib/python3.8/site-packages/airflow/example_dags/example_kubernetes_executor.py
[2021-12-21 00:19:54,297] {scheduler_job.py:633} INFO - Processing file /home/airflow/.local/lib/python3.8/site-packages/airflow/example_dags/example_kubernetes_executor.py for tasks to queue
[2021-12-21 00:19:54,301] {logging_mixin.py:104} INFO - [2021-12-21 00:19:54,301] {dagbag.py:496} INFO - Filling up the DagBag from /home/airflow/.local/lib/python3.8/site-packages/airflow/example_dags/example_kubernetes_executor.py
[2021-12-21 00:19:54,329] {scheduler_job.py:643} INFO - DAG(s) dict_keys(['example_kubernetes_executor']) retrieved from /home/airflow/.local/lib/python3.8/site-packages/airflow/example_dags/example_kubernetes_executor.py
[2021-12-21 00:19:54,381] {logging_mixin.py:104} INFO - [2021-12-21 00:19:54,380] {dag.py:1833} INFO - Sync 1 DAGs
[2021-12-21 00:19:54,400] {logging_mixin.py:104} INFO - [2021-12-21 00:19:54,400] {dag.py:2306} INFO - Setting next_dagrun for example_kubernetes_executor to None
[2021-12-21 00:19:54,433] {scheduler_job.py:190} INFO - Processing /home/airflow/.local/lib/python3.8/site-packages/airflow/example_dags/example_kubernetes_executor.py took 0.151 seconds
[2021-12-21 00:20:24,815] {scheduler_job.py:182} INFO - Started process (PID=11135) to work on /home/airflow/.local/lib/python3.8/site-packages/airflow/example_dags/example_kubernetes_executor.py
[2021-12-21 00:20:24,823] {scheduler_job.py:633} INFO - Processing file /home/airflow/.local/lib/python3.8/site-packages/airflow/example_dags/example_kubernetes_executor.py for tasks to queue
[2021-12-21 00:20:24,827] {logging_mixin.py:104} INFO - [2021-12-21 00:20:24,827] {dagbag.py:496} INFO - Filling up the DagBag from /home/airflow/.local/lib/python3.8/site-packages/airflow/example_dags/example_kubernetes_executor.py
[2021-12-21 00:20:24,853] {scheduler_job.py:643} INFO - DAG(s) dict_keys(['example_kubernetes_executor']) retrieved from /home/airflow/.local/lib/python3.8/site-packages/airflow/example_dags/example_kubernetes_executor.py
[2021-12-21 00:20:24,939] {logging_mixin.py:104} INFO - [2021-12-21 00:20:24,939] {dag.py:1833} INFO - Sync 1 DAGs
[2021-12-21 00:20:24,977] {logging_mixin.py:104} INFO - [2021-12-21 00:20:24,976] {dag.py:2306} INFO - Setting next_dagrun for example_kubernetes_executor to None
[2021-12-21 00:20:25,005] {scheduler_job.py:190} INFO - Processing /home/airflow/.local/lib/python3.8/site-packages/airflow/example_dags/example_kubernetes_executor.py took 0.194 seconds
[2021-12-21 00:20:55,374] {scheduler_job.py:182} INFO - Started process (PID=11165) to work on /home/airflow/.local/lib/python3.8/site-packages/airflow/example_dags/example_kubernetes_executor.py
[2021-12-21 00:20:55,378] {scheduler_job.py:633} INFO - Processing file /home/airflow/.local/lib/python3.8/site-packages/airflow/example_dags/example_kubernetes_executor.py for tasks to queue
[2021-12-21 00:20:55,381] {logging_mixin.py:104} INFO - [2021-12-21 00:20:55,381] {dagbag.py:496} INFO - Filling up the DagBag from /home/airflow/.local/lib/python3.8/site-packages/airflow/example_dags/example_kubernetes_executor.py
[2021-12-21 00:20:55,416] {scheduler_job.py:643} INFO - DAG(s) dict_keys(['example_kubernetes_executor']) retrieved from /home/airflow/.local/lib/python3.8/site-packages/airflow/example_dags/example_kubernetes_executor.py
[2021-12-21 00:20:55,479] {logging_mixin.py:104} INFO - [2021-12-21 00:20:55,479] {dag.py:1833} INFO - Sync 1 DAGs
[2021-12-21 00:20:55,505] {logging_mixin.py:104} INFO - [2021-12-21 00:20:55,505] {dag.py:2306} INFO - Setting next_dagrun for example_kubernetes_executor to None
[2021-12-21 00:20:55,552] {scheduler_job.py:190} INFO - Processing /home/airflow/.local/lib/python3.8/site-packages/airflow/example_dags/example_kubernetes_executor.py took 0.183 seconds
[2021-12-21 00:21:25,649] {scheduler_job.py:182} INFO - Started process (PID=11196) to work on /home/airflow/.local/lib/python3.8/site-packages/airflow/example_dags/example_kubernetes_executor.py
[2021-12-21 00:21:25,658] {scheduler_job.py:633} INFO - Processing file /home/airflow/.local/lib/python3.8/site-packages/airflow/example_dags/example_kubernetes_executor.py for tasks to queue
[2021-12-21 00:21:25,662] {logging_mixin.py:104} INFO - [2021-12-21 00:21:25,662] {dagbag.py:496} INFO - Filling up the DagBag from /home/airflow/.local/lib/python3.8/site-packages/airflow/example_dags/example_kubernetes_executor.py
[2021-12-21 00:21:25,692] {scheduler_job.py:643} INFO - DAG(s) dict_keys(['example_kubernetes_executor']) retrieved from /home/airflow/.local/lib/python3.8/site-packages/airflow/example_dags/example_kubernetes_executor.py
[2021-12-21 00:21:25,748] {logging_mixin.py:104} INFO - [2021-12-21 00:21:25,748] {dag.py:1833} INFO - Sync 1 DAGs
[2021-12-21 00:21:25,779] {logging_mixin.py:104} INFO - [2021-12-21 00:21:25,779] {dag.py:2306} INFO - Setting next_dagrun for example_kubernetes_executor to None
[2021-12-21 00:21:25,809] {scheduler_job.py:190} INFO - Processing /home/airflow/.local/lib/python3.8/site-packages/airflow/example_dags/example_kubernetes_executor.py took 0.171 seconds
[2021-12-21 00:21:55,947] {scheduler_job.py:182} INFO - Started process (PID=11226) to work on /home/airflow/.local/lib/python3.8/site-packages/airflow/example_dags/example_kubernetes_executor.py
[2021-12-21 00:21:55,951] {scheduler_job.py:633} INFO - Processing file /home/airflow/.local/lib/python3.8/site-packages/airflow/example_dags/example_kubernetes_executor.py for tasks to queue
[2021-12-21 00:21:55,953] {logging_mixin.py:104} INFO - [2021-12-21 00:21:55,953] {dagbag.py:496} INFO - Filling up the DagBag from /home/airflow/.local/lib/python3.8/site-packages/airflow/example_dags/example_kubernetes_executor.py
[2021-12-21 00:21:55,972] {scheduler_job.py:643} INFO - DAG(s) dict_keys(['example_kubernetes_executor']) retrieved from /home/airflow/.local/lib/python3.8/site-packages/airflow/example_dags/example_kubernetes_executor.py
[2021-12-21 00:21:56,027] {logging_mixin.py:104} INFO - [2021-12-21 00:21:56,027] {dag.py:1833} INFO - Sync 1 DAGs
[2021-12-21 00:21:56,046] {logging_mixin.py:104} INFO - [2021-12-21 00:21:56,046] {dag.py:2306} INFO - Setting next_dagrun for example_kubernetes_executor to None
[2021-12-21 00:21:56,095] {scheduler_job.py:190} INFO - Processing /home/airflow/.local/lib/python3.8/site-packages/airflow/example_dags/example_kubernetes_executor.py took 0.152 seconds
[2021-12-21 00:22:26,387] {scheduler_job.py:182} INFO - Started process (PID=11257) to work on /home/airflow/.local/lib/python3.8/site-packages/airflow/example_dags/example_kubernetes_executor.py
[2021-12-21 00:22:26,393] {scheduler_job.py:633} INFO - Processing file /home/airflow/.local/lib/python3.8/site-packages/airflow/example_dags/example_kubernetes_executor.py for tasks to queue
[2021-12-21 00:22:26,395] {logging_mixin.py:104} INFO - [2021-12-21 00:22:26,395] {dagbag.py:496} INFO - Filling up the DagBag from /home/airflow/.local/lib/python3.8/site-packages/airflow/example_dags/example_kubernetes_executor.py
[2021-12-21 00:22:26,422] {scheduler_job.py:643} INFO - DAG(s) dict_keys(['example_kubernetes_executor']) retrieved from /home/airflow/.local/lib/python3.8/site-packages/airflow/example_dags/example_kubernetes_executor.py
[2021-12-21 00:22:26,494] {logging_mixin.py:104} INFO - [2021-12-21 00:22:26,494] {dag.py:1833} INFO - Sync 1 DAGs
[2021-12-21 00:22:26,522] {logging_mixin.py:104} INFO - [2021-12-21 00:22:26,522] {dag.py:2306} INFO - Setting next_dagrun for example_kubernetes_executor to None
[2021-12-21 00:22:26,552] {scheduler_job.py:190} INFO - Processing /home/airflow/.local/lib/python3.8/site-packages/airflow/example_dags/example_kubernetes_executor.py took 0.169 seconds
[2021-12-21 00:22:56,680] {scheduler_job.py:182} INFO - Started process (PID=11288) to work on /home/airflow/.local/lib/python3.8/site-packages/airflow/example_dags/example_kubernetes_executor.py
[2021-12-21 00:22:56,687] {scheduler_job.py:633} INFO - Processing file /home/airflow/.local/lib/python3.8/site-packages/airflow/example_dags/example_kubernetes_executor.py for tasks to queue
[2021-12-21 00:22:56,689] {logging_mixin.py:104} INFO - [2021-12-21 00:22:56,689] {dagbag.py:496} INFO - Filling up the DagBag from /home/airflow/.local/lib/python3.8/site-packages/airflow/example_dags/example_kubernetes_executor.py
[2021-12-21 00:22:56,738] {scheduler_job.py:643} INFO - DAG(s) dict_keys(['example_kubernetes_executor']) retrieved from /home/airflow/.local/lib/python3.8/site-packages/airflow/example_dags/example_kubernetes_executor.py
[2021-12-21 00:22:56,809] {logging_mixin.py:104} INFO - [2021-12-21 00:22:56,809] {dag.py:1833} INFO - Sync 1 DAGs
[2021-12-21 00:22:56,826] {logging_mixin.py:104} INFO - [2021-12-21 00:22:56,826] {dag.py:2306} INFO - Setting next_dagrun for example_kubernetes_executor to None
[2021-12-21 00:22:56,846] {scheduler_job.py:190} INFO - Processing /home/airflow/.local/lib/python3.8/site-packages/airflow/example_dags/example_kubernetes_executor.py took 0.183 seconds
[2021-12-21 00:23:27,317] {scheduler_job.py:182} INFO - Started process (PID=11319) to work on /home/airflow/.local/lib/python3.8/site-packages/airflow/example_dags/example_kubernetes_executor.py
[2021-12-21 00:23:27,320] {scheduler_job.py:633} INFO - Processing file /home/airflow/.local/lib/python3.8/site-packages/airflow/example_dags/example_kubernetes_executor.py for tasks to queue
[2021-12-21 00:23:27,323] {logging_mixin.py:104} INFO - [2021-12-21 00:23:27,323] {dagbag.py:496} INFO - Filling up the DagBag from /home/airflow/.local/lib/python3.8/site-packages/airflow/example_dags/example_kubernetes_executor.py
[2021-12-21 00:23:27,350] {scheduler_job.py:643} INFO - DAG(s) dict_keys(['example_kubernetes_executor']) retrieved from /home/airflow/.local/lib/python3.8/site-packages/airflow/example_dags/example_kubernetes_executor.py
[2021-12-21 00:23:27,414] {logging_mixin.py:104} INFO - [2021-12-21 00:23:27,414] {dag.py:1833} INFO - Sync 1 DAGs
[2021-12-21 00:23:27,438] {logging_mixin.py:104} INFO - [2021-12-21 00:23:27,437] {dag.py:2306} INFO - Setting next_dagrun for example_kubernetes_executor to None
[2021-12-21 00:23:27,468] {scheduler_job.py:190} INFO - Processing /home/airflow/.local/lib/python3.8/site-packages/airflow/example_dags/example_kubernetes_executor.py took 0.158 seconds
[2021-12-21 00:23:57,638] {scheduler_job.py:182} INFO - Started process (PID=11350) to work on /home/airflow/.local/lib/python3.8/site-packages/airflow/example_dags/example_kubernetes_executor.py
[2021-12-21 00:23:57,642] {scheduler_job.py:633} INFO - Processing file /home/airflow/.local/lib/python3.8/site-packages/airflow/example_dags/example_kubernetes_executor.py for tasks to queue
[2021-12-21 00:23:57,646] {logging_mixin.py:104} INFO - [2021-12-21 00:23:57,646] {dagbag.py:496} INFO - Filling up the DagBag from /home/airflow/.local/lib/python3.8/site-packages/airflow/example_dags/example_kubernetes_executor.py
[2021-12-21 00:23:57,694] {scheduler_job.py:643} INFO - DAG(s) dict_keys(['example_kubernetes_executor']) retrieved from /home/airflow/.local/lib/python3.8/site-packages/airflow/example_dags/example_kubernetes_executor.py
[2021-12-21 00:23:57,791] {logging_mixin.py:104} INFO - [2021-12-21 00:23:57,791] {dag.py:1833} INFO - Sync 1 DAGs
[2021-12-21 00:23:57,829] {logging_mixin.py:104} INFO - [2021-12-21 00:23:57,829] {dag.py:2306} INFO - Setting next_dagrun for example_kubernetes_executor to None
[2021-12-21 00:23:57,872] {scheduler_job.py:190} INFO - Processing /home/airflow/.local/lib/python3.8/site-packages/airflow/example_dags/example_kubernetes_executor.py took 0.247 seconds
[2021-12-21 00:24:28,205] {scheduler_job.py:182} INFO - Started process (PID=11381) to work on /home/airflow/.local/lib/python3.8/site-packages/airflow/example_dags/example_kubernetes_executor.py
[2021-12-21 00:24:28,209] {scheduler_job.py:633} INFO - Processing file /home/airflow/.local/lib/python3.8/site-packages/airflow/example_dags/example_kubernetes_executor.py for tasks to queue
[2021-12-21 00:24:28,214] {logging_mixin.py:104} INFO - [2021-12-21 00:24:28,213] {dagbag.py:496} INFO - Filling up the DagBag from /home/airflow/.local/lib/python3.8/site-packages/airflow/example_dags/example_kubernetes_executor.py
[2021-12-21 00:24:28,245] {scheduler_job.py:643} INFO - DAG(s) dict_keys(['example_kubernetes_executor']) retrieved from /home/airflow/.local/lib/python3.8/site-packages/airflow/example_dags/example_kubernetes_executor.py
[2021-12-21 00:24:28,389] {logging_mixin.py:104} INFO - [2021-12-21 00:24:28,389] {dag.py:1833} INFO - Sync 1 DAGs
[2021-12-21 00:24:28,452] {logging_mixin.py:104} INFO - [2021-12-21 00:24:28,452] {dag.py:2306} INFO - Setting next_dagrun for example_kubernetes_executor to None
[2021-12-21 00:24:28,532] {scheduler_job.py:190} INFO - Processing /home/airflow/.local/lib/python3.8/site-packages/airflow/example_dags/example_kubernetes_executor.py took 0.338 seconds
[2021-12-21 00:24:58,788] {scheduler_job.py:182} INFO - Started process (PID=11412) to work on /home/airflow/.local/lib/python3.8/site-packages/airflow/example_dags/example_kubernetes_executor.py
[2021-12-21 00:24:58,792] {scheduler_job.py:633} INFO - Processing file /home/airflow/.local/lib/python3.8/site-packages/airflow/example_dags/example_kubernetes_executor.py for tasks to queue
[2021-12-21 00:24:58,794] {logging_mixin.py:104} INFO - [2021-12-21 00:24:58,794] {dagbag.py:496} INFO - Filling up the DagBag from /home/airflow/.local/lib/python3.8/site-packages/airflow/example_dags/example_kubernetes_executor.py
[2021-12-21 00:24:58,829] {scheduler_job.py:643} INFO - DAG(s) dict_keys(['example_kubernetes_executor']) retrieved from /home/airflow/.local/lib/python3.8/site-packages/airflow/example_dags/example_kubernetes_executor.py
[2021-12-21 00:24:58,888] {logging_mixin.py:104} INFO - [2021-12-21 00:24:58,888] {dag.py:1833} INFO - Sync 1 DAGs
[2021-12-21 00:24:58,926] {logging_mixin.py:104} INFO - [2021-12-21 00:24:58,926] {dag.py:2306} INFO - Setting next_dagrun for example_kubernetes_executor to None
[2021-12-21 00:24:58,955] {scheduler_job.py:190} INFO - Processing /home/airflow/.local/lib/python3.8/site-packages/airflow/example_dags/example_kubernetes_executor.py took 0.181 seconds
[2021-12-21 00:25:29,055] {scheduler_job.py:182} INFO - Started process (PID=11443) to work on /home/airflow/.local/lib/python3.8/site-packages/airflow/example_dags/example_kubernetes_executor.py
[2021-12-21 00:25:29,061] {scheduler_job.py:633} INFO - Processing file /home/airflow/.local/lib/python3.8/site-packages/airflow/example_dags/example_kubernetes_executor.py for tasks to queue
[2021-12-21 00:25:29,063] {logging_mixin.py:104} INFO - [2021-12-21 00:25:29,063] {dagbag.py:496} INFO - Filling up the DagBag from /home/airflow/.local/lib/python3.8/site-packages/airflow/example_dags/example_kubernetes_executor.py
[2021-12-21 00:25:29,089] {scheduler_job.py:643} INFO - DAG(s) dict_keys(['example_kubernetes_executor']) retrieved from /home/airflow/.local/lib/python3.8/site-packages/airflow/example_dags/example_kubernetes_executor.py
[2021-12-21 00:25:29,157] {logging_mixin.py:104} INFO - [2021-12-21 00:25:29,157] {dag.py:1833} INFO - Sync 1 DAGs
[2021-12-21 00:25:29,181] {logging_mixin.py:104} INFO - [2021-12-21 00:25:29,181] {dag.py:2306} INFO - Setting next_dagrun for example_kubernetes_executor to None
[2021-12-21 00:25:29,212] {scheduler_job.py:190} INFO - Processing /home/airflow/.local/lib/python3.8/site-packages/airflow/example_dags/example_kubernetes_executor.py took 0.164 seconds
[2021-12-21 00:25:59,308] {scheduler_job.py:182} INFO - Started process (PID=11474) to work on /home/airflow/.local/lib/python3.8/site-packages/airflow/example_dags/example_kubernetes_executor.py
[2021-12-21 00:25:59,313] {scheduler_job.py:633} INFO - Processing file /home/airflow/.local/lib/python3.8/site-packages/airflow/example_dags/example_kubernetes_executor.py for tasks to queue
[2021-12-21 00:25:59,316] {logging_mixin.py:104} INFO - [2021-12-21 00:25:59,316] {dagbag.py:496} INFO - Filling up the DagBag from /home/airflow/.local/lib/python3.8/site-packages/airflow/example_dags/example_kubernetes_executor.py
[2021-12-21 00:25:59,337] {scheduler_job.py:643} INFO - DAG(s) dict_keys(['example_kubernetes_executor']) retrieved from /home/airflow/.local/lib/python3.8/site-packages/airflow/example_dags/example_kubernetes_executor.py
[2021-12-21 00:25:59,410] {logging_mixin.py:104} INFO - [2021-12-21 00:25:59,410] {dag.py:1833} INFO - Sync 1 DAGs
[2021-12-21 00:25:59,428] {logging_mixin.py:104} INFO - [2021-12-21 00:25:59,428] {dag.py:2306} INFO - Setting next_dagrun for example_kubernetes_executor to None
[2021-12-21 00:25:59,452] {scheduler_job.py:190} INFO - Processing /home/airflow/.local/lib/python3.8/site-packages/airflow/example_dags/example_kubernetes_executor.py took 0.151 seconds
[2021-12-21 00:26:30,442] {scheduler_job.py:182} INFO - Started process (PID=11505) to work on /home/airflow/.local/lib/python3.8/site-packages/airflow/example_dags/example_kubernetes_executor.py
[2021-12-21 00:26:30,446] {scheduler_job.py:633} INFO - Processing file /home/airflow/.local/lib/python3.8/site-packages/airflow/example_dags/example_kubernetes_executor.py for tasks to queue
[2021-12-21 00:26:30,453] {logging_mixin.py:104} INFO - [2021-12-21 00:26:30,452] {dagbag.py:496} INFO - Filling up the DagBag from /home/airflow/.local/lib/python3.8/site-packages/airflow/example_dags/example_kubernetes_executor.py
[2021-12-21 00:26:30,501] {scheduler_job.py:643} INFO - DAG(s) dict_keys(['example_kubernetes_executor']) retrieved from /home/airflow/.local/lib/python3.8/site-packages/airflow/example_dags/example_kubernetes_executor.py
[2021-12-21 00:26:30,567] {logging_mixin.py:104} INFO - [2021-12-21 00:26:30,567] {dag.py:1833} INFO - Sync 1 DAGs
[2021-12-21 00:26:30,590] {logging_mixin.py:104} INFO - [2021-12-21 00:26:30,589] {dag.py:2306} INFO - Setting next_dagrun for example_kubernetes_executor to None
[2021-12-21 00:26:30,619] {scheduler_job.py:190} INFO - Processing /home/airflow/.local/lib/python3.8/site-packages/airflow/example_dags/example_kubernetes_executor.py took 0.182 seconds
[2021-12-21 00:27:00,784] {scheduler_job.py:182} INFO - Started process (PID=11536) to work on /home/airflow/.local/lib/python3.8/site-packages/airflow/example_dags/example_kubernetes_executor.py
[2021-12-21 00:27:00,790] {scheduler_job.py:633} INFO - Processing file /home/airflow/.local/lib/python3.8/site-packages/airflow/example_dags/example_kubernetes_executor.py for tasks to queue
[2021-12-21 00:27:00,793] {logging_mixin.py:104} INFO - [2021-12-21 00:27:00,793] {dagbag.py:496} INFO - Filling up the DagBag from /home/airflow/.local/lib/python3.8/site-packages/airflow/example_dags/example_kubernetes_executor.py
[2021-12-21 00:27:00,819] {scheduler_job.py:643} INFO - DAG(s) dict_keys(['example_kubernetes_executor']) retrieved from /home/airflow/.local/lib/python3.8/site-packages/airflow/example_dags/example_kubernetes_executor.py
[2021-12-21 00:27:00,894] {logging_mixin.py:104} INFO - [2021-12-21 00:27:00,894] {dag.py:1833} INFO - Sync 1 DAGs
[2021-12-21 00:27:00,911] {logging_mixin.py:104} INFO - [2021-12-21 00:27:00,911] {dag.py:2306} INFO - Setting next_dagrun for example_kubernetes_executor to None
[2021-12-21 00:27:00,935] {scheduler_job.py:190} INFO - Processing /home/airflow/.local/lib/python3.8/site-packages/airflow/example_dags/example_kubernetes_executor.py took 0.164 seconds
[2021-12-21 00:27:31,478] {scheduler_job.py:182} INFO - Started process (PID=11567) to work on /home/airflow/.local/lib/python3.8/site-packages/airflow/example_dags/example_kubernetes_executor.py
[2021-12-21 00:27:31,482] {scheduler_job.py:633} INFO - Processing file /home/airflow/.local/lib/python3.8/site-packages/airflow/example_dags/example_kubernetes_executor.py for tasks to queue
[2021-12-21 00:27:31,484] {logging_mixin.py:104} INFO - [2021-12-21 00:27:31,484] {dagbag.py:496} INFO - Filling up the DagBag from /home/airflow/.local/lib/python3.8/site-packages/airflow/example_dags/example_kubernetes_executor.py
[2021-12-21 00:27:31,515] {scheduler_job.py:643} INFO - DAG(s) dict_keys(['example_kubernetes_executor']) retrieved from /home/airflow/.local/lib/python3.8/site-packages/airflow/example_dags/example_kubernetes_executor.py
[2021-12-21 00:27:31,580] {logging_mixin.py:104} INFO - [2021-12-21 00:27:31,579] {dag.py:1833} INFO - Sync 1 DAGs
[2021-12-21 00:27:31,607] {logging_mixin.py:104} INFO - [2021-12-21 00:27:31,607] {dag.py:2306} INFO - Setting next_dagrun for example_kubernetes_executor to None
[2021-12-21 00:27:31,639] {scheduler_job.py:190} INFO - Processing /home/airflow/.local/lib/python3.8/site-packages/airflow/example_dags/example_kubernetes_executor.py took 0.165 seconds
[2021-12-21 00:28:02,579] {scheduler_job.py:182} INFO - Started process (PID=11598) to work on /home/airflow/.local/lib/python3.8/site-packages/airflow/example_dags/example_kubernetes_executor.py
[2021-12-21 00:28:02,587] {scheduler_job.py:633} INFO - Processing file /home/airflow/.local/lib/python3.8/site-packages/airflow/example_dags/example_kubernetes_executor.py for tasks to queue
[2021-12-21 00:28:02,590] {logging_mixin.py:104} INFO - [2021-12-21 00:28:02,589] {dagbag.py:496} INFO - Filling up the DagBag from /home/airflow/.local/lib/python3.8/site-packages/airflow/example_dags/example_kubernetes_executor.py
[2021-12-21 00:28:02,614] {scheduler_job.py:643} INFO - DAG(s) dict_keys(['example_kubernetes_executor']) retrieved from /home/airflow/.local/lib/python3.8/site-packages/airflow/example_dags/example_kubernetes_executor.py
[2021-12-21 00:28:02,667] {logging_mixin.py:104} INFO - [2021-12-21 00:28:02,667] {dag.py:1833} INFO - Sync 1 DAGs
[2021-12-21 00:28:02,698] {logging_mixin.py:104} INFO - [2021-12-21 00:28:02,697] {dag.py:2306} INFO - Setting next_dagrun for example_kubernetes_executor to None
[2021-12-21 00:28:02,722] {scheduler_job.py:190} INFO - Processing /home/airflow/.local/lib/python3.8/site-packages/airflow/example_dags/example_kubernetes_executor.py took 0.155 seconds
[2021-12-21 00:28:33,182] {scheduler_job.py:182} INFO - Started process (PID=11629) to work on /home/airflow/.local/lib/python3.8/site-packages/airflow/example_dags/example_kubernetes_executor.py
[2021-12-21 00:28:33,187] {scheduler_job.py:633} INFO - Processing file /home/airflow/.local/lib/python3.8/site-packages/airflow/example_dags/example_kubernetes_executor.py for tasks to queue
[2021-12-21 00:28:33,192] {logging_mixin.py:104} INFO - [2021-12-21 00:28:33,191] {dagbag.py:496} INFO - Filling up the DagBag from /home/airflow/.local/lib/python3.8/site-packages/airflow/example_dags/example_kubernetes_executor.py
[2021-12-21 00:28:33,217] {scheduler_job.py:643} INFO - DAG(s) dict_keys(['example_kubernetes_executor']) retrieved from /home/airflow/.local/lib/python3.8/site-packages/airflow/example_dags/example_kubernetes_executor.py
[2021-12-21 00:28:33,276] {logging_mixin.py:104} INFO - [2021-12-21 00:28:33,276] {dag.py:1833} INFO - Sync 1 DAGs
[2021-12-21 00:28:33,296] {logging_mixin.py:104} INFO - [2021-12-21 00:28:33,296] {dag.py:2306} INFO - Setting next_dagrun for example_kubernetes_executor to None
[2021-12-21 00:28:33,316] {scheduler_job.py:190} INFO - Processing /home/airflow/.local/lib/python3.8/site-packages/airflow/example_dags/example_kubernetes_executor.py took 0.146 seconds
[2021-12-21 00:29:03,747] {scheduler_job.py:182} INFO - Started process (PID=11658) to work on /home/airflow/.local/lib/python3.8/site-packages/airflow/example_dags/example_kubernetes_executor.py
[2021-12-21 00:29:03,768] {scheduler_job.py:633} INFO - Processing file /home/airflow/.local/lib/python3.8/site-packages/airflow/example_dags/example_kubernetes_executor.py for tasks to queue
[2021-12-21 00:29:03,775] {logging_mixin.py:104} INFO - [2021-12-21 00:29:03,775] {dagbag.py:496} INFO - Filling up the DagBag from /home/airflow/.local/lib/python3.8/site-packages/airflow/example_dags/example_kubernetes_executor.py
[2021-12-21 00:29:03,826] {scheduler_job.py:643} INFO - DAG(s) dict_keys(['example_kubernetes_executor']) retrieved from /home/airflow/.local/lib/python3.8/site-packages/airflow/example_dags/example_kubernetes_executor.py
[2021-12-21 00:29:04,061] {logging_mixin.py:104} INFO - [2021-12-21 00:29:04,060] {dag.py:1833} INFO - Sync 1 DAGs
[2021-12-21 00:29:04,188] {logging_mixin.py:104} INFO - [2021-12-21 00:29:04,187] {dag.py:2306} INFO - Setting next_dagrun for example_kubernetes_executor to None
[2021-12-21 00:29:04,270] {scheduler_job.py:190} INFO - Processing /home/airflow/.local/lib/python3.8/site-packages/airflow/example_dags/example_kubernetes_executor.py took 0.547 seconds
[2021-12-21 00:29:35,019] {scheduler_job.py:182} INFO - Started process (PID=11689) to work on /home/airflow/.local/lib/python3.8/site-packages/airflow/example_dags/example_kubernetes_executor.py
[2021-12-21 00:29:35,029] {scheduler_job.py:633} INFO - Processing file /home/airflow/.local/lib/python3.8/site-packages/airflow/example_dags/example_kubernetes_executor.py for tasks to queue
[2021-12-21 00:29:35,033] {logging_mixin.py:104} INFO - [2021-12-21 00:29:35,033] {dagbag.py:496} INFO - Filling up the DagBag from /home/airflow/.local/lib/python3.8/site-packages/airflow/example_dags/example_kubernetes_executor.py
[2021-12-21 00:29:35,072] {scheduler_job.py:643} INFO - DAG(s) dict_keys(['example_kubernetes_executor']) retrieved from /home/airflow/.local/lib/python3.8/site-packages/airflow/example_dags/example_kubernetes_executor.py
[2021-12-21 00:29:35,131] {logging_mixin.py:104} INFO - [2021-12-21 00:29:35,131] {dag.py:1833} INFO - Sync 1 DAGs
[2021-12-21 00:29:35,161] {logging_mixin.py:104} INFO - [2021-12-21 00:29:35,161] {dag.py:2306} INFO - Setting next_dagrun for example_kubernetes_executor to None
[2021-12-21 00:29:35,211] {scheduler_job.py:190} INFO - Processing /home/airflow/.local/lib/python3.8/site-packages/airflow/example_dags/example_kubernetes_executor.py took 0.199 seconds
[2021-12-21 00:30:05,611] {scheduler_job.py:182} INFO - Started process (PID=11720) to work on /home/airflow/.local/lib/python3.8/site-packages/airflow/example_dags/example_kubernetes_executor.py
[2021-12-21 00:30:05,620] {scheduler_job.py:633} INFO - Processing file /home/airflow/.local/lib/python3.8/site-packages/airflow/example_dags/example_kubernetes_executor.py for tasks to queue
[2021-12-21 00:30:05,630] {logging_mixin.py:104} INFO - [2021-12-21 00:30:05,630] {dagbag.py:496} INFO - Filling up the DagBag from /home/airflow/.local/lib/python3.8/site-packages/airflow/example_dags/example_kubernetes_executor.py
[2021-12-21 00:30:05,677] {scheduler_job.py:643} INFO - DAG(s) dict_keys(['example_kubernetes_executor']) retrieved from /home/airflow/.local/lib/python3.8/site-packages/airflow/example_dags/example_kubernetes_executor.py
[2021-12-21 00:30:05,738] {logging_mixin.py:104} INFO - [2021-12-21 00:30:05,738] {dag.py:1833} INFO - Sync 1 DAGs
[2021-12-21 00:30:05,767] {logging_mixin.py:104} INFO - [2021-12-21 00:30:05,767] {dag.py:2306} INFO - Setting next_dagrun for example_kubernetes_executor to None
[2021-12-21 00:30:05,812] {scheduler_job.py:190} INFO - Processing /home/airflow/.local/lib/python3.8/site-packages/airflow/example_dags/example_kubernetes_executor.py took 0.214 seconds
[2021-12-21 00:30:36,235] {scheduler_job.py:182} INFO - Started process (PID=11749) to work on /home/airflow/.local/lib/python3.8/site-packages/airflow/example_dags/example_kubernetes_executor.py
[2021-12-21 00:30:36,243] {scheduler_job.py:633} INFO - Processing file /home/airflow/.local/lib/python3.8/site-packages/airflow/example_dags/example_kubernetes_executor.py for tasks to queue
[2021-12-21 00:30:36,246] {logging_mixin.py:104} INFO - [2021-12-21 00:30:36,246] {dagbag.py:496} INFO - Filling up the DagBag from /home/airflow/.local/lib/python3.8/site-packages/airflow/example_dags/example_kubernetes_executor.py
[2021-12-21 00:30:36,275] {scheduler_job.py:643} INFO - DAG(s) dict_keys(['example_kubernetes_executor']) retrieved from /home/airflow/.local/lib/python3.8/site-packages/airflow/example_dags/example_kubernetes_executor.py
[2021-12-21 00:30:36,325] {logging_mixin.py:104} INFO - [2021-12-21 00:30:36,325] {dag.py:1833} INFO - Sync 1 DAGs
[2021-12-21 00:30:36,349] {logging_mixin.py:104} INFO - [2021-12-21 00:30:36,349] {dag.py:2306} INFO - Setting next_dagrun for example_kubernetes_executor to None
[2021-12-21 00:30:36,379] {scheduler_job.py:190} INFO - Processing /home/airflow/.local/lib/python3.8/site-packages/airflow/example_dags/example_kubernetes_executor.py took 0.150 seconds
[2021-12-21 00:39:20,460] {scheduler_job.py:182} INFO - Started process (PID=11770) to work on /home/airflow/.local/lib/python3.8/site-packages/airflow/example_dags/example_kubernetes_executor.py
[2021-12-21 00:39:20,469] {scheduler_job.py:633} INFO - Processing file /home/airflow/.local/lib/python3.8/site-packages/airflow/example_dags/example_kubernetes_executor.py for tasks to queue
[2021-12-21 00:39:20,474] {logging_mixin.py:104} INFO - [2021-12-21 00:39:20,473] {dagbag.py:496} INFO - Filling up the DagBag from /home/airflow/.local/lib/python3.8/site-packages/airflow/example_dags/example_kubernetes_executor.py
[2021-12-21 00:39:20,526] {scheduler_job.py:643} INFO - DAG(s) dict_keys(['example_kubernetes_executor']) retrieved from /home/airflow/.local/lib/python3.8/site-packages/airflow/example_dags/example_kubernetes_executor.py
[2021-12-21 00:39:20,634] {logging_mixin.py:104} INFO - [2021-12-21 00:39:20,633] {dag.py:1833} INFO - Sync 1 DAGs
[2021-12-21 00:39:20,666] {logging_mixin.py:104} INFO - [2021-12-21 00:39:20,665] {dag.py:2306} INFO - Setting next_dagrun for example_kubernetes_executor to None
[2021-12-21 00:39:20,723] {scheduler_job.py:190} INFO - Processing /home/airflow/.local/lib/python3.8/site-packages/airflow/example_dags/example_kubernetes_executor.py took 0.284 seconds
[2021-12-21 00:39:51,845] {scheduler_job.py:182} INFO - Started process (PID=11801) to work on /home/airflow/.local/lib/python3.8/site-packages/airflow/example_dags/example_kubernetes_executor.py
[2021-12-21 00:39:51,849] {scheduler_job.py:633} INFO - Processing file /home/airflow/.local/lib/python3.8/site-packages/airflow/example_dags/example_kubernetes_executor.py for tasks to queue
[2021-12-21 00:39:51,852] {logging_mixin.py:104} INFO - [2021-12-21 00:39:51,852] {dagbag.py:496} INFO - Filling up the DagBag from /home/airflow/.local/lib/python3.8/site-packages/airflow/example_dags/example_kubernetes_executor.py
[2021-12-21 00:39:51,903] {scheduler_job.py:643} INFO - DAG(s) dict_keys(['example_kubernetes_executor']) retrieved from /home/airflow/.local/lib/python3.8/site-packages/airflow/example_dags/example_kubernetes_executor.py
[2021-12-21 00:39:51,982] {logging_mixin.py:104} INFO - [2021-12-21 00:39:51,982] {dag.py:1833} INFO - Sync 1 DAGs
[2021-12-21 00:39:52,016] {logging_mixin.py:104} INFO - [2021-12-21 00:39:52,016] {dag.py:2306} INFO - Setting next_dagrun for example_kubernetes_executor to None
[2021-12-21 00:39:52,052] {scheduler_job.py:190} INFO - Processing /home/airflow/.local/lib/python3.8/site-packages/airflow/example_dags/example_kubernetes_executor.py took 0.219 seconds
[2021-12-21 00:56:32,057] {scheduler_job.py:182} INFO - Started process (PID=11832) to work on /home/airflow/.local/lib/python3.8/site-packages/airflow/example_dags/example_kubernetes_executor.py
[2021-12-21 00:56:32,072] {scheduler_job.py:633} INFO - Processing file /home/airflow/.local/lib/python3.8/site-packages/airflow/example_dags/example_kubernetes_executor.py for tasks to queue
[2021-12-21 00:56:32,078] {logging_mixin.py:104} INFO - [2021-12-21 00:56:32,077] {dagbag.py:496} INFO - Filling up the DagBag from /home/airflow/.local/lib/python3.8/site-packages/airflow/example_dags/example_kubernetes_executor.py
[2021-12-21 00:56:32,150] {scheduler_job.py:643} INFO - DAG(s) dict_keys(['example_kubernetes_executor']) retrieved from /home/airflow/.local/lib/python3.8/site-packages/airflow/example_dags/example_kubernetes_executor.py
[2021-12-21 00:56:32,279] {logging_mixin.py:104} INFO - [2021-12-21 00:56:32,279] {dag.py:1833} INFO - Sync 1 DAGs
[2021-12-21 00:56:32,336] {logging_mixin.py:104} INFO - [2021-12-21 00:56:32,336] {dag.py:2306} INFO - Setting next_dagrun for example_kubernetes_executor to None
[2021-12-21 00:56:32,409] {scheduler_job.py:190} INFO - Processing /home/airflow/.local/lib/python3.8/site-packages/airflow/example_dags/example_kubernetes_executor.py took 0.368 seconds
