[2021-12-21 00:00:16,675] {scheduler_job.py:182} INFO - Started process (PID=9905) to work on /home/airflow/.local/lib/python3.8/site-packages/airflow/example_dags/example_kubernetes_executor_config.py
[2021-12-21 00:00:16,679] {scheduler_job.py:633} INFO - Processing file /home/airflow/.local/lib/python3.8/site-packages/airflow/example_dags/example_kubernetes_executor_config.py for tasks to queue
[2021-12-21 00:00:16,682] {logging_mixin.py:104} INFO - [2021-12-21 00:00:16,682] {dagbag.py:496} INFO - Filling up the DagBag from /home/airflow/.local/lib/python3.8/site-packages/airflow/example_dags/example_kubernetes_executor_config.py
[2021-12-21 00:00:16,704] {scheduler_job.py:643} INFO - DAG(s) dict_keys(['example_kubernetes_executor_config']) retrieved from /home/airflow/.local/lib/python3.8/site-packages/airflow/example_dags/example_kubernetes_executor_config.py
[2021-12-21 00:00:17,156] {logging_mixin.py:104} INFO - [2021-12-21 00:00:17,155] {dag.py:1833} INFO - Sync 1 DAGs
[2021-12-21 00:00:17,175] {logging_mixin.py:104} INFO - [2021-12-21 00:00:17,175] {dag.py:2306} INFO - Setting next_dagrun for example_kubernetes_executor_config to None
[2021-12-21 00:00:17,197] {scheduler_job.py:190} INFO - Processing /home/airflow/.local/lib/python3.8/site-packages/airflow/example_dags/example_kubernetes_executor_config.py took 0.526 seconds
[2021-12-21 00:00:47,386] {scheduler_job.py:182} INFO - Started process (PID=9936) to work on /home/airflow/.local/lib/python3.8/site-packages/airflow/example_dags/example_kubernetes_executor_config.py
[2021-12-21 00:00:47,393] {scheduler_job.py:633} INFO - Processing file /home/airflow/.local/lib/python3.8/site-packages/airflow/example_dags/example_kubernetes_executor_config.py for tasks to queue
[2021-12-21 00:00:47,396] {logging_mixin.py:104} INFO - [2021-12-21 00:00:47,396] {dagbag.py:496} INFO - Filling up the DagBag from /home/airflow/.local/lib/python3.8/site-packages/airflow/example_dags/example_kubernetes_executor_config.py
[2021-12-21 00:00:47,422] {scheduler_job.py:643} INFO - DAG(s) dict_keys(['example_kubernetes_executor_config']) retrieved from /home/airflow/.local/lib/python3.8/site-packages/airflow/example_dags/example_kubernetes_executor_config.py
[2021-12-21 00:00:47,475] {logging_mixin.py:104} INFO - [2021-12-21 00:00:47,475] {dag.py:1833} INFO - Sync 1 DAGs
[2021-12-21 00:00:47,491] {logging_mixin.py:104} INFO - [2021-12-21 00:00:47,491] {dag.py:2306} INFO - Setting next_dagrun for example_kubernetes_executor_config to None
[2021-12-21 00:00:47,520] {scheduler_job.py:190} INFO - Processing /home/airflow/.local/lib/python3.8/site-packages/airflow/example_dags/example_kubernetes_executor_config.py took 0.139 seconds
[2021-12-21 00:01:18,178] {scheduler_job.py:182} INFO - Started process (PID=9967) to work on /home/airflow/.local/lib/python3.8/site-packages/airflow/example_dags/example_kubernetes_executor_config.py
[2021-12-21 00:01:18,182] {scheduler_job.py:633} INFO - Processing file /home/airflow/.local/lib/python3.8/site-packages/airflow/example_dags/example_kubernetes_executor_config.py for tasks to queue
[2021-12-21 00:01:18,185] {logging_mixin.py:104} INFO - [2021-12-21 00:01:18,185] {dagbag.py:496} INFO - Filling up the DagBag from /home/airflow/.local/lib/python3.8/site-packages/airflow/example_dags/example_kubernetes_executor_config.py
[2021-12-21 00:01:18,214] {scheduler_job.py:643} INFO - DAG(s) dict_keys(['example_kubernetes_executor_config']) retrieved from /home/airflow/.local/lib/python3.8/site-packages/airflow/example_dags/example_kubernetes_executor_config.py
[2021-12-21 00:01:18,265] {logging_mixin.py:104} INFO - [2021-12-21 00:01:18,265] {dag.py:1833} INFO - Sync 1 DAGs
[2021-12-21 00:01:18,287] {logging_mixin.py:104} INFO - [2021-12-21 00:01:18,287] {dag.py:2306} INFO - Setting next_dagrun for example_kubernetes_executor_config to None
[2021-12-21 00:01:18,312] {scheduler_job.py:190} INFO - Processing /home/airflow/.local/lib/python3.8/site-packages/airflow/example_dags/example_kubernetes_executor_config.py took 0.139 seconds
[2021-12-21 00:01:48,989] {scheduler_job.py:182} INFO - Started process (PID=9998) to work on /home/airflow/.local/lib/python3.8/site-packages/airflow/example_dags/example_kubernetes_executor_config.py
[2021-12-21 00:01:48,995] {scheduler_job.py:633} INFO - Processing file /home/airflow/.local/lib/python3.8/site-packages/airflow/example_dags/example_kubernetes_executor_config.py for tasks to queue
[2021-12-21 00:01:48,999] {logging_mixin.py:104} INFO - [2021-12-21 00:01:48,999] {dagbag.py:496} INFO - Filling up the DagBag from /home/airflow/.local/lib/python3.8/site-packages/airflow/example_dags/example_kubernetes_executor_config.py
[2021-12-21 00:01:49,031] {scheduler_job.py:643} INFO - DAG(s) dict_keys(['example_kubernetes_executor_config']) retrieved from /home/airflow/.local/lib/python3.8/site-packages/airflow/example_dags/example_kubernetes_executor_config.py
[2021-12-21 00:01:49,108] {logging_mixin.py:104} INFO - [2021-12-21 00:01:49,107] {dag.py:1833} INFO - Sync 1 DAGs
[2021-12-21 00:01:49,129] {logging_mixin.py:104} INFO - [2021-12-21 00:01:49,129] {dag.py:2306} INFO - Setting next_dagrun for example_kubernetes_executor_config to None
[2021-12-21 00:01:49,153] {scheduler_job.py:190} INFO - Processing /home/airflow/.local/lib/python3.8/site-packages/airflow/example_dags/example_kubernetes_executor_config.py took 0.175 seconds
[2021-12-21 00:02:19,724] {scheduler_job.py:182} INFO - Started process (PID=10029) to work on /home/airflow/.local/lib/python3.8/site-packages/airflow/example_dags/example_kubernetes_executor_config.py
[2021-12-21 00:02:19,731] {scheduler_job.py:633} INFO - Processing file /home/airflow/.local/lib/python3.8/site-packages/airflow/example_dags/example_kubernetes_executor_config.py for tasks to queue
[2021-12-21 00:02:19,735] {logging_mixin.py:104} INFO - [2021-12-21 00:02:19,734] {dagbag.py:496} INFO - Filling up the DagBag from /home/airflow/.local/lib/python3.8/site-packages/airflow/example_dags/example_kubernetes_executor_config.py
[2021-12-21 00:02:19,774] {scheduler_job.py:643} INFO - DAG(s) dict_keys(['example_kubernetes_executor_config']) retrieved from /home/airflow/.local/lib/python3.8/site-packages/airflow/example_dags/example_kubernetes_executor_config.py
[2021-12-21 00:02:19,866] {logging_mixin.py:104} INFO - [2021-12-21 00:02:19,865] {dag.py:1833} INFO - Sync 1 DAGs
[2021-12-21 00:02:19,891] {logging_mixin.py:104} INFO - [2021-12-21 00:02:19,890] {dag.py:2306} INFO - Setting next_dagrun for example_kubernetes_executor_config to None
[2021-12-21 00:02:19,925] {scheduler_job.py:190} INFO - Processing /home/airflow/.local/lib/python3.8/site-packages/airflow/example_dags/example_kubernetes_executor_config.py took 0.219 seconds
[2021-12-21 00:02:50,032] {scheduler_job.py:182} INFO - Started process (PID=10060) to work on /home/airflow/.local/lib/python3.8/site-packages/airflow/example_dags/example_kubernetes_executor_config.py
[2021-12-21 00:02:50,036] {scheduler_job.py:633} INFO - Processing file /home/airflow/.local/lib/python3.8/site-packages/airflow/example_dags/example_kubernetes_executor_config.py for tasks to queue
[2021-12-21 00:02:50,039] {logging_mixin.py:104} INFO - [2021-12-21 00:02:50,039] {dagbag.py:496} INFO - Filling up the DagBag from /home/airflow/.local/lib/python3.8/site-packages/airflow/example_dags/example_kubernetes_executor_config.py
[2021-12-21 00:02:50,061] {scheduler_job.py:643} INFO - DAG(s) dict_keys(['example_kubernetes_executor_config']) retrieved from /home/airflow/.local/lib/python3.8/site-packages/airflow/example_dags/example_kubernetes_executor_config.py
[2021-12-21 00:02:50,132] {logging_mixin.py:104} INFO - [2021-12-21 00:02:50,131] {dag.py:1833} INFO - Sync 1 DAGs
[2021-12-21 00:02:50,149] {logging_mixin.py:104} INFO - [2021-12-21 00:02:50,149] {dag.py:2306} INFO - Setting next_dagrun for example_kubernetes_executor_config to None
[2021-12-21 00:02:50,172] {scheduler_job.py:190} INFO - Processing /home/airflow/.local/lib/python3.8/site-packages/airflow/example_dags/example_kubernetes_executor_config.py took 0.146 seconds
[2021-12-21 00:03:21,164] {scheduler_job.py:182} INFO - Started process (PID=10091) to work on /home/airflow/.local/lib/python3.8/site-packages/airflow/example_dags/example_kubernetes_executor_config.py
[2021-12-21 00:03:21,185] {scheduler_job.py:633} INFO - Processing file /home/airflow/.local/lib/python3.8/site-packages/airflow/example_dags/example_kubernetes_executor_config.py for tasks to queue
[2021-12-21 00:03:21,192] {logging_mixin.py:104} INFO - [2021-12-21 00:03:21,192] {dagbag.py:496} INFO - Filling up the DagBag from /home/airflow/.local/lib/python3.8/site-packages/airflow/example_dags/example_kubernetes_executor_config.py
[2021-12-21 00:03:21,227] {scheduler_job.py:643} INFO - DAG(s) dict_keys(['example_kubernetes_executor_config']) retrieved from /home/airflow/.local/lib/python3.8/site-packages/airflow/example_dags/example_kubernetes_executor_config.py
[2021-12-21 00:03:21,310] {logging_mixin.py:104} INFO - [2021-12-21 00:03:21,310] {dag.py:1833} INFO - Sync 1 DAGs
[2021-12-21 00:03:21,350] {logging_mixin.py:104} INFO - [2021-12-21 00:03:21,350] {dag.py:2306} INFO - Setting next_dagrun for example_kubernetes_executor_config to None
[2021-12-21 00:03:21,386] {scheduler_job.py:190} INFO - Processing /home/airflow/.local/lib/python3.8/site-packages/airflow/example_dags/example_kubernetes_executor_config.py took 0.245 seconds
[2021-12-21 00:03:51,529] {scheduler_job.py:182} INFO - Started process (PID=10121) to work on /home/airflow/.local/lib/python3.8/site-packages/airflow/example_dags/example_kubernetes_executor_config.py
[2021-12-21 00:03:51,534] {scheduler_job.py:633} INFO - Processing file /home/airflow/.local/lib/python3.8/site-packages/airflow/example_dags/example_kubernetes_executor_config.py for tasks to queue
[2021-12-21 00:03:51,541] {logging_mixin.py:104} INFO - [2021-12-21 00:03:51,539] {dagbag.py:496} INFO - Filling up the DagBag from /home/airflow/.local/lib/python3.8/site-packages/airflow/example_dags/example_kubernetes_executor_config.py
[2021-12-21 00:03:51,579] {scheduler_job.py:643} INFO - DAG(s) dict_keys(['example_kubernetes_executor_config']) retrieved from /home/airflow/.local/lib/python3.8/site-packages/airflow/example_dags/example_kubernetes_executor_config.py
[2021-12-21 00:03:51,679] {logging_mixin.py:104} INFO - [2021-12-21 00:03:51,679] {dag.py:1833} INFO - Sync 1 DAGs
[2021-12-21 00:03:51,697] {logging_mixin.py:104} INFO - [2021-12-21 00:03:51,697] {dag.py:2306} INFO - Setting next_dagrun for example_kubernetes_executor_config to None
[2021-12-21 00:03:51,719] {scheduler_job.py:190} INFO - Processing /home/airflow/.local/lib/python3.8/site-packages/airflow/example_dags/example_kubernetes_executor_config.py took 0.201 seconds
[2021-12-21 00:04:23,262] {scheduler_job.py:182} INFO - Started process (PID=10153) to work on /home/airflow/.local/lib/python3.8/site-packages/airflow/example_dags/example_kubernetes_executor_config.py
[2021-12-21 00:04:23,265] {scheduler_job.py:633} INFO - Processing file /home/airflow/.local/lib/python3.8/site-packages/airflow/example_dags/example_kubernetes_executor_config.py for tasks to queue
[2021-12-21 00:04:23,270] {logging_mixin.py:104} INFO - [2021-12-21 00:04:23,269] {dagbag.py:496} INFO - Filling up the DagBag from /home/airflow/.local/lib/python3.8/site-packages/airflow/example_dags/example_kubernetes_executor_config.py
[2021-12-21 00:04:23,312] {scheduler_job.py:643} INFO - DAG(s) dict_keys(['example_kubernetes_executor_config']) retrieved from /home/airflow/.local/lib/python3.8/site-packages/airflow/example_dags/example_kubernetes_executor_config.py
[2021-12-21 00:04:23,381] {logging_mixin.py:104} INFO - [2021-12-21 00:04:23,381] {dag.py:1833} INFO - Sync 1 DAGs
[2021-12-21 00:04:23,412] {logging_mixin.py:104} INFO - [2021-12-21 00:04:23,412] {dag.py:2306} INFO - Setting next_dagrun for example_kubernetes_executor_config to None
[2021-12-21 00:04:23,446] {scheduler_job.py:190} INFO - Processing /home/airflow/.local/lib/python3.8/site-packages/airflow/example_dags/example_kubernetes_executor_config.py took 0.188 seconds
[2021-12-21 00:04:54,305] {scheduler_job.py:182} INFO - Started process (PID=10184) to work on /home/airflow/.local/lib/python3.8/site-packages/airflow/example_dags/example_kubernetes_executor_config.py
[2021-12-21 00:04:54,315] {scheduler_job.py:633} INFO - Processing file /home/airflow/.local/lib/python3.8/site-packages/airflow/example_dags/example_kubernetes_executor_config.py for tasks to queue
[2021-12-21 00:04:54,320] {logging_mixin.py:104} INFO - [2021-12-21 00:04:54,320] {dagbag.py:496} INFO - Filling up the DagBag from /home/airflow/.local/lib/python3.8/site-packages/airflow/example_dags/example_kubernetes_executor_config.py
[2021-12-21 00:04:54,361] {scheduler_job.py:643} INFO - DAG(s) dict_keys(['example_kubernetes_executor_config']) retrieved from /home/airflow/.local/lib/python3.8/site-packages/airflow/example_dags/example_kubernetes_executor_config.py
[2021-12-21 00:04:54,437] {logging_mixin.py:104} INFO - [2021-12-21 00:04:54,436] {dag.py:1833} INFO - Sync 1 DAGs
[2021-12-21 00:04:54,466] {logging_mixin.py:104} INFO - [2021-12-21 00:04:54,466] {dag.py:2306} INFO - Setting next_dagrun for example_kubernetes_executor_config to None
[2021-12-21 00:04:54,501] {scheduler_job.py:190} INFO - Processing /home/airflow/.local/lib/python3.8/site-packages/airflow/example_dags/example_kubernetes_executor_config.py took 0.208 seconds
[2021-12-21 00:05:24,820] {scheduler_job.py:182} INFO - Started process (PID=10214) to work on /home/airflow/.local/lib/python3.8/site-packages/airflow/example_dags/example_kubernetes_executor_config.py
[2021-12-21 00:05:24,830] {scheduler_job.py:633} INFO - Processing file /home/airflow/.local/lib/python3.8/site-packages/airflow/example_dags/example_kubernetes_executor_config.py for tasks to queue
[2021-12-21 00:05:24,834] {logging_mixin.py:104} INFO - [2021-12-21 00:05:24,834] {dagbag.py:496} INFO - Filling up the DagBag from /home/airflow/.local/lib/python3.8/site-packages/airflow/example_dags/example_kubernetes_executor_config.py
[2021-12-21 00:05:24,863] {scheduler_job.py:643} INFO - DAG(s) dict_keys(['example_kubernetes_executor_config']) retrieved from /home/airflow/.local/lib/python3.8/site-packages/airflow/example_dags/example_kubernetes_executor_config.py
[2021-12-21 00:05:24,919] {logging_mixin.py:104} INFO - [2021-12-21 00:05:24,919] {dag.py:1833} INFO - Sync 1 DAGs
[2021-12-21 00:05:24,936] {logging_mixin.py:104} INFO - [2021-12-21 00:05:24,936] {dag.py:2306} INFO - Setting next_dagrun for example_kubernetes_executor_config to None
[2021-12-21 00:05:24,955] {scheduler_job.py:190} INFO - Processing /home/airflow/.local/lib/python3.8/site-packages/airflow/example_dags/example_kubernetes_executor_config.py took 0.142 seconds
[2021-12-21 00:05:55,485] {scheduler_job.py:182} INFO - Started process (PID=10245) to work on /home/airflow/.local/lib/python3.8/site-packages/airflow/example_dags/example_kubernetes_executor_config.py
[2021-12-21 00:05:55,489] {scheduler_job.py:633} INFO - Processing file /home/airflow/.local/lib/python3.8/site-packages/airflow/example_dags/example_kubernetes_executor_config.py for tasks to queue
[2021-12-21 00:05:55,493] {logging_mixin.py:104} INFO - [2021-12-21 00:05:55,493] {dagbag.py:496} INFO - Filling up the DagBag from /home/airflow/.local/lib/python3.8/site-packages/airflow/example_dags/example_kubernetes_executor_config.py
[2021-12-21 00:05:55,545] {scheduler_job.py:643} INFO - DAG(s) dict_keys(['example_kubernetes_executor_config']) retrieved from /home/airflow/.local/lib/python3.8/site-packages/airflow/example_dags/example_kubernetes_executor_config.py
[2021-12-21 00:05:55,634] {logging_mixin.py:104} INFO - [2021-12-21 00:05:55,634] {dag.py:1833} INFO - Sync 1 DAGs
[2021-12-21 00:05:55,667] {logging_mixin.py:104} INFO - [2021-12-21 00:05:55,667] {dag.py:2306} INFO - Setting next_dagrun for example_kubernetes_executor_config to None
[2021-12-21 00:05:55,720] {scheduler_job.py:190} INFO - Processing /home/airflow/.local/lib/python3.8/site-packages/airflow/example_dags/example_kubernetes_executor_config.py took 0.248 seconds
[2021-12-21 00:06:26,282] {scheduler_job.py:182} INFO - Started process (PID=10276) to work on /home/airflow/.local/lib/python3.8/site-packages/airflow/example_dags/example_kubernetes_executor_config.py
[2021-12-21 00:06:26,294] {scheduler_job.py:633} INFO - Processing file /home/airflow/.local/lib/python3.8/site-packages/airflow/example_dags/example_kubernetes_executor_config.py for tasks to queue
[2021-12-21 00:06:26,296] {logging_mixin.py:104} INFO - [2021-12-21 00:06:26,296] {dagbag.py:496} INFO - Filling up the DagBag from /home/airflow/.local/lib/python3.8/site-packages/airflow/example_dags/example_kubernetes_executor_config.py
[2021-12-21 00:06:26,318] {scheduler_job.py:643} INFO - DAG(s) dict_keys(['example_kubernetes_executor_config']) retrieved from /home/airflow/.local/lib/python3.8/site-packages/airflow/example_dags/example_kubernetes_executor_config.py
[2021-12-21 00:06:26,372] {logging_mixin.py:104} INFO - [2021-12-21 00:06:26,372] {dag.py:1833} INFO - Sync 1 DAGs
[2021-12-21 00:06:26,392] {logging_mixin.py:104} INFO - [2021-12-21 00:06:26,392] {dag.py:2306} INFO - Setting next_dagrun for example_kubernetes_executor_config to None
[2021-12-21 00:06:26,422] {scheduler_job.py:190} INFO - Processing /home/airflow/.local/lib/python3.8/site-packages/airflow/example_dags/example_kubernetes_executor_config.py took 0.145 seconds
[2021-12-21 00:06:56,726] {scheduler_job.py:182} INFO - Started process (PID=10307) to work on /home/airflow/.local/lib/python3.8/site-packages/airflow/example_dags/example_kubernetes_executor_config.py
[2021-12-21 00:06:56,731] {scheduler_job.py:633} INFO - Processing file /home/airflow/.local/lib/python3.8/site-packages/airflow/example_dags/example_kubernetes_executor_config.py for tasks to queue
[2021-12-21 00:06:56,733] {logging_mixin.py:104} INFO - [2021-12-21 00:06:56,733] {dagbag.py:496} INFO - Filling up the DagBag from /home/airflow/.local/lib/python3.8/site-packages/airflow/example_dags/example_kubernetes_executor_config.py
[2021-12-21 00:06:56,757] {scheduler_job.py:643} INFO - DAG(s) dict_keys(['example_kubernetes_executor_config']) retrieved from /home/airflow/.local/lib/python3.8/site-packages/airflow/example_dags/example_kubernetes_executor_config.py
[2021-12-21 00:06:56,807] {logging_mixin.py:104} INFO - [2021-12-21 00:06:56,807] {dag.py:1833} INFO - Sync 1 DAGs
[2021-12-21 00:06:56,823] {logging_mixin.py:104} INFO - [2021-12-21 00:06:56,823] {dag.py:2306} INFO - Setting next_dagrun for example_kubernetes_executor_config to None
[2021-12-21 00:06:56,845] {scheduler_job.py:190} INFO - Processing /home/airflow/.local/lib/python3.8/site-packages/airflow/example_dags/example_kubernetes_executor_config.py took 0.125 seconds
[2021-12-21 00:07:27,104] {scheduler_job.py:182} INFO - Started process (PID=10337) to work on /home/airflow/.local/lib/python3.8/site-packages/airflow/example_dags/example_kubernetes_executor_config.py
[2021-12-21 00:07:27,109] {scheduler_job.py:633} INFO - Processing file /home/airflow/.local/lib/python3.8/site-packages/airflow/example_dags/example_kubernetes_executor_config.py for tasks to queue
[2021-12-21 00:07:27,114] {logging_mixin.py:104} INFO - [2021-12-21 00:07:27,113] {dagbag.py:496} INFO - Filling up the DagBag from /home/airflow/.local/lib/python3.8/site-packages/airflow/example_dags/example_kubernetes_executor_config.py
[2021-12-21 00:07:27,136] {scheduler_job.py:643} INFO - DAG(s) dict_keys(['example_kubernetes_executor_config']) retrieved from /home/airflow/.local/lib/python3.8/site-packages/airflow/example_dags/example_kubernetes_executor_config.py
[2021-12-21 00:07:27,187] {logging_mixin.py:104} INFO - [2021-12-21 00:07:27,187] {dag.py:1833} INFO - Sync 1 DAGs
[2021-12-21 00:07:27,221] {logging_mixin.py:104} INFO - [2021-12-21 00:07:27,221] {dag.py:2306} INFO - Setting next_dagrun for example_kubernetes_executor_config to None
[2021-12-21 00:07:27,255] {scheduler_job.py:190} INFO - Processing /home/airflow/.local/lib/python3.8/site-packages/airflow/example_dags/example_kubernetes_executor_config.py took 0.190 seconds
[2021-12-21 00:07:57,403] {scheduler_job.py:182} INFO - Started process (PID=10368) to work on /home/airflow/.local/lib/python3.8/site-packages/airflow/example_dags/example_kubernetes_executor_config.py
[2021-12-21 00:07:57,409] {scheduler_job.py:633} INFO - Processing file /home/airflow/.local/lib/python3.8/site-packages/airflow/example_dags/example_kubernetes_executor_config.py for tasks to queue
[2021-12-21 00:07:57,413] {logging_mixin.py:104} INFO - [2021-12-21 00:07:57,412] {dagbag.py:496} INFO - Filling up the DagBag from /home/airflow/.local/lib/python3.8/site-packages/airflow/example_dags/example_kubernetes_executor_config.py
[2021-12-21 00:07:57,442] {scheduler_job.py:643} INFO - DAG(s) dict_keys(['example_kubernetes_executor_config']) retrieved from /home/airflow/.local/lib/python3.8/site-packages/airflow/example_dags/example_kubernetes_executor_config.py
[2021-12-21 00:07:57,515] {logging_mixin.py:104} INFO - [2021-12-21 00:07:57,515] {dag.py:1833} INFO - Sync 1 DAGs
[2021-12-21 00:07:57,542] {logging_mixin.py:104} INFO - [2021-12-21 00:07:57,542] {dag.py:2306} INFO - Setting next_dagrun for example_kubernetes_executor_config to None
[2021-12-21 00:07:57,580] {scheduler_job.py:190} INFO - Processing /home/airflow/.local/lib/python3.8/site-packages/airflow/example_dags/example_kubernetes_executor_config.py took 0.192 seconds
[2021-12-21 00:08:27,712] {scheduler_job.py:182} INFO - Started process (PID=10399) to work on /home/airflow/.local/lib/python3.8/site-packages/airflow/example_dags/example_kubernetes_executor_config.py
[2021-12-21 00:08:27,718] {scheduler_job.py:633} INFO - Processing file /home/airflow/.local/lib/python3.8/site-packages/airflow/example_dags/example_kubernetes_executor_config.py for tasks to queue
[2021-12-21 00:08:27,720] {logging_mixin.py:104} INFO - [2021-12-21 00:08:27,720] {dagbag.py:496} INFO - Filling up the DagBag from /home/airflow/.local/lib/python3.8/site-packages/airflow/example_dags/example_kubernetes_executor_config.py
[2021-12-21 00:08:27,758] {scheduler_job.py:643} INFO - DAG(s) dict_keys(['example_kubernetes_executor_config']) retrieved from /home/airflow/.local/lib/python3.8/site-packages/airflow/example_dags/example_kubernetes_executor_config.py
[2021-12-21 00:08:27,851] {logging_mixin.py:104} INFO - [2021-12-21 00:08:27,850] {dag.py:1833} INFO - Sync 1 DAGs
[2021-12-21 00:08:27,891] {logging_mixin.py:104} INFO - [2021-12-21 00:08:27,890] {dag.py:2306} INFO - Setting next_dagrun for example_kubernetes_executor_config to None
[2021-12-21 00:08:27,934] {scheduler_job.py:190} INFO - Processing /home/airflow/.local/lib/python3.8/site-packages/airflow/example_dags/example_kubernetes_executor_config.py took 0.230 seconds
[2021-12-21 00:08:58,085] {scheduler_job.py:182} INFO - Started process (PID=10430) to work on /home/airflow/.local/lib/python3.8/site-packages/airflow/example_dags/example_kubernetes_executor_config.py
[2021-12-21 00:08:58,091] {scheduler_job.py:633} INFO - Processing file /home/airflow/.local/lib/python3.8/site-packages/airflow/example_dags/example_kubernetes_executor_config.py for tasks to queue
[2021-12-21 00:08:58,095] {logging_mixin.py:104} INFO - [2021-12-21 00:08:58,094] {dagbag.py:496} INFO - Filling up the DagBag from /home/airflow/.local/lib/python3.8/site-packages/airflow/example_dags/example_kubernetes_executor_config.py
[2021-12-21 00:08:58,122] {scheduler_job.py:643} INFO - DAG(s) dict_keys(['example_kubernetes_executor_config']) retrieved from /home/airflow/.local/lib/python3.8/site-packages/airflow/example_dags/example_kubernetes_executor_config.py
[2021-12-21 00:08:58,173] {logging_mixin.py:104} INFO - [2021-12-21 00:08:58,173] {dag.py:1833} INFO - Sync 1 DAGs
[2021-12-21 00:08:58,191] {logging_mixin.py:104} INFO - [2021-12-21 00:08:58,191] {dag.py:2306} INFO - Setting next_dagrun for example_kubernetes_executor_config to None
[2021-12-21 00:08:58,214] {scheduler_job.py:190} INFO - Processing /home/airflow/.local/lib/python3.8/site-packages/airflow/example_dags/example_kubernetes_executor_config.py took 0.147 seconds
[2021-12-21 00:09:28,586] {scheduler_job.py:182} INFO - Started process (PID=10461) to work on /home/airflow/.local/lib/python3.8/site-packages/airflow/example_dags/example_kubernetes_executor_config.py
[2021-12-21 00:09:28,591] {scheduler_job.py:633} INFO - Processing file /home/airflow/.local/lib/python3.8/site-packages/airflow/example_dags/example_kubernetes_executor_config.py for tasks to queue
[2021-12-21 00:09:28,593] {logging_mixin.py:104} INFO - [2021-12-21 00:09:28,593] {dagbag.py:496} INFO - Filling up the DagBag from /home/airflow/.local/lib/python3.8/site-packages/airflow/example_dags/example_kubernetes_executor_config.py
[2021-12-21 00:09:28,619] {scheduler_job.py:643} INFO - DAG(s) dict_keys(['example_kubernetes_executor_config']) retrieved from /home/airflow/.local/lib/python3.8/site-packages/airflow/example_dags/example_kubernetes_executor_config.py
[2021-12-21 00:09:28,698] {logging_mixin.py:104} INFO - [2021-12-21 00:09:28,697] {dag.py:1833} INFO - Sync 1 DAGs
[2021-12-21 00:09:28,725] {logging_mixin.py:104} INFO - [2021-12-21 00:09:28,724] {dag.py:2306} INFO - Setting next_dagrun for example_kubernetes_executor_config to None
[2021-12-21 00:09:28,776] {scheduler_job.py:190} INFO - Processing /home/airflow/.local/lib/python3.8/site-packages/airflow/example_dags/example_kubernetes_executor_config.py took 0.200 seconds
[2021-12-21 00:09:59,134] {scheduler_job.py:182} INFO - Started process (PID=10492) to work on /home/airflow/.local/lib/python3.8/site-packages/airflow/example_dags/example_kubernetes_executor_config.py
[2021-12-21 00:09:59,139] {scheduler_job.py:633} INFO - Processing file /home/airflow/.local/lib/python3.8/site-packages/airflow/example_dags/example_kubernetes_executor_config.py for tasks to queue
[2021-12-21 00:09:59,143] {logging_mixin.py:104} INFO - [2021-12-21 00:09:59,142] {dagbag.py:496} INFO - Filling up the DagBag from /home/airflow/.local/lib/python3.8/site-packages/airflow/example_dags/example_kubernetes_executor_config.py
[2021-12-21 00:09:59,173] {scheduler_job.py:643} INFO - DAG(s) dict_keys(['example_kubernetes_executor_config']) retrieved from /home/airflow/.local/lib/python3.8/site-packages/airflow/example_dags/example_kubernetes_executor_config.py
[2021-12-21 00:09:59,238] {logging_mixin.py:104} INFO - [2021-12-21 00:09:59,238] {dag.py:1833} INFO - Sync 1 DAGs
[2021-12-21 00:09:59,255] {logging_mixin.py:104} INFO - [2021-12-21 00:09:59,255] {dag.py:2306} INFO - Setting next_dagrun for example_kubernetes_executor_config to None
[2021-12-21 00:09:59,277] {scheduler_job.py:190} INFO - Processing /home/airflow/.local/lib/python3.8/site-packages/airflow/example_dags/example_kubernetes_executor_config.py took 0.152 seconds
[2021-12-21 00:10:29,490] {scheduler_job.py:182} INFO - Started process (PID=10523) to work on /home/airflow/.local/lib/python3.8/site-packages/airflow/example_dags/example_kubernetes_executor_config.py
[2021-12-21 00:10:29,507] {scheduler_job.py:633} INFO - Processing file /home/airflow/.local/lib/python3.8/site-packages/airflow/example_dags/example_kubernetes_executor_config.py for tasks to queue
[2021-12-21 00:10:29,513] {logging_mixin.py:104} INFO - [2021-12-21 00:10:29,513] {dagbag.py:496} INFO - Filling up the DagBag from /home/airflow/.local/lib/python3.8/site-packages/airflow/example_dags/example_kubernetes_executor_config.py
[2021-12-21 00:10:29,549] {scheduler_job.py:643} INFO - DAG(s) dict_keys(['example_kubernetes_executor_config']) retrieved from /home/airflow/.local/lib/python3.8/site-packages/airflow/example_dags/example_kubernetes_executor_config.py
[2021-12-21 00:10:29,651] {logging_mixin.py:104} INFO - [2021-12-21 00:10:29,651] {dag.py:1833} INFO - Sync 1 DAGs
[2021-12-21 00:10:29,693] {logging_mixin.py:104} INFO - [2021-12-21 00:10:29,693] {dag.py:2306} INFO - Setting next_dagrun for example_kubernetes_executor_config to None
[2021-12-21 00:10:29,732] {scheduler_job.py:190} INFO - Processing /home/airflow/.local/lib/python3.8/site-packages/airflow/example_dags/example_kubernetes_executor_config.py took 0.253 seconds
[2021-12-21 00:10:59,884] {scheduler_job.py:182} INFO - Started process (PID=10554) to work on /home/airflow/.local/lib/python3.8/site-packages/airflow/example_dags/example_kubernetes_executor_config.py
[2021-12-21 00:10:59,890] {scheduler_job.py:633} INFO - Processing file /home/airflow/.local/lib/python3.8/site-packages/airflow/example_dags/example_kubernetes_executor_config.py for tasks to queue
[2021-12-21 00:10:59,894] {logging_mixin.py:104} INFO - [2021-12-21 00:10:59,893] {dagbag.py:496} INFO - Filling up the DagBag from /home/airflow/.local/lib/python3.8/site-packages/airflow/example_dags/example_kubernetes_executor_config.py
[2021-12-21 00:10:59,922] {scheduler_job.py:643} INFO - DAG(s) dict_keys(['example_kubernetes_executor_config']) retrieved from /home/airflow/.local/lib/python3.8/site-packages/airflow/example_dags/example_kubernetes_executor_config.py
[2021-12-21 00:10:59,991] {logging_mixin.py:104} INFO - [2021-12-21 00:10:59,991] {dag.py:1833} INFO - Sync 1 DAGs
[2021-12-21 00:11:00,011] {logging_mixin.py:104} INFO - [2021-12-21 00:11:00,011] {dag.py:2306} INFO - Setting next_dagrun for example_kubernetes_executor_config to None
[2021-12-21 00:11:00,033] {scheduler_job.py:190} INFO - Processing /home/airflow/.local/lib/python3.8/site-packages/airflow/example_dags/example_kubernetes_executor_config.py took 0.154 seconds
[2021-12-21 00:11:30,180] {scheduler_job.py:182} INFO - Started process (PID=10585) to work on /home/airflow/.local/lib/python3.8/site-packages/airflow/example_dags/example_kubernetes_executor_config.py
[2021-12-21 00:11:30,186] {scheduler_job.py:633} INFO - Processing file /home/airflow/.local/lib/python3.8/site-packages/airflow/example_dags/example_kubernetes_executor_config.py for tasks to queue
[2021-12-21 00:11:30,191] {logging_mixin.py:104} INFO - [2021-12-21 00:11:30,190] {dagbag.py:496} INFO - Filling up the DagBag from /home/airflow/.local/lib/python3.8/site-packages/airflow/example_dags/example_kubernetes_executor_config.py
[2021-12-21 00:11:30,225] {scheduler_job.py:643} INFO - DAG(s) dict_keys(['example_kubernetes_executor_config']) retrieved from /home/airflow/.local/lib/python3.8/site-packages/airflow/example_dags/example_kubernetes_executor_config.py
[2021-12-21 00:11:30,294] {logging_mixin.py:104} INFO - [2021-12-21 00:11:30,294] {dag.py:1833} INFO - Sync 1 DAGs
[2021-12-21 00:11:30,320] {logging_mixin.py:104} INFO - [2021-12-21 00:11:30,320] {dag.py:2306} INFO - Setting next_dagrun for example_kubernetes_executor_config to None
[2021-12-21 00:11:30,364] {scheduler_job.py:190} INFO - Processing /home/airflow/.local/lib/python3.8/site-packages/airflow/example_dags/example_kubernetes_executor_config.py took 0.196 seconds
[2021-12-21 00:12:00,573] {scheduler_job.py:182} INFO - Started process (PID=10617) to work on /home/airflow/.local/lib/python3.8/site-packages/airflow/example_dags/example_kubernetes_executor_config.py
[2021-12-21 00:12:00,582] {scheduler_job.py:633} INFO - Processing file /home/airflow/.local/lib/python3.8/site-packages/airflow/example_dags/example_kubernetes_executor_config.py for tasks to queue
[2021-12-21 00:12:00,587] {logging_mixin.py:104} INFO - [2021-12-21 00:12:00,587] {dagbag.py:496} INFO - Filling up the DagBag from /home/airflow/.local/lib/python3.8/site-packages/airflow/example_dags/example_kubernetes_executor_config.py
[2021-12-21 00:12:00,638] {scheduler_job.py:643} INFO - DAG(s) dict_keys(['example_kubernetes_executor_config']) retrieved from /home/airflow/.local/lib/python3.8/site-packages/airflow/example_dags/example_kubernetes_executor_config.py
[2021-12-21 00:12:00,700] {logging_mixin.py:104} INFO - [2021-12-21 00:12:00,700] {dag.py:1833} INFO - Sync 1 DAGs
[2021-12-21 00:12:00,728] {logging_mixin.py:104} INFO - [2021-12-21 00:12:00,728] {dag.py:2306} INFO - Setting next_dagrun for example_kubernetes_executor_config to None
[2021-12-21 00:12:00,759] {scheduler_job.py:190} INFO - Processing /home/airflow/.local/lib/python3.8/site-packages/airflow/example_dags/example_kubernetes_executor_config.py took 0.193 seconds
[2021-12-21 00:12:31,232] {scheduler_job.py:182} INFO - Started process (PID=10647) to work on /home/airflow/.local/lib/python3.8/site-packages/airflow/example_dags/example_kubernetes_executor_config.py
[2021-12-21 00:12:31,238] {scheduler_job.py:633} INFO - Processing file /home/airflow/.local/lib/python3.8/site-packages/airflow/example_dags/example_kubernetes_executor_config.py for tasks to queue
[2021-12-21 00:12:31,242] {logging_mixin.py:104} INFO - [2021-12-21 00:12:31,242] {dagbag.py:496} INFO - Filling up the DagBag from /home/airflow/.local/lib/python3.8/site-packages/airflow/example_dags/example_kubernetes_executor_config.py
[2021-12-21 00:12:31,268] {scheduler_job.py:643} INFO - DAG(s) dict_keys(['example_kubernetes_executor_config']) retrieved from /home/airflow/.local/lib/python3.8/site-packages/airflow/example_dags/example_kubernetes_executor_config.py
[2021-12-21 00:12:31,323] {logging_mixin.py:104} INFO - [2021-12-21 00:12:31,322] {dag.py:1833} INFO - Sync 1 DAGs
[2021-12-21 00:12:31,348] {logging_mixin.py:104} INFO - [2021-12-21 00:12:31,348] {dag.py:2306} INFO - Setting next_dagrun for example_kubernetes_executor_config to None
[2021-12-21 00:12:31,367] {scheduler_job.py:190} INFO - Processing /home/airflow/.local/lib/python3.8/site-packages/airflow/example_dags/example_kubernetes_executor_config.py took 0.140 seconds
[2021-12-21 00:13:01,843] {scheduler_job.py:182} INFO - Started process (PID=10678) to work on /home/airflow/.local/lib/python3.8/site-packages/airflow/example_dags/example_kubernetes_executor_config.py
[2021-12-21 00:13:01,847] {scheduler_job.py:633} INFO - Processing file /home/airflow/.local/lib/python3.8/site-packages/airflow/example_dags/example_kubernetes_executor_config.py for tasks to queue
[2021-12-21 00:13:01,850] {logging_mixin.py:104} INFO - [2021-12-21 00:13:01,850] {dagbag.py:496} INFO - Filling up the DagBag from /home/airflow/.local/lib/python3.8/site-packages/airflow/example_dags/example_kubernetes_executor_config.py
[2021-12-21 00:13:01,887] {scheduler_job.py:643} INFO - DAG(s) dict_keys(['example_kubernetes_executor_config']) retrieved from /home/airflow/.local/lib/python3.8/site-packages/airflow/example_dags/example_kubernetes_executor_config.py
[2021-12-21 00:13:01,950] {logging_mixin.py:104} INFO - [2021-12-21 00:13:01,949] {dag.py:1833} INFO - Sync 1 DAGs
[2021-12-21 00:13:01,967] {logging_mixin.py:104} INFO - [2021-12-21 00:13:01,967] {dag.py:2306} INFO - Setting next_dagrun for example_kubernetes_executor_config to None
[2021-12-21 00:13:01,988] {scheduler_job.py:190} INFO - Processing /home/airflow/.local/lib/python3.8/site-packages/airflow/example_dags/example_kubernetes_executor_config.py took 0.151 seconds
[2021-12-21 00:13:32,761] {scheduler_job.py:182} INFO - Started process (PID=10709) to work on /home/airflow/.local/lib/python3.8/site-packages/airflow/example_dags/example_kubernetes_executor_config.py
[2021-12-21 00:13:32,767] {scheduler_job.py:633} INFO - Processing file /home/airflow/.local/lib/python3.8/site-packages/airflow/example_dags/example_kubernetes_executor_config.py for tasks to queue
[2021-12-21 00:13:32,769] {logging_mixin.py:104} INFO - [2021-12-21 00:13:32,769] {dagbag.py:496} INFO - Filling up the DagBag from /home/airflow/.local/lib/python3.8/site-packages/airflow/example_dags/example_kubernetes_executor_config.py
[2021-12-21 00:13:32,796] {scheduler_job.py:643} INFO - DAG(s) dict_keys(['example_kubernetes_executor_config']) retrieved from /home/airflow/.local/lib/python3.8/site-packages/airflow/example_dags/example_kubernetes_executor_config.py
[2021-12-21 00:13:32,861] {logging_mixin.py:104} INFO - [2021-12-21 00:13:32,861] {dag.py:1833} INFO - Sync 1 DAGs
[2021-12-21 00:13:32,878] {logging_mixin.py:104} INFO - [2021-12-21 00:13:32,878] {dag.py:2306} INFO - Setting next_dagrun for example_kubernetes_executor_config to None
[2021-12-21 00:13:32,903] {scheduler_job.py:190} INFO - Processing /home/airflow/.local/lib/python3.8/site-packages/airflow/example_dags/example_kubernetes_executor_config.py took 0.150 seconds
[2021-12-21 00:14:03,722] {scheduler_job.py:182} INFO - Started process (PID=10740) to work on /home/airflow/.local/lib/python3.8/site-packages/airflow/example_dags/example_kubernetes_executor_config.py
[2021-12-21 00:14:03,727] {scheduler_job.py:633} INFO - Processing file /home/airflow/.local/lib/python3.8/site-packages/airflow/example_dags/example_kubernetes_executor_config.py for tasks to queue
[2021-12-21 00:14:03,733] {logging_mixin.py:104} INFO - [2021-12-21 00:14:03,733] {dagbag.py:496} INFO - Filling up the DagBag from /home/airflow/.local/lib/python3.8/site-packages/airflow/example_dags/example_kubernetes_executor_config.py
[2021-12-21 00:14:03,761] {scheduler_job.py:643} INFO - DAG(s) dict_keys(['example_kubernetes_executor_config']) retrieved from /home/airflow/.local/lib/python3.8/site-packages/airflow/example_dags/example_kubernetes_executor_config.py
[2021-12-21 00:14:03,816] {logging_mixin.py:104} INFO - [2021-12-21 00:14:03,816] {dag.py:1833} INFO - Sync 1 DAGs
[2021-12-21 00:14:03,843] {logging_mixin.py:104} INFO - [2021-12-21 00:14:03,843] {dag.py:2306} INFO - Setting next_dagrun for example_kubernetes_executor_config to None
[2021-12-21 00:14:03,874] {scheduler_job.py:190} INFO - Processing /home/airflow/.local/lib/python3.8/site-packages/airflow/example_dags/example_kubernetes_executor_config.py took 0.156 seconds
[2021-12-21 00:14:33,966] {scheduler_job.py:182} INFO - Started process (PID=10771) to work on /home/airflow/.local/lib/python3.8/site-packages/airflow/example_dags/example_kubernetes_executor_config.py
[2021-12-21 00:14:33,971] {scheduler_job.py:633} INFO - Processing file /home/airflow/.local/lib/python3.8/site-packages/airflow/example_dags/example_kubernetes_executor_config.py for tasks to queue
[2021-12-21 00:14:33,976] {logging_mixin.py:104} INFO - [2021-12-21 00:14:33,976] {dagbag.py:496} INFO - Filling up the DagBag from /home/airflow/.local/lib/python3.8/site-packages/airflow/example_dags/example_kubernetes_executor_config.py
[2021-12-21 00:14:34,015] {scheduler_job.py:643} INFO - DAG(s) dict_keys(['example_kubernetes_executor_config']) retrieved from /home/airflow/.local/lib/python3.8/site-packages/airflow/example_dags/example_kubernetes_executor_config.py
[2021-12-21 00:14:34,092] {logging_mixin.py:104} INFO - [2021-12-21 00:14:34,092] {dag.py:1833} INFO - Sync 1 DAGs
[2021-12-21 00:14:34,123] {logging_mixin.py:104} INFO - [2021-12-21 00:14:34,123] {dag.py:2306} INFO - Setting next_dagrun for example_kubernetes_executor_config to None
[2021-12-21 00:14:34,163] {scheduler_job.py:190} INFO - Processing /home/airflow/.local/lib/python3.8/site-packages/airflow/example_dags/example_kubernetes_executor_config.py took 0.214 seconds
[2021-12-21 00:15:04,276] {scheduler_job.py:182} INFO - Started process (PID=10802) to work on /home/airflow/.local/lib/python3.8/site-packages/airflow/example_dags/example_kubernetes_executor_config.py
[2021-12-21 00:15:04,287] {scheduler_job.py:633} INFO - Processing file /home/airflow/.local/lib/python3.8/site-packages/airflow/example_dags/example_kubernetes_executor_config.py for tasks to queue
[2021-12-21 00:15:04,295] {logging_mixin.py:104} INFO - [2021-12-21 00:15:04,295] {dagbag.py:496} INFO - Filling up the DagBag from /home/airflow/.local/lib/python3.8/site-packages/airflow/example_dags/example_kubernetes_executor_config.py
[2021-12-21 00:15:04,325] {scheduler_job.py:643} INFO - DAG(s) dict_keys(['example_kubernetes_executor_config']) retrieved from /home/airflow/.local/lib/python3.8/site-packages/airflow/example_dags/example_kubernetes_executor_config.py
[2021-12-21 00:15:04,378] {logging_mixin.py:104} INFO - [2021-12-21 00:15:04,378] {dag.py:1833} INFO - Sync 1 DAGs
[2021-12-21 00:15:04,398] {logging_mixin.py:104} INFO - [2021-12-21 00:15:04,398] {dag.py:2306} INFO - Setting next_dagrun for example_kubernetes_executor_config to None
[2021-12-21 00:15:04,427] {scheduler_job.py:190} INFO - Processing /home/airflow/.local/lib/python3.8/site-packages/airflow/example_dags/example_kubernetes_executor_config.py took 0.154 seconds
[2021-12-21 00:15:34,601] {scheduler_job.py:182} INFO - Started process (PID=10833) to work on /home/airflow/.local/lib/python3.8/site-packages/airflow/example_dags/example_kubernetes_executor_config.py
[2021-12-21 00:15:34,606] {scheduler_job.py:633} INFO - Processing file /home/airflow/.local/lib/python3.8/site-packages/airflow/example_dags/example_kubernetes_executor_config.py for tasks to queue
[2021-12-21 00:15:34,610] {logging_mixin.py:104} INFO - [2021-12-21 00:15:34,609] {dagbag.py:496} INFO - Filling up the DagBag from /home/airflow/.local/lib/python3.8/site-packages/airflow/example_dags/example_kubernetes_executor_config.py
[2021-12-21 00:15:34,629] {scheduler_job.py:643} INFO - DAG(s) dict_keys(['example_kubernetes_executor_config']) retrieved from /home/airflow/.local/lib/python3.8/site-packages/airflow/example_dags/example_kubernetes_executor_config.py
[2021-12-21 00:15:34,680] {logging_mixin.py:104} INFO - [2021-12-21 00:15:34,680] {dag.py:1833} INFO - Sync 1 DAGs
[2021-12-21 00:15:34,696] {logging_mixin.py:104} INFO - [2021-12-21 00:15:34,695] {dag.py:2306} INFO - Setting next_dagrun for example_kubernetes_executor_config to None
[2021-12-21 00:15:34,717] {scheduler_job.py:190} INFO - Processing /home/airflow/.local/lib/python3.8/site-packages/airflow/example_dags/example_kubernetes_executor_config.py took 0.125 seconds
[2021-12-21 00:16:05,182] {scheduler_job.py:182} INFO - Started process (PID=10864) to work on /home/airflow/.local/lib/python3.8/site-packages/airflow/example_dags/example_kubernetes_executor_config.py
[2021-12-21 00:16:05,187] {scheduler_job.py:633} INFO - Processing file /home/airflow/.local/lib/python3.8/site-packages/airflow/example_dags/example_kubernetes_executor_config.py for tasks to queue
[2021-12-21 00:16:05,189] {logging_mixin.py:104} INFO - [2021-12-21 00:16:05,189] {dagbag.py:496} INFO - Filling up the DagBag from /home/airflow/.local/lib/python3.8/site-packages/airflow/example_dags/example_kubernetes_executor_config.py
[2021-12-21 00:16:05,222] {scheduler_job.py:643} INFO - DAG(s) dict_keys(['example_kubernetes_executor_config']) retrieved from /home/airflow/.local/lib/python3.8/site-packages/airflow/example_dags/example_kubernetes_executor_config.py
[2021-12-21 00:16:05,289] {logging_mixin.py:104} INFO - [2021-12-21 00:16:05,289] {dag.py:1833} INFO - Sync 1 DAGs
[2021-12-21 00:16:05,312] {logging_mixin.py:104} INFO - [2021-12-21 00:16:05,312] {dag.py:2306} INFO - Setting next_dagrun for example_kubernetes_executor_config to None
[2021-12-21 00:16:05,341] {scheduler_job.py:190} INFO - Processing /home/airflow/.local/lib/python3.8/site-packages/airflow/example_dags/example_kubernetes_executor_config.py took 0.165 seconds
[2021-12-21 00:16:35,396] {scheduler_job.py:182} INFO - Started process (PID=10895) to work on /home/airflow/.local/lib/python3.8/site-packages/airflow/example_dags/example_kubernetes_executor_config.py
[2021-12-21 00:16:35,401] {scheduler_job.py:633} INFO - Processing file /home/airflow/.local/lib/python3.8/site-packages/airflow/example_dags/example_kubernetes_executor_config.py for tasks to queue
[2021-12-21 00:16:35,403] {logging_mixin.py:104} INFO - [2021-12-21 00:16:35,403] {dagbag.py:496} INFO - Filling up the DagBag from /home/airflow/.local/lib/python3.8/site-packages/airflow/example_dags/example_kubernetes_executor_config.py
[2021-12-21 00:16:35,429] {scheduler_job.py:643} INFO - DAG(s) dict_keys(['example_kubernetes_executor_config']) retrieved from /home/airflow/.local/lib/python3.8/site-packages/airflow/example_dags/example_kubernetes_executor_config.py
[2021-12-21 00:16:35,487] {logging_mixin.py:104} INFO - [2021-12-21 00:16:35,486] {dag.py:1833} INFO - Sync 1 DAGs
[2021-12-21 00:16:35,505] {logging_mixin.py:104} INFO - [2021-12-21 00:16:35,505] {dag.py:2306} INFO - Setting next_dagrun for example_kubernetes_executor_config to None
[2021-12-21 00:16:35,536] {scheduler_job.py:190} INFO - Processing /home/airflow/.local/lib/python3.8/site-packages/airflow/example_dags/example_kubernetes_executor_config.py took 0.145 seconds
[2021-12-21 00:17:06,067] {scheduler_job.py:182} INFO - Started process (PID=10926) to work on /home/airflow/.local/lib/python3.8/site-packages/airflow/example_dags/example_kubernetes_executor_config.py
[2021-12-21 00:17:06,070] {scheduler_job.py:633} INFO - Processing file /home/airflow/.local/lib/python3.8/site-packages/airflow/example_dags/example_kubernetes_executor_config.py for tasks to queue
[2021-12-21 00:17:06,074] {logging_mixin.py:104} INFO - [2021-12-21 00:17:06,074] {dagbag.py:496} INFO - Filling up the DagBag from /home/airflow/.local/lib/python3.8/site-packages/airflow/example_dags/example_kubernetes_executor_config.py
[2021-12-21 00:17:06,101] {scheduler_job.py:643} INFO - DAG(s) dict_keys(['example_kubernetes_executor_config']) retrieved from /home/airflow/.local/lib/python3.8/site-packages/airflow/example_dags/example_kubernetes_executor_config.py
[2021-12-21 00:17:06,161] {logging_mixin.py:104} INFO - [2021-12-21 00:17:06,161] {dag.py:1833} INFO - Sync 1 DAGs
[2021-12-21 00:17:06,187] {logging_mixin.py:104} INFO - [2021-12-21 00:17:06,187] {dag.py:2306} INFO - Setting next_dagrun for example_kubernetes_executor_config to None
[2021-12-21 00:17:06,214] {scheduler_job.py:190} INFO - Processing /home/airflow/.local/lib/python3.8/site-packages/airflow/example_dags/example_kubernetes_executor_config.py took 0.151 seconds
[2021-12-21 00:17:36,445] {scheduler_job.py:182} INFO - Started process (PID=10957) to work on /home/airflow/.local/lib/python3.8/site-packages/airflow/example_dags/example_kubernetes_executor_config.py
[2021-12-21 00:17:36,449] {scheduler_job.py:633} INFO - Processing file /home/airflow/.local/lib/python3.8/site-packages/airflow/example_dags/example_kubernetes_executor_config.py for tasks to queue
[2021-12-21 00:17:36,453] {logging_mixin.py:104} INFO - [2021-12-21 00:17:36,452] {dagbag.py:496} INFO - Filling up the DagBag from /home/airflow/.local/lib/python3.8/site-packages/airflow/example_dags/example_kubernetes_executor_config.py
[2021-12-21 00:17:36,486] {scheduler_job.py:643} INFO - DAG(s) dict_keys(['example_kubernetes_executor_config']) retrieved from /home/airflow/.local/lib/python3.8/site-packages/airflow/example_dags/example_kubernetes_executor_config.py
[2021-12-21 00:17:36,558] {logging_mixin.py:104} INFO - [2021-12-21 00:17:36,557] {dag.py:1833} INFO - Sync 1 DAGs
[2021-12-21 00:17:36,600] {logging_mixin.py:104} INFO - [2021-12-21 00:17:36,599] {dag.py:2306} INFO - Setting next_dagrun for example_kubernetes_executor_config to None
[2021-12-21 00:17:36,636] {scheduler_job.py:190} INFO - Processing /home/airflow/.local/lib/python3.8/site-packages/airflow/example_dags/example_kubernetes_executor_config.py took 0.195 seconds
[2021-12-21 00:18:07,281] {scheduler_job.py:182} INFO - Started process (PID=10988) to work on /home/airflow/.local/lib/python3.8/site-packages/airflow/example_dags/example_kubernetes_executor_config.py
[2021-12-21 00:18:07,289] {scheduler_job.py:633} INFO - Processing file /home/airflow/.local/lib/python3.8/site-packages/airflow/example_dags/example_kubernetes_executor_config.py for tasks to queue
[2021-12-21 00:18:07,294] {logging_mixin.py:104} INFO - [2021-12-21 00:18:07,293] {dagbag.py:496} INFO - Filling up the DagBag from /home/airflow/.local/lib/python3.8/site-packages/airflow/example_dags/example_kubernetes_executor_config.py
[2021-12-21 00:18:07,333] {scheduler_job.py:643} INFO - DAG(s) dict_keys(['example_kubernetes_executor_config']) retrieved from /home/airflow/.local/lib/python3.8/site-packages/airflow/example_dags/example_kubernetes_executor_config.py
[2021-12-21 00:18:07,398] {logging_mixin.py:104} INFO - [2021-12-21 00:18:07,398] {dag.py:1833} INFO - Sync 1 DAGs
[2021-12-21 00:18:07,419] {logging_mixin.py:104} INFO - [2021-12-21 00:18:07,419] {dag.py:2306} INFO - Setting next_dagrun for example_kubernetes_executor_config to None
[2021-12-21 00:18:07,464] {scheduler_job.py:190} INFO - Processing /home/airflow/.local/lib/python3.8/site-packages/airflow/example_dags/example_kubernetes_executor_config.py took 0.201 seconds
[2021-12-21 00:18:38,027] {scheduler_job.py:182} INFO - Started process (PID=11019) to work on /home/airflow/.local/lib/python3.8/site-packages/airflow/example_dags/example_kubernetes_executor_config.py
[2021-12-21 00:18:38,032] {scheduler_job.py:633} INFO - Processing file /home/airflow/.local/lib/python3.8/site-packages/airflow/example_dags/example_kubernetes_executor_config.py for tasks to queue
[2021-12-21 00:18:38,038] {logging_mixin.py:104} INFO - [2021-12-21 00:18:38,038] {dagbag.py:496} INFO - Filling up the DagBag from /home/airflow/.local/lib/python3.8/site-packages/airflow/example_dags/example_kubernetes_executor_config.py
[2021-12-21 00:18:38,059] {scheduler_job.py:643} INFO - DAG(s) dict_keys(['example_kubernetes_executor_config']) retrieved from /home/airflow/.local/lib/python3.8/site-packages/airflow/example_dags/example_kubernetes_executor_config.py
[2021-12-21 00:18:38,110] {logging_mixin.py:104} INFO - [2021-12-21 00:18:38,110] {dag.py:1833} INFO - Sync 1 DAGs
[2021-12-21 00:18:38,139] {logging_mixin.py:104} INFO - [2021-12-21 00:18:38,139] {dag.py:2306} INFO - Setting next_dagrun for example_kubernetes_executor_config to None
[2021-12-21 00:18:38,173] {scheduler_job.py:190} INFO - Processing /home/airflow/.local/lib/python3.8/site-packages/airflow/example_dags/example_kubernetes_executor_config.py took 0.156 seconds
[2021-12-21 00:19:08,257] {scheduler_job.py:182} INFO - Started process (PID=11050) to work on /home/airflow/.local/lib/python3.8/site-packages/airflow/example_dags/example_kubernetes_executor_config.py
[2021-12-21 00:19:08,267] {scheduler_job.py:633} INFO - Processing file /home/airflow/.local/lib/python3.8/site-packages/airflow/example_dags/example_kubernetes_executor_config.py for tasks to queue
[2021-12-21 00:19:08,272] {logging_mixin.py:104} INFO - [2021-12-21 00:19:08,271] {dagbag.py:496} INFO - Filling up the DagBag from /home/airflow/.local/lib/python3.8/site-packages/airflow/example_dags/example_kubernetes_executor_config.py
[2021-12-21 00:19:08,305] {scheduler_job.py:643} INFO - DAG(s) dict_keys(['example_kubernetes_executor_config']) retrieved from /home/airflow/.local/lib/python3.8/site-packages/airflow/example_dags/example_kubernetes_executor_config.py
[2021-12-21 00:19:08,374] {logging_mixin.py:104} INFO - [2021-12-21 00:19:08,373] {dag.py:1833} INFO - Sync 1 DAGs
[2021-12-21 00:19:08,399] {logging_mixin.py:104} INFO - [2021-12-21 00:19:08,399] {dag.py:2306} INFO - Setting next_dagrun for example_kubernetes_executor_config to None
[2021-12-21 00:19:08,429] {scheduler_job.py:190} INFO - Processing /home/airflow/.local/lib/python3.8/site-packages/airflow/example_dags/example_kubernetes_executor_config.py took 0.185 seconds
[2021-12-21 00:19:38,634] {scheduler_job.py:182} INFO - Started process (PID=11080) to work on /home/airflow/.local/lib/python3.8/site-packages/airflow/example_dags/example_kubernetes_executor_config.py
[2021-12-21 00:19:38,641] {scheduler_job.py:633} INFO - Processing file /home/airflow/.local/lib/python3.8/site-packages/airflow/example_dags/example_kubernetes_executor_config.py for tasks to queue
[2021-12-21 00:19:38,646] {logging_mixin.py:104} INFO - [2021-12-21 00:19:38,646] {dagbag.py:496} INFO - Filling up the DagBag from /home/airflow/.local/lib/python3.8/site-packages/airflow/example_dags/example_kubernetes_executor_config.py
[2021-12-21 00:19:38,691] {scheduler_job.py:643} INFO - DAG(s) dict_keys(['example_kubernetes_executor_config']) retrieved from /home/airflow/.local/lib/python3.8/site-packages/airflow/example_dags/example_kubernetes_executor_config.py
[2021-12-21 00:19:38,757] {logging_mixin.py:104} INFO - [2021-12-21 00:19:38,757] {dag.py:1833} INFO - Sync 1 DAGs
[2021-12-21 00:19:38,777] {logging_mixin.py:104} INFO - [2021-12-21 00:19:38,777] {dag.py:2306} INFO - Setting next_dagrun for example_kubernetes_executor_config to None
[2021-12-21 00:19:38,804] {scheduler_job.py:190} INFO - Processing /home/airflow/.local/lib/python3.8/site-packages/airflow/example_dags/example_kubernetes_executor_config.py took 0.179 seconds
[2021-12-21 00:20:09,088] {scheduler_job.py:182} INFO - Started process (PID=11111) to work on /home/airflow/.local/lib/python3.8/site-packages/airflow/example_dags/example_kubernetes_executor_config.py
[2021-12-21 00:20:09,097] {scheduler_job.py:633} INFO - Processing file /home/airflow/.local/lib/python3.8/site-packages/airflow/example_dags/example_kubernetes_executor_config.py for tasks to queue
[2021-12-21 00:20:09,104] {logging_mixin.py:104} INFO - [2021-12-21 00:20:09,104] {dagbag.py:496} INFO - Filling up the DagBag from /home/airflow/.local/lib/python3.8/site-packages/airflow/example_dags/example_kubernetes_executor_config.py
[2021-12-21 00:20:09,147] {scheduler_job.py:643} INFO - DAG(s) dict_keys(['example_kubernetes_executor_config']) retrieved from /home/airflow/.local/lib/python3.8/site-packages/airflow/example_dags/example_kubernetes_executor_config.py
[2021-12-21 00:20:09,217] {logging_mixin.py:104} INFO - [2021-12-21 00:20:09,217] {dag.py:1833} INFO - Sync 1 DAGs
[2021-12-21 00:20:09,244] {logging_mixin.py:104} INFO - [2021-12-21 00:20:09,244] {dag.py:2306} INFO - Setting next_dagrun for example_kubernetes_executor_config to None
[2021-12-21 00:20:09,293] {scheduler_job.py:190} INFO - Processing /home/airflow/.local/lib/python3.8/site-packages/airflow/example_dags/example_kubernetes_executor_config.py took 0.221 seconds
[2021-12-21 00:20:39,585] {scheduler_job.py:182} INFO - Started process (PID=11141) to work on /home/airflow/.local/lib/python3.8/site-packages/airflow/example_dags/example_kubernetes_executor_config.py
[2021-12-21 00:20:39,590] {scheduler_job.py:633} INFO - Processing file /home/airflow/.local/lib/python3.8/site-packages/airflow/example_dags/example_kubernetes_executor_config.py for tasks to queue
[2021-12-21 00:20:39,592] {logging_mixin.py:104} INFO - [2021-12-21 00:20:39,592] {dagbag.py:496} INFO - Filling up the DagBag from /home/airflow/.local/lib/python3.8/site-packages/airflow/example_dags/example_kubernetes_executor_config.py
[2021-12-21 00:20:39,611] {scheduler_job.py:643} INFO - DAG(s) dict_keys(['example_kubernetes_executor_config']) retrieved from /home/airflow/.local/lib/python3.8/site-packages/airflow/example_dags/example_kubernetes_executor_config.py
[2021-12-21 00:20:39,660] {logging_mixin.py:104} INFO - [2021-12-21 00:20:39,660] {dag.py:1833} INFO - Sync 1 DAGs
[2021-12-21 00:20:39,682] {logging_mixin.py:104} INFO - [2021-12-21 00:20:39,682] {dag.py:2306} INFO - Setting next_dagrun for example_kubernetes_executor_config to None
[2021-12-21 00:20:39,704] {scheduler_job.py:190} INFO - Processing /home/airflow/.local/lib/python3.8/site-packages/airflow/example_dags/example_kubernetes_executor_config.py took 0.124 seconds
[2021-12-21 00:21:10,093] {scheduler_job.py:182} INFO - Started process (PID=11172) to work on /home/airflow/.local/lib/python3.8/site-packages/airflow/example_dags/example_kubernetes_executor_config.py
[2021-12-21 00:21:10,096] {scheduler_job.py:633} INFO - Processing file /home/airflow/.local/lib/python3.8/site-packages/airflow/example_dags/example_kubernetes_executor_config.py for tasks to queue
[2021-12-21 00:21:10,098] {logging_mixin.py:104} INFO - [2021-12-21 00:21:10,098] {dagbag.py:496} INFO - Filling up the DagBag from /home/airflow/.local/lib/python3.8/site-packages/airflow/example_dags/example_kubernetes_executor_config.py
[2021-12-21 00:21:10,119] {scheduler_job.py:643} INFO - DAG(s) dict_keys(['example_kubernetes_executor_config']) retrieved from /home/airflow/.local/lib/python3.8/site-packages/airflow/example_dags/example_kubernetes_executor_config.py
[2021-12-21 00:21:10,168] {logging_mixin.py:104} INFO - [2021-12-21 00:21:10,168] {dag.py:1833} INFO - Sync 1 DAGs
[2021-12-21 00:21:10,185] {logging_mixin.py:104} INFO - [2021-12-21 00:21:10,185] {dag.py:2306} INFO - Setting next_dagrun for example_kubernetes_executor_config to None
[2021-12-21 00:21:10,209] {scheduler_job.py:190} INFO - Processing /home/airflow/.local/lib/python3.8/site-packages/airflow/example_dags/example_kubernetes_executor_config.py took 0.120 seconds
[2021-12-21 00:21:40,914] {scheduler_job.py:182} INFO - Started process (PID=11203) to work on /home/airflow/.local/lib/python3.8/site-packages/airflow/example_dags/example_kubernetes_executor_config.py
[2021-12-21 00:21:40,918] {scheduler_job.py:633} INFO - Processing file /home/airflow/.local/lib/python3.8/site-packages/airflow/example_dags/example_kubernetes_executor_config.py for tasks to queue
[2021-12-21 00:21:40,922] {logging_mixin.py:104} INFO - [2021-12-21 00:21:40,922] {dagbag.py:496} INFO - Filling up the DagBag from /home/airflow/.local/lib/python3.8/site-packages/airflow/example_dags/example_kubernetes_executor_config.py
[2021-12-21 00:21:40,941] {scheduler_job.py:643} INFO - DAG(s) dict_keys(['example_kubernetes_executor_config']) retrieved from /home/airflow/.local/lib/python3.8/site-packages/airflow/example_dags/example_kubernetes_executor_config.py
[2021-12-21 00:21:40,990] {logging_mixin.py:104} INFO - [2021-12-21 00:21:40,990] {dag.py:1833} INFO - Sync 1 DAGs
[2021-12-21 00:21:41,012] {logging_mixin.py:104} INFO - [2021-12-21 00:21:41,012] {dag.py:2306} INFO - Setting next_dagrun for example_kubernetes_executor_config to None
[2021-12-21 00:21:41,034] {scheduler_job.py:190} INFO - Processing /home/airflow/.local/lib/python3.8/site-packages/airflow/example_dags/example_kubernetes_executor_config.py took 0.124 seconds
[2021-12-21 00:22:11,116] {scheduler_job.py:182} INFO - Started process (PID=11234) to work on /home/airflow/.local/lib/python3.8/site-packages/airflow/example_dags/example_kubernetes_executor_config.py
[2021-12-21 00:22:11,119] {scheduler_job.py:633} INFO - Processing file /home/airflow/.local/lib/python3.8/site-packages/airflow/example_dags/example_kubernetes_executor_config.py for tasks to queue
[2021-12-21 00:22:11,122] {logging_mixin.py:104} INFO - [2021-12-21 00:22:11,121] {dagbag.py:496} INFO - Filling up the DagBag from /home/airflow/.local/lib/python3.8/site-packages/airflow/example_dags/example_kubernetes_executor_config.py
[2021-12-21 00:22:11,145] {scheduler_job.py:643} INFO - DAG(s) dict_keys(['example_kubernetes_executor_config']) retrieved from /home/airflow/.local/lib/python3.8/site-packages/airflow/example_dags/example_kubernetes_executor_config.py
[2021-12-21 00:22:11,198] {logging_mixin.py:104} INFO - [2021-12-21 00:22:11,198] {dag.py:1833} INFO - Sync 1 DAGs
[2021-12-21 00:22:11,219] {logging_mixin.py:104} INFO - [2021-12-21 00:22:11,219] {dag.py:2306} INFO - Setting next_dagrun for example_kubernetes_executor_config to None
[2021-12-21 00:22:11,240] {scheduler_job.py:190} INFO - Processing /home/airflow/.local/lib/python3.8/site-packages/airflow/example_dags/example_kubernetes_executor_config.py took 0.130 seconds
[2021-12-21 00:22:41,592] {scheduler_job.py:182} INFO - Started process (PID=11265) to work on /home/airflow/.local/lib/python3.8/site-packages/airflow/example_dags/example_kubernetes_executor_config.py
[2021-12-21 00:22:41,596] {scheduler_job.py:633} INFO - Processing file /home/airflow/.local/lib/python3.8/site-packages/airflow/example_dags/example_kubernetes_executor_config.py for tasks to queue
[2021-12-21 00:22:41,600] {logging_mixin.py:104} INFO - [2021-12-21 00:22:41,599] {dagbag.py:496} INFO - Filling up the DagBag from /home/airflow/.local/lib/python3.8/site-packages/airflow/example_dags/example_kubernetes_executor_config.py
[2021-12-21 00:22:41,625] {scheduler_job.py:643} INFO - DAG(s) dict_keys(['example_kubernetes_executor_config']) retrieved from /home/airflow/.local/lib/python3.8/site-packages/airflow/example_dags/example_kubernetes_executor_config.py
[2021-12-21 00:22:41,678] {logging_mixin.py:104} INFO - [2021-12-21 00:22:41,678] {dag.py:1833} INFO - Sync 1 DAGs
[2021-12-21 00:22:41,696] {logging_mixin.py:104} INFO - [2021-12-21 00:22:41,696] {dag.py:2306} INFO - Setting next_dagrun for example_kubernetes_executor_config to None
[2021-12-21 00:22:41,716] {scheduler_job.py:190} INFO - Processing /home/airflow/.local/lib/python3.8/site-packages/airflow/example_dags/example_kubernetes_executor_config.py took 0.129 seconds
[2021-12-21 00:23:11,878] {scheduler_job.py:182} INFO - Started process (PID=11296) to work on /home/airflow/.local/lib/python3.8/site-packages/airflow/example_dags/example_kubernetes_executor_config.py
[2021-12-21 00:23:11,884] {scheduler_job.py:633} INFO - Processing file /home/airflow/.local/lib/python3.8/site-packages/airflow/example_dags/example_kubernetes_executor_config.py for tasks to queue
[2021-12-21 00:23:11,889] {logging_mixin.py:104} INFO - [2021-12-21 00:23:11,888] {dagbag.py:496} INFO - Filling up the DagBag from /home/airflow/.local/lib/python3.8/site-packages/airflow/example_dags/example_kubernetes_executor_config.py
[2021-12-21 00:23:11,916] {scheduler_job.py:643} INFO - DAG(s) dict_keys(['example_kubernetes_executor_config']) retrieved from /home/airflow/.local/lib/python3.8/site-packages/airflow/example_dags/example_kubernetes_executor_config.py
[2021-12-21 00:23:11,977] {logging_mixin.py:104} INFO - [2021-12-21 00:23:11,976] {dag.py:1833} INFO - Sync 1 DAGs
[2021-12-21 00:23:11,992] {logging_mixin.py:104} INFO - [2021-12-21 00:23:11,992] {dag.py:2306} INFO - Setting next_dagrun for example_kubernetes_executor_config to None
[2021-12-21 00:23:12,010] {scheduler_job.py:190} INFO - Processing /home/airflow/.local/lib/python3.8/site-packages/airflow/example_dags/example_kubernetes_executor_config.py took 0.142 seconds
[2021-12-21 00:23:42,483] {scheduler_job.py:182} INFO - Started process (PID=11327) to work on /home/airflow/.local/lib/python3.8/site-packages/airflow/example_dags/example_kubernetes_executor_config.py
[2021-12-21 00:23:42,486] {scheduler_job.py:633} INFO - Processing file /home/airflow/.local/lib/python3.8/site-packages/airflow/example_dags/example_kubernetes_executor_config.py for tasks to queue
[2021-12-21 00:23:42,489] {logging_mixin.py:104} INFO - [2021-12-21 00:23:42,488] {dagbag.py:496} INFO - Filling up the DagBag from /home/airflow/.local/lib/python3.8/site-packages/airflow/example_dags/example_kubernetes_executor_config.py
[2021-12-21 00:23:42,514] {scheduler_job.py:643} INFO - DAG(s) dict_keys(['example_kubernetes_executor_config']) retrieved from /home/airflow/.local/lib/python3.8/site-packages/airflow/example_dags/example_kubernetes_executor_config.py
[2021-12-21 00:23:42,576] {logging_mixin.py:104} INFO - [2021-12-21 00:23:42,576] {dag.py:1833} INFO - Sync 1 DAGs
[2021-12-21 00:23:42,591] {logging_mixin.py:104} INFO - [2021-12-21 00:23:42,591] {dag.py:2306} INFO - Setting next_dagrun for example_kubernetes_executor_config to None
[2021-12-21 00:23:42,609] {scheduler_job.py:190} INFO - Processing /home/airflow/.local/lib/python3.8/site-packages/airflow/example_dags/example_kubernetes_executor_config.py took 0.130 seconds
[2021-12-21 00:24:12,886] {scheduler_job.py:182} INFO - Started process (PID=11358) to work on /home/airflow/.local/lib/python3.8/site-packages/airflow/example_dags/example_kubernetes_executor_config.py
[2021-12-21 00:24:12,889] {scheduler_job.py:633} INFO - Processing file /home/airflow/.local/lib/python3.8/site-packages/airflow/example_dags/example_kubernetes_executor_config.py for tasks to queue
[2021-12-21 00:24:12,892] {logging_mixin.py:104} INFO - [2021-12-21 00:24:12,892] {dagbag.py:496} INFO - Filling up the DagBag from /home/airflow/.local/lib/python3.8/site-packages/airflow/example_dags/example_kubernetes_executor_config.py
[2021-12-21 00:24:12,912] {scheduler_job.py:643} INFO - DAG(s) dict_keys(['example_kubernetes_executor_config']) retrieved from /home/airflow/.local/lib/python3.8/site-packages/airflow/example_dags/example_kubernetes_executor_config.py
[2021-12-21 00:24:12,978] {logging_mixin.py:104} INFO - [2021-12-21 00:24:12,977] {dag.py:1833} INFO - Sync 1 DAGs
[2021-12-21 00:24:12,996] {logging_mixin.py:104} INFO - [2021-12-21 00:24:12,996] {dag.py:2306} INFO - Setting next_dagrun for example_kubernetes_executor_config to None
[2021-12-21 00:24:13,017] {scheduler_job.py:190} INFO - Processing /home/airflow/.local/lib/python3.8/site-packages/airflow/example_dags/example_kubernetes_executor_config.py took 0.135 seconds
[2021-12-21 00:24:43,593] {scheduler_job.py:182} INFO - Started process (PID=11389) to work on /home/airflow/.local/lib/python3.8/site-packages/airflow/example_dags/example_kubernetes_executor_config.py
[2021-12-21 00:24:43,603] {scheduler_job.py:633} INFO - Processing file /home/airflow/.local/lib/python3.8/site-packages/airflow/example_dags/example_kubernetes_executor_config.py for tasks to queue
[2021-12-21 00:24:43,605] {logging_mixin.py:104} INFO - [2021-12-21 00:24:43,605] {dagbag.py:496} INFO - Filling up the DagBag from /home/airflow/.local/lib/python3.8/site-packages/airflow/example_dags/example_kubernetes_executor_config.py
[2021-12-21 00:24:43,630] {scheduler_job.py:643} INFO - DAG(s) dict_keys(['example_kubernetes_executor_config']) retrieved from /home/airflow/.local/lib/python3.8/site-packages/airflow/example_dags/example_kubernetes_executor_config.py
[2021-12-21 00:24:43,683] {logging_mixin.py:104} INFO - [2021-12-21 00:24:43,683] {dag.py:1833} INFO - Sync 1 DAGs
[2021-12-21 00:24:43,699] {logging_mixin.py:104} INFO - [2021-12-21 00:24:43,699] {dag.py:2306} INFO - Setting next_dagrun for example_kubernetes_executor_config to None
[2021-12-21 00:24:43,721] {scheduler_job.py:190} INFO - Processing /home/airflow/.local/lib/python3.8/site-packages/airflow/example_dags/example_kubernetes_executor_config.py took 0.138 seconds
[2021-12-21 00:25:14,030] {scheduler_job.py:182} INFO - Started process (PID=11420) to work on /home/airflow/.local/lib/python3.8/site-packages/airflow/example_dags/example_kubernetes_executor_config.py
[2021-12-21 00:25:14,034] {scheduler_job.py:633} INFO - Processing file /home/airflow/.local/lib/python3.8/site-packages/airflow/example_dags/example_kubernetes_executor_config.py for tasks to queue
[2021-12-21 00:25:14,037] {logging_mixin.py:104} INFO - [2021-12-21 00:25:14,037] {dagbag.py:496} INFO - Filling up the DagBag from /home/airflow/.local/lib/python3.8/site-packages/airflow/example_dags/example_kubernetes_executor_config.py
[2021-12-21 00:25:14,057] {scheduler_job.py:643} INFO - DAG(s) dict_keys(['example_kubernetes_executor_config']) retrieved from /home/airflow/.local/lib/python3.8/site-packages/airflow/example_dags/example_kubernetes_executor_config.py
[2021-12-21 00:25:14,101] {logging_mixin.py:104} INFO - [2021-12-21 00:25:14,101] {dag.py:1833} INFO - Sync 1 DAGs
[2021-12-21 00:25:14,130] {logging_mixin.py:104} INFO - [2021-12-21 00:25:14,130] {dag.py:2306} INFO - Setting next_dagrun for example_kubernetes_executor_config to None
[2021-12-21 00:25:14,149] {scheduler_job.py:190} INFO - Processing /home/airflow/.local/lib/python3.8/site-packages/airflow/example_dags/example_kubernetes_executor_config.py took 0.123 seconds
[2021-12-21 00:25:44,269] {scheduler_job.py:182} INFO - Started process (PID=11451) to work on /home/airflow/.local/lib/python3.8/site-packages/airflow/example_dags/example_kubernetes_executor_config.py
[2021-12-21 00:25:44,272] {scheduler_job.py:633} INFO - Processing file /home/airflow/.local/lib/python3.8/site-packages/airflow/example_dags/example_kubernetes_executor_config.py for tasks to queue
[2021-12-21 00:25:44,275] {logging_mixin.py:104} INFO - [2021-12-21 00:25:44,275] {dagbag.py:496} INFO - Filling up the DagBag from /home/airflow/.local/lib/python3.8/site-packages/airflow/example_dags/example_kubernetes_executor_config.py
[2021-12-21 00:25:44,294] {scheduler_job.py:643} INFO - DAG(s) dict_keys(['example_kubernetes_executor_config']) retrieved from /home/airflow/.local/lib/python3.8/site-packages/airflow/example_dags/example_kubernetes_executor_config.py
[2021-12-21 00:25:44,342] {logging_mixin.py:104} INFO - [2021-12-21 00:25:44,342] {dag.py:1833} INFO - Sync 1 DAGs
[2021-12-21 00:25:44,359] {logging_mixin.py:104} INFO - [2021-12-21 00:25:44,359] {dag.py:2306} INFO - Setting next_dagrun for example_kubernetes_executor_config to None
[2021-12-21 00:25:44,381] {scheduler_job.py:190} INFO - Processing /home/airflow/.local/lib/python3.8/site-packages/airflow/example_dags/example_kubernetes_executor_config.py took 0.118 seconds
[2021-12-21 00:26:14,504] {scheduler_job.py:182} INFO - Started process (PID=11482) to work on /home/airflow/.local/lib/python3.8/site-packages/airflow/example_dags/example_kubernetes_executor_config.py
[2021-12-21 00:26:14,508] {scheduler_job.py:633} INFO - Processing file /home/airflow/.local/lib/python3.8/site-packages/airflow/example_dags/example_kubernetes_executor_config.py for tasks to queue
[2021-12-21 00:26:14,511] {logging_mixin.py:104} INFO - [2021-12-21 00:26:14,511] {dagbag.py:496} INFO - Filling up the DagBag from /home/airflow/.local/lib/python3.8/site-packages/airflow/example_dags/example_kubernetes_executor_config.py
[2021-12-21 00:26:14,531] {scheduler_job.py:643} INFO - DAG(s) dict_keys(['example_kubernetes_executor_config']) retrieved from /home/airflow/.local/lib/python3.8/site-packages/airflow/example_dags/example_kubernetes_executor_config.py
[2021-12-21 00:26:14,580] {logging_mixin.py:104} INFO - [2021-12-21 00:26:14,580] {dag.py:1833} INFO - Sync 1 DAGs
[2021-12-21 00:26:14,595] {logging_mixin.py:104} INFO - [2021-12-21 00:26:14,595] {dag.py:2306} INFO - Setting next_dagrun for example_kubernetes_executor_config to None
[2021-12-21 00:26:14,617] {scheduler_job.py:190} INFO - Processing /home/airflow/.local/lib/python3.8/site-packages/airflow/example_dags/example_kubernetes_executor_config.py took 0.117 seconds
[2021-12-21 00:26:44,788] {scheduler_job.py:182} INFO - Started process (PID=11513) to work on /home/airflow/.local/lib/python3.8/site-packages/airflow/example_dags/example_kubernetes_executor_config.py
[2021-12-21 00:26:44,792] {scheduler_job.py:633} INFO - Processing file /home/airflow/.local/lib/python3.8/site-packages/airflow/example_dags/example_kubernetes_executor_config.py for tasks to queue
[2021-12-21 00:26:44,794] {logging_mixin.py:104} INFO - [2021-12-21 00:26:44,794] {dagbag.py:496} INFO - Filling up the DagBag from /home/airflow/.local/lib/python3.8/site-packages/airflow/example_dags/example_kubernetes_executor_config.py
[2021-12-21 00:26:44,816] {scheduler_job.py:643} INFO - DAG(s) dict_keys(['example_kubernetes_executor_config']) retrieved from /home/airflow/.local/lib/python3.8/site-packages/airflow/example_dags/example_kubernetes_executor_config.py
[2021-12-21 00:26:44,865] {logging_mixin.py:104} INFO - [2021-12-21 00:26:44,865] {dag.py:1833} INFO - Sync 1 DAGs
[2021-12-21 00:26:44,885] {logging_mixin.py:104} INFO - [2021-12-21 00:26:44,885] {dag.py:2306} INFO - Setting next_dagrun for example_kubernetes_executor_config to None
[2021-12-21 00:26:44,905] {scheduler_job.py:190} INFO - Processing /home/airflow/.local/lib/python3.8/site-packages/airflow/example_dags/example_kubernetes_executor_config.py took 0.122 seconds
[2021-12-21 00:27:15,375] {scheduler_job.py:182} INFO - Started process (PID=11544) to work on /home/airflow/.local/lib/python3.8/site-packages/airflow/example_dags/example_kubernetes_executor_config.py
[2021-12-21 00:27:15,381] {scheduler_job.py:633} INFO - Processing file /home/airflow/.local/lib/python3.8/site-packages/airflow/example_dags/example_kubernetes_executor_config.py for tasks to queue
[2021-12-21 00:27:15,383] {logging_mixin.py:104} INFO - [2021-12-21 00:27:15,383] {dagbag.py:496} INFO - Filling up the DagBag from /home/airflow/.local/lib/python3.8/site-packages/airflow/example_dags/example_kubernetes_executor_config.py
[2021-12-21 00:27:15,413] {scheduler_job.py:643} INFO - DAG(s) dict_keys(['example_kubernetes_executor_config']) retrieved from /home/airflow/.local/lib/python3.8/site-packages/airflow/example_dags/example_kubernetes_executor_config.py
[2021-12-21 00:27:15,480] {logging_mixin.py:104} INFO - [2021-12-21 00:27:15,480] {dag.py:1833} INFO - Sync 1 DAGs
[2021-12-21 00:27:15,516] {logging_mixin.py:104} INFO - [2021-12-21 00:27:15,515] {dag.py:2306} INFO - Setting next_dagrun for example_kubernetes_executor_config to None
[2021-12-21 00:27:15,537] {scheduler_job.py:190} INFO - Processing /home/airflow/.local/lib/python3.8/site-packages/airflow/example_dags/example_kubernetes_executor_config.py took 0.167 seconds
[2021-12-21 00:27:46,079] {scheduler_job.py:182} INFO - Started process (PID=11575) to work on /home/airflow/.local/lib/python3.8/site-packages/airflow/example_dags/example_kubernetes_executor_config.py
[2021-12-21 00:27:46,083] {scheduler_job.py:633} INFO - Processing file /home/airflow/.local/lib/python3.8/site-packages/airflow/example_dags/example_kubernetes_executor_config.py for tasks to queue
[2021-12-21 00:27:46,087] {logging_mixin.py:104} INFO - [2021-12-21 00:27:46,086] {dagbag.py:496} INFO - Filling up the DagBag from /home/airflow/.local/lib/python3.8/site-packages/airflow/example_dags/example_kubernetes_executor_config.py
[2021-12-21 00:27:46,119] {scheduler_job.py:643} INFO - DAG(s) dict_keys(['example_kubernetes_executor_config']) retrieved from /home/airflow/.local/lib/python3.8/site-packages/airflow/example_dags/example_kubernetes_executor_config.py
[2021-12-21 00:27:46,175] {logging_mixin.py:104} INFO - [2021-12-21 00:27:46,175] {dag.py:1833} INFO - Sync 1 DAGs
[2021-12-21 00:27:46,211] {logging_mixin.py:104} INFO - [2021-12-21 00:27:46,210] {dag.py:2306} INFO - Setting next_dagrun for example_kubernetes_executor_config to None
[2021-12-21 00:27:46,240] {scheduler_job.py:190} INFO - Processing /home/airflow/.local/lib/python3.8/site-packages/airflow/example_dags/example_kubernetes_executor_config.py took 0.165 seconds
[2021-12-21 00:28:16,497] {scheduler_job.py:182} INFO - Started process (PID=11606) to work on /home/airflow/.local/lib/python3.8/site-packages/airflow/example_dags/example_kubernetes_executor_config.py
[2021-12-21 00:28:16,501] {scheduler_job.py:633} INFO - Processing file /home/airflow/.local/lib/python3.8/site-packages/airflow/example_dags/example_kubernetes_executor_config.py for tasks to queue
[2021-12-21 00:28:16,504] {logging_mixin.py:104} INFO - [2021-12-21 00:28:16,504] {dagbag.py:496} INFO - Filling up the DagBag from /home/airflow/.local/lib/python3.8/site-packages/airflow/example_dags/example_kubernetes_executor_config.py
[2021-12-21 00:28:16,522] {scheduler_job.py:643} INFO - DAG(s) dict_keys(['example_kubernetes_executor_config']) retrieved from /home/airflow/.local/lib/python3.8/site-packages/airflow/example_dags/example_kubernetes_executor_config.py
[2021-12-21 00:28:16,571] {logging_mixin.py:104} INFO - [2021-12-21 00:28:16,571] {dag.py:1833} INFO - Sync 1 DAGs
[2021-12-21 00:28:16,592] {logging_mixin.py:104} INFO - [2021-12-21 00:28:16,592] {dag.py:2306} INFO - Setting next_dagrun for example_kubernetes_executor_config to None
[2021-12-21 00:28:16,617] {scheduler_job.py:190} INFO - Processing /home/airflow/.local/lib/python3.8/site-packages/airflow/example_dags/example_kubernetes_executor_config.py took 0.124 seconds
[2021-12-21 00:28:46,805] {scheduler_job.py:182} INFO - Started process (PID=11637) to work on /home/airflow/.local/lib/python3.8/site-packages/airflow/example_dags/example_kubernetes_executor_config.py
[2021-12-21 00:28:46,807] {scheduler_job.py:633} INFO - Processing file /home/airflow/.local/lib/python3.8/site-packages/airflow/example_dags/example_kubernetes_executor_config.py for tasks to queue
[2021-12-21 00:28:46,809] {logging_mixin.py:104} INFO - [2021-12-21 00:28:46,809] {dagbag.py:496} INFO - Filling up the DagBag from /home/airflow/.local/lib/python3.8/site-packages/airflow/example_dags/example_kubernetes_executor_config.py
[2021-12-21 00:28:46,829] {scheduler_job.py:643} INFO - DAG(s) dict_keys(['example_kubernetes_executor_config']) retrieved from /home/airflow/.local/lib/python3.8/site-packages/airflow/example_dags/example_kubernetes_executor_config.py
[2021-12-21 00:28:46,881] {logging_mixin.py:104} INFO - [2021-12-21 00:28:46,880] {dag.py:1833} INFO - Sync 1 DAGs
[2021-12-21 00:28:46,899] {logging_mixin.py:104} INFO - [2021-12-21 00:28:46,899] {dag.py:2306} INFO - Setting next_dagrun for example_kubernetes_executor_config to None
[2021-12-21 00:28:46,920] {scheduler_job.py:190} INFO - Processing /home/airflow/.local/lib/python3.8/site-packages/airflow/example_dags/example_kubernetes_executor_config.py took 0.122 seconds
[2021-12-21 00:29:17,193] {scheduler_job.py:182} INFO - Started process (PID=11668) to work on /home/airflow/.local/lib/python3.8/site-packages/airflow/example_dags/example_kubernetes_executor_config.py
[2021-12-21 00:29:17,198] {scheduler_job.py:633} INFO - Processing file /home/airflow/.local/lib/python3.8/site-packages/airflow/example_dags/example_kubernetes_executor_config.py for tasks to queue
[2021-12-21 00:29:17,202] {logging_mixin.py:104} INFO - [2021-12-21 00:29:17,201] {dagbag.py:496} INFO - Filling up the DagBag from /home/airflow/.local/lib/python3.8/site-packages/airflow/example_dags/example_kubernetes_executor_config.py
[2021-12-21 00:29:17,237] {scheduler_job.py:643} INFO - DAG(s) dict_keys(['example_kubernetes_executor_config']) retrieved from /home/airflow/.local/lib/python3.8/site-packages/airflow/example_dags/example_kubernetes_executor_config.py
[2021-12-21 00:29:17,370] {logging_mixin.py:104} INFO - [2021-12-21 00:29:17,369] {dag.py:1833} INFO - Sync 1 DAGs
[2021-12-21 00:29:17,395] {logging_mixin.py:104} INFO - [2021-12-21 00:29:17,395] {dag.py:2306} INFO - Setting next_dagrun for example_kubernetes_executor_config to None
[2021-12-21 00:29:17,456] {scheduler_job.py:190} INFO - Processing /home/airflow/.local/lib/python3.8/site-packages/airflow/example_dags/example_kubernetes_executor_config.py took 0.270 seconds
[2021-12-21 00:29:47,610] {scheduler_job.py:182} INFO - Started process (PID=11699) to work on /home/airflow/.local/lib/python3.8/site-packages/airflow/example_dags/example_kubernetes_executor_config.py
[2021-12-21 00:29:47,613] {scheduler_job.py:633} INFO - Processing file /home/airflow/.local/lib/python3.8/site-packages/airflow/example_dags/example_kubernetes_executor_config.py for tasks to queue
[2021-12-21 00:29:47,616] {logging_mixin.py:104} INFO - [2021-12-21 00:29:47,615] {dagbag.py:496} INFO - Filling up the DagBag from /home/airflow/.local/lib/python3.8/site-packages/airflow/example_dags/example_kubernetes_executor_config.py
[2021-12-21 00:29:47,637] {scheduler_job.py:643} INFO - DAG(s) dict_keys(['example_kubernetes_executor_config']) retrieved from /home/airflow/.local/lib/python3.8/site-packages/airflow/example_dags/example_kubernetes_executor_config.py
[2021-12-21 00:29:47,686] {logging_mixin.py:104} INFO - [2021-12-21 00:29:47,686] {dag.py:1833} INFO - Sync 1 DAGs
[2021-12-21 00:29:47,702] {logging_mixin.py:104} INFO - [2021-12-21 00:29:47,702] {dag.py:2306} INFO - Setting next_dagrun for example_kubernetes_executor_config to None
[2021-12-21 00:29:47,725] {scheduler_job.py:190} INFO - Processing /home/airflow/.local/lib/python3.8/site-packages/airflow/example_dags/example_kubernetes_executor_config.py took 0.119 seconds
[2021-12-21 00:30:17,805] {scheduler_job.py:182} INFO - Started process (PID=11730) to work on /home/airflow/.local/lib/python3.8/site-packages/airflow/example_dags/example_kubernetes_executor_config.py
[2021-12-21 00:30:17,809] {scheduler_job.py:633} INFO - Processing file /home/airflow/.local/lib/python3.8/site-packages/airflow/example_dags/example_kubernetes_executor_config.py for tasks to queue
[2021-12-21 00:30:17,812] {logging_mixin.py:104} INFO - [2021-12-21 00:30:17,811] {dagbag.py:496} INFO - Filling up the DagBag from /home/airflow/.local/lib/python3.8/site-packages/airflow/example_dags/example_kubernetes_executor_config.py
[2021-12-21 00:30:17,833] {scheduler_job.py:643} INFO - DAG(s) dict_keys(['example_kubernetes_executor_config']) retrieved from /home/airflow/.local/lib/python3.8/site-packages/airflow/example_dags/example_kubernetes_executor_config.py
[2021-12-21 00:30:17,882] {logging_mixin.py:104} INFO - [2021-12-21 00:30:17,882] {dag.py:1833} INFO - Sync 1 DAGs
[2021-12-21 00:30:17,898] {logging_mixin.py:104} INFO - [2021-12-21 00:30:17,897] {dag.py:2306} INFO - Setting next_dagrun for example_kubernetes_executor_config to None
[2021-12-21 00:30:17,918] {scheduler_job.py:190} INFO - Processing /home/airflow/.local/lib/python3.8/site-packages/airflow/example_dags/example_kubernetes_executor_config.py took 0.118 seconds
[2021-12-21 00:30:48,298] {scheduler_job.py:182} INFO - Started process (PID=11761) to work on /home/airflow/.local/lib/python3.8/site-packages/airflow/example_dags/example_kubernetes_executor_config.py
[2021-12-21 00:30:48,302] {scheduler_job.py:633} INFO - Processing file /home/airflow/.local/lib/python3.8/site-packages/airflow/example_dags/example_kubernetes_executor_config.py for tasks to queue
[2021-12-21 00:30:48,304] {logging_mixin.py:104} INFO - [2021-12-21 00:30:48,304] {dagbag.py:496} INFO - Filling up the DagBag from /home/airflow/.local/lib/python3.8/site-packages/airflow/example_dags/example_kubernetes_executor_config.py
[2021-12-21 00:30:48,323] {scheduler_job.py:643} INFO - DAG(s) dict_keys(['example_kubernetes_executor_config']) retrieved from /home/airflow/.local/lib/python3.8/site-packages/airflow/example_dags/example_kubernetes_executor_config.py
[2021-12-21 00:30:48,370] {logging_mixin.py:104} INFO - [2021-12-21 00:30:48,370] {dag.py:1833} INFO - Sync 1 DAGs
[2021-12-21 00:30:48,385] {logging_mixin.py:104} INFO - [2021-12-21 00:30:48,385] {dag.py:2306} INFO - Setting next_dagrun for example_kubernetes_executor_config to None
[2021-12-21 00:30:48,402] {scheduler_job.py:190} INFO - Processing /home/airflow/.local/lib/python3.8/site-packages/airflow/example_dags/example_kubernetes_executor_config.py took 0.109 seconds
[2021-12-21 00:39:25,243] {scheduler_job.py:182} INFO - Started process (PID=11785) to work on /home/airflow/.local/lib/python3.8/site-packages/airflow/example_dags/example_kubernetes_executor_config.py
[2021-12-21 00:39:25,253] {scheduler_job.py:633} INFO - Processing file /home/airflow/.local/lib/python3.8/site-packages/airflow/example_dags/example_kubernetes_executor_config.py for tasks to queue
[2021-12-21 00:39:25,261] {logging_mixin.py:104} INFO - [2021-12-21 00:39:25,261] {dagbag.py:496} INFO - Filling up the DagBag from /home/airflow/.local/lib/python3.8/site-packages/airflow/example_dags/example_kubernetes_executor_config.py
[2021-12-21 00:39:25,320] {scheduler_job.py:643} INFO - DAG(s) dict_keys(['example_kubernetes_executor_config']) retrieved from /home/airflow/.local/lib/python3.8/site-packages/airflow/example_dags/example_kubernetes_executor_config.py
[2021-12-21 00:39:25,407] {logging_mixin.py:104} INFO - [2021-12-21 00:39:25,407] {dag.py:1833} INFO - Sync 1 DAGs
[2021-12-21 00:39:25,463] {logging_mixin.py:104} INFO - [2021-12-21 00:39:25,463] {dag.py:2306} INFO - Setting next_dagrun for example_kubernetes_executor_config to None
[2021-12-21 00:39:25,495] {scheduler_job.py:190} INFO - Processing /home/airflow/.local/lib/python3.8/site-packages/airflow/example_dags/example_kubernetes_executor_config.py took 0.270 seconds
[2021-12-21 00:39:57,340] {scheduler_job.py:182} INFO - Started process (PID=11816) to work on /home/airflow/.local/lib/python3.8/site-packages/airflow/example_dags/example_kubernetes_executor_config.py
[2021-12-21 00:39:57,353] {scheduler_job.py:633} INFO - Processing file /home/airflow/.local/lib/python3.8/site-packages/airflow/example_dags/example_kubernetes_executor_config.py for tasks to queue
[2021-12-21 00:39:57,372] {logging_mixin.py:104} INFO - [2021-12-21 00:39:57,371] {dagbag.py:496} INFO - Filling up the DagBag from /home/airflow/.local/lib/python3.8/site-packages/airflow/example_dags/example_kubernetes_executor_config.py
[2021-12-21 00:39:57,445] {scheduler_job.py:643} INFO - DAG(s) dict_keys(['example_kubernetes_executor_config']) retrieved from /home/airflow/.local/lib/python3.8/site-packages/airflow/example_dags/example_kubernetes_executor_config.py
[2021-12-21 00:39:57,572] {logging_mixin.py:104} INFO - [2021-12-21 00:39:57,572] {dag.py:1833} INFO - Sync 1 DAGs
[2021-12-21 00:39:57,611] {logging_mixin.py:104} INFO - [2021-12-21 00:39:57,611] {dag.py:2306} INFO - Setting next_dagrun for example_kubernetes_executor_config to None
[2021-12-21 00:39:57,650] {scheduler_job.py:190} INFO - Processing /home/airflow/.local/lib/python3.8/site-packages/airflow/example_dags/example_kubernetes_executor_config.py took 0.338 seconds
[2021-12-21 00:56:43,720] {scheduler_job.py:182} INFO - Started process (PID=11847) to work on /home/airflow/.local/lib/python3.8/site-packages/airflow/example_dags/example_kubernetes_executor_config.py
[2021-12-21 00:56:43,725] {scheduler_job.py:633} INFO - Processing file /home/airflow/.local/lib/python3.8/site-packages/airflow/example_dags/example_kubernetes_executor_config.py for tasks to queue
[2021-12-21 00:56:43,734] {logging_mixin.py:104} INFO - [2021-12-21 00:56:43,733] {dagbag.py:496} INFO - Filling up the DagBag from /home/airflow/.local/lib/python3.8/site-packages/airflow/example_dags/example_kubernetes_executor_config.py
[2021-12-21 00:56:43,777] {scheduler_job.py:643} INFO - DAG(s) dict_keys(['example_kubernetes_executor_config']) retrieved from /home/airflow/.local/lib/python3.8/site-packages/airflow/example_dags/example_kubernetes_executor_config.py
[2021-12-21 00:56:43,910] {logging_mixin.py:104} INFO - [2021-12-21 00:56:43,910] {dag.py:1833} INFO - Sync 1 DAGs
[2021-12-21 00:56:43,949] {logging_mixin.py:104} INFO - [2021-12-21 00:56:43,949] {dag.py:2306} INFO - Setting next_dagrun for example_kubernetes_executor_config to None
[2021-12-21 00:56:44,048] {scheduler_job.py:190} INFO - Processing /home/airflow/.local/lib/python3.8/site-packages/airflow/example_dags/example_kubernetes_executor_config.py took 0.341 seconds
