[2021-12-21 00:00:27,022] {scheduler_job.py:182} INFO - Started process (PID=9918) to work on /home/airflow/.local/lib/python3.8/site-packages/airflow/example_dags/example_latest_only.py
[2021-12-21 00:00:27,036] {scheduler_job.py:633} INFO - Processing file /home/airflow/.local/lib/python3.8/site-packages/airflow/example_dags/example_latest_only.py for tasks to queue
[2021-12-21 00:00:27,043] {logging_mixin.py:104} INFO - [2021-12-21 00:00:27,042] {dagbag.py:496} INFO - Filling up the DagBag from /home/airflow/.local/lib/python3.8/site-packages/airflow/example_dags/example_latest_only.py
[2021-12-21 00:00:27,076] {scheduler_job.py:643} INFO - DAG(s) dict_keys(['latest_only']) retrieved from /home/airflow/.local/lib/python3.8/site-packages/airflow/example_dags/example_latest_only.py
[2021-12-21 00:00:27,656] {logging_mixin.py:104} INFO - [2021-12-21 00:00:27,656] {dag.py:1833} INFO - Sync 1 DAGs
[2021-12-21 00:00:27,681] {logging_mixin.py:104} INFO - [2021-12-21 00:00:27,681] {dag.py:2306} INFO - Setting next_dagrun for latest_only to 2021-12-19 00:00:00+00:00
[2021-12-21 00:00:27,718] {scheduler_job.py:190} INFO - Processing /home/airflow/.local/lib/python3.8/site-packages/airflow/example_dags/example_latest_only.py took 0.787 seconds
[2021-12-21 00:00:58,139] {scheduler_job.py:182} INFO - Started process (PID=9949) to work on /home/airflow/.local/lib/python3.8/site-packages/airflow/example_dags/example_latest_only.py
[2021-12-21 00:00:58,145] {scheduler_job.py:633} INFO - Processing file /home/airflow/.local/lib/python3.8/site-packages/airflow/example_dags/example_latest_only.py for tasks to queue
[2021-12-21 00:00:58,148] {logging_mixin.py:104} INFO - [2021-12-21 00:00:58,148] {dagbag.py:496} INFO - Filling up the DagBag from /home/airflow/.local/lib/python3.8/site-packages/airflow/example_dags/example_latest_only.py
[2021-12-21 00:00:58,176] {scheduler_job.py:643} INFO - DAG(s) dict_keys(['latest_only']) retrieved from /home/airflow/.local/lib/python3.8/site-packages/airflow/example_dags/example_latest_only.py
[2021-12-21 00:00:58,247] {logging_mixin.py:104} INFO - [2021-12-21 00:00:58,247] {dag.py:1833} INFO - Sync 1 DAGs
[2021-12-21 00:00:58,268] {logging_mixin.py:104} INFO - [2021-12-21 00:00:58,267] {dag.py:2306} INFO - Setting next_dagrun for latest_only to 2021-12-19 00:00:00+00:00
[2021-12-21 00:00:58,292] {scheduler_job.py:190} INFO - Processing /home/airflow/.local/lib/python3.8/site-packages/airflow/example_dags/example_latest_only.py took 0.157 seconds
[2021-12-21 00:01:28,412] {scheduler_job.py:182} INFO - Started process (PID=9980) to work on /home/airflow/.local/lib/python3.8/site-packages/airflow/example_dags/example_latest_only.py
[2021-12-21 00:01:28,416] {scheduler_job.py:633} INFO - Processing file /home/airflow/.local/lib/python3.8/site-packages/airflow/example_dags/example_latest_only.py for tasks to queue
[2021-12-21 00:01:28,424] {logging_mixin.py:104} INFO - [2021-12-21 00:01:28,423] {dagbag.py:496} INFO - Filling up the DagBag from /home/airflow/.local/lib/python3.8/site-packages/airflow/example_dags/example_latest_only.py
[2021-12-21 00:01:28,484] {scheduler_job.py:643} INFO - DAG(s) dict_keys(['latest_only']) retrieved from /home/airflow/.local/lib/python3.8/site-packages/airflow/example_dags/example_latest_only.py
[2021-12-21 00:01:28,560] {logging_mixin.py:104} INFO - [2021-12-21 00:01:28,560] {dag.py:1833} INFO - Sync 1 DAGs
[2021-12-21 00:01:28,580] {logging_mixin.py:104} INFO - [2021-12-21 00:01:28,580] {dag.py:2306} INFO - Setting next_dagrun for latest_only to 2021-12-19 00:00:00+00:00
[2021-12-21 00:01:28,606] {scheduler_job.py:190} INFO - Processing /home/airflow/.local/lib/python3.8/site-packages/airflow/example_dags/example_latest_only.py took 0.202 seconds
[2021-12-21 00:01:58,963] {scheduler_job.py:182} INFO - Started process (PID=10011) to work on /home/airflow/.local/lib/python3.8/site-packages/airflow/example_dags/example_latest_only.py
[2021-12-21 00:01:58,975] {scheduler_job.py:633} INFO - Processing file /home/airflow/.local/lib/python3.8/site-packages/airflow/example_dags/example_latest_only.py for tasks to queue
[2021-12-21 00:01:58,980] {logging_mixin.py:104} INFO - [2021-12-21 00:01:58,980] {dagbag.py:496} INFO - Filling up the DagBag from /home/airflow/.local/lib/python3.8/site-packages/airflow/example_dags/example_latest_only.py
[2021-12-21 00:01:59,003] {scheduler_job.py:643} INFO - DAG(s) dict_keys(['latest_only']) retrieved from /home/airflow/.local/lib/python3.8/site-packages/airflow/example_dags/example_latest_only.py
[2021-12-21 00:01:59,079] {logging_mixin.py:104} INFO - [2021-12-21 00:01:59,079] {dag.py:1833} INFO - Sync 1 DAGs
[2021-12-21 00:01:59,114] {logging_mixin.py:104} INFO - [2021-12-21 00:01:59,114] {dag.py:2306} INFO - Setting next_dagrun for latest_only to 2021-12-19 00:00:00+00:00
[2021-12-21 00:01:59,150] {scheduler_job.py:190} INFO - Processing /home/airflow/.local/lib/python3.8/site-packages/airflow/example_dags/example_latest_only.py took 0.192 seconds
[2021-12-21 00:02:29,821] {scheduler_job.py:182} INFO - Started process (PID=10042) to work on /home/airflow/.local/lib/python3.8/site-packages/airflow/example_dags/example_latest_only.py
[2021-12-21 00:02:29,831] {scheduler_job.py:633} INFO - Processing file /home/airflow/.local/lib/python3.8/site-packages/airflow/example_dags/example_latest_only.py for tasks to queue
[2021-12-21 00:02:29,835] {logging_mixin.py:104} INFO - [2021-12-21 00:02:29,835] {dagbag.py:496} INFO - Filling up the DagBag from /home/airflow/.local/lib/python3.8/site-packages/airflow/example_dags/example_latest_only.py
[2021-12-21 00:02:29,861] {scheduler_job.py:643} INFO - DAG(s) dict_keys(['latest_only']) retrieved from /home/airflow/.local/lib/python3.8/site-packages/airflow/example_dags/example_latest_only.py
[2021-12-21 00:02:29,913] {logging_mixin.py:104} INFO - [2021-12-21 00:02:29,913] {dag.py:1833} INFO - Sync 1 DAGs
[2021-12-21 00:02:29,941] {logging_mixin.py:104} INFO - [2021-12-21 00:02:29,941] {dag.py:2306} INFO - Setting next_dagrun for latest_only to 2021-12-19 00:00:00+00:00
[2021-12-21 00:02:29,993] {scheduler_job.py:190} INFO - Processing /home/airflow/.local/lib/python3.8/site-packages/airflow/example_dags/example_latest_only.py took 0.190 seconds
[2021-12-21 00:03:00,043] {scheduler_job.py:182} INFO - Started process (PID=10073) to work on /home/airflow/.local/lib/python3.8/site-packages/airflow/example_dags/example_latest_only.py
[2021-12-21 00:03:00,049] {scheduler_job.py:633} INFO - Processing file /home/airflow/.local/lib/python3.8/site-packages/airflow/example_dags/example_latest_only.py for tasks to queue
[2021-12-21 00:03:00,053] {logging_mixin.py:104} INFO - [2021-12-21 00:03:00,053] {dagbag.py:496} INFO - Filling up the DagBag from /home/airflow/.local/lib/python3.8/site-packages/airflow/example_dags/example_latest_only.py
[2021-12-21 00:03:00,076] {scheduler_job.py:643} INFO - DAG(s) dict_keys(['latest_only']) retrieved from /home/airflow/.local/lib/python3.8/site-packages/airflow/example_dags/example_latest_only.py
[2021-12-21 00:03:00,173] {logging_mixin.py:104} INFO - [2021-12-21 00:03:00,173] {dag.py:1833} INFO - Sync 1 DAGs
[2021-12-21 00:03:00,207] {logging_mixin.py:104} INFO - [2021-12-21 00:03:00,206] {dag.py:2306} INFO - Setting next_dagrun for latest_only to 2021-12-19 00:00:00+00:00
[2021-12-21 00:03:00,245] {scheduler_job.py:190} INFO - Processing /home/airflow/.local/lib/python3.8/site-packages/airflow/example_dags/example_latest_only.py took 0.212 seconds
[2021-12-21 00:03:30,664] {scheduler_job.py:182} INFO - Started process (PID=10104) to work on /home/airflow/.local/lib/python3.8/site-packages/airflow/example_dags/example_latest_only.py
[2021-12-21 00:03:30,672] {scheduler_job.py:633} INFO - Processing file /home/airflow/.local/lib/python3.8/site-packages/airflow/example_dags/example_latest_only.py for tasks to queue
[2021-12-21 00:03:30,679] {logging_mixin.py:104} INFO - [2021-12-21 00:03:30,678] {dagbag.py:496} INFO - Filling up the DagBag from /home/airflow/.local/lib/python3.8/site-packages/airflow/example_dags/example_latest_only.py
[2021-12-21 00:03:30,704] {scheduler_job.py:643} INFO - DAG(s) dict_keys(['latest_only']) retrieved from /home/airflow/.local/lib/python3.8/site-packages/airflow/example_dags/example_latest_only.py
[2021-12-21 00:03:30,754] {logging_mixin.py:104} INFO - [2021-12-21 00:03:30,754] {dag.py:1833} INFO - Sync 1 DAGs
[2021-12-21 00:03:30,772] {logging_mixin.py:104} INFO - [2021-12-21 00:03:30,772] {dag.py:2306} INFO - Setting next_dagrun for latest_only to 2021-12-19 00:00:00+00:00
[2021-12-21 00:03:30,797] {scheduler_job.py:190} INFO - Processing /home/airflow/.local/lib/python3.8/site-packages/airflow/example_dags/example_latest_only.py took 0.138 seconds
[2021-12-21 00:04:01,145] {scheduler_job.py:182} INFO - Started process (PID=10134) to work on /home/airflow/.local/lib/python3.8/site-packages/airflow/example_dags/example_latest_only.py
[2021-12-21 00:04:01,152] {scheduler_job.py:633} INFO - Processing file /home/airflow/.local/lib/python3.8/site-packages/airflow/example_dags/example_latest_only.py for tasks to queue
[2021-12-21 00:04:01,156] {logging_mixin.py:104} INFO - [2021-12-21 00:04:01,155] {dagbag.py:496} INFO - Filling up the DagBag from /home/airflow/.local/lib/python3.8/site-packages/airflow/example_dags/example_latest_only.py
[2021-12-21 00:04:01,180] {scheduler_job.py:643} INFO - DAG(s) dict_keys(['latest_only']) retrieved from /home/airflow/.local/lib/python3.8/site-packages/airflow/example_dags/example_latest_only.py
[2021-12-21 00:04:01,255] {logging_mixin.py:104} INFO - [2021-12-21 00:04:01,255] {dag.py:1833} INFO - Sync 1 DAGs
[2021-12-21 00:04:01,279] {logging_mixin.py:104} INFO - [2021-12-21 00:04:01,279] {dag.py:2306} INFO - Setting next_dagrun for latest_only to 2021-12-19 00:00:00+00:00
[2021-12-21 00:04:01,311] {scheduler_job.py:190} INFO - Processing /home/airflow/.local/lib/python3.8/site-packages/airflow/example_dags/example_latest_only.py took 0.182 seconds
[2021-12-21 00:04:31,696] {scheduler_job.py:182} INFO - Started process (PID=10166) to work on /home/airflow/.local/lib/python3.8/site-packages/airflow/example_dags/example_latest_only.py
[2021-12-21 00:04:31,699] {scheduler_job.py:633} INFO - Processing file /home/airflow/.local/lib/python3.8/site-packages/airflow/example_dags/example_latest_only.py for tasks to queue
[2021-12-21 00:04:31,704] {logging_mixin.py:104} INFO - [2021-12-21 00:04:31,703] {dagbag.py:496} INFO - Filling up the DagBag from /home/airflow/.local/lib/python3.8/site-packages/airflow/example_dags/example_latest_only.py
[2021-12-21 00:04:31,734] {scheduler_job.py:643} INFO - DAG(s) dict_keys(['latest_only']) retrieved from /home/airflow/.local/lib/python3.8/site-packages/airflow/example_dags/example_latest_only.py
[2021-12-21 00:04:31,834] {logging_mixin.py:104} INFO - [2021-12-21 00:04:31,834] {dag.py:1833} INFO - Sync 1 DAGs
[2021-12-21 00:04:31,871] {logging_mixin.py:104} INFO - [2021-12-21 00:04:31,871] {dag.py:2306} INFO - Setting next_dagrun for latest_only to 2021-12-19 00:00:00+00:00
[2021-12-21 00:04:32,039] {scheduler_job.py:190} INFO - Processing /home/airflow/.local/lib/python3.8/site-packages/airflow/example_dags/example_latest_only.py took 0.358 seconds
[2021-12-21 00:05:02,994] {scheduler_job.py:182} INFO - Started process (PID=10197) to work on /home/airflow/.local/lib/python3.8/site-packages/airflow/example_dags/example_latest_only.py
[2021-12-21 00:05:03,000] {scheduler_job.py:633} INFO - Processing file /home/airflow/.local/lib/python3.8/site-packages/airflow/example_dags/example_latest_only.py for tasks to queue
[2021-12-21 00:05:03,004] {logging_mixin.py:104} INFO - [2021-12-21 00:05:03,004] {dagbag.py:496} INFO - Filling up the DagBag from /home/airflow/.local/lib/python3.8/site-packages/airflow/example_dags/example_latest_only.py
[2021-12-21 00:05:03,038] {scheduler_job.py:643} INFO - DAG(s) dict_keys(['latest_only']) retrieved from /home/airflow/.local/lib/python3.8/site-packages/airflow/example_dags/example_latest_only.py
[2021-12-21 00:05:03,136] {logging_mixin.py:104} INFO - [2021-12-21 00:05:03,135] {dag.py:1833} INFO - Sync 1 DAGs
[2021-12-21 00:05:03,179] {logging_mixin.py:104} INFO - [2021-12-21 00:05:03,178] {dag.py:2306} INFO - Setting next_dagrun for latest_only to 2021-12-19 00:00:00+00:00
[2021-12-21 00:05:03,213] {scheduler_job.py:190} INFO - Processing /home/airflow/.local/lib/python3.8/site-packages/airflow/example_dags/example_latest_only.py took 0.228 seconds
[2021-12-21 00:05:33,626] {scheduler_job.py:182} INFO - Started process (PID=10228) to work on /home/airflow/.local/lib/python3.8/site-packages/airflow/example_dags/example_latest_only.py
[2021-12-21 00:05:33,632] {scheduler_job.py:633} INFO - Processing file /home/airflow/.local/lib/python3.8/site-packages/airflow/example_dags/example_latest_only.py for tasks to queue
[2021-12-21 00:05:33,636] {logging_mixin.py:104} INFO - [2021-12-21 00:05:33,636] {dagbag.py:496} INFO - Filling up the DagBag from /home/airflow/.local/lib/python3.8/site-packages/airflow/example_dags/example_latest_only.py
[2021-12-21 00:05:33,652] {scheduler_job.py:643} INFO - DAG(s) dict_keys(['latest_only']) retrieved from /home/airflow/.local/lib/python3.8/site-packages/airflow/example_dags/example_latest_only.py
[2021-12-21 00:05:33,707] {logging_mixin.py:104} INFO - [2021-12-21 00:05:33,707] {dag.py:1833} INFO - Sync 1 DAGs
[2021-12-21 00:05:33,724] {logging_mixin.py:104} INFO - [2021-12-21 00:05:33,724] {dag.py:2306} INFO - Setting next_dagrun for latest_only to 2021-12-19 00:00:00+00:00
[2021-12-21 00:05:33,745] {scheduler_job.py:190} INFO - Processing /home/airflow/.local/lib/python3.8/site-packages/airflow/example_dags/example_latest_only.py took 0.125 seconds
[2021-12-21 00:06:03,858] {scheduler_job.py:182} INFO - Started process (PID=10258) to work on /home/airflow/.local/lib/python3.8/site-packages/airflow/example_dags/example_latest_only.py
[2021-12-21 00:06:03,862] {scheduler_job.py:633} INFO - Processing file /home/airflow/.local/lib/python3.8/site-packages/airflow/example_dags/example_latest_only.py for tasks to queue
[2021-12-21 00:06:03,864] {logging_mixin.py:104} INFO - [2021-12-21 00:06:03,864] {dagbag.py:496} INFO - Filling up the DagBag from /home/airflow/.local/lib/python3.8/site-packages/airflow/example_dags/example_latest_only.py
[2021-12-21 00:06:03,881] {scheduler_job.py:643} INFO - DAG(s) dict_keys(['latest_only']) retrieved from /home/airflow/.local/lib/python3.8/site-packages/airflow/example_dags/example_latest_only.py
[2021-12-21 00:06:03,928] {logging_mixin.py:104} INFO - [2021-12-21 00:06:03,928] {dag.py:1833} INFO - Sync 1 DAGs
[2021-12-21 00:06:03,945] {logging_mixin.py:104} INFO - [2021-12-21 00:06:03,945] {dag.py:2306} INFO - Setting next_dagrun for latest_only to 2021-12-19 00:00:00+00:00
[2021-12-21 00:06:03,966] {scheduler_job.py:190} INFO - Processing /home/airflow/.local/lib/python3.8/site-packages/airflow/example_dags/example_latest_only.py took 0.115 seconds
[2021-12-21 00:06:34,176] {scheduler_job.py:182} INFO - Started process (PID=10289) to work on /home/airflow/.local/lib/python3.8/site-packages/airflow/example_dags/example_latest_only.py
[2021-12-21 00:06:34,181] {scheduler_job.py:633} INFO - Processing file /home/airflow/.local/lib/python3.8/site-packages/airflow/example_dags/example_latest_only.py for tasks to queue
[2021-12-21 00:06:34,183] {logging_mixin.py:104} INFO - [2021-12-21 00:06:34,182] {dagbag.py:496} INFO - Filling up the DagBag from /home/airflow/.local/lib/python3.8/site-packages/airflow/example_dags/example_latest_only.py
[2021-12-21 00:06:34,200] {scheduler_job.py:643} INFO - DAG(s) dict_keys(['latest_only']) retrieved from /home/airflow/.local/lib/python3.8/site-packages/airflow/example_dags/example_latest_only.py
[2021-12-21 00:06:34,249] {logging_mixin.py:104} INFO - [2021-12-21 00:06:34,249] {dag.py:1833} INFO - Sync 1 DAGs
[2021-12-21 00:06:34,275] {logging_mixin.py:104} INFO - [2021-12-21 00:06:34,274] {dag.py:2306} INFO - Setting next_dagrun for latest_only to 2021-12-19 00:00:00+00:00
[2021-12-21 00:06:34,314] {scheduler_job.py:190} INFO - Processing /home/airflow/.local/lib/python3.8/site-packages/airflow/example_dags/example_latest_only.py took 0.145 seconds
[2021-12-21 00:07:04,923] {scheduler_job.py:182} INFO - Started process (PID=10320) to work on /home/airflow/.local/lib/python3.8/site-packages/airflow/example_dags/example_latest_only.py
[2021-12-21 00:07:04,929] {scheduler_job.py:633} INFO - Processing file /home/airflow/.local/lib/python3.8/site-packages/airflow/example_dags/example_latest_only.py for tasks to queue
[2021-12-21 00:07:04,931] {logging_mixin.py:104} INFO - [2021-12-21 00:07:04,930] {dagbag.py:496} INFO - Filling up the DagBag from /home/airflow/.local/lib/python3.8/site-packages/airflow/example_dags/example_latest_only.py
[2021-12-21 00:07:04,951] {scheduler_job.py:643} INFO - DAG(s) dict_keys(['latest_only']) retrieved from /home/airflow/.local/lib/python3.8/site-packages/airflow/example_dags/example_latest_only.py
[2021-12-21 00:07:05,001] {logging_mixin.py:104} INFO - [2021-12-21 00:07:05,001] {dag.py:1833} INFO - Sync 1 DAGs
[2021-12-21 00:07:05,019] {logging_mixin.py:104} INFO - [2021-12-21 00:07:05,018] {dag.py:2306} INFO - Setting next_dagrun for latest_only to 2021-12-19 00:00:00+00:00
[2021-12-21 00:07:05,036] {scheduler_job.py:190} INFO - Processing /home/airflow/.local/lib/python3.8/site-packages/airflow/example_dags/example_latest_only.py took 0.123 seconds
[2021-12-21 00:07:35,860] {scheduler_job.py:182} INFO - Started process (PID=10351) to work on /home/airflow/.local/lib/python3.8/site-packages/airflow/example_dags/example_latest_only.py
[2021-12-21 00:07:35,868] {scheduler_job.py:633} INFO - Processing file /home/airflow/.local/lib/python3.8/site-packages/airflow/example_dags/example_latest_only.py for tasks to queue
[2021-12-21 00:07:35,874] {logging_mixin.py:104} INFO - [2021-12-21 00:07:35,874] {dagbag.py:496} INFO - Filling up the DagBag from /home/airflow/.local/lib/python3.8/site-packages/airflow/example_dags/example_latest_only.py
[2021-12-21 00:07:35,901] {scheduler_job.py:643} INFO - DAG(s) dict_keys(['latest_only']) retrieved from /home/airflow/.local/lib/python3.8/site-packages/airflow/example_dags/example_latest_only.py
[2021-12-21 00:07:35,958] {logging_mixin.py:104} INFO - [2021-12-21 00:07:35,958] {dag.py:1833} INFO - Sync 1 DAGs
[2021-12-21 00:07:35,976] {logging_mixin.py:104} INFO - [2021-12-21 00:07:35,975] {dag.py:2306} INFO - Setting next_dagrun for latest_only to 2021-12-19 00:00:00+00:00
[2021-12-21 00:07:35,996] {scheduler_job.py:190} INFO - Processing /home/airflow/.local/lib/python3.8/site-packages/airflow/example_dags/example_latest_only.py took 0.144 seconds
[2021-12-21 00:08:06,736] {scheduler_job.py:182} INFO - Started process (PID=10382) to work on /home/airflow/.local/lib/python3.8/site-packages/airflow/example_dags/example_latest_only.py
[2021-12-21 00:08:06,740] {scheduler_job.py:633} INFO - Processing file /home/airflow/.local/lib/python3.8/site-packages/airflow/example_dags/example_latest_only.py for tasks to queue
[2021-12-21 00:08:06,742] {logging_mixin.py:104} INFO - [2021-12-21 00:08:06,742] {dagbag.py:496} INFO - Filling up the DagBag from /home/airflow/.local/lib/python3.8/site-packages/airflow/example_dags/example_latest_only.py
[2021-12-21 00:08:06,763] {scheduler_job.py:643} INFO - DAG(s) dict_keys(['latest_only']) retrieved from /home/airflow/.local/lib/python3.8/site-packages/airflow/example_dags/example_latest_only.py
[2021-12-21 00:08:06,813] {logging_mixin.py:104} INFO - [2021-12-21 00:08:06,813] {dag.py:1833} INFO - Sync 1 DAGs
[2021-12-21 00:08:06,835] {logging_mixin.py:104} INFO - [2021-12-21 00:08:06,835] {dag.py:2306} INFO - Setting next_dagrun for latest_only to 2021-12-19 00:00:00+00:00
[2021-12-21 00:08:06,865] {scheduler_job.py:190} INFO - Processing /home/airflow/.local/lib/python3.8/site-packages/airflow/example_dags/example_latest_only.py took 0.136 seconds
[2021-12-21 00:08:37,234] {scheduler_job.py:182} INFO - Started process (PID=10413) to work on /home/airflow/.local/lib/python3.8/site-packages/airflow/example_dags/example_latest_only.py
[2021-12-21 00:08:37,243] {scheduler_job.py:633} INFO - Processing file /home/airflow/.local/lib/python3.8/site-packages/airflow/example_dags/example_latest_only.py for tasks to queue
[2021-12-21 00:08:37,251] {logging_mixin.py:104} INFO - [2021-12-21 00:08:37,250] {dagbag.py:496} INFO - Filling up the DagBag from /home/airflow/.local/lib/python3.8/site-packages/airflow/example_dags/example_latest_only.py
[2021-12-21 00:08:37,286] {scheduler_job.py:643} INFO - DAG(s) dict_keys(['latest_only']) retrieved from /home/airflow/.local/lib/python3.8/site-packages/airflow/example_dags/example_latest_only.py
[2021-12-21 00:08:37,369] {logging_mixin.py:104} INFO - [2021-12-21 00:08:37,369] {dag.py:1833} INFO - Sync 1 DAGs
[2021-12-21 00:08:37,405] {logging_mixin.py:104} INFO - [2021-12-21 00:08:37,405] {dag.py:2306} INFO - Setting next_dagrun for latest_only to 2021-12-19 00:00:00+00:00
[2021-12-21 00:08:37,452] {scheduler_job.py:190} INFO - Processing /home/airflow/.local/lib/python3.8/site-packages/airflow/example_dags/example_latest_only.py took 0.240 seconds
[2021-12-21 00:09:07,631] {scheduler_job.py:182} INFO - Started process (PID=10444) to work on /home/airflow/.local/lib/python3.8/site-packages/airflow/example_dags/example_latest_only.py
[2021-12-21 00:09:07,639] {scheduler_job.py:633} INFO - Processing file /home/airflow/.local/lib/python3.8/site-packages/airflow/example_dags/example_latest_only.py for tasks to queue
[2021-12-21 00:09:07,643] {logging_mixin.py:104} INFO - [2021-12-21 00:09:07,643] {dagbag.py:496} INFO - Filling up the DagBag from /home/airflow/.local/lib/python3.8/site-packages/airflow/example_dags/example_latest_only.py
[2021-12-21 00:09:07,722] {scheduler_job.py:643} INFO - DAG(s) dict_keys(['latest_only']) retrieved from /home/airflow/.local/lib/python3.8/site-packages/airflow/example_dags/example_latest_only.py
[2021-12-21 00:09:07,859] {logging_mixin.py:104} INFO - [2021-12-21 00:09:07,859] {dag.py:1833} INFO - Sync 1 DAGs
[2021-12-21 00:09:07,885] {logging_mixin.py:104} INFO - [2021-12-21 00:09:07,885] {dag.py:2306} INFO - Setting next_dagrun for latest_only to 2021-12-19 00:00:00+00:00
[2021-12-21 00:09:07,916] {scheduler_job.py:190} INFO - Processing /home/airflow/.local/lib/python3.8/site-packages/airflow/example_dags/example_latest_only.py took 0.298 seconds
[2021-12-21 00:09:38,071] {scheduler_job.py:182} INFO - Started process (PID=10475) to work on /home/airflow/.local/lib/python3.8/site-packages/airflow/example_dags/example_latest_only.py
[2021-12-21 00:09:38,086] {scheduler_job.py:633} INFO - Processing file /home/airflow/.local/lib/python3.8/site-packages/airflow/example_dags/example_latest_only.py for tasks to queue
[2021-12-21 00:09:38,099] {logging_mixin.py:104} INFO - [2021-12-21 00:09:38,098] {dagbag.py:496} INFO - Filling up the DagBag from /home/airflow/.local/lib/python3.8/site-packages/airflow/example_dags/example_latest_only.py
[2021-12-21 00:09:38,156] {scheduler_job.py:643} INFO - DAG(s) dict_keys(['latest_only']) retrieved from /home/airflow/.local/lib/python3.8/site-packages/airflow/example_dags/example_latest_only.py
[2021-12-21 00:09:38,230] {logging_mixin.py:104} INFO - [2021-12-21 00:09:38,230] {dag.py:1833} INFO - Sync 1 DAGs
[2021-12-21 00:09:38,288] {logging_mixin.py:104} INFO - [2021-12-21 00:09:38,288] {dag.py:2306} INFO - Setting next_dagrun for latest_only to 2021-12-19 00:00:00+00:00
[2021-12-21 00:09:38,322] {scheduler_job.py:190} INFO - Processing /home/airflow/.local/lib/python3.8/site-packages/airflow/example_dags/example_latest_only.py took 0.274 seconds
[2021-12-21 00:10:08,522] {scheduler_job.py:182} INFO - Started process (PID=10506) to work on /home/airflow/.local/lib/python3.8/site-packages/airflow/example_dags/example_latest_only.py
[2021-12-21 00:10:08,528] {scheduler_job.py:633} INFO - Processing file /home/airflow/.local/lib/python3.8/site-packages/airflow/example_dags/example_latest_only.py for tasks to queue
[2021-12-21 00:10:08,531] {logging_mixin.py:104} INFO - [2021-12-21 00:10:08,531] {dagbag.py:496} INFO - Filling up the DagBag from /home/airflow/.local/lib/python3.8/site-packages/airflow/example_dags/example_latest_only.py
[2021-12-21 00:10:08,564] {scheduler_job.py:643} INFO - DAG(s) dict_keys(['latest_only']) retrieved from /home/airflow/.local/lib/python3.8/site-packages/airflow/example_dags/example_latest_only.py
[2021-12-21 00:10:08,656] {logging_mixin.py:104} INFO - [2021-12-21 00:10:08,656] {dag.py:1833} INFO - Sync 1 DAGs
[2021-12-21 00:10:08,690] {logging_mixin.py:104} INFO - [2021-12-21 00:10:08,690] {dag.py:2306} INFO - Setting next_dagrun for latest_only to 2021-12-19 00:00:00+00:00
[2021-12-21 00:10:08,714] {scheduler_job.py:190} INFO - Processing /home/airflow/.local/lib/python3.8/site-packages/airflow/example_dags/example_latest_only.py took 0.212 seconds
[2021-12-21 00:10:39,059] {scheduler_job.py:182} INFO - Started process (PID=10537) to work on /home/airflow/.local/lib/python3.8/site-packages/airflow/example_dags/example_latest_only.py
[2021-12-21 00:10:39,071] {scheduler_job.py:633} INFO - Processing file /home/airflow/.local/lib/python3.8/site-packages/airflow/example_dags/example_latest_only.py for tasks to queue
[2021-12-21 00:10:39,076] {logging_mixin.py:104} INFO - [2021-12-21 00:10:39,076] {dagbag.py:496} INFO - Filling up the DagBag from /home/airflow/.local/lib/python3.8/site-packages/airflow/example_dags/example_latest_only.py
[2021-12-21 00:10:39,104] {scheduler_job.py:643} INFO - DAG(s) dict_keys(['latest_only']) retrieved from /home/airflow/.local/lib/python3.8/site-packages/airflow/example_dags/example_latest_only.py
[2021-12-21 00:10:39,159] {logging_mixin.py:104} INFO - [2021-12-21 00:10:39,159] {dag.py:1833} INFO - Sync 1 DAGs
[2021-12-21 00:10:39,195] {logging_mixin.py:104} INFO - [2021-12-21 00:10:39,195] {dag.py:2306} INFO - Setting next_dagrun for latest_only to 2021-12-19 00:00:00+00:00
[2021-12-21 00:10:39,231] {scheduler_job.py:190} INFO - Processing /home/airflow/.local/lib/python3.8/site-packages/airflow/example_dags/example_latest_only.py took 0.180 seconds
[2021-12-21 00:11:09,788] {scheduler_job.py:182} INFO - Started process (PID=10568) to work on /home/airflow/.local/lib/python3.8/site-packages/airflow/example_dags/example_latest_only.py
[2021-12-21 00:11:09,792] {scheduler_job.py:633} INFO - Processing file /home/airflow/.local/lib/python3.8/site-packages/airflow/example_dags/example_latest_only.py for tasks to queue
[2021-12-21 00:11:09,796] {logging_mixin.py:104} INFO - [2021-12-21 00:11:09,796] {dagbag.py:496} INFO - Filling up the DagBag from /home/airflow/.local/lib/python3.8/site-packages/airflow/example_dags/example_latest_only.py
[2021-12-21 00:11:09,822] {scheduler_job.py:643} INFO - DAG(s) dict_keys(['latest_only']) retrieved from /home/airflow/.local/lib/python3.8/site-packages/airflow/example_dags/example_latest_only.py
[2021-12-21 00:11:09,879] {logging_mixin.py:104} INFO - [2021-12-21 00:11:09,879] {dag.py:1833} INFO - Sync 1 DAGs
[2021-12-21 00:11:09,896] {logging_mixin.py:104} INFO - [2021-12-21 00:11:09,896] {dag.py:2306} INFO - Setting next_dagrun for latest_only to 2021-12-19 00:00:00+00:00
[2021-12-21 00:11:09,917] {scheduler_job.py:190} INFO - Processing /home/airflow/.local/lib/python3.8/site-packages/airflow/example_dags/example_latest_only.py took 0.134 seconds
[2021-12-21 00:11:40,175] {scheduler_job.py:182} INFO - Started process (PID=10599) to work on /home/airflow/.local/lib/python3.8/site-packages/airflow/example_dags/example_latest_only.py
[2021-12-21 00:11:40,178] {scheduler_job.py:633} INFO - Processing file /home/airflow/.local/lib/python3.8/site-packages/airflow/example_dags/example_latest_only.py for tasks to queue
[2021-12-21 00:11:40,180] {logging_mixin.py:104} INFO - [2021-12-21 00:11:40,180] {dagbag.py:496} INFO - Filling up the DagBag from /home/airflow/.local/lib/python3.8/site-packages/airflow/example_dags/example_latest_only.py
[2021-12-21 00:11:40,224] {scheduler_job.py:643} INFO - DAG(s) dict_keys(['latest_only']) retrieved from /home/airflow/.local/lib/python3.8/site-packages/airflow/example_dags/example_latest_only.py
[2021-12-21 00:11:40,284] {logging_mixin.py:104} INFO - [2021-12-21 00:11:40,283] {dag.py:1833} INFO - Sync 1 DAGs
[2021-12-21 00:11:40,315] {logging_mixin.py:104} INFO - [2021-12-21 00:11:40,315] {dag.py:2306} INFO - Setting next_dagrun for latest_only to 2021-12-19 00:00:00+00:00
[2021-12-21 00:11:40,355] {scheduler_job.py:190} INFO - Processing /home/airflow/.local/lib/python3.8/site-packages/airflow/example_dags/example_latest_only.py took 0.192 seconds
[2021-12-21 00:12:10,595] {scheduler_job.py:182} INFO - Started process (PID=10630) to work on /home/airflow/.local/lib/python3.8/site-packages/airflow/example_dags/example_latest_only.py
[2021-12-21 00:12:10,602] {scheduler_job.py:633} INFO - Processing file /home/airflow/.local/lib/python3.8/site-packages/airflow/example_dags/example_latest_only.py for tasks to queue
[2021-12-21 00:12:10,607] {logging_mixin.py:104} INFO - [2021-12-21 00:12:10,607] {dagbag.py:496} INFO - Filling up the DagBag from /home/airflow/.local/lib/python3.8/site-packages/airflow/example_dags/example_latest_only.py
[2021-12-21 00:12:10,675] {scheduler_job.py:643} INFO - DAG(s) dict_keys(['latest_only']) retrieved from /home/airflow/.local/lib/python3.8/site-packages/airflow/example_dags/example_latest_only.py
[2021-12-21 00:12:11,088] {logging_mixin.py:104} INFO - [2021-12-21 00:12:11,088] {dag.py:1833} INFO - Sync 1 DAGs
[2021-12-21 00:12:11,157] {logging_mixin.py:104} INFO - [2021-12-21 00:12:11,156] {dag.py:2306} INFO - Setting next_dagrun for latest_only to 2021-12-19 00:00:00+00:00
[2021-12-21 00:12:11,199] {scheduler_job.py:190} INFO - Processing /home/airflow/.local/lib/python3.8/site-packages/airflow/example_dags/example_latest_only.py took 0.639 seconds
[2021-12-21 00:12:41,553] {scheduler_job.py:182} INFO - Started process (PID=10661) to work on /home/airflow/.local/lib/python3.8/site-packages/airflow/example_dags/example_latest_only.py
[2021-12-21 00:12:41,577] {scheduler_job.py:633} INFO - Processing file /home/airflow/.local/lib/python3.8/site-packages/airflow/example_dags/example_latest_only.py for tasks to queue
[2021-12-21 00:12:41,582] {logging_mixin.py:104} INFO - [2021-12-21 00:12:41,581] {dagbag.py:496} INFO - Filling up the DagBag from /home/airflow/.local/lib/python3.8/site-packages/airflow/example_dags/example_latest_only.py
[2021-12-21 00:12:41,642] {scheduler_job.py:643} INFO - DAG(s) dict_keys(['latest_only']) retrieved from /home/airflow/.local/lib/python3.8/site-packages/airflow/example_dags/example_latest_only.py
[2021-12-21 00:12:41,714] {logging_mixin.py:104} INFO - [2021-12-21 00:12:41,714] {dag.py:1833} INFO - Sync 1 DAGs
[2021-12-21 00:12:41,759] {logging_mixin.py:104} INFO - [2021-12-21 00:12:41,759] {dag.py:2306} INFO - Setting next_dagrun for latest_only to 2021-12-19 00:00:00+00:00
[2021-12-21 00:12:41,803] {scheduler_job.py:190} INFO - Processing /home/airflow/.local/lib/python3.8/site-packages/airflow/example_dags/example_latest_only.py took 0.259 seconds
[2021-12-21 00:13:12,021] {scheduler_job.py:182} INFO - Started process (PID=10692) to work on /home/airflow/.local/lib/python3.8/site-packages/airflow/example_dags/example_latest_only.py
[2021-12-21 00:13:12,026] {scheduler_job.py:633} INFO - Processing file /home/airflow/.local/lib/python3.8/site-packages/airflow/example_dags/example_latest_only.py for tasks to queue
[2021-12-21 00:13:12,028] {logging_mixin.py:104} INFO - [2021-12-21 00:13:12,028] {dagbag.py:496} INFO - Filling up the DagBag from /home/airflow/.local/lib/python3.8/site-packages/airflow/example_dags/example_latest_only.py
[2021-12-21 00:13:12,048] {scheduler_job.py:643} INFO - DAG(s) dict_keys(['latest_only']) retrieved from /home/airflow/.local/lib/python3.8/site-packages/airflow/example_dags/example_latest_only.py
[2021-12-21 00:13:12,146] {logging_mixin.py:104} INFO - [2021-12-21 00:13:12,146] {dag.py:1833} INFO - Sync 1 DAGs
[2021-12-21 00:13:12,170] {logging_mixin.py:104} INFO - [2021-12-21 00:13:12,170] {dag.py:2306} INFO - Setting next_dagrun for latest_only to 2021-12-19 00:00:00+00:00
[2021-12-21 00:13:12,229] {scheduler_job.py:190} INFO - Processing /home/airflow/.local/lib/python3.8/site-packages/airflow/example_dags/example_latest_only.py took 0.228 seconds
[2021-12-21 00:13:42,498] {scheduler_job.py:182} INFO - Started process (PID=10723) to work on /home/airflow/.local/lib/python3.8/site-packages/airflow/example_dags/example_latest_only.py
[2021-12-21 00:13:42,504] {scheduler_job.py:633} INFO - Processing file /home/airflow/.local/lib/python3.8/site-packages/airflow/example_dags/example_latest_only.py for tasks to queue
[2021-12-21 00:13:42,505] {logging_mixin.py:104} INFO - [2021-12-21 00:13:42,505] {dagbag.py:496} INFO - Filling up the DagBag from /home/airflow/.local/lib/python3.8/site-packages/airflow/example_dags/example_latest_only.py
[2021-12-21 00:13:42,528] {scheduler_job.py:643} INFO - DAG(s) dict_keys(['latest_only']) retrieved from /home/airflow/.local/lib/python3.8/site-packages/airflow/example_dags/example_latest_only.py
[2021-12-21 00:13:42,590] {logging_mixin.py:104} INFO - [2021-12-21 00:13:42,590] {dag.py:1833} INFO - Sync 1 DAGs
[2021-12-21 00:13:42,607] {logging_mixin.py:104} INFO - [2021-12-21 00:13:42,607] {dag.py:2306} INFO - Setting next_dagrun for latest_only to 2021-12-19 00:00:00+00:00
[2021-12-21 00:13:42,628] {scheduler_job.py:190} INFO - Processing /home/airflow/.local/lib/python3.8/site-packages/airflow/example_dags/example_latest_only.py took 0.137 seconds
[2021-12-21 00:14:12,703] {scheduler_job.py:182} INFO - Started process (PID=10754) to work on /home/airflow/.local/lib/python3.8/site-packages/airflow/example_dags/example_latest_only.py
[2021-12-21 00:14:12,708] {scheduler_job.py:633} INFO - Processing file /home/airflow/.local/lib/python3.8/site-packages/airflow/example_dags/example_latest_only.py for tasks to queue
[2021-12-21 00:14:12,710] {logging_mixin.py:104} INFO - [2021-12-21 00:14:12,710] {dagbag.py:496} INFO - Filling up the DagBag from /home/airflow/.local/lib/python3.8/site-packages/airflow/example_dags/example_latest_only.py
[2021-12-21 00:14:12,732] {scheduler_job.py:643} INFO - DAG(s) dict_keys(['latest_only']) retrieved from /home/airflow/.local/lib/python3.8/site-packages/airflow/example_dags/example_latest_only.py
[2021-12-21 00:14:12,794] {logging_mixin.py:104} INFO - [2021-12-21 00:14:12,794] {dag.py:1833} INFO - Sync 1 DAGs
[2021-12-21 00:14:12,816] {logging_mixin.py:104} INFO - [2021-12-21 00:14:12,816] {dag.py:2306} INFO - Setting next_dagrun for latest_only to 2021-12-19 00:00:00+00:00
[2021-12-21 00:14:12,838] {scheduler_job.py:190} INFO - Processing /home/airflow/.local/lib/python3.8/site-packages/airflow/example_dags/example_latest_only.py took 0.141 seconds
[2021-12-21 00:14:43,268] {scheduler_job.py:182} INFO - Started process (PID=10784) to work on /home/airflow/.local/lib/python3.8/site-packages/airflow/example_dags/example_latest_only.py
[2021-12-21 00:14:43,272] {scheduler_job.py:633} INFO - Processing file /home/airflow/.local/lib/python3.8/site-packages/airflow/example_dags/example_latest_only.py for tasks to queue
[2021-12-21 00:14:43,281] {logging_mixin.py:104} INFO - [2021-12-21 00:14:43,279] {dagbag.py:496} INFO - Filling up the DagBag from /home/airflow/.local/lib/python3.8/site-packages/airflow/example_dags/example_latest_only.py
[2021-12-21 00:14:43,322] {scheduler_job.py:643} INFO - DAG(s) dict_keys(['latest_only']) retrieved from /home/airflow/.local/lib/python3.8/site-packages/airflow/example_dags/example_latest_only.py
[2021-12-21 00:14:43,391] {logging_mixin.py:104} INFO - [2021-12-21 00:14:43,391] {dag.py:1833} INFO - Sync 1 DAGs
[2021-12-21 00:14:43,420] {logging_mixin.py:104} INFO - [2021-12-21 00:14:43,420] {dag.py:2306} INFO - Setting next_dagrun for latest_only to 2021-12-19 00:00:00+00:00
[2021-12-21 00:14:43,448] {scheduler_job.py:190} INFO - Processing /home/airflow/.local/lib/python3.8/site-packages/airflow/example_dags/example_latest_only.py took 0.190 seconds
[2021-12-21 00:15:13,818] {scheduler_job.py:182} INFO - Started process (PID=10815) to work on /home/airflow/.local/lib/python3.8/site-packages/airflow/example_dags/example_latest_only.py
[2021-12-21 00:15:13,821] {scheduler_job.py:633} INFO - Processing file /home/airflow/.local/lib/python3.8/site-packages/airflow/example_dags/example_latest_only.py for tasks to queue
[2021-12-21 00:15:13,824] {logging_mixin.py:104} INFO - [2021-12-21 00:15:13,824] {dagbag.py:496} INFO - Filling up the DagBag from /home/airflow/.local/lib/python3.8/site-packages/airflow/example_dags/example_latest_only.py
[2021-12-21 00:15:13,852] {scheduler_job.py:643} INFO - DAG(s) dict_keys(['latest_only']) retrieved from /home/airflow/.local/lib/python3.8/site-packages/airflow/example_dags/example_latest_only.py
[2021-12-21 00:15:13,902] {logging_mixin.py:104} INFO - [2021-12-21 00:15:13,902] {dag.py:1833} INFO - Sync 1 DAGs
[2021-12-21 00:15:13,920] {logging_mixin.py:104} INFO - [2021-12-21 00:15:13,919] {dag.py:2306} INFO - Setting next_dagrun for latest_only to 2021-12-19 00:00:00+00:00
[2021-12-21 00:15:13,938] {scheduler_job.py:190} INFO - Processing /home/airflow/.local/lib/python3.8/site-packages/airflow/example_dags/example_latest_only.py took 0.126 seconds
[2021-12-21 00:15:44,317] {scheduler_job.py:182} INFO - Started process (PID=10846) to work on /home/airflow/.local/lib/python3.8/site-packages/airflow/example_dags/example_latest_only.py
[2021-12-21 00:15:44,320] {scheduler_job.py:633} INFO - Processing file /home/airflow/.local/lib/python3.8/site-packages/airflow/example_dags/example_latest_only.py for tasks to queue
[2021-12-21 00:15:44,324] {logging_mixin.py:104} INFO - [2021-12-21 00:15:44,324] {dagbag.py:496} INFO - Filling up the DagBag from /home/airflow/.local/lib/python3.8/site-packages/airflow/example_dags/example_latest_only.py
[2021-12-21 00:15:44,352] {scheduler_job.py:643} INFO - DAG(s) dict_keys(['latest_only']) retrieved from /home/airflow/.local/lib/python3.8/site-packages/airflow/example_dags/example_latest_only.py
[2021-12-21 00:15:44,402] {logging_mixin.py:104} INFO - [2021-12-21 00:15:44,402] {dag.py:1833} INFO - Sync 1 DAGs
[2021-12-21 00:15:44,420] {logging_mixin.py:104} INFO - [2021-12-21 00:15:44,420] {dag.py:2306} INFO - Setting next_dagrun for latest_only to 2021-12-19 00:00:00+00:00
[2021-12-21 00:15:44,449] {scheduler_job.py:190} INFO - Processing /home/airflow/.local/lib/python3.8/site-packages/airflow/example_dags/example_latest_only.py took 0.137 seconds
[2021-12-21 00:16:14,528] {scheduler_job.py:182} INFO - Started process (PID=10877) to work on /home/airflow/.local/lib/python3.8/site-packages/airflow/example_dags/example_latest_only.py
[2021-12-21 00:16:14,531] {scheduler_job.py:633} INFO - Processing file /home/airflow/.local/lib/python3.8/site-packages/airflow/example_dags/example_latest_only.py for tasks to queue
[2021-12-21 00:16:14,534] {logging_mixin.py:104} INFO - [2021-12-21 00:16:14,534] {dagbag.py:496} INFO - Filling up the DagBag from /home/airflow/.local/lib/python3.8/site-packages/airflow/example_dags/example_latest_only.py
[2021-12-21 00:16:14,555] {scheduler_job.py:643} INFO - DAG(s) dict_keys(['latest_only']) retrieved from /home/airflow/.local/lib/python3.8/site-packages/airflow/example_dags/example_latest_only.py
[2021-12-21 00:16:14,613] {logging_mixin.py:104} INFO - [2021-12-21 00:16:14,612] {dag.py:1833} INFO - Sync 1 DAGs
[2021-12-21 00:16:14,650] {logging_mixin.py:104} INFO - [2021-12-21 00:16:14,649] {dag.py:2306} INFO - Setting next_dagrun for latest_only to 2021-12-19 00:00:00+00:00
[2021-12-21 00:16:14,672] {scheduler_job.py:190} INFO - Processing /home/airflow/.local/lib/python3.8/site-packages/airflow/example_dags/example_latest_only.py took 0.149 seconds
[2021-12-21 00:16:44,775] {scheduler_job.py:182} INFO - Started process (PID=10908) to work on /home/airflow/.local/lib/python3.8/site-packages/airflow/example_dags/example_latest_only.py
[2021-12-21 00:16:44,778] {scheduler_job.py:633} INFO - Processing file /home/airflow/.local/lib/python3.8/site-packages/airflow/example_dags/example_latest_only.py for tasks to queue
[2021-12-21 00:16:44,781] {logging_mixin.py:104} INFO - [2021-12-21 00:16:44,780] {dagbag.py:496} INFO - Filling up the DagBag from /home/airflow/.local/lib/python3.8/site-packages/airflow/example_dags/example_latest_only.py
[2021-12-21 00:16:44,798] {scheduler_job.py:643} INFO - DAG(s) dict_keys(['latest_only']) retrieved from /home/airflow/.local/lib/python3.8/site-packages/airflow/example_dags/example_latest_only.py
[2021-12-21 00:16:44,854] {logging_mixin.py:104} INFO - [2021-12-21 00:16:44,854] {dag.py:1833} INFO - Sync 1 DAGs
[2021-12-21 00:16:44,883] {logging_mixin.py:104} INFO - [2021-12-21 00:16:44,883] {dag.py:2306} INFO - Setting next_dagrun for latest_only to 2021-12-19 00:00:00+00:00
[2021-12-21 00:16:44,932] {scheduler_job.py:190} INFO - Processing /home/airflow/.local/lib/python3.8/site-packages/airflow/example_dags/example_latest_only.py took 0.162 seconds
[2021-12-21 00:17:15,167] {scheduler_job.py:182} INFO - Started process (PID=10939) to work on /home/airflow/.local/lib/python3.8/site-packages/airflow/example_dags/example_latest_only.py
[2021-12-21 00:17:15,172] {scheduler_job.py:633} INFO - Processing file /home/airflow/.local/lib/python3.8/site-packages/airflow/example_dags/example_latest_only.py for tasks to queue
[2021-12-21 00:17:15,178] {logging_mixin.py:104} INFO - [2021-12-21 00:17:15,178] {dagbag.py:496} INFO - Filling up the DagBag from /home/airflow/.local/lib/python3.8/site-packages/airflow/example_dags/example_latest_only.py
[2021-12-21 00:17:15,197] {scheduler_job.py:643} INFO - DAG(s) dict_keys(['latest_only']) retrieved from /home/airflow/.local/lib/python3.8/site-packages/airflow/example_dags/example_latest_only.py
[2021-12-21 00:17:15,261] {logging_mixin.py:104} INFO - [2021-12-21 00:17:15,261] {dag.py:1833} INFO - Sync 1 DAGs
[2021-12-21 00:17:15,287] {logging_mixin.py:104} INFO - [2021-12-21 00:17:15,287] {dag.py:2306} INFO - Setting next_dagrun for latest_only to 2021-12-19 00:00:00+00:00
[2021-12-21 00:17:15,313] {scheduler_job.py:190} INFO - Processing /home/airflow/.local/lib/python3.8/site-packages/airflow/example_dags/example_latest_only.py took 0.155 seconds
[2021-12-21 00:17:45,529] {scheduler_job.py:182} INFO - Started process (PID=10969) to work on /home/airflow/.local/lib/python3.8/site-packages/airflow/example_dags/example_latest_only.py
[2021-12-21 00:17:45,532] {scheduler_job.py:633} INFO - Processing file /home/airflow/.local/lib/python3.8/site-packages/airflow/example_dags/example_latest_only.py for tasks to queue
[2021-12-21 00:17:45,534] {logging_mixin.py:104} INFO - [2021-12-21 00:17:45,534] {dagbag.py:496} INFO - Filling up the DagBag from /home/airflow/.local/lib/python3.8/site-packages/airflow/example_dags/example_latest_only.py
[2021-12-21 00:17:45,549] {scheduler_job.py:643} INFO - DAG(s) dict_keys(['latest_only']) retrieved from /home/airflow/.local/lib/python3.8/site-packages/airflow/example_dags/example_latest_only.py
[2021-12-21 00:17:45,599] {logging_mixin.py:104} INFO - [2021-12-21 00:17:45,599] {dag.py:1833} INFO - Sync 1 DAGs
[2021-12-21 00:17:45,621] {logging_mixin.py:104} INFO - [2021-12-21 00:17:45,621] {dag.py:2306} INFO - Setting next_dagrun for latest_only to 2021-12-19 00:00:00+00:00
[2021-12-21 00:17:45,643] {scheduler_job.py:190} INFO - Processing /home/airflow/.local/lib/python3.8/site-packages/airflow/example_dags/example_latest_only.py took 0.118 seconds
[2021-12-21 00:18:15,869] {scheduler_job.py:182} INFO - Started process (PID=11000) to work on /home/airflow/.local/lib/python3.8/site-packages/airflow/example_dags/example_latest_only.py
[2021-12-21 00:18:15,873] {scheduler_job.py:633} INFO - Processing file /home/airflow/.local/lib/python3.8/site-packages/airflow/example_dags/example_latest_only.py for tasks to queue
[2021-12-21 00:18:15,875] {logging_mixin.py:104} INFO - [2021-12-21 00:18:15,875] {dagbag.py:496} INFO - Filling up the DagBag from /home/airflow/.local/lib/python3.8/site-packages/airflow/example_dags/example_latest_only.py
[2021-12-21 00:18:15,905] {scheduler_job.py:643} INFO - DAG(s) dict_keys(['latest_only']) retrieved from /home/airflow/.local/lib/python3.8/site-packages/airflow/example_dags/example_latest_only.py
[2021-12-21 00:18:15,954] {logging_mixin.py:104} INFO - [2021-12-21 00:18:15,954] {dag.py:1833} INFO - Sync 1 DAGs
[2021-12-21 00:18:15,971] {logging_mixin.py:104} INFO - [2021-12-21 00:18:15,970] {dag.py:2306} INFO - Setting next_dagrun for latest_only to 2021-12-19 00:00:00+00:00
[2021-12-21 00:18:15,994] {scheduler_job.py:190} INFO - Processing /home/airflow/.local/lib/python3.8/site-packages/airflow/example_dags/example_latest_only.py took 0.132 seconds
[2021-12-21 00:18:46,228] {scheduler_job.py:182} INFO - Started process (PID=11031) to work on /home/airflow/.local/lib/python3.8/site-packages/airflow/example_dags/example_latest_only.py
[2021-12-21 00:18:46,232] {scheduler_job.py:633} INFO - Processing file /home/airflow/.local/lib/python3.8/site-packages/airflow/example_dags/example_latest_only.py for tasks to queue
[2021-12-21 00:18:46,237] {logging_mixin.py:104} INFO - [2021-12-21 00:18:46,236] {dagbag.py:496} INFO - Filling up the DagBag from /home/airflow/.local/lib/python3.8/site-packages/airflow/example_dags/example_latest_only.py
[2021-12-21 00:18:46,269] {scheduler_job.py:643} INFO - DAG(s) dict_keys(['latest_only']) retrieved from /home/airflow/.local/lib/python3.8/site-packages/airflow/example_dags/example_latest_only.py
[2021-12-21 00:18:46,323] {logging_mixin.py:104} INFO - [2021-12-21 00:18:46,322] {dag.py:1833} INFO - Sync 1 DAGs
[2021-12-21 00:18:46,359] {logging_mixin.py:104} INFO - [2021-12-21 00:18:46,358] {dag.py:2306} INFO - Setting next_dagrun for latest_only to 2021-12-19 00:00:00+00:00
[2021-12-21 00:18:46,391] {scheduler_job.py:190} INFO - Processing /home/airflow/.local/lib/python3.8/site-packages/airflow/example_dags/example_latest_only.py took 0.168 seconds
[2021-12-21 00:19:17,188] {scheduler_job.py:182} INFO - Started process (PID=11062) to work on /home/airflow/.local/lib/python3.8/site-packages/airflow/example_dags/example_latest_only.py
[2021-12-21 00:19:17,200] {scheduler_job.py:633} INFO - Processing file /home/airflow/.local/lib/python3.8/site-packages/airflow/example_dags/example_latest_only.py for tasks to queue
[2021-12-21 00:19:17,205] {logging_mixin.py:104} INFO - [2021-12-21 00:19:17,205] {dagbag.py:496} INFO - Filling up the DagBag from /home/airflow/.local/lib/python3.8/site-packages/airflow/example_dags/example_latest_only.py
[2021-12-21 00:19:17,244] {scheduler_job.py:643} INFO - DAG(s) dict_keys(['latest_only']) retrieved from /home/airflow/.local/lib/python3.8/site-packages/airflow/example_dags/example_latest_only.py
[2021-12-21 00:19:17,323] {logging_mixin.py:104} INFO - [2021-12-21 00:19:17,323] {dag.py:1833} INFO - Sync 1 DAGs
[2021-12-21 00:19:17,380] {logging_mixin.py:104} INFO - [2021-12-21 00:19:17,379] {dag.py:2306} INFO - Setting next_dagrun for latest_only to 2021-12-19 00:00:00+00:00
[2021-12-21 00:19:17,424] {scheduler_job.py:190} INFO - Processing /home/airflow/.local/lib/python3.8/site-packages/airflow/example_dags/example_latest_only.py took 0.259 seconds
[2021-12-21 00:19:47,741] {scheduler_job.py:182} INFO - Started process (PID=11093) to work on /home/airflow/.local/lib/python3.8/site-packages/airflow/example_dags/example_latest_only.py
[2021-12-21 00:19:47,744] {scheduler_job.py:633} INFO - Processing file /home/airflow/.local/lib/python3.8/site-packages/airflow/example_dags/example_latest_only.py for tasks to queue
[2021-12-21 00:19:47,747] {logging_mixin.py:104} INFO - [2021-12-21 00:19:47,747] {dagbag.py:496} INFO - Filling up the DagBag from /home/airflow/.local/lib/python3.8/site-packages/airflow/example_dags/example_latest_only.py
[2021-12-21 00:19:47,772] {scheduler_job.py:643} INFO - DAG(s) dict_keys(['latest_only']) retrieved from /home/airflow/.local/lib/python3.8/site-packages/airflow/example_dags/example_latest_only.py
[2021-12-21 00:19:47,835] {logging_mixin.py:104} INFO - [2021-12-21 00:19:47,834] {dag.py:1833} INFO - Sync 1 DAGs
[2021-12-21 00:19:47,861] {logging_mixin.py:104} INFO - [2021-12-21 00:19:47,861] {dag.py:2306} INFO - Setting next_dagrun for latest_only to 2021-12-19 00:00:00+00:00
[2021-12-21 00:19:47,886] {scheduler_job.py:190} INFO - Processing /home/airflow/.local/lib/python3.8/site-packages/airflow/example_dags/example_latest_only.py took 0.152 seconds
[2021-12-21 00:20:18,702] {scheduler_job.py:182} INFO - Started process (PID=11124) to work on /home/airflow/.local/lib/python3.8/site-packages/airflow/example_dags/example_latest_only.py
[2021-12-21 00:20:18,710] {scheduler_job.py:633} INFO - Processing file /home/airflow/.local/lib/python3.8/site-packages/airflow/example_dags/example_latest_only.py for tasks to queue
[2021-12-21 00:20:18,717] {logging_mixin.py:104} INFO - [2021-12-21 00:20:18,717] {dagbag.py:496} INFO - Filling up the DagBag from /home/airflow/.local/lib/python3.8/site-packages/airflow/example_dags/example_latest_only.py
[2021-12-21 00:20:18,745] {scheduler_job.py:643} INFO - DAG(s) dict_keys(['latest_only']) retrieved from /home/airflow/.local/lib/python3.8/site-packages/airflow/example_dags/example_latest_only.py
[2021-12-21 00:20:18,809] {logging_mixin.py:104} INFO - [2021-12-21 00:20:18,809] {dag.py:1833} INFO - Sync 1 DAGs
[2021-12-21 00:20:18,826] {logging_mixin.py:104} INFO - [2021-12-21 00:20:18,826] {dag.py:2306} INFO - Setting next_dagrun for latest_only to 2021-12-19 00:00:00+00:00
[2021-12-21 00:20:18,857] {scheduler_job.py:190} INFO - Processing /home/airflow/.local/lib/python3.8/site-packages/airflow/example_dags/example_latest_only.py took 0.159 seconds
[2021-12-21 00:20:49,036] {scheduler_job.py:182} INFO - Started process (PID=11155) to work on /home/airflow/.local/lib/python3.8/site-packages/airflow/example_dags/example_latest_only.py
[2021-12-21 00:20:49,049] {scheduler_job.py:633} INFO - Processing file /home/airflow/.local/lib/python3.8/site-packages/airflow/example_dags/example_latest_only.py for tasks to queue
[2021-12-21 00:20:49,053] {logging_mixin.py:104} INFO - [2021-12-21 00:20:49,052] {dagbag.py:496} INFO - Filling up the DagBag from /home/airflow/.local/lib/python3.8/site-packages/airflow/example_dags/example_latest_only.py
[2021-12-21 00:20:49,078] {scheduler_job.py:643} INFO - DAG(s) dict_keys(['latest_only']) retrieved from /home/airflow/.local/lib/python3.8/site-packages/airflow/example_dags/example_latest_only.py
[2021-12-21 00:20:49,185] {logging_mixin.py:104} INFO - [2021-12-21 00:20:49,185] {dag.py:1833} INFO - Sync 1 DAGs
[2021-12-21 00:20:49,213] {logging_mixin.py:104} INFO - [2021-12-21 00:20:49,213] {dag.py:2306} INFO - Setting next_dagrun for latest_only to 2021-12-19 00:00:00+00:00
[2021-12-21 00:20:49,265] {scheduler_job.py:190} INFO - Processing /home/airflow/.local/lib/python3.8/site-packages/airflow/example_dags/example_latest_only.py took 0.237 seconds
[2021-12-21 00:21:19,650] {scheduler_job.py:182} INFO - Started process (PID=11186) to work on /home/airflow/.local/lib/python3.8/site-packages/airflow/example_dags/example_latest_only.py
[2021-12-21 00:21:19,659] {scheduler_job.py:633} INFO - Processing file /home/airflow/.local/lib/python3.8/site-packages/airflow/example_dags/example_latest_only.py for tasks to queue
[2021-12-21 00:21:19,662] {logging_mixin.py:104} INFO - [2021-12-21 00:21:19,662] {dagbag.py:496} INFO - Filling up the DagBag from /home/airflow/.local/lib/python3.8/site-packages/airflow/example_dags/example_latest_only.py
[2021-12-21 00:21:19,697] {scheduler_job.py:643} INFO - DAG(s) dict_keys(['latest_only']) retrieved from /home/airflow/.local/lib/python3.8/site-packages/airflow/example_dags/example_latest_only.py
[2021-12-21 00:21:19,761] {logging_mixin.py:104} INFO - [2021-12-21 00:21:19,760] {dag.py:1833} INFO - Sync 1 DAGs
[2021-12-21 00:21:19,788] {logging_mixin.py:104} INFO - [2021-12-21 00:21:19,788] {dag.py:2306} INFO - Setting next_dagrun for latest_only to 2021-12-19 00:00:00+00:00
[2021-12-21 00:21:19,830] {scheduler_job.py:190} INFO - Processing /home/airflow/.local/lib/python3.8/site-packages/airflow/example_dags/example_latest_only.py took 0.201 seconds
[2021-12-21 00:21:50,059] {scheduler_job.py:182} INFO - Started process (PID=11217) to work on /home/airflow/.local/lib/python3.8/site-packages/airflow/example_dags/example_latest_only.py
[2021-12-21 00:21:50,066] {scheduler_job.py:633} INFO - Processing file /home/airflow/.local/lib/python3.8/site-packages/airflow/example_dags/example_latest_only.py for tasks to queue
[2021-12-21 00:21:50,071] {logging_mixin.py:104} INFO - [2021-12-21 00:21:50,071] {dagbag.py:496} INFO - Filling up the DagBag from /home/airflow/.local/lib/python3.8/site-packages/airflow/example_dags/example_latest_only.py
[2021-12-21 00:21:50,106] {scheduler_job.py:643} INFO - DAG(s) dict_keys(['latest_only']) retrieved from /home/airflow/.local/lib/python3.8/site-packages/airflow/example_dags/example_latest_only.py
[2021-12-21 00:21:50,166] {logging_mixin.py:104} INFO - [2021-12-21 00:21:50,166] {dag.py:1833} INFO - Sync 1 DAGs
[2021-12-21 00:21:50,208] {logging_mixin.py:104} INFO - [2021-12-21 00:21:50,208] {dag.py:2306} INFO - Setting next_dagrun for latest_only to 2021-12-19 00:00:00+00:00
[2021-12-21 00:21:50,239] {scheduler_job.py:190} INFO - Processing /home/airflow/.local/lib/python3.8/site-packages/airflow/example_dags/example_latest_only.py took 0.196 seconds
[2021-12-21 00:22:20,440] {scheduler_job.py:182} INFO - Started process (PID=11248) to work on /home/airflow/.local/lib/python3.8/site-packages/airflow/example_dags/example_latest_only.py
[2021-12-21 00:22:20,448] {scheduler_job.py:633} INFO - Processing file /home/airflow/.local/lib/python3.8/site-packages/airflow/example_dags/example_latest_only.py for tasks to queue
[2021-12-21 00:22:20,451] {logging_mixin.py:104} INFO - [2021-12-21 00:22:20,451] {dagbag.py:496} INFO - Filling up the DagBag from /home/airflow/.local/lib/python3.8/site-packages/airflow/example_dags/example_latest_only.py
[2021-12-21 00:22:20,474] {scheduler_job.py:643} INFO - DAG(s) dict_keys(['latest_only']) retrieved from /home/airflow/.local/lib/python3.8/site-packages/airflow/example_dags/example_latest_only.py
[2021-12-21 00:22:20,557] {logging_mixin.py:104} INFO - [2021-12-21 00:22:20,557] {dag.py:1833} INFO - Sync 1 DAGs
[2021-12-21 00:22:20,576] {logging_mixin.py:104} INFO - [2021-12-21 00:22:20,576] {dag.py:2306} INFO - Setting next_dagrun for latest_only to 2021-12-19 00:00:00+00:00
[2021-12-21 00:22:20,595] {scheduler_job.py:190} INFO - Processing /home/airflow/.local/lib/python3.8/site-packages/airflow/example_dags/example_latest_only.py took 0.166 seconds
[2021-12-21 00:22:50,759] {scheduler_job.py:182} INFO - Started process (PID=11279) to work on /home/airflow/.local/lib/python3.8/site-packages/airflow/example_dags/example_latest_only.py
[2021-12-21 00:22:50,764] {scheduler_job.py:633} INFO - Processing file /home/airflow/.local/lib/python3.8/site-packages/airflow/example_dags/example_latest_only.py for tasks to queue
[2021-12-21 00:22:50,766] {logging_mixin.py:104} INFO - [2021-12-21 00:22:50,766] {dagbag.py:496} INFO - Filling up the DagBag from /home/airflow/.local/lib/python3.8/site-packages/airflow/example_dags/example_latest_only.py
[2021-12-21 00:22:50,788] {scheduler_job.py:643} INFO - DAG(s) dict_keys(['latest_only']) retrieved from /home/airflow/.local/lib/python3.8/site-packages/airflow/example_dags/example_latest_only.py
[2021-12-21 00:22:50,844] {logging_mixin.py:104} INFO - [2021-12-21 00:22:50,844] {dag.py:1833} INFO - Sync 1 DAGs
[2021-12-21 00:22:50,861] {logging_mixin.py:104} INFO - [2021-12-21 00:22:50,861] {dag.py:2306} INFO - Setting next_dagrun for latest_only to 2021-12-19 00:00:00+00:00
[2021-12-21 00:22:50,881] {scheduler_job.py:190} INFO - Processing /home/airflow/.local/lib/python3.8/site-packages/airflow/example_dags/example_latest_only.py took 0.127 seconds
[2021-12-21 00:23:21,404] {scheduler_job.py:182} INFO - Started process (PID=11310) to work on /home/airflow/.local/lib/python3.8/site-packages/airflow/example_dags/example_latest_only.py
[2021-12-21 00:23:21,407] {scheduler_job.py:633} INFO - Processing file /home/airflow/.local/lib/python3.8/site-packages/airflow/example_dags/example_latest_only.py for tasks to queue
[2021-12-21 00:23:21,409] {logging_mixin.py:104} INFO - [2021-12-21 00:23:21,409] {dagbag.py:496} INFO - Filling up the DagBag from /home/airflow/.local/lib/python3.8/site-packages/airflow/example_dags/example_latest_only.py
[2021-12-21 00:23:21,437] {scheduler_job.py:643} INFO - DAG(s) dict_keys(['latest_only']) retrieved from /home/airflow/.local/lib/python3.8/site-packages/airflow/example_dags/example_latest_only.py
[2021-12-21 00:23:21,501] {logging_mixin.py:104} INFO - [2021-12-21 00:23:21,501] {dag.py:1833} INFO - Sync 1 DAGs
[2021-12-21 00:23:21,532] {logging_mixin.py:104} INFO - [2021-12-21 00:23:21,532] {dag.py:2306} INFO - Setting next_dagrun for latest_only to 2021-12-19 00:00:00+00:00
[2021-12-21 00:23:21,554] {scheduler_job.py:190} INFO - Processing /home/airflow/.local/lib/python3.8/site-packages/airflow/example_dags/example_latest_only.py took 0.157 seconds
[2021-12-21 00:23:51,739] {scheduler_job.py:182} INFO - Started process (PID=11341) to work on /home/airflow/.local/lib/python3.8/site-packages/airflow/example_dags/example_latest_only.py
[2021-12-21 00:23:51,743] {scheduler_job.py:633} INFO - Processing file /home/airflow/.local/lib/python3.8/site-packages/airflow/example_dags/example_latest_only.py for tasks to queue
[2021-12-21 00:23:51,745] {logging_mixin.py:104} INFO - [2021-12-21 00:23:51,745] {dagbag.py:496} INFO - Filling up the DagBag from /home/airflow/.local/lib/python3.8/site-packages/airflow/example_dags/example_latest_only.py
[2021-12-21 00:23:51,777] {scheduler_job.py:643} INFO - DAG(s) dict_keys(['latest_only']) retrieved from /home/airflow/.local/lib/python3.8/site-packages/airflow/example_dags/example_latest_only.py
[2021-12-21 00:23:51,853] {logging_mixin.py:104} INFO - [2021-12-21 00:23:51,853] {dag.py:1833} INFO - Sync 1 DAGs
[2021-12-21 00:23:51,870] {logging_mixin.py:104} INFO - [2021-12-21 00:23:51,870] {dag.py:2306} INFO - Setting next_dagrun for latest_only to 2021-12-19 00:00:00+00:00
[2021-12-21 00:23:51,892] {scheduler_job.py:190} INFO - Processing /home/airflow/.local/lib/python3.8/site-packages/airflow/example_dags/example_latest_only.py took 0.160 seconds
[2021-12-21 00:24:22,295] {scheduler_job.py:182} INFO - Started process (PID=11372) to work on /home/airflow/.local/lib/python3.8/site-packages/airflow/example_dags/example_latest_only.py
[2021-12-21 00:24:22,298] {scheduler_job.py:633} INFO - Processing file /home/airflow/.local/lib/python3.8/site-packages/airflow/example_dags/example_latest_only.py for tasks to queue
[2021-12-21 00:24:22,301] {logging_mixin.py:104} INFO - [2021-12-21 00:24:22,301] {dagbag.py:496} INFO - Filling up the DagBag from /home/airflow/.local/lib/python3.8/site-packages/airflow/example_dags/example_latest_only.py
[2021-12-21 00:24:22,319] {scheduler_job.py:643} INFO - DAG(s) dict_keys(['latest_only']) retrieved from /home/airflow/.local/lib/python3.8/site-packages/airflow/example_dags/example_latest_only.py
[2021-12-21 00:24:22,372] {logging_mixin.py:104} INFO - [2021-12-21 00:24:22,372] {dag.py:1833} INFO - Sync 1 DAGs
[2021-12-21 00:24:22,389] {logging_mixin.py:104} INFO - [2021-12-21 00:24:22,389] {dag.py:2306} INFO - Setting next_dagrun for latest_only to 2021-12-19 00:00:00+00:00
[2021-12-21 00:24:22,418] {scheduler_job.py:190} INFO - Processing /home/airflow/.local/lib/python3.8/site-packages/airflow/example_dags/example_latest_only.py took 0.128 seconds
[2021-12-21 00:24:53,128] {scheduler_job.py:182} INFO - Started process (PID=11403) to work on /home/airflow/.local/lib/python3.8/site-packages/airflow/example_dags/example_latest_only.py
[2021-12-21 00:24:53,143] {scheduler_job.py:633} INFO - Processing file /home/airflow/.local/lib/python3.8/site-packages/airflow/example_dags/example_latest_only.py for tasks to queue
[2021-12-21 00:24:53,147] {logging_mixin.py:104} INFO - [2021-12-21 00:24:53,147] {dagbag.py:496} INFO - Filling up the DagBag from /home/airflow/.local/lib/python3.8/site-packages/airflow/example_dags/example_latest_only.py
[2021-12-21 00:24:53,195] {scheduler_job.py:643} INFO - DAG(s) dict_keys(['latest_only']) retrieved from /home/airflow/.local/lib/python3.8/site-packages/airflow/example_dags/example_latest_only.py
[2021-12-21 00:24:53,272] {logging_mixin.py:104} INFO - [2021-12-21 00:24:53,272] {dag.py:1833} INFO - Sync 1 DAGs
[2021-12-21 00:24:53,306] {logging_mixin.py:104} INFO - [2021-12-21 00:24:53,306] {dag.py:2306} INFO - Setting next_dagrun for latest_only to 2021-12-19 00:00:00+00:00
[2021-12-21 00:24:53,334] {scheduler_job.py:190} INFO - Processing /home/airflow/.local/lib/python3.8/site-packages/airflow/example_dags/example_latest_only.py took 0.216 seconds
[2021-12-21 00:25:23,766] {scheduler_job.py:182} INFO - Started process (PID=11433) to work on /home/airflow/.local/lib/python3.8/site-packages/airflow/example_dags/example_latest_only.py
[2021-12-21 00:25:23,773] {scheduler_job.py:633} INFO - Processing file /home/airflow/.local/lib/python3.8/site-packages/airflow/example_dags/example_latest_only.py for tasks to queue
[2021-12-21 00:25:23,780] {logging_mixin.py:104} INFO - [2021-12-21 00:25:23,780] {dagbag.py:496} INFO - Filling up the DagBag from /home/airflow/.local/lib/python3.8/site-packages/airflow/example_dags/example_latest_only.py
[2021-12-21 00:25:23,851] {scheduler_job.py:643} INFO - DAG(s) dict_keys(['latest_only']) retrieved from /home/airflow/.local/lib/python3.8/site-packages/airflow/example_dags/example_latest_only.py
[2021-12-21 00:25:23,918] {logging_mixin.py:104} INFO - [2021-12-21 00:25:23,918] {dag.py:1833} INFO - Sync 1 DAGs
[2021-12-21 00:25:23,949] {logging_mixin.py:104} INFO - [2021-12-21 00:25:23,949] {dag.py:2306} INFO - Setting next_dagrun for latest_only to 2021-12-19 00:00:00+00:00
[2021-12-21 00:25:23,981] {scheduler_job.py:190} INFO - Processing /home/airflow/.local/lib/python3.8/site-packages/airflow/example_dags/example_latest_only.py took 0.224 seconds
[2021-12-21 00:25:55,274] {scheduler_job.py:182} INFO - Started process (PID=11465) to work on /home/airflow/.local/lib/python3.8/site-packages/airflow/example_dags/example_latest_only.py
[2021-12-21 00:25:55,279] {scheduler_job.py:633} INFO - Processing file /home/airflow/.local/lib/python3.8/site-packages/airflow/example_dags/example_latest_only.py for tasks to queue
[2021-12-21 00:25:55,281] {logging_mixin.py:104} INFO - [2021-12-21 00:25:55,281] {dagbag.py:496} INFO - Filling up the DagBag from /home/airflow/.local/lib/python3.8/site-packages/airflow/example_dags/example_latest_only.py
[2021-12-21 00:25:55,305] {scheduler_job.py:643} INFO - DAG(s) dict_keys(['latest_only']) retrieved from /home/airflow/.local/lib/python3.8/site-packages/airflow/example_dags/example_latest_only.py
[2021-12-21 00:25:55,372] {logging_mixin.py:104} INFO - [2021-12-21 00:25:55,372] {dag.py:1833} INFO - Sync 1 DAGs
[2021-12-21 00:25:55,395] {logging_mixin.py:104} INFO - [2021-12-21 00:25:55,394] {dag.py:2306} INFO - Setting next_dagrun for latest_only to 2021-12-19 00:00:00+00:00
[2021-12-21 00:25:55,424] {scheduler_job.py:190} INFO - Processing /home/airflow/.local/lib/python3.8/site-packages/airflow/example_dags/example_latest_only.py took 0.155 seconds
[2021-12-21 00:26:26,212] {scheduler_job.py:182} INFO - Started process (PID=11496) to work on /home/airflow/.local/lib/python3.8/site-packages/airflow/example_dags/example_latest_only.py
[2021-12-21 00:26:26,225] {scheduler_job.py:633} INFO - Processing file /home/airflow/.local/lib/python3.8/site-packages/airflow/example_dags/example_latest_only.py for tasks to queue
[2021-12-21 00:26:26,228] {logging_mixin.py:104} INFO - [2021-12-21 00:26:26,228] {dagbag.py:496} INFO - Filling up the DagBag from /home/airflow/.local/lib/python3.8/site-packages/airflow/example_dags/example_latest_only.py
[2021-12-21 00:26:26,279] {scheduler_job.py:643} INFO - DAG(s) dict_keys(['latest_only']) retrieved from /home/airflow/.local/lib/python3.8/site-packages/airflow/example_dags/example_latest_only.py
[2021-12-21 00:26:26,347] {logging_mixin.py:104} INFO - [2021-12-21 00:26:26,347] {dag.py:1833} INFO - Sync 1 DAGs
[2021-12-21 00:26:26,373] {logging_mixin.py:104} INFO - [2021-12-21 00:26:26,372] {dag.py:2306} INFO - Setting next_dagrun for latest_only to 2021-12-19 00:00:00+00:00
[2021-12-21 00:26:26,409] {scheduler_job.py:190} INFO - Processing /home/airflow/.local/lib/python3.8/site-packages/airflow/example_dags/example_latest_only.py took 0.212 seconds
[2021-12-21 00:26:57,573] {scheduler_job.py:182} INFO - Started process (PID=11527) to work on /home/airflow/.local/lib/python3.8/site-packages/airflow/example_dags/example_latest_only.py
[2021-12-21 00:26:57,586] {scheduler_job.py:633} INFO - Processing file /home/airflow/.local/lib/python3.8/site-packages/airflow/example_dags/example_latest_only.py for tasks to queue
[2021-12-21 00:26:57,594] {logging_mixin.py:104} INFO - [2021-12-21 00:26:57,594] {dagbag.py:496} INFO - Filling up the DagBag from /home/airflow/.local/lib/python3.8/site-packages/airflow/example_dags/example_latest_only.py
[2021-12-21 00:26:57,633] {scheduler_job.py:643} INFO - DAG(s) dict_keys(['latest_only']) retrieved from /home/airflow/.local/lib/python3.8/site-packages/airflow/example_dags/example_latest_only.py
[2021-12-21 00:26:57,715] {logging_mixin.py:104} INFO - [2021-12-21 00:26:57,715] {dag.py:1833} INFO - Sync 1 DAGs
[2021-12-21 00:26:57,784] {logging_mixin.py:104} INFO - [2021-12-21 00:26:57,784] {dag.py:2306} INFO - Setting next_dagrun for latest_only to 2021-12-19 00:00:00+00:00
[2021-12-21 00:26:57,813] {scheduler_job.py:190} INFO - Processing /home/airflow/.local/lib/python3.8/site-packages/airflow/example_dags/example_latest_only.py took 0.246 seconds
[2021-12-21 00:27:28,223] {scheduler_job.py:182} INFO - Started process (PID=11558) to work on /home/airflow/.local/lib/python3.8/site-packages/airflow/example_dags/example_latest_only.py
[2021-12-21 00:27:28,229] {scheduler_job.py:633} INFO - Processing file /home/airflow/.local/lib/python3.8/site-packages/airflow/example_dags/example_latest_only.py for tasks to queue
[2021-12-21 00:27:28,235] {logging_mixin.py:104} INFO - [2021-12-21 00:27:28,234] {dagbag.py:496} INFO - Filling up the DagBag from /home/airflow/.local/lib/python3.8/site-packages/airflow/example_dags/example_latest_only.py
[2021-12-21 00:27:28,265] {scheduler_job.py:643} INFO - DAG(s) dict_keys(['latest_only']) retrieved from /home/airflow/.local/lib/python3.8/site-packages/airflow/example_dags/example_latest_only.py
[2021-12-21 00:27:28,329] {logging_mixin.py:104} INFO - [2021-12-21 00:27:28,329] {dag.py:1833} INFO - Sync 1 DAGs
[2021-12-21 00:27:28,348] {logging_mixin.py:104} INFO - [2021-12-21 00:27:28,348] {dag.py:2306} INFO - Setting next_dagrun for latest_only to 2021-12-19 00:00:00+00:00
[2021-12-21 00:27:28,376] {scheduler_job.py:190} INFO - Processing /home/airflow/.local/lib/python3.8/site-packages/airflow/example_dags/example_latest_only.py took 0.162 seconds
[2021-12-21 00:27:59,346] {scheduler_job.py:182} INFO - Started process (PID=11589) to work on /home/airflow/.local/lib/python3.8/site-packages/airflow/example_dags/example_latest_only.py
[2021-12-21 00:27:59,351] {scheduler_job.py:633} INFO - Processing file /home/airflow/.local/lib/python3.8/site-packages/airflow/example_dags/example_latest_only.py for tasks to queue
[2021-12-21 00:27:59,355] {logging_mixin.py:104} INFO - [2021-12-21 00:27:59,355] {dagbag.py:496} INFO - Filling up the DagBag from /home/airflow/.local/lib/python3.8/site-packages/airflow/example_dags/example_latest_only.py
[2021-12-21 00:27:59,391] {scheduler_job.py:643} INFO - DAG(s) dict_keys(['latest_only']) retrieved from /home/airflow/.local/lib/python3.8/site-packages/airflow/example_dags/example_latest_only.py
[2021-12-21 00:27:59,489] {logging_mixin.py:104} INFO - [2021-12-21 00:27:59,489] {dag.py:1833} INFO - Sync 1 DAGs
[2021-12-21 00:27:59,533] {logging_mixin.py:104} INFO - [2021-12-21 00:27:59,533] {dag.py:2306} INFO - Setting next_dagrun for latest_only to 2021-12-19 00:00:00+00:00
[2021-12-21 00:27:59,627] {scheduler_job.py:190} INFO - Processing /home/airflow/.local/lib/python3.8/site-packages/airflow/example_dags/example_latest_only.py took 0.290 seconds
[2021-12-21 00:28:30,986] {scheduler_job.py:182} INFO - Started process (PID=11620) to work on /home/airflow/.local/lib/python3.8/site-packages/airflow/example_dags/example_latest_only.py
[2021-12-21 00:28:30,989] {scheduler_job.py:633} INFO - Processing file /home/airflow/.local/lib/python3.8/site-packages/airflow/example_dags/example_latest_only.py for tasks to queue
[2021-12-21 00:28:30,992] {logging_mixin.py:104} INFO - [2021-12-21 00:28:30,992] {dagbag.py:496} INFO - Filling up the DagBag from /home/airflow/.local/lib/python3.8/site-packages/airflow/example_dags/example_latest_only.py
[2021-12-21 00:28:31,059] {scheduler_job.py:643} INFO - DAG(s) dict_keys(['latest_only']) retrieved from /home/airflow/.local/lib/python3.8/site-packages/airflow/example_dags/example_latest_only.py
[2021-12-21 00:28:31,169] {logging_mixin.py:104} INFO - [2021-12-21 00:28:31,168] {dag.py:1833} INFO - Sync 1 DAGs
[2021-12-21 00:28:31,248] {logging_mixin.py:104} INFO - [2021-12-21 00:28:31,248] {dag.py:2306} INFO - Setting next_dagrun for latest_only to 2021-12-19 00:00:00+00:00
[2021-12-21 00:28:31,292] {scheduler_job.py:190} INFO - Processing /home/airflow/.local/lib/python3.8/site-packages/airflow/example_dags/example_latest_only.py took 0.311 seconds
[2021-12-21 00:29:02,643] {scheduler_job.py:182} INFO - Started process (PID=11653) to work on /home/airflow/.local/lib/python3.8/site-packages/airflow/example_dags/example_latest_only.py
[2021-12-21 00:29:02,650] {scheduler_job.py:633} INFO - Processing file /home/airflow/.local/lib/python3.8/site-packages/airflow/example_dags/example_latest_only.py for tasks to queue
[2021-12-21 00:29:02,654] {logging_mixin.py:104} INFO - [2021-12-21 00:29:02,653] {dagbag.py:496} INFO - Filling up the DagBag from /home/airflow/.local/lib/python3.8/site-packages/airflow/example_dags/example_latest_only.py
[2021-12-21 00:29:02,758] {scheduler_job.py:643} INFO - DAG(s) dict_keys(['latest_only']) retrieved from /home/airflow/.local/lib/python3.8/site-packages/airflow/example_dags/example_latest_only.py
[2021-12-21 00:29:02,876] {logging_mixin.py:104} INFO - [2021-12-21 00:29:02,876] {dag.py:1833} INFO - Sync 1 DAGs
[2021-12-21 00:29:02,937] {logging_mixin.py:104} INFO - [2021-12-21 00:29:02,937] {dag.py:2306} INFO - Setting next_dagrun for latest_only to 2021-12-19 00:00:00+00:00
[2021-12-21 00:29:02,992] {scheduler_job.py:190} INFO - Processing /home/airflow/.local/lib/python3.8/site-packages/airflow/example_dags/example_latest_only.py took 0.359 seconds
[2021-12-21 00:29:33,207] {scheduler_job.py:182} INFO - Started process (PID=11684) to work on /home/airflow/.local/lib/python3.8/site-packages/airflow/example_dags/example_latest_only.py
[2021-12-21 00:29:33,211] {scheduler_job.py:633} INFO - Processing file /home/airflow/.local/lib/python3.8/site-packages/airflow/example_dags/example_latest_only.py for tasks to queue
[2021-12-21 00:29:33,215] {logging_mixin.py:104} INFO - [2021-12-21 00:29:33,215] {dagbag.py:496} INFO - Filling up the DagBag from /home/airflow/.local/lib/python3.8/site-packages/airflow/example_dags/example_latest_only.py
[2021-12-21 00:29:33,286] {scheduler_job.py:643} INFO - DAG(s) dict_keys(['latest_only']) retrieved from /home/airflow/.local/lib/python3.8/site-packages/airflow/example_dags/example_latest_only.py
[2021-12-21 00:29:33,342] {logging_mixin.py:104} INFO - [2021-12-21 00:29:33,342] {dag.py:1833} INFO - Sync 1 DAGs
[2021-12-21 00:29:33,365] {logging_mixin.py:104} INFO - [2021-12-21 00:29:33,365] {dag.py:2306} INFO - Setting next_dagrun for latest_only to 2021-12-19 00:00:00+00:00
[2021-12-21 00:29:33,390] {scheduler_job.py:190} INFO - Processing /home/airflow/.local/lib/python3.8/site-packages/airflow/example_dags/example_latest_only.py took 0.200 seconds
[2021-12-21 00:30:04,634] {scheduler_job.py:182} INFO - Started process (PID=11714) to work on /home/airflow/.local/lib/python3.8/site-packages/airflow/example_dags/example_latest_only.py
[2021-12-21 00:30:04,644] {scheduler_job.py:633} INFO - Processing file /home/airflow/.local/lib/python3.8/site-packages/airflow/example_dags/example_latest_only.py for tasks to queue
[2021-12-21 00:30:04,651] {logging_mixin.py:104} INFO - [2021-12-21 00:30:04,650] {dagbag.py:496} INFO - Filling up the DagBag from /home/airflow/.local/lib/python3.8/site-packages/airflow/example_dags/example_latest_only.py
[2021-12-21 00:30:04,681] {scheduler_job.py:643} INFO - DAG(s) dict_keys(['latest_only']) retrieved from /home/airflow/.local/lib/python3.8/site-packages/airflow/example_dags/example_latest_only.py
[2021-12-21 00:30:04,732] {logging_mixin.py:104} INFO - [2021-12-21 00:30:04,732] {dag.py:1833} INFO - Sync 1 DAGs
[2021-12-21 00:30:04,754] {logging_mixin.py:104} INFO - [2021-12-21 00:30:04,754] {dag.py:2306} INFO - Setting next_dagrun for latest_only to 2021-12-19 00:00:00+00:00
[2021-12-21 00:30:04,779] {scheduler_job.py:190} INFO - Processing /home/airflow/.local/lib/python3.8/site-packages/airflow/example_dags/example_latest_only.py took 0.162 seconds
[2021-12-21 00:30:35,400] {scheduler_job.py:182} INFO - Started process (PID=11745) to work on /home/airflow/.local/lib/python3.8/site-packages/airflow/example_dags/example_latest_only.py
[2021-12-21 00:30:35,403] {scheduler_job.py:633} INFO - Processing file /home/airflow/.local/lib/python3.8/site-packages/airflow/example_dags/example_latest_only.py for tasks to queue
[2021-12-21 00:30:35,406] {logging_mixin.py:104} INFO - [2021-12-21 00:30:35,406] {dagbag.py:496} INFO - Filling up the DagBag from /home/airflow/.local/lib/python3.8/site-packages/airflow/example_dags/example_latest_only.py
[2021-12-21 00:30:35,425] {scheduler_job.py:643} INFO - DAG(s) dict_keys(['latest_only']) retrieved from /home/airflow/.local/lib/python3.8/site-packages/airflow/example_dags/example_latest_only.py
[2021-12-21 00:30:35,490] {logging_mixin.py:104} INFO - [2021-12-21 00:30:35,490] {dag.py:1833} INFO - Sync 1 DAGs
[2021-12-21 00:30:35,515] {logging_mixin.py:104} INFO - [2021-12-21 00:30:35,515] {dag.py:2306} INFO - Setting next_dagrun for latest_only to 2021-12-19 00:00:00+00:00
[2021-12-21 00:30:35,544] {scheduler_job.py:190} INFO - Processing /home/airflow/.local/lib/python3.8/site-packages/airflow/example_dags/example_latest_only.py took 0.157 seconds
[2021-12-21 00:39:26,445] {scheduler_job.py:182} INFO - Started process (PID=11791) to work on /home/airflow/.local/lib/python3.8/site-packages/airflow/example_dags/example_latest_only.py
[2021-12-21 00:39:26,451] {scheduler_job.py:633} INFO - Processing file /home/airflow/.local/lib/python3.8/site-packages/airflow/example_dags/example_latest_only.py for tasks to queue
[2021-12-21 00:39:26,457] {logging_mixin.py:104} INFO - [2021-12-21 00:39:26,456] {dagbag.py:496} INFO - Filling up the DagBag from /home/airflow/.local/lib/python3.8/site-packages/airflow/example_dags/example_latest_only.py
[2021-12-21 00:39:26,495] {scheduler_job.py:643} INFO - DAG(s) dict_keys(['latest_only']) retrieved from /home/airflow/.local/lib/python3.8/site-packages/airflow/example_dags/example_latest_only.py
[2021-12-21 00:39:26,567] {logging_mixin.py:104} INFO - [2021-12-21 00:39:26,567] {dag.py:1833} INFO - Sync 1 DAGs
[2021-12-21 00:39:26,601] {logging_mixin.py:104} INFO - [2021-12-21 00:39:26,601] {dag.py:2306} INFO - Setting next_dagrun for latest_only to 2021-12-19 00:00:00+00:00
[2021-12-21 00:39:26,635] {scheduler_job.py:190} INFO - Processing /home/airflow/.local/lib/python3.8/site-packages/airflow/example_dags/example_latest_only.py took 0.206 seconds
[2021-12-21 00:39:58,684] {scheduler_job.py:182} INFO - Started process (PID=11821) to work on /home/airflow/.local/lib/python3.8/site-packages/airflow/example_dags/example_latest_only.py
[2021-12-21 00:39:58,719] {scheduler_job.py:633} INFO - Processing file /home/airflow/.local/lib/python3.8/site-packages/airflow/example_dags/example_latest_only.py for tasks to queue
[2021-12-21 00:39:58,726] {logging_mixin.py:104} INFO - [2021-12-21 00:39:58,726] {dagbag.py:496} INFO - Filling up the DagBag from /home/airflow/.local/lib/python3.8/site-packages/airflow/example_dags/example_latest_only.py
[2021-12-21 00:39:58,853] {scheduler_job.py:643} INFO - DAG(s) dict_keys(['latest_only']) retrieved from /home/airflow/.local/lib/python3.8/site-packages/airflow/example_dags/example_latest_only.py
[2021-12-21 00:39:59,003] {logging_mixin.py:104} INFO - [2021-12-21 00:39:59,003] {dag.py:1833} INFO - Sync 1 DAGs
[2021-12-21 00:39:59,075] {logging_mixin.py:104} INFO - [2021-12-21 00:39:59,074] {dag.py:2306} INFO - Setting next_dagrun for latest_only to 2021-12-19 00:00:00+00:00
[2021-12-21 00:39:59,139] {scheduler_job.py:190} INFO - Processing /home/airflow/.local/lib/python3.8/site-packages/airflow/example_dags/example_latest_only.py took 0.495 seconds
