[2021-12-21 00:00:29,837] {scheduler_job.py:182} INFO - Started process (PID=9925) to work on /home/airflow/.local/lib/python3.8/site-packages/airflow/example_dags/example_complex.py
[2021-12-21 00:00:29,853] {scheduler_job.py:633} INFO - Processing file /home/airflow/.local/lib/python3.8/site-packages/airflow/example_dags/example_complex.py for tasks to queue
[2021-12-21 00:00:29,858] {logging_mixin.py:104} INFO - [2021-12-21 00:00:29,858] {dagbag.py:496} INFO - Filling up the DagBag from /home/airflow/.local/lib/python3.8/site-packages/airflow/example_dags/example_complex.py
[2021-12-21 00:00:29,918] {scheduler_job.py:643} INFO - DAG(s) dict_keys(['example_complex']) retrieved from /home/airflow/.local/lib/python3.8/site-packages/airflow/example_dags/example_complex.py
[2021-12-21 00:00:30,505] {logging_mixin.py:104} INFO - [2021-12-21 00:00:30,504] {dag.py:1833} INFO - Sync 1 DAGs
[2021-12-21 00:00:30,522] {logging_mixin.py:104} INFO - [2021-12-21 00:00:30,522] {dag.py:2306} INFO - Setting next_dagrun for example_complex to None
[2021-12-21 00:00:30,556] {scheduler_job.py:190} INFO - Processing /home/airflow/.local/lib/python3.8/site-packages/airflow/example_dags/example_complex.py took 0.725 seconds
[2021-12-21 00:01:01,147] {scheduler_job.py:182} INFO - Started process (PID=9956) to work on /home/airflow/.local/lib/python3.8/site-packages/airflow/example_dags/example_complex.py
[2021-12-21 00:01:01,152] {scheduler_job.py:633} INFO - Processing file /home/airflow/.local/lib/python3.8/site-packages/airflow/example_dags/example_complex.py for tasks to queue
[2021-12-21 00:01:01,155] {logging_mixin.py:104} INFO - [2021-12-21 00:01:01,155] {dagbag.py:496} INFO - Filling up the DagBag from /home/airflow/.local/lib/python3.8/site-packages/airflow/example_dags/example_complex.py
[2021-12-21 00:01:01,194] {scheduler_job.py:643} INFO - DAG(s) dict_keys(['example_complex']) retrieved from /home/airflow/.local/lib/python3.8/site-packages/airflow/example_dags/example_complex.py
[2021-12-21 00:01:01,285] {logging_mixin.py:104} INFO - [2021-12-21 00:01:01,285] {dag.py:1833} INFO - Sync 1 DAGs
[2021-12-21 00:01:01,304] {logging_mixin.py:104} INFO - [2021-12-21 00:01:01,303] {dag.py:2306} INFO - Setting next_dagrun for example_complex to None
[2021-12-21 00:01:01,333] {scheduler_job.py:190} INFO - Processing /home/airflow/.local/lib/python3.8/site-packages/airflow/example_dags/example_complex.py took 0.192 seconds
[2021-12-21 00:01:31,474] {scheduler_job.py:182} INFO - Started process (PID=9987) to work on /home/airflow/.local/lib/python3.8/site-packages/airflow/example_dags/example_complex.py
[2021-12-21 00:01:31,478] {scheduler_job.py:633} INFO - Processing file /home/airflow/.local/lib/python3.8/site-packages/airflow/example_dags/example_complex.py for tasks to queue
[2021-12-21 00:01:31,486] {logging_mixin.py:104} INFO - [2021-12-21 00:01:31,484] {dagbag.py:496} INFO - Filling up the DagBag from /home/airflow/.local/lib/python3.8/site-packages/airflow/example_dags/example_complex.py
[2021-12-21 00:01:31,529] {scheduler_job.py:643} INFO - DAG(s) dict_keys(['example_complex']) retrieved from /home/airflow/.local/lib/python3.8/site-packages/airflow/example_dags/example_complex.py
[2021-12-21 00:01:31,602] {logging_mixin.py:104} INFO - [2021-12-21 00:01:31,602] {dag.py:1833} INFO - Sync 1 DAGs
[2021-12-21 00:01:31,628] {logging_mixin.py:104} INFO - [2021-12-21 00:01:31,628] {dag.py:2306} INFO - Setting next_dagrun for example_complex to None
[2021-12-21 00:01:31,668] {scheduler_job.py:190} INFO - Processing /home/airflow/.local/lib/python3.8/site-packages/airflow/example_dags/example_complex.py took 0.205 seconds
[2021-12-21 00:02:01,923] {scheduler_job.py:182} INFO - Started process (PID=10017) to work on /home/airflow/.local/lib/python3.8/site-packages/airflow/example_dags/example_complex.py
[2021-12-21 00:02:01,931] {scheduler_job.py:633} INFO - Processing file /home/airflow/.local/lib/python3.8/site-packages/airflow/example_dags/example_complex.py for tasks to queue
[2021-12-21 00:02:01,934] {logging_mixin.py:104} INFO - [2021-12-21 00:02:01,934] {dagbag.py:496} INFO - Filling up the DagBag from /home/airflow/.local/lib/python3.8/site-packages/airflow/example_dags/example_complex.py
[2021-12-21 00:02:02,047] {scheduler_job.py:643} INFO - DAG(s) dict_keys(['example_complex']) retrieved from /home/airflow/.local/lib/python3.8/site-packages/airflow/example_dags/example_complex.py
[2021-12-21 00:02:02,117] {logging_mixin.py:104} INFO - [2021-12-21 00:02:02,116] {dag.py:1833} INFO - Sync 1 DAGs
[2021-12-21 00:02:02,133] {logging_mixin.py:104} INFO - [2021-12-21 00:02:02,133] {dag.py:2306} INFO - Setting next_dagrun for example_complex to None
[2021-12-21 00:02:02,166] {scheduler_job.py:190} INFO - Processing /home/airflow/.local/lib/python3.8/site-packages/airflow/example_dags/example_complex.py took 0.251 seconds
[2021-12-21 00:02:32,252] {scheduler_job.py:182} INFO - Started process (PID=10047) to work on /home/airflow/.local/lib/python3.8/site-packages/airflow/example_dags/example_complex.py
[2021-12-21 00:02:32,261] {scheduler_job.py:633} INFO - Processing file /home/airflow/.local/lib/python3.8/site-packages/airflow/example_dags/example_complex.py for tasks to queue
[2021-12-21 00:02:32,264] {logging_mixin.py:104} INFO - [2021-12-21 00:02:32,264] {dagbag.py:496} INFO - Filling up the DagBag from /home/airflow/.local/lib/python3.8/site-packages/airflow/example_dags/example_complex.py
[2021-12-21 00:02:32,299] {scheduler_job.py:643} INFO - DAG(s) dict_keys(['example_complex']) retrieved from /home/airflow/.local/lib/python3.8/site-packages/airflow/example_dags/example_complex.py
[2021-12-21 00:02:32,399] {logging_mixin.py:104} INFO - [2021-12-21 00:02:32,399] {dag.py:1833} INFO - Sync 1 DAGs
[2021-12-21 00:02:32,448] {logging_mixin.py:104} INFO - [2021-12-21 00:02:32,448] {dag.py:2306} INFO - Setting next_dagrun for example_complex to None
[2021-12-21 00:02:32,547] {scheduler_job.py:190} INFO - Processing /home/airflow/.local/lib/python3.8/site-packages/airflow/example_dags/example_complex.py took 0.306 seconds
[2021-12-21 00:03:02,631] {scheduler_job.py:182} INFO - Started process (PID=10078) to work on /home/airflow/.local/lib/python3.8/site-packages/airflow/example_dags/example_complex.py
[2021-12-21 00:03:02,635] {scheduler_job.py:633} INFO - Processing file /home/airflow/.local/lib/python3.8/site-packages/airflow/example_dags/example_complex.py for tasks to queue
[2021-12-21 00:03:02,637] {logging_mixin.py:104} INFO - [2021-12-21 00:03:02,637] {dagbag.py:496} INFO - Filling up the DagBag from /home/airflow/.local/lib/python3.8/site-packages/airflow/example_dags/example_complex.py
[2021-12-21 00:03:02,685] {scheduler_job.py:643} INFO - DAG(s) dict_keys(['example_complex']) retrieved from /home/airflow/.local/lib/python3.8/site-packages/airflow/example_dags/example_complex.py
[2021-12-21 00:03:02,754] {logging_mixin.py:104} INFO - [2021-12-21 00:03:02,754] {dag.py:1833} INFO - Sync 1 DAGs
[2021-12-21 00:03:02,783] {logging_mixin.py:104} INFO - [2021-12-21 00:03:02,783] {dag.py:2306} INFO - Setting next_dagrun for example_complex to None
[2021-12-21 00:03:02,814] {scheduler_job.py:190} INFO - Processing /home/airflow/.local/lib/python3.8/site-packages/airflow/example_dags/example_complex.py took 0.188 seconds
[2021-12-21 00:03:33,282] {scheduler_job.py:182} INFO - Started process (PID=10109) to work on /home/airflow/.local/lib/python3.8/site-packages/airflow/example_dags/example_complex.py
[2021-12-21 00:03:33,285] {scheduler_job.py:633} INFO - Processing file /home/airflow/.local/lib/python3.8/site-packages/airflow/example_dags/example_complex.py for tasks to queue
[2021-12-21 00:03:33,293] {logging_mixin.py:104} INFO - [2021-12-21 00:03:33,292] {dagbag.py:496} INFO - Filling up the DagBag from /home/airflow/.local/lib/python3.8/site-packages/airflow/example_dags/example_complex.py
[2021-12-21 00:03:33,340] {scheduler_job.py:643} INFO - DAG(s) dict_keys(['example_complex']) retrieved from /home/airflow/.local/lib/python3.8/site-packages/airflow/example_dags/example_complex.py
[2021-12-21 00:03:33,392] {logging_mixin.py:104} INFO - [2021-12-21 00:03:33,392] {dag.py:1833} INFO - Sync 1 DAGs
[2021-12-21 00:03:33,411] {logging_mixin.py:104} INFO - [2021-12-21 00:03:33,410] {dag.py:2306} INFO - Setting next_dagrun for example_complex to None
[2021-12-21 00:03:33,459] {scheduler_job.py:190} INFO - Processing /home/airflow/.local/lib/python3.8/site-packages/airflow/example_dags/example_complex.py took 0.183 seconds
[2021-12-21 00:04:03,742] {scheduler_job.py:182} INFO - Started process (PID=10140) to work on /home/airflow/.local/lib/python3.8/site-packages/airflow/example_dags/example_complex.py
[2021-12-21 00:04:03,747] {scheduler_job.py:633} INFO - Processing file /home/airflow/.local/lib/python3.8/site-packages/airflow/example_dags/example_complex.py for tasks to queue
[2021-12-21 00:04:03,750] {logging_mixin.py:104} INFO - [2021-12-21 00:04:03,750] {dagbag.py:496} INFO - Filling up the DagBag from /home/airflow/.local/lib/python3.8/site-packages/airflow/example_dags/example_complex.py
[2021-12-21 00:04:03,786] {scheduler_job.py:643} INFO - DAG(s) dict_keys(['example_complex']) retrieved from /home/airflow/.local/lib/python3.8/site-packages/airflow/example_dags/example_complex.py
[2021-12-21 00:04:03,890] {logging_mixin.py:104} INFO - [2021-12-21 00:04:03,890] {dag.py:1833} INFO - Sync 1 DAGs
[2021-12-21 00:04:03,912] {logging_mixin.py:104} INFO - [2021-12-21 00:04:03,912] {dag.py:2306} INFO - Setting next_dagrun for example_complex to None
[2021-12-21 00:04:03,942] {scheduler_job.py:190} INFO - Processing /home/airflow/.local/lib/python3.8/site-packages/airflow/example_dags/example_complex.py took 0.212 seconds
[2021-12-21 00:04:34,377] {scheduler_job.py:182} INFO - Started process (PID=10171) to work on /home/airflow/.local/lib/python3.8/site-packages/airflow/example_dags/example_complex.py
[2021-12-21 00:04:34,381] {scheduler_job.py:633} INFO - Processing file /home/airflow/.local/lib/python3.8/site-packages/airflow/example_dags/example_complex.py for tasks to queue
[2021-12-21 00:04:34,384] {logging_mixin.py:104} INFO - [2021-12-21 00:04:34,384] {dagbag.py:496} INFO - Filling up the DagBag from /home/airflow/.local/lib/python3.8/site-packages/airflow/example_dags/example_complex.py
[2021-12-21 00:04:34,419] {scheduler_job.py:643} INFO - DAG(s) dict_keys(['example_complex']) retrieved from /home/airflow/.local/lib/python3.8/site-packages/airflow/example_dags/example_complex.py
[2021-12-21 00:04:34,480] {logging_mixin.py:104} INFO - [2021-12-21 00:04:34,480] {dag.py:1833} INFO - Sync 1 DAGs
[2021-12-21 00:04:34,498] {logging_mixin.py:104} INFO - [2021-12-21 00:04:34,498] {dag.py:2306} INFO - Setting next_dagrun for example_complex to None
[2021-12-21 00:04:34,523] {scheduler_job.py:190} INFO - Processing /home/airflow/.local/lib/python3.8/site-packages/airflow/example_dags/example_complex.py took 0.159 seconds
[2021-12-21 00:05:04,651] {scheduler_job.py:182} INFO - Started process (PID=10201) to work on /home/airflow/.local/lib/python3.8/site-packages/airflow/example_dags/example_complex.py
[2021-12-21 00:05:04,659] {scheduler_job.py:633} INFO - Processing file /home/airflow/.local/lib/python3.8/site-packages/airflow/example_dags/example_complex.py for tasks to queue
[2021-12-21 00:05:04,664] {logging_mixin.py:104} INFO - [2021-12-21 00:05:04,664] {dagbag.py:496} INFO - Filling up the DagBag from /home/airflow/.local/lib/python3.8/site-packages/airflow/example_dags/example_complex.py
[2021-12-21 00:05:04,701] {scheduler_job.py:643} INFO - DAG(s) dict_keys(['example_complex']) retrieved from /home/airflow/.local/lib/python3.8/site-packages/airflow/example_dags/example_complex.py
[2021-12-21 00:05:04,785] {logging_mixin.py:104} INFO - [2021-12-21 00:05:04,785] {dag.py:1833} INFO - Sync 1 DAGs
[2021-12-21 00:05:04,801] {logging_mixin.py:104} INFO - [2021-12-21 00:05:04,801] {dag.py:2306} INFO - Setting next_dagrun for example_complex to None
[2021-12-21 00:05:04,821] {scheduler_job.py:190} INFO - Processing /home/airflow/.local/lib/python3.8/site-packages/airflow/example_dags/example_complex.py took 0.179 seconds
[2021-12-21 00:05:35,357] {scheduler_job.py:182} INFO - Started process (PID=10233) to work on /home/airflow/.local/lib/python3.8/site-packages/airflow/example_dags/example_complex.py
[2021-12-21 00:05:35,364] {scheduler_job.py:633} INFO - Processing file /home/airflow/.local/lib/python3.8/site-packages/airflow/example_dags/example_complex.py for tasks to queue
[2021-12-21 00:05:35,368] {logging_mixin.py:104} INFO - [2021-12-21 00:05:35,368] {dagbag.py:496} INFO - Filling up the DagBag from /home/airflow/.local/lib/python3.8/site-packages/airflow/example_dags/example_complex.py
[2021-12-21 00:05:35,415] {scheduler_job.py:643} INFO - DAG(s) dict_keys(['example_complex']) retrieved from /home/airflow/.local/lib/python3.8/site-packages/airflow/example_dags/example_complex.py
[2021-12-21 00:05:35,478] {logging_mixin.py:104} INFO - [2021-12-21 00:05:35,478] {dag.py:1833} INFO - Sync 1 DAGs
[2021-12-21 00:05:35,509] {logging_mixin.py:104} INFO - [2021-12-21 00:05:35,508] {dag.py:2306} INFO - Setting next_dagrun for example_complex to None
[2021-12-21 00:05:35,550] {scheduler_job.py:190} INFO - Processing /home/airflow/.local/lib/python3.8/site-packages/airflow/example_dags/example_complex.py took 0.203 seconds
[2021-12-21 00:06:05,730] {scheduler_job.py:182} INFO - Started process (PID=10264) to work on /home/airflow/.local/lib/python3.8/site-packages/airflow/example_dags/example_complex.py
[2021-12-21 00:06:05,736] {scheduler_job.py:633} INFO - Processing file /home/airflow/.local/lib/python3.8/site-packages/airflow/example_dags/example_complex.py for tasks to queue
[2021-12-21 00:06:05,739] {logging_mixin.py:104} INFO - [2021-12-21 00:06:05,739] {dagbag.py:496} INFO - Filling up the DagBag from /home/airflow/.local/lib/python3.8/site-packages/airflow/example_dags/example_complex.py
[2021-12-21 00:06:05,782] {scheduler_job.py:643} INFO - DAG(s) dict_keys(['example_complex']) retrieved from /home/airflow/.local/lib/python3.8/site-packages/airflow/example_dags/example_complex.py
[2021-12-21 00:06:05,837] {logging_mixin.py:104} INFO - [2021-12-21 00:06:05,837] {dag.py:1833} INFO - Sync 1 DAGs
[2021-12-21 00:06:05,852] {logging_mixin.py:104} INFO - [2021-12-21 00:06:05,852] {dag.py:2306} INFO - Setting next_dagrun for example_complex to None
[2021-12-21 00:06:05,875] {scheduler_job.py:190} INFO - Processing /home/airflow/.local/lib/python3.8/site-packages/airflow/example_dags/example_complex.py took 0.150 seconds
[2021-12-21 00:06:36,028] {scheduler_job.py:182} INFO - Started process (PID=10295) to work on /home/airflow/.local/lib/python3.8/site-packages/airflow/example_dags/example_complex.py
[2021-12-21 00:06:36,031] {scheduler_job.py:633} INFO - Processing file /home/airflow/.local/lib/python3.8/site-packages/airflow/example_dags/example_complex.py for tasks to queue
[2021-12-21 00:06:36,034] {logging_mixin.py:104} INFO - [2021-12-21 00:06:36,034] {dagbag.py:496} INFO - Filling up the DagBag from /home/airflow/.local/lib/python3.8/site-packages/airflow/example_dags/example_complex.py
[2021-12-21 00:06:36,061] {scheduler_job.py:643} INFO - DAG(s) dict_keys(['example_complex']) retrieved from /home/airflow/.local/lib/python3.8/site-packages/airflow/example_dags/example_complex.py
[2021-12-21 00:06:36,112] {logging_mixin.py:104} INFO - [2021-12-21 00:06:36,111] {dag.py:1833} INFO - Sync 1 DAGs
[2021-12-21 00:06:36,131] {logging_mixin.py:104} INFO - [2021-12-21 00:06:36,131] {dag.py:2306} INFO - Setting next_dagrun for example_complex to None
[2021-12-21 00:06:36,155] {scheduler_job.py:190} INFO - Processing /home/airflow/.local/lib/python3.8/site-packages/airflow/example_dags/example_complex.py took 0.137 seconds
[2021-12-21 00:07:06,314] {scheduler_job.py:182} INFO - Started process (PID=10325) to work on /home/airflow/.local/lib/python3.8/site-packages/airflow/example_dags/example_complex.py
[2021-12-21 00:07:06,327] {scheduler_job.py:633} INFO - Processing file /home/airflow/.local/lib/python3.8/site-packages/airflow/example_dags/example_complex.py for tasks to queue
[2021-12-21 00:07:06,330] {logging_mixin.py:104} INFO - [2021-12-21 00:07:06,330] {dagbag.py:496} INFO - Filling up the DagBag from /home/airflow/.local/lib/python3.8/site-packages/airflow/example_dags/example_complex.py
[2021-12-21 00:07:06,406] {scheduler_job.py:643} INFO - DAG(s) dict_keys(['example_complex']) retrieved from /home/airflow/.local/lib/python3.8/site-packages/airflow/example_dags/example_complex.py
[2021-12-21 00:07:06,528] {logging_mixin.py:104} INFO - [2021-12-21 00:07:06,528] {dag.py:1833} INFO - Sync 1 DAGs
[2021-12-21 00:07:06,547] {logging_mixin.py:104} INFO - [2021-12-21 00:07:06,547] {dag.py:2306} INFO - Setting next_dagrun for example_complex to None
[2021-12-21 00:07:06,571] {scheduler_job.py:190} INFO - Processing /home/airflow/.local/lib/python3.8/site-packages/airflow/example_dags/example_complex.py took 0.267 seconds
[2021-12-21 00:07:37,313] {scheduler_job.py:182} INFO - Started process (PID=10356) to work on /home/airflow/.local/lib/python3.8/site-packages/airflow/example_dags/example_complex.py
[2021-12-21 00:07:37,318] {scheduler_job.py:633} INFO - Processing file /home/airflow/.local/lib/python3.8/site-packages/airflow/example_dags/example_complex.py for tasks to queue
[2021-12-21 00:07:37,322] {logging_mixin.py:104} INFO - [2021-12-21 00:07:37,322] {dagbag.py:496} INFO - Filling up the DagBag from /home/airflow/.local/lib/python3.8/site-packages/airflow/example_dags/example_complex.py
[2021-12-21 00:07:37,363] {scheduler_job.py:643} INFO - DAG(s) dict_keys(['example_complex']) retrieved from /home/airflow/.local/lib/python3.8/site-packages/airflow/example_dags/example_complex.py
[2021-12-21 00:07:37,436] {logging_mixin.py:104} INFO - [2021-12-21 00:07:37,436] {dag.py:1833} INFO - Sync 1 DAGs
[2021-12-21 00:07:37,479] {logging_mixin.py:104} INFO - [2021-12-21 00:07:37,478] {dag.py:2306} INFO - Setting next_dagrun for example_complex to None
[2021-12-21 00:07:37,532] {scheduler_job.py:190} INFO - Processing /home/airflow/.local/lib/python3.8/site-packages/airflow/example_dags/example_complex.py took 0.227 seconds
[2021-12-21 00:08:08,150] {scheduler_job.py:182} INFO - Started process (PID=10387) to work on /home/airflow/.local/lib/python3.8/site-packages/airflow/example_dags/example_complex.py
[2021-12-21 00:08:08,155] {scheduler_job.py:633} INFO - Processing file /home/airflow/.local/lib/python3.8/site-packages/airflow/example_dags/example_complex.py for tasks to queue
[2021-12-21 00:08:08,160] {logging_mixin.py:104} INFO - [2021-12-21 00:08:08,158] {dagbag.py:496} INFO - Filling up the DagBag from /home/airflow/.local/lib/python3.8/site-packages/airflow/example_dags/example_complex.py
[2021-12-21 00:08:08,191] {scheduler_job.py:643} INFO - DAG(s) dict_keys(['example_complex']) retrieved from /home/airflow/.local/lib/python3.8/site-packages/airflow/example_dags/example_complex.py
[2021-12-21 00:08:08,257] {logging_mixin.py:104} INFO - [2021-12-21 00:08:08,256] {dag.py:1833} INFO - Sync 1 DAGs
[2021-12-21 00:08:08,284] {logging_mixin.py:104} INFO - [2021-12-21 00:08:08,284] {dag.py:2306} INFO - Setting next_dagrun for example_complex to None
[2021-12-21 00:08:08,342] {scheduler_job.py:190} INFO - Processing /home/airflow/.local/lib/python3.8/site-packages/airflow/example_dags/example_complex.py took 0.196 seconds
[2021-12-21 00:08:38,863] {scheduler_job.py:182} INFO - Started process (PID=10418) to work on /home/airflow/.local/lib/python3.8/site-packages/airflow/example_dags/example_complex.py
[2021-12-21 00:08:38,876] {scheduler_job.py:633} INFO - Processing file /home/airflow/.local/lib/python3.8/site-packages/airflow/example_dags/example_complex.py for tasks to queue
[2021-12-21 00:08:38,881] {logging_mixin.py:104} INFO - [2021-12-21 00:08:38,880] {dagbag.py:496} INFO - Filling up the DagBag from /home/airflow/.local/lib/python3.8/site-packages/airflow/example_dags/example_complex.py
[2021-12-21 00:08:38,997] {scheduler_job.py:643} INFO - DAG(s) dict_keys(['example_complex']) retrieved from /home/airflow/.local/lib/python3.8/site-packages/airflow/example_dags/example_complex.py
[2021-12-21 00:08:39,124] {logging_mixin.py:104} INFO - [2021-12-21 00:08:39,124] {dag.py:1833} INFO - Sync 1 DAGs
[2021-12-21 00:08:39,197] {logging_mixin.py:104} INFO - [2021-12-21 00:08:39,195] {dag.py:2306} INFO - Setting next_dagrun for example_complex to None
[2021-12-21 00:08:39,240] {scheduler_job.py:190} INFO - Processing /home/airflow/.local/lib/python3.8/site-packages/airflow/example_dags/example_complex.py took 0.410 seconds
[2021-12-21 00:09:09,307] {scheduler_job.py:182} INFO - Started process (PID=10449) to work on /home/airflow/.local/lib/python3.8/site-packages/airflow/example_dags/example_complex.py
[2021-12-21 00:09:09,311] {scheduler_job.py:633} INFO - Processing file /home/airflow/.local/lib/python3.8/site-packages/airflow/example_dags/example_complex.py for tasks to queue
[2021-12-21 00:09:09,314] {logging_mixin.py:104} INFO - [2021-12-21 00:09:09,314] {dagbag.py:496} INFO - Filling up the DagBag from /home/airflow/.local/lib/python3.8/site-packages/airflow/example_dags/example_complex.py
[2021-12-21 00:09:09,364] {scheduler_job.py:643} INFO - DAG(s) dict_keys(['example_complex']) retrieved from /home/airflow/.local/lib/python3.8/site-packages/airflow/example_dags/example_complex.py
[2021-12-21 00:09:09,447] {logging_mixin.py:104} INFO - [2021-12-21 00:09:09,447] {dag.py:1833} INFO - Sync 1 DAGs
[2021-12-21 00:09:09,480] {logging_mixin.py:104} INFO - [2021-12-21 00:09:09,479] {dag.py:2306} INFO - Setting next_dagrun for example_complex to None
[2021-12-21 00:09:09,519] {scheduler_job.py:190} INFO - Processing /home/airflow/.local/lib/python3.8/site-packages/airflow/example_dags/example_complex.py took 0.219 seconds
[2021-12-21 00:09:39,974] {scheduler_job.py:182} INFO - Started process (PID=10480) to work on /home/airflow/.local/lib/python3.8/site-packages/airflow/example_dags/example_complex.py
[2021-12-21 00:09:39,976] {scheduler_job.py:633} INFO - Processing file /home/airflow/.local/lib/python3.8/site-packages/airflow/example_dags/example_complex.py for tasks to queue
[2021-12-21 00:09:39,979] {logging_mixin.py:104} INFO - [2021-12-21 00:09:39,978] {dagbag.py:496} INFO - Filling up the DagBag from /home/airflow/.local/lib/python3.8/site-packages/airflow/example_dags/example_complex.py
[2021-12-21 00:09:40,023] {scheduler_job.py:643} INFO - DAG(s) dict_keys(['example_complex']) retrieved from /home/airflow/.local/lib/python3.8/site-packages/airflow/example_dags/example_complex.py
[2021-12-21 00:09:40,102] {logging_mixin.py:104} INFO - [2021-12-21 00:09:40,102] {dag.py:1833} INFO - Sync 1 DAGs
[2021-12-21 00:09:40,119] {logging_mixin.py:104} INFO - [2021-12-21 00:09:40,119] {dag.py:2306} INFO - Setting next_dagrun for example_complex to None
[2021-12-21 00:09:40,148] {scheduler_job.py:190} INFO - Processing /home/airflow/.local/lib/python3.8/site-packages/airflow/example_dags/example_complex.py took 0.180 seconds
[2021-12-21 00:10:11,110] {scheduler_job.py:182} INFO - Started process (PID=10511) to work on /home/airflow/.local/lib/python3.8/site-packages/airflow/example_dags/example_complex.py
[2021-12-21 00:10:11,124] {scheduler_job.py:633} INFO - Processing file /home/airflow/.local/lib/python3.8/site-packages/airflow/example_dags/example_complex.py for tasks to queue
[2021-12-21 00:10:11,131] {logging_mixin.py:104} INFO - [2021-12-21 00:10:11,129] {dagbag.py:496} INFO - Filling up the DagBag from /home/airflow/.local/lib/python3.8/site-packages/airflow/example_dags/example_complex.py
[2021-12-21 00:10:11,206] {scheduler_job.py:643} INFO - DAG(s) dict_keys(['example_complex']) retrieved from /home/airflow/.local/lib/python3.8/site-packages/airflow/example_dags/example_complex.py
[2021-12-21 00:10:11,287] {logging_mixin.py:104} INFO - [2021-12-21 00:10:11,287] {dag.py:1833} INFO - Sync 1 DAGs
[2021-12-21 00:10:11,305] {logging_mixin.py:104} INFO - [2021-12-21 00:10:11,304] {dag.py:2306} INFO - Setting next_dagrun for example_complex to None
[2021-12-21 00:10:11,334] {scheduler_job.py:190} INFO - Processing /home/airflow/.local/lib/python3.8/site-packages/airflow/example_dags/example_complex.py took 0.235 seconds
[2021-12-21 00:10:41,483] {scheduler_job.py:182} INFO - Started process (PID=10541) to work on /home/airflow/.local/lib/python3.8/site-packages/airflow/example_dags/example_complex.py
[2021-12-21 00:10:41,488] {scheduler_job.py:633} INFO - Processing file /home/airflow/.local/lib/python3.8/site-packages/airflow/example_dags/example_complex.py for tasks to queue
[2021-12-21 00:10:41,490] {logging_mixin.py:104} INFO - [2021-12-21 00:10:41,490] {dagbag.py:496} INFO - Filling up the DagBag from /home/airflow/.local/lib/python3.8/site-packages/airflow/example_dags/example_complex.py
[2021-12-21 00:10:41,516] {scheduler_job.py:643} INFO - DAG(s) dict_keys(['example_complex']) retrieved from /home/airflow/.local/lib/python3.8/site-packages/airflow/example_dags/example_complex.py
[2021-12-21 00:10:41,567] {logging_mixin.py:104} INFO - [2021-12-21 00:10:41,567] {dag.py:1833} INFO - Sync 1 DAGs
[2021-12-21 00:10:41,583] {logging_mixin.py:104} INFO - [2021-12-21 00:10:41,582] {dag.py:2306} INFO - Setting next_dagrun for example_complex to None
[2021-12-21 00:10:41,605] {scheduler_job.py:190} INFO - Processing /home/airflow/.local/lib/python3.8/site-packages/airflow/example_dags/example_complex.py took 0.127 seconds
[2021-12-21 00:11:12,293] {scheduler_job.py:182} INFO - Started process (PID=10572) to work on /home/airflow/.local/lib/python3.8/site-packages/airflow/example_dags/example_complex.py
[2021-12-21 00:11:12,296] {scheduler_job.py:633} INFO - Processing file /home/airflow/.local/lib/python3.8/site-packages/airflow/example_dags/example_complex.py for tasks to queue
[2021-12-21 00:11:12,298] {logging_mixin.py:104} INFO - [2021-12-21 00:11:12,298] {dagbag.py:496} INFO - Filling up the DagBag from /home/airflow/.local/lib/python3.8/site-packages/airflow/example_dags/example_complex.py
[2021-12-21 00:11:12,336] {scheduler_job.py:643} INFO - DAG(s) dict_keys(['example_complex']) retrieved from /home/airflow/.local/lib/python3.8/site-packages/airflow/example_dags/example_complex.py
[2021-12-21 00:11:12,393] {logging_mixin.py:104} INFO - [2021-12-21 00:11:12,393] {dag.py:1833} INFO - Sync 1 DAGs
[2021-12-21 00:11:12,413] {logging_mixin.py:104} INFO - [2021-12-21 00:11:12,413] {dag.py:2306} INFO - Setting next_dagrun for example_complex to None
[2021-12-21 00:11:12,436] {scheduler_job.py:190} INFO - Processing /home/airflow/.local/lib/python3.8/site-packages/airflow/example_dags/example_complex.py took 0.152 seconds
[2021-12-21 00:11:42,698] {scheduler_job.py:182} INFO - Started process (PID=10603) to work on /home/airflow/.local/lib/python3.8/site-packages/airflow/example_dags/example_complex.py
[2021-12-21 00:11:42,704] {scheduler_job.py:633} INFO - Processing file /home/airflow/.local/lib/python3.8/site-packages/airflow/example_dags/example_complex.py for tasks to queue
[2021-12-21 00:11:42,708] {logging_mixin.py:104} INFO - [2021-12-21 00:11:42,707] {dagbag.py:496} INFO - Filling up the DagBag from /home/airflow/.local/lib/python3.8/site-packages/airflow/example_dags/example_complex.py
[2021-12-21 00:11:42,759] {scheduler_job.py:643} INFO - DAG(s) dict_keys(['example_complex']) retrieved from /home/airflow/.local/lib/python3.8/site-packages/airflow/example_dags/example_complex.py
[2021-12-21 00:11:42,829] {logging_mixin.py:104} INFO - [2021-12-21 00:11:42,829] {dag.py:1833} INFO - Sync 1 DAGs
[2021-12-21 00:11:42,862] {logging_mixin.py:104} INFO - [2021-12-21 00:11:42,862] {dag.py:2306} INFO - Setting next_dagrun for example_complex to None
[2021-12-21 00:11:42,893] {scheduler_job.py:190} INFO - Processing /home/airflow/.local/lib/python3.8/site-packages/airflow/example_dags/example_complex.py took 0.209 seconds
[2021-12-21 00:12:13,474] {scheduler_job.py:182} INFO - Started process (PID=10634) to work on /home/airflow/.local/lib/python3.8/site-packages/airflow/example_dags/example_complex.py
[2021-12-21 00:12:13,479] {scheduler_job.py:633} INFO - Processing file /home/airflow/.local/lib/python3.8/site-packages/airflow/example_dags/example_complex.py for tasks to queue
[2021-12-21 00:12:13,482] {logging_mixin.py:104} INFO - [2021-12-21 00:12:13,482] {dagbag.py:496} INFO - Filling up the DagBag from /home/airflow/.local/lib/python3.8/site-packages/airflow/example_dags/example_complex.py
[2021-12-21 00:12:13,539] {scheduler_job.py:643} INFO - DAG(s) dict_keys(['example_complex']) retrieved from /home/airflow/.local/lib/python3.8/site-packages/airflow/example_dags/example_complex.py
[2021-12-21 00:12:13,601] {logging_mixin.py:104} INFO - [2021-12-21 00:12:13,601] {dag.py:1833} INFO - Sync 1 DAGs
[2021-12-21 00:12:13,622] {logging_mixin.py:104} INFO - [2021-12-21 00:12:13,621] {dag.py:2306} INFO - Setting next_dagrun for example_complex to None
[2021-12-21 00:12:13,645] {scheduler_job.py:190} INFO - Processing /home/airflow/.local/lib/python3.8/site-packages/airflow/example_dags/example_complex.py took 0.194 seconds
[2021-12-21 00:12:44,002] {scheduler_job.py:182} INFO - Started process (PID=10665) to work on /home/airflow/.local/lib/python3.8/site-packages/airflow/example_dags/example_complex.py
[2021-12-21 00:12:44,013] {scheduler_job.py:633} INFO - Processing file /home/airflow/.local/lib/python3.8/site-packages/airflow/example_dags/example_complex.py for tasks to queue
[2021-12-21 00:12:44,023] {logging_mixin.py:104} INFO - [2021-12-21 00:12:44,021] {dagbag.py:496} INFO - Filling up the DagBag from /home/airflow/.local/lib/python3.8/site-packages/airflow/example_dags/example_complex.py
[2021-12-21 00:12:44,084] {scheduler_job.py:643} INFO - DAG(s) dict_keys(['example_complex']) retrieved from /home/airflow/.local/lib/python3.8/site-packages/airflow/example_dags/example_complex.py
[2021-12-21 00:12:44,161] {logging_mixin.py:104} INFO - [2021-12-21 00:12:44,161] {dag.py:1833} INFO - Sync 1 DAGs
[2021-12-21 00:12:44,195] {logging_mixin.py:104} INFO - [2021-12-21 00:12:44,195] {dag.py:2306} INFO - Setting next_dagrun for example_complex to None
[2021-12-21 00:12:44,221] {scheduler_job.py:190} INFO - Processing /home/airflow/.local/lib/python3.8/site-packages/airflow/example_dags/example_complex.py took 0.227 seconds
[2021-12-21 00:13:14,489] {scheduler_job.py:182} INFO - Started process (PID=10696) to work on /home/airflow/.local/lib/python3.8/site-packages/airflow/example_dags/example_complex.py
[2021-12-21 00:13:14,494] {scheduler_job.py:633} INFO - Processing file /home/airflow/.local/lib/python3.8/site-packages/airflow/example_dags/example_complex.py for tasks to queue
[2021-12-21 00:13:14,497] {logging_mixin.py:104} INFO - [2021-12-21 00:13:14,497] {dagbag.py:496} INFO - Filling up the DagBag from /home/airflow/.local/lib/python3.8/site-packages/airflow/example_dags/example_complex.py
[2021-12-21 00:13:14,548] {scheduler_job.py:643} INFO - DAG(s) dict_keys(['example_complex']) retrieved from /home/airflow/.local/lib/python3.8/site-packages/airflow/example_dags/example_complex.py
[2021-12-21 00:13:14,617] {logging_mixin.py:104} INFO - [2021-12-21 00:13:14,617] {dag.py:1833} INFO - Sync 1 DAGs
[2021-12-21 00:13:14,635] {logging_mixin.py:104} INFO - [2021-12-21 00:13:14,635] {dag.py:2306} INFO - Setting next_dagrun for example_complex to None
[2021-12-21 00:13:14,657] {scheduler_job.py:190} INFO - Processing /home/airflow/.local/lib/python3.8/site-packages/airflow/example_dags/example_complex.py took 0.173 seconds
[2021-12-21 00:13:44,886] {scheduler_job.py:182} INFO - Started process (PID=10727) to work on /home/airflow/.local/lib/python3.8/site-packages/airflow/example_dags/example_complex.py
[2021-12-21 00:13:44,892] {scheduler_job.py:633} INFO - Processing file /home/airflow/.local/lib/python3.8/site-packages/airflow/example_dags/example_complex.py for tasks to queue
[2021-12-21 00:13:44,895] {logging_mixin.py:104} INFO - [2021-12-21 00:13:44,895] {dagbag.py:496} INFO - Filling up the DagBag from /home/airflow/.local/lib/python3.8/site-packages/airflow/example_dags/example_complex.py
[2021-12-21 00:13:44,939] {scheduler_job.py:643} INFO - DAG(s) dict_keys(['example_complex']) retrieved from /home/airflow/.local/lib/python3.8/site-packages/airflow/example_dags/example_complex.py
[2021-12-21 00:13:45,010] {logging_mixin.py:104} INFO - [2021-12-21 00:13:45,010] {dag.py:1833} INFO - Sync 1 DAGs
[2021-12-21 00:13:45,039] {logging_mixin.py:104} INFO - [2021-12-21 00:13:45,039] {dag.py:2306} INFO - Setting next_dagrun for example_complex to None
[2021-12-21 00:13:45,084] {scheduler_job.py:190} INFO - Processing /home/airflow/.local/lib/python3.8/site-packages/airflow/example_dags/example_complex.py took 0.203 seconds
[2021-12-21 00:14:15,395] {scheduler_job.py:182} INFO - Started process (PID=10758) to work on /home/airflow/.local/lib/python3.8/site-packages/airflow/example_dags/example_complex.py
[2021-12-21 00:14:15,402] {scheduler_job.py:633} INFO - Processing file /home/airflow/.local/lib/python3.8/site-packages/airflow/example_dags/example_complex.py for tasks to queue
[2021-12-21 00:14:15,406] {logging_mixin.py:104} INFO - [2021-12-21 00:14:15,406] {dagbag.py:496} INFO - Filling up the DagBag from /home/airflow/.local/lib/python3.8/site-packages/airflow/example_dags/example_complex.py
[2021-12-21 00:14:15,467] {scheduler_job.py:643} INFO - DAG(s) dict_keys(['example_complex']) retrieved from /home/airflow/.local/lib/python3.8/site-packages/airflow/example_dags/example_complex.py
[2021-12-21 00:14:15,553] {logging_mixin.py:104} INFO - [2021-12-21 00:14:15,553] {dag.py:1833} INFO - Sync 1 DAGs
[2021-12-21 00:14:15,577] {logging_mixin.py:104} INFO - [2021-12-21 00:14:15,577] {dag.py:2306} INFO - Setting next_dagrun for example_complex to None
[2021-12-21 00:14:15,603] {scheduler_job.py:190} INFO - Processing /home/airflow/.local/lib/python3.8/site-packages/airflow/example_dags/example_complex.py took 0.219 seconds
[2021-12-21 00:14:45,839] {scheduler_job.py:182} INFO - Started process (PID=10789) to work on /home/airflow/.local/lib/python3.8/site-packages/airflow/example_dags/example_complex.py
[2021-12-21 00:14:45,845] {scheduler_job.py:633} INFO - Processing file /home/airflow/.local/lib/python3.8/site-packages/airflow/example_dags/example_complex.py for tasks to queue
[2021-12-21 00:14:45,849] {logging_mixin.py:104} INFO - [2021-12-21 00:14:45,848] {dagbag.py:496} INFO - Filling up the DagBag from /home/airflow/.local/lib/python3.8/site-packages/airflow/example_dags/example_complex.py
[2021-12-21 00:14:45,889] {scheduler_job.py:643} INFO - DAG(s) dict_keys(['example_complex']) retrieved from /home/airflow/.local/lib/python3.8/site-packages/airflow/example_dags/example_complex.py
[2021-12-21 00:14:45,963] {logging_mixin.py:104} INFO - [2021-12-21 00:14:45,963] {dag.py:1833} INFO - Sync 1 DAGs
[2021-12-21 00:14:45,996] {logging_mixin.py:104} INFO - [2021-12-21 00:14:45,995] {dag.py:2306} INFO - Setting next_dagrun for example_complex to None
[2021-12-21 00:14:46,031] {scheduler_job.py:190} INFO - Processing /home/airflow/.local/lib/python3.8/site-packages/airflow/example_dags/example_complex.py took 0.210 seconds
[2021-12-21 00:15:16,363] {scheduler_job.py:182} INFO - Started process (PID=10820) to work on /home/airflow/.local/lib/python3.8/site-packages/airflow/example_dags/example_complex.py
[2021-12-21 00:15:16,369] {scheduler_job.py:633} INFO - Processing file /home/airflow/.local/lib/python3.8/site-packages/airflow/example_dags/example_complex.py for tasks to queue
[2021-12-21 00:15:16,373] {logging_mixin.py:104} INFO - [2021-12-21 00:15:16,373] {dagbag.py:496} INFO - Filling up the DagBag from /home/airflow/.local/lib/python3.8/site-packages/airflow/example_dags/example_complex.py
[2021-12-21 00:15:16,436] {scheduler_job.py:643} INFO - DAG(s) dict_keys(['example_complex']) retrieved from /home/airflow/.local/lib/python3.8/site-packages/airflow/example_dags/example_complex.py
[2021-12-21 00:15:16,499] {logging_mixin.py:104} INFO - [2021-12-21 00:15:16,499] {dag.py:1833} INFO - Sync 1 DAGs
[2021-12-21 00:15:16,535] {logging_mixin.py:104} INFO - [2021-12-21 00:15:16,535] {dag.py:2306} INFO - Setting next_dagrun for example_complex to None
[2021-12-21 00:15:16,581] {scheduler_job.py:190} INFO - Processing /home/airflow/.local/lib/python3.8/site-packages/airflow/example_dags/example_complex.py took 0.232 seconds
[2021-12-21 00:15:46,731] {scheduler_job.py:182} INFO - Started process (PID=10851) to work on /home/airflow/.local/lib/python3.8/site-packages/airflow/example_dags/example_complex.py
[2021-12-21 00:15:46,738] {scheduler_job.py:633} INFO - Processing file /home/airflow/.local/lib/python3.8/site-packages/airflow/example_dags/example_complex.py for tasks to queue
[2021-12-21 00:15:46,740] {logging_mixin.py:104} INFO - [2021-12-21 00:15:46,740] {dagbag.py:496} INFO - Filling up the DagBag from /home/airflow/.local/lib/python3.8/site-packages/airflow/example_dags/example_complex.py
[2021-12-21 00:15:46,787] {scheduler_job.py:643} INFO - DAG(s) dict_keys(['example_complex']) retrieved from /home/airflow/.local/lib/python3.8/site-packages/airflow/example_dags/example_complex.py
[2021-12-21 00:15:46,846] {logging_mixin.py:104} INFO - [2021-12-21 00:15:46,846] {dag.py:1833} INFO - Sync 1 DAGs
[2021-12-21 00:15:46,872] {logging_mixin.py:104} INFO - [2021-12-21 00:15:46,872] {dag.py:2306} INFO - Setting next_dagrun for example_complex to None
[2021-12-21 00:15:46,905] {scheduler_job.py:190} INFO - Processing /home/airflow/.local/lib/python3.8/site-packages/airflow/example_dags/example_complex.py took 0.188 seconds
[2021-12-21 00:16:16,990] {scheduler_job.py:182} INFO - Started process (PID=10881) to work on /home/airflow/.local/lib/python3.8/site-packages/airflow/example_dags/example_complex.py
[2021-12-21 00:16:16,993] {scheduler_job.py:633} INFO - Processing file /home/airflow/.local/lib/python3.8/site-packages/airflow/example_dags/example_complex.py for tasks to queue
[2021-12-21 00:16:16,995] {logging_mixin.py:104} INFO - [2021-12-21 00:16:16,995] {dagbag.py:496} INFO - Filling up the DagBag from /home/airflow/.local/lib/python3.8/site-packages/airflow/example_dags/example_complex.py
[2021-12-21 00:16:17,030] {scheduler_job.py:643} INFO - DAG(s) dict_keys(['example_complex']) retrieved from /home/airflow/.local/lib/python3.8/site-packages/airflow/example_dags/example_complex.py
[2021-12-21 00:16:17,084] {logging_mixin.py:104} INFO - [2021-12-21 00:16:17,084] {dag.py:1833} INFO - Sync 1 DAGs
[2021-12-21 00:16:17,100] {logging_mixin.py:104} INFO - [2021-12-21 00:16:17,099] {dag.py:2306} INFO - Setting next_dagrun for example_complex to None
[2021-12-21 00:16:17,123] {scheduler_job.py:190} INFO - Processing /home/airflow/.local/lib/python3.8/site-packages/airflow/example_dags/example_complex.py took 0.137 seconds
[2021-12-21 00:16:47,261] {scheduler_job.py:182} INFO - Started process (PID=10912) to work on /home/airflow/.local/lib/python3.8/site-packages/airflow/example_dags/example_complex.py
[2021-12-21 00:16:47,265] {scheduler_job.py:633} INFO - Processing file /home/airflow/.local/lib/python3.8/site-packages/airflow/example_dags/example_complex.py for tasks to queue
[2021-12-21 00:16:47,270] {logging_mixin.py:104} INFO - [2021-12-21 00:16:47,270] {dagbag.py:496} INFO - Filling up the DagBag from /home/airflow/.local/lib/python3.8/site-packages/airflow/example_dags/example_complex.py
[2021-12-21 00:16:47,316] {scheduler_job.py:643} INFO - DAG(s) dict_keys(['example_complex']) retrieved from /home/airflow/.local/lib/python3.8/site-packages/airflow/example_dags/example_complex.py
[2021-12-21 00:16:47,371] {logging_mixin.py:104} INFO - [2021-12-21 00:16:47,371] {dag.py:1833} INFO - Sync 1 DAGs
[2021-12-21 00:16:47,389] {logging_mixin.py:104} INFO - [2021-12-21 00:16:47,389] {dag.py:2306} INFO - Setting next_dagrun for example_complex to None
[2021-12-21 00:16:47,417] {scheduler_job.py:190} INFO - Processing /home/airflow/.local/lib/python3.8/site-packages/airflow/example_dags/example_complex.py took 0.160 seconds
[2021-12-21 00:17:17,851] {scheduler_job.py:182} INFO - Started process (PID=10943) to work on /home/airflow/.local/lib/python3.8/site-packages/airflow/example_dags/example_complex.py
[2021-12-21 00:17:17,857] {scheduler_job.py:633} INFO - Processing file /home/airflow/.local/lib/python3.8/site-packages/airflow/example_dags/example_complex.py for tasks to queue
[2021-12-21 00:17:17,861] {logging_mixin.py:104} INFO - [2021-12-21 00:17:17,861] {dagbag.py:496} INFO - Filling up the DagBag from /home/airflow/.local/lib/python3.8/site-packages/airflow/example_dags/example_complex.py
[2021-12-21 00:17:17,973] {scheduler_job.py:643} INFO - DAG(s) dict_keys(['example_complex']) retrieved from /home/airflow/.local/lib/python3.8/site-packages/airflow/example_dags/example_complex.py
[2021-12-21 00:17:18,115] {logging_mixin.py:104} INFO - [2021-12-21 00:17:18,115] {dag.py:1833} INFO - Sync 1 DAGs
[2021-12-21 00:17:18,150] {logging_mixin.py:104} INFO - [2021-12-21 00:17:18,150] {dag.py:2306} INFO - Setting next_dagrun for example_complex to None
[2021-12-21 00:17:18,182] {scheduler_job.py:190} INFO - Processing /home/airflow/.local/lib/python3.8/site-packages/airflow/example_dags/example_complex.py took 0.340 seconds
[2021-12-21 00:17:48,493] {scheduler_job.py:182} INFO - Started process (PID=10974) to work on /home/airflow/.local/lib/python3.8/site-packages/airflow/example_dags/example_complex.py
[2021-12-21 00:17:48,503] {scheduler_job.py:633} INFO - Processing file /home/airflow/.local/lib/python3.8/site-packages/airflow/example_dags/example_complex.py for tasks to queue
[2021-12-21 00:17:48,508] {logging_mixin.py:104} INFO - [2021-12-21 00:17:48,508] {dagbag.py:496} INFO - Filling up the DagBag from /home/airflow/.local/lib/python3.8/site-packages/airflow/example_dags/example_complex.py
[2021-12-21 00:17:48,607] {scheduler_job.py:643} INFO - DAG(s) dict_keys(['example_complex']) retrieved from /home/airflow/.local/lib/python3.8/site-packages/airflow/example_dags/example_complex.py
[2021-12-21 00:17:48,718] {logging_mixin.py:104} INFO - [2021-12-21 00:17:48,718] {dag.py:1833} INFO - Sync 1 DAGs
[2021-12-21 00:17:48,761] {logging_mixin.py:104} INFO - [2021-12-21 00:17:48,760] {dag.py:2306} INFO - Setting next_dagrun for example_complex to None
[2021-12-21 00:17:48,800] {scheduler_job.py:190} INFO - Processing /home/airflow/.local/lib/python3.8/site-packages/airflow/example_dags/example_complex.py took 0.347 seconds
[2021-12-21 00:18:19,302] {scheduler_job.py:182} INFO - Started process (PID=11005) to work on /home/airflow/.local/lib/python3.8/site-packages/airflow/example_dags/example_complex.py
[2021-12-21 00:18:19,311] {scheduler_job.py:633} INFO - Processing file /home/airflow/.local/lib/python3.8/site-packages/airflow/example_dags/example_complex.py for tasks to queue
[2021-12-21 00:18:19,317] {logging_mixin.py:104} INFO - [2021-12-21 00:18:19,316] {dagbag.py:496} INFO - Filling up the DagBag from /home/airflow/.local/lib/python3.8/site-packages/airflow/example_dags/example_complex.py
[2021-12-21 00:18:19,386] {scheduler_job.py:643} INFO - DAG(s) dict_keys(['example_complex']) retrieved from /home/airflow/.local/lib/python3.8/site-packages/airflow/example_dags/example_complex.py
[2021-12-21 00:18:19,470] {logging_mixin.py:104} INFO - [2021-12-21 00:18:19,470] {dag.py:1833} INFO - Sync 1 DAGs
[2021-12-21 00:18:19,503] {logging_mixin.py:104} INFO - [2021-12-21 00:18:19,502] {dag.py:2306} INFO - Setting next_dagrun for example_complex to None
[2021-12-21 00:18:19,538] {scheduler_job.py:190} INFO - Processing /home/airflow/.local/lib/python3.8/site-packages/airflow/example_dags/example_complex.py took 0.251 seconds
[2021-12-21 00:18:49,887] {scheduler_job.py:182} INFO - Started process (PID=11036) to work on /home/airflow/.local/lib/python3.8/site-packages/airflow/example_dags/example_complex.py
[2021-12-21 00:18:49,891] {scheduler_job.py:633} INFO - Processing file /home/airflow/.local/lib/python3.8/site-packages/airflow/example_dags/example_complex.py for tasks to queue
[2021-12-21 00:18:49,893] {logging_mixin.py:104} INFO - [2021-12-21 00:18:49,893] {dagbag.py:496} INFO - Filling up the DagBag from /home/airflow/.local/lib/python3.8/site-packages/airflow/example_dags/example_complex.py
[2021-12-21 00:18:49,946] {scheduler_job.py:643} INFO - DAG(s) dict_keys(['example_complex']) retrieved from /home/airflow/.local/lib/python3.8/site-packages/airflow/example_dags/example_complex.py
[2021-12-21 00:18:50,025] {logging_mixin.py:104} INFO - [2021-12-21 00:18:50,024] {dag.py:1833} INFO - Sync 1 DAGs
[2021-12-21 00:18:50,046] {logging_mixin.py:104} INFO - [2021-12-21 00:18:50,046] {dag.py:2306} INFO - Setting next_dagrun for example_complex to None
[2021-12-21 00:18:50,071] {scheduler_job.py:190} INFO - Processing /home/airflow/.local/lib/python3.8/site-packages/airflow/example_dags/example_complex.py took 0.188 seconds
[2021-12-21 00:19:20,291] {scheduler_job.py:182} INFO - Started process (PID=11067) to work on /home/airflow/.local/lib/python3.8/site-packages/airflow/example_dags/example_complex.py
[2021-12-21 00:19:20,296] {scheduler_job.py:633} INFO - Processing file /home/airflow/.local/lib/python3.8/site-packages/airflow/example_dags/example_complex.py for tasks to queue
[2021-12-21 00:19:20,299] {logging_mixin.py:104} INFO - [2021-12-21 00:19:20,299] {dagbag.py:496} INFO - Filling up the DagBag from /home/airflow/.local/lib/python3.8/site-packages/airflow/example_dags/example_complex.py
[2021-12-21 00:19:20,369] {scheduler_job.py:643} INFO - DAG(s) dict_keys(['example_complex']) retrieved from /home/airflow/.local/lib/python3.8/site-packages/airflow/example_dags/example_complex.py
[2021-12-21 00:19:20,458] {logging_mixin.py:104} INFO - [2021-12-21 00:19:20,458] {dag.py:1833} INFO - Sync 1 DAGs
[2021-12-21 00:19:20,479] {logging_mixin.py:104} INFO - [2021-12-21 00:19:20,478] {dag.py:2306} INFO - Setting next_dagrun for example_complex to None
[2021-12-21 00:19:20,506] {scheduler_job.py:190} INFO - Processing /home/airflow/.local/lib/python3.8/site-packages/airflow/example_dags/example_complex.py took 0.225 seconds
[2021-12-21 00:19:51,178] {scheduler_job.py:182} INFO - Started process (PID=11097) to work on /home/airflow/.local/lib/python3.8/site-packages/airflow/example_dags/example_complex.py
[2021-12-21 00:19:51,183] {scheduler_job.py:633} INFO - Processing file /home/airflow/.local/lib/python3.8/site-packages/airflow/example_dags/example_complex.py for tasks to queue
[2021-12-21 00:19:51,186] {logging_mixin.py:104} INFO - [2021-12-21 00:19:51,185] {dagbag.py:496} INFO - Filling up the DagBag from /home/airflow/.local/lib/python3.8/site-packages/airflow/example_dags/example_complex.py
[2021-12-21 00:19:51,231] {scheduler_job.py:643} INFO - DAG(s) dict_keys(['example_complex']) retrieved from /home/airflow/.local/lib/python3.8/site-packages/airflow/example_dags/example_complex.py
[2021-12-21 00:19:51,311] {logging_mixin.py:104} INFO - [2021-12-21 00:19:51,310] {dag.py:1833} INFO - Sync 1 DAGs
[2021-12-21 00:19:51,335] {logging_mixin.py:104} INFO - [2021-12-21 00:19:51,335] {dag.py:2306} INFO - Setting next_dagrun for example_complex to None
[2021-12-21 00:19:51,379] {scheduler_job.py:190} INFO - Processing /home/airflow/.local/lib/python3.8/site-packages/airflow/example_dags/example_complex.py took 0.214 seconds
[2021-12-21 00:20:22,162] {scheduler_job.py:182} INFO - Started process (PID=11128) to work on /home/airflow/.local/lib/python3.8/site-packages/airflow/example_dags/example_complex.py
[2021-12-21 00:20:22,169] {scheduler_job.py:633} INFO - Processing file /home/airflow/.local/lib/python3.8/site-packages/airflow/example_dags/example_complex.py for tasks to queue
[2021-12-21 00:20:22,175] {logging_mixin.py:104} INFO - [2021-12-21 00:20:22,174] {dagbag.py:496} INFO - Filling up the DagBag from /home/airflow/.local/lib/python3.8/site-packages/airflow/example_dags/example_complex.py
[2021-12-21 00:20:22,223] {scheduler_job.py:643} INFO - DAG(s) dict_keys(['example_complex']) retrieved from /home/airflow/.local/lib/python3.8/site-packages/airflow/example_dags/example_complex.py
[2021-12-21 00:20:22,288] {logging_mixin.py:104} INFO - [2021-12-21 00:20:22,288] {dag.py:1833} INFO - Sync 1 DAGs
[2021-12-21 00:20:22,313] {logging_mixin.py:104} INFO - [2021-12-21 00:20:22,313] {dag.py:2306} INFO - Setting next_dagrun for example_complex to None
[2021-12-21 00:20:22,350] {scheduler_job.py:190} INFO - Processing /home/airflow/.local/lib/python3.8/site-packages/airflow/example_dags/example_complex.py took 0.197 seconds
[2021-12-21 00:20:52,602] {scheduler_job.py:182} INFO - Started process (PID=11159) to work on /home/airflow/.local/lib/python3.8/site-packages/airflow/example_dags/example_complex.py
[2021-12-21 00:20:52,619] {scheduler_job.py:633} INFO - Processing file /home/airflow/.local/lib/python3.8/site-packages/airflow/example_dags/example_complex.py for tasks to queue
[2021-12-21 00:20:52,627] {logging_mixin.py:104} INFO - [2021-12-21 00:20:52,626] {dagbag.py:496} INFO - Filling up the DagBag from /home/airflow/.local/lib/python3.8/site-packages/airflow/example_dags/example_complex.py
[2021-12-21 00:20:52,682] {scheduler_job.py:643} INFO - DAG(s) dict_keys(['example_complex']) retrieved from /home/airflow/.local/lib/python3.8/site-packages/airflow/example_dags/example_complex.py
[2021-12-21 00:20:52,773] {logging_mixin.py:104} INFO - [2021-12-21 00:20:52,773] {dag.py:1833} INFO - Sync 1 DAGs
[2021-12-21 00:20:52,799] {logging_mixin.py:104} INFO - [2021-12-21 00:20:52,799] {dag.py:2306} INFO - Setting next_dagrun for example_complex to None
[2021-12-21 00:20:52,833] {scheduler_job.py:190} INFO - Processing /home/airflow/.local/lib/python3.8/site-packages/airflow/example_dags/example_complex.py took 0.245 seconds
[2021-12-21 00:21:23,027] {scheduler_job.py:182} INFO - Started process (PID=11190) to work on /home/airflow/.local/lib/python3.8/site-packages/airflow/example_dags/example_complex.py
[2021-12-21 00:21:23,033] {scheduler_job.py:633} INFO - Processing file /home/airflow/.local/lib/python3.8/site-packages/airflow/example_dags/example_complex.py for tasks to queue
[2021-12-21 00:21:23,036] {logging_mixin.py:104} INFO - [2021-12-21 00:21:23,035] {dagbag.py:496} INFO - Filling up the DagBag from /home/airflow/.local/lib/python3.8/site-packages/airflow/example_dags/example_complex.py
[2021-12-21 00:21:23,088] {scheduler_job.py:643} INFO - DAG(s) dict_keys(['example_complex']) retrieved from /home/airflow/.local/lib/python3.8/site-packages/airflow/example_dags/example_complex.py
[2021-12-21 00:21:23,198] {logging_mixin.py:104} INFO - [2021-12-21 00:21:23,197] {dag.py:1833} INFO - Sync 1 DAGs
[2021-12-21 00:21:23,216] {logging_mixin.py:104} INFO - [2021-12-21 00:21:23,215] {dag.py:2306} INFO - Setting next_dagrun for example_complex to None
[2021-12-21 00:21:23,238] {scheduler_job.py:190} INFO - Processing /home/airflow/.local/lib/python3.8/site-packages/airflow/example_dags/example_complex.py took 0.216 seconds
[2021-12-21 00:21:53,430] {scheduler_job.py:182} INFO - Started process (PID=11221) to work on /home/airflow/.local/lib/python3.8/site-packages/airflow/example_dags/example_complex.py
[2021-12-21 00:21:53,441] {scheduler_job.py:633} INFO - Processing file /home/airflow/.local/lib/python3.8/site-packages/airflow/example_dags/example_complex.py for tasks to queue
[2021-12-21 00:21:53,448] {logging_mixin.py:104} INFO - [2021-12-21 00:21:53,446] {dagbag.py:496} INFO - Filling up the DagBag from /home/airflow/.local/lib/python3.8/site-packages/airflow/example_dags/example_complex.py
[2021-12-21 00:21:53,534] {scheduler_job.py:643} INFO - DAG(s) dict_keys(['example_complex']) retrieved from /home/airflow/.local/lib/python3.8/site-packages/airflow/example_dags/example_complex.py
[2021-12-21 00:21:53,605] {logging_mixin.py:104} INFO - [2021-12-21 00:21:53,605] {dag.py:1833} INFO - Sync 1 DAGs
[2021-12-21 00:21:53,621] {logging_mixin.py:104} INFO - [2021-12-21 00:21:53,621] {dag.py:2306} INFO - Setting next_dagrun for example_complex to None
[2021-12-21 00:21:53,658] {scheduler_job.py:190} INFO - Processing /home/airflow/.local/lib/python3.8/site-packages/airflow/example_dags/example_complex.py took 0.238 seconds
[2021-12-21 00:22:23,810] {scheduler_job.py:182} INFO - Started process (PID=11252) to work on /home/airflow/.local/lib/python3.8/site-packages/airflow/example_dags/example_complex.py
[2021-12-21 00:22:23,817] {scheduler_job.py:633} INFO - Processing file /home/airflow/.local/lib/python3.8/site-packages/airflow/example_dags/example_complex.py for tasks to queue
[2021-12-21 00:22:23,819] {logging_mixin.py:104} INFO - [2021-12-21 00:22:23,819] {dagbag.py:496} INFO - Filling up the DagBag from /home/airflow/.local/lib/python3.8/site-packages/airflow/example_dags/example_complex.py
[2021-12-21 00:22:23,881] {scheduler_job.py:643} INFO - DAG(s) dict_keys(['example_complex']) retrieved from /home/airflow/.local/lib/python3.8/site-packages/airflow/example_dags/example_complex.py
[2021-12-21 00:22:24,035] {logging_mixin.py:104} INFO - [2021-12-21 00:22:24,034] {dag.py:1833} INFO - Sync 1 DAGs
[2021-12-21 00:22:24,077] {logging_mixin.py:104} INFO - [2021-12-21 00:22:24,077] {dag.py:2306} INFO - Setting next_dagrun for example_complex to None
[2021-12-21 00:22:24,116] {scheduler_job.py:190} INFO - Processing /home/airflow/.local/lib/python3.8/site-packages/airflow/example_dags/example_complex.py took 0.313 seconds
[2021-12-21 00:22:54,181] {scheduler_job.py:182} INFO - Started process (PID=11283) to work on /home/airflow/.local/lib/python3.8/site-packages/airflow/example_dags/example_complex.py
[2021-12-21 00:22:54,188] {scheduler_job.py:633} INFO - Processing file /home/airflow/.local/lib/python3.8/site-packages/airflow/example_dags/example_complex.py for tasks to queue
[2021-12-21 00:22:54,192] {logging_mixin.py:104} INFO - [2021-12-21 00:22:54,192] {dagbag.py:496} INFO - Filling up the DagBag from /home/airflow/.local/lib/python3.8/site-packages/airflow/example_dags/example_complex.py
[2021-12-21 00:22:54,233] {scheduler_job.py:643} INFO - DAG(s) dict_keys(['example_complex']) retrieved from /home/airflow/.local/lib/python3.8/site-packages/airflow/example_dags/example_complex.py
[2021-12-21 00:22:54,299] {logging_mixin.py:104} INFO - [2021-12-21 00:22:54,299] {dag.py:1833} INFO - Sync 1 DAGs
[2021-12-21 00:22:54,322] {logging_mixin.py:104} INFO - [2021-12-21 00:22:54,322] {dag.py:2306} INFO - Setting next_dagrun for example_complex to None
[2021-12-21 00:22:54,374] {scheduler_job.py:190} INFO - Processing /home/airflow/.local/lib/python3.8/site-packages/airflow/example_dags/example_complex.py took 0.211 seconds
[2021-12-21 00:23:24,824] {scheduler_job.py:182} INFO - Started process (PID=11314) to work on /home/airflow/.local/lib/python3.8/site-packages/airflow/example_dags/example_complex.py
[2021-12-21 00:23:24,830] {scheduler_job.py:633} INFO - Processing file /home/airflow/.local/lib/python3.8/site-packages/airflow/example_dags/example_complex.py for tasks to queue
[2021-12-21 00:23:24,833] {logging_mixin.py:104} INFO - [2021-12-21 00:23:24,833] {dagbag.py:496} INFO - Filling up the DagBag from /home/airflow/.local/lib/python3.8/site-packages/airflow/example_dags/example_complex.py
[2021-12-21 00:23:24,880] {scheduler_job.py:643} INFO - DAG(s) dict_keys(['example_complex']) retrieved from /home/airflow/.local/lib/python3.8/site-packages/airflow/example_dags/example_complex.py
[2021-12-21 00:23:25,018] {logging_mixin.py:104} INFO - [2021-12-21 00:23:25,018] {dag.py:1833} INFO - Sync 1 DAGs
[2021-12-21 00:23:25,071] {logging_mixin.py:104} INFO - [2021-12-21 00:23:25,071] {dag.py:2306} INFO - Setting next_dagrun for example_complex to None
[2021-12-21 00:23:25,128] {scheduler_job.py:190} INFO - Processing /home/airflow/.local/lib/python3.8/site-packages/airflow/example_dags/example_complex.py took 0.312 seconds
[2021-12-21 00:23:55,207] {scheduler_job.py:182} INFO - Started process (PID=11346) to work on /home/airflow/.local/lib/python3.8/site-packages/airflow/example_dags/example_complex.py
[2021-12-21 00:23:55,218] {scheduler_job.py:633} INFO - Processing file /home/airflow/.local/lib/python3.8/site-packages/airflow/example_dags/example_complex.py for tasks to queue
[2021-12-21 00:23:55,222] {logging_mixin.py:104} INFO - [2021-12-21 00:23:55,222] {dagbag.py:496} INFO - Filling up the DagBag from /home/airflow/.local/lib/python3.8/site-packages/airflow/example_dags/example_complex.py
[2021-12-21 00:23:55,279] {scheduler_job.py:643} INFO - DAG(s) dict_keys(['example_complex']) retrieved from /home/airflow/.local/lib/python3.8/site-packages/airflow/example_dags/example_complex.py
[2021-12-21 00:23:55,354] {logging_mixin.py:104} INFO - [2021-12-21 00:23:55,354] {dag.py:1833} INFO - Sync 1 DAGs
[2021-12-21 00:23:55,371] {logging_mixin.py:104} INFO - [2021-12-21 00:23:55,371] {dag.py:2306} INFO - Setting next_dagrun for example_complex to None
[2021-12-21 00:23:55,401] {scheduler_job.py:190} INFO - Processing /home/airflow/.local/lib/python3.8/site-packages/airflow/example_dags/example_complex.py took 0.201 seconds
[2021-12-21 00:24:25,744] {scheduler_job.py:182} INFO - Started process (PID=11376) to work on /home/airflow/.local/lib/python3.8/site-packages/airflow/example_dags/example_complex.py
[2021-12-21 00:24:25,750] {scheduler_job.py:633} INFO - Processing file /home/airflow/.local/lib/python3.8/site-packages/airflow/example_dags/example_complex.py for tasks to queue
[2021-12-21 00:24:25,753] {logging_mixin.py:104} INFO - [2021-12-21 00:24:25,753] {dagbag.py:496} INFO - Filling up the DagBag from /home/airflow/.local/lib/python3.8/site-packages/airflow/example_dags/example_complex.py
[2021-12-21 00:24:25,800] {scheduler_job.py:643} INFO - DAG(s) dict_keys(['example_complex']) retrieved from /home/airflow/.local/lib/python3.8/site-packages/airflow/example_dags/example_complex.py
[2021-12-21 00:24:25,877] {logging_mixin.py:104} INFO - [2021-12-21 00:24:25,876] {dag.py:1833} INFO - Sync 1 DAGs
[2021-12-21 00:24:25,901] {logging_mixin.py:104} INFO - [2021-12-21 00:24:25,901] {dag.py:2306} INFO - Setting next_dagrun for example_complex to None
[2021-12-21 00:24:25,926] {scheduler_job.py:190} INFO - Processing /home/airflow/.local/lib/python3.8/site-packages/airflow/example_dags/example_complex.py took 0.198 seconds
[2021-12-21 00:24:56,294] {scheduler_job.py:182} INFO - Started process (PID=11407) to work on /home/airflow/.local/lib/python3.8/site-packages/airflow/example_dags/example_complex.py
[2021-12-21 00:24:56,300] {scheduler_job.py:633} INFO - Processing file /home/airflow/.local/lib/python3.8/site-packages/airflow/example_dags/example_complex.py for tasks to queue
[2021-12-21 00:24:56,302] {logging_mixin.py:104} INFO - [2021-12-21 00:24:56,302] {dagbag.py:496} INFO - Filling up the DagBag from /home/airflow/.local/lib/python3.8/site-packages/airflow/example_dags/example_complex.py
[2021-12-21 00:24:56,346] {scheduler_job.py:643} INFO - DAG(s) dict_keys(['example_complex']) retrieved from /home/airflow/.local/lib/python3.8/site-packages/airflow/example_dags/example_complex.py
[2021-12-21 00:24:56,404] {logging_mixin.py:104} INFO - [2021-12-21 00:24:56,404] {dag.py:1833} INFO - Sync 1 DAGs
[2021-12-21 00:24:56,421] {logging_mixin.py:104} INFO - [2021-12-21 00:24:56,421] {dag.py:2306} INFO - Setting next_dagrun for example_complex to None
[2021-12-21 00:24:56,443] {scheduler_job.py:190} INFO - Processing /home/airflow/.local/lib/python3.8/site-packages/airflow/example_dags/example_complex.py took 0.164 seconds
[2021-12-21 00:25:26,708] {scheduler_job.py:182} INFO - Started process (PID=11438) to work on /home/airflow/.local/lib/python3.8/site-packages/airflow/example_dags/example_complex.py
[2021-12-21 00:25:26,714] {scheduler_job.py:633} INFO - Processing file /home/airflow/.local/lib/python3.8/site-packages/airflow/example_dags/example_complex.py for tasks to queue
[2021-12-21 00:25:26,719] {logging_mixin.py:104} INFO - [2021-12-21 00:25:26,718] {dagbag.py:496} INFO - Filling up the DagBag from /home/airflow/.local/lib/python3.8/site-packages/airflow/example_dags/example_complex.py
[2021-12-21 00:25:26,760] {scheduler_job.py:643} INFO - DAG(s) dict_keys(['example_complex']) retrieved from /home/airflow/.local/lib/python3.8/site-packages/airflow/example_dags/example_complex.py
[2021-12-21 00:25:26,813] {logging_mixin.py:104} INFO - [2021-12-21 00:25:26,813] {dag.py:1833} INFO - Sync 1 DAGs
[2021-12-21 00:25:26,835] {logging_mixin.py:104} INFO - [2021-12-21 00:25:26,835] {dag.py:2306} INFO - Setting next_dagrun for example_complex to None
[2021-12-21 00:25:26,864] {scheduler_job.py:190} INFO - Processing /home/airflow/.local/lib/python3.8/site-packages/airflow/example_dags/example_complex.py took 0.169 seconds
[2021-12-21 00:25:57,687] {scheduler_job.py:182} INFO - Started process (PID=11469) to work on /home/airflow/.local/lib/python3.8/site-packages/airflow/example_dags/example_complex.py
[2021-12-21 00:25:57,691] {scheduler_job.py:633} INFO - Processing file /home/airflow/.local/lib/python3.8/site-packages/airflow/example_dags/example_complex.py for tasks to queue
[2021-12-21 00:25:57,694] {logging_mixin.py:104} INFO - [2021-12-21 00:25:57,694] {dagbag.py:496} INFO - Filling up the DagBag from /home/airflow/.local/lib/python3.8/site-packages/airflow/example_dags/example_complex.py
[2021-12-21 00:25:57,728] {scheduler_job.py:643} INFO - DAG(s) dict_keys(['example_complex']) retrieved from /home/airflow/.local/lib/python3.8/site-packages/airflow/example_dags/example_complex.py
[2021-12-21 00:25:57,794] {logging_mixin.py:104} INFO - [2021-12-21 00:25:57,794] {dag.py:1833} INFO - Sync 1 DAGs
[2021-12-21 00:25:57,820] {logging_mixin.py:104} INFO - [2021-12-21 00:25:57,820] {dag.py:2306} INFO - Setting next_dagrun for example_complex to None
[2021-12-21 00:25:57,852] {scheduler_job.py:190} INFO - Processing /home/airflow/.local/lib/python3.8/site-packages/airflow/example_dags/example_complex.py took 0.172 seconds
[2021-12-21 00:26:28,698] {scheduler_job.py:182} INFO - Started process (PID=11500) to work on /home/airflow/.local/lib/python3.8/site-packages/airflow/example_dags/example_complex.py
[2021-12-21 00:26:28,702] {scheduler_job.py:633} INFO - Processing file /home/airflow/.local/lib/python3.8/site-packages/airflow/example_dags/example_complex.py for tasks to queue
[2021-12-21 00:26:28,705] {logging_mixin.py:104} INFO - [2021-12-21 00:26:28,705] {dagbag.py:496} INFO - Filling up the DagBag from /home/airflow/.local/lib/python3.8/site-packages/airflow/example_dags/example_complex.py
[2021-12-21 00:26:28,740] {scheduler_job.py:643} INFO - DAG(s) dict_keys(['example_complex']) retrieved from /home/airflow/.local/lib/python3.8/site-packages/airflow/example_dags/example_complex.py
[2021-12-21 00:26:28,805] {logging_mixin.py:104} INFO - [2021-12-21 00:26:28,805] {dag.py:1833} INFO - Sync 1 DAGs
[2021-12-21 00:26:28,829] {logging_mixin.py:104} INFO - [2021-12-21 00:26:28,829] {dag.py:2306} INFO - Setting next_dagrun for example_complex to None
[2021-12-21 00:26:28,851] {scheduler_job.py:190} INFO - Processing /home/airflow/.local/lib/python3.8/site-packages/airflow/example_dags/example_complex.py took 0.165 seconds
[2021-12-21 00:26:59,212] {scheduler_job.py:182} INFO - Started process (PID=11531) to work on /home/airflow/.local/lib/python3.8/site-packages/airflow/example_dags/example_complex.py
[2021-12-21 00:26:59,221] {scheduler_job.py:633} INFO - Processing file /home/airflow/.local/lib/python3.8/site-packages/airflow/example_dags/example_complex.py for tasks to queue
[2021-12-21 00:26:59,225] {logging_mixin.py:104} INFO - [2021-12-21 00:26:59,224] {dagbag.py:496} INFO - Filling up the DagBag from /home/airflow/.local/lib/python3.8/site-packages/airflow/example_dags/example_complex.py
[2021-12-21 00:26:59,262] {scheduler_job.py:643} INFO - DAG(s) dict_keys(['example_complex']) retrieved from /home/airflow/.local/lib/python3.8/site-packages/airflow/example_dags/example_complex.py
[2021-12-21 00:26:59,316] {logging_mixin.py:104} INFO - [2021-12-21 00:26:59,316] {dag.py:1833} INFO - Sync 1 DAGs
[2021-12-21 00:26:59,343] {logging_mixin.py:104} INFO - [2021-12-21 00:26:59,343] {dag.py:2306} INFO - Setting next_dagrun for example_complex to None
[2021-12-21 00:26:59,371] {scheduler_job.py:190} INFO - Processing /home/airflow/.local/lib/python3.8/site-packages/airflow/example_dags/example_complex.py took 0.174 seconds
[2021-12-21 00:27:29,767] {scheduler_job.py:182} INFO - Started process (PID=11562) to work on /home/airflow/.local/lib/python3.8/site-packages/airflow/example_dags/example_complex.py
[2021-12-21 00:27:29,775] {scheduler_job.py:633} INFO - Processing file /home/airflow/.local/lib/python3.8/site-packages/airflow/example_dags/example_complex.py for tasks to queue
[2021-12-21 00:27:29,781] {logging_mixin.py:104} INFO - [2021-12-21 00:27:29,780] {dagbag.py:496} INFO - Filling up the DagBag from /home/airflow/.local/lib/python3.8/site-packages/airflow/example_dags/example_complex.py
[2021-12-21 00:27:29,842] {scheduler_job.py:643} INFO - DAG(s) dict_keys(['example_complex']) retrieved from /home/airflow/.local/lib/python3.8/site-packages/airflow/example_dags/example_complex.py
[2021-12-21 00:27:29,923] {logging_mixin.py:104} INFO - [2021-12-21 00:27:29,923] {dag.py:1833} INFO - Sync 1 DAGs
[2021-12-21 00:27:30,002] {logging_mixin.py:104} INFO - [2021-12-21 00:27:30,002] {dag.py:2306} INFO - Setting next_dagrun for example_complex to None
[2021-12-21 00:27:30,069] {scheduler_job.py:190} INFO - Processing /home/airflow/.local/lib/python3.8/site-packages/airflow/example_dags/example_complex.py took 0.318 seconds
[2021-12-21 00:28:00,156] {scheduler_job.py:182} INFO - Started process (PID=11594) to work on /home/airflow/.local/lib/python3.8/site-packages/airflow/example_dags/example_complex.py
[2021-12-21 00:28:00,160] {scheduler_job.py:633} INFO - Processing file /home/airflow/.local/lib/python3.8/site-packages/airflow/example_dags/example_complex.py for tasks to queue
[2021-12-21 00:28:00,165] {logging_mixin.py:104} INFO - [2021-12-21 00:28:00,164] {dagbag.py:496} INFO - Filling up the DagBag from /home/airflow/.local/lib/python3.8/site-packages/airflow/example_dags/example_complex.py
[2021-12-21 00:28:00,206] {scheduler_job.py:643} INFO - DAG(s) dict_keys(['example_complex']) retrieved from /home/airflow/.local/lib/python3.8/site-packages/airflow/example_dags/example_complex.py
[2021-12-21 00:28:00,269] {logging_mixin.py:104} INFO - [2021-12-21 00:28:00,269] {dag.py:1833} INFO - Sync 1 DAGs
[2021-12-21 00:28:00,291] {logging_mixin.py:104} INFO - [2021-12-21 00:28:00,291] {dag.py:2306} INFO - Setting next_dagrun for example_complex to None
[2021-12-21 00:28:00,313] {scheduler_job.py:190} INFO - Processing /home/airflow/.local/lib/python3.8/site-packages/airflow/example_dags/example_complex.py took 0.165 seconds
[2021-12-21 00:28:31,387] {scheduler_job.py:182} INFO - Started process (PID=11623) to work on /home/airflow/.local/lib/python3.8/site-packages/airflow/example_dags/example_complex.py
[2021-12-21 00:28:31,395] {scheduler_job.py:633} INFO - Processing file /home/airflow/.local/lib/python3.8/site-packages/airflow/example_dags/example_complex.py for tasks to queue
[2021-12-21 00:28:31,397] {logging_mixin.py:104} INFO - [2021-12-21 00:28:31,397] {dagbag.py:496} INFO - Filling up the DagBag from /home/airflow/.local/lib/python3.8/site-packages/airflow/example_dags/example_complex.py
[2021-12-21 00:28:31,433] {scheduler_job.py:643} INFO - DAG(s) dict_keys(['example_complex']) retrieved from /home/airflow/.local/lib/python3.8/site-packages/airflow/example_dags/example_complex.py
[2021-12-21 00:28:31,506] {logging_mixin.py:104} INFO - [2021-12-21 00:28:31,505] {dag.py:1833} INFO - Sync 1 DAGs
[2021-12-21 00:28:31,530] {logging_mixin.py:104} INFO - [2021-12-21 00:28:31,530] {dag.py:2306} INFO - Setting next_dagrun for example_complex to None
[2021-12-21 00:28:31,578] {scheduler_job.py:190} INFO - Processing /home/airflow/.local/lib/python3.8/site-packages/airflow/example_dags/example_complex.py took 0.197 seconds
[2021-12-21 00:29:02,244] {scheduler_job.py:182} INFO - Started process (PID=11651) to work on /home/airflow/.local/lib/python3.8/site-packages/airflow/example_dags/example_complex.py
[2021-12-21 00:29:02,251] {scheduler_job.py:633} INFO - Processing file /home/airflow/.local/lib/python3.8/site-packages/airflow/example_dags/example_complex.py for tasks to queue
[2021-12-21 00:29:02,257] {logging_mixin.py:104} INFO - [2021-12-21 00:29:02,255] {dagbag.py:496} INFO - Filling up the DagBag from /home/airflow/.local/lib/python3.8/site-packages/airflow/example_dags/example_complex.py
[2021-12-21 00:29:02,318] {scheduler_job.py:643} INFO - DAG(s) dict_keys(['example_complex']) retrieved from /home/airflow/.local/lib/python3.8/site-packages/airflow/example_dags/example_complex.py
[2021-12-21 00:29:02,444] {logging_mixin.py:104} INFO - [2021-12-21 00:29:02,444] {dag.py:1833} INFO - Sync 1 DAGs
[2021-12-21 00:29:02,491] {logging_mixin.py:104} INFO - [2021-12-21 00:29:02,491] {dag.py:2306} INFO - Setting next_dagrun for example_complex to None
[2021-12-21 00:29:02,551] {scheduler_job.py:190} INFO - Processing /home/airflow/.local/lib/python3.8/site-packages/airflow/example_dags/example_complex.py took 0.319 seconds
[2021-12-21 00:29:32,822] {scheduler_job.py:182} INFO - Started process (PID=11681) to work on /home/airflow/.local/lib/python3.8/site-packages/airflow/example_dags/example_complex.py
[2021-12-21 00:29:32,828] {scheduler_job.py:633} INFO - Processing file /home/airflow/.local/lib/python3.8/site-packages/airflow/example_dags/example_complex.py for tasks to queue
[2021-12-21 00:29:32,834] {logging_mixin.py:104} INFO - [2021-12-21 00:29:32,833] {dagbag.py:496} INFO - Filling up the DagBag from /home/airflow/.local/lib/python3.8/site-packages/airflow/example_dags/example_complex.py
[2021-12-21 00:29:32,878] {scheduler_job.py:643} INFO - DAG(s) dict_keys(['example_complex']) retrieved from /home/airflow/.local/lib/python3.8/site-packages/airflow/example_dags/example_complex.py
[2021-12-21 00:29:32,971] {logging_mixin.py:104} INFO - [2021-12-21 00:29:32,971] {dag.py:1833} INFO - Sync 1 DAGs
[2021-12-21 00:29:33,016] {logging_mixin.py:104} INFO - [2021-12-21 00:29:33,016] {dag.py:2306} INFO - Setting next_dagrun for example_complex to None
[2021-12-21 00:29:33,079] {scheduler_job.py:190} INFO - Processing /home/airflow/.local/lib/python3.8/site-packages/airflow/example_dags/example_complex.py took 0.261 seconds
[2021-12-21 00:30:03,763] {scheduler_job.py:182} INFO - Started process (PID=11711) to work on /home/airflow/.local/lib/python3.8/site-packages/airflow/example_dags/example_complex.py
[2021-12-21 00:30:03,772] {scheduler_job.py:633} INFO - Processing file /home/airflow/.local/lib/python3.8/site-packages/airflow/example_dags/example_complex.py for tasks to queue
[2021-12-21 00:30:03,775] {logging_mixin.py:104} INFO - [2021-12-21 00:30:03,775] {dagbag.py:496} INFO - Filling up the DagBag from /home/airflow/.local/lib/python3.8/site-packages/airflow/example_dags/example_complex.py
[2021-12-21 00:30:03,806] {scheduler_job.py:643} INFO - DAG(s) dict_keys(['example_complex']) retrieved from /home/airflow/.local/lib/python3.8/site-packages/airflow/example_dags/example_complex.py
[2021-12-21 00:30:03,860] {logging_mixin.py:104} INFO - [2021-12-21 00:30:03,860] {dag.py:1833} INFO - Sync 1 DAGs
[2021-12-21 00:30:03,901] {logging_mixin.py:104} INFO - [2021-12-21 00:30:03,901] {dag.py:2306} INFO - Setting next_dagrun for example_complex to None
[2021-12-21 00:30:03,930] {scheduler_job.py:190} INFO - Processing /home/airflow/.local/lib/python3.8/site-packages/airflow/example_dags/example_complex.py took 0.172 seconds
[2021-12-21 00:30:34,099] {scheduler_job.py:182} INFO - Started process (PID=11742) to work on /home/airflow/.local/lib/python3.8/site-packages/airflow/example_dags/example_complex.py
[2021-12-21 00:30:34,105] {scheduler_job.py:633} INFO - Processing file /home/airflow/.local/lib/python3.8/site-packages/airflow/example_dags/example_complex.py for tasks to queue
[2021-12-21 00:30:34,111] {logging_mixin.py:104} INFO - [2021-12-21 00:30:34,110] {dagbag.py:496} INFO - Filling up the DagBag from /home/airflow/.local/lib/python3.8/site-packages/airflow/example_dags/example_complex.py
[2021-12-21 00:30:34,179] {scheduler_job.py:643} INFO - DAG(s) dict_keys(['example_complex']) retrieved from /home/airflow/.local/lib/python3.8/site-packages/airflow/example_dags/example_complex.py
[2021-12-21 00:30:34,245] {logging_mixin.py:104} INFO - [2021-12-21 00:30:34,245] {dag.py:1833} INFO - Sync 1 DAGs
[2021-12-21 00:30:34,266] {logging_mixin.py:104} INFO - [2021-12-21 00:30:34,265] {dag.py:2306} INFO - Setting next_dagrun for example_complex to None
[2021-12-21 00:30:34,296] {scheduler_job.py:190} INFO - Processing /home/airflow/.local/lib/python3.8/site-packages/airflow/example_dags/example_complex.py took 0.224 seconds
[2021-12-21 00:39:19,977] {scheduler_job.py:182} INFO - Started process (PID=11769) to work on /home/airflow/.local/lib/python3.8/site-packages/airflow/example_dags/example_complex.py
[2021-12-21 00:39:19,997] {scheduler_job.py:633} INFO - Processing file /home/airflow/.local/lib/python3.8/site-packages/airflow/example_dags/example_complex.py for tasks to queue
[2021-12-21 00:39:20,006] {logging_mixin.py:104} INFO - [2021-12-21 00:39:20,005] {dagbag.py:496} INFO - Filling up the DagBag from /home/airflow/.local/lib/python3.8/site-packages/airflow/example_dags/example_complex.py
[2021-12-21 00:39:20,171] {scheduler_job.py:643} INFO - DAG(s) dict_keys(['example_complex']) retrieved from /home/airflow/.local/lib/python3.8/site-packages/airflow/example_dags/example_complex.py
[2021-12-21 00:39:20,268] {logging_mixin.py:104} INFO - [2021-12-21 00:39:20,268] {dag.py:1833} INFO - Sync 1 DAGs
[2021-12-21 00:39:20,306] {logging_mixin.py:104} INFO - [2021-12-21 00:39:20,305] {dag.py:2306} INFO - Setting next_dagrun for example_complex to None
[2021-12-21 00:39:20,371] {scheduler_job.py:190} INFO - Processing /home/airflow/.local/lib/python3.8/site-packages/airflow/example_dags/example_complex.py took 0.416 seconds
[2021-12-21 00:39:50,535] {scheduler_job.py:182} INFO - Started process (PID=11799) to work on /home/airflow/.local/lib/python3.8/site-packages/airflow/example_dags/example_complex.py
[2021-12-21 00:39:50,539] {scheduler_job.py:633} INFO - Processing file /home/airflow/.local/lib/python3.8/site-packages/airflow/example_dags/example_complex.py for tasks to queue
[2021-12-21 00:39:50,549] {logging_mixin.py:104} INFO - [2021-12-21 00:39:50,548] {dagbag.py:496} INFO - Filling up the DagBag from /home/airflow/.local/lib/python3.8/site-packages/airflow/example_dags/example_complex.py
[2021-12-21 00:39:50,628] {scheduler_job.py:643} INFO - DAG(s) dict_keys(['example_complex']) retrieved from /home/airflow/.local/lib/python3.8/site-packages/airflow/example_dags/example_complex.py
[2021-12-21 00:39:50,826] {logging_mixin.py:104} INFO - [2021-12-21 00:39:50,826] {dag.py:1833} INFO - Sync 1 DAGs
[2021-12-21 00:39:50,852] {logging_mixin.py:104} INFO - [2021-12-21 00:39:50,852] {dag.py:2306} INFO - Setting next_dagrun for example_complex to None
[2021-12-21 00:39:50,914] {scheduler_job.py:190} INFO - Processing /home/airflow/.local/lib/python3.8/site-packages/airflow/example_dags/example_complex.py took 0.384 seconds
[2021-12-21 00:56:31,975] {scheduler_job.py:182} INFO - Started process (PID=11831) to work on /home/airflow/.local/lib/python3.8/site-packages/airflow/example_dags/example_complex.py
[2021-12-21 00:56:31,988] {scheduler_job.py:633} INFO - Processing file /home/airflow/.local/lib/python3.8/site-packages/airflow/example_dags/example_complex.py for tasks to queue
[2021-12-21 00:56:31,992] {logging_mixin.py:104} INFO - [2021-12-21 00:56:31,991] {dagbag.py:496} INFO - Filling up the DagBag from /home/airflow/.local/lib/python3.8/site-packages/airflow/example_dags/example_complex.py
[2021-12-21 00:56:32,122] {scheduler_job.py:643} INFO - DAG(s) dict_keys(['example_complex']) retrieved from /home/airflow/.local/lib/python3.8/site-packages/airflow/example_dags/example_complex.py
[2021-12-21 00:56:32,294] {logging_mixin.py:104} INFO - [2021-12-21 00:56:32,294] {dag.py:1833} INFO - Sync 1 DAGs
[2021-12-21 00:56:32,363] {logging_mixin.py:104} INFO - [2021-12-21 00:56:32,362] {dag.py:2306} INFO - Setting next_dagrun for example_complex to None
[2021-12-21 00:56:32,459] {scheduler_job.py:190} INFO - Processing /home/airflow/.local/lib/python3.8/site-packages/airflow/example_dags/example_complex.py took 0.500 seconds
