[2021-12-21 00:00:20,274] {scheduler_job.py:182} INFO - Started process (PID=9908) to work on /home/airflow/.local/lib/python3.8/site-packages/airflow/example_dags/example_branch_operator.py
[2021-12-21 00:00:20,299] {scheduler_job.py:633} INFO - Processing file /home/airflow/.local/lib/python3.8/site-packages/airflow/example_dags/example_branch_operator.py for tasks to queue
[2021-12-21 00:00:20,311] {logging_mixin.py:104} INFO - [2021-12-21 00:00:20,308] {dagbag.py:496} INFO - Filling up the DagBag from /home/airflow/.local/lib/python3.8/site-packages/airflow/example_dags/example_branch_operator.py
[2021-12-21 00:00:20,458] {scheduler_job.py:643} INFO - DAG(s) dict_keys(['example_branch_operator']) retrieved from /home/airflow/.local/lib/python3.8/site-packages/airflow/example_dags/example_branch_operator.py
[2021-12-21 00:00:21,182] {logging_mixin.py:104} INFO - [2021-12-21 00:00:21,181] {dag.py:1833} INFO - Sync 1 DAGs
[2021-12-21 00:00:21,204] {logging_mixin.py:104} INFO - [2021-12-21 00:00:21,204] {dag.py:2306} INFO - Setting next_dagrun for example_branch_operator to 2021-12-19 00:00:00+00:00
[2021-12-21 00:00:21,232] {scheduler_job.py:190} INFO - Processing /home/airflow/.local/lib/python3.8/site-packages/airflow/example_dags/example_branch_operator.py took 0.965 seconds
[2021-12-21 00:00:51,809] {scheduler_job.py:182} INFO - Started process (PID=9939) to work on /home/airflow/.local/lib/python3.8/site-packages/airflow/example_dags/example_branch_operator.py
[2021-12-21 00:00:51,815] {scheduler_job.py:633} INFO - Processing file /home/airflow/.local/lib/python3.8/site-packages/airflow/example_dags/example_branch_operator.py for tasks to queue
[2021-12-21 00:00:51,819] {logging_mixin.py:104} INFO - [2021-12-21 00:00:51,819] {dagbag.py:496} INFO - Filling up the DagBag from /home/airflow/.local/lib/python3.8/site-packages/airflow/example_dags/example_branch_operator.py
[2021-12-21 00:00:51,869] {scheduler_job.py:643} INFO - DAG(s) dict_keys(['example_branch_operator']) retrieved from /home/airflow/.local/lib/python3.8/site-packages/airflow/example_dags/example_branch_operator.py
[2021-12-21 00:00:51,937] {logging_mixin.py:104} INFO - [2021-12-21 00:00:51,937] {dag.py:1833} INFO - Sync 1 DAGs
[2021-12-21 00:00:51,971] {logging_mixin.py:104} INFO - [2021-12-21 00:00:51,970] {dag.py:2306} INFO - Setting next_dagrun for example_branch_operator to 2021-12-19 00:00:00+00:00
[2021-12-21 00:00:52,005] {scheduler_job.py:190} INFO - Processing /home/airflow/.local/lib/python3.8/site-packages/airflow/example_dags/example_branch_operator.py took 0.213 seconds
[2021-12-21 00:01:22,411] {scheduler_job.py:182} INFO - Started process (PID=9970) to work on /home/airflow/.local/lib/python3.8/site-packages/airflow/example_dags/example_branch_operator.py
[2021-12-21 00:01:22,415] {scheduler_job.py:633} INFO - Processing file /home/airflow/.local/lib/python3.8/site-packages/airflow/example_dags/example_branch_operator.py for tasks to queue
[2021-12-21 00:01:22,419] {logging_mixin.py:104} INFO - [2021-12-21 00:01:22,419] {dagbag.py:496} INFO - Filling up the DagBag from /home/airflow/.local/lib/python3.8/site-packages/airflow/example_dags/example_branch_operator.py
[2021-12-21 00:01:22,465] {scheduler_job.py:643} INFO - DAG(s) dict_keys(['example_branch_operator']) retrieved from /home/airflow/.local/lib/python3.8/site-packages/airflow/example_dags/example_branch_operator.py
[2021-12-21 00:01:22,528] {logging_mixin.py:104} INFO - [2021-12-21 00:01:22,528] {dag.py:1833} INFO - Sync 1 DAGs
[2021-12-21 00:01:22,579] {logging_mixin.py:104} INFO - [2021-12-21 00:01:22,579] {dag.py:2306} INFO - Setting next_dagrun for example_branch_operator to 2021-12-19 00:00:00+00:00
[2021-12-21 00:01:22,610] {scheduler_job.py:190} INFO - Processing /home/airflow/.local/lib/python3.8/site-packages/airflow/example_dags/example_branch_operator.py took 0.208 seconds
[2021-12-21 00:01:53,220] {scheduler_job.py:182} INFO - Started process (PID=10001) to work on /home/airflow/.local/lib/python3.8/site-packages/airflow/example_dags/example_branch_operator.py
[2021-12-21 00:01:53,226] {scheduler_job.py:633} INFO - Processing file /home/airflow/.local/lib/python3.8/site-packages/airflow/example_dags/example_branch_operator.py for tasks to queue
[2021-12-21 00:01:53,230] {logging_mixin.py:104} INFO - [2021-12-21 00:01:53,229] {dagbag.py:496} INFO - Filling up the DagBag from /home/airflow/.local/lib/python3.8/site-packages/airflow/example_dags/example_branch_operator.py
[2021-12-21 00:01:53,260] {scheduler_job.py:643} INFO - DAG(s) dict_keys(['example_branch_operator']) retrieved from /home/airflow/.local/lib/python3.8/site-packages/airflow/example_dags/example_branch_operator.py
[2021-12-21 00:01:53,308] {logging_mixin.py:104} INFO - [2021-12-21 00:01:53,308] {dag.py:1833} INFO - Sync 1 DAGs
[2021-12-21 00:01:53,330] {logging_mixin.py:104} INFO - [2021-12-21 00:01:53,330] {dag.py:2306} INFO - Setting next_dagrun for example_branch_operator to 2021-12-19 00:00:00+00:00
[2021-12-21 00:01:53,352] {scheduler_job.py:190} INFO - Processing /home/airflow/.local/lib/python3.8/site-packages/airflow/example_dags/example_branch_operator.py took 0.136 seconds
[2021-12-21 00:02:24,139] {scheduler_job.py:182} INFO - Started process (PID=10032) to work on /home/airflow/.local/lib/python3.8/site-packages/airflow/example_dags/example_branch_operator.py
[2021-12-21 00:02:24,145] {scheduler_job.py:633} INFO - Processing file /home/airflow/.local/lib/python3.8/site-packages/airflow/example_dags/example_branch_operator.py for tasks to queue
[2021-12-21 00:02:24,148] {logging_mixin.py:104} INFO - [2021-12-21 00:02:24,147] {dagbag.py:496} INFO - Filling up the DagBag from /home/airflow/.local/lib/python3.8/site-packages/airflow/example_dags/example_branch_operator.py
[2021-12-21 00:02:24,178] {scheduler_job.py:643} INFO - DAG(s) dict_keys(['example_branch_operator']) retrieved from /home/airflow/.local/lib/python3.8/site-packages/airflow/example_dags/example_branch_operator.py
[2021-12-21 00:02:24,286] {logging_mixin.py:104} INFO - [2021-12-21 00:02:24,286] {dag.py:1833} INFO - Sync 1 DAGs
[2021-12-21 00:02:24,313] {logging_mixin.py:104} INFO - [2021-12-21 00:02:24,313] {dag.py:2306} INFO - Setting next_dagrun for example_branch_operator to 2021-12-19 00:00:00+00:00
[2021-12-21 00:02:24,339] {scheduler_job.py:190} INFO - Processing /home/airflow/.local/lib/python3.8/site-packages/airflow/example_dags/example_branch_operator.py took 0.208 seconds
[2021-12-21 00:02:54,400] {scheduler_job.py:182} INFO - Started process (PID=10063) to work on /home/airflow/.local/lib/python3.8/site-packages/airflow/example_dags/example_branch_operator.py
[2021-12-21 00:02:54,410] {scheduler_job.py:633} INFO - Processing file /home/airflow/.local/lib/python3.8/site-packages/airflow/example_dags/example_branch_operator.py for tasks to queue
[2021-12-21 00:02:54,415] {logging_mixin.py:104} INFO - [2021-12-21 00:02:54,414] {dagbag.py:496} INFO - Filling up the DagBag from /home/airflow/.local/lib/python3.8/site-packages/airflow/example_dags/example_branch_operator.py
[2021-12-21 00:02:54,442] {scheduler_job.py:643} INFO - DAG(s) dict_keys(['example_branch_operator']) retrieved from /home/airflow/.local/lib/python3.8/site-packages/airflow/example_dags/example_branch_operator.py
[2021-12-21 00:02:54,490] {logging_mixin.py:104} INFO - [2021-12-21 00:02:54,489] {dag.py:1833} INFO - Sync 1 DAGs
[2021-12-21 00:02:54,514] {logging_mixin.py:104} INFO - [2021-12-21 00:02:54,514] {dag.py:2306} INFO - Setting next_dagrun for example_branch_operator to 2021-12-19 00:00:00+00:00
[2021-12-21 00:02:54,534] {scheduler_job.py:190} INFO - Processing /home/airflow/.local/lib/python3.8/site-packages/airflow/example_dags/example_branch_operator.py took 0.146 seconds
[2021-12-21 00:03:24,693] {scheduler_job.py:182} INFO - Started process (PID=10094) to work on /home/airflow/.local/lib/python3.8/site-packages/airflow/example_dags/example_branch_operator.py
[2021-12-21 00:03:24,697] {scheduler_job.py:633} INFO - Processing file /home/airflow/.local/lib/python3.8/site-packages/airflow/example_dags/example_branch_operator.py for tasks to queue
[2021-12-21 00:03:24,699] {logging_mixin.py:104} INFO - [2021-12-21 00:03:24,699] {dagbag.py:496} INFO - Filling up the DagBag from /home/airflow/.local/lib/python3.8/site-packages/airflow/example_dags/example_branch_operator.py
[2021-12-21 00:03:24,726] {scheduler_job.py:643} INFO - DAG(s) dict_keys(['example_branch_operator']) retrieved from /home/airflow/.local/lib/python3.8/site-packages/airflow/example_dags/example_branch_operator.py
[2021-12-21 00:03:24,775] {logging_mixin.py:104} INFO - [2021-12-21 00:03:24,775] {dag.py:1833} INFO - Sync 1 DAGs
[2021-12-21 00:03:24,795] {logging_mixin.py:104} INFO - [2021-12-21 00:03:24,795] {dag.py:2306} INFO - Setting next_dagrun for example_branch_operator to 2021-12-19 00:00:00+00:00
[2021-12-21 00:03:24,816] {scheduler_job.py:190} INFO - Processing /home/airflow/.local/lib/python3.8/site-packages/airflow/example_dags/example_branch_operator.py took 0.138 seconds
[2021-12-21 00:03:55,350] {scheduler_job.py:182} INFO - Started process (PID=10125) to work on /home/airflow/.local/lib/python3.8/site-packages/airflow/example_dags/example_branch_operator.py
[2021-12-21 00:03:55,356] {scheduler_job.py:633} INFO - Processing file /home/airflow/.local/lib/python3.8/site-packages/airflow/example_dags/example_branch_operator.py for tasks to queue
[2021-12-21 00:03:55,360] {logging_mixin.py:104} INFO - [2021-12-21 00:03:55,359] {dagbag.py:496} INFO - Filling up the DagBag from /home/airflow/.local/lib/python3.8/site-packages/airflow/example_dags/example_branch_operator.py
[2021-12-21 00:03:55,385] {scheduler_job.py:643} INFO - DAG(s) dict_keys(['example_branch_operator']) retrieved from /home/airflow/.local/lib/python3.8/site-packages/airflow/example_dags/example_branch_operator.py
[2021-12-21 00:03:55,442] {logging_mixin.py:104} INFO - [2021-12-21 00:03:55,441] {dag.py:1833} INFO - Sync 1 DAGs
[2021-12-21 00:03:55,463] {logging_mixin.py:104} INFO - [2021-12-21 00:03:55,462] {dag.py:2306} INFO - Setting next_dagrun for example_branch_operator to 2021-12-19 00:00:00+00:00
[2021-12-21 00:03:55,485] {scheduler_job.py:190} INFO - Processing /home/airflow/.local/lib/python3.8/site-packages/airflow/example_dags/example_branch_operator.py took 0.153 seconds
[2021-12-21 00:04:25,639] {scheduler_job.py:182} INFO - Started process (PID=10156) to work on /home/airflow/.local/lib/python3.8/site-packages/airflow/example_dags/example_branch_operator.py
[2021-12-21 00:04:25,641] {scheduler_job.py:633} INFO - Processing file /home/airflow/.local/lib/python3.8/site-packages/airflow/example_dags/example_branch_operator.py for tasks to queue
[2021-12-21 00:04:25,644] {logging_mixin.py:104} INFO - [2021-12-21 00:04:25,644] {dagbag.py:496} INFO - Filling up the DagBag from /home/airflow/.local/lib/python3.8/site-packages/airflow/example_dags/example_branch_operator.py
[2021-12-21 00:04:25,698] {scheduler_job.py:643} INFO - DAG(s) dict_keys(['example_branch_operator']) retrieved from /home/airflow/.local/lib/python3.8/site-packages/airflow/example_dags/example_branch_operator.py
[2021-12-21 00:04:25,759] {logging_mixin.py:104} INFO - [2021-12-21 00:04:25,759] {dag.py:1833} INFO - Sync 1 DAGs
[2021-12-21 00:04:25,791] {logging_mixin.py:104} INFO - [2021-12-21 00:04:25,791] {dag.py:2306} INFO - Setting next_dagrun for example_branch_operator to 2021-12-19 00:00:00+00:00
[2021-12-21 00:04:25,813] {scheduler_job.py:190} INFO - Processing /home/airflow/.local/lib/python3.8/site-packages/airflow/example_dags/example_branch_operator.py took 0.178 seconds
[2021-12-21 00:04:56,034] {scheduler_job.py:182} INFO - Started process (PID=10187) to work on /home/airflow/.local/lib/python3.8/site-packages/airflow/example_dags/example_branch_operator.py
[2021-12-21 00:04:56,037] {scheduler_job.py:633} INFO - Processing file /home/airflow/.local/lib/python3.8/site-packages/airflow/example_dags/example_branch_operator.py for tasks to queue
[2021-12-21 00:04:56,041] {logging_mixin.py:104} INFO - [2021-12-21 00:04:56,040] {dagbag.py:496} INFO - Filling up the DagBag from /home/airflow/.local/lib/python3.8/site-packages/airflow/example_dags/example_branch_operator.py
[2021-12-21 00:04:56,072] {scheduler_job.py:643} INFO - DAG(s) dict_keys(['example_branch_operator']) retrieved from /home/airflow/.local/lib/python3.8/site-packages/airflow/example_dags/example_branch_operator.py
[2021-12-21 00:04:56,125] {logging_mixin.py:104} INFO - [2021-12-21 00:04:56,124] {dag.py:1833} INFO - Sync 1 DAGs
[2021-12-21 00:04:56,158] {logging_mixin.py:104} INFO - [2021-12-21 00:04:56,158] {dag.py:2306} INFO - Setting next_dagrun for example_branch_operator to 2021-12-19 00:00:00+00:00
[2021-12-21 00:04:56,187] {scheduler_job.py:190} INFO - Processing /home/airflow/.local/lib/python3.8/site-packages/airflow/example_dags/example_branch_operator.py took 0.159 seconds
[2021-12-21 00:05:26,358] {scheduler_job.py:182} INFO - Started process (PID=10218) to work on /home/airflow/.local/lib/python3.8/site-packages/airflow/example_dags/example_branch_operator.py
[2021-12-21 00:05:26,365] {scheduler_job.py:633} INFO - Processing file /home/airflow/.local/lib/python3.8/site-packages/airflow/example_dags/example_branch_operator.py for tasks to queue
[2021-12-21 00:05:26,370] {logging_mixin.py:104} INFO - [2021-12-21 00:05:26,369] {dagbag.py:496} INFO - Filling up the DagBag from /home/airflow/.local/lib/python3.8/site-packages/airflow/example_dags/example_branch_operator.py
[2021-12-21 00:05:26,410] {scheduler_job.py:643} INFO - DAG(s) dict_keys(['example_branch_operator']) retrieved from /home/airflow/.local/lib/python3.8/site-packages/airflow/example_dags/example_branch_operator.py
[2021-12-21 00:05:26,459] {logging_mixin.py:104} INFO - [2021-12-21 00:05:26,459] {dag.py:1833} INFO - Sync 1 DAGs
[2021-12-21 00:05:26,480] {logging_mixin.py:104} INFO - [2021-12-21 00:05:26,479] {dag.py:2306} INFO - Setting next_dagrun for example_branch_operator to 2021-12-19 00:00:00+00:00
[2021-12-21 00:05:26,507] {scheduler_job.py:190} INFO - Processing /home/airflow/.local/lib/python3.8/site-packages/airflow/example_dags/example_branch_operator.py took 0.153 seconds
[2021-12-21 00:05:57,004] {scheduler_job.py:182} INFO - Started process (PID=10249) to work on /home/airflow/.local/lib/python3.8/site-packages/airflow/example_dags/example_branch_operator.py
[2021-12-21 00:05:57,012] {scheduler_job.py:633} INFO - Processing file /home/airflow/.local/lib/python3.8/site-packages/airflow/example_dags/example_branch_operator.py for tasks to queue
[2021-12-21 00:05:57,015] {logging_mixin.py:104} INFO - [2021-12-21 00:05:57,015] {dagbag.py:496} INFO - Filling up the DagBag from /home/airflow/.local/lib/python3.8/site-packages/airflow/example_dags/example_branch_operator.py
[2021-12-21 00:05:57,076] {scheduler_job.py:643} INFO - DAG(s) dict_keys(['example_branch_operator']) retrieved from /home/airflow/.local/lib/python3.8/site-packages/airflow/example_dags/example_branch_operator.py
[2021-12-21 00:05:57,135] {logging_mixin.py:104} INFO - [2021-12-21 00:05:57,135] {dag.py:1833} INFO - Sync 1 DAGs
[2021-12-21 00:05:57,173] {logging_mixin.py:104} INFO - [2021-12-21 00:05:57,173] {dag.py:2306} INFO - Setting next_dagrun for example_branch_operator to 2021-12-19 00:00:00+00:00
[2021-12-21 00:05:57,211] {scheduler_job.py:190} INFO - Processing /home/airflow/.local/lib/python3.8/site-packages/airflow/example_dags/example_branch_operator.py took 0.213 seconds
[2021-12-21 00:06:27,334] {scheduler_job.py:182} INFO - Started process (PID=10280) to work on /home/airflow/.local/lib/python3.8/site-packages/airflow/example_dags/example_branch_operator.py
[2021-12-21 00:06:27,340] {scheduler_job.py:633} INFO - Processing file /home/airflow/.local/lib/python3.8/site-packages/airflow/example_dags/example_branch_operator.py for tasks to queue
[2021-12-21 00:06:27,343] {logging_mixin.py:104} INFO - [2021-12-21 00:06:27,342] {dagbag.py:496} INFO - Filling up the DagBag from /home/airflow/.local/lib/python3.8/site-packages/airflow/example_dags/example_branch_operator.py
[2021-12-21 00:06:27,376] {scheduler_job.py:643} INFO - DAG(s) dict_keys(['example_branch_operator']) retrieved from /home/airflow/.local/lib/python3.8/site-packages/airflow/example_dags/example_branch_operator.py
[2021-12-21 00:06:27,438] {logging_mixin.py:104} INFO - [2021-12-21 00:06:27,438] {dag.py:1833} INFO - Sync 1 DAGs
[2021-12-21 00:06:27,459] {logging_mixin.py:104} INFO - [2021-12-21 00:06:27,459] {dag.py:2306} INFO - Setting next_dagrun for example_branch_operator to 2021-12-19 00:00:00+00:00
[2021-12-21 00:06:27,484] {scheduler_job.py:190} INFO - Processing /home/airflow/.local/lib/python3.8/site-packages/airflow/example_dags/example_branch_operator.py took 0.161 seconds
[2021-12-21 00:06:58,069] {scheduler_job.py:182} INFO - Started process (PID=10311) to work on /home/airflow/.local/lib/python3.8/site-packages/airflow/example_dags/example_branch_operator.py
[2021-12-21 00:06:58,080] {scheduler_job.py:633} INFO - Processing file /home/airflow/.local/lib/python3.8/site-packages/airflow/example_dags/example_branch_operator.py for tasks to queue
[2021-12-21 00:06:58,084] {logging_mixin.py:104} INFO - [2021-12-21 00:06:58,084] {dagbag.py:496} INFO - Filling up the DagBag from /home/airflow/.local/lib/python3.8/site-packages/airflow/example_dags/example_branch_operator.py
[2021-12-21 00:06:58,143] {scheduler_job.py:643} INFO - DAG(s) dict_keys(['example_branch_operator']) retrieved from /home/airflow/.local/lib/python3.8/site-packages/airflow/example_dags/example_branch_operator.py
[2021-12-21 00:06:58,209] {logging_mixin.py:104} INFO - [2021-12-21 00:06:58,208] {dag.py:1833} INFO - Sync 1 DAGs
[2021-12-21 00:06:58,234] {logging_mixin.py:104} INFO - [2021-12-21 00:06:58,234] {dag.py:2306} INFO - Setting next_dagrun for example_branch_operator to 2021-12-19 00:00:00+00:00
[2021-12-21 00:06:58,256] {scheduler_job.py:190} INFO - Processing /home/airflow/.local/lib/python3.8/site-packages/airflow/example_dags/example_branch_operator.py took 0.202 seconds
[2021-12-21 00:07:28,329] {scheduler_job.py:182} INFO - Started process (PID=10340) to work on /home/airflow/.local/lib/python3.8/site-packages/airflow/example_dags/example_branch_operator.py
[2021-12-21 00:07:28,344] {scheduler_job.py:633} INFO - Processing file /home/airflow/.local/lib/python3.8/site-packages/airflow/example_dags/example_branch_operator.py for tasks to queue
[2021-12-21 00:07:28,347] {logging_mixin.py:104} INFO - [2021-12-21 00:07:28,347] {dagbag.py:496} INFO - Filling up the DagBag from /home/airflow/.local/lib/python3.8/site-packages/airflow/example_dags/example_branch_operator.py
[2021-12-21 00:07:28,368] {scheduler_job.py:643} INFO - DAG(s) dict_keys(['example_branch_operator']) retrieved from /home/airflow/.local/lib/python3.8/site-packages/airflow/example_dags/example_branch_operator.py
[2021-12-21 00:07:28,427] {logging_mixin.py:104} INFO - [2021-12-21 00:07:28,426] {dag.py:1833} INFO - Sync 1 DAGs
[2021-12-21 00:07:28,452] {logging_mixin.py:104} INFO - [2021-12-21 00:07:28,452] {dag.py:2306} INFO - Setting next_dagrun for example_branch_operator to 2021-12-19 00:00:00+00:00
[2021-12-21 00:07:28,476] {scheduler_job.py:190} INFO - Processing /home/airflow/.local/lib/python3.8/site-packages/airflow/example_dags/example_branch_operator.py took 0.153 seconds
[2021-12-21 00:07:58,640] {scheduler_job.py:182} INFO - Started process (PID=10371) to work on /home/airflow/.local/lib/python3.8/site-packages/airflow/example_dags/example_branch_operator.py
[2021-12-21 00:07:58,643] {scheduler_job.py:633} INFO - Processing file /home/airflow/.local/lib/python3.8/site-packages/airflow/example_dags/example_branch_operator.py for tasks to queue
[2021-12-21 00:07:58,646] {logging_mixin.py:104} INFO - [2021-12-21 00:07:58,646] {dagbag.py:496} INFO - Filling up the DagBag from /home/airflow/.local/lib/python3.8/site-packages/airflow/example_dags/example_branch_operator.py
[2021-12-21 00:07:58,667] {scheduler_job.py:643} INFO - DAG(s) dict_keys(['example_branch_operator']) retrieved from /home/airflow/.local/lib/python3.8/site-packages/airflow/example_dags/example_branch_operator.py
[2021-12-21 00:07:58,738] {logging_mixin.py:104} INFO - [2021-12-21 00:07:58,738] {dag.py:1833} INFO - Sync 1 DAGs
[2021-12-21 00:07:58,770] {logging_mixin.py:104} INFO - [2021-12-21 00:07:58,770] {dag.py:2306} INFO - Setting next_dagrun for example_branch_operator to 2021-12-19 00:00:00+00:00
[2021-12-21 00:07:58,813] {scheduler_job.py:190} INFO - Processing /home/airflow/.local/lib/python3.8/site-packages/airflow/example_dags/example_branch_operator.py took 0.178 seconds
[2021-12-21 00:08:28,998] {scheduler_job.py:182} INFO - Started process (PID=10402) to work on /home/airflow/.local/lib/python3.8/site-packages/airflow/example_dags/example_branch_operator.py
[2021-12-21 00:08:29,004] {scheduler_job.py:633} INFO - Processing file /home/airflow/.local/lib/python3.8/site-packages/airflow/example_dags/example_branch_operator.py for tasks to queue
[2021-12-21 00:08:29,007] {logging_mixin.py:104} INFO - [2021-12-21 00:08:29,007] {dagbag.py:496} INFO - Filling up the DagBag from /home/airflow/.local/lib/python3.8/site-packages/airflow/example_dags/example_branch_operator.py
[2021-12-21 00:08:29,031] {scheduler_job.py:643} INFO - DAG(s) dict_keys(['example_branch_operator']) retrieved from /home/airflow/.local/lib/python3.8/site-packages/airflow/example_dags/example_branch_operator.py
[2021-12-21 00:08:29,088] {logging_mixin.py:104} INFO - [2021-12-21 00:08:29,088] {dag.py:1833} INFO - Sync 1 DAGs
[2021-12-21 00:08:29,112] {logging_mixin.py:104} INFO - [2021-12-21 00:08:29,112] {dag.py:2306} INFO - Setting next_dagrun for example_branch_operator to 2021-12-19 00:00:00+00:00
[2021-12-21 00:08:29,137] {scheduler_job.py:190} INFO - Processing /home/airflow/.local/lib/python3.8/site-packages/airflow/example_dags/example_branch_operator.py took 0.143 seconds
[2021-12-21 00:08:59,293] {scheduler_job.py:182} INFO - Started process (PID=10433) to work on /home/airflow/.local/lib/python3.8/site-packages/airflow/example_dags/example_branch_operator.py
[2021-12-21 00:08:59,299] {scheduler_job.py:633} INFO - Processing file /home/airflow/.local/lib/python3.8/site-packages/airflow/example_dags/example_branch_operator.py for tasks to queue
[2021-12-21 00:08:59,302] {logging_mixin.py:104} INFO - [2021-12-21 00:08:59,302] {dagbag.py:496} INFO - Filling up the DagBag from /home/airflow/.local/lib/python3.8/site-packages/airflow/example_dags/example_branch_operator.py
[2021-12-21 00:08:59,330] {scheduler_job.py:643} INFO - DAG(s) dict_keys(['example_branch_operator']) retrieved from /home/airflow/.local/lib/python3.8/site-packages/airflow/example_dags/example_branch_operator.py
[2021-12-21 00:08:59,379] {logging_mixin.py:104} INFO - [2021-12-21 00:08:59,379] {dag.py:1833} INFO - Sync 1 DAGs
[2021-12-21 00:08:59,406] {logging_mixin.py:104} INFO - [2021-12-21 00:08:59,406] {dag.py:2306} INFO - Setting next_dagrun for example_branch_operator to 2021-12-19 00:00:00+00:00
[2021-12-21 00:08:59,427] {scheduler_job.py:190} INFO - Processing /home/airflow/.local/lib/python3.8/site-packages/airflow/example_dags/example_branch_operator.py took 0.139 seconds
[2021-12-21 00:09:29,824] {scheduler_job.py:182} INFO - Started process (PID=10464) to work on /home/airflow/.local/lib/python3.8/site-packages/airflow/example_dags/example_branch_operator.py
[2021-12-21 00:09:29,829] {scheduler_job.py:633} INFO - Processing file /home/airflow/.local/lib/python3.8/site-packages/airflow/example_dags/example_branch_operator.py for tasks to queue
[2021-12-21 00:09:29,834] {logging_mixin.py:104} INFO - [2021-12-21 00:09:29,833] {dagbag.py:496} INFO - Filling up the DagBag from /home/airflow/.local/lib/python3.8/site-packages/airflow/example_dags/example_branch_operator.py
[2021-12-21 00:09:29,877] {scheduler_job.py:643} INFO - DAG(s) dict_keys(['example_branch_operator']) retrieved from /home/airflow/.local/lib/python3.8/site-packages/airflow/example_dags/example_branch_operator.py
[2021-12-21 00:09:29,950] {logging_mixin.py:104} INFO - [2021-12-21 00:09:29,950] {dag.py:1833} INFO - Sync 1 DAGs
[2021-12-21 00:09:29,997] {logging_mixin.py:104} INFO - [2021-12-21 00:09:29,997] {dag.py:2306} INFO - Setting next_dagrun for example_branch_operator to 2021-12-19 00:00:00+00:00
[2021-12-21 00:09:30,039] {scheduler_job.py:190} INFO - Processing /home/airflow/.local/lib/python3.8/site-packages/airflow/example_dags/example_branch_operator.py took 0.220 seconds
[2021-12-21 00:10:00,372] {scheduler_job.py:182} INFO - Started process (PID=10495) to work on /home/airflow/.local/lib/python3.8/site-packages/airflow/example_dags/example_branch_operator.py
[2021-12-21 00:10:00,380] {scheduler_job.py:633} INFO - Processing file /home/airflow/.local/lib/python3.8/site-packages/airflow/example_dags/example_branch_operator.py for tasks to queue
[2021-12-21 00:10:00,385] {logging_mixin.py:104} INFO - [2021-12-21 00:10:00,384] {dagbag.py:496} INFO - Filling up the DagBag from /home/airflow/.local/lib/python3.8/site-packages/airflow/example_dags/example_branch_operator.py
[2021-12-21 00:10:00,412] {scheduler_job.py:643} INFO - DAG(s) dict_keys(['example_branch_operator']) retrieved from /home/airflow/.local/lib/python3.8/site-packages/airflow/example_dags/example_branch_operator.py
[2021-12-21 00:10:00,475] {logging_mixin.py:104} INFO - [2021-12-21 00:10:00,475] {dag.py:1833} INFO - Sync 1 DAGs
[2021-12-21 00:10:00,510] {logging_mixin.py:104} INFO - [2021-12-21 00:10:00,510] {dag.py:2306} INFO - Setting next_dagrun for example_branch_operator to 2021-12-19 00:00:00+00:00
[2021-12-21 00:10:00,553] {scheduler_job.py:190} INFO - Processing /home/airflow/.local/lib/python3.8/site-packages/airflow/example_dags/example_branch_operator.py took 0.186 seconds
[2021-12-21 00:10:30,831] {scheduler_job.py:182} INFO - Started process (PID=10526) to work on /home/airflow/.local/lib/python3.8/site-packages/airflow/example_dags/example_branch_operator.py
[2021-12-21 00:10:30,841] {scheduler_job.py:633} INFO - Processing file /home/airflow/.local/lib/python3.8/site-packages/airflow/example_dags/example_branch_operator.py for tasks to queue
[2021-12-21 00:10:30,846] {logging_mixin.py:104} INFO - [2021-12-21 00:10:30,846] {dagbag.py:496} INFO - Filling up the DagBag from /home/airflow/.local/lib/python3.8/site-packages/airflow/example_dags/example_branch_operator.py
[2021-12-21 00:10:30,885] {scheduler_job.py:643} INFO - DAG(s) dict_keys(['example_branch_operator']) retrieved from /home/airflow/.local/lib/python3.8/site-packages/airflow/example_dags/example_branch_operator.py
[2021-12-21 00:10:30,959] {logging_mixin.py:104} INFO - [2021-12-21 00:10:30,958] {dag.py:1833} INFO - Sync 1 DAGs
[2021-12-21 00:10:30,995] {logging_mixin.py:104} INFO - [2021-12-21 00:10:30,995] {dag.py:2306} INFO - Setting next_dagrun for example_branch_operator to 2021-12-19 00:00:00+00:00
[2021-12-21 00:10:31,022] {scheduler_job.py:190} INFO - Processing /home/airflow/.local/lib/python3.8/site-packages/airflow/example_dags/example_branch_operator.py took 0.205 seconds
[2021-12-21 00:11:01,182] {scheduler_job.py:182} INFO - Started process (PID=10557) to work on /home/airflow/.local/lib/python3.8/site-packages/airflow/example_dags/example_branch_operator.py
[2021-12-21 00:11:01,187] {scheduler_job.py:633} INFO - Processing file /home/airflow/.local/lib/python3.8/site-packages/airflow/example_dags/example_branch_operator.py for tasks to queue
[2021-12-21 00:11:01,192] {logging_mixin.py:104} INFO - [2021-12-21 00:11:01,191] {dagbag.py:496} INFO - Filling up the DagBag from /home/airflow/.local/lib/python3.8/site-packages/airflow/example_dags/example_branch_operator.py
[2021-12-21 00:11:01,229] {scheduler_job.py:643} INFO - DAG(s) dict_keys(['example_branch_operator']) retrieved from /home/airflow/.local/lib/python3.8/site-packages/airflow/example_dags/example_branch_operator.py
[2021-12-21 00:11:01,278] {logging_mixin.py:104} INFO - [2021-12-21 00:11:01,278] {dag.py:1833} INFO - Sync 1 DAGs
[2021-12-21 00:11:01,306] {logging_mixin.py:104} INFO - [2021-12-21 00:11:01,306] {dag.py:2306} INFO - Setting next_dagrun for example_branch_operator to 2021-12-19 00:00:00+00:00
[2021-12-21 00:11:01,330] {scheduler_job.py:190} INFO - Processing /home/airflow/.local/lib/python3.8/site-packages/airflow/example_dags/example_branch_operator.py took 0.160 seconds
[2021-12-21 00:11:31,430] {scheduler_job.py:182} INFO - Started process (PID=10588) to work on /home/airflow/.local/lib/python3.8/site-packages/airflow/example_dags/example_branch_operator.py
[2021-12-21 00:11:31,435] {scheduler_job.py:633} INFO - Processing file /home/airflow/.local/lib/python3.8/site-packages/airflow/example_dags/example_branch_operator.py for tasks to queue
[2021-12-21 00:11:31,437] {logging_mixin.py:104} INFO - [2021-12-21 00:11:31,437] {dagbag.py:496} INFO - Filling up the DagBag from /home/airflow/.local/lib/python3.8/site-packages/airflow/example_dags/example_branch_operator.py
[2021-12-21 00:11:31,460] {scheduler_job.py:643} INFO - DAG(s) dict_keys(['example_branch_operator']) retrieved from /home/airflow/.local/lib/python3.8/site-packages/airflow/example_dags/example_branch_operator.py
[2021-12-21 00:11:31,519] {logging_mixin.py:104} INFO - [2021-12-21 00:11:31,519] {dag.py:1833} INFO - Sync 1 DAGs
[2021-12-21 00:11:31,552] {logging_mixin.py:104} INFO - [2021-12-21 00:11:31,552] {dag.py:2306} INFO - Setting next_dagrun for example_branch_operator to 2021-12-19 00:00:00+00:00
[2021-12-21 00:11:31,576] {scheduler_job.py:190} INFO - Processing /home/airflow/.local/lib/python3.8/site-packages/airflow/example_dags/example_branch_operator.py took 0.163 seconds
[2021-12-21 00:12:01,803] {scheduler_job.py:182} INFO - Started process (PID=10619) to work on /home/airflow/.local/lib/python3.8/site-packages/airflow/example_dags/example_branch_operator.py
[2021-12-21 00:12:01,812] {scheduler_job.py:633} INFO - Processing file /home/airflow/.local/lib/python3.8/site-packages/airflow/example_dags/example_branch_operator.py for tasks to queue
[2021-12-21 00:12:01,819] {logging_mixin.py:104} INFO - [2021-12-21 00:12:01,818] {dagbag.py:496} INFO - Filling up the DagBag from /home/airflow/.local/lib/python3.8/site-packages/airflow/example_dags/example_branch_operator.py
[2021-12-21 00:12:01,858] {scheduler_job.py:643} INFO - DAG(s) dict_keys(['example_branch_operator']) retrieved from /home/airflow/.local/lib/python3.8/site-packages/airflow/example_dags/example_branch_operator.py
[2021-12-21 00:12:01,970] {logging_mixin.py:104} INFO - [2021-12-21 00:12:01,969] {dag.py:1833} INFO - Sync 1 DAGs
[2021-12-21 00:12:02,027] {logging_mixin.py:104} INFO - [2021-12-21 00:12:02,027] {dag.py:2306} INFO - Setting next_dagrun for example_branch_operator to 2021-12-19 00:00:00+00:00
[2021-12-21 00:12:02,092] {scheduler_job.py:190} INFO - Processing /home/airflow/.local/lib/python3.8/site-packages/airflow/example_dags/example_branch_operator.py took 0.295 seconds
[2021-12-21 00:12:32,466] {scheduler_job.py:182} INFO - Started process (PID=10650) to work on /home/airflow/.local/lib/python3.8/site-packages/airflow/example_dags/example_branch_operator.py
[2021-12-21 00:12:32,480] {scheduler_job.py:633} INFO - Processing file /home/airflow/.local/lib/python3.8/site-packages/airflow/example_dags/example_branch_operator.py for tasks to queue
[2021-12-21 00:12:32,485] {logging_mixin.py:104} INFO - [2021-12-21 00:12:32,484] {dagbag.py:496} INFO - Filling up the DagBag from /home/airflow/.local/lib/python3.8/site-packages/airflow/example_dags/example_branch_operator.py
[2021-12-21 00:12:32,513] {scheduler_job.py:643} INFO - DAG(s) dict_keys(['example_branch_operator']) retrieved from /home/airflow/.local/lib/python3.8/site-packages/airflow/example_dags/example_branch_operator.py
[2021-12-21 00:12:32,562] {logging_mixin.py:104} INFO - [2021-12-21 00:12:32,562] {dag.py:1833} INFO - Sync 1 DAGs
[2021-12-21 00:12:32,587] {logging_mixin.py:104} INFO - [2021-12-21 00:12:32,587] {dag.py:2306} INFO - Setting next_dagrun for example_branch_operator to 2021-12-19 00:00:00+00:00
[2021-12-21 00:12:32,611] {scheduler_job.py:190} INFO - Processing /home/airflow/.local/lib/python3.8/site-packages/airflow/example_dags/example_branch_operator.py took 0.151 seconds
[2021-12-21 00:13:03,089] {scheduler_job.py:182} INFO - Started process (PID=10681) to work on /home/airflow/.local/lib/python3.8/site-packages/airflow/example_dags/example_branch_operator.py
[2021-12-21 00:13:03,093] {scheduler_job.py:633} INFO - Processing file /home/airflow/.local/lib/python3.8/site-packages/airflow/example_dags/example_branch_operator.py for tasks to queue
[2021-12-21 00:13:03,097] {logging_mixin.py:104} INFO - [2021-12-21 00:13:03,097] {dagbag.py:496} INFO - Filling up the DagBag from /home/airflow/.local/lib/python3.8/site-packages/airflow/example_dags/example_branch_operator.py
[2021-12-21 00:13:03,136] {scheduler_job.py:643} INFO - DAG(s) dict_keys(['example_branch_operator']) retrieved from /home/airflow/.local/lib/python3.8/site-packages/airflow/example_dags/example_branch_operator.py
[2021-12-21 00:13:03,227] {logging_mixin.py:104} INFO - [2021-12-21 00:13:03,226] {dag.py:1833} INFO - Sync 1 DAGs
[2021-12-21 00:13:03,272] {logging_mixin.py:104} INFO - [2021-12-21 00:13:03,272] {dag.py:2306} INFO - Setting next_dagrun for example_branch_operator to 2021-12-19 00:00:00+00:00
[2021-12-21 00:13:03,303] {scheduler_job.py:190} INFO - Processing /home/airflow/.local/lib/python3.8/site-packages/airflow/example_dags/example_branch_operator.py took 0.225 seconds
[2021-12-21 00:13:34,008] {scheduler_job.py:182} INFO - Started process (PID=10712) to work on /home/airflow/.local/lib/python3.8/site-packages/airflow/example_dags/example_branch_operator.py
[2021-12-21 00:13:34,035] {scheduler_job.py:633} INFO - Processing file /home/airflow/.local/lib/python3.8/site-packages/airflow/example_dags/example_branch_operator.py for tasks to queue
[2021-12-21 00:13:34,042] {logging_mixin.py:104} INFO - [2021-12-21 00:13:34,041] {dagbag.py:496} INFO - Filling up the DagBag from /home/airflow/.local/lib/python3.8/site-packages/airflow/example_dags/example_branch_operator.py
[2021-12-21 00:13:34,091] {scheduler_job.py:643} INFO - DAG(s) dict_keys(['example_branch_operator']) retrieved from /home/airflow/.local/lib/python3.8/site-packages/airflow/example_dags/example_branch_operator.py
[2021-12-21 00:13:34,211] {logging_mixin.py:104} INFO - [2021-12-21 00:13:34,211] {dag.py:1833} INFO - Sync 1 DAGs
[2021-12-21 00:13:34,253] {logging_mixin.py:104} INFO - [2021-12-21 00:13:34,253] {dag.py:2306} INFO - Setting next_dagrun for example_branch_operator to 2021-12-19 00:00:00+00:00
[2021-12-21 00:13:34,313] {scheduler_job.py:190} INFO - Processing /home/airflow/.local/lib/python3.8/site-packages/airflow/example_dags/example_branch_operator.py took 0.311 seconds
[2021-12-21 00:14:04,937] {scheduler_job.py:182} INFO - Started process (PID=10743) to work on /home/airflow/.local/lib/python3.8/site-packages/airflow/example_dags/example_branch_operator.py
[2021-12-21 00:14:04,942] {scheduler_job.py:633} INFO - Processing file /home/airflow/.local/lib/python3.8/site-packages/airflow/example_dags/example_branch_operator.py for tasks to queue
[2021-12-21 00:14:04,945] {logging_mixin.py:104} INFO - [2021-12-21 00:14:04,945] {dagbag.py:496} INFO - Filling up the DagBag from /home/airflow/.local/lib/python3.8/site-packages/airflow/example_dags/example_branch_operator.py
[2021-12-21 00:14:04,968] {scheduler_job.py:643} INFO - DAG(s) dict_keys(['example_branch_operator']) retrieved from /home/airflow/.local/lib/python3.8/site-packages/airflow/example_dags/example_branch_operator.py
[2021-12-21 00:14:05,028] {logging_mixin.py:104} INFO - [2021-12-21 00:14:05,028] {dag.py:1833} INFO - Sync 1 DAGs
[2021-12-21 00:14:05,052] {logging_mixin.py:104} INFO - [2021-12-21 00:14:05,051] {dag.py:2306} INFO - Setting next_dagrun for example_branch_operator to 2021-12-19 00:00:00+00:00
[2021-12-21 00:14:05,071] {scheduler_job.py:190} INFO - Processing /home/airflow/.local/lib/python3.8/site-packages/airflow/example_dags/example_branch_operator.py took 0.143 seconds
[2021-12-21 00:14:35,296] {scheduler_job.py:182} INFO - Started process (PID=10774) to work on /home/airflow/.local/lib/python3.8/site-packages/airflow/example_dags/example_branch_operator.py
[2021-12-21 00:14:35,299] {scheduler_job.py:633} INFO - Processing file /home/airflow/.local/lib/python3.8/site-packages/airflow/example_dags/example_branch_operator.py for tasks to queue
[2021-12-21 00:14:35,302] {logging_mixin.py:104} INFO - [2021-12-21 00:14:35,302] {dagbag.py:496} INFO - Filling up the DagBag from /home/airflow/.local/lib/python3.8/site-packages/airflow/example_dags/example_branch_operator.py
[2021-12-21 00:14:35,329] {scheduler_job.py:643} INFO - DAG(s) dict_keys(['example_branch_operator']) retrieved from /home/airflow/.local/lib/python3.8/site-packages/airflow/example_dags/example_branch_operator.py
[2021-12-21 00:14:35,389] {logging_mixin.py:104} INFO - [2021-12-21 00:14:35,389] {dag.py:1833} INFO - Sync 1 DAGs
[2021-12-21 00:14:35,410] {logging_mixin.py:104} INFO - [2021-12-21 00:14:35,410] {dag.py:2306} INFO - Setting next_dagrun for example_branch_operator to 2021-12-19 00:00:00+00:00
[2021-12-21 00:14:35,433] {scheduler_job.py:190} INFO - Processing /home/airflow/.local/lib/python3.8/site-packages/airflow/example_dags/example_branch_operator.py took 0.147 seconds
[2021-12-21 00:15:05,671] {scheduler_job.py:182} INFO - Started process (PID=10805) to work on /home/airflow/.local/lib/python3.8/site-packages/airflow/example_dags/example_branch_operator.py
[2021-12-21 00:15:05,676] {scheduler_job.py:633} INFO - Processing file /home/airflow/.local/lib/python3.8/site-packages/airflow/example_dags/example_branch_operator.py for tasks to queue
[2021-12-21 00:15:05,679] {logging_mixin.py:104} INFO - [2021-12-21 00:15:05,679] {dagbag.py:496} INFO - Filling up the DagBag from /home/airflow/.local/lib/python3.8/site-packages/airflow/example_dags/example_branch_operator.py
[2021-12-21 00:15:05,716] {scheduler_job.py:643} INFO - DAG(s) dict_keys(['example_branch_operator']) retrieved from /home/airflow/.local/lib/python3.8/site-packages/airflow/example_dags/example_branch_operator.py
[2021-12-21 00:15:05,762] {logging_mixin.py:104} INFO - [2021-12-21 00:15:05,761] {dag.py:1833} INFO - Sync 1 DAGs
[2021-12-21 00:15:05,785] {logging_mixin.py:104} INFO - [2021-12-21 00:15:05,785] {dag.py:2306} INFO - Setting next_dagrun for example_branch_operator to 2021-12-19 00:00:00+00:00
[2021-12-21 00:15:05,808] {scheduler_job.py:190} INFO - Processing /home/airflow/.local/lib/python3.8/site-packages/airflow/example_dags/example_branch_operator.py took 0.149 seconds
[2021-12-21 00:15:35,981] {scheduler_job.py:182} INFO - Started process (PID=10836) to work on /home/airflow/.local/lib/python3.8/site-packages/airflow/example_dags/example_branch_operator.py
[2021-12-21 00:15:35,996] {scheduler_job.py:633} INFO - Processing file /home/airflow/.local/lib/python3.8/site-packages/airflow/example_dags/example_branch_operator.py for tasks to queue
[2021-12-21 00:15:35,999] {logging_mixin.py:104} INFO - [2021-12-21 00:15:35,999] {dagbag.py:496} INFO - Filling up the DagBag from /home/airflow/.local/lib/python3.8/site-packages/airflow/example_dags/example_branch_operator.py
[2021-12-21 00:15:36,058] {scheduler_job.py:643} INFO - DAG(s) dict_keys(['example_branch_operator']) retrieved from /home/airflow/.local/lib/python3.8/site-packages/airflow/example_dags/example_branch_operator.py
[2021-12-21 00:15:36,142] {logging_mixin.py:104} INFO - [2021-12-21 00:15:36,141] {dag.py:1833} INFO - Sync 1 DAGs
[2021-12-21 00:15:36,170] {logging_mixin.py:104} INFO - [2021-12-21 00:15:36,170] {dag.py:2306} INFO - Setting next_dagrun for example_branch_operator to 2021-12-19 00:00:00+00:00
[2021-12-21 00:15:36,193] {scheduler_job.py:190} INFO - Processing /home/airflow/.local/lib/python3.8/site-packages/airflow/example_dags/example_branch_operator.py took 0.228 seconds
[2021-12-21 00:16:06,408] {scheduler_job.py:182} INFO - Started process (PID=10867) to work on /home/airflow/.local/lib/python3.8/site-packages/airflow/example_dags/example_branch_operator.py
[2021-12-21 00:16:06,412] {scheduler_job.py:633} INFO - Processing file /home/airflow/.local/lib/python3.8/site-packages/airflow/example_dags/example_branch_operator.py for tasks to queue
[2021-12-21 00:16:06,416] {logging_mixin.py:104} INFO - [2021-12-21 00:16:06,416] {dagbag.py:496} INFO - Filling up the DagBag from /home/airflow/.local/lib/python3.8/site-packages/airflow/example_dags/example_branch_operator.py
[2021-12-21 00:16:06,469] {scheduler_job.py:643} INFO - DAG(s) dict_keys(['example_branch_operator']) retrieved from /home/airflow/.local/lib/python3.8/site-packages/airflow/example_dags/example_branch_operator.py
[2021-12-21 00:16:06,538] {logging_mixin.py:104} INFO - [2021-12-21 00:16:06,537] {dag.py:1833} INFO - Sync 1 DAGs
[2021-12-21 00:16:06,566] {logging_mixin.py:104} INFO - [2021-12-21 00:16:06,566] {dag.py:2306} INFO - Setting next_dagrun for example_branch_operator to 2021-12-19 00:00:00+00:00
[2021-12-21 00:16:06,589] {scheduler_job.py:190} INFO - Processing /home/airflow/.local/lib/python3.8/site-packages/airflow/example_dags/example_branch_operator.py took 0.189 seconds
[2021-12-21 00:16:36,658] {scheduler_job.py:182} INFO - Started process (PID=10898) to work on /home/airflow/.local/lib/python3.8/site-packages/airflow/example_dags/example_branch_operator.py
[2021-12-21 00:16:36,662] {scheduler_job.py:633} INFO - Processing file /home/airflow/.local/lib/python3.8/site-packages/airflow/example_dags/example_branch_operator.py for tasks to queue
[2021-12-21 00:16:36,665] {logging_mixin.py:104} INFO - [2021-12-21 00:16:36,665] {dagbag.py:496} INFO - Filling up the DagBag from /home/airflow/.local/lib/python3.8/site-packages/airflow/example_dags/example_branch_operator.py
[2021-12-21 00:16:36,708] {scheduler_job.py:643} INFO - DAG(s) dict_keys(['example_branch_operator']) retrieved from /home/airflow/.local/lib/python3.8/site-packages/airflow/example_dags/example_branch_operator.py
[2021-12-21 00:16:36,779] {logging_mixin.py:104} INFO - [2021-12-21 00:16:36,779] {dag.py:1833} INFO - Sync 1 DAGs
[2021-12-21 00:16:36,829] {logging_mixin.py:104} INFO - [2021-12-21 00:16:36,829] {dag.py:2306} INFO - Setting next_dagrun for example_branch_operator to 2021-12-19 00:00:00+00:00
[2021-12-21 00:16:36,857] {scheduler_job.py:190} INFO - Processing /home/airflow/.local/lib/python3.8/site-packages/airflow/example_dags/example_branch_operator.py took 0.222 seconds
[2021-12-21 00:17:07,288] {scheduler_job.py:182} INFO - Started process (PID=10929) to work on /home/airflow/.local/lib/python3.8/site-packages/airflow/example_dags/example_branch_operator.py
[2021-12-21 00:17:07,291] {scheduler_job.py:633} INFO - Processing file /home/airflow/.local/lib/python3.8/site-packages/airflow/example_dags/example_branch_operator.py for tasks to queue
[2021-12-21 00:17:07,294] {logging_mixin.py:104} INFO - [2021-12-21 00:17:07,293] {dagbag.py:496} INFO - Filling up the DagBag from /home/airflow/.local/lib/python3.8/site-packages/airflow/example_dags/example_branch_operator.py
[2021-12-21 00:17:07,344] {scheduler_job.py:643} INFO - DAG(s) dict_keys(['example_branch_operator']) retrieved from /home/airflow/.local/lib/python3.8/site-packages/airflow/example_dags/example_branch_operator.py
[2021-12-21 00:17:07,405] {logging_mixin.py:104} INFO - [2021-12-21 00:17:07,404] {dag.py:1833} INFO - Sync 1 DAGs
[2021-12-21 00:17:07,435] {logging_mixin.py:104} INFO - [2021-12-21 00:17:07,434] {dag.py:2306} INFO - Setting next_dagrun for example_branch_operator to 2021-12-19 00:00:00+00:00
[2021-12-21 00:17:07,462] {scheduler_job.py:190} INFO - Processing /home/airflow/.local/lib/python3.8/site-packages/airflow/example_dags/example_branch_operator.py took 0.190 seconds
[2021-12-21 00:17:37,697] {scheduler_job.py:182} INFO - Started process (PID=10960) to work on /home/airflow/.local/lib/python3.8/site-packages/airflow/example_dags/example_branch_operator.py
[2021-12-21 00:17:37,701] {scheduler_job.py:633} INFO - Processing file /home/airflow/.local/lib/python3.8/site-packages/airflow/example_dags/example_branch_operator.py for tasks to queue
[2021-12-21 00:17:37,705] {logging_mixin.py:104} INFO - [2021-12-21 00:17:37,705] {dagbag.py:496} INFO - Filling up the DagBag from /home/airflow/.local/lib/python3.8/site-packages/airflow/example_dags/example_branch_operator.py
[2021-12-21 00:17:37,741] {scheduler_job.py:643} INFO - DAG(s) dict_keys(['example_branch_operator']) retrieved from /home/airflow/.local/lib/python3.8/site-packages/airflow/example_dags/example_branch_operator.py
[2021-12-21 00:17:37,795] {logging_mixin.py:104} INFO - [2021-12-21 00:17:37,795] {dag.py:1833} INFO - Sync 1 DAGs
[2021-12-21 00:17:37,835] {logging_mixin.py:104} INFO - [2021-12-21 00:17:37,835] {dag.py:2306} INFO - Setting next_dagrun for example_branch_operator to 2021-12-19 00:00:00+00:00
[2021-12-21 00:17:37,873] {scheduler_job.py:190} INFO - Processing /home/airflow/.local/lib/python3.8/site-packages/airflow/example_dags/example_branch_operator.py took 0.182 seconds
[2021-12-21 00:18:08,523] {scheduler_job.py:182} INFO - Started process (PID=10991) to work on /home/airflow/.local/lib/python3.8/site-packages/airflow/example_dags/example_branch_operator.py
[2021-12-21 00:18:08,537] {scheduler_job.py:633} INFO - Processing file /home/airflow/.local/lib/python3.8/site-packages/airflow/example_dags/example_branch_operator.py for tasks to queue
[2021-12-21 00:18:08,543] {logging_mixin.py:104} INFO - [2021-12-21 00:18:08,542] {dagbag.py:496} INFO - Filling up the DagBag from /home/airflow/.local/lib/python3.8/site-packages/airflow/example_dags/example_branch_operator.py
[2021-12-21 00:18:08,604] {scheduler_job.py:643} INFO - DAG(s) dict_keys(['example_branch_operator']) retrieved from /home/airflow/.local/lib/python3.8/site-packages/airflow/example_dags/example_branch_operator.py
[2021-12-21 00:18:08,936] {logging_mixin.py:104} INFO - [2021-12-21 00:18:08,936] {dag.py:1833} INFO - Sync 1 DAGs
[2021-12-21 00:18:09,020] {logging_mixin.py:104} INFO - [2021-12-21 00:18:09,020] {dag.py:2306} INFO - Setting next_dagrun for example_branch_operator to 2021-12-19 00:00:00+00:00
[2021-12-21 00:18:09,104] {scheduler_job.py:190} INFO - Processing /home/airflow/.local/lib/python3.8/site-packages/airflow/example_dags/example_branch_operator.py took 0.587 seconds
[2021-12-21 00:18:39,251] {scheduler_job.py:182} INFO - Started process (PID=11022) to work on /home/airflow/.local/lib/python3.8/site-packages/airflow/example_dags/example_branch_operator.py
[2021-12-21 00:18:39,265] {scheduler_job.py:633} INFO - Processing file /home/airflow/.local/lib/python3.8/site-packages/airflow/example_dags/example_branch_operator.py for tasks to queue
[2021-12-21 00:18:39,270] {logging_mixin.py:104} INFO - [2021-12-21 00:18:39,269] {dagbag.py:496} INFO - Filling up the DagBag from /home/airflow/.local/lib/python3.8/site-packages/airflow/example_dags/example_branch_operator.py
[2021-12-21 00:18:39,295] {scheduler_job.py:643} INFO - DAG(s) dict_keys(['example_branch_operator']) retrieved from /home/airflow/.local/lib/python3.8/site-packages/airflow/example_dags/example_branch_operator.py
[2021-12-21 00:18:39,346] {logging_mixin.py:104} INFO - [2021-12-21 00:18:39,346] {dag.py:1833} INFO - Sync 1 DAGs
[2021-12-21 00:18:39,375] {logging_mixin.py:104} INFO - [2021-12-21 00:18:39,375] {dag.py:2306} INFO - Setting next_dagrun for example_branch_operator to 2021-12-19 00:00:00+00:00
[2021-12-21 00:18:39,431] {scheduler_job.py:190} INFO - Processing /home/airflow/.local/lib/python3.8/site-packages/airflow/example_dags/example_branch_operator.py took 0.191 seconds
[2021-12-21 00:19:09,891] {scheduler_job.py:182} INFO - Started process (PID=11053) to work on /home/airflow/.local/lib/python3.8/site-packages/airflow/example_dags/example_branch_operator.py
[2021-12-21 00:19:09,899] {scheduler_job.py:633} INFO - Processing file /home/airflow/.local/lib/python3.8/site-packages/airflow/example_dags/example_branch_operator.py for tasks to queue
[2021-12-21 00:19:09,904] {logging_mixin.py:104} INFO - [2021-12-21 00:19:09,903] {dagbag.py:496} INFO - Filling up the DagBag from /home/airflow/.local/lib/python3.8/site-packages/airflow/example_dags/example_branch_operator.py
[2021-12-21 00:19:09,952] {scheduler_job.py:643} INFO - DAG(s) dict_keys(['example_branch_operator']) retrieved from /home/airflow/.local/lib/python3.8/site-packages/airflow/example_dags/example_branch_operator.py
[2021-12-21 00:19:10,055] {logging_mixin.py:104} INFO - [2021-12-21 00:19:10,054] {dag.py:1833} INFO - Sync 1 DAGs
[2021-12-21 00:19:10,111] {logging_mixin.py:104} INFO - [2021-12-21 00:19:10,111] {dag.py:2306} INFO - Setting next_dagrun for example_branch_operator to 2021-12-19 00:00:00+00:00
[2021-12-21 00:19:10,188] {scheduler_job.py:190} INFO - Processing /home/airflow/.local/lib/python3.8/site-packages/airflow/example_dags/example_branch_operator.py took 0.309 seconds
[2021-12-21 00:19:40,661] {scheduler_job.py:182} INFO - Started process (PID=11084) to work on /home/airflow/.local/lib/python3.8/site-packages/airflow/example_dags/example_branch_operator.py
[2021-12-21 00:19:40,664] {scheduler_job.py:633} INFO - Processing file /home/airflow/.local/lib/python3.8/site-packages/airflow/example_dags/example_branch_operator.py for tasks to queue
[2021-12-21 00:19:40,666] {logging_mixin.py:104} INFO - [2021-12-21 00:19:40,666] {dagbag.py:496} INFO - Filling up the DagBag from /home/airflow/.local/lib/python3.8/site-packages/airflow/example_dags/example_branch_operator.py
[2021-12-21 00:19:40,715] {scheduler_job.py:643} INFO - DAG(s) dict_keys(['example_branch_operator']) retrieved from /home/airflow/.local/lib/python3.8/site-packages/airflow/example_dags/example_branch_operator.py
[2021-12-21 00:19:40,828] {logging_mixin.py:104} INFO - [2021-12-21 00:19:40,828] {dag.py:1833} INFO - Sync 1 DAGs
[2021-12-21 00:19:40,889] {logging_mixin.py:104} INFO - [2021-12-21 00:19:40,889] {dag.py:2306} INFO - Setting next_dagrun for example_branch_operator to 2021-12-19 00:00:00+00:00
[2021-12-21 00:19:40,934] {scheduler_job.py:190} INFO - Processing /home/airflow/.local/lib/python3.8/site-packages/airflow/example_dags/example_branch_operator.py took 0.277 seconds
[2021-12-21 00:20:11,623] {scheduler_job.py:182} INFO - Started process (PID=11115) to work on /home/airflow/.local/lib/python3.8/site-packages/airflow/example_dags/example_branch_operator.py
[2021-12-21 00:20:11,640] {scheduler_job.py:633} INFO - Processing file /home/airflow/.local/lib/python3.8/site-packages/airflow/example_dags/example_branch_operator.py for tasks to queue
[2021-12-21 00:20:11,645] {logging_mixin.py:104} INFO - [2021-12-21 00:20:11,644] {dagbag.py:496} INFO - Filling up the DagBag from /home/airflow/.local/lib/python3.8/site-packages/airflow/example_dags/example_branch_operator.py
[2021-12-21 00:20:11,692] {scheduler_job.py:643} INFO - DAG(s) dict_keys(['example_branch_operator']) retrieved from /home/airflow/.local/lib/python3.8/site-packages/airflow/example_dags/example_branch_operator.py
[2021-12-21 00:20:11,759] {logging_mixin.py:104} INFO - [2021-12-21 00:20:11,759] {dag.py:1833} INFO - Sync 1 DAGs
[2021-12-21 00:20:11,809] {logging_mixin.py:104} INFO - [2021-12-21 00:20:11,809] {dag.py:2306} INFO - Setting next_dagrun for example_branch_operator to 2021-12-19 00:00:00+00:00
[2021-12-21 00:20:11,839] {scheduler_job.py:190} INFO - Processing /home/airflow/.local/lib/python3.8/site-packages/airflow/example_dags/example_branch_operator.py took 0.232 seconds
[2021-12-21 00:20:42,005] {scheduler_job.py:182} INFO - Started process (PID=11147) to work on /home/airflow/.local/lib/python3.8/site-packages/airflow/example_dags/example_branch_operator.py
[2021-12-21 00:20:42,009] {scheduler_job.py:633} INFO - Processing file /home/airflow/.local/lib/python3.8/site-packages/airflow/example_dags/example_branch_operator.py for tasks to queue
[2021-12-21 00:20:42,011] {logging_mixin.py:104} INFO - [2021-12-21 00:20:42,011] {dagbag.py:496} INFO - Filling up the DagBag from /home/airflow/.local/lib/python3.8/site-packages/airflow/example_dags/example_branch_operator.py
[2021-12-21 00:20:42,032] {scheduler_job.py:643} INFO - DAG(s) dict_keys(['example_branch_operator']) retrieved from /home/airflow/.local/lib/python3.8/site-packages/airflow/example_dags/example_branch_operator.py
[2021-12-21 00:20:42,081] {logging_mixin.py:104} INFO - [2021-12-21 00:20:42,080] {dag.py:1833} INFO - Sync 1 DAGs
[2021-12-21 00:20:42,110] {logging_mixin.py:104} INFO - [2021-12-21 00:20:42,110] {dag.py:2306} INFO - Setting next_dagrun for example_branch_operator to 2021-12-19 00:00:00+00:00
[2021-12-21 00:20:42,131] {scheduler_job.py:190} INFO - Processing /home/airflow/.local/lib/python3.8/site-packages/airflow/example_dags/example_branch_operator.py took 0.131 seconds
[2021-12-21 00:21:12,320] {scheduler_job.py:182} INFO - Started process (PID=11175) to work on /home/airflow/.local/lib/python3.8/site-packages/airflow/example_dags/example_branch_operator.py
[2021-12-21 00:21:12,326] {scheduler_job.py:633} INFO - Processing file /home/airflow/.local/lib/python3.8/site-packages/airflow/example_dags/example_branch_operator.py for tasks to queue
[2021-12-21 00:21:12,331] {logging_mixin.py:104} INFO - [2021-12-21 00:21:12,330] {dagbag.py:496} INFO - Filling up the DagBag from /home/airflow/.local/lib/python3.8/site-packages/airflow/example_dags/example_branch_operator.py
[2021-12-21 00:21:12,369] {scheduler_job.py:643} INFO - DAG(s) dict_keys(['example_branch_operator']) retrieved from /home/airflow/.local/lib/python3.8/site-packages/airflow/example_dags/example_branch_operator.py
[2021-12-21 00:21:12,431] {logging_mixin.py:104} INFO - [2021-12-21 00:21:12,431] {dag.py:1833} INFO - Sync 1 DAGs
[2021-12-21 00:21:12,495] {logging_mixin.py:104} INFO - [2021-12-21 00:21:12,495] {dag.py:2306} INFO - Setting next_dagrun for example_branch_operator to 2021-12-19 00:00:00+00:00
[2021-12-21 00:21:12,554] {scheduler_job.py:190} INFO - Processing /home/airflow/.local/lib/python3.8/site-packages/airflow/example_dags/example_branch_operator.py took 0.245 seconds
[2021-12-21 00:21:43,485] {scheduler_job.py:182} INFO - Started process (PID=11206) to work on /home/airflow/.local/lib/python3.8/site-packages/airflow/example_dags/example_branch_operator.py
[2021-12-21 00:21:43,490] {scheduler_job.py:633} INFO - Processing file /home/airflow/.local/lib/python3.8/site-packages/airflow/example_dags/example_branch_operator.py for tasks to queue
[2021-12-21 00:21:43,497] {logging_mixin.py:104} INFO - [2021-12-21 00:21:43,496] {dagbag.py:496} INFO - Filling up the DagBag from /home/airflow/.local/lib/python3.8/site-packages/airflow/example_dags/example_branch_operator.py
[2021-12-21 00:21:43,535] {scheduler_job.py:643} INFO - DAG(s) dict_keys(['example_branch_operator']) retrieved from /home/airflow/.local/lib/python3.8/site-packages/airflow/example_dags/example_branch_operator.py
[2021-12-21 00:21:43,591] {logging_mixin.py:104} INFO - [2021-12-21 00:21:43,591] {dag.py:1833} INFO - Sync 1 DAGs
[2021-12-21 00:21:43,626] {logging_mixin.py:104} INFO - [2021-12-21 00:21:43,626] {dag.py:2306} INFO - Setting next_dagrun for example_branch_operator to 2021-12-19 00:00:00+00:00
[2021-12-21 00:21:43,661] {scheduler_job.py:190} INFO - Processing /home/airflow/.local/lib/python3.8/site-packages/airflow/example_dags/example_branch_operator.py took 0.180 seconds
[2021-12-21 00:22:14,481] {scheduler_job.py:182} INFO - Started process (PID=11237) to work on /home/airflow/.local/lib/python3.8/site-packages/airflow/example_dags/example_branch_operator.py
[2021-12-21 00:22:14,487] {scheduler_job.py:633} INFO - Processing file /home/airflow/.local/lib/python3.8/site-packages/airflow/example_dags/example_branch_operator.py for tasks to queue
[2021-12-21 00:22:14,491] {logging_mixin.py:104} INFO - [2021-12-21 00:22:14,491] {dagbag.py:496} INFO - Filling up the DagBag from /home/airflow/.local/lib/python3.8/site-packages/airflow/example_dags/example_branch_operator.py
[2021-12-21 00:22:14,537] {scheduler_job.py:643} INFO - DAG(s) dict_keys(['example_branch_operator']) retrieved from /home/airflow/.local/lib/python3.8/site-packages/airflow/example_dags/example_branch_operator.py
[2021-12-21 00:22:14,612] {logging_mixin.py:104} INFO - [2021-12-21 00:22:14,611] {dag.py:1833} INFO - Sync 1 DAGs
[2021-12-21 00:22:14,645] {logging_mixin.py:104} INFO - [2021-12-21 00:22:14,645] {dag.py:2306} INFO - Setting next_dagrun for example_branch_operator to 2021-12-19 00:00:00+00:00
[2021-12-21 00:22:14,676] {scheduler_job.py:190} INFO - Processing /home/airflow/.local/lib/python3.8/site-packages/airflow/example_dags/example_branch_operator.py took 0.207 seconds
[2021-12-21 00:22:44,817] {scheduler_job.py:182} INFO - Started process (PID=11268) to work on /home/airflow/.local/lib/python3.8/site-packages/airflow/example_dags/example_branch_operator.py
[2021-12-21 00:22:44,827] {scheduler_job.py:633} INFO - Processing file /home/airflow/.local/lib/python3.8/site-packages/airflow/example_dags/example_branch_operator.py for tasks to queue
[2021-12-21 00:22:44,831] {logging_mixin.py:104} INFO - [2021-12-21 00:22:44,831] {dagbag.py:496} INFO - Filling up the DagBag from /home/airflow/.local/lib/python3.8/site-packages/airflow/example_dags/example_branch_operator.py
[2021-12-21 00:22:44,873] {scheduler_job.py:643} INFO - DAG(s) dict_keys(['example_branch_operator']) retrieved from /home/airflow/.local/lib/python3.8/site-packages/airflow/example_dags/example_branch_operator.py
[2021-12-21 00:22:44,930] {logging_mixin.py:104} INFO - [2021-12-21 00:22:44,930] {dag.py:1833} INFO - Sync 1 DAGs
[2021-12-21 00:22:44,952] {logging_mixin.py:104} INFO - [2021-12-21 00:22:44,952] {dag.py:2306} INFO - Setting next_dagrun for example_branch_operator to 2021-12-19 00:00:00+00:00
[2021-12-21 00:22:44,974] {scheduler_job.py:190} INFO - Processing /home/airflow/.local/lib/python3.8/site-packages/airflow/example_dags/example_branch_operator.py took 0.163 seconds
[2021-12-21 00:23:15,057] {scheduler_job.py:182} INFO - Started process (PID=11299) to work on /home/airflow/.local/lib/python3.8/site-packages/airflow/example_dags/example_branch_operator.py
[2021-12-21 00:23:15,061] {scheduler_job.py:633} INFO - Processing file /home/airflow/.local/lib/python3.8/site-packages/airflow/example_dags/example_branch_operator.py for tasks to queue
[2021-12-21 00:23:15,063] {logging_mixin.py:104} INFO - [2021-12-21 00:23:15,063] {dagbag.py:496} INFO - Filling up the DagBag from /home/airflow/.local/lib/python3.8/site-packages/airflow/example_dags/example_branch_operator.py
[2021-12-21 00:23:15,089] {scheduler_job.py:643} INFO - DAG(s) dict_keys(['example_branch_operator']) retrieved from /home/airflow/.local/lib/python3.8/site-packages/airflow/example_dags/example_branch_operator.py
[2021-12-21 00:23:15,143] {logging_mixin.py:104} INFO - [2021-12-21 00:23:15,142] {dag.py:1833} INFO - Sync 1 DAGs
[2021-12-21 00:23:15,164] {logging_mixin.py:104} INFO - [2021-12-21 00:23:15,164] {dag.py:2306} INFO - Setting next_dagrun for example_branch_operator to 2021-12-19 00:00:00+00:00
[2021-12-21 00:23:15,184] {scheduler_job.py:190} INFO - Processing /home/airflow/.local/lib/python3.8/site-packages/airflow/example_dags/example_branch_operator.py took 0.131 seconds
[2021-12-21 00:23:46,024] {scheduler_job.py:182} INFO - Started process (PID=11330) to work on /home/airflow/.local/lib/python3.8/site-packages/airflow/example_dags/example_branch_operator.py
[2021-12-21 00:23:46,032] {scheduler_job.py:633} INFO - Processing file /home/airflow/.local/lib/python3.8/site-packages/airflow/example_dags/example_branch_operator.py for tasks to queue
[2021-12-21 00:23:46,038] {logging_mixin.py:104} INFO - [2021-12-21 00:23:46,038] {dagbag.py:496} INFO - Filling up the DagBag from /home/airflow/.local/lib/python3.8/site-packages/airflow/example_dags/example_branch_operator.py
[2021-12-21 00:23:46,069] {scheduler_job.py:643} INFO - DAG(s) dict_keys(['example_branch_operator']) retrieved from /home/airflow/.local/lib/python3.8/site-packages/airflow/example_dags/example_branch_operator.py
[2021-12-21 00:23:46,139] {logging_mixin.py:104} INFO - [2021-12-21 00:23:46,139] {dag.py:1833} INFO - Sync 1 DAGs
[2021-12-21 00:23:46,195] {logging_mixin.py:104} INFO - [2021-12-21 00:23:46,195] {dag.py:2306} INFO - Setting next_dagrun for example_branch_operator to 2021-12-19 00:00:00+00:00
[2021-12-21 00:23:46,251] {scheduler_job.py:190} INFO - Processing /home/airflow/.local/lib/python3.8/site-packages/airflow/example_dags/example_branch_operator.py took 0.233 seconds
[2021-12-21 00:24:16,314] {scheduler_job.py:182} INFO - Started process (PID=11361) to work on /home/airflow/.local/lib/python3.8/site-packages/airflow/example_dags/example_branch_operator.py
[2021-12-21 00:24:16,317] {scheduler_job.py:633} INFO - Processing file /home/airflow/.local/lib/python3.8/site-packages/airflow/example_dags/example_branch_operator.py for tasks to queue
[2021-12-21 00:24:16,321] {logging_mixin.py:104} INFO - [2021-12-21 00:24:16,321] {dagbag.py:496} INFO - Filling up the DagBag from /home/airflow/.local/lib/python3.8/site-packages/airflow/example_dags/example_branch_operator.py
[2021-12-21 00:24:16,350] {scheduler_job.py:643} INFO - DAG(s) dict_keys(['example_branch_operator']) retrieved from /home/airflow/.local/lib/python3.8/site-packages/airflow/example_dags/example_branch_operator.py
[2021-12-21 00:24:16,410] {logging_mixin.py:104} INFO - [2021-12-21 00:24:16,410] {dag.py:1833} INFO - Sync 1 DAGs
[2021-12-21 00:24:16,458] {logging_mixin.py:104} INFO - [2021-12-21 00:24:16,457] {dag.py:2306} INFO - Setting next_dagrun for example_branch_operator to 2021-12-19 00:00:00+00:00
[2021-12-21 00:24:16,501] {scheduler_job.py:190} INFO - Processing /home/airflow/.local/lib/python3.8/site-packages/airflow/example_dags/example_branch_operator.py took 0.192 seconds
[2021-12-21 00:24:46,850] {scheduler_job.py:182} INFO - Started process (PID=11392) to work on /home/airflow/.local/lib/python3.8/site-packages/airflow/example_dags/example_branch_operator.py
[2021-12-21 00:24:46,855] {scheduler_job.py:633} INFO - Processing file /home/airflow/.local/lib/python3.8/site-packages/airflow/example_dags/example_branch_operator.py for tasks to queue
[2021-12-21 00:24:46,861] {logging_mixin.py:104} INFO - [2021-12-21 00:24:46,861] {dagbag.py:496} INFO - Filling up the DagBag from /home/airflow/.local/lib/python3.8/site-packages/airflow/example_dags/example_branch_operator.py
[2021-12-21 00:24:46,900] {scheduler_job.py:643} INFO - DAG(s) dict_keys(['example_branch_operator']) retrieved from /home/airflow/.local/lib/python3.8/site-packages/airflow/example_dags/example_branch_operator.py
[2021-12-21 00:24:46,965] {logging_mixin.py:104} INFO - [2021-12-21 00:24:46,965] {dag.py:1833} INFO - Sync 1 DAGs
[2021-12-21 00:24:47,013] {logging_mixin.py:104} INFO - [2021-12-21 00:24:47,013] {dag.py:2306} INFO - Setting next_dagrun for example_branch_operator to 2021-12-19 00:00:00+00:00
[2021-12-21 00:24:47,063] {scheduler_job.py:190} INFO - Processing /home/airflow/.local/lib/python3.8/site-packages/airflow/example_dags/example_branch_operator.py took 0.229 seconds
[2021-12-21 00:25:17,272] {scheduler_job.py:182} INFO - Started process (PID=11423) to work on /home/airflow/.local/lib/python3.8/site-packages/airflow/example_dags/example_branch_operator.py
[2021-12-21 00:25:17,279] {scheduler_job.py:633} INFO - Processing file /home/airflow/.local/lib/python3.8/site-packages/airflow/example_dags/example_branch_operator.py for tasks to queue
[2021-12-21 00:25:17,281] {logging_mixin.py:104} INFO - [2021-12-21 00:25:17,281] {dagbag.py:496} INFO - Filling up the DagBag from /home/airflow/.local/lib/python3.8/site-packages/airflow/example_dags/example_branch_operator.py
[2021-12-21 00:25:17,310] {scheduler_job.py:643} INFO - DAG(s) dict_keys(['example_branch_operator']) retrieved from /home/airflow/.local/lib/python3.8/site-packages/airflow/example_dags/example_branch_operator.py
[2021-12-21 00:25:17,367] {logging_mixin.py:104} INFO - [2021-12-21 00:25:17,367] {dag.py:1833} INFO - Sync 1 DAGs
[2021-12-21 00:25:17,388] {logging_mixin.py:104} INFO - [2021-12-21 00:25:17,388] {dag.py:2306} INFO - Setting next_dagrun for example_branch_operator to 2021-12-19 00:00:00+00:00
[2021-12-21 00:25:17,411] {scheduler_job.py:190} INFO - Processing /home/airflow/.local/lib/python3.8/site-packages/airflow/example_dags/example_branch_operator.py took 0.147 seconds
[2021-12-21 00:25:47,470] {scheduler_job.py:182} INFO - Started process (PID=11454) to work on /home/airflow/.local/lib/python3.8/site-packages/airflow/example_dags/example_branch_operator.py
[2021-12-21 00:25:47,473] {scheduler_job.py:633} INFO - Processing file /home/airflow/.local/lib/python3.8/site-packages/airflow/example_dags/example_branch_operator.py for tasks to queue
[2021-12-21 00:25:47,475] {logging_mixin.py:104} INFO - [2021-12-21 00:25:47,475] {dagbag.py:496} INFO - Filling up the DagBag from /home/airflow/.local/lib/python3.8/site-packages/airflow/example_dags/example_branch_operator.py
[2021-12-21 00:25:47,497] {scheduler_job.py:643} INFO - DAG(s) dict_keys(['example_branch_operator']) retrieved from /home/airflow/.local/lib/python3.8/site-packages/airflow/example_dags/example_branch_operator.py
[2021-12-21 00:25:47,544] {logging_mixin.py:104} INFO - [2021-12-21 00:25:47,544] {dag.py:1833} INFO - Sync 1 DAGs
[2021-12-21 00:25:47,564] {logging_mixin.py:104} INFO - [2021-12-21 00:25:47,564] {dag.py:2306} INFO - Setting next_dagrun for example_branch_operator to 2021-12-19 00:00:00+00:00
[2021-12-21 00:25:47,587] {scheduler_job.py:190} INFO - Processing /home/airflow/.local/lib/python3.8/site-packages/airflow/example_dags/example_branch_operator.py took 0.121 seconds
[2021-12-21 00:26:17,743] {scheduler_job.py:182} INFO - Started process (PID=11485) to work on /home/airflow/.local/lib/python3.8/site-packages/airflow/example_dags/example_branch_operator.py
[2021-12-21 00:26:17,747] {scheduler_job.py:633} INFO - Processing file /home/airflow/.local/lib/python3.8/site-packages/airflow/example_dags/example_branch_operator.py for tasks to queue
[2021-12-21 00:26:17,750] {logging_mixin.py:104} INFO - [2021-12-21 00:26:17,750] {dagbag.py:496} INFO - Filling up the DagBag from /home/airflow/.local/lib/python3.8/site-packages/airflow/example_dags/example_branch_operator.py
[2021-12-21 00:26:17,771] {scheduler_job.py:643} INFO - DAG(s) dict_keys(['example_branch_operator']) retrieved from /home/airflow/.local/lib/python3.8/site-packages/airflow/example_dags/example_branch_operator.py
[2021-12-21 00:26:17,830] {logging_mixin.py:104} INFO - [2021-12-21 00:26:17,829] {dag.py:1833} INFO - Sync 1 DAGs
[2021-12-21 00:26:17,869] {logging_mixin.py:104} INFO - [2021-12-21 00:26:17,869] {dag.py:2306} INFO - Setting next_dagrun for example_branch_operator to 2021-12-19 00:00:00+00:00
[2021-12-21 00:26:17,898] {scheduler_job.py:190} INFO - Processing /home/airflow/.local/lib/python3.8/site-packages/airflow/example_dags/example_branch_operator.py took 0.162 seconds
[2021-12-21 00:26:48,143] {scheduler_job.py:182} INFO - Started process (PID=11516) to work on /home/airflow/.local/lib/python3.8/site-packages/airflow/example_dags/example_branch_operator.py
[2021-12-21 00:26:48,147] {scheduler_job.py:633} INFO - Processing file /home/airflow/.local/lib/python3.8/site-packages/airflow/example_dags/example_branch_operator.py for tasks to queue
[2021-12-21 00:26:48,150] {logging_mixin.py:104} INFO - [2021-12-21 00:26:48,150] {dagbag.py:496} INFO - Filling up the DagBag from /home/airflow/.local/lib/python3.8/site-packages/airflow/example_dags/example_branch_operator.py
[2021-12-21 00:26:48,181] {scheduler_job.py:643} INFO - DAG(s) dict_keys(['example_branch_operator']) retrieved from /home/airflow/.local/lib/python3.8/site-packages/airflow/example_dags/example_branch_operator.py
[2021-12-21 00:26:48,241] {logging_mixin.py:104} INFO - [2021-12-21 00:26:48,241] {dag.py:1833} INFO - Sync 1 DAGs
[2021-12-21 00:26:48,270] {logging_mixin.py:104} INFO - [2021-12-21 00:26:48,270] {dag.py:2306} INFO - Setting next_dagrun for example_branch_operator to 2021-12-19 00:00:00+00:00
[2021-12-21 00:26:48,305] {scheduler_job.py:190} INFO - Processing /home/airflow/.local/lib/python3.8/site-packages/airflow/example_dags/example_branch_operator.py took 0.167 seconds
[2021-12-21 00:27:18,871] {scheduler_job.py:182} INFO - Started process (PID=11547) to work on /home/airflow/.local/lib/python3.8/site-packages/airflow/example_dags/example_branch_operator.py
[2021-12-21 00:27:18,877] {scheduler_job.py:633} INFO - Processing file /home/airflow/.local/lib/python3.8/site-packages/airflow/example_dags/example_branch_operator.py for tasks to queue
[2021-12-21 00:27:18,880] {logging_mixin.py:104} INFO - [2021-12-21 00:27:18,880] {dagbag.py:496} INFO - Filling up the DagBag from /home/airflow/.local/lib/python3.8/site-packages/airflow/example_dags/example_branch_operator.py
[2021-12-21 00:27:18,915] {scheduler_job.py:643} INFO - DAG(s) dict_keys(['example_branch_operator']) retrieved from /home/airflow/.local/lib/python3.8/site-packages/airflow/example_dags/example_branch_operator.py
[2021-12-21 00:27:18,980] {logging_mixin.py:104} INFO - [2021-12-21 00:27:18,980] {dag.py:1833} INFO - Sync 1 DAGs
[2021-12-21 00:27:19,009] {logging_mixin.py:104} INFO - [2021-12-21 00:27:19,009] {dag.py:2306} INFO - Setting next_dagrun for example_branch_operator to 2021-12-19 00:00:00+00:00
[2021-12-21 00:27:19,035] {scheduler_job.py:190} INFO - Processing /home/airflow/.local/lib/python3.8/site-packages/airflow/example_dags/example_branch_operator.py took 0.176 seconds
[2021-12-21 00:27:49,558] {scheduler_job.py:182} INFO - Started process (PID=11578) to work on /home/airflow/.local/lib/python3.8/site-packages/airflow/example_dags/example_branch_operator.py
[2021-12-21 00:27:49,569] {scheduler_job.py:633} INFO - Processing file /home/airflow/.local/lib/python3.8/site-packages/airflow/example_dags/example_branch_operator.py for tasks to queue
[2021-12-21 00:27:49,581] {logging_mixin.py:104} INFO - [2021-12-21 00:27:49,580] {dagbag.py:496} INFO - Filling up the DagBag from /home/airflow/.local/lib/python3.8/site-packages/airflow/example_dags/example_branch_operator.py
[2021-12-21 00:27:49,624] {scheduler_job.py:643} INFO - DAG(s) dict_keys(['example_branch_operator']) retrieved from /home/airflow/.local/lib/python3.8/site-packages/airflow/example_dags/example_branch_operator.py
[2021-12-21 00:27:49,693] {logging_mixin.py:104} INFO - [2021-12-21 00:27:49,693] {dag.py:1833} INFO - Sync 1 DAGs
[2021-12-21 00:27:49,742] {logging_mixin.py:104} INFO - [2021-12-21 00:27:49,741] {dag.py:2306} INFO - Setting next_dagrun for example_branch_operator to 2021-12-19 00:00:00+00:00
[2021-12-21 00:27:49,772] {scheduler_job.py:190} INFO - Processing /home/airflow/.local/lib/python3.8/site-packages/airflow/example_dags/example_branch_operator.py took 0.227 seconds
[2021-12-21 00:28:20,039] {scheduler_job.py:182} INFO - Started process (PID=11609) to work on /home/airflow/.local/lib/python3.8/site-packages/airflow/example_dags/example_branch_operator.py
[2021-12-21 00:28:20,049] {scheduler_job.py:633} INFO - Processing file /home/airflow/.local/lib/python3.8/site-packages/airflow/example_dags/example_branch_operator.py for tasks to queue
[2021-12-21 00:28:20,055] {logging_mixin.py:104} INFO - [2021-12-21 00:28:20,055] {dagbag.py:496} INFO - Filling up the DagBag from /home/airflow/.local/lib/python3.8/site-packages/airflow/example_dags/example_branch_operator.py
[2021-12-21 00:28:20,093] {scheduler_job.py:643} INFO - DAG(s) dict_keys(['example_branch_operator']) retrieved from /home/airflow/.local/lib/python3.8/site-packages/airflow/example_dags/example_branch_operator.py
[2021-12-21 00:28:20,168] {logging_mixin.py:104} INFO - [2021-12-21 00:28:20,168] {dag.py:1833} INFO - Sync 1 DAGs
[2021-12-21 00:28:20,207] {logging_mixin.py:104} INFO - [2021-12-21 00:28:20,207] {dag.py:2306} INFO - Setting next_dagrun for example_branch_operator to 2021-12-19 00:00:00+00:00
[2021-12-21 00:28:20,242] {scheduler_job.py:190} INFO - Processing /home/airflow/.local/lib/python3.8/site-packages/airflow/example_dags/example_branch_operator.py took 0.213 seconds
[2021-12-21 00:28:51,017] {scheduler_job.py:182} INFO - Started process (PID=11640) to work on /home/airflow/.local/lib/python3.8/site-packages/airflow/example_dags/example_branch_operator.py
[2021-12-21 00:28:51,023] {scheduler_job.py:633} INFO - Processing file /home/airflow/.local/lib/python3.8/site-packages/airflow/example_dags/example_branch_operator.py for tasks to queue
[2021-12-21 00:28:51,032] {logging_mixin.py:104} INFO - [2021-12-21 00:28:51,031] {dagbag.py:496} INFO - Filling up the DagBag from /home/airflow/.local/lib/python3.8/site-packages/airflow/example_dags/example_branch_operator.py
[2021-12-21 00:28:51,071] {scheduler_job.py:643} INFO - DAG(s) dict_keys(['example_branch_operator']) retrieved from /home/airflow/.local/lib/python3.8/site-packages/airflow/example_dags/example_branch_operator.py
[2021-12-21 00:28:51,132] {logging_mixin.py:104} INFO - [2021-12-21 00:28:51,131] {dag.py:1833} INFO - Sync 1 DAGs
[2021-12-21 00:28:51,171] {logging_mixin.py:104} INFO - [2021-12-21 00:28:51,171] {dag.py:2306} INFO - Setting next_dagrun for example_branch_operator to 2021-12-19 00:00:00+00:00
[2021-12-21 00:28:51,197] {scheduler_job.py:190} INFO - Processing /home/airflow/.local/lib/python3.8/site-packages/airflow/example_dags/example_branch_operator.py took 0.185 seconds
[2021-12-21 00:29:21,439] {scheduler_job.py:182} INFO - Started process (PID=11672) to work on /home/airflow/.local/lib/python3.8/site-packages/airflow/example_dags/example_branch_operator.py
[2021-12-21 00:29:21,444] {scheduler_job.py:633} INFO - Processing file /home/airflow/.local/lib/python3.8/site-packages/airflow/example_dags/example_branch_operator.py for tasks to queue
[2021-12-21 00:29:21,447] {logging_mixin.py:104} INFO - [2021-12-21 00:29:21,447] {dagbag.py:496} INFO - Filling up the DagBag from /home/airflow/.local/lib/python3.8/site-packages/airflow/example_dags/example_branch_operator.py
[2021-12-21 00:29:21,481] {scheduler_job.py:643} INFO - DAG(s) dict_keys(['example_branch_operator']) retrieved from /home/airflow/.local/lib/python3.8/site-packages/airflow/example_dags/example_branch_operator.py
[2021-12-21 00:29:21,548] {logging_mixin.py:104} INFO - [2021-12-21 00:29:21,548] {dag.py:1833} INFO - Sync 1 DAGs
[2021-12-21 00:29:21,580] {logging_mixin.py:104} INFO - [2021-12-21 00:29:21,579] {dag.py:2306} INFO - Setting next_dagrun for example_branch_operator to 2021-12-19 00:00:00+00:00
[2021-12-21 00:29:21,602] {scheduler_job.py:190} INFO - Processing /home/airflow/.local/lib/python3.8/site-packages/airflow/example_dags/example_branch_operator.py took 0.171 seconds
[2021-12-21 00:29:51,791] {scheduler_job.py:182} INFO - Started process (PID=11702) to work on /home/airflow/.local/lib/python3.8/site-packages/airflow/example_dags/example_branch_operator.py
[2021-12-21 00:29:51,797] {scheduler_job.py:633} INFO - Processing file /home/airflow/.local/lib/python3.8/site-packages/airflow/example_dags/example_branch_operator.py for tasks to queue
[2021-12-21 00:29:51,799] {logging_mixin.py:104} INFO - [2021-12-21 00:29:51,799] {dagbag.py:496} INFO - Filling up the DagBag from /home/airflow/.local/lib/python3.8/site-packages/airflow/example_dags/example_branch_operator.py
[2021-12-21 00:29:51,838] {scheduler_job.py:643} INFO - DAG(s) dict_keys(['example_branch_operator']) retrieved from /home/airflow/.local/lib/python3.8/site-packages/airflow/example_dags/example_branch_operator.py
[2021-12-21 00:29:51,896] {logging_mixin.py:104} INFO - [2021-12-21 00:29:51,896] {dag.py:1833} INFO - Sync 1 DAGs
[2021-12-21 00:29:51,919] {logging_mixin.py:104} INFO - [2021-12-21 00:29:51,918] {dag.py:2306} INFO - Setting next_dagrun for example_branch_operator to 2021-12-19 00:00:00+00:00
[2021-12-21 00:29:51,939] {scheduler_job.py:190} INFO - Processing /home/airflow/.local/lib/python3.8/site-packages/airflow/example_dags/example_branch_operator.py took 0.161 seconds
[2021-12-21 00:30:21,993] {scheduler_job.py:182} INFO - Started process (PID=11733) to work on /home/airflow/.local/lib/python3.8/site-packages/airflow/example_dags/example_branch_operator.py
[2021-12-21 00:30:22,001] {scheduler_job.py:633} INFO - Processing file /home/airflow/.local/lib/python3.8/site-packages/airflow/example_dags/example_branch_operator.py for tasks to queue
[2021-12-21 00:30:22,005] {logging_mixin.py:104} INFO - [2021-12-21 00:30:22,004] {dagbag.py:496} INFO - Filling up the DagBag from /home/airflow/.local/lib/python3.8/site-packages/airflow/example_dags/example_branch_operator.py
[2021-12-21 00:30:22,048] {scheduler_job.py:643} INFO - DAG(s) dict_keys(['example_branch_operator']) retrieved from /home/airflow/.local/lib/python3.8/site-packages/airflow/example_dags/example_branch_operator.py
[2021-12-21 00:30:22,121] {logging_mixin.py:104} INFO - [2021-12-21 00:30:22,121] {dag.py:1833} INFO - Sync 1 DAGs
[2021-12-21 00:30:22,150] {logging_mixin.py:104} INFO - [2021-12-21 00:30:22,150] {dag.py:2306} INFO - Setting next_dagrun for example_branch_operator to 2021-12-19 00:00:00+00:00
[2021-12-21 00:30:22,182] {scheduler_job.py:190} INFO - Processing /home/airflow/.local/lib/python3.8/site-packages/airflow/example_dags/example_branch_operator.py took 0.200 seconds
[2021-12-21 00:30:52,515] {scheduler_job.py:182} INFO - Started process (PID=11764) to work on /home/airflow/.local/lib/python3.8/site-packages/airflow/example_dags/example_branch_operator.py
[2021-12-21 00:30:52,521] {scheduler_job.py:633} INFO - Processing file /home/airflow/.local/lib/python3.8/site-packages/airflow/example_dags/example_branch_operator.py for tasks to queue
[2021-12-21 00:30:52,527] {logging_mixin.py:104} INFO - [2021-12-21 00:30:52,526] {dagbag.py:496} INFO - Filling up the DagBag from /home/airflow/.local/lib/python3.8/site-packages/airflow/example_dags/example_branch_operator.py
[2021-12-21 00:30:52,565] {scheduler_job.py:643} INFO - DAG(s) dict_keys(['example_branch_operator']) retrieved from /home/airflow/.local/lib/python3.8/site-packages/airflow/example_dags/example_branch_operator.py
[2021-12-21 00:30:52,629] {logging_mixin.py:104} INFO - [2021-12-21 00:30:52,629] {dag.py:1833} INFO - Sync 1 DAGs
[2021-12-21 00:30:52,658] {logging_mixin.py:104} INFO - [2021-12-21 00:30:52,658] {dag.py:2306} INFO - Setting next_dagrun for example_branch_operator to 2021-12-19 00:00:00+00:00
[2021-12-21 00:30:52,685] {scheduler_job.py:190} INFO - Processing /home/airflow/.local/lib/python3.8/site-packages/airflow/example_dags/example_branch_operator.py took 0.190 seconds
[2021-12-21 00:39:16,511] {scheduler_job.py:182} INFO - Started process (PID=11766) to work on /home/airflow/.local/lib/python3.8/site-packages/airflow/example_dags/example_branch_operator.py
[2021-12-21 00:39:16,572] {scheduler_job.py:633} INFO - Processing file /home/airflow/.local/lib/python3.8/site-packages/airflow/example_dags/example_branch_operator.py for tasks to queue
[2021-12-21 00:39:16,584] {logging_mixin.py:104} INFO - [2021-12-21 00:39:16,580] {dagbag.py:496} INFO - Filling up the DagBag from /home/airflow/.local/lib/python3.8/site-packages/airflow/example_dags/example_branch_operator.py
[2021-12-21 00:39:16,866] {scheduler_job.py:643} INFO - DAG(s) dict_keys(['example_branch_operator']) retrieved from /home/airflow/.local/lib/python3.8/site-packages/airflow/example_dags/example_branch_operator.py
[2021-12-21 00:39:17,010] {logging_mixin.py:104} INFO - [2021-12-21 00:39:17,010] {dag.py:1833} INFO - Sync 1 DAGs
[2021-12-21 00:39:17,106] {logging_mixin.py:104} INFO - [2021-12-21 00:39:17,106] {dag.py:2306} INFO - Setting next_dagrun for example_branch_operator to 2021-12-19 00:00:00+00:00
[2021-12-21 00:39:17,758] {scheduler_job.py:190} INFO - Processing /home/airflow/.local/lib/python3.8/site-packages/airflow/example_dags/example_branch_operator.py took 1.310 seconds
[2021-12-21 00:39:48,217] {scheduler_job.py:182} INFO - Started process (PID=11797) to work on /home/airflow/.local/lib/python3.8/site-packages/airflow/example_dags/example_branch_operator.py
[2021-12-21 00:39:48,221] {scheduler_job.py:633} INFO - Processing file /home/airflow/.local/lib/python3.8/site-packages/airflow/example_dags/example_branch_operator.py for tasks to queue
[2021-12-21 00:39:48,224] {logging_mixin.py:104} INFO - [2021-12-21 00:39:48,224] {dagbag.py:496} INFO - Filling up the DagBag from /home/airflow/.local/lib/python3.8/site-packages/airflow/example_dags/example_branch_operator.py
[2021-12-21 00:39:48,267] {scheduler_job.py:643} INFO - DAG(s) dict_keys(['example_branch_operator']) retrieved from /home/airflow/.local/lib/python3.8/site-packages/airflow/example_dags/example_branch_operator.py
[2021-12-21 00:39:48,336] {logging_mixin.py:104} INFO - [2021-12-21 00:39:48,335] {dag.py:1833} INFO - Sync 1 DAGs
[2021-12-21 00:39:48,398] {logging_mixin.py:104} INFO - [2021-12-21 00:39:48,398] {dag.py:2306} INFO - Setting next_dagrun for example_branch_operator to 2021-12-19 00:00:00+00:00
[2021-12-21 00:39:48,446] {scheduler_job.py:190} INFO - Processing /home/airflow/.local/lib/python3.8/site-packages/airflow/example_dags/example_branch_operator.py took 0.235 seconds
[2021-12-21 00:56:26,072] {scheduler_job.py:182} INFO - Started process (PID=11828) to work on /home/airflow/.local/lib/python3.8/site-packages/airflow/example_dags/example_branch_operator.py
[2021-12-21 00:56:26,092] {scheduler_job.py:633} INFO - Processing file /home/airflow/.local/lib/python3.8/site-packages/airflow/example_dags/example_branch_operator.py for tasks to queue
[2021-12-21 00:56:26,102] {logging_mixin.py:104} INFO - [2021-12-21 00:56:26,101] {dagbag.py:496} INFO - Filling up the DagBag from /home/airflow/.local/lib/python3.8/site-packages/airflow/example_dags/example_branch_operator.py
[2021-12-21 00:56:26,362] {scheduler_job.py:643} INFO - DAG(s) dict_keys(['example_branch_operator']) retrieved from /home/airflow/.local/lib/python3.8/site-packages/airflow/example_dags/example_branch_operator.py
[2021-12-21 00:56:26,711] {logging_mixin.py:104} INFO - [2021-12-21 00:56:26,711] {dag.py:1833} INFO - Sync 1 DAGs
[2021-12-21 00:56:27,254] {logging_mixin.py:104} INFO - [2021-12-21 00:56:27,254] {dag.py:2306} INFO - Setting next_dagrun for example_branch_operator to 2021-12-19 00:00:00+00:00
[2021-12-21 00:56:27,510] {scheduler_job.py:190} INFO - Processing /home/airflow/.local/lib/python3.8/site-packages/airflow/example_dags/example_branch_operator.py took 1.624 seconds
