[2021-12-21 00:00:18,859] {scheduler_job.py:182} INFO - Started process (PID=9907) to work on /home/airflow/.local/lib/python3.8/site-packages/airflow/example_dags/example_skip_dag.py
[2021-12-21 00:00:18,865] {scheduler_job.py:633} INFO - Processing file /home/airflow/.local/lib/python3.8/site-packages/airflow/example_dags/example_skip_dag.py for tasks to queue
[2021-12-21 00:00:18,868] {logging_mixin.py:104} INFO - [2021-12-21 00:00:18,868] {dagbag.py:496} INFO - Filling up the DagBag from /home/airflow/.local/lib/python3.8/site-packages/airflow/example_dags/example_skip_dag.py
[2021-12-21 00:00:18,888] {scheduler_job.py:643} INFO - DAG(s) dict_keys(['example_skip_dag']) retrieved from /home/airflow/.local/lib/python3.8/site-packages/airflow/example_dags/example_skip_dag.py
[2021-12-21 00:00:19,314] {logging_mixin.py:104} INFO - [2021-12-21 00:00:19,314] {dag.py:1833} INFO - Sync 1 DAGs
[2021-12-21 00:00:19,333] {logging_mixin.py:104} INFO - [2021-12-21 00:00:19,333] {dag.py:2306} INFO - Setting next_dagrun for example_skip_dag to 2021-12-19 00:00:00+00:00
[2021-12-21 00:00:19,359] {scheduler_job.py:190} INFO - Processing /home/airflow/.local/lib/python3.8/site-packages/airflow/example_dags/example_skip_dag.py took 0.508 seconds
[2021-12-21 00:00:49,626] {scheduler_job.py:182} INFO - Started process (PID=9938) to work on /home/airflow/.local/lib/python3.8/site-packages/airflow/example_dags/example_skip_dag.py
[2021-12-21 00:00:49,630] {scheduler_job.py:633} INFO - Processing file /home/airflow/.local/lib/python3.8/site-packages/airflow/example_dags/example_skip_dag.py for tasks to queue
[2021-12-21 00:00:49,633] {logging_mixin.py:104} INFO - [2021-12-21 00:00:49,633] {dagbag.py:496} INFO - Filling up the DagBag from /home/airflow/.local/lib/python3.8/site-packages/airflow/example_dags/example_skip_dag.py
[2021-12-21 00:00:49,655] {scheduler_job.py:643} INFO - DAG(s) dict_keys(['example_skip_dag']) retrieved from /home/airflow/.local/lib/python3.8/site-packages/airflow/example_dags/example_skip_dag.py
[2021-12-21 00:00:49,716] {logging_mixin.py:104} INFO - [2021-12-21 00:00:49,716] {dag.py:1833} INFO - Sync 1 DAGs
[2021-12-21 00:00:49,736] {logging_mixin.py:104} INFO - [2021-12-21 00:00:49,735] {dag.py:2306} INFO - Setting next_dagrun for example_skip_dag to 2021-12-19 00:00:00+00:00
[2021-12-21 00:00:49,769] {scheduler_job.py:190} INFO - Processing /home/airflow/.local/lib/python3.8/site-packages/airflow/example_dags/example_skip_dag.py took 0.151 seconds
[2021-12-21 00:01:20,260] {scheduler_job.py:182} INFO - Started process (PID=9969) to work on /home/airflow/.local/lib/python3.8/site-packages/airflow/example_dags/example_skip_dag.py
[2021-12-21 00:01:20,263] {scheduler_job.py:633} INFO - Processing file /home/airflow/.local/lib/python3.8/site-packages/airflow/example_dags/example_skip_dag.py for tasks to queue
[2021-12-21 00:01:20,268] {logging_mixin.py:104} INFO - [2021-12-21 00:01:20,268] {dagbag.py:496} INFO - Filling up the DagBag from /home/airflow/.local/lib/python3.8/site-packages/airflow/example_dags/example_skip_dag.py
[2021-12-21 00:01:20,292] {scheduler_job.py:643} INFO - DAG(s) dict_keys(['example_skip_dag']) retrieved from /home/airflow/.local/lib/python3.8/site-packages/airflow/example_dags/example_skip_dag.py
[2021-12-21 00:01:20,359] {logging_mixin.py:104} INFO - [2021-12-21 00:01:20,359] {dag.py:1833} INFO - Sync 1 DAGs
[2021-12-21 00:01:20,381] {logging_mixin.py:104} INFO - [2021-12-21 00:01:20,381] {dag.py:2306} INFO - Setting next_dagrun for example_skip_dag to 2021-12-19 00:00:00+00:00
[2021-12-21 00:01:20,414] {scheduler_job.py:190} INFO - Processing /home/airflow/.local/lib/python3.8/site-packages/airflow/example_dags/example_skip_dag.py took 0.159 seconds
[2021-12-21 00:01:51,168] {scheduler_job.py:182} INFO - Started process (PID=10000) to work on /home/airflow/.local/lib/python3.8/site-packages/airflow/example_dags/example_skip_dag.py
[2021-12-21 00:01:51,176] {scheduler_job.py:633} INFO - Processing file /home/airflow/.local/lib/python3.8/site-packages/airflow/example_dags/example_skip_dag.py for tasks to queue
[2021-12-21 00:01:51,183] {logging_mixin.py:104} INFO - [2021-12-21 00:01:51,183] {dagbag.py:496} INFO - Filling up the DagBag from /home/airflow/.local/lib/python3.8/site-packages/airflow/example_dags/example_skip_dag.py
[2021-12-21 00:01:51,214] {scheduler_job.py:643} INFO - DAG(s) dict_keys(['example_skip_dag']) retrieved from /home/airflow/.local/lib/python3.8/site-packages/airflow/example_dags/example_skip_dag.py
[2021-12-21 00:01:51,270] {logging_mixin.py:104} INFO - [2021-12-21 00:01:51,270] {dag.py:1833} INFO - Sync 1 DAGs
[2021-12-21 00:01:51,292] {logging_mixin.py:104} INFO - [2021-12-21 00:01:51,292] {dag.py:2306} INFO - Setting next_dagrun for example_skip_dag to 2021-12-19 00:00:00+00:00
[2021-12-21 00:01:51,316] {scheduler_job.py:190} INFO - Processing /home/airflow/.local/lib/python3.8/site-packages/airflow/example_dags/example_skip_dag.py took 0.153 seconds
[2021-12-21 00:02:21,950] {scheduler_job.py:182} INFO - Started process (PID=10031) to work on /home/airflow/.local/lib/python3.8/site-packages/airflow/example_dags/example_skip_dag.py
[2021-12-21 00:02:21,966] {scheduler_job.py:633} INFO - Processing file /home/airflow/.local/lib/python3.8/site-packages/airflow/example_dags/example_skip_dag.py for tasks to queue
[2021-12-21 00:02:21,971] {logging_mixin.py:104} INFO - [2021-12-21 00:02:21,970] {dagbag.py:496} INFO - Filling up the DagBag from /home/airflow/.local/lib/python3.8/site-packages/airflow/example_dags/example_skip_dag.py
[2021-12-21 00:02:22,004] {scheduler_job.py:643} INFO - DAG(s) dict_keys(['example_skip_dag']) retrieved from /home/airflow/.local/lib/python3.8/site-packages/airflow/example_dags/example_skip_dag.py
[2021-12-21 00:02:22,076] {logging_mixin.py:104} INFO - [2021-12-21 00:02:22,076] {dag.py:1833} INFO - Sync 1 DAGs
[2021-12-21 00:02:22,112] {logging_mixin.py:104} INFO - [2021-12-21 00:02:22,111] {dag.py:2306} INFO - Setting next_dagrun for example_skip_dag to 2021-12-19 00:00:00+00:00
[2021-12-21 00:02:22,136] {scheduler_job.py:190} INFO - Processing /home/airflow/.local/lib/python3.8/site-packages/airflow/example_dags/example_skip_dag.py took 0.196 seconds
[2021-12-21 00:02:52,220] {scheduler_job.py:182} INFO - Started process (PID=10062) to work on /home/airflow/.local/lib/python3.8/site-packages/airflow/example_dags/example_skip_dag.py
[2021-12-21 00:02:52,226] {scheduler_job.py:633} INFO - Processing file /home/airflow/.local/lib/python3.8/site-packages/airflow/example_dags/example_skip_dag.py for tasks to queue
[2021-12-21 00:02:52,228] {logging_mixin.py:104} INFO - [2021-12-21 00:02:52,228] {dagbag.py:496} INFO - Filling up the DagBag from /home/airflow/.local/lib/python3.8/site-packages/airflow/example_dags/example_skip_dag.py
[2021-12-21 00:02:52,245] {scheduler_job.py:643} INFO - DAG(s) dict_keys(['example_skip_dag']) retrieved from /home/airflow/.local/lib/python3.8/site-packages/airflow/example_dags/example_skip_dag.py
[2021-12-21 00:02:52,294] {logging_mixin.py:104} INFO - [2021-12-21 00:02:52,294] {dag.py:1833} INFO - Sync 1 DAGs
[2021-12-21 00:02:52,320] {logging_mixin.py:104} INFO - [2021-12-21 00:02:52,319] {dag.py:2306} INFO - Setting next_dagrun for example_skip_dag to 2021-12-19 00:00:00+00:00
[2021-12-21 00:02:52,359] {scheduler_job.py:190} INFO - Processing /home/airflow/.local/lib/python3.8/site-packages/airflow/example_dags/example_skip_dag.py took 0.145 seconds
[2021-12-21 00:03:22,469] {scheduler_job.py:182} INFO - Started process (PID=10093) to work on /home/airflow/.local/lib/python3.8/site-packages/airflow/example_dags/example_skip_dag.py
[2021-12-21 00:03:22,475] {scheduler_job.py:633} INFO - Processing file /home/airflow/.local/lib/python3.8/site-packages/airflow/example_dags/example_skip_dag.py for tasks to queue
[2021-12-21 00:03:22,478] {logging_mixin.py:104} INFO - [2021-12-21 00:03:22,478] {dagbag.py:496} INFO - Filling up the DagBag from /home/airflow/.local/lib/python3.8/site-packages/airflow/example_dags/example_skip_dag.py
[2021-12-21 00:03:22,510] {scheduler_job.py:643} INFO - DAG(s) dict_keys(['example_skip_dag']) retrieved from /home/airflow/.local/lib/python3.8/site-packages/airflow/example_dags/example_skip_dag.py
[2021-12-21 00:03:22,576] {logging_mixin.py:104} INFO - [2021-12-21 00:03:22,575] {dag.py:1833} INFO - Sync 1 DAGs
[2021-12-21 00:03:22,597] {logging_mixin.py:104} INFO - [2021-12-21 00:03:22,597] {dag.py:2306} INFO - Setting next_dagrun for example_skip_dag to 2021-12-19 00:00:00+00:00
[2021-12-21 00:03:22,628] {scheduler_job.py:190} INFO - Processing /home/airflow/.local/lib/python3.8/site-packages/airflow/example_dags/example_skip_dag.py took 0.173 seconds
[2021-12-21 00:03:53,141] {scheduler_job.py:182} INFO - Started process (PID=10124) to work on /home/airflow/.local/lib/python3.8/site-packages/airflow/example_dags/example_skip_dag.py
[2021-12-21 00:03:53,153] {scheduler_job.py:633} INFO - Processing file /home/airflow/.local/lib/python3.8/site-packages/airflow/example_dags/example_skip_dag.py for tasks to queue
[2021-12-21 00:03:53,156] {logging_mixin.py:104} INFO - [2021-12-21 00:03:53,155] {dagbag.py:496} INFO - Filling up the DagBag from /home/airflow/.local/lib/python3.8/site-packages/airflow/example_dags/example_skip_dag.py
[2021-12-21 00:03:53,174] {scheduler_job.py:643} INFO - DAG(s) dict_keys(['example_skip_dag']) retrieved from /home/airflow/.local/lib/python3.8/site-packages/airflow/example_dags/example_skip_dag.py
[2021-12-21 00:03:53,224] {logging_mixin.py:104} INFO - [2021-12-21 00:03:53,224] {dag.py:1833} INFO - Sync 1 DAGs
[2021-12-21 00:03:53,240] {logging_mixin.py:104} INFO - [2021-12-21 00:03:53,240] {dag.py:2306} INFO - Setting next_dagrun for example_skip_dag to 2021-12-19 00:00:00+00:00
[2021-12-21 00:03:53,276] {scheduler_job.py:190} INFO - Processing /home/airflow/.local/lib/python3.8/site-packages/airflow/example_dags/example_skip_dag.py took 0.140 seconds
[2021-12-21 00:04:23,507] {scheduler_job.py:182} INFO - Started process (PID=10155) to work on /home/airflow/.local/lib/python3.8/site-packages/airflow/example_dags/example_skip_dag.py
[2021-12-21 00:04:23,513] {scheduler_job.py:633} INFO - Processing file /home/airflow/.local/lib/python3.8/site-packages/airflow/example_dags/example_skip_dag.py for tasks to queue
[2021-12-21 00:04:23,518] {logging_mixin.py:104} INFO - [2021-12-21 00:04:23,517] {dagbag.py:496} INFO - Filling up the DagBag from /home/airflow/.local/lib/python3.8/site-packages/airflow/example_dags/example_skip_dag.py
[2021-12-21 00:04:23,565] {scheduler_job.py:643} INFO - DAG(s) dict_keys(['example_skip_dag']) retrieved from /home/airflow/.local/lib/python3.8/site-packages/airflow/example_dags/example_skip_dag.py
[2021-12-21 00:04:23,627] {logging_mixin.py:104} INFO - [2021-12-21 00:04:23,626] {dag.py:1833} INFO - Sync 1 DAGs
[2021-12-21 00:04:23,645] {logging_mixin.py:104} INFO - [2021-12-21 00:04:23,644] {dag.py:2306} INFO - Setting next_dagrun for example_skip_dag to 2021-12-19 00:00:00+00:00
[2021-12-21 00:04:23,668] {scheduler_job.py:190} INFO - Processing /home/airflow/.local/lib/python3.8/site-packages/airflow/example_dags/example_skip_dag.py took 0.170 seconds
[2021-12-21 00:04:54,847] {scheduler_job.py:182} INFO - Started process (PID=10186) to work on /home/airflow/.local/lib/python3.8/site-packages/airflow/example_dags/example_skip_dag.py
[2021-12-21 00:04:54,855] {scheduler_job.py:633} INFO - Processing file /home/airflow/.local/lib/python3.8/site-packages/airflow/example_dags/example_skip_dag.py for tasks to queue
[2021-12-21 00:04:54,860] {logging_mixin.py:104} INFO - [2021-12-21 00:04:54,860] {dagbag.py:496} INFO - Filling up the DagBag from /home/airflow/.local/lib/python3.8/site-packages/airflow/example_dags/example_skip_dag.py
[2021-12-21 00:04:54,906] {scheduler_job.py:643} INFO - DAG(s) dict_keys(['example_skip_dag']) retrieved from /home/airflow/.local/lib/python3.8/site-packages/airflow/example_dags/example_skip_dag.py
[2021-12-21 00:04:54,993] {logging_mixin.py:104} INFO - [2021-12-21 00:04:54,993] {dag.py:1833} INFO - Sync 1 DAGs
[2021-12-21 00:04:55,017] {logging_mixin.py:104} INFO - [2021-12-21 00:04:55,017] {dag.py:2306} INFO - Setting next_dagrun for example_skip_dag to 2021-12-19 00:00:00+00:00
[2021-12-21 00:04:55,045] {scheduler_job.py:190} INFO - Processing /home/airflow/.local/lib/python3.8/site-packages/airflow/example_dags/example_skip_dag.py took 0.211 seconds
[2021-12-21 00:05:25,170] {scheduler_job.py:182} INFO - Started process (PID=10217) to work on /home/airflow/.local/lib/python3.8/site-packages/airflow/example_dags/example_skip_dag.py
[2021-12-21 00:05:25,177] {scheduler_job.py:633} INFO - Processing file /home/airflow/.local/lib/python3.8/site-packages/airflow/example_dags/example_skip_dag.py for tasks to queue
[2021-12-21 00:05:25,179] {logging_mixin.py:104} INFO - [2021-12-21 00:05:25,179] {dagbag.py:496} INFO - Filling up the DagBag from /home/airflow/.local/lib/python3.8/site-packages/airflow/example_dags/example_skip_dag.py
[2021-12-21 00:05:25,200] {scheduler_job.py:643} INFO - DAG(s) dict_keys(['example_skip_dag']) retrieved from /home/airflow/.local/lib/python3.8/site-packages/airflow/example_dags/example_skip_dag.py
[2021-12-21 00:05:25,253] {logging_mixin.py:104} INFO - [2021-12-21 00:05:25,253] {dag.py:1833} INFO - Sync 1 DAGs
[2021-12-21 00:05:25,272] {logging_mixin.py:104} INFO - [2021-12-21 00:05:25,272] {dag.py:2306} INFO - Setting next_dagrun for example_skip_dag to 2021-12-19 00:00:00+00:00
[2021-12-21 00:05:25,291] {scheduler_job.py:190} INFO - Processing /home/airflow/.local/lib/python3.8/site-packages/airflow/example_dags/example_skip_dag.py took 0.130 seconds
[2021-12-21 00:05:55,711] {scheduler_job.py:182} INFO - Started process (PID=10247) to work on /home/airflow/.local/lib/python3.8/site-packages/airflow/example_dags/example_skip_dag.py
[2021-12-21 00:05:55,720] {scheduler_job.py:633} INFO - Processing file /home/airflow/.local/lib/python3.8/site-packages/airflow/example_dags/example_skip_dag.py for tasks to queue
[2021-12-21 00:05:55,726] {logging_mixin.py:104} INFO - [2021-12-21 00:05:55,725] {dagbag.py:496} INFO - Filling up the DagBag from /home/airflow/.local/lib/python3.8/site-packages/airflow/example_dags/example_skip_dag.py
[2021-12-21 00:05:55,760] {scheduler_job.py:643} INFO - DAG(s) dict_keys(['example_skip_dag']) retrieved from /home/airflow/.local/lib/python3.8/site-packages/airflow/example_dags/example_skip_dag.py
[2021-12-21 00:05:55,841] {logging_mixin.py:104} INFO - [2021-12-21 00:05:55,841] {dag.py:1833} INFO - Sync 1 DAGs
[2021-12-21 00:05:55,871] {logging_mixin.py:104} INFO - [2021-12-21 00:05:55,870] {dag.py:2306} INFO - Setting next_dagrun for example_skip_dag to 2021-12-19 00:00:00+00:00
[2021-12-21 00:05:55,897] {scheduler_job.py:190} INFO - Processing /home/airflow/.local/lib/python3.8/site-packages/airflow/example_dags/example_skip_dag.py took 0.194 seconds
[2021-12-21 00:06:26,484] {scheduler_job.py:182} INFO - Started process (PID=10278) to work on /home/airflow/.local/lib/python3.8/site-packages/airflow/example_dags/example_skip_dag.py
[2021-12-21 00:06:26,488] {scheduler_job.py:633} INFO - Processing file /home/airflow/.local/lib/python3.8/site-packages/airflow/example_dags/example_skip_dag.py for tasks to queue
[2021-12-21 00:06:26,490] {logging_mixin.py:104} INFO - [2021-12-21 00:06:26,490] {dagbag.py:496} INFO - Filling up the DagBag from /home/airflow/.local/lib/python3.8/site-packages/airflow/example_dags/example_skip_dag.py
[2021-12-21 00:06:26,507] {scheduler_job.py:643} INFO - DAG(s) dict_keys(['example_skip_dag']) retrieved from /home/airflow/.local/lib/python3.8/site-packages/airflow/example_dags/example_skip_dag.py
[2021-12-21 00:06:26,551] {logging_mixin.py:104} INFO - [2021-12-21 00:06:26,551] {dag.py:1833} INFO - Sync 1 DAGs
[2021-12-21 00:06:26,570] {logging_mixin.py:104} INFO - [2021-12-21 00:06:26,570] {dag.py:2306} INFO - Setting next_dagrun for example_skip_dag to 2021-12-19 00:00:00+00:00
[2021-12-21 00:06:26,594] {scheduler_job.py:190} INFO - Processing /home/airflow/.local/lib/python3.8/site-packages/airflow/example_dags/example_skip_dag.py took 0.116 seconds
[2021-12-21 00:06:57,062] {scheduler_job.py:182} INFO - Started process (PID=10309) to work on /home/airflow/.local/lib/python3.8/site-packages/airflow/example_dags/example_skip_dag.py
[2021-12-21 00:06:57,070] {scheduler_job.py:633} INFO - Processing file /home/airflow/.local/lib/python3.8/site-packages/airflow/example_dags/example_skip_dag.py for tasks to queue
[2021-12-21 00:06:57,073] {logging_mixin.py:104} INFO - [2021-12-21 00:06:57,073] {dagbag.py:496} INFO - Filling up the DagBag from /home/airflow/.local/lib/python3.8/site-packages/airflow/example_dags/example_skip_dag.py
[2021-12-21 00:06:57,091] {scheduler_job.py:643} INFO - DAG(s) dict_keys(['example_skip_dag']) retrieved from /home/airflow/.local/lib/python3.8/site-packages/airflow/example_dags/example_skip_dag.py
[2021-12-21 00:06:57,168] {logging_mixin.py:104} INFO - [2021-12-21 00:06:57,167] {dag.py:1833} INFO - Sync 1 DAGs
[2021-12-21 00:06:57,168] {logging_mixin.py:104} INFO - [2021-12-21 00:06:57,168] {dag.py:2306} INFO - Setting next_dagrun for example_skip_dag to 2021-12-19 00:00:00+00:00
[2021-12-21 00:06:57,191] {scheduler_job.py:190} INFO - Processing /home/airflow/.local/lib/python3.8/site-packages/airflow/example_dags/example_skip_dag.py took 0.169 seconds
[2021-12-21 00:07:27,289] {scheduler_job.py:182} INFO - Started process (PID=10339) to work on /home/airflow/.local/lib/python3.8/site-packages/airflow/example_dags/example_skip_dag.py
[2021-12-21 00:07:27,294] {scheduler_job.py:633} INFO - Processing file /home/airflow/.local/lib/python3.8/site-packages/airflow/example_dags/example_skip_dag.py for tasks to queue
[2021-12-21 00:07:27,297] {logging_mixin.py:104} INFO - [2021-12-21 00:07:27,297] {dagbag.py:496} INFO - Filling up the DagBag from /home/airflow/.local/lib/python3.8/site-packages/airflow/example_dags/example_skip_dag.py
[2021-12-21 00:07:27,312] {scheduler_job.py:643} INFO - DAG(s) dict_keys(['example_skip_dag']) retrieved from /home/airflow/.local/lib/python3.8/site-packages/airflow/example_dags/example_skip_dag.py
[2021-12-21 00:07:27,359] {logging_mixin.py:104} INFO - [2021-12-21 00:07:27,359] {dag.py:1833} INFO - Sync 1 DAGs
[2021-12-21 00:07:27,376] {logging_mixin.py:104} INFO - [2021-12-21 00:07:27,376] {dag.py:2306} INFO - Setting next_dagrun for example_skip_dag to 2021-12-19 00:00:00+00:00
[2021-12-21 00:07:27,398] {scheduler_job.py:190} INFO - Processing /home/airflow/.local/lib/python3.8/site-packages/airflow/example_dags/example_skip_dag.py took 0.114 seconds
[2021-12-21 00:07:57,584] {scheduler_job.py:182} INFO - Started process (PID=10370) to work on /home/airflow/.local/lib/python3.8/site-packages/airflow/example_dags/example_skip_dag.py
[2021-12-21 00:07:57,590] {scheduler_job.py:633} INFO - Processing file /home/airflow/.local/lib/python3.8/site-packages/airflow/example_dags/example_skip_dag.py for tasks to queue
[2021-12-21 00:07:57,593] {logging_mixin.py:104} INFO - [2021-12-21 00:07:57,593] {dagbag.py:496} INFO - Filling up the DagBag from /home/airflow/.local/lib/python3.8/site-packages/airflow/example_dags/example_skip_dag.py
[2021-12-21 00:07:57,618] {scheduler_job.py:643} INFO - DAG(s) dict_keys(['example_skip_dag']) retrieved from /home/airflow/.local/lib/python3.8/site-packages/airflow/example_dags/example_skip_dag.py
[2021-12-21 00:07:57,668] {logging_mixin.py:104} INFO - [2021-12-21 00:07:57,668] {dag.py:1833} INFO - Sync 1 DAGs
[2021-12-21 00:07:57,691] {logging_mixin.py:104} INFO - [2021-12-21 00:07:57,691] {dag.py:2306} INFO - Setting next_dagrun for example_skip_dag to 2021-12-19 00:00:00+00:00
[2021-12-21 00:07:57,712] {scheduler_job.py:190} INFO - Processing /home/airflow/.local/lib/python3.8/site-packages/airflow/example_dags/example_skip_dag.py took 0.135 seconds
[2021-12-21 00:08:27,975] {scheduler_job.py:182} INFO - Started process (PID=10401) to work on /home/airflow/.local/lib/python3.8/site-packages/airflow/example_dags/example_skip_dag.py
[2021-12-21 00:08:27,981] {scheduler_job.py:633} INFO - Processing file /home/airflow/.local/lib/python3.8/site-packages/airflow/example_dags/example_skip_dag.py for tasks to queue
[2021-12-21 00:08:27,984] {logging_mixin.py:104} INFO - [2021-12-21 00:08:27,984] {dagbag.py:496} INFO - Filling up the DagBag from /home/airflow/.local/lib/python3.8/site-packages/airflow/example_dags/example_skip_dag.py
[2021-12-21 00:08:28,010] {scheduler_job.py:643} INFO - DAG(s) dict_keys(['example_skip_dag']) retrieved from /home/airflow/.local/lib/python3.8/site-packages/airflow/example_dags/example_skip_dag.py
[2021-12-21 00:08:28,096] {logging_mixin.py:104} INFO - [2021-12-21 00:08:28,096] {dag.py:1833} INFO - Sync 1 DAGs
[2021-12-21 00:08:28,136] {logging_mixin.py:104} INFO - [2021-12-21 00:08:28,135] {dag.py:2306} INFO - Setting next_dagrun for example_skip_dag to 2021-12-19 00:00:00+00:00
[2021-12-21 00:08:28,172] {scheduler_job.py:190} INFO - Processing /home/airflow/.local/lib/python3.8/site-packages/airflow/example_dags/example_skip_dag.py took 0.209 seconds
[2021-12-21 00:08:58,284] {scheduler_job.py:182} INFO - Started process (PID=10432) to work on /home/airflow/.local/lib/python3.8/site-packages/airflow/example_dags/example_skip_dag.py
[2021-12-21 00:08:58,291] {scheduler_job.py:633} INFO - Processing file /home/airflow/.local/lib/python3.8/site-packages/airflow/example_dags/example_skip_dag.py for tasks to queue
[2021-12-21 00:08:58,296] {logging_mixin.py:104} INFO - [2021-12-21 00:08:58,295] {dagbag.py:496} INFO - Filling up the DagBag from /home/airflow/.local/lib/python3.8/site-packages/airflow/example_dags/example_skip_dag.py
[2021-12-21 00:08:58,320] {scheduler_job.py:643} INFO - DAG(s) dict_keys(['example_skip_dag']) retrieved from /home/airflow/.local/lib/python3.8/site-packages/airflow/example_dags/example_skip_dag.py
[2021-12-21 00:08:58,383] {logging_mixin.py:104} INFO - [2021-12-21 00:08:58,383] {dag.py:1833} INFO - Sync 1 DAGs
[2021-12-21 00:08:58,401] {logging_mixin.py:104} INFO - [2021-12-21 00:08:58,400] {dag.py:2306} INFO - Setting next_dagrun for example_skip_dag to 2021-12-19 00:00:00+00:00
[2021-12-21 00:08:58,422] {scheduler_job.py:190} INFO - Processing /home/airflow/.local/lib/python3.8/site-packages/airflow/example_dags/example_skip_dag.py took 0.150 seconds
[2021-12-21 00:09:28,763] {scheduler_job.py:182} INFO - Started process (PID=10463) to work on /home/airflow/.local/lib/python3.8/site-packages/airflow/example_dags/example_skip_dag.py
[2021-12-21 00:09:28,767] {scheduler_job.py:633} INFO - Processing file /home/airflow/.local/lib/python3.8/site-packages/airflow/example_dags/example_skip_dag.py for tasks to queue
[2021-12-21 00:09:28,770] {logging_mixin.py:104} INFO - [2021-12-21 00:09:28,769] {dagbag.py:496} INFO - Filling up the DagBag from /home/airflow/.local/lib/python3.8/site-packages/airflow/example_dags/example_skip_dag.py
[2021-12-21 00:09:28,788] {scheduler_job.py:643} INFO - DAG(s) dict_keys(['example_skip_dag']) retrieved from /home/airflow/.local/lib/python3.8/site-packages/airflow/example_dags/example_skip_dag.py
[2021-12-21 00:09:28,840] {logging_mixin.py:104} INFO - [2021-12-21 00:09:28,840] {dag.py:1833} INFO - Sync 1 DAGs
[2021-12-21 00:09:28,857] {logging_mixin.py:104} INFO - [2021-12-21 00:09:28,856] {dag.py:2306} INFO - Setting next_dagrun for example_skip_dag to 2021-12-19 00:00:00+00:00
[2021-12-21 00:09:28,878] {scheduler_job.py:190} INFO - Processing /home/airflow/.local/lib/python3.8/site-packages/airflow/example_dags/example_skip_dag.py took 0.121 seconds
[2021-12-21 00:09:59,313] {scheduler_job.py:182} INFO - Started process (PID=10494) to work on /home/airflow/.local/lib/python3.8/site-packages/airflow/example_dags/example_skip_dag.py
[2021-12-21 00:09:59,318] {scheduler_job.py:633} INFO - Processing file /home/airflow/.local/lib/python3.8/site-packages/airflow/example_dags/example_skip_dag.py for tasks to queue
[2021-12-21 00:09:59,320] {logging_mixin.py:104} INFO - [2021-12-21 00:09:59,320] {dagbag.py:496} INFO - Filling up the DagBag from /home/airflow/.local/lib/python3.8/site-packages/airflow/example_dags/example_skip_dag.py
[2021-12-21 00:09:59,343] {scheduler_job.py:643} INFO - DAG(s) dict_keys(['example_skip_dag']) retrieved from /home/airflow/.local/lib/python3.8/site-packages/airflow/example_dags/example_skip_dag.py
[2021-12-21 00:09:59,399] {logging_mixin.py:104} INFO - [2021-12-21 00:09:59,399] {dag.py:1833} INFO - Sync 1 DAGs
[2021-12-21 00:09:59,416] {logging_mixin.py:104} INFO - [2021-12-21 00:09:59,416] {dag.py:2306} INFO - Setting next_dagrun for example_skip_dag to 2021-12-19 00:00:00+00:00
[2021-12-21 00:09:59,436] {scheduler_job.py:190} INFO - Processing /home/airflow/.local/lib/python3.8/site-packages/airflow/example_dags/example_skip_dag.py took 0.129 seconds
[2021-12-21 00:10:29,804] {scheduler_job.py:182} INFO - Started process (PID=10525) to work on /home/airflow/.local/lib/python3.8/site-packages/airflow/example_dags/example_skip_dag.py
[2021-12-21 00:10:29,808] {scheduler_job.py:633} INFO - Processing file /home/airflow/.local/lib/python3.8/site-packages/airflow/example_dags/example_skip_dag.py for tasks to queue
[2021-12-21 00:10:29,811] {logging_mixin.py:104} INFO - [2021-12-21 00:10:29,811] {dagbag.py:496} INFO - Filling up the DagBag from /home/airflow/.local/lib/python3.8/site-packages/airflow/example_dags/example_skip_dag.py
[2021-12-21 00:10:29,826] {scheduler_job.py:643} INFO - DAG(s) dict_keys(['example_skip_dag']) retrieved from /home/airflow/.local/lib/python3.8/site-packages/airflow/example_dags/example_skip_dag.py
[2021-12-21 00:10:29,877] {logging_mixin.py:104} INFO - [2021-12-21 00:10:29,877] {dag.py:1833} INFO - Sync 1 DAGs
[2021-12-21 00:10:29,900] {logging_mixin.py:104} INFO - [2021-12-21 00:10:29,900] {dag.py:2306} INFO - Setting next_dagrun for example_skip_dag to 2021-12-19 00:00:00+00:00
[2021-12-21 00:10:29,926] {scheduler_job.py:190} INFO - Processing /home/airflow/.local/lib/python3.8/site-packages/airflow/example_dags/example_skip_dag.py took 0.126 seconds
[2021-12-21 00:11:00,084] {scheduler_job.py:182} INFO - Started process (PID=10556) to work on /home/airflow/.local/lib/python3.8/site-packages/airflow/example_dags/example_skip_dag.py
[2021-12-21 00:11:00,087] {scheduler_job.py:633} INFO - Processing file /home/airflow/.local/lib/python3.8/site-packages/airflow/example_dags/example_skip_dag.py for tasks to queue
[2021-12-21 00:11:00,090] {logging_mixin.py:104} INFO - [2021-12-21 00:11:00,090] {dagbag.py:496} INFO - Filling up the DagBag from /home/airflow/.local/lib/python3.8/site-packages/airflow/example_dags/example_skip_dag.py
[2021-12-21 00:11:00,109] {scheduler_job.py:643} INFO - DAG(s) dict_keys(['example_skip_dag']) retrieved from /home/airflow/.local/lib/python3.8/site-packages/airflow/example_dags/example_skip_dag.py
[2021-12-21 00:11:00,175] {logging_mixin.py:104} INFO - [2021-12-21 00:11:00,175] {dag.py:1833} INFO - Sync 1 DAGs
[2021-12-21 00:11:00,200] {logging_mixin.py:104} INFO - [2021-12-21 00:11:00,200] {dag.py:2306} INFO - Setting next_dagrun for example_skip_dag to 2021-12-19 00:00:00+00:00
[2021-12-21 00:11:00,220] {scheduler_job.py:190} INFO - Processing /home/airflow/.local/lib/python3.8/site-packages/airflow/example_dags/example_skip_dag.py took 0.141 seconds
[2021-12-21 00:11:30,360] {scheduler_job.py:182} INFO - Started process (PID=10587) to work on /home/airflow/.local/lib/python3.8/site-packages/airflow/example_dags/example_skip_dag.py
[2021-12-21 00:11:30,363] {scheduler_job.py:633} INFO - Processing file /home/airflow/.local/lib/python3.8/site-packages/airflow/example_dags/example_skip_dag.py for tasks to queue
[2021-12-21 00:11:30,366] {logging_mixin.py:104} INFO - [2021-12-21 00:11:30,366] {dagbag.py:496} INFO - Filling up the DagBag from /home/airflow/.local/lib/python3.8/site-packages/airflow/example_dags/example_skip_dag.py
[2021-12-21 00:11:30,391] {scheduler_job.py:643} INFO - DAG(s) dict_keys(['example_skip_dag']) retrieved from /home/airflow/.local/lib/python3.8/site-packages/airflow/example_dags/example_skip_dag.py
[2021-12-21 00:11:30,459] {logging_mixin.py:104} INFO - [2021-12-21 00:11:30,459] {dag.py:1833} INFO - Sync 1 DAGs
[2021-12-21 00:11:30,485] {logging_mixin.py:104} INFO - [2021-12-21 00:11:30,485] {dag.py:2306} INFO - Setting next_dagrun for example_skip_dag to 2021-12-19 00:00:00+00:00
[2021-12-21 00:11:30,513] {scheduler_job.py:190} INFO - Processing /home/airflow/.local/lib/python3.8/site-packages/airflow/example_dags/example_skip_dag.py took 0.158 seconds
[2021-12-21 00:12:00,581] {scheduler_job.py:182} INFO - Started process (PID=10618) to work on /home/airflow/.local/lib/python3.8/site-packages/airflow/example_dags/example_skip_dag.py
[2021-12-21 00:12:00,586] {scheduler_job.py:633} INFO - Processing file /home/airflow/.local/lib/python3.8/site-packages/airflow/example_dags/example_skip_dag.py for tasks to queue
[2021-12-21 00:12:00,590] {logging_mixin.py:104} INFO - [2021-12-21 00:12:00,590] {dagbag.py:496} INFO - Filling up the DagBag from /home/airflow/.local/lib/python3.8/site-packages/airflow/example_dags/example_skip_dag.py
[2021-12-21 00:12:00,616] {scheduler_job.py:643} INFO - DAG(s) dict_keys(['example_skip_dag']) retrieved from /home/airflow/.local/lib/python3.8/site-packages/airflow/example_dags/example_skip_dag.py
[2021-12-21 00:12:00,679] {logging_mixin.py:104} INFO - [2021-12-21 00:12:00,679] {dag.py:1833} INFO - Sync 1 DAGs
[2021-12-21 00:12:00,696] {logging_mixin.py:104} INFO - [2021-12-21 00:12:00,696] {dag.py:2306} INFO - Setting next_dagrun for example_skip_dag to 2021-12-19 00:00:00+00:00
[2021-12-21 00:12:00,719] {scheduler_job.py:190} INFO - Processing /home/airflow/.local/lib/python3.8/site-packages/airflow/example_dags/example_skip_dag.py took 0.153 seconds
[2021-12-21 00:12:31,432] {scheduler_job.py:182} INFO - Started process (PID=10649) to work on /home/airflow/.local/lib/python3.8/site-packages/airflow/example_dags/example_skip_dag.py
[2021-12-21 00:12:31,443] {scheduler_job.py:633} INFO - Processing file /home/airflow/.local/lib/python3.8/site-packages/airflow/example_dags/example_skip_dag.py for tasks to queue
[2021-12-21 00:12:31,447] {logging_mixin.py:104} INFO - [2021-12-21 00:12:31,446] {dagbag.py:496} INFO - Filling up the DagBag from /home/airflow/.local/lib/python3.8/site-packages/airflow/example_dags/example_skip_dag.py
[2021-12-21 00:12:31,465] {scheduler_job.py:643} INFO - DAG(s) dict_keys(['example_skip_dag']) retrieved from /home/airflow/.local/lib/python3.8/site-packages/airflow/example_dags/example_skip_dag.py
[2021-12-21 00:12:31,507] {logging_mixin.py:104} INFO - [2021-12-21 00:12:31,507] {dag.py:1833} INFO - Sync 1 DAGs
[2021-12-21 00:12:31,532] {logging_mixin.py:104} INFO - [2021-12-21 00:12:31,532] {dag.py:2306} INFO - Setting next_dagrun for example_skip_dag to 2021-12-19 00:00:00+00:00
[2021-12-21 00:12:31,552] {scheduler_job.py:190} INFO - Processing /home/airflow/.local/lib/python3.8/site-packages/airflow/example_dags/example_skip_dag.py took 0.131 seconds
[2021-12-21 00:13:02,057] {scheduler_job.py:182} INFO - Started process (PID=10680) to work on /home/airflow/.local/lib/python3.8/site-packages/airflow/example_dags/example_skip_dag.py
[2021-12-21 00:13:02,065] {scheduler_job.py:633} INFO - Processing file /home/airflow/.local/lib/python3.8/site-packages/airflow/example_dags/example_skip_dag.py for tasks to queue
[2021-12-21 00:13:02,069] {logging_mixin.py:104} INFO - [2021-12-21 00:13:02,068] {dagbag.py:496} INFO - Filling up the DagBag from /home/airflow/.local/lib/python3.8/site-packages/airflow/example_dags/example_skip_dag.py
[2021-12-21 00:13:02,094] {scheduler_job.py:643} INFO - DAG(s) dict_keys(['example_skip_dag']) retrieved from /home/airflow/.local/lib/python3.8/site-packages/airflow/example_dags/example_skip_dag.py
[2021-12-21 00:13:02,149] {logging_mixin.py:104} INFO - [2021-12-21 00:13:02,149] {dag.py:1833} INFO - Sync 1 DAGs
[2021-12-21 00:13:02,168] {logging_mixin.py:104} INFO - [2021-12-21 00:13:02,168] {dag.py:2306} INFO - Setting next_dagrun for example_skip_dag to 2021-12-19 00:00:00+00:00
[2021-12-21 00:13:02,189] {scheduler_job.py:190} INFO - Processing /home/airflow/.local/lib/python3.8/site-packages/airflow/example_dags/example_skip_dag.py took 0.153 seconds
[2021-12-21 00:13:32,969] {scheduler_job.py:182} INFO - Started process (PID=10711) to work on /home/airflow/.local/lib/python3.8/site-packages/airflow/example_dags/example_skip_dag.py
[2021-12-21 00:13:32,976] {scheduler_job.py:633} INFO - Processing file /home/airflow/.local/lib/python3.8/site-packages/airflow/example_dags/example_skip_dag.py for tasks to queue
[2021-12-21 00:13:32,980] {logging_mixin.py:104} INFO - [2021-12-21 00:13:32,980] {dagbag.py:496} INFO - Filling up the DagBag from /home/airflow/.local/lib/python3.8/site-packages/airflow/example_dags/example_skip_dag.py
[2021-12-21 00:13:33,003] {scheduler_job.py:643} INFO - DAG(s) dict_keys(['example_skip_dag']) retrieved from /home/airflow/.local/lib/python3.8/site-packages/airflow/example_dags/example_skip_dag.py
[2021-12-21 00:13:33,056] {logging_mixin.py:104} INFO - [2021-12-21 00:13:33,056] {dag.py:1833} INFO - Sync 1 DAGs
[2021-12-21 00:13:33,076] {logging_mixin.py:104} INFO - [2021-12-21 00:13:33,076] {dag.py:2306} INFO - Setting next_dagrun for example_skip_dag to 2021-12-19 00:00:00+00:00
[2021-12-21 00:13:33,105] {scheduler_job.py:190} INFO - Processing /home/airflow/.local/lib/python3.8/site-packages/airflow/example_dags/example_skip_dag.py took 0.146 seconds
[2021-12-21 00:14:03,915] {scheduler_job.py:182} INFO - Started process (PID=10742) to work on /home/airflow/.local/lib/python3.8/site-packages/airflow/example_dags/example_skip_dag.py
[2021-12-21 00:14:03,920] {scheduler_job.py:633} INFO - Processing file /home/airflow/.local/lib/python3.8/site-packages/airflow/example_dags/example_skip_dag.py for tasks to queue
[2021-12-21 00:14:03,924] {logging_mixin.py:104} INFO - [2021-12-21 00:14:03,924] {dagbag.py:496} INFO - Filling up the DagBag from /home/airflow/.local/lib/python3.8/site-packages/airflow/example_dags/example_skip_dag.py
[2021-12-21 00:14:03,951] {scheduler_job.py:643} INFO - DAG(s) dict_keys(['example_skip_dag']) retrieved from /home/airflow/.local/lib/python3.8/site-packages/airflow/example_dags/example_skip_dag.py
[2021-12-21 00:14:04,001] {logging_mixin.py:104} INFO - [2021-12-21 00:14:04,001] {dag.py:1833} INFO - Sync 1 DAGs
[2021-12-21 00:14:04,025] {logging_mixin.py:104} INFO - [2021-12-21 00:14:04,025] {dag.py:2306} INFO - Setting next_dagrun for example_skip_dag to 2021-12-19 00:00:00+00:00
[2021-12-21 00:14:04,047] {scheduler_job.py:190} INFO - Processing /home/airflow/.local/lib/python3.8/site-packages/airflow/example_dags/example_skip_dag.py took 0.139 seconds
[2021-12-21 00:14:34,218] {scheduler_job.py:182} INFO - Started process (PID=10773) to work on /home/airflow/.local/lib/python3.8/site-packages/airflow/example_dags/example_skip_dag.py
[2021-12-21 00:14:34,222] {scheduler_job.py:633} INFO - Processing file /home/airflow/.local/lib/python3.8/site-packages/airflow/example_dags/example_skip_dag.py for tasks to queue
[2021-12-21 00:14:34,229] {logging_mixin.py:104} INFO - [2021-12-21 00:14:34,229] {dagbag.py:496} INFO - Filling up the DagBag from /home/airflow/.local/lib/python3.8/site-packages/airflow/example_dags/example_skip_dag.py
[2021-12-21 00:14:34,256] {scheduler_job.py:643} INFO - DAG(s) dict_keys(['example_skip_dag']) retrieved from /home/airflow/.local/lib/python3.8/site-packages/airflow/example_dags/example_skip_dag.py
[2021-12-21 00:14:34,326] {logging_mixin.py:104} INFO - [2021-12-21 00:14:34,326] {dag.py:1833} INFO - Sync 1 DAGs
[2021-12-21 00:14:34,346] {logging_mixin.py:104} INFO - [2021-12-21 00:14:34,346] {dag.py:2306} INFO - Setting next_dagrun for example_skip_dag to 2021-12-19 00:00:00+00:00
[2021-12-21 00:14:34,379] {scheduler_job.py:190} INFO - Processing /home/airflow/.local/lib/python3.8/site-packages/airflow/example_dags/example_skip_dag.py took 0.169 seconds
[2021-12-21 00:15:04,485] {scheduler_job.py:182} INFO - Started process (PID=10804) to work on /home/airflow/.local/lib/python3.8/site-packages/airflow/example_dags/example_skip_dag.py
[2021-12-21 00:15:04,493] {scheduler_job.py:633} INFO - Processing file /home/airflow/.local/lib/python3.8/site-packages/airflow/example_dags/example_skip_dag.py for tasks to queue
[2021-12-21 00:15:04,497] {logging_mixin.py:104} INFO - [2021-12-21 00:15:04,497] {dagbag.py:496} INFO - Filling up the DagBag from /home/airflow/.local/lib/python3.8/site-packages/airflow/example_dags/example_skip_dag.py
[2021-12-21 00:15:04,534] {scheduler_job.py:643} INFO - DAG(s) dict_keys(['example_skip_dag']) retrieved from /home/airflow/.local/lib/python3.8/site-packages/airflow/example_dags/example_skip_dag.py
[2021-12-21 00:15:04,603] {logging_mixin.py:104} INFO - [2021-12-21 00:15:04,602] {dag.py:1833} INFO - Sync 1 DAGs
[2021-12-21 00:15:04,626] {logging_mixin.py:104} INFO - [2021-12-21 00:15:04,626] {dag.py:2306} INFO - Setting next_dagrun for example_skip_dag to 2021-12-19 00:00:00+00:00
[2021-12-21 00:15:04,662] {scheduler_job.py:190} INFO - Processing /home/airflow/.local/lib/python3.8/site-packages/airflow/example_dags/example_skip_dag.py took 0.187 seconds
[2021-12-21 00:15:34,791] {scheduler_job.py:182} INFO - Started process (PID=10835) to work on /home/airflow/.local/lib/python3.8/site-packages/airflow/example_dags/example_skip_dag.py
[2021-12-21 00:15:34,807] {scheduler_job.py:633} INFO - Processing file /home/airflow/.local/lib/python3.8/site-packages/airflow/example_dags/example_skip_dag.py for tasks to queue
[2021-12-21 00:15:34,814] {logging_mixin.py:104} INFO - [2021-12-21 00:15:34,813] {dagbag.py:496} INFO - Filling up the DagBag from /home/airflow/.local/lib/python3.8/site-packages/airflow/example_dags/example_skip_dag.py
[2021-12-21 00:15:34,872] {scheduler_job.py:643} INFO - DAG(s) dict_keys(['example_skip_dag']) retrieved from /home/airflow/.local/lib/python3.8/site-packages/airflow/example_dags/example_skip_dag.py
[2021-12-21 00:15:34,951] {logging_mixin.py:104} INFO - [2021-12-21 00:15:34,950] {dag.py:1833} INFO - Sync 1 DAGs
[2021-12-21 00:15:34,966] {logging_mixin.py:104} INFO - [2021-12-21 00:15:34,966] {dag.py:2306} INFO - Setting next_dagrun for example_skip_dag to 2021-12-19 00:00:00+00:00
[2021-12-21 00:15:34,985] {scheduler_job.py:190} INFO - Processing /home/airflow/.local/lib/python3.8/site-packages/airflow/example_dags/example_skip_dag.py took 0.217 seconds
[2021-12-21 00:16:05,388] {scheduler_job.py:182} INFO - Started process (PID=10866) to work on /home/airflow/.local/lib/python3.8/site-packages/airflow/example_dags/example_skip_dag.py
[2021-12-21 00:16:05,393] {scheduler_job.py:633} INFO - Processing file /home/airflow/.local/lib/python3.8/site-packages/airflow/example_dags/example_skip_dag.py for tasks to queue
[2021-12-21 00:16:05,397] {logging_mixin.py:104} INFO - [2021-12-21 00:16:05,397] {dagbag.py:496} INFO - Filling up the DagBag from /home/airflow/.local/lib/python3.8/site-packages/airflow/example_dags/example_skip_dag.py
[2021-12-21 00:16:05,423] {scheduler_job.py:643} INFO - DAG(s) dict_keys(['example_skip_dag']) retrieved from /home/airflow/.local/lib/python3.8/site-packages/airflow/example_dags/example_skip_dag.py
[2021-12-21 00:16:05,478] {logging_mixin.py:104} INFO - [2021-12-21 00:16:05,478] {dag.py:1833} INFO - Sync 1 DAGs
[2021-12-21 00:16:05,494] {logging_mixin.py:104} INFO - [2021-12-21 00:16:05,494] {dag.py:2306} INFO - Setting next_dagrun for example_skip_dag to 2021-12-19 00:00:00+00:00
[2021-12-21 00:16:05,519] {scheduler_job.py:190} INFO - Processing /home/airflow/.local/lib/python3.8/site-packages/airflow/example_dags/example_skip_dag.py took 0.138 seconds
[2021-12-21 00:16:35,575] {scheduler_job.py:182} INFO - Started process (PID=10897) to work on /home/airflow/.local/lib/python3.8/site-packages/airflow/example_dags/example_skip_dag.py
[2021-12-21 00:16:35,578] {scheduler_job.py:633} INFO - Processing file /home/airflow/.local/lib/python3.8/site-packages/airflow/example_dags/example_skip_dag.py for tasks to queue
[2021-12-21 00:16:35,580] {logging_mixin.py:104} INFO - [2021-12-21 00:16:35,580] {dagbag.py:496} INFO - Filling up the DagBag from /home/airflow/.local/lib/python3.8/site-packages/airflow/example_dags/example_skip_dag.py
[2021-12-21 00:16:35,601] {scheduler_job.py:643} INFO - DAG(s) dict_keys(['example_skip_dag']) retrieved from /home/airflow/.local/lib/python3.8/site-packages/airflow/example_dags/example_skip_dag.py
[2021-12-21 00:16:35,654] {logging_mixin.py:104} INFO - [2021-12-21 00:16:35,654] {dag.py:1833} INFO - Sync 1 DAGs
[2021-12-21 00:16:35,673] {logging_mixin.py:104} INFO - [2021-12-21 00:16:35,673] {dag.py:2306} INFO - Setting next_dagrun for example_skip_dag to 2021-12-19 00:00:00+00:00
[2021-12-21 00:16:35,699] {scheduler_job.py:190} INFO - Processing /home/airflow/.local/lib/python3.8/site-packages/airflow/example_dags/example_skip_dag.py took 0.131 seconds
[2021-12-21 00:17:06,267] {scheduler_job.py:182} INFO - Started process (PID=10928) to work on /home/airflow/.local/lib/python3.8/site-packages/airflow/example_dags/example_skip_dag.py
[2021-12-21 00:17:06,272] {scheduler_job.py:633} INFO - Processing file /home/airflow/.local/lib/python3.8/site-packages/airflow/example_dags/example_skip_dag.py for tasks to queue
[2021-12-21 00:17:06,278] {logging_mixin.py:104} INFO - [2021-12-21 00:17:06,278] {dagbag.py:496} INFO - Filling up the DagBag from /home/airflow/.local/lib/python3.8/site-packages/airflow/example_dags/example_skip_dag.py
[2021-12-21 00:17:06,299] {scheduler_job.py:643} INFO - DAG(s) dict_keys(['example_skip_dag']) retrieved from /home/airflow/.local/lib/python3.8/site-packages/airflow/example_dags/example_skip_dag.py
[2021-12-21 00:17:06,353] {logging_mixin.py:104} INFO - [2021-12-21 00:17:06,353] {dag.py:1833} INFO - Sync 1 DAGs
[2021-12-21 00:17:06,372] {logging_mixin.py:104} INFO - [2021-12-21 00:17:06,372] {dag.py:2306} INFO - Setting next_dagrun for example_skip_dag to 2021-12-19 00:00:00+00:00
[2021-12-21 00:17:06,393] {scheduler_job.py:190} INFO - Processing /home/airflow/.local/lib/python3.8/site-packages/airflow/example_dags/example_skip_dag.py took 0.137 seconds
[2021-12-21 00:17:36,608] {scheduler_job.py:182} INFO - Started process (PID=10959) to work on /home/airflow/.local/lib/python3.8/site-packages/airflow/example_dags/example_skip_dag.py
[2021-12-21 00:17:36,613] {scheduler_job.py:633} INFO - Processing file /home/airflow/.local/lib/python3.8/site-packages/airflow/example_dags/example_skip_dag.py for tasks to queue
[2021-12-21 00:17:36,616] {logging_mixin.py:104} INFO - [2021-12-21 00:17:36,616] {dagbag.py:496} INFO - Filling up the DagBag from /home/airflow/.local/lib/python3.8/site-packages/airflow/example_dags/example_skip_dag.py
[2021-12-21 00:17:36,641] {scheduler_job.py:643} INFO - DAG(s) dict_keys(['example_skip_dag']) retrieved from /home/airflow/.local/lib/python3.8/site-packages/airflow/example_dags/example_skip_dag.py
[2021-12-21 00:17:36,706] {logging_mixin.py:104} INFO - [2021-12-21 00:17:36,706] {dag.py:1833} INFO - Sync 1 DAGs
[2021-12-21 00:17:36,722] {logging_mixin.py:104} INFO - [2021-12-21 00:17:36,722] {dag.py:2306} INFO - Setting next_dagrun for example_skip_dag to 2021-12-19 00:00:00+00:00
[2021-12-21 00:17:36,742] {scheduler_job.py:190} INFO - Processing /home/airflow/.local/lib/python3.8/site-packages/airflow/example_dags/example_skip_dag.py took 0.143 seconds
[2021-12-21 00:18:07,492] {scheduler_job.py:182} INFO - Started process (PID=10990) to work on /home/airflow/.local/lib/python3.8/site-packages/airflow/example_dags/example_skip_dag.py
[2021-12-21 00:18:07,497] {scheduler_job.py:633} INFO - Processing file /home/airflow/.local/lib/python3.8/site-packages/airflow/example_dags/example_skip_dag.py for tasks to queue
[2021-12-21 00:18:07,502] {logging_mixin.py:104} INFO - [2021-12-21 00:18:07,501] {dagbag.py:496} INFO - Filling up the DagBag from /home/airflow/.local/lib/python3.8/site-packages/airflow/example_dags/example_skip_dag.py
[2021-12-21 00:18:07,531] {scheduler_job.py:643} INFO - DAG(s) dict_keys(['example_skip_dag']) retrieved from /home/airflow/.local/lib/python3.8/site-packages/airflow/example_dags/example_skip_dag.py
[2021-12-21 00:18:07,589] {logging_mixin.py:104} INFO - [2021-12-21 00:18:07,588] {dag.py:1833} INFO - Sync 1 DAGs
[2021-12-21 00:18:07,618] {logging_mixin.py:104} INFO - [2021-12-21 00:18:07,618] {dag.py:2306} INFO - Setting next_dagrun for example_skip_dag to 2021-12-19 00:00:00+00:00
[2021-12-21 00:18:07,641] {scheduler_job.py:190} INFO - Processing /home/airflow/.local/lib/python3.8/site-packages/airflow/example_dags/example_skip_dag.py took 0.160 seconds
[2021-12-21 00:18:38,225] {scheduler_job.py:182} INFO - Started process (PID=11021) to work on /home/airflow/.local/lib/python3.8/site-packages/airflow/example_dags/example_skip_dag.py
[2021-12-21 00:18:38,229] {scheduler_job.py:633} INFO - Processing file /home/airflow/.local/lib/python3.8/site-packages/airflow/example_dags/example_skip_dag.py for tasks to queue
[2021-12-21 00:18:38,233] {logging_mixin.py:104} INFO - [2021-12-21 00:18:38,232] {dagbag.py:496} INFO - Filling up the DagBag from /home/airflow/.local/lib/python3.8/site-packages/airflow/example_dags/example_skip_dag.py
[2021-12-21 00:18:38,256] {scheduler_job.py:643} INFO - DAG(s) dict_keys(['example_skip_dag']) retrieved from /home/airflow/.local/lib/python3.8/site-packages/airflow/example_dags/example_skip_dag.py
[2021-12-21 00:18:38,307] {logging_mixin.py:104} INFO - [2021-12-21 00:18:38,307] {dag.py:1833} INFO - Sync 1 DAGs
[2021-12-21 00:18:38,324] {logging_mixin.py:104} INFO - [2021-12-21 00:18:38,324] {dag.py:2306} INFO - Setting next_dagrun for example_skip_dag to 2021-12-19 00:00:00+00:00
[2021-12-21 00:18:38,346] {scheduler_job.py:190} INFO - Processing /home/airflow/.local/lib/python3.8/site-packages/airflow/example_dags/example_skip_dag.py took 0.128 seconds
[2021-12-21 00:19:08,718] {scheduler_job.py:182} INFO - Started process (PID=11052) to work on /home/airflow/.local/lib/python3.8/site-packages/airflow/example_dags/example_skip_dag.py
[2021-12-21 00:19:08,723] {scheduler_job.py:633} INFO - Processing file /home/airflow/.local/lib/python3.8/site-packages/airflow/example_dags/example_skip_dag.py for tasks to queue
[2021-12-21 00:19:08,732] {logging_mixin.py:104} INFO - [2021-12-21 00:19:08,729] {dagbag.py:496} INFO - Filling up the DagBag from /home/airflow/.local/lib/python3.8/site-packages/airflow/example_dags/example_skip_dag.py
[2021-12-21 00:19:08,782] {scheduler_job.py:643} INFO - DAG(s) dict_keys(['example_skip_dag']) retrieved from /home/airflow/.local/lib/python3.8/site-packages/airflow/example_dags/example_skip_dag.py
[2021-12-21 00:19:08,871] {logging_mixin.py:104} INFO - [2021-12-21 00:19:08,871] {dag.py:1833} INFO - Sync 1 DAGs
[2021-12-21 00:19:08,902] {logging_mixin.py:104} INFO - [2021-12-21 00:19:08,902] {dag.py:2306} INFO - Setting next_dagrun for example_skip_dag to 2021-12-19 00:00:00+00:00
[2021-12-21 00:19:08,935] {scheduler_job.py:190} INFO - Processing /home/airflow/.local/lib/python3.8/site-packages/airflow/example_dags/example_skip_dag.py took 0.229 seconds
[2021-12-21 00:19:39,427] {scheduler_job.py:182} INFO - Started process (PID=11083) to work on /home/airflow/.local/lib/python3.8/site-packages/airflow/example_dags/example_skip_dag.py
[2021-12-21 00:19:39,442] {scheduler_job.py:633} INFO - Processing file /home/airflow/.local/lib/python3.8/site-packages/airflow/example_dags/example_skip_dag.py for tasks to queue
[2021-12-21 00:19:39,447] {logging_mixin.py:104} INFO - [2021-12-21 00:19:39,446] {dagbag.py:496} INFO - Filling up the DagBag from /home/airflow/.local/lib/python3.8/site-packages/airflow/example_dags/example_skip_dag.py
[2021-12-21 00:19:39,481] {scheduler_job.py:643} INFO - DAG(s) dict_keys(['example_skip_dag']) retrieved from /home/airflow/.local/lib/python3.8/site-packages/airflow/example_dags/example_skip_dag.py
[2021-12-21 00:19:39,560] {logging_mixin.py:104} INFO - [2021-12-21 00:19:39,560] {dag.py:1833} INFO - Sync 1 DAGs
[2021-12-21 00:19:39,579] {logging_mixin.py:104} INFO - [2021-12-21 00:19:39,579] {dag.py:2306} INFO - Setting next_dagrun for example_skip_dag to 2021-12-19 00:00:00+00:00
[2021-12-21 00:19:39,611] {scheduler_job.py:190} INFO - Processing /home/airflow/.local/lib/python3.8/site-packages/airflow/example_dags/example_skip_dag.py took 0.191 seconds
[2021-12-21 00:20:10,384] {scheduler_job.py:182} INFO - Started process (PID=11114) to work on /home/airflow/.local/lib/python3.8/site-packages/airflow/example_dags/example_skip_dag.py
[2021-12-21 00:20:10,397] {scheduler_job.py:633} INFO - Processing file /home/airflow/.local/lib/python3.8/site-packages/airflow/example_dags/example_skip_dag.py for tasks to queue
[2021-12-21 00:20:10,404] {logging_mixin.py:104} INFO - [2021-12-21 00:20:10,403] {dagbag.py:496} INFO - Filling up the DagBag from /home/airflow/.local/lib/python3.8/site-packages/airflow/example_dags/example_skip_dag.py
[2021-12-21 00:20:10,430] {scheduler_job.py:643} INFO - DAG(s) dict_keys(['example_skip_dag']) retrieved from /home/airflow/.local/lib/python3.8/site-packages/airflow/example_dags/example_skip_dag.py
[2021-12-21 00:20:10,508] {logging_mixin.py:104} INFO - [2021-12-21 00:20:10,508] {dag.py:1833} INFO - Sync 1 DAGs
[2021-12-21 00:20:10,535] {logging_mixin.py:104} INFO - [2021-12-21 00:20:10,535] {dag.py:2306} INFO - Setting next_dagrun for example_skip_dag to 2021-12-19 00:00:00+00:00
[2021-12-21 00:20:10,559] {scheduler_job.py:190} INFO - Processing /home/airflow/.local/lib/python3.8/site-packages/airflow/example_dags/example_skip_dag.py took 0.186 seconds
[2021-12-21 00:20:40,972] {scheduler_job.py:182} INFO - Started process (PID=11144) to work on /home/airflow/.local/lib/python3.8/site-packages/airflow/example_dags/example_skip_dag.py
[2021-12-21 00:20:40,978] {scheduler_job.py:633} INFO - Processing file /home/airflow/.local/lib/python3.8/site-packages/airflow/example_dags/example_skip_dag.py for tasks to queue
[2021-12-21 00:20:40,983] {logging_mixin.py:104} INFO - [2021-12-21 00:20:40,983] {dagbag.py:496} INFO - Filling up the DagBag from /home/airflow/.local/lib/python3.8/site-packages/airflow/example_dags/example_skip_dag.py
[2021-12-21 00:20:41,006] {scheduler_job.py:643} INFO - DAG(s) dict_keys(['example_skip_dag']) retrieved from /home/airflow/.local/lib/python3.8/site-packages/airflow/example_dags/example_skip_dag.py
[2021-12-21 00:20:41,062] {logging_mixin.py:104} INFO - [2021-12-21 00:20:41,062] {dag.py:1833} INFO - Sync 1 DAGs
[2021-12-21 00:20:41,095] {logging_mixin.py:104} INFO - [2021-12-21 00:20:41,095] {dag.py:2306} INFO - Setting next_dagrun for example_skip_dag to 2021-12-19 00:00:00+00:00
[2021-12-21 00:20:41,127] {scheduler_job.py:190} INFO - Processing /home/airflow/.local/lib/python3.8/site-packages/airflow/example_dags/example_skip_dag.py took 0.162 seconds
[2021-12-21 00:21:11,262] {scheduler_job.py:182} INFO - Started process (PID=11174) to work on /home/airflow/.local/lib/python3.8/site-packages/airflow/example_dags/example_skip_dag.py
[2021-12-21 00:21:11,271] {scheduler_job.py:633} INFO - Processing file /home/airflow/.local/lib/python3.8/site-packages/airflow/example_dags/example_skip_dag.py for tasks to queue
[2021-12-21 00:21:11,274] {logging_mixin.py:104} INFO - [2021-12-21 00:21:11,274] {dagbag.py:496} INFO - Filling up the DagBag from /home/airflow/.local/lib/python3.8/site-packages/airflow/example_dags/example_skip_dag.py
[2021-12-21 00:21:11,303] {scheduler_job.py:643} INFO - DAG(s) dict_keys(['example_skip_dag']) retrieved from /home/airflow/.local/lib/python3.8/site-packages/airflow/example_dags/example_skip_dag.py
[2021-12-21 00:21:11,354] {logging_mixin.py:104} INFO - [2021-12-21 00:21:11,354] {dag.py:1833} INFO - Sync 1 DAGs
[2021-12-21 00:21:11,376] {logging_mixin.py:104} INFO - [2021-12-21 00:21:11,376] {dag.py:2306} INFO - Setting next_dagrun for example_skip_dag to 2021-12-19 00:00:00+00:00
[2021-12-21 00:21:11,399] {scheduler_job.py:190} INFO - Processing /home/airflow/.local/lib/python3.8/site-packages/airflow/example_dags/example_skip_dag.py took 0.151 seconds
[2021-12-21 00:21:42,099] {scheduler_job.py:182} INFO - Started process (PID=11205) to work on /home/airflow/.local/lib/python3.8/site-packages/airflow/example_dags/example_skip_dag.py
[2021-12-21 00:21:42,105] {scheduler_job.py:633} INFO - Processing file /home/airflow/.local/lib/python3.8/site-packages/airflow/example_dags/example_skip_dag.py for tasks to queue
[2021-12-21 00:21:42,111] {logging_mixin.py:104} INFO - [2021-12-21 00:21:42,111] {dagbag.py:496} INFO - Filling up the DagBag from /home/airflow/.local/lib/python3.8/site-packages/airflow/example_dags/example_skip_dag.py
[2021-12-21 00:21:42,156] {scheduler_job.py:643} INFO - DAG(s) dict_keys(['example_skip_dag']) retrieved from /home/airflow/.local/lib/python3.8/site-packages/airflow/example_dags/example_skip_dag.py
[2021-12-21 00:21:42,293] {logging_mixin.py:104} INFO - [2021-12-21 00:21:42,293] {dag.py:1833} INFO - Sync 1 DAGs
[2021-12-21 00:21:42,331] {logging_mixin.py:104} INFO - [2021-12-21 00:21:42,331] {dag.py:2306} INFO - Setting next_dagrun for example_skip_dag to 2021-12-19 00:00:00+00:00
[2021-12-21 00:21:42,406] {scheduler_job.py:190} INFO - Processing /home/airflow/.local/lib/python3.8/site-packages/airflow/example_dags/example_skip_dag.py took 0.319 seconds
[2021-12-21 00:22:13,289] {scheduler_job.py:182} INFO - Started process (PID=11236) to work on /home/airflow/.local/lib/python3.8/site-packages/airflow/example_dags/example_skip_dag.py
[2021-12-21 00:22:13,293] {scheduler_job.py:633} INFO - Processing file /home/airflow/.local/lib/python3.8/site-packages/airflow/example_dags/example_skip_dag.py for tasks to queue
[2021-12-21 00:22:13,298] {logging_mixin.py:104} INFO - [2021-12-21 00:22:13,297] {dagbag.py:496} INFO - Filling up the DagBag from /home/airflow/.local/lib/python3.8/site-packages/airflow/example_dags/example_skip_dag.py
[2021-12-21 00:22:13,338] {scheduler_job.py:643} INFO - DAG(s) dict_keys(['example_skip_dag']) retrieved from /home/airflow/.local/lib/python3.8/site-packages/airflow/example_dags/example_skip_dag.py
[2021-12-21 00:22:13,394] {logging_mixin.py:104} INFO - [2021-12-21 00:22:13,394] {dag.py:1833} INFO - Sync 1 DAGs
[2021-12-21 00:22:13,424] {logging_mixin.py:104} INFO - [2021-12-21 00:22:13,423] {dag.py:2306} INFO - Setting next_dagrun for example_skip_dag to 2021-12-19 00:00:00+00:00
[2021-12-21 00:22:13,467] {scheduler_job.py:190} INFO - Processing /home/airflow/.local/lib/python3.8/site-packages/airflow/example_dags/example_skip_dag.py took 0.182 seconds
[2021-12-21 00:22:43,686] {scheduler_job.py:182} INFO - Started process (PID=11267) to work on /home/airflow/.local/lib/python3.8/site-packages/airflow/example_dags/example_skip_dag.py
[2021-12-21 00:22:43,693] {scheduler_job.py:633} INFO - Processing file /home/airflow/.local/lib/python3.8/site-packages/airflow/example_dags/example_skip_dag.py for tasks to queue
[2021-12-21 00:22:43,698] {logging_mixin.py:104} INFO - [2021-12-21 00:22:43,697] {dagbag.py:496} INFO - Filling up the DagBag from /home/airflow/.local/lib/python3.8/site-packages/airflow/example_dags/example_skip_dag.py
[2021-12-21 00:22:43,721] {scheduler_job.py:643} INFO - DAG(s) dict_keys(['example_skip_dag']) retrieved from /home/airflow/.local/lib/python3.8/site-packages/airflow/example_dags/example_skip_dag.py
[2021-12-21 00:22:43,792] {logging_mixin.py:104} INFO - [2021-12-21 00:22:43,792] {dag.py:1833} INFO - Sync 1 DAGs
[2021-12-21 00:22:43,819] {logging_mixin.py:104} INFO - [2021-12-21 00:22:43,819] {dag.py:2306} INFO - Setting next_dagrun for example_skip_dag to 2021-12-19 00:00:00+00:00
[2021-12-21 00:22:43,846] {scheduler_job.py:190} INFO - Processing /home/airflow/.local/lib/python3.8/site-packages/airflow/example_dags/example_skip_dag.py took 0.169 seconds
[2021-12-21 00:23:13,965] {scheduler_job.py:182} INFO - Started process (PID=11298) to work on /home/airflow/.local/lib/python3.8/site-packages/airflow/example_dags/example_skip_dag.py
[2021-12-21 00:23:13,969] {scheduler_job.py:633} INFO - Processing file /home/airflow/.local/lib/python3.8/site-packages/airflow/example_dags/example_skip_dag.py for tasks to queue
[2021-12-21 00:23:13,974] {logging_mixin.py:104} INFO - [2021-12-21 00:23:13,974] {dagbag.py:496} INFO - Filling up the DagBag from /home/airflow/.local/lib/python3.8/site-packages/airflow/example_dags/example_skip_dag.py
[2021-12-21 00:23:14,001] {scheduler_job.py:643} INFO - DAG(s) dict_keys(['example_skip_dag']) retrieved from /home/airflow/.local/lib/python3.8/site-packages/airflow/example_dags/example_skip_dag.py
[2021-12-21 00:23:14,096] {logging_mixin.py:104} INFO - [2021-12-21 00:23:14,095] {dag.py:1833} INFO - Sync 1 DAGs
[2021-12-21 00:23:14,129] {logging_mixin.py:104} INFO - [2021-12-21 00:23:14,128] {dag.py:2306} INFO - Setting next_dagrun for example_skip_dag to 2021-12-19 00:00:00+00:00
[2021-12-21 00:23:14,162] {scheduler_job.py:190} INFO - Processing /home/airflow/.local/lib/python3.8/site-packages/airflow/example_dags/example_skip_dag.py took 0.203 seconds
[2021-12-21 00:23:44,609] {scheduler_job.py:182} INFO - Started process (PID=11329) to work on /home/airflow/.local/lib/python3.8/site-packages/airflow/example_dags/example_skip_dag.py
[2021-12-21 00:23:44,618] {scheduler_job.py:633} INFO - Processing file /home/airflow/.local/lib/python3.8/site-packages/airflow/example_dags/example_skip_dag.py for tasks to queue
[2021-12-21 00:23:44,664] {logging_mixin.py:104} INFO - [2021-12-21 00:23:44,663] {dagbag.py:496} INFO - Filling up the DagBag from /home/airflow/.local/lib/python3.8/site-packages/airflow/example_dags/example_skip_dag.py
[2021-12-21 00:23:44,728] {scheduler_job.py:643} INFO - DAG(s) dict_keys(['example_skip_dag']) retrieved from /home/airflow/.local/lib/python3.8/site-packages/airflow/example_dags/example_skip_dag.py
[2021-12-21 00:23:44,865] {logging_mixin.py:104} INFO - [2021-12-21 00:23:44,865] {dag.py:1833} INFO - Sync 1 DAGs
[2021-12-21 00:23:44,921] {logging_mixin.py:104} INFO - [2021-12-21 00:23:44,920] {dag.py:2306} INFO - Setting next_dagrun for example_skip_dag to 2021-12-19 00:00:00+00:00
[2021-12-21 00:23:44,971] {scheduler_job.py:190} INFO - Processing /home/airflow/.local/lib/python3.8/site-packages/airflow/example_dags/example_skip_dag.py took 0.413 seconds
[2021-12-21 00:24:15,077] {scheduler_job.py:182} INFO - Started process (PID=11360) to work on /home/airflow/.local/lib/python3.8/site-packages/airflow/example_dags/example_skip_dag.py
[2021-12-21 00:24:15,081] {scheduler_job.py:633} INFO - Processing file /home/airflow/.local/lib/python3.8/site-packages/airflow/example_dags/example_skip_dag.py for tasks to queue
[2021-12-21 00:24:15,083] {logging_mixin.py:104} INFO - [2021-12-21 00:24:15,083] {dagbag.py:496} INFO - Filling up the DagBag from /home/airflow/.local/lib/python3.8/site-packages/airflow/example_dags/example_skip_dag.py
[2021-12-21 00:24:15,102] {scheduler_job.py:643} INFO - DAG(s) dict_keys(['example_skip_dag']) retrieved from /home/airflow/.local/lib/python3.8/site-packages/airflow/example_dags/example_skip_dag.py
[2021-12-21 00:24:15,196] {logging_mixin.py:104} INFO - [2021-12-21 00:24:15,196] {dag.py:1833} INFO - Sync 1 DAGs
[2021-12-21 00:24:15,229] {logging_mixin.py:104} INFO - [2021-12-21 00:24:15,229] {dag.py:2306} INFO - Setting next_dagrun for example_skip_dag to 2021-12-19 00:00:00+00:00
[2021-12-21 00:24:15,258] {scheduler_job.py:190} INFO - Processing /home/airflow/.local/lib/python3.8/site-packages/airflow/example_dags/example_skip_dag.py took 0.187 seconds
[2021-12-21 00:24:45,634] {scheduler_job.py:182} INFO - Started process (PID=11391) to work on /home/airflow/.local/lib/python3.8/site-packages/airflow/example_dags/example_skip_dag.py
[2021-12-21 00:24:45,639] {scheduler_job.py:633} INFO - Processing file /home/airflow/.local/lib/python3.8/site-packages/airflow/example_dags/example_skip_dag.py for tasks to queue
[2021-12-21 00:24:45,641] {logging_mixin.py:104} INFO - [2021-12-21 00:24:45,641] {dagbag.py:496} INFO - Filling up the DagBag from /home/airflow/.local/lib/python3.8/site-packages/airflow/example_dags/example_skip_dag.py
[2021-12-21 00:24:45,662] {scheduler_job.py:643} INFO - DAG(s) dict_keys(['example_skip_dag']) retrieved from /home/airflow/.local/lib/python3.8/site-packages/airflow/example_dags/example_skip_dag.py
[2021-12-21 00:24:45,724] {logging_mixin.py:104} INFO - [2021-12-21 00:24:45,724] {dag.py:1833} INFO - Sync 1 DAGs
[2021-12-21 00:24:45,750] {logging_mixin.py:104} INFO - [2021-12-21 00:24:45,749] {dag.py:2306} INFO - Setting next_dagrun for example_skip_dag to 2021-12-19 00:00:00+00:00
[2021-12-21 00:24:45,783] {scheduler_job.py:190} INFO - Processing /home/airflow/.local/lib/python3.8/site-packages/airflow/example_dags/example_skip_dag.py took 0.154 seconds
[2021-12-21 00:25:16,081] {scheduler_job.py:182} INFO - Started process (PID=11422) to work on /home/airflow/.local/lib/python3.8/site-packages/airflow/example_dags/example_skip_dag.py
[2021-12-21 00:25:16,088] {scheduler_job.py:633} INFO - Processing file /home/airflow/.local/lib/python3.8/site-packages/airflow/example_dags/example_skip_dag.py for tasks to queue
[2021-12-21 00:25:16,092] {logging_mixin.py:104} INFO - [2021-12-21 00:25:16,092] {dagbag.py:496} INFO - Filling up the DagBag from /home/airflow/.local/lib/python3.8/site-packages/airflow/example_dags/example_skip_dag.py
[2021-12-21 00:25:16,114] {scheduler_job.py:643} INFO - DAG(s) dict_keys(['example_skip_dag']) retrieved from /home/airflow/.local/lib/python3.8/site-packages/airflow/example_dags/example_skip_dag.py
[2021-12-21 00:25:16,183] {logging_mixin.py:104} INFO - [2021-12-21 00:25:16,183] {dag.py:1833} INFO - Sync 1 DAGs
[2021-12-21 00:25:16,200] {logging_mixin.py:104} INFO - [2021-12-21 00:25:16,200] {dag.py:2306} INFO - Setting next_dagrun for example_skip_dag to 2021-12-19 00:00:00+00:00
[2021-12-21 00:25:16,219] {scheduler_job.py:190} INFO - Processing /home/airflow/.local/lib/python3.8/site-packages/airflow/example_dags/example_skip_dag.py took 0.143 seconds
[2021-12-21 00:25:46,320] {scheduler_job.py:182} INFO - Started process (PID=11453) to work on /home/airflow/.local/lib/python3.8/site-packages/airflow/example_dags/example_skip_dag.py
[2021-12-21 00:25:46,325] {scheduler_job.py:633} INFO - Processing file /home/airflow/.local/lib/python3.8/site-packages/airflow/example_dags/example_skip_dag.py for tasks to queue
[2021-12-21 00:25:46,329] {logging_mixin.py:104} INFO - [2021-12-21 00:25:46,328] {dagbag.py:496} INFO - Filling up the DagBag from /home/airflow/.local/lib/python3.8/site-packages/airflow/example_dags/example_skip_dag.py
[2021-12-21 00:25:46,358] {scheduler_job.py:643} INFO - DAG(s) dict_keys(['example_skip_dag']) retrieved from /home/airflow/.local/lib/python3.8/site-packages/airflow/example_dags/example_skip_dag.py
[2021-12-21 00:25:46,419] {logging_mixin.py:104} INFO - [2021-12-21 00:25:46,419] {dag.py:1833} INFO - Sync 1 DAGs
[2021-12-21 00:25:46,443] {logging_mixin.py:104} INFO - [2021-12-21 00:25:46,443] {dag.py:2306} INFO - Setting next_dagrun for example_skip_dag to 2021-12-19 00:00:00+00:00
[2021-12-21 00:25:46,468] {scheduler_job.py:190} INFO - Processing /home/airflow/.local/lib/python3.8/site-packages/airflow/example_dags/example_skip_dag.py took 0.159 seconds
[2021-12-21 00:26:16,575] {scheduler_job.py:182} INFO - Started process (PID=11484) to work on /home/airflow/.local/lib/python3.8/site-packages/airflow/example_dags/example_skip_dag.py
[2021-12-21 00:26:16,579] {scheduler_job.py:633} INFO - Processing file /home/airflow/.local/lib/python3.8/site-packages/airflow/example_dags/example_skip_dag.py for tasks to queue
[2021-12-21 00:26:16,583] {logging_mixin.py:104} INFO - [2021-12-21 00:26:16,583] {dagbag.py:496} INFO - Filling up the DagBag from /home/airflow/.local/lib/python3.8/site-packages/airflow/example_dags/example_skip_dag.py
[2021-12-21 00:26:16,604] {scheduler_job.py:643} INFO - DAG(s) dict_keys(['example_skip_dag']) retrieved from /home/airflow/.local/lib/python3.8/site-packages/airflow/example_dags/example_skip_dag.py
[2021-12-21 00:26:16,658] {logging_mixin.py:104} INFO - [2021-12-21 00:26:16,658] {dag.py:1833} INFO - Sync 1 DAGs
[2021-12-21 00:26:16,683] {logging_mixin.py:104} INFO - [2021-12-21 00:26:16,683] {dag.py:2306} INFO - Setting next_dagrun for example_skip_dag to 2021-12-19 00:00:00+00:00
[2021-12-21 00:26:16,712] {scheduler_job.py:190} INFO - Processing /home/airflow/.local/lib/python3.8/site-packages/airflow/example_dags/example_skip_dag.py took 0.147 seconds
[2021-12-21 00:26:46,879] {scheduler_job.py:182} INFO - Started process (PID=11515) to work on /home/airflow/.local/lib/python3.8/site-packages/airflow/example_dags/example_skip_dag.py
[2021-12-21 00:26:46,885] {scheduler_job.py:633} INFO - Processing file /home/airflow/.local/lib/python3.8/site-packages/airflow/example_dags/example_skip_dag.py for tasks to queue
[2021-12-21 00:26:46,890] {logging_mixin.py:104} INFO - [2021-12-21 00:26:46,889] {dagbag.py:496} INFO - Filling up the DagBag from /home/airflow/.local/lib/python3.8/site-packages/airflow/example_dags/example_skip_dag.py
[2021-12-21 00:26:46,951] {scheduler_job.py:643} INFO - DAG(s) dict_keys(['example_skip_dag']) retrieved from /home/airflow/.local/lib/python3.8/site-packages/airflow/example_dags/example_skip_dag.py
[2021-12-21 00:26:47,028] {logging_mixin.py:104} INFO - [2021-12-21 00:26:47,028] {dag.py:1833} INFO - Sync 1 DAGs
[2021-12-21 00:26:47,065] {logging_mixin.py:104} INFO - [2021-12-21 00:26:47,065] {dag.py:2306} INFO - Setting next_dagrun for example_skip_dag to 2021-12-19 00:00:00+00:00
[2021-12-21 00:26:47,090] {scheduler_job.py:190} INFO - Processing /home/airflow/.local/lib/python3.8/site-packages/airflow/example_dags/example_skip_dag.py took 0.221 seconds
[2021-12-21 00:27:17,598] {scheduler_job.py:182} INFO - Started process (PID=11546) to work on /home/airflow/.local/lib/python3.8/site-packages/airflow/example_dags/example_skip_dag.py
[2021-12-21 00:27:17,620] {scheduler_job.py:633} INFO - Processing file /home/airflow/.local/lib/python3.8/site-packages/airflow/example_dags/example_skip_dag.py for tasks to queue
[2021-12-21 00:27:17,626] {logging_mixin.py:104} INFO - [2021-12-21 00:27:17,625] {dagbag.py:496} INFO - Filling up the DagBag from /home/airflow/.local/lib/python3.8/site-packages/airflow/example_dags/example_skip_dag.py
[2021-12-21 00:27:17,662] {scheduler_job.py:643} INFO - DAG(s) dict_keys(['example_skip_dag']) retrieved from /home/airflow/.local/lib/python3.8/site-packages/airflow/example_dags/example_skip_dag.py
[2021-12-21 00:27:17,763] {logging_mixin.py:104} INFO - [2021-12-21 00:27:17,762] {dag.py:1833} INFO - Sync 1 DAGs
[2021-12-21 00:27:17,781] {logging_mixin.py:104} INFO - [2021-12-21 00:27:17,781] {dag.py:2306} INFO - Setting next_dagrun for example_skip_dag to 2021-12-19 00:00:00+00:00
[2021-12-21 00:27:17,812] {scheduler_job.py:190} INFO - Processing /home/airflow/.local/lib/python3.8/site-packages/airflow/example_dags/example_skip_dag.py took 0.219 seconds
[2021-12-21 00:27:48,272] {scheduler_job.py:182} INFO - Started process (PID=11577) to work on /home/airflow/.local/lib/python3.8/site-packages/airflow/example_dags/example_skip_dag.py
[2021-12-21 00:27:48,284] {scheduler_job.py:633} INFO - Processing file /home/airflow/.local/lib/python3.8/site-packages/airflow/example_dags/example_skip_dag.py for tasks to queue
[2021-12-21 00:27:48,291] {logging_mixin.py:104} INFO - [2021-12-21 00:27:48,291] {dagbag.py:496} INFO - Filling up the DagBag from /home/airflow/.local/lib/python3.8/site-packages/airflow/example_dags/example_skip_dag.py
[2021-12-21 00:27:48,342] {scheduler_job.py:643} INFO - DAG(s) dict_keys(['example_skip_dag']) retrieved from /home/airflow/.local/lib/python3.8/site-packages/airflow/example_dags/example_skip_dag.py
[2021-12-21 00:27:48,432] {logging_mixin.py:104} INFO - [2021-12-21 00:27:48,432] {dag.py:1833} INFO - Sync 1 DAGs
[2021-12-21 00:27:48,479] {logging_mixin.py:104} INFO - [2021-12-21 00:27:48,478] {dag.py:2306} INFO - Setting next_dagrun for example_skip_dag to 2021-12-19 00:00:00+00:00
[2021-12-21 00:27:48,518] {scheduler_job.py:190} INFO - Processing /home/airflow/.local/lib/python3.8/site-packages/airflow/example_dags/example_skip_dag.py took 0.254 seconds
[2021-12-21 00:28:18,663] {scheduler_job.py:182} INFO - Started process (PID=11608) to work on /home/airflow/.local/lib/python3.8/site-packages/airflow/example_dags/example_skip_dag.py
[2021-12-21 00:28:18,668] {scheduler_job.py:633} INFO - Processing file /home/airflow/.local/lib/python3.8/site-packages/airflow/example_dags/example_skip_dag.py for tasks to queue
[2021-12-21 00:28:18,670] {logging_mixin.py:104} INFO - [2021-12-21 00:28:18,670] {dagbag.py:496} INFO - Filling up the DagBag from /home/airflow/.local/lib/python3.8/site-packages/airflow/example_dags/example_skip_dag.py
[2021-12-21 00:28:18,693] {scheduler_job.py:643} INFO - DAG(s) dict_keys(['example_skip_dag']) retrieved from /home/airflow/.local/lib/python3.8/site-packages/airflow/example_dags/example_skip_dag.py
[2021-12-21 00:28:18,857] {logging_mixin.py:104} INFO - [2021-12-21 00:28:18,857] {dag.py:1833} INFO - Sync 1 DAGs
[2021-12-21 00:28:18,897] {logging_mixin.py:104} INFO - [2021-12-21 00:28:18,897] {dag.py:2306} INFO - Setting next_dagrun for example_skip_dag to 2021-12-19 00:00:00+00:00
[2021-12-21 00:28:18,963] {scheduler_job.py:190} INFO - Processing /home/airflow/.local/lib/python3.8/site-packages/airflow/example_dags/example_skip_dag.py took 0.306 seconds
[2021-12-21 00:28:50,011] {scheduler_job.py:182} INFO - Started process (PID=11639) to work on /home/airflow/.local/lib/python3.8/site-packages/airflow/example_dags/example_skip_dag.py
[2021-12-21 00:28:50,014] {scheduler_job.py:633} INFO - Processing file /home/airflow/.local/lib/python3.8/site-packages/airflow/example_dags/example_skip_dag.py for tasks to queue
[2021-12-21 00:28:50,017] {logging_mixin.py:104} INFO - [2021-12-21 00:28:50,016] {dagbag.py:496} INFO - Filling up the DagBag from /home/airflow/.local/lib/python3.8/site-packages/airflow/example_dags/example_skip_dag.py
[2021-12-21 00:28:50,036] {scheduler_job.py:643} INFO - DAG(s) dict_keys(['example_skip_dag']) retrieved from /home/airflow/.local/lib/python3.8/site-packages/airflow/example_dags/example_skip_dag.py
[2021-12-21 00:28:50,085] {logging_mixin.py:104} INFO - [2021-12-21 00:28:50,085] {dag.py:1833} INFO - Sync 1 DAGs
[2021-12-21 00:28:50,113] {logging_mixin.py:104} INFO - [2021-12-21 00:28:50,113] {dag.py:2306} INFO - Setting next_dagrun for example_skip_dag to 2021-12-19 00:00:00+00:00
[2021-12-21 00:28:50,134] {scheduler_job.py:190} INFO - Processing /home/airflow/.local/lib/python3.8/site-packages/airflow/example_dags/example_skip_dag.py took 0.131 seconds
[2021-12-21 00:29:20,222] {scheduler_job.py:182} INFO - Started process (PID=11670) to work on /home/airflow/.local/lib/python3.8/site-packages/airflow/example_dags/example_skip_dag.py
[2021-12-21 00:29:20,227] {scheduler_job.py:633} INFO - Processing file /home/airflow/.local/lib/python3.8/site-packages/airflow/example_dags/example_skip_dag.py for tasks to queue
[2021-12-21 00:29:20,230] {logging_mixin.py:104} INFO - [2021-12-21 00:29:20,230] {dagbag.py:496} INFO - Filling up the DagBag from /home/airflow/.local/lib/python3.8/site-packages/airflow/example_dags/example_skip_dag.py
[2021-12-21 00:29:20,254] {scheduler_job.py:643} INFO - DAG(s) dict_keys(['example_skip_dag']) retrieved from /home/airflow/.local/lib/python3.8/site-packages/airflow/example_dags/example_skip_dag.py
[2021-12-21 00:29:20,303] {logging_mixin.py:104} INFO - [2021-12-21 00:29:20,303] {dag.py:1833} INFO - Sync 1 DAGs
[2021-12-21 00:29:20,326] {logging_mixin.py:104} INFO - [2021-12-21 00:29:20,326] {dag.py:2306} INFO - Setting next_dagrun for example_skip_dag to 2021-12-19 00:00:00+00:00
[2021-12-21 00:29:20,353] {scheduler_job.py:190} INFO - Processing /home/airflow/.local/lib/python3.8/site-packages/airflow/example_dags/example_skip_dag.py took 0.138 seconds
[2021-12-21 00:29:50,640] {scheduler_job.py:182} INFO - Started process (PID=11701) to work on /home/airflow/.local/lib/python3.8/site-packages/airflow/example_dags/example_skip_dag.py
[2021-12-21 00:29:50,642] {scheduler_job.py:633} INFO - Processing file /home/airflow/.local/lib/python3.8/site-packages/airflow/example_dags/example_skip_dag.py for tasks to queue
[2021-12-21 00:29:50,645] {logging_mixin.py:104} INFO - [2021-12-21 00:29:50,645] {dagbag.py:496} INFO - Filling up the DagBag from /home/airflow/.local/lib/python3.8/site-packages/airflow/example_dags/example_skip_dag.py
[2021-12-21 00:29:50,661] {scheduler_job.py:643} INFO - DAG(s) dict_keys(['example_skip_dag']) retrieved from /home/airflow/.local/lib/python3.8/site-packages/airflow/example_dags/example_skip_dag.py
[2021-12-21 00:29:50,737] {logging_mixin.py:104} INFO - [2021-12-21 00:29:50,737] {dag.py:1833} INFO - Sync 1 DAGs
[2021-12-21 00:29:50,766] {logging_mixin.py:104} INFO - [2021-12-21 00:29:50,766] {dag.py:2306} INFO - Setting next_dagrun for example_skip_dag to 2021-12-19 00:00:00+00:00
[2021-12-21 00:29:50,792] {scheduler_job.py:190} INFO - Processing /home/airflow/.local/lib/python3.8/site-packages/airflow/example_dags/example_skip_dag.py took 0.160 seconds
[2021-12-21 00:30:20,838] {scheduler_job.py:182} INFO - Started process (PID=11732) to work on /home/airflow/.local/lib/python3.8/site-packages/airflow/example_dags/example_skip_dag.py
[2021-12-21 00:30:20,841] {scheduler_job.py:633} INFO - Processing file /home/airflow/.local/lib/python3.8/site-packages/airflow/example_dags/example_skip_dag.py for tasks to queue
[2021-12-21 00:30:20,844] {logging_mixin.py:104} INFO - [2021-12-21 00:30:20,843] {dagbag.py:496} INFO - Filling up the DagBag from /home/airflow/.local/lib/python3.8/site-packages/airflow/example_dags/example_skip_dag.py
[2021-12-21 00:30:20,858] {scheduler_job.py:643} INFO - DAG(s) dict_keys(['example_skip_dag']) retrieved from /home/airflow/.local/lib/python3.8/site-packages/airflow/example_dags/example_skip_dag.py
[2021-12-21 00:30:20,906] {logging_mixin.py:104} INFO - [2021-12-21 00:30:20,906] {dag.py:1833} INFO - Sync 1 DAGs
[2021-12-21 00:30:20,926] {logging_mixin.py:104} INFO - [2021-12-21 00:30:20,926] {dag.py:2306} INFO - Setting next_dagrun for example_skip_dag to 2021-12-19 00:00:00+00:00
[2021-12-21 00:30:20,943] {scheduler_job.py:190} INFO - Processing /home/airflow/.local/lib/python3.8/site-packages/airflow/example_dags/example_skip_dag.py took 0.110 seconds
[2021-12-21 00:30:51,450] {scheduler_job.py:182} INFO - Started process (PID=11763) to work on /home/airflow/.local/lib/python3.8/site-packages/airflow/example_dags/example_skip_dag.py
[2021-12-21 00:30:51,453] {scheduler_job.py:633} INFO - Processing file /home/airflow/.local/lib/python3.8/site-packages/airflow/example_dags/example_skip_dag.py for tasks to queue
[2021-12-21 00:30:51,455] {logging_mixin.py:104} INFO - [2021-12-21 00:30:51,455] {dagbag.py:496} INFO - Filling up the DagBag from /home/airflow/.local/lib/python3.8/site-packages/airflow/example_dags/example_skip_dag.py
[2021-12-21 00:30:51,473] {scheduler_job.py:643} INFO - DAG(s) dict_keys(['example_skip_dag']) retrieved from /home/airflow/.local/lib/python3.8/site-packages/airflow/example_dags/example_skip_dag.py
[2021-12-21 00:30:51,516] {logging_mixin.py:104} INFO - [2021-12-21 00:30:51,516] {dag.py:1833} INFO - Sync 1 DAGs
[2021-12-21 00:30:51,532] {logging_mixin.py:104} INFO - [2021-12-21 00:30:51,532] {dag.py:2306} INFO - Setting next_dagrun for example_skip_dag to 2021-12-19 00:00:00+00:00
[2021-12-21 00:30:51,554] {scheduler_job.py:190} INFO - Processing /home/airflow/.local/lib/python3.8/site-packages/airflow/example_dags/example_skip_dag.py took 0.109 seconds
[2021-12-21 00:39:25,568] {scheduler_job.py:182} INFO - Started process (PID=11787) to work on /home/airflow/.local/lib/python3.8/site-packages/airflow/example_dags/example_skip_dag.py
[2021-12-21 00:39:25,581] {scheduler_job.py:633} INFO - Processing file /home/airflow/.local/lib/python3.8/site-packages/airflow/example_dags/example_skip_dag.py for tasks to queue
[2021-12-21 00:39:25,586] {logging_mixin.py:104} INFO - [2021-12-21 00:39:25,586] {dagbag.py:496} INFO - Filling up the DagBag from /home/airflow/.local/lib/python3.8/site-packages/airflow/example_dags/example_skip_dag.py
[2021-12-21 00:39:25,670] {scheduler_job.py:643} INFO - DAG(s) dict_keys(['example_skip_dag']) retrieved from /home/airflow/.local/lib/python3.8/site-packages/airflow/example_dags/example_skip_dag.py
[2021-12-21 00:39:25,766] {logging_mixin.py:104} INFO - [2021-12-21 00:39:25,766] {dag.py:1833} INFO - Sync 1 DAGs
[2021-12-21 00:39:25,806] {logging_mixin.py:104} INFO - [2021-12-21 00:39:25,806] {dag.py:2306} INFO - Setting next_dagrun for example_skip_dag to 2021-12-19 00:00:00+00:00
[2021-12-21 00:39:25,846] {scheduler_job.py:190} INFO - Processing /home/airflow/.local/lib/python3.8/site-packages/airflow/example_dags/example_skip_dag.py took 0.291 seconds
[2021-12-21 00:39:57,760] {scheduler_job.py:182} INFO - Started process (PID=11818) to work on /home/airflow/.local/lib/python3.8/site-packages/airflow/example_dags/example_skip_dag.py
[2021-12-21 00:39:57,774] {scheduler_job.py:633} INFO - Processing file /home/airflow/.local/lib/python3.8/site-packages/airflow/example_dags/example_skip_dag.py for tasks to queue
[2021-12-21 00:39:57,784] {logging_mixin.py:104} INFO - [2021-12-21 00:39:57,784] {dagbag.py:496} INFO - Filling up the DagBag from /home/airflow/.local/lib/python3.8/site-packages/airflow/example_dags/example_skip_dag.py
[2021-12-21 00:39:57,853] {scheduler_job.py:643} INFO - DAG(s) dict_keys(['example_skip_dag']) retrieved from /home/airflow/.local/lib/python3.8/site-packages/airflow/example_dags/example_skip_dag.py
[2021-12-21 00:39:57,932] {logging_mixin.py:104} INFO - [2021-12-21 00:39:57,932] {dag.py:1833} INFO - Sync 1 DAGs
[2021-12-21 00:39:57,970] {logging_mixin.py:104} INFO - [2021-12-21 00:39:57,969] {dag.py:2306} INFO - Setting next_dagrun for example_skip_dag to 2021-12-19 00:00:00+00:00
[2021-12-21 00:39:58,046] {scheduler_job.py:190} INFO - Processing /home/airflow/.local/lib/python3.8/site-packages/airflow/example_dags/example_skip_dag.py took 0.309 seconds
