[2021-12-21 00:00:25,559] {scheduler_job.py:182} INFO - Started process (PID=9915) to work on /home/airflow/.local/lib/python3.8/site-packages/airflow/example_dags/example_trigger_controller_dag.py
[2021-12-21 00:00:25,569] {scheduler_job.py:633} INFO - Processing file /home/airflow/.local/lib/python3.8/site-packages/airflow/example_dags/example_trigger_controller_dag.py for tasks to queue
[2021-12-21 00:00:25,575] {logging_mixin.py:104} INFO - [2021-12-21 00:00:25,575] {dagbag.py:496} INFO - Filling up the DagBag from /home/airflow/.local/lib/python3.8/site-packages/airflow/example_dags/example_trigger_controller_dag.py
[2021-12-21 00:00:25,612] {scheduler_job.py:643} INFO - DAG(s) dict_keys(['example_trigger_controller_dag']) retrieved from /home/airflow/.local/lib/python3.8/site-packages/airflow/example_dags/example_trigger_controller_dag.py
[2021-12-21 00:00:26,229] {logging_mixin.py:104} INFO - [2021-12-21 00:00:26,227] {dag.py:1833} INFO - Sync 1 DAGs
[2021-12-21 00:00:26,249] {logging_mixin.py:104} INFO - [2021-12-21 00:00:26,248] {dag.py:2306} INFO - Setting next_dagrun for example_trigger_controller_dag to 2021-12-19 00:00:00+00:00
[2021-12-21 00:00:26,277] {scheduler_job.py:190} INFO - Processing /home/airflow/.local/lib/python3.8/site-packages/airflow/example_dags/example_trigger_controller_dag.py took 0.736 seconds
[2021-12-21 00:00:56,938] {scheduler_job.py:182} INFO - Started process (PID=9946) to work on /home/airflow/.local/lib/python3.8/site-packages/airflow/example_dags/example_trigger_controller_dag.py
[2021-12-21 00:00:56,943] {scheduler_job.py:633} INFO - Processing file /home/airflow/.local/lib/python3.8/site-packages/airflow/example_dags/example_trigger_controller_dag.py for tasks to queue
[2021-12-21 00:00:56,948] {logging_mixin.py:104} INFO - [2021-12-21 00:00:56,947] {dagbag.py:496} INFO - Filling up the DagBag from /home/airflow/.local/lib/python3.8/site-packages/airflow/example_dags/example_trigger_controller_dag.py
[2021-12-21 00:00:56,981] {scheduler_job.py:643} INFO - DAG(s) dict_keys(['example_trigger_controller_dag']) retrieved from /home/airflow/.local/lib/python3.8/site-packages/airflow/example_dags/example_trigger_controller_dag.py
[2021-12-21 00:00:57,052] {logging_mixin.py:104} INFO - [2021-12-21 00:00:57,051] {dag.py:1833} INFO - Sync 1 DAGs
[2021-12-21 00:00:57,071] {logging_mixin.py:104} INFO - [2021-12-21 00:00:57,071] {dag.py:2306} INFO - Setting next_dagrun for example_trigger_controller_dag to 2021-12-19 00:00:00+00:00
[2021-12-21 00:00:57,092] {scheduler_job.py:190} INFO - Processing /home/airflow/.local/lib/python3.8/site-packages/airflow/example_dags/example_trigger_controller_dag.py took 0.158 seconds
[2021-12-21 00:01:27,223] {scheduler_job.py:182} INFO - Started process (PID=9977) to work on /home/airflow/.local/lib/python3.8/site-packages/airflow/example_dags/example_trigger_controller_dag.py
[2021-12-21 00:01:27,228] {scheduler_job.py:633} INFO - Processing file /home/airflow/.local/lib/python3.8/site-packages/airflow/example_dags/example_trigger_controller_dag.py for tasks to queue
[2021-12-21 00:01:27,233] {logging_mixin.py:104} INFO - [2021-12-21 00:01:27,233] {dagbag.py:496} INFO - Filling up the DagBag from /home/airflow/.local/lib/python3.8/site-packages/airflow/example_dags/example_trigger_controller_dag.py
[2021-12-21 00:01:27,265] {scheduler_job.py:643} INFO - DAG(s) dict_keys(['example_trigger_controller_dag']) retrieved from /home/airflow/.local/lib/python3.8/site-packages/airflow/example_dags/example_trigger_controller_dag.py
[2021-12-21 00:01:27,336] {logging_mixin.py:104} INFO - [2021-12-21 00:01:27,336] {dag.py:1833} INFO - Sync 1 DAGs
[2021-12-21 00:01:27,355] {logging_mixin.py:104} INFO - [2021-12-21 00:01:27,355] {dag.py:2306} INFO - Setting next_dagrun for example_trigger_controller_dag to 2021-12-19 00:00:00+00:00
[2021-12-21 00:01:27,392] {scheduler_job.py:190} INFO - Processing /home/airflow/.local/lib/python3.8/site-packages/airflow/example_dags/example_trigger_controller_dag.py took 0.174 seconds
[2021-12-21 00:01:57,710] {scheduler_job.py:182} INFO - Started process (PID=10008) to work on /home/airflow/.local/lib/python3.8/site-packages/airflow/example_dags/example_trigger_controller_dag.py
[2021-12-21 00:01:57,716] {scheduler_job.py:633} INFO - Processing file /home/airflow/.local/lib/python3.8/site-packages/airflow/example_dags/example_trigger_controller_dag.py for tasks to queue
[2021-12-21 00:01:57,719] {logging_mixin.py:104} INFO - [2021-12-21 00:01:57,719] {dagbag.py:496} INFO - Filling up the DagBag from /home/airflow/.local/lib/python3.8/site-packages/airflow/example_dags/example_trigger_controller_dag.py
[2021-12-21 00:01:57,742] {scheduler_job.py:643} INFO - DAG(s) dict_keys(['example_trigger_controller_dag']) retrieved from /home/airflow/.local/lib/python3.8/site-packages/airflow/example_dags/example_trigger_controller_dag.py
[2021-12-21 00:01:57,794] {logging_mixin.py:104} INFO - [2021-12-21 00:01:57,794] {dag.py:1833} INFO - Sync 1 DAGs
[2021-12-21 00:01:57,812] {logging_mixin.py:104} INFO - [2021-12-21 00:01:57,811] {dag.py:2306} INFO - Setting next_dagrun for example_trigger_controller_dag to 2021-12-19 00:00:00+00:00
[2021-12-21 00:01:57,833] {scheduler_job.py:190} INFO - Processing /home/airflow/.local/lib/python3.8/site-packages/airflow/example_dags/example_trigger_controller_dag.py took 0.139 seconds
[2021-12-21 00:02:28,576] {scheduler_job.py:182} INFO - Started process (PID=10039) to work on /home/airflow/.local/lib/python3.8/site-packages/airflow/example_dags/example_trigger_controller_dag.py
[2021-12-21 00:02:28,592] {scheduler_job.py:633} INFO - Processing file /home/airflow/.local/lib/python3.8/site-packages/airflow/example_dags/example_trigger_controller_dag.py for tasks to queue
[2021-12-21 00:02:28,602] {logging_mixin.py:104} INFO - [2021-12-21 00:02:28,602] {dagbag.py:496} INFO - Filling up the DagBag from /home/airflow/.local/lib/python3.8/site-packages/airflow/example_dags/example_trigger_controller_dag.py
[2021-12-21 00:02:28,640] {scheduler_job.py:643} INFO - DAG(s) dict_keys(['example_trigger_controller_dag']) retrieved from /home/airflow/.local/lib/python3.8/site-packages/airflow/example_dags/example_trigger_controller_dag.py
[2021-12-21 00:02:28,697] {logging_mixin.py:104} INFO - [2021-12-21 00:02:28,697] {dag.py:1833} INFO - Sync 1 DAGs
[2021-12-21 00:02:28,728] {logging_mixin.py:104} INFO - [2021-12-21 00:02:28,728] {dag.py:2306} INFO - Setting next_dagrun for example_trigger_controller_dag to 2021-12-19 00:00:00+00:00
[2021-12-21 00:02:28,757] {scheduler_job.py:190} INFO - Processing /home/airflow/.local/lib/python3.8/site-packages/airflow/example_dags/example_trigger_controller_dag.py took 0.214 seconds
[2021-12-21 00:02:59,415] {scheduler_job.py:182} INFO - Started process (PID=10070) to work on /home/airflow/.local/lib/python3.8/site-packages/airflow/example_dags/example_trigger_controller_dag.py
[2021-12-21 00:02:59,420] {scheduler_job.py:633} INFO - Processing file /home/airflow/.local/lib/python3.8/site-packages/airflow/example_dags/example_trigger_controller_dag.py for tasks to queue
[2021-12-21 00:02:59,424] {logging_mixin.py:104} INFO - [2021-12-21 00:02:59,424] {dagbag.py:496} INFO - Filling up the DagBag from /home/airflow/.local/lib/python3.8/site-packages/airflow/example_dags/example_trigger_controller_dag.py
[2021-12-21 00:02:59,453] {scheduler_job.py:643} INFO - DAG(s) dict_keys(['example_trigger_controller_dag']) retrieved from /home/airflow/.local/lib/python3.8/site-packages/airflow/example_dags/example_trigger_controller_dag.py
[2021-12-21 00:02:59,508] {logging_mixin.py:104} INFO - [2021-12-21 00:02:59,508] {dag.py:1833} INFO - Sync 1 DAGs
[2021-12-21 00:02:59,536] {logging_mixin.py:104} INFO - [2021-12-21 00:02:59,536] {dag.py:2306} INFO - Setting next_dagrun for example_trigger_controller_dag to 2021-12-19 00:00:00+00:00
[2021-12-21 00:02:59,559] {scheduler_job.py:190} INFO - Processing /home/airflow/.local/lib/python3.8/site-packages/airflow/example_dags/example_trigger_controller_dag.py took 0.152 seconds
[2021-12-21 00:03:30,187] {scheduler_job.py:182} INFO - Started process (PID=10100) to work on /home/airflow/.local/lib/python3.8/site-packages/airflow/example_dags/example_trigger_controller_dag.py
[2021-12-21 00:03:30,194] {scheduler_job.py:633} INFO - Processing file /home/airflow/.local/lib/python3.8/site-packages/airflow/example_dags/example_trigger_controller_dag.py for tasks to queue
[2021-12-21 00:03:30,198] {logging_mixin.py:104} INFO - [2021-12-21 00:03:30,197] {dagbag.py:496} INFO - Filling up the DagBag from /home/airflow/.local/lib/python3.8/site-packages/airflow/example_dags/example_trigger_controller_dag.py
[2021-12-21 00:03:30,261] {scheduler_job.py:643} INFO - DAG(s) dict_keys(['example_trigger_controller_dag']) retrieved from /home/airflow/.local/lib/python3.8/site-packages/airflow/example_dags/example_trigger_controller_dag.py
[2021-12-21 00:03:30,337] {logging_mixin.py:104} INFO - [2021-12-21 00:03:30,337] {dag.py:1833} INFO - Sync 1 DAGs
[2021-12-21 00:03:30,372] {logging_mixin.py:104} INFO - [2021-12-21 00:03:30,372] {dag.py:2306} INFO - Setting next_dagrun for example_trigger_controller_dag to 2021-12-19 00:00:00+00:00
[2021-12-21 00:03:30,416] {scheduler_job.py:190} INFO - Processing /home/airflow/.local/lib/python3.8/site-packages/airflow/example_dags/example_trigger_controller_dag.py took 0.236 seconds
[2021-12-21 00:04:00,878] {scheduler_job.py:182} INFO - Started process (PID=10131) to work on /home/airflow/.local/lib/python3.8/site-packages/airflow/example_dags/example_trigger_controller_dag.py
[2021-12-21 00:04:00,880] {scheduler_job.py:633} INFO - Processing file /home/airflow/.local/lib/python3.8/site-packages/airflow/example_dags/example_trigger_controller_dag.py for tasks to queue
[2021-12-21 00:04:00,884] {logging_mixin.py:104} INFO - [2021-12-21 00:04:00,884] {dagbag.py:496} INFO - Filling up the DagBag from /home/airflow/.local/lib/python3.8/site-packages/airflow/example_dags/example_trigger_controller_dag.py
[2021-12-21 00:04:00,915] {scheduler_job.py:643} INFO - DAG(s) dict_keys(['example_trigger_controller_dag']) retrieved from /home/airflow/.local/lib/python3.8/site-packages/airflow/example_dags/example_trigger_controller_dag.py
[2021-12-21 00:04:00,979] {logging_mixin.py:104} INFO - [2021-12-21 00:04:00,979] {dag.py:1833} INFO - Sync 1 DAGs
[2021-12-21 00:04:01,009] {logging_mixin.py:104} INFO - [2021-12-21 00:04:01,008] {dag.py:2306} INFO - Setting next_dagrun for example_trigger_controller_dag to 2021-12-19 00:00:00+00:00
[2021-12-21 00:04:01,071] {scheduler_job.py:190} INFO - Processing /home/airflow/.local/lib/python3.8/site-packages/airflow/example_dags/example_trigger_controller_dag.py took 0.201 seconds
[2021-12-21 00:04:31,177] {scheduler_job.py:182} INFO - Started process (PID=10162) to work on /home/airflow/.local/lib/python3.8/site-packages/airflow/example_dags/example_trigger_controller_dag.py
[2021-12-21 00:04:31,182] {scheduler_job.py:633} INFO - Processing file /home/airflow/.local/lib/python3.8/site-packages/airflow/example_dags/example_trigger_controller_dag.py for tasks to queue
[2021-12-21 00:04:31,185] {logging_mixin.py:104} INFO - [2021-12-21 00:04:31,185] {dagbag.py:496} INFO - Filling up the DagBag from /home/airflow/.local/lib/python3.8/site-packages/airflow/example_dags/example_trigger_controller_dag.py
[2021-12-21 00:04:31,211] {scheduler_job.py:643} INFO - DAG(s) dict_keys(['example_trigger_controller_dag']) retrieved from /home/airflow/.local/lib/python3.8/site-packages/airflow/example_dags/example_trigger_controller_dag.py
[2021-12-21 00:04:31,283] {logging_mixin.py:104} INFO - [2021-12-21 00:04:31,283] {dag.py:1833} INFO - Sync 1 DAGs
[2021-12-21 00:04:31,314] {logging_mixin.py:104} INFO - [2021-12-21 00:04:31,313] {dag.py:2306} INFO - Setting next_dagrun for example_trigger_controller_dag to 2021-12-19 00:00:00+00:00
[2021-12-21 00:04:31,363] {scheduler_job.py:190} INFO - Processing /home/airflow/.local/lib/python3.8/site-packages/airflow/example_dags/example_trigger_controller_dag.py took 0.206 seconds
[2021-12-21 00:05:01,609] {scheduler_job.py:182} INFO - Started process (PID=10193) to work on /home/airflow/.local/lib/python3.8/site-packages/airflow/example_dags/example_trigger_controller_dag.py
[2021-12-21 00:05:01,614] {scheduler_job.py:633} INFO - Processing file /home/airflow/.local/lib/python3.8/site-packages/airflow/example_dags/example_trigger_controller_dag.py for tasks to queue
[2021-12-21 00:05:01,619] {logging_mixin.py:104} INFO - [2021-12-21 00:05:01,618] {dagbag.py:496} INFO - Filling up the DagBag from /home/airflow/.local/lib/python3.8/site-packages/airflow/example_dags/example_trigger_controller_dag.py
[2021-12-21 00:05:01,641] {scheduler_job.py:643} INFO - DAG(s) dict_keys(['example_trigger_controller_dag']) retrieved from /home/airflow/.local/lib/python3.8/site-packages/airflow/example_dags/example_trigger_controller_dag.py
[2021-12-21 00:05:01,706] {logging_mixin.py:104} INFO - [2021-12-21 00:05:01,705] {dag.py:1833} INFO - Sync 1 DAGs
[2021-12-21 00:05:01,743] {logging_mixin.py:104} INFO - [2021-12-21 00:05:01,742] {dag.py:2306} INFO - Setting next_dagrun for example_trigger_controller_dag to 2021-12-19 00:00:00+00:00
[2021-12-21 00:05:01,786] {scheduler_job.py:190} INFO - Processing /home/airflow/.local/lib/python3.8/site-packages/airflow/example_dags/example_trigger_controller_dag.py took 0.181 seconds
[2021-12-21 00:05:31,935] {scheduler_job.py:182} INFO - Started process (PID=10224) to work on /home/airflow/.local/lib/python3.8/site-packages/airflow/example_dags/example_trigger_controller_dag.py
[2021-12-21 00:05:31,953] {scheduler_job.py:633} INFO - Processing file /home/airflow/.local/lib/python3.8/site-packages/airflow/example_dags/example_trigger_controller_dag.py for tasks to queue
[2021-12-21 00:05:31,959] {logging_mixin.py:104} INFO - [2021-12-21 00:05:31,959] {dagbag.py:496} INFO - Filling up the DagBag from /home/airflow/.local/lib/python3.8/site-packages/airflow/example_dags/example_trigger_controller_dag.py
[2021-12-21 00:05:32,005] {scheduler_job.py:643} INFO - DAG(s) dict_keys(['example_trigger_controller_dag']) retrieved from /home/airflow/.local/lib/python3.8/site-packages/airflow/example_dags/example_trigger_controller_dag.py
[2021-12-21 00:05:32,169] {logging_mixin.py:104} INFO - [2021-12-21 00:05:32,169] {dag.py:1833} INFO - Sync 1 DAGs
[2021-12-21 00:05:32,201] {logging_mixin.py:104} INFO - [2021-12-21 00:05:32,201] {dag.py:2306} INFO - Setting next_dagrun for example_trigger_controller_dag to 2021-12-19 00:00:00+00:00
[2021-12-21 00:05:32,261] {scheduler_job.py:190} INFO - Processing /home/airflow/.local/lib/python3.8/site-packages/airflow/example_dags/example_trigger_controller_dag.py took 0.337 seconds
[2021-12-21 00:06:02,613] {scheduler_job.py:182} INFO - Started process (PID=10255) to work on /home/airflow/.local/lib/python3.8/site-packages/airflow/example_dags/example_trigger_controller_dag.py
[2021-12-21 00:06:02,618] {scheduler_job.py:633} INFO - Processing file /home/airflow/.local/lib/python3.8/site-packages/airflow/example_dags/example_trigger_controller_dag.py for tasks to queue
[2021-12-21 00:06:02,621] {logging_mixin.py:104} INFO - [2021-12-21 00:06:02,621] {dagbag.py:496} INFO - Filling up the DagBag from /home/airflow/.local/lib/python3.8/site-packages/airflow/example_dags/example_trigger_controller_dag.py
[2021-12-21 00:06:02,652] {scheduler_job.py:643} INFO - DAG(s) dict_keys(['example_trigger_controller_dag']) retrieved from /home/airflow/.local/lib/python3.8/site-packages/airflow/example_dags/example_trigger_controller_dag.py
[2021-12-21 00:06:02,711] {logging_mixin.py:104} INFO - [2021-12-21 00:06:02,710] {dag.py:1833} INFO - Sync 1 DAGs
[2021-12-21 00:06:02,739] {logging_mixin.py:104} INFO - [2021-12-21 00:06:02,739] {dag.py:2306} INFO - Setting next_dagrun for example_trigger_controller_dag to 2021-12-19 00:00:00+00:00
[2021-12-21 00:06:02,776] {scheduler_job.py:190} INFO - Processing /home/airflow/.local/lib/python3.8/site-packages/airflow/example_dags/example_trigger_controller_dag.py took 0.172 seconds
[2021-12-21 00:06:32,915] {scheduler_job.py:182} INFO - Started process (PID=10286) to work on /home/airflow/.local/lib/python3.8/site-packages/airflow/example_dags/example_trigger_controller_dag.py
[2021-12-21 00:06:32,925] {scheduler_job.py:633} INFO - Processing file /home/airflow/.local/lib/python3.8/site-packages/airflow/example_dags/example_trigger_controller_dag.py for tasks to queue
[2021-12-21 00:06:32,929] {logging_mixin.py:104} INFO - [2021-12-21 00:06:32,929] {dagbag.py:496} INFO - Filling up the DagBag from /home/airflow/.local/lib/python3.8/site-packages/airflow/example_dags/example_trigger_controller_dag.py
[2021-12-21 00:06:32,956] {scheduler_job.py:643} INFO - DAG(s) dict_keys(['example_trigger_controller_dag']) retrieved from /home/airflow/.local/lib/python3.8/site-packages/airflow/example_dags/example_trigger_controller_dag.py
[2021-12-21 00:06:33,012] {logging_mixin.py:104} INFO - [2021-12-21 00:06:33,011] {dag.py:1833} INFO - Sync 1 DAGs
[2021-12-21 00:06:33,033] {logging_mixin.py:104} INFO - [2021-12-21 00:06:33,033] {dag.py:2306} INFO - Setting next_dagrun for example_trigger_controller_dag to 2021-12-19 00:00:00+00:00
[2021-12-21 00:06:33,055] {scheduler_job.py:190} INFO - Processing /home/airflow/.local/lib/python3.8/site-packages/airflow/example_dags/example_trigger_controller_dag.py took 0.146 seconds
[2021-12-21 00:07:03,652] {scheduler_job.py:182} INFO - Started process (PID=10317) to work on /home/airflow/.local/lib/python3.8/site-packages/airflow/example_dags/example_trigger_controller_dag.py
[2021-12-21 00:07:03,657] {scheduler_job.py:633} INFO - Processing file /home/airflow/.local/lib/python3.8/site-packages/airflow/example_dags/example_trigger_controller_dag.py for tasks to queue
[2021-12-21 00:07:03,660] {logging_mixin.py:104} INFO - [2021-12-21 00:07:03,660] {dagbag.py:496} INFO - Filling up the DagBag from /home/airflow/.local/lib/python3.8/site-packages/airflow/example_dags/example_trigger_controller_dag.py
[2021-12-21 00:07:03,680] {scheduler_job.py:643} INFO - DAG(s) dict_keys(['example_trigger_controller_dag']) retrieved from /home/airflow/.local/lib/python3.8/site-packages/airflow/example_dags/example_trigger_controller_dag.py
[2021-12-21 00:07:03,731] {logging_mixin.py:104} INFO - [2021-12-21 00:07:03,731] {dag.py:1833} INFO - Sync 1 DAGs
[2021-12-21 00:07:03,747] {logging_mixin.py:104} INFO - [2021-12-21 00:07:03,747] {dag.py:2306} INFO - Setting next_dagrun for example_trigger_controller_dag to 2021-12-19 00:00:00+00:00
[2021-12-21 00:07:03,765] {scheduler_job.py:190} INFO - Processing /home/airflow/.local/lib/python3.8/site-packages/airflow/example_dags/example_trigger_controller_dag.py took 0.119 seconds
[2021-12-21 00:07:34,496] {scheduler_job.py:182} INFO - Started process (PID=10348) to work on /home/airflow/.local/lib/python3.8/site-packages/airflow/example_dags/example_trigger_controller_dag.py
[2021-12-21 00:07:34,501] {scheduler_job.py:633} INFO - Processing file /home/airflow/.local/lib/python3.8/site-packages/airflow/example_dags/example_trigger_controller_dag.py for tasks to queue
[2021-12-21 00:07:34,506] {logging_mixin.py:104} INFO - [2021-12-21 00:07:34,505] {dagbag.py:496} INFO - Filling up the DagBag from /home/airflow/.local/lib/python3.8/site-packages/airflow/example_dags/example_trigger_controller_dag.py
[2021-12-21 00:07:34,521] {scheduler_job.py:643} INFO - DAG(s) dict_keys(['example_trigger_controller_dag']) retrieved from /home/airflow/.local/lib/python3.8/site-packages/airflow/example_dags/example_trigger_controller_dag.py
[2021-12-21 00:07:34,592] {logging_mixin.py:104} INFO - [2021-12-21 00:07:34,592] {dag.py:1833} INFO - Sync 1 DAGs
[2021-12-21 00:07:34,619] {logging_mixin.py:104} INFO - [2021-12-21 00:07:34,619] {dag.py:2306} INFO - Setting next_dagrun for example_trigger_controller_dag to 2021-12-19 00:00:00+00:00
[2021-12-21 00:07:34,644] {scheduler_job.py:190} INFO - Processing /home/airflow/.local/lib/python3.8/site-packages/airflow/example_dags/example_trigger_controller_dag.py took 0.152 seconds
[2021-12-21 00:08:05,505] {scheduler_job.py:182} INFO - Started process (PID=10379) to work on /home/airflow/.local/lib/python3.8/site-packages/airflow/example_dags/example_trigger_controller_dag.py
[2021-12-21 00:08:05,517] {scheduler_job.py:633} INFO - Processing file /home/airflow/.local/lib/python3.8/site-packages/airflow/example_dags/example_trigger_controller_dag.py for tasks to queue
[2021-12-21 00:08:05,524] {logging_mixin.py:104} INFO - [2021-12-21 00:08:05,523] {dagbag.py:496} INFO - Filling up the DagBag from /home/airflow/.local/lib/python3.8/site-packages/airflow/example_dags/example_trigger_controller_dag.py
[2021-12-21 00:08:05,556] {scheduler_job.py:643} INFO - DAG(s) dict_keys(['example_trigger_controller_dag']) retrieved from /home/airflow/.local/lib/python3.8/site-packages/airflow/example_dags/example_trigger_controller_dag.py
[2021-12-21 00:08:05,612] {logging_mixin.py:104} INFO - [2021-12-21 00:08:05,612] {dag.py:1833} INFO - Sync 1 DAGs
[2021-12-21 00:08:05,642] {logging_mixin.py:104} INFO - [2021-12-21 00:08:05,642] {dag.py:2306} INFO - Setting next_dagrun for example_trigger_controller_dag to 2021-12-19 00:00:00+00:00
[2021-12-21 00:08:05,687] {scheduler_job.py:190} INFO - Processing /home/airflow/.local/lib/python3.8/site-packages/airflow/example_dags/example_trigger_controller_dag.py took 0.200 seconds
[2021-12-21 00:08:35,951] {scheduler_job.py:182} INFO - Started process (PID=10410) to work on /home/airflow/.local/lib/python3.8/site-packages/airflow/example_dags/example_trigger_controller_dag.py
[2021-12-21 00:08:35,960] {scheduler_job.py:633} INFO - Processing file /home/airflow/.local/lib/python3.8/site-packages/airflow/example_dags/example_trigger_controller_dag.py for tasks to queue
[2021-12-21 00:08:35,966] {logging_mixin.py:104} INFO - [2021-12-21 00:08:35,964] {dagbag.py:496} INFO - Filling up the DagBag from /home/airflow/.local/lib/python3.8/site-packages/airflow/example_dags/example_trigger_controller_dag.py
[2021-12-21 00:08:36,004] {scheduler_job.py:643} INFO - DAG(s) dict_keys(['example_trigger_controller_dag']) retrieved from /home/airflow/.local/lib/python3.8/site-packages/airflow/example_dags/example_trigger_controller_dag.py
[2021-12-21 00:08:36,065] {logging_mixin.py:104} INFO - [2021-12-21 00:08:36,065] {dag.py:1833} INFO - Sync 1 DAGs
[2021-12-21 00:08:36,091] {logging_mixin.py:104} INFO - [2021-12-21 00:08:36,090] {dag.py:2306} INFO - Setting next_dagrun for example_trigger_controller_dag to 2021-12-19 00:00:00+00:00
[2021-12-21 00:08:36,139] {scheduler_job.py:190} INFO - Processing /home/airflow/.local/lib/python3.8/site-packages/airflow/example_dags/example_trigger_controller_dag.py took 0.207 seconds
[2021-12-21 00:09:06,288] {scheduler_job.py:182} INFO - Started process (PID=10441) to work on /home/airflow/.local/lib/python3.8/site-packages/airflow/example_dags/example_trigger_controller_dag.py
[2021-12-21 00:09:06,294] {scheduler_job.py:633} INFO - Processing file /home/airflow/.local/lib/python3.8/site-packages/airflow/example_dags/example_trigger_controller_dag.py for tasks to queue
[2021-12-21 00:09:06,301] {logging_mixin.py:104} INFO - [2021-12-21 00:09:06,299] {dagbag.py:496} INFO - Filling up the DagBag from /home/airflow/.local/lib/python3.8/site-packages/airflow/example_dags/example_trigger_controller_dag.py
[2021-12-21 00:09:06,338] {scheduler_job.py:643} INFO - DAG(s) dict_keys(['example_trigger_controller_dag']) retrieved from /home/airflow/.local/lib/python3.8/site-packages/airflow/example_dags/example_trigger_controller_dag.py
[2021-12-21 00:09:06,407] {logging_mixin.py:104} INFO - [2021-12-21 00:09:06,407] {dag.py:1833} INFO - Sync 1 DAGs
[2021-12-21 00:09:06,433] {logging_mixin.py:104} INFO - [2021-12-21 00:09:06,433] {dag.py:2306} INFO - Setting next_dagrun for example_trigger_controller_dag to 2021-12-19 00:00:00+00:00
[2021-12-21 00:09:06,463] {scheduler_job.py:190} INFO - Processing /home/airflow/.local/lib/python3.8/site-packages/airflow/example_dags/example_trigger_controller_dag.py took 0.185 seconds
[2021-12-21 00:09:36,721] {scheduler_job.py:182} INFO - Started process (PID=10472) to work on /home/airflow/.local/lib/python3.8/site-packages/airflow/example_dags/example_trigger_controller_dag.py
[2021-12-21 00:09:36,727] {scheduler_job.py:633} INFO - Processing file /home/airflow/.local/lib/python3.8/site-packages/airflow/example_dags/example_trigger_controller_dag.py for tasks to queue
[2021-12-21 00:09:36,735] {logging_mixin.py:104} INFO - [2021-12-21 00:09:36,735] {dagbag.py:496} INFO - Filling up the DagBag from /home/airflow/.local/lib/python3.8/site-packages/airflow/example_dags/example_trigger_controller_dag.py
[2021-12-21 00:09:36,778] {scheduler_job.py:643} INFO - DAG(s) dict_keys(['example_trigger_controller_dag']) retrieved from /home/airflow/.local/lib/python3.8/site-packages/airflow/example_dags/example_trigger_controller_dag.py
[2021-12-21 00:09:36,829] {logging_mixin.py:104} INFO - [2021-12-21 00:09:36,829] {dag.py:1833} INFO - Sync 1 DAGs
[2021-12-21 00:09:36,849] {logging_mixin.py:104} INFO - [2021-12-21 00:09:36,849] {dag.py:2306} INFO - Setting next_dagrun for example_trigger_controller_dag to 2021-12-19 00:00:00+00:00
[2021-12-21 00:09:36,869] {scheduler_job.py:190} INFO - Processing /home/airflow/.local/lib/python3.8/site-packages/airflow/example_dags/example_trigger_controller_dag.py took 0.166 seconds
[2021-12-21 00:10:06,991] {scheduler_job.py:182} INFO - Started process (PID=10503) to work on /home/airflow/.local/lib/python3.8/site-packages/airflow/example_dags/example_trigger_controller_dag.py
[2021-12-21 00:10:06,999] {scheduler_job.py:633} INFO - Processing file /home/airflow/.local/lib/python3.8/site-packages/airflow/example_dags/example_trigger_controller_dag.py for tasks to queue
[2021-12-21 00:10:07,001] {logging_mixin.py:104} INFO - [2021-12-21 00:10:07,001] {dagbag.py:496} INFO - Filling up the DagBag from /home/airflow/.local/lib/python3.8/site-packages/airflow/example_dags/example_trigger_controller_dag.py
[2021-12-21 00:10:07,024] {scheduler_job.py:643} INFO - DAG(s) dict_keys(['example_trigger_controller_dag']) retrieved from /home/airflow/.local/lib/python3.8/site-packages/airflow/example_dags/example_trigger_controller_dag.py
[2021-12-21 00:10:07,080] {logging_mixin.py:104} INFO - [2021-12-21 00:10:07,079] {dag.py:1833} INFO - Sync 1 DAGs
[2021-12-21 00:10:07,105] {logging_mixin.py:104} INFO - [2021-12-21 00:10:07,105] {dag.py:2306} INFO - Setting next_dagrun for example_trigger_controller_dag to 2021-12-19 00:00:00+00:00
[2021-12-21 00:10:07,146] {scheduler_job.py:190} INFO - Processing /home/airflow/.local/lib/python3.8/site-packages/airflow/example_dags/example_trigger_controller_dag.py took 0.168 seconds
[2021-12-21 00:10:37,804] {scheduler_job.py:182} INFO - Started process (PID=10534) to work on /home/airflow/.local/lib/python3.8/site-packages/airflow/example_dags/example_trigger_controller_dag.py
[2021-12-21 00:10:37,813] {scheduler_job.py:633} INFO - Processing file /home/airflow/.local/lib/python3.8/site-packages/airflow/example_dags/example_trigger_controller_dag.py for tasks to queue
[2021-12-21 00:10:37,816] {logging_mixin.py:104} INFO - [2021-12-21 00:10:37,816] {dagbag.py:496} INFO - Filling up the DagBag from /home/airflow/.local/lib/python3.8/site-packages/airflow/example_dags/example_trigger_controller_dag.py
[2021-12-21 00:10:37,856] {scheduler_job.py:643} INFO - DAG(s) dict_keys(['example_trigger_controller_dag']) retrieved from /home/airflow/.local/lib/python3.8/site-packages/airflow/example_dags/example_trigger_controller_dag.py
[2021-12-21 00:10:37,924] {logging_mixin.py:104} INFO - [2021-12-21 00:10:37,924] {dag.py:1833} INFO - Sync 1 DAGs
[2021-12-21 00:10:37,955] {logging_mixin.py:104} INFO - [2021-12-21 00:10:37,955] {dag.py:2306} INFO - Setting next_dagrun for example_trigger_controller_dag to 2021-12-19 00:00:00+00:00
[2021-12-21 00:10:38,011] {scheduler_job.py:190} INFO - Processing /home/airflow/.local/lib/python3.8/site-packages/airflow/example_dags/example_trigger_controller_dag.py took 0.213 seconds
[2021-12-21 00:11:08,538] {scheduler_job.py:182} INFO - Started process (PID=10565) to work on /home/airflow/.local/lib/python3.8/site-packages/airflow/example_dags/example_trigger_controller_dag.py
[2021-12-21 00:11:08,546] {scheduler_job.py:633} INFO - Processing file /home/airflow/.local/lib/python3.8/site-packages/airflow/example_dags/example_trigger_controller_dag.py for tasks to queue
[2021-12-21 00:11:08,552] {logging_mixin.py:104} INFO - [2021-12-21 00:11:08,551] {dagbag.py:496} INFO - Filling up the DagBag from /home/airflow/.local/lib/python3.8/site-packages/airflow/example_dags/example_trigger_controller_dag.py
[2021-12-21 00:11:08,608] {scheduler_job.py:643} INFO - DAG(s) dict_keys(['example_trigger_controller_dag']) retrieved from /home/airflow/.local/lib/python3.8/site-packages/airflow/example_dags/example_trigger_controller_dag.py
[2021-12-21 00:11:08,662] {logging_mixin.py:104} INFO - [2021-12-21 00:11:08,662] {dag.py:1833} INFO - Sync 1 DAGs
[2021-12-21 00:11:08,692] {logging_mixin.py:104} INFO - [2021-12-21 00:11:08,691] {dag.py:2306} INFO - Setting next_dagrun for example_trigger_controller_dag to 2021-12-19 00:00:00+00:00
[2021-12-21 00:11:08,744] {scheduler_job.py:190} INFO - Processing /home/airflow/.local/lib/python3.8/site-packages/airflow/example_dags/example_trigger_controller_dag.py took 0.221 seconds
[2021-12-21 00:11:38,966] {scheduler_job.py:182} INFO - Started process (PID=10597) to work on /home/airflow/.local/lib/python3.8/site-packages/airflow/example_dags/example_trigger_controller_dag.py
[2021-12-21 00:11:38,976] {scheduler_job.py:633} INFO - Processing file /home/airflow/.local/lib/python3.8/site-packages/airflow/example_dags/example_trigger_controller_dag.py for tasks to queue
[2021-12-21 00:11:38,984] {logging_mixin.py:104} INFO - [2021-12-21 00:11:38,983] {dagbag.py:496} INFO - Filling up the DagBag from /home/airflow/.local/lib/python3.8/site-packages/airflow/example_dags/example_trigger_controller_dag.py
[2021-12-21 00:11:39,023] {scheduler_job.py:643} INFO - DAG(s) dict_keys(['example_trigger_controller_dag']) retrieved from /home/airflow/.local/lib/python3.8/site-packages/airflow/example_dags/example_trigger_controller_dag.py
[2021-12-21 00:11:39,085] {logging_mixin.py:104} INFO - [2021-12-21 00:11:39,085] {dag.py:1833} INFO - Sync 1 DAGs
[2021-12-21 00:11:39,119] {logging_mixin.py:104} INFO - [2021-12-21 00:11:39,119] {dag.py:2306} INFO - Setting next_dagrun for example_trigger_controller_dag to 2021-12-19 00:00:00+00:00
[2021-12-21 00:11:39,158] {scheduler_job.py:190} INFO - Processing /home/airflow/.local/lib/python3.8/site-packages/airflow/example_dags/example_trigger_controller_dag.py took 0.227 seconds
[2021-12-21 00:12:09,277] {scheduler_job.py:182} INFO - Started process (PID=10628) to work on /home/airflow/.local/lib/python3.8/site-packages/airflow/example_dags/example_trigger_controller_dag.py
[2021-12-21 00:12:09,287] {scheduler_job.py:633} INFO - Processing file /home/airflow/.local/lib/python3.8/site-packages/airflow/example_dags/example_trigger_controller_dag.py for tasks to queue
[2021-12-21 00:12:09,291] {logging_mixin.py:104} INFO - [2021-12-21 00:12:09,291] {dagbag.py:496} INFO - Filling up the DagBag from /home/airflow/.local/lib/python3.8/site-packages/airflow/example_dags/example_trigger_controller_dag.py
[2021-12-21 00:12:09,331] {scheduler_job.py:643} INFO - DAG(s) dict_keys(['example_trigger_controller_dag']) retrieved from /home/airflow/.local/lib/python3.8/site-packages/airflow/example_dags/example_trigger_controller_dag.py
[2021-12-21 00:12:09,393] {logging_mixin.py:104} INFO - [2021-12-21 00:12:09,392] {dag.py:1833} INFO - Sync 1 DAGs
[2021-12-21 00:12:09,425] {logging_mixin.py:104} INFO - [2021-12-21 00:12:09,424] {dag.py:2306} INFO - Setting next_dagrun for example_trigger_controller_dag to 2021-12-19 00:00:00+00:00
[2021-12-21 00:12:09,464] {scheduler_job.py:190} INFO - Processing /home/airflow/.local/lib/python3.8/site-packages/airflow/example_dags/example_trigger_controller_dag.py took 0.191 seconds
[2021-12-21 00:12:40,063] {scheduler_job.py:182} INFO - Started process (PID=10658) to work on /home/airflow/.local/lib/python3.8/site-packages/airflow/example_dags/example_trigger_controller_dag.py
[2021-12-21 00:12:40,074] {scheduler_job.py:633} INFO - Processing file /home/airflow/.local/lib/python3.8/site-packages/airflow/example_dags/example_trigger_controller_dag.py for tasks to queue
[2021-12-21 00:12:40,082] {logging_mixin.py:104} INFO - [2021-12-21 00:12:40,080] {dagbag.py:496} INFO - Filling up the DagBag from /home/airflow/.local/lib/python3.8/site-packages/airflow/example_dags/example_trigger_controller_dag.py
[2021-12-21 00:12:40,102] {scheduler_job.py:643} INFO - DAG(s) dict_keys(['example_trigger_controller_dag']) retrieved from /home/airflow/.local/lib/python3.8/site-packages/airflow/example_dags/example_trigger_controller_dag.py
[2021-12-21 00:12:40,157] {logging_mixin.py:104} INFO - [2021-12-21 00:12:40,157] {dag.py:1833} INFO - Sync 1 DAGs
[2021-12-21 00:12:40,175] {logging_mixin.py:104} INFO - [2021-12-21 00:12:40,175] {dag.py:2306} INFO - Setting next_dagrun for example_trigger_controller_dag to 2021-12-19 00:00:00+00:00
[2021-12-21 00:12:40,195] {scheduler_job.py:190} INFO - Processing /home/airflow/.local/lib/python3.8/site-packages/airflow/example_dags/example_trigger_controller_dag.py took 0.140 seconds
[2021-12-21 00:13:10,422] {scheduler_job.py:182} INFO - Started process (PID=10688) to work on /home/airflow/.local/lib/python3.8/site-packages/airflow/example_dags/example_trigger_controller_dag.py
[2021-12-21 00:13:10,426] {scheduler_job.py:633} INFO - Processing file /home/airflow/.local/lib/python3.8/site-packages/airflow/example_dags/example_trigger_controller_dag.py for tasks to queue
[2021-12-21 00:13:10,429] {logging_mixin.py:104} INFO - [2021-12-21 00:13:10,429] {dagbag.py:496} INFO - Filling up the DagBag from /home/airflow/.local/lib/python3.8/site-packages/airflow/example_dags/example_trigger_controller_dag.py
[2021-12-21 00:13:10,450] {scheduler_job.py:643} INFO - DAG(s) dict_keys(['example_trigger_controller_dag']) retrieved from /home/airflow/.local/lib/python3.8/site-packages/airflow/example_dags/example_trigger_controller_dag.py
[2021-12-21 00:13:10,505] {logging_mixin.py:104} INFO - [2021-12-21 00:13:10,505] {dag.py:1833} INFO - Sync 1 DAGs
[2021-12-21 00:13:10,525] {logging_mixin.py:104} INFO - [2021-12-21 00:13:10,525] {dag.py:2306} INFO - Setting next_dagrun for example_trigger_controller_dag to 2021-12-19 00:00:00+00:00
[2021-12-21 00:13:10,546] {scheduler_job.py:190} INFO - Processing /home/airflow/.local/lib/python3.8/site-packages/airflow/example_dags/example_trigger_controller_dag.py took 0.134 seconds
[2021-12-21 00:13:40,877] {scheduler_job.py:182} INFO - Started process (PID=10719) to work on /home/airflow/.local/lib/python3.8/site-packages/airflow/example_dags/example_trigger_controller_dag.py
[2021-12-21 00:13:40,884] {scheduler_job.py:633} INFO - Processing file /home/airflow/.local/lib/python3.8/site-packages/airflow/example_dags/example_trigger_controller_dag.py for tasks to queue
[2021-12-21 00:13:40,887] {logging_mixin.py:104} INFO - [2021-12-21 00:13:40,887] {dagbag.py:496} INFO - Filling up the DagBag from /home/airflow/.local/lib/python3.8/site-packages/airflow/example_dags/example_trigger_controller_dag.py
[2021-12-21 00:13:40,944] {scheduler_job.py:643} INFO - DAG(s) dict_keys(['example_trigger_controller_dag']) retrieved from /home/airflow/.local/lib/python3.8/site-packages/airflow/example_dags/example_trigger_controller_dag.py
[2021-12-21 00:13:41,073] {logging_mixin.py:104} INFO - [2021-12-21 00:13:41,071] {dag.py:1833} INFO - Sync 1 DAGs
[2021-12-21 00:13:41,126] {logging_mixin.py:104} INFO - [2021-12-21 00:13:41,126] {dag.py:2306} INFO - Setting next_dagrun for example_trigger_controller_dag to 2021-12-19 00:00:00+00:00
[2021-12-21 00:13:41,198] {scheduler_job.py:190} INFO - Processing /home/airflow/.local/lib/python3.8/site-packages/airflow/example_dags/example_trigger_controller_dag.py took 0.341 seconds
[2021-12-21 00:14:11,395] {scheduler_job.py:182} INFO - Started process (PID=10750) to work on /home/airflow/.local/lib/python3.8/site-packages/airflow/example_dags/example_trigger_controller_dag.py
[2021-12-21 00:14:11,399] {scheduler_job.py:633} INFO - Processing file /home/airflow/.local/lib/python3.8/site-packages/airflow/example_dags/example_trigger_controller_dag.py for tasks to queue
[2021-12-21 00:14:11,403] {logging_mixin.py:104} INFO - [2021-12-21 00:14:11,402] {dagbag.py:496} INFO - Filling up the DagBag from /home/airflow/.local/lib/python3.8/site-packages/airflow/example_dags/example_trigger_controller_dag.py
[2021-12-21 00:14:11,430] {scheduler_job.py:643} INFO - DAG(s) dict_keys(['example_trigger_controller_dag']) retrieved from /home/airflow/.local/lib/python3.8/site-packages/airflow/example_dags/example_trigger_controller_dag.py
[2021-12-21 00:14:11,502] {logging_mixin.py:104} INFO - [2021-12-21 00:14:11,502] {dag.py:1833} INFO - Sync 1 DAGs
[2021-12-21 00:14:11,519] {logging_mixin.py:104} INFO - [2021-12-21 00:14:11,519] {dag.py:2306} INFO - Setting next_dagrun for example_trigger_controller_dag to 2021-12-19 00:00:00+00:00
[2021-12-21 00:14:11,538] {scheduler_job.py:190} INFO - Processing /home/airflow/.local/lib/python3.8/site-packages/airflow/example_dags/example_trigger_controller_dag.py took 0.147 seconds
[2021-12-21 00:14:42,008] {scheduler_job.py:182} INFO - Started process (PID=10781) to work on /home/airflow/.local/lib/python3.8/site-packages/airflow/example_dags/example_trigger_controller_dag.py
[2021-12-21 00:14:42,011] {scheduler_job.py:633} INFO - Processing file /home/airflow/.local/lib/python3.8/site-packages/airflow/example_dags/example_trigger_controller_dag.py for tasks to queue
[2021-12-21 00:14:42,014] {logging_mixin.py:104} INFO - [2021-12-21 00:14:42,014] {dagbag.py:496} INFO - Filling up the DagBag from /home/airflow/.local/lib/python3.8/site-packages/airflow/example_dags/example_trigger_controller_dag.py
[2021-12-21 00:14:42,040] {scheduler_job.py:643} INFO - DAG(s) dict_keys(['example_trigger_controller_dag']) retrieved from /home/airflow/.local/lib/python3.8/site-packages/airflow/example_dags/example_trigger_controller_dag.py
[2021-12-21 00:14:42,107] {logging_mixin.py:104} INFO - [2021-12-21 00:14:42,107] {dag.py:1833} INFO - Sync 1 DAGs
[2021-12-21 00:14:42,125] {logging_mixin.py:104} INFO - [2021-12-21 00:14:42,125] {dag.py:2306} INFO - Setting next_dagrun for example_trigger_controller_dag to 2021-12-19 00:00:00+00:00
[2021-12-21 00:14:42,143] {scheduler_job.py:190} INFO - Processing /home/airflow/.local/lib/python3.8/site-packages/airflow/example_dags/example_trigger_controller_dag.py took 0.140 seconds
[2021-12-21 00:15:12,561] {scheduler_job.py:182} INFO - Started process (PID=10812) to work on /home/airflow/.local/lib/python3.8/site-packages/airflow/example_dags/example_trigger_controller_dag.py
[2021-12-21 00:15:12,567] {scheduler_job.py:633} INFO - Processing file /home/airflow/.local/lib/python3.8/site-packages/airflow/example_dags/example_trigger_controller_dag.py for tasks to queue
[2021-12-21 00:15:12,570] {logging_mixin.py:104} INFO - [2021-12-21 00:15:12,570] {dagbag.py:496} INFO - Filling up the DagBag from /home/airflow/.local/lib/python3.8/site-packages/airflow/example_dags/example_trigger_controller_dag.py
[2021-12-21 00:15:12,619] {scheduler_job.py:643} INFO - DAG(s) dict_keys(['example_trigger_controller_dag']) retrieved from /home/airflow/.local/lib/python3.8/site-packages/airflow/example_dags/example_trigger_controller_dag.py
[2021-12-21 00:15:12,678] {logging_mixin.py:104} INFO - [2021-12-21 00:15:12,678] {dag.py:1833} INFO - Sync 1 DAGs
[2021-12-21 00:15:12,711] {logging_mixin.py:104} INFO - [2021-12-21 00:15:12,711] {dag.py:2306} INFO - Setting next_dagrun for example_trigger_controller_dag to 2021-12-19 00:00:00+00:00
[2021-12-21 00:15:12,765] {scheduler_job.py:190} INFO - Processing /home/airflow/.local/lib/python3.8/site-packages/airflow/example_dags/example_trigger_controller_dag.py took 0.218 seconds
[2021-12-21 00:15:42,950] {scheduler_job.py:182} INFO - Started process (PID=10844) to work on /home/airflow/.local/lib/python3.8/site-packages/airflow/example_dags/example_trigger_controller_dag.py
[2021-12-21 00:15:42,954] {scheduler_job.py:633} INFO - Processing file /home/airflow/.local/lib/python3.8/site-packages/airflow/example_dags/example_trigger_controller_dag.py for tasks to queue
[2021-12-21 00:15:42,957] {logging_mixin.py:104} INFO - [2021-12-21 00:15:42,957] {dagbag.py:496} INFO - Filling up the DagBag from /home/airflow/.local/lib/python3.8/site-packages/airflow/example_dags/example_trigger_controller_dag.py
[2021-12-21 00:15:42,979] {scheduler_job.py:643} INFO - DAG(s) dict_keys(['example_trigger_controller_dag']) retrieved from /home/airflow/.local/lib/python3.8/site-packages/airflow/example_dags/example_trigger_controller_dag.py
[2021-12-21 00:15:43,031] {logging_mixin.py:104} INFO - [2021-12-21 00:15:43,031] {dag.py:1833} INFO - Sync 1 DAGs
[2021-12-21 00:15:43,050] {logging_mixin.py:104} INFO - [2021-12-21 00:15:43,050] {dag.py:2306} INFO - Setting next_dagrun for example_trigger_controller_dag to 2021-12-19 00:00:00+00:00
[2021-12-21 00:15:43,072] {scheduler_job.py:190} INFO - Processing /home/airflow/.local/lib/python3.8/site-packages/airflow/example_dags/example_trigger_controller_dag.py took 0.129 seconds
[2021-12-21 00:16:13,129] {scheduler_job.py:182} INFO - Started process (PID=10874) to work on /home/airflow/.local/lib/python3.8/site-packages/airflow/example_dags/example_trigger_controller_dag.py
[2021-12-21 00:16:13,135] {scheduler_job.py:633} INFO - Processing file /home/airflow/.local/lib/python3.8/site-packages/airflow/example_dags/example_trigger_controller_dag.py for tasks to queue
[2021-12-21 00:16:13,140] {logging_mixin.py:104} INFO - [2021-12-21 00:16:13,139] {dagbag.py:496} INFO - Filling up the DagBag from /home/airflow/.local/lib/python3.8/site-packages/airflow/example_dags/example_trigger_controller_dag.py
[2021-12-21 00:16:13,172] {scheduler_job.py:643} INFO - DAG(s) dict_keys(['example_trigger_controller_dag']) retrieved from /home/airflow/.local/lib/python3.8/site-packages/airflow/example_dags/example_trigger_controller_dag.py
[2021-12-21 00:16:13,232] {logging_mixin.py:104} INFO - [2021-12-21 00:16:13,231] {dag.py:1833} INFO - Sync 1 DAGs
[2021-12-21 00:16:13,282] {logging_mixin.py:104} INFO - [2021-12-21 00:16:13,282] {dag.py:2306} INFO - Setting next_dagrun for example_trigger_controller_dag to 2021-12-19 00:00:00+00:00
[2021-12-21 00:16:13,319] {scheduler_job.py:190} INFO - Processing /home/airflow/.local/lib/python3.8/site-packages/airflow/example_dags/example_trigger_controller_dag.py took 0.195 seconds
[2021-12-21 00:16:43,437] {scheduler_job.py:182} INFO - Started process (PID=10905) to work on /home/airflow/.local/lib/python3.8/site-packages/airflow/example_dags/example_trigger_controller_dag.py
[2021-12-21 00:16:43,441] {scheduler_job.py:633} INFO - Processing file /home/airflow/.local/lib/python3.8/site-packages/airflow/example_dags/example_trigger_controller_dag.py for tasks to queue
[2021-12-21 00:16:43,443] {logging_mixin.py:104} INFO - [2021-12-21 00:16:43,443] {dagbag.py:496} INFO - Filling up the DagBag from /home/airflow/.local/lib/python3.8/site-packages/airflow/example_dags/example_trigger_controller_dag.py
[2021-12-21 00:16:43,464] {scheduler_job.py:643} INFO - DAG(s) dict_keys(['example_trigger_controller_dag']) retrieved from /home/airflow/.local/lib/python3.8/site-packages/airflow/example_dags/example_trigger_controller_dag.py
[2021-12-21 00:16:43,522] {logging_mixin.py:104} INFO - [2021-12-21 00:16:43,522] {dag.py:1833} INFO - Sync 1 DAGs
[2021-12-21 00:16:43,542] {logging_mixin.py:104} INFO - [2021-12-21 00:16:43,542] {dag.py:2306} INFO - Setting next_dagrun for example_trigger_controller_dag to 2021-12-19 00:00:00+00:00
[2021-12-21 00:16:43,578] {scheduler_job.py:190} INFO - Processing /home/airflow/.local/lib/python3.8/site-packages/airflow/example_dags/example_trigger_controller_dag.py took 0.147 seconds
[2021-12-21 00:17:13,892] {scheduler_job.py:182} INFO - Started process (PID=10935) to work on /home/airflow/.local/lib/python3.8/site-packages/airflow/example_dags/example_trigger_controller_dag.py
[2021-12-21 00:17:13,897] {scheduler_job.py:633} INFO - Processing file /home/airflow/.local/lib/python3.8/site-packages/airflow/example_dags/example_trigger_controller_dag.py for tasks to queue
[2021-12-21 00:17:13,906] {logging_mixin.py:104} INFO - [2021-12-21 00:17:13,906] {dagbag.py:496} INFO - Filling up the DagBag from /home/airflow/.local/lib/python3.8/site-packages/airflow/example_dags/example_trigger_controller_dag.py
[2021-12-21 00:17:13,940] {scheduler_job.py:643} INFO - DAG(s) dict_keys(['example_trigger_controller_dag']) retrieved from /home/airflow/.local/lib/python3.8/site-packages/airflow/example_dags/example_trigger_controller_dag.py
[2021-12-21 00:17:14,018] {logging_mixin.py:104} INFO - [2021-12-21 00:17:14,018] {dag.py:1833} INFO - Sync 1 DAGs
[2021-12-21 00:17:14,036] {logging_mixin.py:104} INFO - [2021-12-21 00:17:14,036] {dag.py:2306} INFO - Setting next_dagrun for example_trigger_controller_dag to 2021-12-19 00:00:00+00:00
[2021-12-21 00:17:14,060] {scheduler_job.py:190} INFO - Processing /home/airflow/.local/lib/python3.8/site-packages/airflow/example_dags/example_trigger_controller_dag.py took 0.184 seconds
[2021-12-21 00:17:44,219] {scheduler_job.py:182} INFO - Started process (PID=10966) to work on /home/airflow/.local/lib/python3.8/site-packages/airflow/example_dags/example_trigger_controller_dag.py
[2021-12-21 00:17:44,224] {scheduler_job.py:633} INFO - Processing file /home/airflow/.local/lib/python3.8/site-packages/airflow/example_dags/example_trigger_controller_dag.py for tasks to queue
[2021-12-21 00:17:44,227] {logging_mixin.py:104} INFO - [2021-12-21 00:17:44,227] {dagbag.py:496} INFO - Filling up the DagBag from /home/airflow/.local/lib/python3.8/site-packages/airflow/example_dags/example_trigger_controller_dag.py
[2021-12-21 00:17:44,265] {scheduler_job.py:643} INFO - DAG(s) dict_keys(['example_trigger_controller_dag']) retrieved from /home/airflow/.local/lib/python3.8/site-packages/airflow/example_dags/example_trigger_controller_dag.py
[2021-12-21 00:17:44,344] {logging_mixin.py:104} INFO - [2021-12-21 00:17:44,344] {dag.py:1833} INFO - Sync 1 DAGs
[2021-12-21 00:17:44,373] {logging_mixin.py:104} INFO - [2021-12-21 00:17:44,373] {dag.py:2306} INFO - Setting next_dagrun for example_trigger_controller_dag to 2021-12-19 00:00:00+00:00
[2021-12-21 00:17:44,400] {scheduler_job.py:190} INFO - Processing /home/airflow/.local/lib/python3.8/site-packages/airflow/example_dags/example_trigger_controller_dag.py took 0.185 seconds
[2021-12-21 00:18:14,607] {scheduler_job.py:182} INFO - Started process (PID=10997) to work on /home/airflow/.local/lib/python3.8/site-packages/airflow/example_dags/example_trigger_controller_dag.py
[2021-12-21 00:18:14,616] {scheduler_job.py:633} INFO - Processing file /home/airflow/.local/lib/python3.8/site-packages/airflow/example_dags/example_trigger_controller_dag.py for tasks to queue
[2021-12-21 00:18:14,622] {logging_mixin.py:104} INFO - [2021-12-21 00:18:14,621] {dagbag.py:496} INFO - Filling up the DagBag from /home/airflow/.local/lib/python3.8/site-packages/airflow/example_dags/example_trigger_controller_dag.py
[2021-12-21 00:18:14,668] {scheduler_job.py:643} INFO - DAG(s) dict_keys(['example_trigger_controller_dag']) retrieved from /home/airflow/.local/lib/python3.8/site-packages/airflow/example_dags/example_trigger_controller_dag.py
[2021-12-21 00:18:14,720] {logging_mixin.py:104} INFO - [2021-12-21 00:18:14,720] {dag.py:1833} INFO - Sync 1 DAGs
[2021-12-21 00:18:14,747] {logging_mixin.py:104} INFO - [2021-12-21 00:18:14,746] {dag.py:2306} INFO - Setting next_dagrun for example_trigger_controller_dag to 2021-12-19 00:00:00+00:00
[2021-12-21 00:18:14,775] {scheduler_job.py:190} INFO - Processing /home/airflow/.local/lib/python3.8/site-packages/airflow/example_dags/example_trigger_controller_dag.py took 0.180 seconds
[2021-12-21 00:18:44,869] {scheduler_job.py:182} INFO - Started process (PID=11028) to work on /home/airflow/.local/lib/python3.8/site-packages/airflow/example_dags/example_trigger_controller_dag.py
[2021-12-21 00:18:44,874] {scheduler_job.py:633} INFO - Processing file /home/airflow/.local/lib/python3.8/site-packages/airflow/example_dags/example_trigger_controller_dag.py for tasks to queue
[2021-12-21 00:18:44,877] {logging_mixin.py:104} INFO - [2021-12-21 00:18:44,877] {dagbag.py:496} INFO - Filling up the DagBag from /home/airflow/.local/lib/python3.8/site-packages/airflow/example_dags/example_trigger_controller_dag.py
[2021-12-21 00:18:44,908] {scheduler_job.py:643} INFO - DAG(s) dict_keys(['example_trigger_controller_dag']) retrieved from /home/airflow/.local/lib/python3.8/site-packages/airflow/example_dags/example_trigger_controller_dag.py
[2021-12-21 00:18:44,963] {logging_mixin.py:104} INFO - [2021-12-21 00:18:44,963] {dag.py:1833} INFO - Sync 1 DAGs
[2021-12-21 00:18:44,978] {logging_mixin.py:104} INFO - [2021-12-21 00:18:44,978] {dag.py:2306} INFO - Setting next_dagrun for example_trigger_controller_dag to 2021-12-19 00:00:00+00:00
[2021-12-21 00:18:45,002] {scheduler_job.py:190} INFO - Processing /home/airflow/.local/lib/python3.8/site-packages/airflow/example_dags/example_trigger_controller_dag.py took 0.138 seconds
[2021-12-21 00:19:15,804] {scheduler_job.py:182} INFO - Started process (PID=11059) to work on /home/airflow/.local/lib/python3.8/site-packages/airflow/example_dags/example_trigger_controller_dag.py
[2021-12-21 00:19:15,813] {scheduler_job.py:633} INFO - Processing file /home/airflow/.local/lib/python3.8/site-packages/airflow/example_dags/example_trigger_controller_dag.py for tasks to queue
[2021-12-21 00:19:15,822] {logging_mixin.py:104} INFO - [2021-12-21 00:19:15,821] {dagbag.py:496} INFO - Filling up the DagBag from /home/airflow/.local/lib/python3.8/site-packages/airflow/example_dags/example_trigger_controller_dag.py
[2021-12-21 00:19:15,890] {scheduler_job.py:643} INFO - DAG(s) dict_keys(['example_trigger_controller_dag']) retrieved from /home/airflow/.local/lib/python3.8/site-packages/airflow/example_dags/example_trigger_controller_dag.py
[2021-12-21 00:19:15,976] {logging_mixin.py:104} INFO - [2021-12-21 00:19:15,976] {dag.py:1833} INFO - Sync 1 DAGs
[2021-12-21 00:19:16,008] {logging_mixin.py:104} INFO - [2021-12-21 00:19:16,008] {dag.py:2306} INFO - Setting next_dagrun for example_trigger_controller_dag to 2021-12-19 00:00:00+00:00
[2021-12-21 00:19:16,044] {scheduler_job.py:190} INFO - Processing /home/airflow/.local/lib/python3.8/site-packages/airflow/example_dags/example_trigger_controller_dag.py took 0.258 seconds
[2021-12-21 00:19:46,427] {scheduler_job.py:182} INFO - Started process (PID=11090) to work on /home/airflow/.local/lib/python3.8/site-packages/airflow/example_dags/example_trigger_controller_dag.py
[2021-12-21 00:19:46,432] {scheduler_job.py:633} INFO - Processing file /home/airflow/.local/lib/python3.8/site-packages/airflow/example_dags/example_trigger_controller_dag.py for tasks to queue
[2021-12-21 00:19:46,436] {logging_mixin.py:104} INFO - [2021-12-21 00:19:46,435] {dagbag.py:496} INFO - Filling up the DagBag from /home/airflow/.local/lib/python3.8/site-packages/airflow/example_dags/example_trigger_controller_dag.py
[2021-12-21 00:19:46,456] {scheduler_job.py:643} INFO - DAG(s) dict_keys(['example_trigger_controller_dag']) retrieved from /home/airflow/.local/lib/python3.8/site-packages/airflow/example_dags/example_trigger_controller_dag.py
[2021-12-21 00:19:46,503] {logging_mixin.py:104} INFO - [2021-12-21 00:19:46,503] {dag.py:1833} INFO - Sync 1 DAGs
[2021-12-21 00:19:46,518] {logging_mixin.py:104} INFO - [2021-12-21 00:19:46,518] {dag.py:2306} INFO - Setting next_dagrun for example_trigger_controller_dag to 2021-12-19 00:00:00+00:00
[2021-12-21 00:19:46,536] {scheduler_job.py:190} INFO - Processing /home/airflow/.local/lib/python3.8/site-packages/airflow/example_dags/example_trigger_controller_dag.py took 0.115 seconds
[2021-12-21 00:20:17,362] {scheduler_job.py:182} INFO - Started process (PID=11121) to work on /home/airflow/.local/lib/python3.8/site-packages/airflow/example_dags/example_trigger_controller_dag.py
[2021-12-21 00:20:17,376] {scheduler_job.py:633} INFO - Processing file /home/airflow/.local/lib/python3.8/site-packages/airflow/example_dags/example_trigger_controller_dag.py for tasks to queue
[2021-12-21 00:20:17,379] {logging_mixin.py:104} INFO - [2021-12-21 00:20:17,379] {dagbag.py:496} INFO - Filling up the DagBag from /home/airflow/.local/lib/python3.8/site-packages/airflow/example_dags/example_trigger_controller_dag.py
[2021-12-21 00:20:17,423] {scheduler_job.py:643} INFO - DAG(s) dict_keys(['example_trigger_controller_dag']) retrieved from /home/airflow/.local/lib/python3.8/site-packages/airflow/example_dags/example_trigger_controller_dag.py
[2021-12-21 00:20:17,510] {logging_mixin.py:104} INFO - [2021-12-21 00:20:17,510] {dag.py:1833} INFO - Sync 1 DAGs
[2021-12-21 00:20:17,543] {logging_mixin.py:104} INFO - [2021-12-21 00:20:17,543] {dag.py:2306} INFO - Setting next_dagrun for example_trigger_controller_dag to 2021-12-19 00:00:00+00:00
[2021-12-21 00:20:17,564] {scheduler_job.py:190} INFO - Processing /home/airflow/.local/lib/python3.8/site-packages/airflow/example_dags/example_trigger_controller_dag.py took 0.217 seconds
[2021-12-21 00:20:47,729] {scheduler_job.py:182} INFO - Started process (PID=11152) to work on /home/airflow/.local/lib/python3.8/site-packages/airflow/example_dags/example_trigger_controller_dag.py
[2021-12-21 00:20:47,733] {scheduler_job.py:633} INFO - Processing file /home/airflow/.local/lib/python3.8/site-packages/airflow/example_dags/example_trigger_controller_dag.py for tasks to queue
[2021-12-21 00:20:47,736] {logging_mixin.py:104} INFO - [2021-12-21 00:20:47,736] {dagbag.py:496} INFO - Filling up the DagBag from /home/airflow/.local/lib/python3.8/site-packages/airflow/example_dags/example_trigger_controller_dag.py
[2021-12-21 00:20:47,759] {scheduler_job.py:643} INFO - DAG(s) dict_keys(['example_trigger_controller_dag']) retrieved from /home/airflow/.local/lib/python3.8/site-packages/airflow/example_dags/example_trigger_controller_dag.py
[2021-12-21 00:20:47,820] {logging_mixin.py:104} INFO - [2021-12-21 00:20:47,820] {dag.py:1833} INFO - Sync 1 DAGs
[2021-12-21 00:20:47,847] {logging_mixin.py:104} INFO - [2021-12-21 00:20:47,847] {dag.py:2306} INFO - Setting next_dagrun for example_trigger_controller_dag to 2021-12-19 00:00:00+00:00
[2021-12-21 00:20:47,886] {scheduler_job.py:190} INFO - Processing /home/airflow/.local/lib/python3.8/site-packages/airflow/example_dags/example_trigger_controller_dag.py took 0.166 seconds
[2021-12-21 00:21:18,368] {scheduler_job.py:182} INFO - Started process (PID=11183) to work on /home/airflow/.local/lib/python3.8/site-packages/airflow/example_dags/example_trigger_controller_dag.py
[2021-12-21 00:21:18,378] {scheduler_job.py:633} INFO - Processing file /home/airflow/.local/lib/python3.8/site-packages/airflow/example_dags/example_trigger_controller_dag.py for tasks to queue
[2021-12-21 00:21:18,384] {logging_mixin.py:104} INFO - [2021-12-21 00:21:18,384] {dagbag.py:496} INFO - Filling up the DagBag from /home/airflow/.local/lib/python3.8/site-packages/airflow/example_dags/example_trigger_controller_dag.py
[2021-12-21 00:21:18,428] {scheduler_job.py:643} INFO - DAG(s) dict_keys(['example_trigger_controller_dag']) retrieved from /home/airflow/.local/lib/python3.8/site-packages/airflow/example_dags/example_trigger_controller_dag.py
[2021-12-21 00:21:18,491] {logging_mixin.py:104} INFO - [2021-12-21 00:21:18,491] {dag.py:1833} INFO - Sync 1 DAGs
[2021-12-21 00:21:18,509] {logging_mixin.py:104} INFO - [2021-12-21 00:21:18,509] {dag.py:2306} INFO - Setting next_dagrun for example_trigger_controller_dag to 2021-12-19 00:00:00+00:00
[2021-12-21 00:21:18,540] {scheduler_job.py:190} INFO - Processing /home/airflow/.local/lib/python3.8/site-packages/airflow/example_dags/example_trigger_controller_dag.py took 0.186 seconds
[2021-12-21 00:21:48,745] {scheduler_job.py:182} INFO - Started process (PID=11214) to work on /home/airflow/.local/lib/python3.8/site-packages/airflow/example_dags/example_trigger_controller_dag.py
[2021-12-21 00:21:48,752] {scheduler_job.py:633} INFO - Processing file /home/airflow/.local/lib/python3.8/site-packages/airflow/example_dags/example_trigger_controller_dag.py for tasks to queue
[2021-12-21 00:21:48,757] {logging_mixin.py:104} INFO - [2021-12-21 00:21:48,756] {dagbag.py:496} INFO - Filling up the DagBag from /home/airflow/.local/lib/python3.8/site-packages/airflow/example_dags/example_trigger_controller_dag.py
[2021-12-21 00:21:48,827] {scheduler_job.py:643} INFO - DAG(s) dict_keys(['example_trigger_controller_dag']) retrieved from /home/airflow/.local/lib/python3.8/site-packages/airflow/example_dags/example_trigger_controller_dag.py
[2021-12-21 00:21:48,902] {logging_mixin.py:104} INFO - [2021-12-21 00:21:48,902] {dag.py:1833} INFO - Sync 1 DAGs
[2021-12-21 00:21:48,921] {logging_mixin.py:104} INFO - [2021-12-21 00:21:48,921] {dag.py:2306} INFO - Setting next_dagrun for example_trigger_controller_dag to 2021-12-19 00:00:00+00:00
[2021-12-21 00:21:48,956] {scheduler_job.py:190} INFO - Processing /home/airflow/.local/lib/python3.8/site-packages/airflow/example_dags/example_trigger_controller_dag.py took 0.221 seconds
[2021-12-21 00:22:19,150] {scheduler_job.py:182} INFO - Started process (PID=11245) to work on /home/airflow/.local/lib/python3.8/site-packages/airflow/example_dags/example_trigger_controller_dag.py
[2021-12-21 00:22:19,163] {scheduler_job.py:633} INFO - Processing file /home/airflow/.local/lib/python3.8/site-packages/airflow/example_dags/example_trigger_controller_dag.py for tasks to queue
[2021-12-21 00:22:19,167] {logging_mixin.py:104} INFO - [2021-12-21 00:22:19,166] {dagbag.py:496} INFO - Filling up the DagBag from /home/airflow/.local/lib/python3.8/site-packages/airflow/example_dags/example_trigger_controller_dag.py
[2021-12-21 00:22:19,216] {scheduler_job.py:643} INFO - DAG(s) dict_keys(['example_trigger_controller_dag']) retrieved from /home/airflow/.local/lib/python3.8/site-packages/airflow/example_dags/example_trigger_controller_dag.py
[2021-12-21 00:22:19,277] {logging_mixin.py:104} INFO - [2021-12-21 00:22:19,276] {dag.py:1833} INFO - Sync 1 DAGs
[2021-12-21 00:22:19,314] {logging_mixin.py:104} INFO - [2021-12-21 00:22:19,314] {dag.py:2306} INFO - Setting next_dagrun for example_trigger_controller_dag to 2021-12-19 00:00:00+00:00
[2021-12-21 00:22:19,360] {scheduler_job.py:190} INFO - Processing /home/airflow/.local/lib/python3.8/site-packages/airflow/example_dags/example_trigger_controller_dag.py took 0.214 seconds
[2021-12-21 00:22:49,487] {scheduler_job.py:182} INFO - Started process (PID=11276) to work on /home/airflow/.local/lib/python3.8/site-packages/airflow/example_dags/example_trigger_controller_dag.py
[2021-12-21 00:22:49,490] {scheduler_job.py:633} INFO - Processing file /home/airflow/.local/lib/python3.8/site-packages/airflow/example_dags/example_trigger_controller_dag.py for tasks to queue
[2021-12-21 00:22:49,493] {logging_mixin.py:104} INFO - [2021-12-21 00:22:49,492] {dagbag.py:496} INFO - Filling up the DagBag from /home/airflow/.local/lib/python3.8/site-packages/airflow/example_dags/example_trigger_controller_dag.py
[2021-12-21 00:22:49,524] {scheduler_job.py:643} INFO - DAG(s) dict_keys(['example_trigger_controller_dag']) retrieved from /home/airflow/.local/lib/python3.8/site-packages/airflow/example_dags/example_trigger_controller_dag.py
[2021-12-21 00:22:49,616] {logging_mixin.py:104} INFO - [2021-12-21 00:22:49,616] {dag.py:1833} INFO - Sync 1 DAGs
[2021-12-21 00:22:49,651] {logging_mixin.py:104} INFO - [2021-12-21 00:22:49,651] {dag.py:2306} INFO - Setting next_dagrun for example_trigger_controller_dag to 2021-12-19 00:00:00+00:00
[2021-12-21 00:22:49,704] {scheduler_job.py:190} INFO - Processing /home/airflow/.local/lib/python3.8/site-packages/airflow/example_dags/example_trigger_controller_dag.py took 0.222 seconds
[2021-12-21 00:23:20,086] {scheduler_job.py:182} INFO - Started process (PID=11307) to work on /home/airflow/.local/lib/python3.8/site-packages/airflow/example_dags/example_trigger_controller_dag.py
[2021-12-21 00:23:20,093] {scheduler_job.py:633} INFO - Processing file /home/airflow/.local/lib/python3.8/site-packages/airflow/example_dags/example_trigger_controller_dag.py for tasks to queue
[2021-12-21 00:23:20,098] {logging_mixin.py:104} INFO - [2021-12-21 00:23:20,097] {dagbag.py:496} INFO - Filling up the DagBag from /home/airflow/.local/lib/python3.8/site-packages/airflow/example_dags/example_trigger_controller_dag.py
[2021-12-21 00:23:20,147] {scheduler_job.py:643} INFO - DAG(s) dict_keys(['example_trigger_controller_dag']) retrieved from /home/airflow/.local/lib/python3.8/site-packages/airflow/example_dags/example_trigger_controller_dag.py
[2021-12-21 00:23:20,229] {logging_mixin.py:104} INFO - [2021-12-21 00:23:20,229] {dag.py:1833} INFO - Sync 1 DAGs
[2021-12-21 00:23:20,261] {logging_mixin.py:104} INFO - [2021-12-21 00:23:20,261] {dag.py:2306} INFO - Setting next_dagrun for example_trigger_controller_dag to 2021-12-19 00:00:00+00:00
[2021-12-21 00:23:20,330] {scheduler_job.py:190} INFO - Processing /home/airflow/.local/lib/python3.8/site-packages/airflow/example_dags/example_trigger_controller_dag.py took 0.250 seconds
[2021-12-21 00:23:50,443] {scheduler_job.py:182} INFO - Started process (PID=11339) to work on /home/airflow/.local/lib/python3.8/site-packages/airflow/example_dags/example_trigger_controller_dag.py
[2021-12-21 00:23:50,448] {scheduler_job.py:633} INFO - Processing file /home/airflow/.local/lib/python3.8/site-packages/airflow/example_dags/example_trigger_controller_dag.py for tasks to queue
[2021-12-21 00:23:50,453] {logging_mixin.py:104} INFO - [2021-12-21 00:23:50,452] {dagbag.py:496} INFO - Filling up the DagBag from /home/airflow/.local/lib/python3.8/site-packages/airflow/example_dags/example_trigger_controller_dag.py
[2021-12-21 00:23:50,490] {scheduler_job.py:643} INFO - DAG(s) dict_keys(['example_trigger_controller_dag']) retrieved from /home/airflow/.local/lib/python3.8/site-packages/airflow/example_dags/example_trigger_controller_dag.py
[2021-12-21 00:23:50,581] {logging_mixin.py:104} INFO - [2021-12-21 00:23:50,581] {dag.py:1833} INFO - Sync 1 DAGs
[2021-12-21 00:23:50,637] {logging_mixin.py:104} INFO - [2021-12-21 00:23:50,637] {dag.py:2306} INFO - Setting next_dagrun for example_trigger_controller_dag to 2021-12-19 00:00:00+00:00
[2021-12-21 00:23:50,678] {scheduler_job.py:190} INFO - Processing /home/airflow/.local/lib/python3.8/site-packages/airflow/example_dags/example_trigger_controller_dag.py took 0.247 seconds
[2021-12-21 00:24:21,179] {scheduler_job.py:182} INFO - Started process (PID=11368) to work on /home/airflow/.local/lib/python3.8/site-packages/airflow/example_dags/example_trigger_controller_dag.py
[2021-12-21 00:24:21,185] {scheduler_job.py:633} INFO - Processing file /home/airflow/.local/lib/python3.8/site-packages/airflow/example_dags/example_trigger_controller_dag.py for tasks to queue
[2021-12-21 00:24:21,191] {logging_mixin.py:104} INFO - [2021-12-21 00:24:21,190] {dagbag.py:496} INFO - Filling up the DagBag from /home/airflow/.local/lib/python3.8/site-packages/airflow/example_dags/example_trigger_controller_dag.py
[2021-12-21 00:24:21,224] {scheduler_job.py:643} INFO - DAG(s) dict_keys(['example_trigger_controller_dag']) retrieved from /home/airflow/.local/lib/python3.8/site-packages/airflow/example_dags/example_trigger_controller_dag.py
[2021-12-21 00:24:21,280] {logging_mixin.py:104} INFO - [2021-12-21 00:24:21,280] {dag.py:1833} INFO - Sync 1 DAGs
[2021-12-21 00:24:21,299] {logging_mixin.py:104} INFO - [2021-12-21 00:24:21,299] {dag.py:2306} INFO - Setting next_dagrun for example_trigger_controller_dag to 2021-12-19 00:00:00+00:00
[2021-12-21 00:24:21,319] {scheduler_job.py:190} INFO - Processing /home/airflow/.local/lib/python3.8/site-packages/airflow/example_dags/example_trigger_controller_dag.py took 0.150 seconds
[2021-12-21 00:24:51,629] {scheduler_job.py:182} INFO - Started process (PID=11398) to work on /home/airflow/.local/lib/python3.8/site-packages/airflow/example_dags/example_trigger_controller_dag.py
[2021-12-21 00:24:51,641] {scheduler_job.py:633} INFO - Processing file /home/airflow/.local/lib/python3.8/site-packages/airflow/example_dags/example_trigger_controller_dag.py for tasks to queue
[2021-12-21 00:24:51,645] {logging_mixin.py:104} INFO - [2021-12-21 00:24:51,644] {dagbag.py:496} INFO - Filling up the DagBag from /home/airflow/.local/lib/python3.8/site-packages/airflow/example_dags/example_trigger_controller_dag.py
[2021-12-21 00:24:51,661] {scheduler_job.py:643} INFO - DAG(s) dict_keys(['example_trigger_controller_dag']) retrieved from /home/airflow/.local/lib/python3.8/site-packages/airflow/example_dags/example_trigger_controller_dag.py
[2021-12-21 00:24:51,719] {logging_mixin.py:104} INFO - [2021-12-21 00:24:51,719] {dag.py:1833} INFO - Sync 1 DAGs
[2021-12-21 00:24:51,743] {logging_mixin.py:104} INFO - [2021-12-21 00:24:51,743] {dag.py:2306} INFO - Setting next_dagrun for example_trigger_controller_dag to 2021-12-19 00:00:00+00:00
[2021-12-21 00:24:51,773] {scheduler_job.py:190} INFO - Processing /home/airflow/.local/lib/python3.8/site-packages/airflow/example_dags/example_trigger_controller_dag.py took 0.153 seconds
[2021-12-21 00:25:21,871] {scheduler_job.py:182} INFO - Started process (PID=11429) to work on /home/airflow/.local/lib/python3.8/site-packages/airflow/example_dags/example_trigger_controller_dag.py
[2021-12-21 00:25:21,877] {scheduler_job.py:633} INFO - Processing file /home/airflow/.local/lib/python3.8/site-packages/airflow/example_dags/example_trigger_controller_dag.py for tasks to queue
[2021-12-21 00:25:21,880] {logging_mixin.py:104} INFO - [2021-12-21 00:25:21,880] {dagbag.py:496} INFO - Filling up the DagBag from /home/airflow/.local/lib/python3.8/site-packages/airflow/example_dags/example_trigger_controller_dag.py
[2021-12-21 00:25:21,900] {scheduler_job.py:643} INFO - DAG(s) dict_keys(['example_trigger_controller_dag']) retrieved from /home/airflow/.local/lib/python3.8/site-packages/airflow/example_dags/example_trigger_controller_dag.py
[2021-12-21 00:25:21,953] {logging_mixin.py:104} INFO - [2021-12-21 00:25:21,953] {dag.py:1833} INFO - Sync 1 DAGs
[2021-12-21 00:25:21,972] {logging_mixin.py:104} INFO - [2021-12-21 00:25:21,972] {dag.py:2306} INFO - Setting next_dagrun for example_trigger_controller_dag to 2021-12-19 00:00:00+00:00
[2021-12-21 00:25:21,995] {scheduler_job.py:190} INFO - Processing /home/airflow/.local/lib/python3.8/site-packages/airflow/example_dags/example_trigger_controller_dag.py took 0.131 seconds
[2021-12-21 00:25:52,434] {scheduler_job.py:182} INFO - Started process (PID=11460) to work on /home/airflow/.local/lib/python3.8/site-packages/airflow/example_dags/example_trigger_controller_dag.py
[2021-12-21 00:25:52,438] {scheduler_job.py:633} INFO - Processing file /home/airflow/.local/lib/python3.8/site-packages/airflow/example_dags/example_trigger_controller_dag.py for tasks to queue
[2021-12-21 00:25:52,442] {logging_mixin.py:104} INFO - [2021-12-21 00:25:52,441] {dagbag.py:496} INFO - Filling up the DagBag from /home/airflow/.local/lib/python3.8/site-packages/airflow/example_dags/example_trigger_controller_dag.py
[2021-12-21 00:25:52,459] {scheduler_job.py:643} INFO - DAG(s) dict_keys(['example_trigger_controller_dag']) retrieved from /home/airflow/.local/lib/python3.8/site-packages/airflow/example_dags/example_trigger_controller_dag.py
[2021-12-21 00:25:52,511] {logging_mixin.py:104} INFO - [2021-12-21 00:25:52,511] {dag.py:1833} INFO - Sync 1 DAGs
[2021-12-21 00:25:52,530] {logging_mixin.py:104} INFO - [2021-12-21 00:25:52,530] {dag.py:2306} INFO - Setting next_dagrun for example_trigger_controller_dag to 2021-12-19 00:00:00+00:00
[2021-12-21 00:25:52,553] {scheduler_job.py:190} INFO - Processing /home/airflow/.local/lib/python3.8/site-packages/airflow/example_dags/example_trigger_controller_dag.py took 0.127 seconds
[2021-12-21 00:26:23,388] {scheduler_job.py:182} INFO - Started process (PID=11491) to work on /home/airflow/.local/lib/python3.8/site-packages/airflow/example_dags/example_trigger_controller_dag.py
[2021-12-21 00:26:23,392] {scheduler_job.py:633} INFO - Processing file /home/airflow/.local/lib/python3.8/site-packages/airflow/example_dags/example_trigger_controller_dag.py for tasks to queue
[2021-12-21 00:26:23,395] {logging_mixin.py:104} INFO - [2021-12-21 00:26:23,395] {dagbag.py:496} INFO - Filling up the DagBag from /home/airflow/.local/lib/python3.8/site-packages/airflow/example_dags/example_trigger_controller_dag.py
[2021-12-21 00:26:23,418] {scheduler_job.py:643} INFO - DAG(s) dict_keys(['example_trigger_controller_dag']) retrieved from /home/airflow/.local/lib/python3.8/site-packages/airflow/example_dags/example_trigger_controller_dag.py
[2021-12-21 00:26:23,466] {logging_mixin.py:104} INFO - [2021-12-21 00:26:23,466] {dag.py:1833} INFO - Sync 1 DAGs
[2021-12-21 00:26:23,485] {logging_mixin.py:104} INFO - [2021-12-21 00:26:23,485] {dag.py:2306} INFO - Setting next_dagrun for example_trigger_controller_dag to 2021-12-19 00:00:00+00:00
[2021-12-21 00:26:23,506] {scheduler_job.py:190} INFO - Processing /home/airflow/.local/lib/python3.8/site-packages/airflow/example_dags/example_trigger_controller_dag.py took 0.128 seconds
[2021-12-21 00:26:53,832] {scheduler_job.py:182} INFO - Started process (PID=11522) to work on /home/airflow/.local/lib/python3.8/site-packages/airflow/example_dags/example_trigger_controller_dag.py
[2021-12-21 00:26:53,836] {scheduler_job.py:633} INFO - Processing file /home/airflow/.local/lib/python3.8/site-packages/airflow/example_dags/example_trigger_controller_dag.py for tasks to queue
[2021-12-21 00:26:53,839] {logging_mixin.py:104} INFO - [2021-12-21 00:26:53,839] {dagbag.py:496} INFO - Filling up the DagBag from /home/airflow/.local/lib/python3.8/site-packages/airflow/example_dags/example_trigger_controller_dag.py
[2021-12-21 00:26:53,872] {scheduler_job.py:643} INFO - DAG(s) dict_keys(['example_trigger_controller_dag']) retrieved from /home/airflow/.local/lib/python3.8/site-packages/airflow/example_dags/example_trigger_controller_dag.py
[2021-12-21 00:26:53,949] {logging_mixin.py:104} INFO - [2021-12-21 00:26:53,949] {dag.py:1833} INFO - Sync 1 DAGs
[2021-12-21 00:26:53,980] {logging_mixin.py:104} INFO - [2021-12-21 00:26:53,980] {dag.py:2306} INFO - Setting next_dagrun for example_trigger_controller_dag to 2021-12-19 00:00:00+00:00
[2021-12-21 00:26:54,002] {scheduler_job.py:190} INFO - Processing /home/airflow/.local/lib/python3.8/site-packages/airflow/example_dags/example_trigger_controller_dag.py took 0.176 seconds
[2021-12-21 00:27:24,488] {scheduler_job.py:182} INFO - Started process (PID=11553) to work on /home/airflow/.local/lib/python3.8/site-packages/airflow/example_dags/example_trigger_controller_dag.py
[2021-12-21 00:27:24,493] {scheduler_job.py:633} INFO - Processing file /home/airflow/.local/lib/python3.8/site-packages/airflow/example_dags/example_trigger_controller_dag.py for tasks to queue
[2021-12-21 00:27:24,495] {logging_mixin.py:104} INFO - [2021-12-21 00:27:24,495] {dagbag.py:496} INFO - Filling up the DagBag from /home/airflow/.local/lib/python3.8/site-packages/airflow/example_dags/example_trigger_controller_dag.py
[2021-12-21 00:27:24,520] {scheduler_job.py:643} INFO - DAG(s) dict_keys(['example_trigger_controller_dag']) retrieved from /home/airflow/.local/lib/python3.8/site-packages/airflow/example_dags/example_trigger_controller_dag.py
[2021-12-21 00:27:24,573] {logging_mixin.py:104} INFO - [2021-12-21 00:27:24,573] {dag.py:1833} INFO - Sync 1 DAGs
[2021-12-21 00:27:24,594] {logging_mixin.py:104} INFO - [2021-12-21 00:27:24,594] {dag.py:2306} INFO - Setting next_dagrun for example_trigger_controller_dag to 2021-12-19 00:00:00+00:00
[2021-12-21 00:27:24,615] {scheduler_job.py:190} INFO - Processing /home/airflow/.local/lib/python3.8/site-packages/airflow/example_dags/example_trigger_controller_dag.py took 0.133 seconds
[2021-12-21 00:27:55,279] {scheduler_job.py:182} INFO - Started process (PID=11584) to work on /home/airflow/.local/lib/python3.8/site-packages/airflow/example_dags/example_trigger_controller_dag.py
[2021-12-21 00:27:55,283] {scheduler_job.py:633} INFO - Processing file /home/airflow/.local/lib/python3.8/site-packages/airflow/example_dags/example_trigger_controller_dag.py for tasks to queue
[2021-12-21 00:27:55,287] {logging_mixin.py:104} INFO - [2021-12-21 00:27:55,287] {dagbag.py:496} INFO - Filling up the DagBag from /home/airflow/.local/lib/python3.8/site-packages/airflow/example_dags/example_trigger_controller_dag.py
[2021-12-21 00:27:55,315] {scheduler_job.py:643} INFO - DAG(s) dict_keys(['example_trigger_controller_dag']) retrieved from /home/airflow/.local/lib/python3.8/site-packages/airflow/example_dags/example_trigger_controller_dag.py
[2021-12-21 00:27:55,363] {logging_mixin.py:104} INFO - [2021-12-21 00:27:55,363] {dag.py:1833} INFO - Sync 1 DAGs
[2021-12-21 00:27:55,382] {logging_mixin.py:104} INFO - [2021-12-21 00:27:55,382] {dag.py:2306} INFO - Setting next_dagrun for example_trigger_controller_dag to 2021-12-19 00:00:00+00:00
[2021-12-21 00:27:55,410] {scheduler_job.py:190} INFO - Processing /home/airflow/.local/lib/python3.8/site-packages/airflow/example_dags/example_trigger_controller_dag.py took 0.142 seconds
[2021-12-21 00:28:25,725] {scheduler_job.py:182} INFO - Started process (PID=11615) to work on /home/airflow/.local/lib/python3.8/site-packages/airflow/example_dags/example_trigger_controller_dag.py
[2021-12-21 00:28:25,730] {scheduler_job.py:633} INFO - Processing file /home/airflow/.local/lib/python3.8/site-packages/airflow/example_dags/example_trigger_controller_dag.py for tasks to queue
[2021-12-21 00:28:25,732] {logging_mixin.py:104} INFO - [2021-12-21 00:28:25,732] {dagbag.py:496} INFO - Filling up the DagBag from /home/airflow/.local/lib/python3.8/site-packages/airflow/example_dags/example_trigger_controller_dag.py
[2021-12-21 00:28:25,752] {scheduler_job.py:643} INFO - DAG(s) dict_keys(['example_trigger_controller_dag']) retrieved from /home/airflow/.local/lib/python3.8/site-packages/airflow/example_dags/example_trigger_controller_dag.py
[2021-12-21 00:28:25,820] {logging_mixin.py:104} INFO - [2021-12-21 00:28:25,820] {dag.py:1833} INFO - Sync 1 DAGs
[2021-12-21 00:28:25,839] {logging_mixin.py:104} INFO - [2021-12-21 00:28:25,838] {dag.py:2306} INFO - Setting next_dagrun for example_trigger_controller_dag to 2021-12-19 00:00:00+00:00
[2021-12-21 00:28:25,868] {scheduler_job.py:190} INFO - Processing /home/airflow/.local/lib/python3.8/site-packages/airflow/example_dags/example_trigger_controller_dag.py took 0.157 seconds
[2021-12-21 00:28:56,676] {scheduler_job.py:182} INFO - Started process (PID=11646) to work on /home/airflow/.local/lib/python3.8/site-packages/airflow/example_dags/example_trigger_controller_dag.py
[2021-12-21 00:28:56,681] {scheduler_job.py:633} INFO - Processing file /home/airflow/.local/lib/python3.8/site-packages/airflow/example_dags/example_trigger_controller_dag.py for tasks to queue
[2021-12-21 00:28:56,686] {logging_mixin.py:104} INFO - [2021-12-21 00:28:56,685] {dagbag.py:496} INFO - Filling up the DagBag from /home/airflow/.local/lib/python3.8/site-packages/airflow/example_dags/example_trigger_controller_dag.py
[2021-12-21 00:28:56,752] {scheduler_job.py:643} INFO - DAG(s) dict_keys(['example_trigger_controller_dag']) retrieved from /home/airflow/.local/lib/python3.8/site-packages/airflow/example_dags/example_trigger_controller_dag.py
[2021-12-21 00:28:56,814] {logging_mixin.py:104} INFO - [2021-12-21 00:28:56,814] {dag.py:1833} INFO - Sync 1 DAGs
[2021-12-21 00:28:56,832] {logging_mixin.py:104} INFO - [2021-12-21 00:28:56,832] {dag.py:2306} INFO - Setting next_dagrun for example_trigger_controller_dag to 2021-12-19 00:00:00+00:00
[2021-12-21 00:28:56,857] {scheduler_job.py:190} INFO - Processing /home/airflow/.local/lib/python3.8/site-packages/airflow/example_dags/example_trigger_controller_dag.py took 0.186 seconds
[2021-12-21 00:29:26,916] {scheduler_job.py:182} INFO - Started process (PID=11677) to work on /home/airflow/.local/lib/python3.8/site-packages/airflow/example_dags/example_trigger_controller_dag.py
[2021-12-21 00:29:26,920] {scheduler_job.py:633} INFO - Processing file /home/airflow/.local/lib/python3.8/site-packages/airflow/example_dags/example_trigger_controller_dag.py for tasks to queue
[2021-12-21 00:29:26,923] {logging_mixin.py:104} INFO - [2021-12-21 00:29:26,923] {dagbag.py:496} INFO - Filling up the DagBag from /home/airflow/.local/lib/python3.8/site-packages/airflow/example_dags/example_trigger_controller_dag.py
[2021-12-21 00:29:26,945] {scheduler_job.py:643} INFO - DAG(s) dict_keys(['example_trigger_controller_dag']) retrieved from /home/airflow/.local/lib/python3.8/site-packages/airflow/example_dags/example_trigger_controller_dag.py
[2021-12-21 00:29:26,989] {logging_mixin.py:104} INFO - [2021-12-21 00:29:26,989] {dag.py:1833} INFO - Sync 1 DAGs
[2021-12-21 00:29:27,010] {logging_mixin.py:104} INFO - [2021-12-21 00:29:27,010] {dag.py:2306} INFO - Setting next_dagrun for example_trigger_controller_dag to 2021-12-19 00:00:00+00:00
[2021-12-21 00:29:27,031] {scheduler_job.py:190} INFO - Processing /home/airflow/.local/lib/python3.8/site-packages/airflow/example_dags/example_trigger_controller_dag.py took 0.121 seconds
[2021-12-21 00:29:57,554] {scheduler_job.py:182} INFO - Started process (PID=11708) to work on /home/airflow/.local/lib/python3.8/site-packages/airflow/example_dags/example_trigger_controller_dag.py
[2021-12-21 00:29:57,560] {scheduler_job.py:633} INFO - Processing file /home/airflow/.local/lib/python3.8/site-packages/airflow/example_dags/example_trigger_controller_dag.py for tasks to queue
[2021-12-21 00:29:57,563] {logging_mixin.py:104} INFO - [2021-12-21 00:29:57,563] {dagbag.py:496} INFO - Filling up the DagBag from /home/airflow/.local/lib/python3.8/site-packages/airflow/example_dags/example_trigger_controller_dag.py
[2021-12-21 00:29:57,592] {scheduler_job.py:643} INFO - DAG(s) dict_keys(['example_trigger_controller_dag']) retrieved from /home/airflow/.local/lib/python3.8/site-packages/airflow/example_dags/example_trigger_controller_dag.py
[2021-12-21 00:29:57,652] {logging_mixin.py:104} INFO - [2021-12-21 00:29:57,652] {dag.py:1833} INFO - Sync 1 DAGs
[2021-12-21 00:29:57,668] {logging_mixin.py:104} INFO - [2021-12-21 00:29:57,668] {dag.py:2306} INFO - Setting next_dagrun for example_trigger_controller_dag to 2021-12-19 00:00:00+00:00
[2021-12-21 00:29:57,689] {scheduler_job.py:190} INFO - Processing /home/airflow/.local/lib/python3.8/site-packages/airflow/example_dags/example_trigger_controller_dag.py took 0.161 seconds
[2021-12-21 00:30:28,588] {scheduler_job.py:182} INFO - Started process (PID=11739) to work on /home/airflow/.local/lib/python3.8/site-packages/airflow/example_dags/example_trigger_controller_dag.py
[2021-12-21 00:30:28,594] {scheduler_job.py:633} INFO - Processing file /home/airflow/.local/lib/python3.8/site-packages/airflow/example_dags/example_trigger_controller_dag.py for tasks to queue
[2021-12-21 00:30:28,600] {logging_mixin.py:104} INFO - [2021-12-21 00:30:28,599] {dagbag.py:496} INFO - Filling up the DagBag from /home/airflow/.local/lib/python3.8/site-packages/airflow/example_dags/example_trigger_controller_dag.py
[2021-12-21 00:30:28,626] {scheduler_job.py:643} INFO - DAG(s) dict_keys(['example_trigger_controller_dag']) retrieved from /home/airflow/.local/lib/python3.8/site-packages/airflow/example_dags/example_trigger_controller_dag.py
[2021-12-21 00:30:28,674] {logging_mixin.py:104} INFO - [2021-12-21 00:30:28,674] {dag.py:1833} INFO - Sync 1 DAGs
[2021-12-21 00:30:28,689] {logging_mixin.py:104} INFO - [2021-12-21 00:30:28,689] {dag.py:2306} INFO - Setting next_dagrun for example_trigger_controller_dag to 2021-12-19 00:00:00+00:00
[2021-12-21 00:30:28,709] {scheduler_job.py:190} INFO - Processing /home/airflow/.local/lib/python3.8/site-packages/airflow/example_dags/example_trigger_controller_dag.py took 0.127 seconds
[2021-12-21 00:39:24,884] {scheduler_job.py:182} INFO - Started process (PID=11783) to work on /home/airflow/.local/lib/python3.8/site-packages/airflow/example_dags/example_trigger_controller_dag.py
[2021-12-21 00:39:24,893] {scheduler_job.py:633} INFO - Processing file /home/airflow/.local/lib/python3.8/site-packages/airflow/example_dags/example_trigger_controller_dag.py for tasks to queue
[2021-12-21 00:39:24,898] {logging_mixin.py:104} INFO - [2021-12-21 00:39:24,897] {dagbag.py:496} INFO - Filling up the DagBag from /home/airflow/.local/lib/python3.8/site-packages/airflow/example_dags/example_trigger_controller_dag.py
[2021-12-21 00:39:24,962] {scheduler_job.py:643} INFO - DAG(s) dict_keys(['example_trigger_controller_dag']) retrieved from /home/airflow/.local/lib/python3.8/site-packages/airflow/example_dags/example_trigger_controller_dag.py
[2021-12-21 00:39:25,106] {logging_mixin.py:104} INFO - [2021-12-21 00:39:25,106] {dag.py:1833} INFO - Sync 1 DAGs
[2021-12-21 00:39:25,147] {logging_mixin.py:104} INFO - [2021-12-21 00:39:25,147] {dag.py:2306} INFO - Setting next_dagrun for example_trigger_controller_dag to 2021-12-19 00:00:00+00:00
[2021-12-21 00:39:25,177] {scheduler_job.py:190} INFO - Processing /home/airflow/.local/lib/python3.8/site-packages/airflow/example_dags/example_trigger_controller_dag.py took 0.301 seconds
[2021-12-21 00:39:56,776] {scheduler_job.py:182} INFO - Started process (PID=11814) to work on /home/airflow/.local/lib/python3.8/site-packages/airflow/example_dags/example_trigger_controller_dag.py
[2021-12-21 00:39:56,783] {scheduler_job.py:633} INFO - Processing file /home/airflow/.local/lib/python3.8/site-packages/airflow/example_dags/example_trigger_controller_dag.py for tasks to queue
[2021-12-21 00:39:56,796] {logging_mixin.py:104} INFO - [2021-12-21 00:39:56,796] {dagbag.py:496} INFO - Filling up the DagBag from /home/airflow/.local/lib/python3.8/site-packages/airflow/example_dags/example_trigger_controller_dag.py
[2021-12-21 00:39:56,856] {scheduler_job.py:643} INFO - DAG(s) dict_keys(['example_trigger_controller_dag']) retrieved from /home/airflow/.local/lib/python3.8/site-packages/airflow/example_dags/example_trigger_controller_dag.py
[2021-12-21 00:39:56,911] {logging_mixin.py:104} INFO - [2021-12-21 00:39:56,911] {dag.py:1833} INFO - Sync 1 DAGs
[2021-12-21 00:39:56,936] {logging_mixin.py:104} INFO - [2021-12-21 00:39:56,936] {dag.py:2306} INFO - Setting next_dagrun for example_trigger_controller_dag to 2021-12-19 00:00:00+00:00
[2021-12-21 00:39:56,973] {scheduler_job.py:190} INFO - Processing /home/airflow/.local/lib/python3.8/site-packages/airflow/example_dags/example_trigger_controller_dag.py took 0.211 seconds
[2021-12-21 00:56:43,048] {scheduler_job.py:182} INFO - Started process (PID=11845) to work on /home/airflow/.local/lib/python3.8/site-packages/airflow/example_dags/example_trigger_controller_dag.py
[2021-12-21 00:56:43,059] {scheduler_job.py:633} INFO - Processing file /home/airflow/.local/lib/python3.8/site-packages/airflow/example_dags/example_trigger_controller_dag.py for tasks to queue
[2021-12-21 00:56:43,074] {logging_mixin.py:104} INFO - [2021-12-21 00:56:43,072] {dagbag.py:496} INFO - Filling up the DagBag from /home/airflow/.local/lib/python3.8/site-packages/airflow/example_dags/example_trigger_controller_dag.py
[2021-12-21 00:56:43,271] {scheduler_job.py:643} INFO - DAG(s) dict_keys(['example_trigger_controller_dag']) retrieved from /home/airflow/.local/lib/python3.8/site-packages/airflow/example_dags/example_trigger_controller_dag.py
[2021-12-21 00:56:43,428] {logging_mixin.py:104} INFO - [2021-12-21 00:56:43,422] {dag.py:1833} INFO - Sync 1 DAGs
[2021-12-21 00:56:43,520] {logging_mixin.py:104} INFO - [2021-12-21 00:56:43,519] {dag.py:2306} INFO - Setting next_dagrun for example_trigger_controller_dag to 2021-12-19 00:00:00+00:00
[2021-12-21 00:56:43,644] {scheduler_job.py:190} INFO - Processing /home/airflow/.local/lib/python3.8/site-packages/airflow/example_dags/example_trigger_controller_dag.py took 0.632 seconds
