[2021-12-21 00:00:28,540] {scheduler_job.py:182} INFO - Started process (PID=9923) to work on /home/airflow/.local/lib/python3.8/site-packages/airflow/example_dags/example_bash_operator.py
[2021-12-21 00:00:28,552] {scheduler_job.py:633} INFO - Processing file /home/airflow/.local/lib/python3.8/site-packages/airflow/example_dags/example_bash_operator.py for tasks to queue
[2021-12-21 00:00:28,559] {logging_mixin.py:104} INFO - [2021-12-21 00:00:28,558] {dagbag.py:496} INFO - Filling up the DagBag from /home/airflow/.local/lib/python3.8/site-packages/airflow/example_dags/example_bash_operator.py
[2021-12-21 00:00:28,590] {scheduler_job.py:643} INFO - DAG(s) dict_keys(['example_bash_operator']) retrieved from /home/airflow/.local/lib/python3.8/site-packages/airflow/example_dags/example_bash_operator.py
[2021-12-21 00:00:29,106] {logging_mixin.py:104} INFO - [2021-12-21 00:00:29,106] {dag.py:1833} INFO - Sync 1 DAGs
[2021-12-21 00:00:29,134] {logging_mixin.py:104} INFO - [2021-12-21 00:00:29,134] {dag.py:2306} INFO - Setting next_dagrun for example_bash_operator to 2021-12-19 00:00:00+00:00
[2021-12-21 00:00:29,174] {scheduler_job.py:190} INFO - Processing /home/airflow/.local/lib/python3.8/site-packages/airflow/example_dags/example_bash_operator.py took 0.650 seconds
[2021-12-21 00:00:59,864] {scheduler_job.py:182} INFO - Started process (PID=9954) to work on /home/airflow/.local/lib/python3.8/site-packages/airflow/example_dags/example_bash_operator.py
[2021-12-21 00:00:59,872] {scheduler_job.py:633} INFO - Processing file /home/airflow/.local/lib/python3.8/site-packages/airflow/example_dags/example_bash_operator.py for tasks to queue
[2021-12-21 00:00:59,876] {logging_mixin.py:104} INFO - [2021-12-21 00:00:59,876] {dagbag.py:496} INFO - Filling up the DagBag from /home/airflow/.local/lib/python3.8/site-packages/airflow/example_dags/example_bash_operator.py
[2021-12-21 00:00:59,905] {scheduler_job.py:643} INFO - DAG(s) dict_keys(['example_bash_operator']) retrieved from /home/airflow/.local/lib/python3.8/site-packages/airflow/example_dags/example_bash_operator.py
[2021-12-21 00:00:59,972] {logging_mixin.py:104} INFO - [2021-12-21 00:00:59,972] {dag.py:1833} INFO - Sync 1 DAGs
[2021-12-21 00:01:00,005] {logging_mixin.py:104} INFO - [2021-12-21 00:01:00,005] {dag.py:2306} INFO - Setting next_dagrun for example_bash_operator to 2021-12-19 00:00:00+00:00
[2021-12-21 00:01:00,045] {scheduler_job.py:190} INFO - Processing /home/airflow/.local/lib/python3.8/site-packages/airflow/example_dags/example_bash_operator.py took 0.193 seconds
[2021-12-21 00:01:31,241] {scheduler_job.py:182} INFO - Started process (PID=9986) to work on /home/airflow/.local/lib/python3.8/site-packages/airflow/example_dags/example_bash_operator.py
[2021-12-21 00:01:31,249] {scheduler_job.py:633} INFO - Processing file /home/airflow/.local/lib/python3.8/site-packages/airflow/example_dags/example_bash_operator.py for tasks to queue
[2021-12-21 00:01:31,257] {logging_mixin.py:104} INFO - [2021-12-21 00:01:31,255] {dagbag.py:496} INFO - Filling up the DagBag from /home/airflow/.local/lib/python3.8/site-packages/airflow/example_dags/example_bash_operator.py
[2021-12-21 00:01:31,292] {scheduler_job.py:643} INFO - DAG(s) dict_keys(['example_bash_operator']) retrieved from /home/airflow/.local/lib/python3.8/site-packages/airflow/example_dags/example_bash_operator.py
[2021-12-21 00:01:31,348] {logging_mixin.py:104} INFO - [2021-12-21 00:01:31,348] {dag.py:1833} INFO - Sync 1 DAGs
[2021-12-21 00:01:31,382] {logging_mixin.py:104} INFO - [2021-12-21 00:01:31,382] {dag.py:2306} INFO - Setting next_dagrun for example_bash_operator to 2021-12-19 00:00:00+00:00
[2021-12-21 00:01:31,411] {scheduler_job.py:190} INFO - Processing /home/airflow/.local/lib/python3.8/site-packages/airflow/example_dags/example_bash_operator.py took 0.184 seconds
[2021-12-21 00:02:01,525] {scheduler_job.py:182} INFO - Started process (PID=10016) to work on /home/airflow/.local/lib/python3.8/site-packages/airflow/example_dags/example_bash_operator.py
[2021-12-21 00:02:01,533] {scheduler_job.py:633} INFO - Processing file /home/airflow/.local/lib/python3.8/site-packages/airflow/example_dags/example_bash_operator.py for tasks to queue
[2021-12-21 00:02:01,548] {logging_mixin.py:104} INFO - [2021-12-21 00:02:01,547] {dagbag.py:496} INFO - Filling up the DagBag from /home/airflow/.local/lib/python3.8/site-packages/airflow/example_dags/example_bash_operator.py
[2021-12-21 00:02:01,617] {scheduler_job.py:643} INFO - DAG(s) dict_keys(['example_bash_operator']) retrieved from /home/airflow/.local/lib/python3.8/site-packages/airflow/example_dags/example_bash_operator.py
[2021-12-21 00:02:01,776] {logging_mixin.py:104} INFO - [2021-12-21 00:02:01,775] {dag.py:1833} INFO - Sync 1 DAGs
[2021-12-21 00:02:01,823] {logging_mixin.py:104} INFO - [2021-12-21 00:02:01,823] {dag.py:2306} INFO - Setting next_dagrun for example_bash_operator to 2021-12-19 00:00:00+00:00
[2021-12-21 00:02:01,862] {scheduler_job.py:190} INFO - Processing /home/airflow/.local/lib/python3.8/site-packages/airflow/example_dags/example_bash_operator.py took 0.370 seconds
[2021-12-21 00:02:32,470] {scheduler_job.py:182} INFO - Started process (PID=10048) to work on /home/airflow/.local/lib/python3.8/site-packages/airflow/example_dags/example_bash_operator.py
[2021-12-21 00:02:32,486] {scheduler_job.py:633} INFO - Processing file /home/airflow/.local/lib/python3.8/site-packages/airflow/example_dags/example_bash_operator.py for tasks to queue
[2021-12-21 00:02:32,490] {logging_mixin.py:104} INFO - [2021-12-21 00:02:32,489] {dagbag.py:496} INFO - Filling up the DagBag from /home/airflow/.local/lib/python3.8/site-packages/airflow/example_dags/example_bash_operator.py
[2021-12-21 00:02:32,569] {scheduler_job.py:643} INFO - DAG(s) dict_keys(['example_bash_operator']) retrieved from /home/airflow/.local/lib/python3.8/site-packages/airflow/example_dags/example_bash_operator.py
[2021-12-21 00:02:32,690] {logging_mixin.py:104} INFO - [2021-12-21 00:02:32,690] {dag.py:1833} INFO - Sync 1 DAGs
[2021-12-21 00:02:32,713] {logging_mixin.py:104} INFO - [2021-12-21 00:02:32,713] {dag.py:2306} INFO - Setting next_dagrun for example_bash_operator to 2021-12-19 00:00:00+00:00
[2021-12-21 00:02:32,737] {scheduler_job.py:190} INFO - Processing /home/airflow/.local/lib/python3.8/site-packages/airflow/example_dags/example_bash_operator.py took 0.283 seconds
[2021-12-21 00:03:02,829] {scheduler_job.py:182} INFO - Started process (PID=10079) to work on /home/airflow/.local/lib/python3.8/site-packages/airflow/example_dags/example_bash_operator.py
[2021-12-21 00:03:02,835] {scheduler_job.py:633} INFO - Processing file /home/airflow/.local/lib/python3.8/site-packages/airflow/example_dags/example_bash_operator.py for tasks to queue
[2021-12-21 00:03:02,846] {logging_mixin.py:104} INFO - [2021-12-21 00:03:02,845] {dagbag.py:496} INFO - Filling up the DagBag from /home/airflow/.local/lib/python3.8/site-packages/airflow/example_dags/example_bash_operator.py
[2021-12-21 00:03:02,886] {scheduler_job.py:643} INFO - DAG(s) dict_keys(['example_bash_operator']) retrieved from /home/airflow/.local/lib/python3.8/site-packages/airflow/example_dags/example_bash_operator.py
[2021-12-21 00:03:02,945] {logging_mixin.py:104} INFO - [2021-12-21 00:03:02,945] {dag.py:1833} INFO - Sync 1 DAGs
[2021-12-21 00:03:02,985] {logging_mixin.py:104} INFO - [2021-12-21 00:03:02,985] {dag.py:2306} INFO - Setting next_dagrun for example_bash_operator to 2021-12-19 00:00:00+00:00
[2021-12-21 00:03:03,015] {scheduler_job.py:190} INFO - Processing /home/airflow/.local/lib/python3.8/site-packages/airflow/example_dags/example_bash_operator.py took 0.201 seconds
[2021-12-21 00:03:33,525] {scheduler_job.py:182} INFO - Started process (PID=10111) to work on /home/airflow/.local/lib/python3.8/site-packages/airflow/example_dags/example_bash_operator.py
[2021-12-21 00:03:33,529] {scheduler_job.py:633} INFO - Processing file /home/airflow/.local/lib/python3.8/site-packages/airflow/example_dags/example_bash_operator.py for tasks to queue
[2021-12-21 00:03:33,532] {logging_mixin.py:104} INFO - [2021-12-21 00:03:33,532] {dagbag.py:496} INFO - Filling up the DagBag from /home/airflow/.local/lib/python3.8/site-packages/airflow/example_dags/example_bash_operator.py
[2021-12-21 00:03:33,564] {scheduler_job.py:643} INFO - DAG(s) dict_keys(['example_bash_operator']) retrieved from /home/airflow/.local/lib/python3.8/site-packages/airflow/example_dags/example_bash_operator.py
[2021-12-21 00:03:33,617] {logging_mixin.py:104} INFO - [2021-12-21 00:03:33,617] {dag.py:1833} INFO - Sync 1 DAGs
[2021-12-21 00:03:33,639] {logging_mixin.py:104} INFO - [2021-12-21 00:03:33,639] {dag.py:2306} INFO - Setting next_dagrun for example_bash_operator to 2021-12-19 00:00:00+00:00
[2021-12-21 00:03:33,660] {scheduler_job.py:190} INFO - Processing /home/airflow/.local/lib/python3.8/site-packages/airflow/example_dags/example_bash_operator.py took 0.144 seconds
[2021-12-21 00:04:03,932] {scheduler_job.py:182} INFO - Started process (PID=10141) to work on /home/airflow/.local/lib/python3.8/site-packages/airflow/example_dags/example_bash_operator.py
[2021-12-21 00:04:03,939] {scheduler_job.py:633} INFO - Processing file /home/airflow/.local/lib/python3.8/site-packages/airflow/example_dags/example_bash_operator.py for tasks to queue
[2021-12-21 00:04:03,942] {logging_mixin.py:104} INFO - [2021-12-21 00:04:03,942] {dagbag.py:496} INFO - Filling up the DagBag from /home/airflow/.local/lib/python3.8/site-packages/airflow/example_dags/example_bash_operator.py
[2021-12-21 00:04:03,983] {scheduler_job.py:643} INFO - DAG(s) dict_keys(['example_bash_operator']) retrieved from /home/airflow/.local/lib/python3.8/site-packages/airflow/example_dags/example_bash_operator.py
[2021-12-21 00:04:04,042] {logging_mixin.py:104} INFO - [2021-12-21 00:04:04,042] {dag.py:1833} INFO - Sync 1 DAGs
[2021-12-21 00:04:04,082] {logging_mixin.py:104} INFO - [2021-12-21 00:04:04,081] {dag.py:2306} INFO - Setting next_dagrun for example_bash_operator to 2021-12-19 00:00:00+00:00
[2021-12-21 00:04:04,110] {scheduler_job.py:190} INFO - Processing /home/airflow/.local/lib/python3.8/site-packages/airflow/example_dags/example_bash_operator.py took 0.189 seconds
[2021-12-21 00:04:34,672] {scheduler_job.py:182} INFO - Started process (PID=10173) to work on /home/airflow/.local/lib/python3.8/site-packages/airflow/example_dags/example_bash_operator.py
[2021-12-21 00:04:34,678] {scheduler_job.py:633} INFO - Processing file /home/airflow/.local/lib/python3.8/site-packages/airflow/example_dags/example_bash_operator.py for tasks to queue
[2021-12-21 00:04:34,682] {logging_mixin.py:104} INFO - [2021-12-21 00:04:34,681] {dagbag.py:496} INFO - Filling up the DagBag from /home/airflow/.local/lib/python3.8/site-packages/airflow/example_dags/example_bash_operator.py
[2021-12-21 00:04:34,712] {scheduler_job.py:643} INFO - DAG(s) dict_keys(['example_bash_operator']) retrieved from /home/airflow/.local/lib/python3.8/site-packages/airflow/example_dags/example_bash_operator.py
[2021-12-21 00:04:34,781] {logging_mixin.py:104} INFO - [2021-12-21 00:04:34,780] {dag.py:1833} INFO - Sync 1 DAGs
[2021-12-21 00:04:34,802] {logging_mixin.py:104} INFO - [2021-12-21 00:04:34,802] {dag.py:2306} INFO - Setting next_dagrun for example_bash_operator to 2021-12-19 00:00:00+00:00
[2021-12-21 00:04:34,832] {scheduler_job.py:190} INFO - Processing /home/airflow/.local/lib/python3.8/site-packages/airflow/example_dags/example_bash_operator.py took 0.166 seconds
[2021-12-21 00:05:04,938] {scheduler_job.py:182} INFO - Started process (PID=10204) to work on /home/airflow/.local/lib/python3.8/site-packages/airflow/example_dags/example_bash_operator.py
[2021-12-21 00:05:04,942] {scheduler_job.py:633} INFO - Processing file /home/airflow/.local/lib/python3.8/site-packages/airflow/example_dags/example_bash_operator.py for tasks to queue
[2021-12-21 00:05:04,944] {logging_mixin.py:104} INFO - [2021-12-21 00:05:04,944] {dagbag.py:496} INFO - Filling up the DagBag from /home/airflow/.local/lib/python3.8/site-packages/airflow/example_dags/example_bash_operator.py
[2021-12-21 00:05:04,971] {scheduler_job.py:643} INFO - DAG(s) dict_keys(['example_bash_operator']) retrieved from /home/airflow/.local/lib/python3.8/site-packages/airflow/example_dags/example_bash_operator.py
[2021-12-21 00:05:05,041] {logging_mixin.py:104} INFO - [2021-12-21 00:05:05,041] {dag.py:1833} INFO - Sync 1 DAGs
[2021-12-21 00:05:05,063] {logging_mixin.py:104} INFO - [2021-12-21 00:05:05,063] {dag.py:2306} INFO - Setting next_dagrun for example_bash_operator to 2021-12-19 00:00:00+00:00
[2021-12-21 00:05:05,082] {scheduler_job.py:190} INFO - Processing /home/airflow/.local/lib/python3.8/site-packages/airflow/example_dags/example_bash_operator.py took 0.147 seconds
[2021-12-21 00:05:35,609] {scheduler_job.py:182} INFO - Started process (PID=10235) to work on /home/airflow/.local/lib/python3.8/site-packages/airflow/example_dags/example_bash_operator.py
[2021-12-21 00:05:35,616] {scheduler_job.py:633} INFO - Processing file /home/airflow/.local/lib/python3.8/site-packages/airflow/example_dags/example_bash_operator.py for tasks to queue
[2021-12-21 00:05:35,619] {logging_mixin.py:104} INFO - [2021-12-21 00:05:35,619] {dagbag.py:496} INFO - Filling up the DagBag from /home/airflow/.local/lib/python3.8/site-packages/airflow/example_dags/example_bash_operator.py
[2021-12-21 00:05:35,655] {scheduler_job.py:643} INFO - DAG(s) dict_keys(['example_bash_operator']) retrieved from /home/airflow/.local/lib/python3.8/site-packages/airflow/example_dags/example_bash_operator.py
[2021-12-21 00:05:35,725] {logging_mixin.py:104} INFO - [2021-12-21 00:05:35,725] {dag.py:1833} INFO - Sync 1 DAGs
[2021-12-21 00:05:35,761] {logging_mixin.py:104} INFO - [2021-12-21 00:05:35,761] {dag.py:2306} INFO - Setting next_dagrun for example_bash_operator to 2021-12-19 00:00:00+00:00
[2021-12-21 00:05:35,790] {scheduler_job.py:190} INFO - Processing /home/airflow/.local/lib/python3.8/site-packages/airflow/example_dags/example_bash_operator.py took 0.191 seconds
[2021-12-21 00:06:05,937] {scheduler_job.py:182} INFO - Started process (PID=10266) to work on /home/airflow/.local/lib/python3.8/site-packages/airflow/example_dags/example_bash_operator.py
[2021-12-21 00:06:05,943] {scheduler_job.py:633} INFO - Processing file /home/airflow/.local/lib/python3.8/site-packages/airflow/example_dags/example_bash_operator.py for tasks to queue
[2021-12-21 00:06:05,948] {logging_mixin.py:104} INFO - [2021-12-21 00:06:05,947] {dagbag.py:496} INFO - Filling up the DagBag from /home/airflow/.local/lib/python3.8/site-packages/airflow/example_dags/example_bash_operator.py
[2021-12-21 00:06:06,007] {scheduler_job.py:643} INFO - DAG(s) dict_keys(['example_bash_operator']) retrieved from /home/airflow/.local/lib/python3.8/site-packages/airflow/example_dags/example_bash_operator.py
[2021-12-21 00:06:06,072] {logging_mixin.py:104} INFO - [2021-12-21 00:06:06,071] {dag.py:1833} INFO - Sync 1 DAGs
[2021-12-21 00:06:06,108] {logging_mixin.py:104} INFO - [2021-12-21 00:06:06,108] {dag.py:2306} INFO - Setting next_dagrun for example_bash_operator to 2021-12-19 00:00:00+00:00
[2021-12-21 00:06:06,134] {scheduler_job.py:190} INFO - Processing /home/airflow/.local/lib/python3.8/site-packages/airflow/example_dags/example_bash_operator.py took 0.210 seconds
[2021-12-21 00:06:36,226] {scheduler_job.py:182} INFO - Started process (PID=10297) to work on /home/airflow/.local/lib/python3.8/site-packages/airflow/example_dags/example_bash_operator.py
[2021-12-21 00:06:36,232] {scheduler_job.py:633} INFO - Processing file /home/airflow/.local/lib/python3.8/site-packages/airflow/example_dags/example_bash_operator.py for tasks to queue
[2021-12-21 00:06:36,237] {logging_mixin.py:104} INFO - [2021-12-21 00:06:36,236] {dagbag.py:496} INFO - Filling up the DagBag from /home/airflow/.local/lib/python3.8/site-packages/airflow/example_dags/example_bash_operator.py
[2021-12-21 00:06:36,267] {scheduler_job.py:643} INFO - DAG(s) dict_keys(['example_bash_operator']) retrieved from /home/airflow/.local/lib/python3.8/site-packages/airflow/example_dags/example_bash_operator.py
[2021-12-21 00:06:36,370] {logging_mixin.py:104} INFO - [2021-12-21 00:06:36,370] {dag.py:1833} INFO - Sync 1 DAGs
[2021-12-21 00:06:36,406] {logging_mixin.py:104} INFO - [2021-12-21 00:06:36,406] {dag.py:2306} INFO - Setting next_dagrun for example_bash_operator to 2021-12-19 00:00:00+00:00
[2021-12-21 00:06:36,437] {scheduler_job.py:190} INFO - Processing /home/airflow/.local/lib/python3.8/site-packages/airflow/example_dags/example_bash_operator.py took 0.223 seconds
[2021-12-21 00:07:06,887] {scheduler_job.py:182} INFO - Started process (PID=10328) to work on /home/airflow/.local/lib/python3.8/site-packages/airflow/example_dags/example_bash_operator.py
[2021-12-21 00:07:06,893] {scheduler_job.py:633} INFO - Processing file /home/airflow/.local/lib/python3.8/site-packages/airflow/example_dags/example_bash_operator.py for tasks to queue
[2021-12-21 00:07:06,896] {logging_mixin.py:104} INFO - [2021-12-21 00:07:06,896] {dagbag.py:496} INFO - Filling up the DagBag from /home/airflow/.local/lib/python3.8/site-packages/airflow/example_dags/example_bash_operator.py
[2021-12-21 00:07:06,925] {scheduler_job.py:643} INFO - DAG(s) dict_keys(['example_bash_operator']) retrieved from /home/airflow/.local/lib/python3.8/site-packages/airflow/example_dags/example_bash_operator.py
[2021-12-21 00:07:06,983] {logging_mixin.py:104} INFO - [2021-12-21 00:07:06,982] {dag.py:1833} INFO - Sync 1 DAGs
[2021-12-21 00:07:07,005] {logging_mixin.py:104} INFO - [2021-12-21 00:07:07,005] {dag.py:2306} INFO - Setting next_dagrun for example_bash_operator to 2021-12-19 00:00:00+00:00
[2021-12-21 00:07:07,026] {scheduler_job.py:190} INFO - Processing /home/airflow/.local/lib/python3.8/site-packages/airflow/example_dags/example_bash_operator.py took 0.149 seconds
[2021-12-21 00:07:37,597] {scheduler_job.py:182} INFO - Started process (PID=10358) to work on /home/airflow/.local/lib/python3.8/site-packages/airflow/example_dags/example_bash_operator.py
[2021-12-21 00:07:37,608] {scheduler_job.py:633} INFO - Processing file /home/airflow/.local/lib/python3.8/site-packages/airflow/example_dags/example_bash_operator.py for tasks to queue
[2021-12-21 00:07:37,616] {logging_mixin.py:104} INFO - [2021-12-21 00:07:37,613] {dagbag.py:496} INFO - Filling up the DagBag from /home/airflow/.local/lib/python3.8/site-packages/airflow/example_dags/example_bash_operator.py
[2021-12-21 00:07:37,654] {scheduler_job.py:643} INFO - DAG(s) dict_keys(['example_bash_operator']) retrieved from /home/airflow/.local/lib/python3.8/site-packages/airflow/example_dags/example_bash_operator.py
[2021-12-21 00:07:37,716] {logging_mixin.py:104} INFO - [2021-12-21 00:07:37,716] {dag.py:1833} INFO - Sync 1 DAGs
[2021-12-21 00:07:37,777] {logging_mixin.py:104} INFO - [2021-12-21 00:07:37,777] {dag.py:2306} INFO - Setting next_dagrun for example_bash_operator to 2021-12-19 00:00:00+00:00
[2021-12-21 00:07:37,818] {scheduler_job.py:190} INFO - Processing /home/airflow/.local/lib/python3.8/site-packages/airflow/example_dags/example_bash_operator.py took 0.230 seconds
[2021-12-21 00:08:08,431] {scheduler_job.py:182} INFO - Started process (PID=10389) to work on /home/airflow/.local/lib/python3.8/site-packages/airflow/example_dags/example_bash_operator.py
[2021-12-21 00:08:08,445] {scheduler_job.py:633} INFO - Processing file /home/airflow/.local/lib/python3.8/site-packages/airflow/example_dags/example_bash_operator.py for tasks to queue
[2021-12-21 00:08:08,451] {logging_mixin.py:104} INFO - [2021-12-21 00:08:08,450] {dagbag.py:496} INFO - Filling up the DagBag from /home/airflow/.local/lib/python3.8/site-packages/airflow/example_dags/example_bash_operator.py
[2021-12-21 00:08:08,493] {scheduler_job.py:643} INFO - DAG(s) dict_keys(['example_bash_operator']) retrieved from /home/airflow/.local/lib/python3.8/site-packages/airflow/example_dags/example_bash_operator.py
[2021-12-21 00:08:08,580] {logging_mixin.py:104} INFO - [2021-12-21 00:08:08,580] {dag.py:1833} INFO - Sync 1 DAGs
[2021-12-21 00:08:08,637] {logging_mixin.py:104} INFO - [2021-12-21 00:08:08,637] {dag.py:2306} INFO - Setting next_dagrun for example_bash_operator to 2021-12-19 00:00:00+00:00
[2021-12-21 00:08:08,668] {scheduler_job.py:190} INFO - Processing /home/airflow/.local/lib/python3.8/site-packages/airflow/example_dags/example_bash_operator.py took 0.254 seconds
[2021-12-21 00:08:39,312] {scheduler_job.py:182} INFO - Started process (PID=10420) to work on /home/airflow/.local/lib/python3.8/site-packages/airflow/example_dags/example_bash_operator.py
[2021-12-21 00:08:39,321] {scheduler_job.py:633} INFO - Processing file /home/airflow/.local/lib/python3.8/site-packages/airflow/example_dags/example_bash_operator.py for tasks to queue
[2021-12-21 00:08:39,329] {logging_mixin.py:104} INFO - [2021-12-21 00:08:39,328] {dagbag.py:496} INFO - Filling up the DagBag from /home/airflow/.local/lib/python3.8/site-packages/airflow/example_dags/example_bash_operator.py
[2021-12-21 00:08:39,398] {scheduler_job.py:643} INFO - DAG(s) dict_keys(['example_bash_operator']) retrieved from /home/airflow/.local/lib/python3.8/site-packages/airflow/example_dags/example_bash_operator.py
[2021-12-21 00:08:39,486] {logging_mixin.py:104} INFO - [2021-12-21 00:08:39,486] {dag.py:1833} INFO - Sync 1 DAGs
[2021-12-21 00:08:39,516] {logging_mixin.py:104} INFO - [2021-12-21 00:08:39,516] {dag.py:2306} INFO - Setting next_dagrun for example_bash_operator to 2021-12-19 00:00:00+00:00
[2021-12-21 00:08:39,549] {scheduler_job.py:190} INFO - Processing /home/airflow/.local/lib/python3.8/site-packages/airflow/example_dags/example_bash_operator.py took 0.251 seconds
[2021-12-21 00:09:09,993] {scheduler_job.py:182} INFO - Started process (PID=10452) to work on /home/airflow/.local/lib/python3.8/site-packages/airflow/example_dags/example_bash_operator.py
[2021-12-21 00:09:10,013] {scheduler_job.py:633} INFO - Processing file /home/airflow/.local/lib/python3.8/site-packages/airflow/example_dags/example_bash_operator.py for tasks to queue
[2021-12-21 00:09:10,017] {logging_mixin.py:104} INFO - [2021-12-21 00:09:10,017] {dagbag.py:496} INFO - Filling up the DagBag from /home/airflow/.local/lib/python3.8/site-packages/airflow/example_dags/example_bash_operator.py
[2021-12-21 00:09:10,146] {scheduler_job.py:643} INFO - DAG(s) dict_keys(['example_bash_operator']) retrieved from /home/airflow/.local/lib/python3.8/site-packages/airflow/example_dags/example_bash_operator.py
[2021-12-21 00:09:10,282] {logging_mixin.py:104} INFO - [2021-12-21 00:09:10,282] {dag.py:1833} INFO - Sync 1 DAGs
[2021-12-21 00:09:10,340] {logging_mixin.py:104} INFO - [2021-12-21 00:09:10,340] {dag.py:2306} INFO - Setting next_dagrun for example_bash_operator to 2021-12-19 00:00:00+00:00
[2021-12-21 00:09:10,377] {scheduler_job.py:190} INFO - Processing /home/airflow/.local/lib/python3.8/site-packages/airflow/example_dags/example_bash_operator.py took 0.405 seconds
[2021-12-21 00:09:40,706] {scheduler_job.py:182} INFO - Started process (PID=10482) to work on /home/airflow/.local/lib/python3.8/site-packages/airflow/example_dags/example_bash_operator.py
[2021-12-21 00:09:40,708] {scheduler_job.py:633} INFO - Processing file /home/airflow/.local/lib/python3.8/site-packages/airflow/example_dags/example_bash_operator.py for tasks to queue
[2021-12-21 00:09:40,711] {logging_mixin.py:104} INFO - [2021-12-21 00:09:40,710] {dagbag.py:496} INFO - Filling up the DagBag from /home/airflow/.local/lib/python3.8/site-packages/airflow/example_dags/example_bash_operator.py
[2021-12-21 00:09:40,740] {scheduler_job.py:643} INFO - DAG(s) dict_keys(['example_bash_operator']) retrieved from /home/airflow/.local/lib/python3.8/site-packages/airflow/example_dags/example_bash_operator.py
[2021-12-21 00:09:40,800] {logging_mixin.py:104} INFO - [2021-12-21 00:09:40,800] {dag.py:1833} INFO - Sync 1 DAGs
[2021-12-21 00:09:40,823] {logging_mixin.py:104} INFO - [2021-12-21 00:09:40,823] {dag.py:2306} INFO - Setting next_dagrun for example_bash_operator to 2021-12-19 00:00:00+00:00
[2021-12-21 00:09:40,868] {scheduler_job.py:190} INFO - Processing /home/airflow/.local/lib/python3.8/site-packages/airflow/example_dags/example_bash_operator.py took 0.171 seconds
[2021-12-21 00:10:11,597] {scheduler_job.py:182} INFO - Started process (PID=10513) to work on /home/airflow/.local/lib/python3.8/site-packages/airflow/example_dags/example_bash_operator.py
[2021-12-21 00:10:11,609] {scheduler_job.py:633} INFO - Processing file /home/airflow/.local/lib/python3.8/site-packages/airflow/example_dags/example_bash_operator.py for tasks to queue
[2021-12-21 00:10:11,613] {logging_mixin.py:104} INFO - [2021-12-21 00:10:11,612] {dagbag.py:496} INFO - Filling up the DagBag from /home/airflow/.local/lib/python3.8/site-packages/airflow/example_dags/example_bash_operator.py
[2021-12-21 00:10:11,653] {scheduler_job.py:643} INFO - DAG(s) dict_keys(['example_bash_operator']) retrieved from /home/airflow/.local/lib/python3.8/site-packages/airflow/example_dags/example_bash_operator.py
[2021-12-21 00:10:11,718] {logging_mixin.py:104} INFO - [2021-12-21 00:10:11,718] {dag.py:1833} INFO - Sync 1 DAGs
[2021-12-21 00:10:11,753] {logging_mixin.py:104} INFO - [2021-12-21 00:10:11,753] {dag.py:2306} INFO - Setting next_dagrun for example_bash_operator to 2021-12-19 00:00:00+00:00
[2021-12-21 00:10:11,828] {scheduler_job.py:190} INFO - Processing /home/airflow/.local/lib/python3.8/site-packages/airflow/example_dags/example_bash_operator.py took 0.242 seconds
[2021-12-21 00:10:42,994] {scheduler_job.py:182} INFO - Started process (PID=10545) to work on /home/airflow/.local/lib/python3.8/site-packages/airflow/example_dags/example_bash_operator.py
[2021-12-21 00:10:43,016] {scheduler_job.py:633} INFO - Processing file /home/airflow/.local/lib/python3.8/site-packages/airflow/example_dags/example_bash_operator.py for tasks to queue
[2021-12-21 00:10:43,020] {logging_mixin.py:104} INFO - [2021-12-21 00:10:43,020] {dagbag.py:496} INFO - Filling up the DagBag from /home/airflow/.local/lib/python3.8/site-packages/airflow/example_dags/example_bash_operator.py
[2021-12-21 00:10:43,072] {scheduler_job.py:643} INFO - DAG(s) dict_keys(['example_bash_operator']) retrieved from /home/airflow/.local/lib/python3.8/site-packages/airflow/example_dags/example_bash_operator.py
[2021-12-21 00:10:43,127] {logging_mixin.py:104} INFO - [2021-12-21 00:10:43,127] {dag.py:1833} INFO - Sync 1 DAGs
[2021-12-21 00:10:43,154] {logging_mixin.py:104} INFO - [2021-12-21 00:10:43,154] {dag.py:2306} INFO - Setting next_dagrun for example_bash_operator to 2021-12-19 00:00:00+00:00
[2021-12-21 00:10:43,182] {scheduler_job.py:190} INFO - Processing /home/airflow/.local/lib/python3.8/site-packages/airflow/example_dags/example_bash_operator.py took 0.196 seconds
[2021-12-21 00:11:13,683] {scheduler_job.py:182} INFO - Started process (PID=10576) to work on /home/airflow/.local/lib/python3.8/site-packages/airflow/example_dags/example_bash_operator.py
[2021-12-21 00:11:13,689] {scheduler_job.py:633} INFO - Processing file /home/airflow/.local/lib/python3.8/site-packages/airflow/example_dags/example_bash_operator.py for tasks to queue
[2021-12-21 00:11:13,693] {logging_mixin.py:104} INFO - [2021-12-21 00:11:13,692] {dagbag.py:496} INFO - Filling up the DagBag from /home/airflow/.local/lib/python3.8/site-packages/airflow/example_dags/example_bash_operator.py
[2021-12-21 00:11:13,737] {scheduler_job.py:643} INFO - DAG(s) dict_keys(['example_bash_operator']) retrieved from /home/airflow/.local/lib/python3.8/site-packages/airflow/example_dags/example_bash_operator.py
[2021-12-21 00:11:13,809] {logging_mixin.py:104} INFO - [2021-12-21 00:11:13,809] {dag.py:1833} INFO - Sync 1 DAGs
[2021-12-21 00:11:13,860] {logging_mixin.py:104} INFO - [2021-12-21 00:11:13,860] {dag.py:2306} INFO - Setting next_dagrun for example_bash_operator to 2021-12-19 00:00:00+00:00
[2021-12-21 00:11:13,887] {scheduler_job.py:190} INFO - Processing /home/airflow/.local/lib/python3.8/site-packages/airflow/example_dags/example_bash_operator.py took 0.213 seconds
[2021-12-21 00:11:44,356] {scheduler_job.py:182} INFO - Started process (PID=10608) to work on /home/airflow/.local/lib/python3.8/site-packages/airflow/example_dags/example_bash_operator.py
[2021-12-21 00:11:44,365] {scheduler_job.py:633} INFO - Processing file /home/airflow/.local/lib/python3.8/site-packages/airflow/example_dags/example_bash_operator.py for tasks to queue
[2021-12-21 00:11:44,374] {logging_mixin.py:104} INFO - [2021-12-21 00:11:44,373] {dagbag.py:496} INFO - Filling up the DagBag from /home/airflow/.local/lib/python3.8/site-packages/airflow/example_dags/example_bash_operator.py
[2021-12-21 00:11:44,416] {scheduler_job.py:643} INFO - DAG(s) dict_keys(['example_bash_operator']) retrieved from /home/airflow/.local/lib/python3.8/site-packages/airflow/example_dags/example_bash_operator.py
[2021-12-21 00:11:44,490] {logging_mixin.py:104} INFO - [2021-12-21 00:11:44,490] {dag.py:1833} INFO - Sync 1 DAGs
[2021-12-21 00:11:44,532] {logging_mixin.py:104} INFO - [2021-12-21 00:11:44,532] {dag.py:2306} INFO - Setting next_dagrun for example_bash_operator to 2021-12-19 00:00:00+00:00
[2021-12-21 00:11:44,563] {scheduler_job.py:190} INFO - Processing /home/airflow/.local/lib/python3.8/site-packages/airflow/example_dags/example_bash_operator.py took 0.218 seconds
[2021-12-21 00:12:14,722] {scheduler_job.py:182} INFO - Started process (PID=10637) to work on /home/airflow/.local/lib/python3.8/site-packages/airflow/example_dags/example_bash_operator.py
[2021-12-21 00:12:14,732] {scheduler_job.py:633} INFO - Processing file /home/airflow/.local/lib/python3.8/site-packages/airflow/example_dags/example_bash_operator.py for tasks to queue
[2021-12-21 00:12:14,735] {logging_mixin.py:104} INFO - [2021-12-21 00:12:14,734] {dagbag.py:496} INFO - Filling up the DagBag from /home/airflow/.local/lib/python3.8/site-packages/airflow/example_dags/example_bash_operator.py
[2021-12-21 00:12:14,776] {scheduler_job.py:643} INFO - DAG(s) dict_keys(['example_bash_operator']) retrieved from /home/airflow/.local/lib/python3.8/site-packages/airflow/example_dags/example_bash_operator.py
[2021-12-21 00:12:14,833] {logging_mixin.py:104} INFO - [2021-12-21 00:12:14,832] {dag.py:1833} INFO - Sync 1 DAGs
[2021-12-21 00:12:14,857] {logging_mixin.py:104} INFO - [2021-12-21 00:12:14,856] {dag.py:2306} INFO - Setting next_dagrun for example_bash_operator to 2021-12-19 00:00:00+00:00
[2021-12-21 00:12:14,878] {scheduler_job.py:190} INFO - Processing /home/airflow/.local/lib/python3.8/site-packages/airflow/example_dags/example_bash_operator.py took 0.164 seconds
[2021-12-21 00:12:45,212] {scheduler_job.py:182} INFO - Started process (PID=10668) to work on /home/airflow/.local/lib/python3.8/site-packages/airflow/example_dags/example_bash_operator.py
[2021-12-21 00:12:45,222] {scheduler_job.py:633} INFO - Processing file /home/airflow/.local/lib/python3.8/site-packages/airflow/example_dags/example_bash_operator.py for tasks to queue
[2021-12-21 00:12:45,226] {logging_mixin.py:104} INFO - [2021-12-21 00:12:45,226] {dagbag.py:496} INFO - Filling up the DagBag from /home/airflow/.local/lib/python3.8/site-packages/airflow/example_dags/example_bash_operator.py
[2021-12-21 00:12:45,264] {scheduler_job.py:643} INFO - DAG(s) dict_keys(['example_bash_operator']) retrieved from /home/airflow/.local/lib/python3.8/site-packages/airflow/example_dags/example_bash_operator.py
[2021-12-21 00:12:45,332] {logging_mixin.py:104} INFO - [2021-12-21 00:12:45,332] {dag.py:1833} INFO - Sync 1 DAGs
[2021-12-21 00:12:45,372] {logging_mixin.py:104} INFO - [2021-12-21 00:12:45,371] {dag.py:2306} INFO - Setting next_dagrun for example_bash_operator to 2021-12-19 00:00:00+00:00
[2021-12-21 00:12:45,403] {scheduler_job.py:190} INFO - Processing /home/airflow/.local/lib/python3.8/site-packages/airflow/example_dags/example_bash_operator.py took 0.199 seconds
[2021-12-21 00:13:15,741] {scheduler_job.py:182} INFO - Started process (PID=10699) to work on /home/airflow/.local/lib/python3.8/site-packages/airflow/example_dags/example_bash_operator.py
[2021-12-21 00:13:15,747] {scheduler_job.py:633} INFO - Processing file /home/airflow/.local/lib/python3.8/site-packages/airflow/example_dags/example_bash_operator.py for tasks to queue
[2021-12-21 00:13:15,751] {logging_mixin.py:104} INFO - [2021-12-21 00:13:15,751] {dagbag.py:496} INFO - Filling up the DagBag from /home/airflow/.local/lib/python3.8/site-packages/airflow/example_dags/example_bash_operator.py
[2021-12-21 00:13:15,794] {scheduler_job.py:643} INFO - DAG(s) dict_keys(['example_bash_operator']) retrieved from /home/airflow/.local/lib/python3.8/site-packages/airflow/example_dags/example_bash_operator.py
[2021-12-21 00:13:15,858] {logging_mixin.py:104} INFO - [2021-12-21 00:13:15,858] {dag.py:1833} INFO - Sync 1 DAGs
[2021-12-21 00:13:15,897] {logging_mixin.py:104} INFO - [2021-12-21 00:13:15,897] {dag.py:2306} INFO - Setting next_dagrun for example_bash_operator to 2021-12-19 00:00:00+00:00
[2021-12-21 00:13:15,933] {scheduler_job.py:190} INFO - Processing /home/airflow/.local/lib/python3.8/site-packages/airflow/example_dags/example_bash_operator.py took 0.201 seconds
[2021-12-21 00:13:46,132] {scheduler_job.py:182} INFO - Started process (PID=10730) to work on /home/airflow/.local/lib/python3.8/site-packages/airflow/example_dags/example_bash_operator.py
[2021-12-21 00:13:46,136] {scheduler_job.py:633} INFO - Processing file /home/airflow/.local/lib/python3.8/site-packages/airflow/example_dags/example_bash_operator.py for tasks to queue
[2021-12-21 00:13:46,139] {logging_mixin.py:104} INFO - [2021-12-21 00:13:46,139] {dagbag.py:496} INFO - Filling up the DagBag from /home/airflow/.local/lib/python3.8/site-packages/airflow/example_dags/example_bash_operator.py
[2021-12-21 00:13:46,166] {scheduler_job.py:643} INFO - DAG(s) dict_keys(['example_bash_operator']) retrieved from /home/airflow/.local/lib/python3.8/site-packages/airflow/example_dags/example_bash_operator.py
[2021-12-21 00:13:46,241] {logging_mixin.py:104} INFO - [2021-12-21 00:13:46,240] {dag.py:1833} INFO - Sync 1 DAGs
[2021-12-21 00:13:46,272] {logging_mixin.py:104} INFO - [2021-12-21 00:13:46,272] {dag.py:2306} INFO - Setting next_dagrun for example_bash_operator to 2021-12-19 00:00:00+00:00
[2021-12-21 00:13:46,299] {scheduler_job.py:190} INFO - Processing /home/airflow/.local/lib/python3.8/site-packages/airflow/example_dags/example_bash_operator.py took 0.171 seconds
[2021-12-21 00:14:16,588] {scheduler_job.py:182} INFO - Started process (PID=10761) to work on /home/airflow/.local/lib/python3.8/site-packages/airflow/example_dags/example_bash_operator.py
[2021-12-21 00:14:16,594] {scheduler_job.py:633} INFO - Processing file /home/airflow/.local/lib/python3.8/site-packages/airflow/example_dags/example_bash_operator.py for tasks to queue
[2021-12-21 00:14:16,596] {logging_mixin.py:104} INFO - [2021-12-21 00:14:16,596] {dagbag.py:496} INFO - Filling up the DagBag from /home/airflow/.local/lib/python3.8/site-packages/airflow/example_dags/example_bash_operator.py
[2021-12-21 00:14:16,652] {scheduler_job.py:643} INFO - DAG(s) dict_keys(['example_bash_operator']) retrieved from /home/airflow/.local/lib/python3.8/site-packages/airflow/example_dags/example_bash_operator.py
[2021-12-21 00:14:16,752] {logging_mixin.py:104} INFO - [2021-12-21 00:14:16,752] {dag.py:1833} INFO - Sync 1 DAGs
[2021-12-21 00:14:16,781] {logging_mixin.py:104} INFO - [2021-12-21 00:14:16,780] {dag.py:2306} INFO - Setting next_dagrun for example_bash_operator to 2021-12-19 00:00:00+00:00
[2021-12-21 00:14:16,819] {scheduler_job.py:190} INFO - Processing /home/airflow/.local/lib/python3.8/site-packages/airflow/example_dags/example_bash_operator.py took 0.242 seconds
[2021-12-21 00:14:47,063] {scheduler_job.py:182} INFO - Started process (PID=10792) to work on /home/airflow/.local/lib/python3.8/site-packages/airflow/example_dags/example_bash_operator.py
[2021-12-21 00:14:47,067] {scheduler_job.py:633} INFO - Processing file /home/airflow/.local/lib/python3.8/site-packages/airflow/example_dags/example_bash_operator.py for tasks to queue
[2021-12-21 00:14:47,071] {logging_mixin.py:104} INFO - [2021-12-21 00:14:47,071] {dagbag.py:496} INFO - Filling up the DagBag from /home/airflow/.local/lib/python3.8/site-packages/airflow/example_dags/example_bash_operator.py
[2021-12-21 00:14:47,097] {scheduler_job.py:643} INFO - DAG(s) dict_keys(['example_bash_operator']) retrieved from /home/airflow/.local/lib/python3.8/site-packages/airflow/example_dags/example_bash_operator.py
[2021-12-21 00:14:47,153] {logging_mixin.py:104} INFO - [2021-12-21 00:14:47,153] {dag.py:1833} INFO - Sync 1 DAGs
[2021-12-21 00:14:47,180] {logging_mixin.py:104} INFO - [2021-12-21 00:14:47,180] {dag.py:2306} INFO - Setting next_dagrun for example_bash_operator to 2021-12-19 00:00:00+00:00
[2021-12-21 00:14:47,231] {scheduler_job.py:190} INFO - Processing /home/airflow/.local/lib/python3.8/site-packages/airflow/example_dags/example_bash_operator.py took 0.175 seconds
[2021-12-21 00:15:17,604] {scheduler_job.py:182} INFO - Started process (PID=10823) to work on /home/airflow/.local/lib/python3.8/site-packages/airflow/example_dags/example_bash_operator.py
[2021-12-21 00:15:17,608] {scheduler_job.py:633} INFO - Processing file /home/airflow/.local/lib/python3.8/site-packages/airflow/example_dags/example_bash_operator.py for tasks to queue
[2021-12-21 00:15:17,611] {logging_mixin.py:104} INFO - [2021-12-21 00:15:17,611] {dagbag.py:496} INFO - Filling up the DagBag from /home/airflow/.local/lib/python3.8/site-packages/airflow/example_dags/example_bash_operator.py
[2021-12-21 00:15:17,642] {scheduler_job.py:643} INFO - DAG(s) dict_keys(['example_bash_operator']) retrieved from /home/airflow/.local/lib/python3.8/site-packages/airflow/example_dags/example_bash_operator.py
[2021-12-21 00:15:17,696] {logging_mixin.py:104} INFO - [2021-12-21 00:15:17,695] {dag.py:1833} INFO - Sync 1 DAGs
[2021-12-21 00:15:17,720] {logging_mixin.py:104} INFO - [2021-12-21 00:15:17,720] {dag.py:2306} INFO - Setting next_dagrun for example_bash_operator to 2021-12-19 00:00:00+00:00
[2021-12-21 00:15:17,751] {scheduler_job.py:190} INFO - Processing /home/airflow/.local/lib/python3.8/site-packages/airflow/example_dags/example_bash_operator.py took 0.151 seconds
[2021-12-21 00:15:48,150] {scheduler_job.py:182} INFO - Started process (PID=10854) to work on /home/airflow/.local/lib/python3.8/site-packages/airflow/example_dags/example_bash_operator.py
[2021-12-21 00:15:48,154] {scheduler_job.py:633} INFO - Processing file /home/airflow/.local/lib/python3.8/site-packages/airflow/example_dags/example_bash_operator.py for tasks to queue
[2021-12-21 00:15:48,158] {logging_mixin.py:104} INFO - [2021-12-21 00:15:48,158] {dagbag.py:496} INFO - Filling up the DagBag from /home/airflow/.local/lib/python3.8/site-packages/airflow/example_dags/example_bash_operator.py
[2021-12-21 00:15:48,181] {scheduler_job.py:643} INFO - DAG(s) dict_keys(['example_bash_operator']) retrieved from /home/airflow/.local/lib/python3.8/site-packages/airflow/example_dags/example_bash_operator.py
[2021-12-21 00:15:48,257] {logging_mixin.py:104} INFO - [2021-12-21 00:15:48,257] {dag.py:1833} INFO - Sync 1 DAGs
[2021-12-21 00:15:48,288] {logging_mixin.py:104} INFO - [2021-12-21 00:15:48,288] {dag.py:2306} INFO - Setting next_dagrun for example_bash_operator to 2021-12-19 00:00:00+00:00
[2021-12-21 00:15:48,326] {scheduler_job.py:190} INFO - Processing /home/airflow/.local/lib/python3.8/site-packages/airflow/example_dags/example_bash_operator.py took 0.182 seconds
[2021-12-21 00:16:18,929] {scheduler_job.py:182} INFO - Started process (PID=10885) to work on /home/airflow/.local/lib/python3.8/site-packages/airflow/example_dags/example_bash_operator.py
[2021-12-21 00:16:18,945] {scheduler_job.py:633} INFO - Processing file /home/airflow/.local/lib/python3.8/site-packages/airflow/example_dags/example_bash_operator.py for tasks to queue
[2021-12-21 00:16:18,949] {logging_mixin.py:104} INFO - [2021-12-21 00:16:18,948] {dagbag.py:496} INFO - Filling up the DagBag from /home/airflow/.local/lib/python3.8/site-packages/airflow/example_dags/example_bash_operator.py
[2021-12-21 00:16:18,989] {scheduler_job.py:643} INFO - DAG(s) dict_keys(['example_bash_operator']) retrieved from /home/airflow/.local/lib/python3.8/site-packages/airflow/example_dags/example_bash_operator.py
[2021-12-21 00:16:19,086] {logging_mixin.py:104} INFO - [2021-12-21 00:16:19,086] {dag.py:1833} INFO - Sync 1 DAGs
[2021-12-21 00:16:19,122] {logging_mixin.py:104} INFO - [2021-12-21 00:16:19,122] {dag.py:2306} INFO - Setting next_dagrun for example_bash_operator to 2021-12-19 00:00:00+00:00
[2021-12-21 00:16:19,145] {scheduler_job.py:190} INFO - Processing /home/airflow/.local/lib/python3.8/site-packages/airflow/example_dags/example_bash_operator.py took 0.239 seconds
[2021-12-21 00:16:49,700] {scheduler_job.py:182} INFO - Started process (PID=10916) to work on /home/airflow/.local/lib/python3.8/site-packages/airflow/example_dags/example_bash_operator.py
[2021-12-21 00:16:49,705] {scheduler_job.py:633} INFO - Processing file /home/airflow/.local/lib/python3.8/site-packages/airflow/example_dags/example_bash_operator.py for tasks to queue
[2021-12-21 00:16:49,709] {logging_mixin.py:104} INFO - [2021-12-21 00:16:49,709] {dagbag.py:496} INFO - Filling up the DagBag from /home/airflow/.local/lib/python3.8/site-packages/airflow/example_dags/example_bash_operator.py
[2021-12-21 00:16:49,791] {scheduler_job.py:643} INFO - DAG(s) dict_keys(['example_bash_operator']) retrieved from /home/airflow/.local/lib/python3.8/site-packages/airflow/example_dags/example_bash_operator.py
[2021-12-21 00:16:49,860] {logging_mixin.py:104} INFO - [2021-12-21 00:16:49,860] {dag.py:1833} INFO - Sync 1 DAGs
[2021-12-21 00:16:49,890] {logging_mixin.py:104} INFO - [2021-12-21 00:16:49,890] {dag.py:2306} INFO - Setting next_dagrun for example_bash_operator to 2021-12-19 00:00:00+00:00
[2021-12-21 00:16:49,917] {scheduler_job.py:190} INFO - Processing /home/airflow/.local/lib/python3.8/site-packages/airflow/example_dags/example_bash_operator.py took 0.229 seconds
[2021-12-21 00:17:20,290] {scheduler_job.py:182} INFO - Started process (PID=10947) to work on /home/airflow/.local/lib/python3.8/site-packages/airflow/example_dags/example_bash_operator.py
[2021-12-21 00:17:20,309] {scheduler_job.py:633} INFO - Processing file /home/airflow/.local/lib/python3.8/site-packages/airflow/example_dags/example_bash_operator.py for tasks to queue
[2021-12-21 00:17:20,322] {logging_mixin.py:104} INFO - [2021-12-21 00:17:20,322] {dagbag.py:496} INFO - Filling up the DagBag from /home/airflow/.local/lib/python3.8/site-packages/airflow/example_dags/example_bash_operator.py
[2021-12-21 00:17:20,373] {scheduler_job.py:643} INFO - DAG(s) dict_keys(['example_bash_operator']) retrieved from /home/airflow/.local/lib/python3.8/site-packages/airflow/example_dags/example_bash_operator.py
[2021-12-21 00:17:20,453] {logging_mixin.py:104} INFO - [2021-12-21 00:17:20,453] {dag.py:1833} INFO - Sync 1 DAGs
[2021-12-21 00:17:20,476] {logging_mixin.py:104} INFO - [2021-12-21 00:17:20,476] {dag.py:2306} INFO - Setting next_dagrun for example_bash_operator to 2021-12-19 00:00:00+00:00
[2021-12-21 00:17:20,510] {scheduler_job.py:190} INFO - Processing /home/airflow/.local/lib/python3.8/site-packages/airflow/example_dags/example_bash_operator.py took 0.248 seconds
[2021-12-21 00:17:50,936] {scheduler_job.py:182} INFO - Started process (PID=10978) to work on /home/airflow/.local/lib/python3.8/site-packages/airflow/example_dags/example_bash_operator.py
[2021-12-21 00:17:50,945] {scheduler_job.py:633} INFO - Processing file /home/airflow/.local/lib/python3.8/site-packages/airflow/example_dags/example_bash_operator.py for tasks to queue
[2021-12-21 00:17:50,950] {logging_mixin.py:104} INFO - [2021-12-21 00:17:50,950] {dagbag.py:496} INFO - Filling up the DagBag from /home/airflow/.local/lib/python3.8/site-packages/airflow/example_dags/example_bash_operator.py
[2021-12-21 00:17:51,034] {scheduler_job.py:643} INFO - DAG(s) dict_keys(['example_bash_operator']) retrieved from /home/airflow/.local/lib/python3.8/site-packages/airflow/example_dags/example_bash_operator.py
[2021-12-21 00:17:51,196] {logging_mixin.py:104} INFO - [2021-12-21 00:17:51,196] {dag.py:1833} INFO - Sync 1 DAGs
[2021-12-21 00:17:51,256] {logging_mixin.py:104} INFO - [2021-12-21 00:17:51,256] {dag.py:2306} INFO - Setting next_dagrun for example_bash_operator to 2021-12-19 00:00:00+00:00
[2021-12-21 00:17:51,329] {scheduler_job.py:190} INFO - Processing /home/airflow/.local/lib/python3.8/site-packages/airflow/example_dags/example_bash_operator.py took 0.399 seconds
[2021-12-21 00:18:21,614] {scheduler_job.py:182} INFO - Started process (PID=11009) to work on /home/airflow/.local/lib/python3.8/site-packages/airflow/example_dags/example_bash_operator.py
[2021-12-21 00:18:21,626] {scheduler_job.py:633} INFO - Processing file /home/airflow/.local/lib/python3.8/site-packages/airflow/example_dags/example_bash_operator.py for tasks to queue
[2021-12-21 00:18:21,632] {logging_mixin.py:104} INFO - [2021-12-21 00:18:21,630] {dagbag.py:496} INFO - Filling up the DagBag from /home/airflow/.local/lib/python3.8/site-packages/airflow/example_dags/example_bash_operator.py
[2021-12-21 00:18:21,707] {scheduler_job.py:643} INFO - DAG(s) dict_keys(['example_bash_operator']) retrieved from /home/airflow/.local/lib/python3.8/site-packages/airflow/example_dags/example_bash_operator.py
[2021-12-21 00:18:21,766] {logging_mixin.py:104} INFO - [2021-12-21 00:18:21,765] {dag.py:1833} INFO - Sync 1 DAGs
[2021-12-21 00:18:21,808] {logging_mixin.py:104} INFO - [2021-12-21 00:18:21,808] {dag.py:2306} INFO - Setting next_dagrun for example_bash_operator to 2021-12-19 00:00:00+00:00
[2021-12-21 00:18:21,847] {scheduler_job.py:190} INFO - Processing /home/airflow/.local/lib/python3.8/site-packages/airflow/example_dags/example_bash_operator.py took 0.241 seconds
[2021-12-21 00:18:52,183] {scheduler_job.py:182} INFO - Started process (PID=11040) to work on /home/airflow/.local/lib/python3.8/site-packages/airflow/example_dags/example_bash_operator.py
[2021-12-21 00:18:52,188] {scheduler_job.py:633} INFO - Processing file /home/airflow/.local/lib/python3.8/site-packages/airflow/example_dags/example_bash_operator.py for tasks to queue
[2021-12-21 00:18:52,191] {logging_mixin.py:104} INFO - [2021-12-21 00:18:52,191] {dagbag.py:496} INFO - Filling up the DagBag from /home/airflow/.local/lib/python3.8/site-packages/airflow/example_dags/example_bash_operator.py
[2021-12-21 00:18:52,225] {scheduler_job.py:643} INFO - DAG(s) dict_keys(['example_bash_operator']) retrieved from /home/airflow/.local/lib/python3.8/site-packages/airflow/example_dags/example_bash_operator.py
[2021-12-21 00:18:52,275] {logging_mixin.py:104} INFO - [2021-12-21 00:18:52,275] {dag.py:1833} INFO - Sync 1 DAGs
[2021-12-21 00:18:52,302] {logging_mixin.py:104} INFO - [2021-12-21 00:18:52,302] {dag.py:2306} INFO - Setting next_dagrun for example_bash_operator to 2021-12-19 00:00:00+00:00
[2021-12-21 00:18:52,340] {scheduler_job.py:190} INFO - Processing /home/airflow/.local/lib/python3.8/site-packages/airflow/example_dags/example_bash_operator.py took 0.161 seconds
[2021-12-21 00:19:22,759] {scheduler_job.py:182} INFO - Started process (PID=11071) to work on /home/airflow/.local/lib/python3.8/site-packages/airflow/example_dags/example_bash_operator.py
[2021-12-21 00:19:22,765] {scheduler_job.py:633} INFO - Processing file /home/airflow/.local/lib/python3.8/site-packages/airflow/example_dags/example_bash_operator.py for tasks to queue
[2021-12-21 00:19:22,772] {logging_mixin.py:104} INFO - [2021-12-21 00:19:22,771] {dagbag.py:496} INFO - Filling up the DagBag from /home/airflow/.local/lib/python3.8/site-packages/airflow/example_dags/example_bash_operator.py
[2021-12-21 00:19:22,804] {scheduler_job.py:643} INFO - DAG(s) dict_keys(['example_bash_operator']) retrieved from /home/airflow/.local/lib/python3.8/site-packages/airflow/example_dags/example_bash_operator.py
[2021-12-21 00:19:22,866] {logging_mixin.py:104} INFO - [2021-12-21 00:19:22,866] {dag.py:1833} INFO - Sync 1 DAGs
[2021-12-21 00:19:22,890] {logging_mixin.py:104} INFO - [2021-12-21 00:19:22,890] {dag.py:2306} INFO - Setting next_dagrun for example_bash_operator to 2021-12-19 00:00:00+00:00
[2021-12-21 00:19:22,910] {scheduler_job.py:190} INFO - Processing /home/airflow/.local/lib/python3.8/site-packages/airflow/example_dags/example_bash_operator.py took 0.163 seconds
[2021-12-21 00:19:53,074] {scheduler_job.py:182} INFO - Started process (PID=11101) to work on /home/airflow/.local/lib/python3.8/site-packages/airflow/example_dags/example_bash_operator.py
[2021-12-21 00:19:53,079] {scheduler_job.py:633} INFO - Processing file /home/airflow/.local/lib/python3.8/site-packages/airflow/example_dags/example_bash_operator.py for tasks to queue
[2021-12-21 00:19:53,085] {logging_mixin.py:104} INFO - [2021-12-21 00:19:53,084] {dagbag.py:496} INFO - Filling up the DagBag from /home/airflow/.local/lib/python3.8/site-packages/airflow/example_dags/example_bash_operator.py
[2021-12-21 00:19:53,119] {scheduler_job.py:643} INFO - DAG(s) dict_keys(['example_bash_operator']) retrieved from /home/airflow/.local/lib/python3.8/site-packages/airflow/example_dags/example_bash_operator.py
[2021-12-21 00:19:53,178] {logging_mixin.py:104} INFO - [2021-12-21 00:19:53,178] {dag.py:1833} INFO - Sync 1 DAGs
[2021-12-21 00:19:53,245] {logging_mixin.py:104} INFO - [2021-12-21 00:19:53,245] {dag.py:2306} INFO - Setting next_dagrun for example_bash_operator to 2021-12-19 00:00:00+00:00
[2021-12-21 00:19:53,431] {scheduler_job.py:190} INFO - Processing /home/airflow/.local/lib/python3.8/site-packages/airflow/example_dags/example_bash_operator.py took 0.367 seconds
[2021-12-21 00:20:23,594] {scheduler_job.py:182} INFO - Started process (PID=11132) to work on /home/airflow/.local/lib/python3.8/site-packages/airflow/example_dags/example_bash_operator.py
[2021-12-21 00:20:23,599] {scheduler_job.py:633} INFO - Processing file /home/airflow/.local/lib/python3.8/site-packages/airflow/example_dags/example_bash_operator.py for tasks to queue
[2021-12-21 00:20:23,602] {logging_mixin.py:104} INFO - [2021-12-21 00:20:23,602] {dagbag.py:496} INFO - Filling up the DagBag from /home/airflow/.local/lib/python3.8/site-packages/airflow/example_dags/example_bash_operator.py
[2021-12-21 00:20:23,624] {scheduler_job.py:643} INFO - DAG(s) dict_keys(['example_bash_operator']) retrieved from /home/airflow/.local/lib/python3.8/site-packages/airflow/example_dags/example_bash_operator.py
[2021-12-21 00:20:23,685] {logging_mixin.py:104} INFO - [2021-12-21 00:20:23,685] {dag.py:1833} INFO - Sync 1 DAGs
[2021-12-21 00:20:23,706] {logging_mixin.py:104} INFO - [2021-12-21 00:20:23,706] {dag.py:2306} INFO - Setting next_dagrun for example_bash_operator to 2021-12-19 00:00:00+00:00
[2021-12-21 00:20:23,728] {scheduler_job.py:190} INFO - Processing /home/airflow/.local/lib/python3.8/site-packages/airflow/example_dags/example_bash_operator.py took 0.139 seconds
[2021-12-21 00:20:54,026] {scheduler_job.py:182} INFO - Started process (PID=11163) to work on /home/airflow/.local/lib/python3.8/site-packages/airflow/example_dags/example_bash_operator.py
[2021-12-21 00:20:54,035] {scheduler_job.py:633} INFO - Processing file /home/airflow/.local/lib/python3.8/site-packages/airflow/example_dags/example_bash_operator.py for tasks to queue
[2021-12-21 00:20:54,040] {logging_mixin.py:104} INFO - [2021-12-21 00:20:54,039] {dagbag.py:496} INFO - Filling up the DagBag from /home/airflow/.local/lib/python3.8/site-packages/airflow/example_dags/example_bash_operator.py
[2021-12-21 00:20:54,081] {scheduler_job.py:643} INFO - DAG(s) dict_keys(['example_bash_operator']) retrieved from /home/airflow/.local/lib/python3.8/site-packages/airflow/example_dags/example_bash_operator.py
[2021-12-21 00:20:54,141] {logging_mixin.py:104} INFO - [2021-12-21 00:20:54,140] {dag.py:1833} INFO - Sync 1 DAGs
[2021-12-21 00:20:54,167] {logging_mixin.py:104} INFO - [2021-12-21 00:20:54,167] {dag.py:2306} INFO - Setting next_dagrun for example_bash_operator to 2021-12-19 00:00:00+00:00
[2021-12-21 00:20:54,192] {scheduler_job.py:190} INFO - Processing /home/airflow/.local/lib/python3.8/site-packages/airflow/example_dags/example_bash_operator.py took 0.176 seconds
[2021-12-21 00:21:24,314] {scheduler_job.py:182} INFO - Started process (PID=11193) to work on /home/airflow/.local/lib/python3.8/site-packages/airflow/example_dags/example_bash_operator.py
[2021-12-21 00:21:24,319] {scheduler_job.py:633} INFO - Processing file /home/airflow/.local/lib/python3.8/site-packages/airflow/example_dags/example_bash_operator.py for tasks to queue
[2021-12-21 00:21:24,321] {logging_mixin.py:104} INFO - [2021-12-21 00:21:24,321] {dagbag.py:496} INFO - Filling up the DagBag from /home/airflow/.local/lib/python3.8/site-packages/airflow/example_dags/example_bash_operator.py
[2021-12-21 00:21:24,346] {scheduler_job.py:643} INFO - DAG(s) dict_keys(['example_bash_operator']) retrieved from /home/airflow/.local/lib/python3.8/site-packages/airflow/example_dags/example_bash_operator.py
[2021-12-21 00:21:24,406] {logging_mixin.py:104} INFO - [2021-12-21 00:21:24,406] {dag.py:1833} INFO - Sync 1 DAGs
[2021-12-21 00:21:24,437] {logging_mixin.py:104} INFO - [2021-12-21 00:21:24,437] {dag.py:2306} INFO - Setting next_dagrun for example_bash_operator to 2021-12-19 00:00:00+00:00
[2021-12-21 00:21:24,467] {scheduler_job.py:190} INFO - Processing /home/airflow/.local/lib/python3.8/site-packages/airflow/example_dags/example_bash_operator.py took 0.159 seconds
[2021-12-21 00:21:54,695] {scheduler_job.py:182} INFO - Started process (PID=11224) to work on /home/airflow/.local/lib/python3.8/site-packages/airflow/example_dags/example_bash_operator.py
[2021-12-21 00:21:54,701] {scheduler_job.py:633} INFO - Processing file /home/airflow/.local/lib/python3.8/site-packages/airflow/example_dags/example_bash_operator.py for tasks to queue
[2021-12-21 00:21:54,705] {logging_mixin.py:104} INFO - [2021-12-21 00:21:54,704] {dagbag.py:496} INFO - Filling up the DagBag from /home/airflow/.local/lib/python3.8/site-packages/airflow/example_dags/example_bash_operator.py
[2021-12-21 00:21:54,754] {scheduler_job.py:643} INFO - DAG(s) dict_keys(['example_bash_operator']) retrieved from /home/airflow/.local/lib/python3.8/site-packages/airflow/example_dags/example_bash_operator.py
[2021-12-21 00:21:54,809] {logging_mixin.py:104} INFO - [2021-12-21 00:21:54,809] {dag.py:1833} INFO - Sync 1 DAGs
[2021-12-21 00:21:54,849] {logging_mixin.py:104} INFO - [2021-12-21 00:21:54,849] {dag.py:2306} INFO - Setting next_dagrun for example_bash_operator to 2021-12-19 00:00:00+00:00
[2021-12-21 00:21:54,882] {scheduler_job.py:190} INFO - Processing /home/airflow/.local/lib/python3.8/site-packages/airflow/example_dags/example_bash_operator.py took 0.200 seconds
[2021-12-21 00:22:25,146] {scheduler_job.py:182} INFO - Started process (PID=11255) to work on /home/airflow/.local/lib/python3.8/site-packages/airflow/example_dags/example_bash_operator.py
[2021-12-21 00:22:25,154] {scheduler_job.py:633} INFO - Processing file /home/airflow/.local/lib/python3.8/site-packages/airflow/example_dags/example_bash_operator.py for tasks to queue
[2021-12-21 00:22:25,158] {logging_mixin.py:104} INFO - [2021-12-21 00:22:25,158] {dagbag.py:496} INFO - Filling up the DagBag from /home/airflow/.local/lib/python3.8/site-packages/airflow/example_dags/example_bash_operator.py
[2021-12-21 00:22:25,187] {scheduler_job.py:643} INFO - DAG(s) dict_keys(['example_bash_operator']) retrieved from /home/airflow/.local/lib/python3.8/site-packages/airflow/example_dags/example_bash_operator.py
[2021-12-21 00:22:25,256] {logging_mixin.py:104} INFO - [2021-12-21 00:22:25,256] {dag.py:1833} INFO - Sync 1 DAGs
[2021-12-21 00:22:25,325] {logging_mixin.py:104} INFO - [2021-12-21 00:22:25,322] {dag.py:2306} INFO - Setting next_dagrun for example_bash_operator to 2021-12-19 00:00:00+00:00
[2021-12-21 00:22:25,375] {scheduler_job.py:190} INFO - Processing /home/airflow/.local/lib/python3.8/site-packages/airflow/example_dags/example_bash_operator.py took 0.236 seconds
[2021-12-21 00:22:55,472] {scheduler_job.py:182} INFO - Started process (PID=11286) to work on /home/airflow/.local/lib/python3.8/site-packages/airflow/example_dags/example_bash_operator.py
[2021-12-21 00:22:55,482] {scheduler_job.py:633} INFO - Processing file /home/airflow/.local/lib/python3.8/site-packages/airflow/example_dags/example_bash_operator.py for tasks to queue
[2021-12-21 00:22:55,485] {logging_mixin.py:104} INFO - [2021-12-21 00:22:55,485] {dagbag.py:496} INFO - Filling up the DagBag from /home/airflow/.local/lib/python3.8/site-packages/airflow/example_dags/example_bash_operator.py
[2021-12-21 00:22:55,523] {scheduler_job.py:643} INFO - DAG(s) dict_keys(['example_bash_operator']) retrieved from /home/airflow/.local/lib/python3.8/site-packages/airflow/example_dags/example_bash_operator.py
[2021-12-21 00:22:55,578] {logging_mixin.py:104} INFO - [2021-12-21 00:22:55,577] {dag.py:1833} INFO - Sync 1 DAGs
[2021-12-21 00:22:55,603] {logging_mixin.py:104} INFO - [2021-12-21 00:22:55,603] {dag.py:2306} INFO - Setting next_dagrun for example_bash_operator to 2021-12-19 00:00:00+00:00
[2021-12-21 00:22:55,627] {scheduler_job.py:190} INFO - Processing /home/airflow/.local/lib/python3.8/site-packages/airflow/example_dags/example_bash_operator.py took 0.164 seconds
[2021-12-21 00:23:26,113] {scheduler_job.py:182} INFO - Started process (PID=11317) to work on /home/airflow/.local/lib/python3.8/site-packages/airflow/example_dags/example_bash_operator.py
[2021-12-21 00:23:26,120] {scheduler_job.py:633} INFO - Processing file /home/airflow/.local/lib/python3.8/site-packages/airflow/example_dags/example_bash_operator.py for tasks to queue
[2021-12-21 00:23:26,124] {logging_mixin.py:104} INFO - [2021-12-21 00:23:26,124] {dagbag.py:496} INFO - Filling up the DagBag from /home/airflow/.local/lib/python3.8/site-packages/airflow/example_dags/example_bash_operator.py
[2021-12-21 00:23:26,162] {scheduler_job.py:643} INFO - DAG(s) dict_keys(['example_bash_operator']) retrieved from /home/airflow/.local/lib/python3.8/site-packages/airflow/example_dags/example_bash_operator.py
[2021-12-21 00:23:26,227] {logging_mixin.py:104} INFO - [2021-12-21 00:23:26,227] {dag.py:1833} INFO - Sync 1 DAGs
[2021-12-21 00:23:26,228] {logging_mixin.py:104} INFO - [2021-12-21 00:23:26,228] {dag.py:2306} INFO - Setting next_dagrun for example_bash_operator to 2021-12-19 00:00:00+00:00
[2021-12-21 00:23:26,262] {scheduler_job.py:190} INFO - Processing /home/airflow/.local/lib/python3.8/site-packages/airflow/example_dags/example_bash_operator.py took 0.187 seconds
[2021-12-21 00:23:56,429] {scheduler_job.py:182} INFO - Started process (PID=11348) to work on /home/airflow/.local/lib/python3.8/site-packages/airflow/example_dags/example_bash_operator.py
[2021-12-21 00:23:56,432] {scheduler_job.py:633} INFO - Processing file /home/airflow/.local/lib/python3.8/site-packages/airflow/example_dags/example_bash_operator.py for tasks to queue
[2021-12-21 00:23:56,434] {logging_mixin.py:104} INFO - [2021-12-21 00:23:56,434] {dagbag.py:496} INFO - Filling up the DagBag from /home/airflow/.local/lib/python3.8/site-packages/airflow/example_dags/example_bash_operator.py
[2021-12-21 00:23:56,477] {scheduler_job.py:643} INFO - DAG(s) dict_keys(['example_bash_operator']) retrieved from /home/airflow/.local/lib/python3.8/site-packages/airflow/example_dags/example_bash_operator.py
[2021-12-21 00:23:56,540] {logging_mixin.py:104} INFO - [2021-12-21 00:23:56,540] {dag.py:1833} INFO - Sync 1 DAGs
[2021-12-21 00:23:56,566] {logging_mixin.py:104} INFO - [2021-12-21 00:23:56,566] {dag.py:2306} INFO - Setting next_dagrun for example_bash_operator to 2021-12-19 00:00:00+00:00
[2021-12-21 00:23:56,592] {scheduler_job.py:190} INFO - Processing /home/airflow/.local/lib/python3.8/site-packages/airflow/example_dags/example_bash_operator.py took 0.175 seconds
[2021-12-21 00:24:26,959] {scheduler_job.py:182} INFO - Started process (PID=11379) to work on /home/airflow/.local/lib/python3.8/site-packages/airflow/example_dags/example_bash_operator.py
[2021-12-21 00:24:26,962] {scheduler_job.py:633} INFO - Processing file /home/airflow/.local/lib/python3.8/site-packages/airflow/example_dags/example_bash_operator.py for tasks to queue
[2021-12-21 00:24:26,964] {logging_mixin.py:104} INFO - [2021-12-21 00:24:26,964] {dagbag.py:496} INFO - Filling up the DagBag from /home/airflow/.local/lib/python3.8/site-packages/airflow/example_dags/example_bash_operator.py
[2021-12-21 00:24:26,988] {scheduler_job.py:643} INFO - DAG(s) dict_keys(['example_bash_operator']) retrieved from /home/airflow/.local/lib/python3.8/site-packages/airflow/example_dags/example_bash_operator.py
[2021-12-21 00:24:27,055] {logging_mixin.py:104} INFO - [2021-12-21 00:24:27,054] {dag.py:1833} INFO - Sync 1 DAGs
[2021-12-21 00:24:27,100] {logging_mixin.py:104} INFO - [2021-12-21 00:24:27,099] {dag.py:2306} INFO - Setting next_dagrun for example_bash_operator to 2021-12-19 00:00:00+00:00
[2021-12-21 00:24:27,138] {scheduler_job.py:190} INFO - Processing /home/airflow/.local/lib/python3.8/site-packages/airflow/example_dags/example_bash_operator.py took 0.189 seconds
[2021-12-21 00:24:57,511] {scheduler_job.py:182} INFO - Started process (PID=11410) to work on /home/airflow/.local/lib/python3.8/site-packages/airflow/example_dags/example_bash_operator.py
[2021-12-21 00:24:57,517] {scheduler_job.py:633} INFO - Processing file /home/airflow/.local/lib/python3.8/site-packages/airflow/example_dags/example_bash_operator.py for tasks to queue
[2021-12-21 00:24:57,524] {logging_mixin.py:104} INFO - [2021-12-21 00:24:57,524] {dagbag.py:496} INFO - Filling up the DagBag from /home/airflow/.local/lib/python3.8/site-packages/airflow/example_dags/example_bash_operator.py
[2021-12-21 00:24:57,581] {scheduler_job.py:643} INFO - DAG(s) dict_keys(['example_bash_operator']) retrieved from /home/airflow/.local/lib/python3.8/site-packages/airflow/example_dags/example_bash_operator.py
[2021-12-21 00:24:57,644] {logging_mixin.py:104} INFO - [2021-12-21 00:24:57,643] {dag.py:1833} INFO - Sync 1 DAGs
[2021-12-21 00:24:57,673] {logging_mixin.py:104} INFO - [2021-12-21 00:24:57,673] {dag.py:2306} INFO - Setting next_dagrun for example_bash_operator to 2021-12-19 00:00:00+00:00
[2021-12-21 00:24:57,695] {scheduler_job.py:190} INFO - Processing /home/airflow/.local/lib/python3.8/site-packages/airflow/example_dags/example_bash_operator.py took 0.190 seconds
[2021-12-21 00:25:27,737] {scheduler_job.py:182} INFO - Started process (PID=11440) to work on /home/airflow/.local/lib/python3.8/site-packages/airflow/example_dags/example_bash_operator.py
[2021-12-21 00:25:27,741] {scheduler_job.py:633} INFO - Processing file /home/airflow/.local/lib/python3.8/site-packages/airflow/example_dags/example_bash_operator.py for tasks to queue
[2021-12-21 00:25:27,743] {logging_mixin.py:104} INFO - [2021-12-21 00:25:27,742] {dagbag.py:496} INFO - Filling up the DagBag from /home/airflow/.local/lib/python3.8/site-packages/airflow/example_dags/example_bash_operator.py
[2021-12-21 00:25:27,764] {scheduler_job.py:643} INFO - DAG(s) dict_keys(['example_bash_operator']) retrieved from /home/airflow/.local/lib/python3.8/site-packages/airflow/example_dags/example_bash_operator.py
[2021-12-21 00:25:27,810] {logging_mixin.py:104} INFO - [2021-12-21 00:25:27,810] {dag.py:1833} INFO - Sync 1 DAGs
[2021-12-21 00:25:27,830] {logging_mixin.py:104} INFO - [2021-12-21 00:25:27,830] {dag.py:2306} INFO - Setting next_dagrun for example_bash_operator to 2021-12-19 00:00:00+00:00
[2021-12-21 00:25:27,851] {scheduler_job.py:190} INFO - Processing /home/airflow/.local/lib/python3.8/site-packages/airflow/example_dags/example_bash_operator.py took 0.118 seconds
[2021-12-21 00:25:57,893] {scheduler_job.py:182} INFO - Started process (PID=11471) to work on /home/airflow/.local/lib/python3.8/site-packages/airflow/example_dags/example_bash_operator.py
[2021-12-21 00:25:57,897] {scheduler_job.py:633} INFO - Processing file /home/airflow/.local/lib/python3.8/site-packages/airflow/example_dags/example_bash_operator.py for tasks to queue
[2021-12-21 00:25:57,899] {logging_mixin.py:104} INFO - [2021-12-21 00:25:57,899] {dagbag.py:496} INFO - Filling up the DagBag from /home/airflow/.local/lib/python3.8/site-packages/airflow/example_dags/example_bash_operator.py
[2021-12-21 00:25:57,924] {scheduler_job.py:643} INFO - DAG(s) dict_keys(['example_bash_operator']) retrieved from /home/airflow/.local/lib/python3.8/site-packages/airflow/example_dags/example_bash_operator.py
[2021-12-21 00:25:57,972] {logging_mixin.py:104} INFO - [2021-12-21 00:25:57,972] {dag.py:1833} INFO - Sync 1 DAGs
[2021-12-21 00:25:57,991] {logging_mixin.py:104} INFO - [2021-12-21 00:25:57,991] {dag.py:2306} INFO - Setting next_dagrun for example_bash_operator to 2021-12-19 00:00:00+00:00
[2021-12-21 00:25:58,011] {scheduler_job.py:190} INFO - Processing /home/airflow/.local/lib/python3.8/site-packages/airflow/example_dags/example_bash_operator.py took 0.130 seconds
[2021-12-21 00:26:29,033] {scheduler_job.py:182} INFO - Started process (PID=11503) to work on /home/airflow/.local/lib/python3.8/site-packages/airflow/example_dags/example_bash_operator.py
[2021-12-21 00:26:29,039] {scheduler_job.py:633} INFO - Processing file /home/airflow/.local/lib/python3.8/site-packages/airflow/example_dags/example_bash_operator.py for tasks to queue
[2021-12-21 00:26:29,048] {logging_mixin.py:104} INFO - [2021-12-21 00:26:29,048] {dagbag.py:496} INFO - Filling up the DagBag from /home/airflow/.local/lib/python3.8/site-packages/airflow/example_dags/example_bash_operator.py
[2021-12-21 00:26:29,123] {scheduler_job.py:643} INFO - DAG(s) dict_keys(['example_bash_operator']) retrieved from /home/airflow/.local/lib/python3.8/site-packages/airflow/example_dags/example_bash_operator.py
[2021-12-21 00:26:29,340] {logging_mixin.py:104} INFO - [2021-12-21 00:26:29,340] {dag.py:1833} INFO - Sync 1 DAGs
[2021-12-21 00:26:29,376] {logging_mixin.py:104} INFO - [2021-12-21 00:26:29,375] {dag.py:2306} INFO - Setting next_dagrun for example_bash_operator to 2021-12-19 00:00:00+00:00
[2021-12-21 00:26:29,429] {scheduler_job.py:190} INFO - Processing /home/airflow/.local/lib/python3.8/site-packages/airflow/example_dags/example_bash_operator.py took 0.417 seconds
[2021-12-21 00:26:59,684] {scheduler_job.py:182} INFO - Started process (PID=11535) to work on /home/airflow/.local/lib/python3.8/site-packages/airflow/example_dags/example_bash_operator.py
[2021-12-21 00:26:59,692] {scheduler_job.py:633} INFO - Processing file /home/airflow/.local/lib/python3.8/site-packages/airflow/example_dags/example_bash_operator.py for tasks to queue
[2021-12-21 00:26:59,696] {logging_mixin.py:104} INFO - [2021-12-21 00:26:59,696] {dagbag.py:496} INFO - Filling up the DagBag from /home/airflow/.local/lib/python3.8/site-packages/airflow/example_dags/example_bash_operator.py
[2021-12-21 00:26:59,768] {scheduler_job.py:643} INFO - DAG(s) dict_keys(['example_bash_operator']) retrieved from /home/airflow/.local/lib/python3.8/site-packages/airflow/example_dags/example_bash_operator.py
[2021-12-21 00:26:59,816] {logging_mixin.py:104} INFO - [2021-12-21 00:26:59,816] {dag.py:1833} INFO - Sync 1 DAGs
[2021-12-21 00:26:59,838] {logging_mixin.py:104} INFO - [2021-12-21 00:26:59,838] {dag.py:2306} INFO - Setting next_dagrun for example_bash_operator to 2021-12-19 00:00:00+00:00
[2021-12-21 00:26:59,871] {scheduler_job.py:190} INFO - Processing /home/airflow/.local/lib/python3.8/site-packages/airflow/example_dags/example_bash_operator.py took 0.228 seconds
[2021-12-21 00:27:30,250] {scheduler_job.py:182} INFO - Started process (PID=11566) to work on /home/airflow/.local/lib/python3.8/site-packages/airflow/example_dags/example_bash_operator.py
[2021-12-21 00:27:30,255] {scheduler_job.py:633} INFO - Processing file /home/airflow/.local/lib/python3.8/site-packages/airflow/example_dags/example_bash_operator.py for tasks to queue
[2021-12-21 00:27:30,259] {logging_mixin.py:104} INFO - [2021-12-21 00:27:30,259] {dagbag.py:496} INFO - Filling up the DagBag from /home/airflow/.local/lib/python3.8/site-packages/airflow/example_dags/example_bash_operator.py
[2021-12-21 00:27:30,373] {scheduler_job.py:643} INFO - DAG(s) dict_keys(['example_bash_operator']) retrieved from /home/airflow/.local/lib/python3.8/site-packages/airflow/example_dags/example_bash_operator.py
[2021-12-21 00:27:30,455] {logging_mixin.py:104} INFO - [2021-12-21 00:27:30,454] {dag.py:1833} INFO - Sync 1 DAGs
[2021-12-21 00:27:30,482] {logging_mixin.py:104} INFO - [2021-12-21 00:27:30,482] {dag.py:2306} INFO - Setting next_dagrun for example_bash_operator to 2021-12-19 00:00:00+00:00
[2021-12-21 00:27:30,510] {scheduler_job.py:190} INFO - Processing /home/airflow/.local/lib/python3.8/site-packages/airflow/example_dags/example_bash_operator.py took 0.265 seconds
[2021-12-21 00:28:01,374] {scheduler_job.py:182} INFO - Started process (PID=11597) to work on /home/airflow/.local/lib/python3.8/site-packages/airflow/example_dags/example_bash_operator.py
[2021-12-21 00:28:01,381] {scheduler_job.py:633} INFO - Processing file /home/airflow/.local/lib/python3.8/site-packages/airflow/example_dags/example_bash_operator.py for tasks to queue
[2021-12-21 00:28:01,383] {logging_mixin.py:104} INFO - [2021-12-21 00:28:01,383] {dagbag.py:496} INFO - Filling up the DagBag from /home/airflow/.local/lib/python3.8/site-packages/airflow/example_dags/example_bash_operator.py
[2021-12-21 00:28:01,414] {scheduler_job.py:643} INFO - DAG(s) dict_keys(['example_bash_operator']) retrieved from /home/airflow/.local/lib/python3.8/site-packages/airflow/example_dags/example_bash_operator.py
[2021-12-21 00:28:01,478] {logging_mixin.py:104} INFO - [2021-12-21 00:28:01,478] {dag.py:1833} INFO - Sync 1 DAGs
[2021-12-21 00:28:01,501] {logging_mixin.py:104} INFO - [2021-12-21 00:28:01,501] {dag.py:2306} INFO - Setting next_dagrun for example_bash_operator to 2021-12-19 00:00:00+00:00
[2021-12-21 00:28:01,525] {scheduler_job.py:190} INFO - Processing /home/airflow/.local/lib/python3.8/site-packages/airflow/example_dags/example_bash_operator.py took 0.156 seconds
[2021-12-21 00:28:32,045] {scheduler_job.py:182} INFO - Started process (PID=11628) to work on /home/airflow/.local/lib/python3.8/site-packages/airflow/example_dags/example_bash_operator.py
[2021-12-21 00:28:32,050] {scheduler_job.py:633} INFO - Processing file /home/airflow/.local/lib/python3.8/site-packages/airflow/example_dags/example_bash_operator.py for tasks to queue
[2021-12-21 00:28:32,055] {logging_mixin.py:104} INFO - [2021-12-21 00:28:32,054] {dagbag.py:496} INFO - Filling up the DagBag from /home/airflow/.local/lib/python3.8/site-packages/airflow/example_dags/example_bash_operator.py
[2021-12-21 00:28:32,088] {scheduler_job.py:643} INFO - DAG(s) dict_keys(['example_bash_operator']) retrieved from /home/airflow/.local/lib/python3.8/site-packages/airflow/example_dags/example_bash_operator.py
[2021-12-21 00:28:32,156] {logging_mixin.py:104} INFO - [2021-12-21 00:28:32,156] {dag.py:1833} INFO - Sync 1 DAGs
[2021-12-21 00:28:32,176] {logging_mixin.py:104} INFO - [2021-12-21 00:28:32,176] {dag.py:2306} INFO - Setting next_dagrun for example_bash_operator to 2021-12-19 00:00:00+00:00
[2021-12-21 00:28:32,212] {scheduler_job.py:190} INFO - Processing /home/airflow/.local/lib/python3.8/site-packages/airflow/example_dags/example_bash_operator.py took 0.176 seconds
[2021-12-21 00:29:04,691] {scheduler_job.py:182} INFO - Started process (PID=11661) to work on /home/airflow/.local/lib/python3.8/site-packages/airflow/example_dags/example_bash_operator.py
[2021-12-21 00:29:04,696] {scheduler_job.py:633} INFO - Processing file /home/airflow/.local/lib/python3.8/site-packages/airflow/example_dags/example_bash_operator.py for tasks to queue
[2021-12-21 00:29:04,700] {logging_mixin.py:104} INFO - [2021-12-21 00:29:04,699] {dagbag.py:496} INFO - Filling up the DagBag from /home/airflow/.local/lib/python3.8/site-packages/airflow/example_dags/example_bash_operator.py
[2021-12-21 00:29:04,737] {scheduler_job.py:643} INFO - DAG(s) dict_keys(['example_bash_operator']) retrieved from /home/airflow/.local/lib/python3.8/site-packages/airflow/example_dags/example_bash_operator.py
[2021-12-21 00:29:04,823] {logging_mixin.py:104} INFO - [2021-12-21 00:29:04,823] {dag.py:1833} INFO - Sync 1 DAGs
[2021-12-21 00:29:04,863] {logging_mixin.py:104} INFO - [2021-12-21 00:29:04,863] {dag.py:2306} INFO - Setting next_dagrun for example_bash_operator to 2021-12-19 00:00:00+00:00
[2021-12-21 00:29:04,892] {scheduler_job.py:190} INFO - Processing /home/airflow/.local/lib/python3.8/site-packages/airflow/example_dags/example_bash_operator.py took 0.213 seconds
[2021-12-21 00:29:35,288] {scheduler_job.py:182} INFO - Started process (PID=11692) to work on /home/airflow/.local/lib/python3.8/site-packages/airflow/example_dags/example_bash_operator.py
[2021-12-21 00:29:35,303] {scheduler_job.py:633} INFO - Processing file /home/airflow/.local/lib/python3.8/site-packages/airflow/example_dags/example_bash_operator.py for tasks to queue
[2021-12-21 00:29:35,312] {logging_mixin.py:104} INFO - [2021-12-21 00:29:35,312] {dagbag.py:496} INFO - Filling up the DagBag from /home/airflow/.local/lib/python3.8/site-packages/airflow/example_dags/example_bash_operator.py
[2021-12-21 00:29:35,375] {scheduler_job.py:643} INFO - DAG(s) dict_keys(['example_bash_operator']) retrieved from /home/airflow/.local/lib/python3.8/site-packages/airflow/example_dags/example_bash_operator.py
[2021-12-21 00:29:35,461] {logging_mixin.py:104} INFO - [2021-12-21 00:29:35,461] {dag.py:1833} INFO - Sync 1 DAGs
[2021-12-21 00:29:35,489] {logging_mixin.py:104} INFO - [2021-12-21 00:29:35,489] {dag.py:2306} INFO - Setting next_dagrun for example_bash_operator to 2021-12-19 00:00:00+00:00
[2021-12-21 00:29:35,513] {scheduler_job.py:190} INFO - Processing /home/airflow/.local/lib/python3.8/site-packages/airflow/example_dags/example_bash_operator.py took 0.239 seconds
[2021-12-21 00:30:06,087] {scheduler_job.py:182} INFO - Started process (PID=11723) to work on /home/airflow/.local/lib/python3.8/site-packages/airflow/example_dags/example_bash_operator.py
[2021-12-21 00:30:06,094] {scheduler_job.py:633} INFO - Processing file /home/airflow/.local/lib/python3.8/site-packages/airflow/example_dags/example_bash_operator.py for tasks to queue
[2021-12-21 00:30:06,097] {logging_mixin.py:104} INFO - [2021-12-21 00:30:06,097] {dagbag.py:496} INFO - Filling up the DagBag from /home/airflow/.local/lib/python3.8/site-packages/airflow/example_dags/example_bash_operator.py
[2021-12-21 00:30:06,130] {scheduler_job.py:643} INFO - DAG(s) dict_keys(['example_bash_operator']) retrieved from /home/airflow/.local/lib/python3.8/site-packages/airflow/example_dags/example_bash_operator.py
[2021-12-21 00:30:06,200] {logging_mixin.py:104} INFO - [2021-12-21 00:30:06,200] {dag.py:1833} INFO - Sync 1 DAGs
[2021-12-21 00:30:06,239] {logging_mixin.py:104} INFO - [2021-12-21 00:30:06,239] {dag.py:2306} INFO - Setting next_dagrun for example_bash_operator to 2021-12-19 00:00:00+00:00
[2021-12-21 00:30:06,274] {scheduler_job.py:190} INFO - Processing /home/airflow/.local/lib/python3.8/site-packages/airflow/example_dags/example_bash_operator.py took 0.195 seconds
[2021-12-21 00:30:36,992] {scheduler_job.py:182} INFO - Started process (PID=11754) to work on /home/airflow/.local/lib/python3.8/site-packages/airflow/example_dags/example_bash_operator.py
[2021-12-21 00:30:36,998] {scheduler_job.py:633} INFO - Processing file /home/airflow/.local/lib/python3.8/site-packages/airflow/example_dags/example_bash_operator.py for tasks to queue
[2021-12-21 00:30:37,000] {logging_mixin.py:104} INFO - [2021-12-21 00:30:37,000] {dagbag.py:496} INFO - Filling up the DagBag from /home/airflow/.local/lib/python3.8/site-packages/airflow/example_dags/example_bash_operator.py
[2021-12-21 00:30:37,047] {scheduler_job.py:643} INFO - DAG(s) dict_keys(['example_bash_operator']) retrieved from /home/airflow/.local/lib/python3.8/site-packages/airflow/example_dags/example_bash_operator.py
[2021-12-21 00:30:37,152] {logging_mixin.py:104} INFO - [2021-12-21 00:30:37,152] {dag.py:1833} INFO - Sync 1 DAGs
[2021-12-21 00:30:37,194] {logging_mixin.py:104} INFO - [2021-12-21 00:30:37,193] {dag.py:2306} INFO - Setting next_dagrun for example_bash_operator to 2021-12-19 00:00:00+00:00
[2021-12-21 00:30:37,234] {scheduler_job.py:190} INFO - Processing /home/airflow/.local/lib/python3.8/site-packages/airflow/example_dags/example_bash_operator.py took 0.247 seconds
[2021-12-21 00:39:27,713] {scheduler_job.py:182} INFO - Started process (PID=11795) to work on /home/airflow/.local/lib/python3.8/site-packages/airflow/example_dags/example_bash_operator.py
[2021-12-21 00:39:27,719] {scheduler_job.py:633} INFO - Processing file /home/airflow/.local/lib/python3.8/site-packages/airflow/example_dags/example_bash_operator.py for tasks to queue
[2021-12-21 00:39:27,730] {logging_mixin.py:104} INFO - [2021-12-21 00:39:27,729] {dagbag.py:496} INFO - Filling up the DagBag from /home/airflow/.local/lib/python3.8/site-packages/airflow/example_dags/example_bash_operator.py
[2021-12-21 00:39:27,784] {scheduler_job.py:643} INFO - DAG(s) dict_keys(['example_bash_operator']) retrieved from /home/airflow/.local/lib/python3.8/site-packages/airflow/example_dags/example_bash_operator.py
[2021-12-21 00:39:27,995] {logging_mixin.py:104} INFO - [2021-12-21 00:39:27,993] {dag.py:1833} INFO - Sync 1 DAGs
[2021-12-21 00:39:28,090] {logging_mixin.py:104} INFO - [2021-12-21 00:39:28,090] {dag.py:2306} INFO - Setting next_dagrun for example_bash_operator to 2021-12-19 00:00:00+00:00
[2021-12-21 00:39:28,148] {scheduler_job.py:190} INFO - Processing /home/airflow/.local/lib/python3.8/site-packages/airflow/example_dags/example_bash_operator.py took 0.450 seconds
[2021-12-21 00:39:59,988] {scheduler_job.py:182} INFO - Started process (PID=11826) to work on /home/airflow/.local/lib/python3.8/site-packages/airflow/example_dags/example_bash_operator.py
[2021-12-21 00:39:59,992] {scheduler_job.py:633} INFO - Processing file /home/airflow/.local/lib/python3.8/site-packages/airflow/example_dags/example_bash_operator.py for tasks to queue
[2021-12-21 00:39:59,996] {logging_mixin.py:104} INFO - [2021-12-21 00:39:59,996] {dagbag.py:496} INFO - Filling up the DagBag from /home/airflow/.local/lib/python3.8/site-packages/airflow/example_dags/example_bash_operator.py
[2021-12-21 00:40:00,031] {scheduler_job.py:643} INFO - DAG(s) dict_keys(['example_bash_operator']) retrieved from /home/airflow/.local/lib/python3.8/site-packages/airflow/example_dags/example_bash_operator.py
[2021-12-21 00:40:00,159] {logging_mixin.py:104} INFO - [2021-12-21 00:40:00,158] {dag.py:1833} INFO - Sync 1 DAGs
[2021-12-21 00:40:00,222] {logging_mixin.py:104} INFO - [2021-12-21 00:40:00,222] {dag.py:2306} INFO - Setting next_dagrun for example_bash_operator to 2021-12-19 00:00:00+00:00
[2021-12-21 00:40:00,265] {scheduler_job.py:190} INFO - Processing /home/airflow/.local/lib/python3.8/site-packages/airflow/example_dags/example_bash_operator.py took 0.286 seconds
