[2021-12-21 00:00:18,184] {scheduler_job.py:182} INFO - Started process (PID=9906) to work on /home/airflow/.local/lib/python3.8/site-packages/airflow/example_dags/example_task_group.py
[2021-12-21 00:00:18,188] {scheduler_job.py:633} INFO - Processing file /home/airflow/.local/lib/python3.8/site-packages/airflow/example_dags/example_task_group.py for tasks to queue
[2021-12-21 00:00:18,190] {logging_mixin.py:104} INFO - [2021-12-21 00:00:18,190] {dagbag.py:496} INFO - Filling up the DagBag from /home/airflow/.local/lib/python3.8/site-packages/airflow/example_dags/example_task_group.py
[2021-12-21 00:00:18,218] {scheduler_job.py:643} INFO - DAG(s) dict_keys(['example_task_group']) retrieved from /home/airflow/.local/lib/python3.8/site-packages/airflow/example_dags/example_task_group.py
[2021-12-21 00:00:18,758] {logging_mixin.py:104} INFO - [2021-12-21 00:00:18,758] {dag.py:1833} INFO - Sync 1 DAGs
[2021-12-21 00:00:18,779] {logging_mixin.py:104} INFO - [2021-12-21 00:00:18,779] {dag.py:2306} INFO - Setting next_dagrun for example_task_group to 2021-12-19 00:00:00+00:00
[2021-12-21 00:00:18,801] {scheduler_job.py:190} INFO - Processing /home/airflow/.local/lib/python3.8/site-packages/airflow/example_dags/example_task_group.py took 0.625 seconds
[2021-12-21 00:00:49,598] {scheduler_job.py:182} INFO - Started process (PID=9937) to work on /home/airflow/.local/lib/python3.8/site-packages/airflow/example_dags/example_task_group.py
[2021-12-21 00:00:49,602] {scheduler_job.py:633} INFO - Processing file /home/airflow/.local/lib/python3.8/site-packages/airflow/example_dags/example_task_group.py for tasks to queue
[2021-12-21 00:00:49,605] {logging_mixin.py:104} INFO - [2021-12-21 00:00:49,605] {dagbag.py:496} INFO - Filling up the DagBag from /home/airflow/.local/lib/python3.8/site-packages/airflow/example_dags/example_task_group.py
[2021-12-21 00:00:49,651] {scheduler_job.py:643} INFO - DAG(s) dict_keys(['example_task_group']) retrieved from /home/airflow/.local/lib/python3.8/site-packages/airflow/example_dags/example_task_group.py
[2021-12-21 00:00:49,702] {logging_mixin.py:104} INFO - [2021-12-21 00:00:49,701] {dag.py:1833} INFO - Sync 1 DAGs
[2021-12-21 00:00:49,720] {logging_mixin.py:104} INFO - [2021-12-21 00:00:49,720] {dag.py:2306} INFO - Setting next_dagrun for example_task_group to 2021-12-19 00:00:00+00:00
[2021-12-21 00:00:49,740] {scheduler_job.py:190} INFO - Processing /home/airflow/.local/lib/python3.8/site-packages/airflow/example_dags/example_task_group.py took 0.147 seconds
[2021-12-21 00:01:20,235] {scheduler_job.py:182} INFO - Started process (PID=9968) to work on /home/airflow/.local/lib/python3.8/site-packages/airflow/example_dags/example_task_group.py
[2021-12-21 00:01:20,238] {scheduler_job.py:633} INFO - Processing file /home/airflow/.local/lib/python3.8/site-packages/airflow/example_dags/example_task_group.py for tasks to queue
[2021-12-21 00:01:20,241] {logging_mixin.py:104} INFO - [2021-12-21 00:01:20,241] {dagbag.py:496} INFO - Filling up the DagBag from /home/airflow/.local/lib/python3.8/site-packages/airflow/example_dags/example_task_group.py
[2021-12-21 00:01:20,270] {scheduler_job.py:643} INFO - DAG(s) dict_keys(['example_task_group']) retrieved from /home/airflow/.local/lib/python3.8/site-packages/airflow/example_dags/example_task_group.py
[2021-12-21 00:01:20,318] {logging_mixin.py:104} INFO - [2021-12-21 00:01:20,318] {dag.py:1833} INFO - Sync 1 DAGs
[2021-12-21 00:01:20,336] {logging_mixin.py:104} INFO - [2021-12-21 00:01:20,336] {dag.py:2306} INFO - Setting next_dagrun for example_task_group to 2021-12-19 00:00:00+00:00
[2021-12-21 00:01:20,356] {scheduler_job.py:190} INFO - Processing /home/airflow/.local/lib/python3.8/site-packages/airflow/example_dags/example_task_group.py took 0.126 seconds
[2021-12-21 00:01:51,140] {scheduler_job.py:182} INFO - Started process (PID=9999) to work on /home/airflow/.local/lib/python3.8/site-packages/airflow/example_dags/example_task_group.py
[2021-12-21 00:01:51,146] {scheduler_job.py:633} INFO - Processing file /home/airflow/.local/lib/python3.8/site-packages/airflow/example_dags/example_task_group.py for tasks to queue
[2021-12-21 00:01:51,151] {logging_mixin.py:104} INFO - [2021-12-21 00:01:51,151] {dagbag.py:496} INFO - Filling up the DagBag from /home/airflow/.local/lib/python3.8/site-packages/airflow/example_dags/example_task_group.py
[2021-12-21 00:01:51,198] {scheduler_job.py:643} INFO - DAG(s) dict_keys(['example_task_group']) retrieved from /home/airflow/.local/lib/python3.8/site-packages/airflow/example_dags/example_task_group.py
[2021-12-21 00:01:51,256] {logging_mixin.py:104} INFO - [2021-12-21 00:01:51,256] {dag.py:1833} INFO - Sync 1 DAGs
[2021-12-21 00:01:51,295] {logging_mixin.py:104} INFO - [2021-12-21 00:01:51,294] {dag.py:2306} INFO - Setting next_dagrun for example_task_group to 2021-12-19 00:00:00+00:00
[2021-12-21 00:01:51,330] {scheduler_job.py:190} INFO - Processing /home/airflow/.local/lib/python3.8/site-packages/airflow/example_dags/example_task_group.py took 0.197 seconds
[2021-12-21 00:02:21,922] {scheduler_job.py:182} INFO - Started process (PID=10030) to work on /home/airflow/.local/lib/python3.8/site-packages/airflow/example_dags/example_task_group.py
[2021-12-21 00:02:21,927] {scheduler_job.py:633} INFO - Processing file /home/airflow/.local/lib/python3.8/site-packages/airflow/example_dags/example_task_group.py for tasks to queue
[2021-12-21 00:02:21,930] {logging_mixin.py:104} INFO - [2021-12-21 00:02:21,930] {dagbag.py:496} INFO - Filling up the DagBag from /home/airflow/.local/lib/python3.8/site-packages/airflow/example_dags/example_task_group.py
[2021-12-21 00:02:21,986] {scheduler_job.py:643} INFO - DAG(s) dict_keys(['example_task_group']) retrieved from /home/airflow/.local/lib/python3.8/site-packages/airflow/example_dags/example_task_group.py
[2021-12-21 00:02:22,040] {logging_mixin.py:104} INFO - [2021-12-21 00:02:22,040] {dag.py:1833} INFO - Sync 1 DAGs
[2021-12-21 00:02:22,059] {logging_mixin.py:104} INFO - [2021-12-21 00:02:22,059] {dag.py:2306} INFO - Setting next_dagrun for example_task_group to 2021-12-19 00:00:00+00:00
[2021-12-21 00:02:22,082] {scheduler_job.py:190} INFO - Processing /home/airflow/.local/lib/python3.8/site-packages/airflow/example_dags/example_task_group.py took 0.166 seconds
[2021-12-21 00:02:52,153] {scheduler_job.py:182} INFO - Started process (PID=10061) to work on /home/airflow/.local/lib/python3.8/site-packages/airflow/example_dags/example_task_group.py
[2021-12-21 00:02:52,156] {scheduler_job.py:633} INFO - Processing file /home/airflow/.local/lib/python3.8/site-packages/airflow/example_dags/example_task_group.py for tasks to queue
[2021-12-21 00:02:52,158] {logging_mixin.py:104} INFO - [2021-12-21 00:02:52,158] {dagbag.py:496} INFO - Filling up the DagBag from /home/airflow/.local/lib/python3.8/site-packages/airflow/example_dags/example_task_group.py
[2021-12-21 00:02:52,177] {scheduler_job.py:643} INFO - DAG(s) dict_keys(['example_task_group']) retrieved from /home/airflow/.local/lib/python3.8/site-packages/airflow/example_dags/example_task_group.py
[2021-12-21 00:02:52,247] {logging_mixin.py:104} INFO - [2021-12-21 00:02:52,247] {dag.py:1833} INFO - Sync 1 DAGs
[2021-12-21 00:02:52,271] {logging_mixin.py:104} INFO - [2021-12-21 00:02:52,271] {dag.py:2306} INFO - Setting next_dagrun for example_task_group to 2021-12-19 00:00:00+00:00
[2021-12-21 00:02:52,298] {scheduler_job.py:190} INFO - Processing /home/airflow/.local/lib/python3.8/site-packages/airflow/example_dags/example_task_group.py took 0.150 seconds
[2021-12-21 00:03:22,435] {scheduler_job.py:182} INFO - Started process (PID=10092) to work on /home/airflow/.local/lib/python3.8/site-packages/airflow/example_dags/example_task_group.py
[2021-12-21 00:03:22,439] {scheduler_job.py:633} INFO - Processing file /home/airflow/.local/lib/python3.8/site-packages/airflow/example_dags/example_task_group.py for tasks to queue
[2021-12-21 00:03:22,455] {logging_mixin.py:104} INFO - [2021-12-21 00:03:22,455] {dagbag.py:496} INFO - Filling up the DagBag from /home/airflow/.local/lib/python3.8/site-packages/airflow/example_dags/example_task_group.py
[2021-12-21 00:03:22,490] {scheduler_job.py:643} INFO - DAG(s) dict_keys(['example_task_group']) retrieved from /home/airflow/.local/lib/python3.8/site-packages/airflow/example_dags/example_task_group.py
[2021-12-21 00:03:22,556] {logging_mixin.py:104} INFO - [2021-12-21 00:03:22,556] {dag.py:1833} INFO - Sync 1 DAGs
[2021-12-21 00:03:22,576] {logging_mixin.py:104} INFO - [2021-12-21 00:03:22,576] {dag.py:2306} INFO - Setting next_dagrun for example_task_group to 2021-12-19 00:00:00+00:00
[2021-12-21 00:03:22,596] {scheduler_job.py:190} INFO - Processing /home/airflow/.local/lib/python3.8/site-packages/airflow/example_dags/example_task_group.py took 0.165 seconds
[2021-12-21 00:03:53,130] {scheduler_job.py:182} INFO - Started process (PID=10123) to work on /home/airflow/.local/lib/python3.8/site-packages/airflow/example_dags/example_task_group.py
[2021-12-21 00:03:53,142] {scheduler_job.py:633} INFO - Processing file /home/airflow/.local/lib/python3.8/site-packages/airflow/example_dags/example_task_group.py for tasks to queue
[2021-12-21 00:03:53,145] {logging_mixin.py:104} INFO - [2021-12-21 00:03:53,145] {dagbag.py:496} INFO - Filling up the DagBag from /home/airflow/.local/lib/python3.8/site-packages/airflow/example_dags/example_task_group.py
[2021-12-21 00:03:53,172] {scheduler_job.py:643} INFO - DAG(s) dict_keys(['example_task_group']) retrieved from /home/airflow/.local/lib/python3.8/site-packages/airflow/example_dags/example_task_group.py
[2021-12-21 00:03:53,224] {logging_mixin.py:104} INFO - [2021-12-21 00:03:53,224] {dag.py:1833} INFO - Sync 1 DAGs
[2021-12-21 00:03:53,240] {logging_mixin.py:104} INFO - [2021-12-21 00:03:53,240] {dag.py:2306} INFO - Setting next_dagrun for example_task_group to 2021-12-19 00:00:00+00:00
[2021-12-21 00:03:53,260] {scheduler_job.py:190} INFO - Processing /home/airflow/.local/lib/python3.8/site-packages/airflow/example_dags/example_task_group.py took 0.137 seconds
[2021-12-21 00:04:23,353] {scheduler_job.py:182} INFO - Started process (PID=10154) to work on /home/airflow/.local/lib/python3.8/site-packages/airflow/example_dags/example_task_group.py
[2021-12-21 00:04:23,359] {scheduler_job.py:633} INFO - Processing file /home/airflow/.local/lib/python3.8/site-packages/airflow/example_dags/example_task_group.py for tasks to queue
[2021-12-21 00:04:23,363] {logging_mixin.py:104} INFO - [2021-12-21 00:04:23,362] {dagbag.py:496} INFO - Filling up the DagBag from /home/airflow/.local/lib/python3.8/site-packages/airflow/example_dags/example_task_group.py
[2021-12-21 00:04:23,424] {scheduler_job.py:643} INFO - DAG(s) dict_keys(['example_task_group']) retrieved from /home/airflow/.local/lib/python3.8/site-packages/airflow/example_dags/example_task_group.py
[2021-12-21 00:04:23,513] {logging_mixin.py:104} INFO - [2021-12-21 00:04:23,513] {dag.py:1833} INFO - Sync 1 DAGs
[2021-12-21 00:04:23,536] {logging_mixin.py:104} INFO - [2021-12-21 00:04:23,536] {dag.py:2306} INFO - Setting next_dagrun for example_task_group to 2021-12-19 00:00:00+00:00
[2021-12-21 00:04:23,561] {scheduler_job.py:190} INFO - Processing /home/airflow/.local/lib/python3.8/site-packages/airflow/example_dags/example_task_group.py took 0.218 seconds
[2021-12-21 00:04:54,581] {scheduler_job.py:182} INFO - Started process (PID=10185) to work on /home/airflow/.local/lib/python3.8/site-packages/airflow/example_dags/example_task_group.py
[2021-12-21 00:04:54,595] {scheduler_job.py:633} INFO - Processing file /home/airflow/.local/lib/python3.8/site-packages/airflow/example_dags/example_task_group.py for tasks to queue
[2021-12-21 00:04:54,599] {logging_mixin.py:104} INFO - [2021-12-21 00:04:54,598] {dagbag.py:496} INFO - Filling up the DagBag from /home/airflow/.local/lib/python3.8/site-packages/airflow/example_dags/example_task_group.py
[2021-12-21 00:04:54,637] {scheduler_job.py:643} INFO - DAG(s) dict_keys(['example_task_group']) retrieved from /home/airflow/.local/lib/python3.8/site-packages/airflow/example_dags/example_task_group.py
[2021-12-21 00:04:54,710] {logging_mixin.py:104} INFO - [2021-12-21 00:04:54,710] {dag.py:1833} INFO - Sync 1 DAGs
[2021-12-21 00:04:54,743] {logging_mixin.py:104} INFO - [2021-12-21 00:04:54,743] {dag.py:2306} INFO - Setting next_dagrun for example_task_group to 2021-12-19 00:00:00+00:00
[2021-12-21 00:04:54,782] {scheduler_job.py:190} INFO - Processing /home/airflow/.local/lib/python3.8/site-packages/airflow/example_dags/example_task_group.py took 0.217 seconds
[2021-12-21 00:05:24,992] {scheduler_job.py:182} INFO - Started process (PID=10215) to work on /home/airflow/.local/lib/python3.8/site-packages/airflow/example_dags/example_task_group.py
[2021-12-21 00:05:25,000] {scheduler_job.py:633} INFO - Processing file /home/airflow/.local/lib/python3.8/site-packages/airflow/example_dags/example_task_group.py for tasks to queue
[2021-12-21 00:05:25,002] {logging_mixin.py:104} INFO - [2021-12-21 00:05:25,002] {dagbag.py:496} INFO - Filling up the DagBag from /home/airflow/.local/lib/python3.8/site-packages/airflow/example_dags/example_task_group.py
[2021-12-21 00:05:25,020] {scheduler_job.py:643} INFO - DAG(s) dict_keys(['example_task_group']) retrieved from /home/airflow/.local/lib/python3.8/site-packages/airflow/example_dags/example_task_group.py
[2021-12-21 00:05:25,071] {logging_mixin.py:104} INFO - [2021-12-21 00:05:25,071] {dag.py:1833} INFO - Sync 1 DAGs
[2021-12-21 00:05:25,092] {logging_mixin.py:104} INFO - [2021-12-21 00:05:25,092] {dag.py:2306} INFO - Setting next_dagrun for example_task_group to 2021-12-19 00:00:00+00:00
[2021-12-21 00:05:25,112] {scheduler_job.py:190} INFO - Processing /home/airflow/.local/lib/python3.8/site-packages/airflow/example_dags/example_task_group.py took 0.128 seconds
[2021-12-21 00:05:55,505] {scheduler_job.py:182} INFO - Started process (PID=10246) to work on /home/airflow/.local/lib/python3.8/site-packages/airflow/example_dags/example_task_group.py
[2021-12-21 00:05:55,511] {scheduler_job.py:633} INFO - Processing file /home/airflow/.local/lib/python3.8/site-packages/airflow/example_dags/example_task_group.py for tasks to queue
[2021-12-21 00:05:55,515] {logging_mixin.py:104} INFO - [2021-12-21 00:05:55,514] {dagbag.py:496} INFO - Filling up the DagBag from /home/airflow/.local/lib/python3.8/site-packages/airflow/example_dags/example_task_group.py
[2021-12-21 00:05:55,552] {scheduler_job.py:643} INFO - DAG(s) dict_keys(['example_task_group']) retrieved from /home/airflow/.local/lib/python3.8/site-packages/airflow/example_dags/example_task_group.py
[2021-12-21 00:05:55,619] {logging_mixin.py:104} INFO - [2021-12-21 00:05:55,619] {dag.py:1833} INFO - Sync 1 DAGs
[2021-12-21 00:05:55,640] {logging_mixin.py:104} INFO - [2021-12-21 00:05:55,639] {dag.py:2306} INFO - Setting next_dagrun for example_task_group to 2021-12-19 00:00:00+00:00
[2021-12-21 00:05:55,664] {scheduler_job.py:190} INFO - Processing /home/airflow/.local/lib/python3.8/site-packages/airflow/example_dags/example_task_group.py took 0.179 seconds
[2021-12-21 00:06:26,473] {scheduler_job.py:182} INFO - Started process (PID=10277) to work on /home/airflow/.local/lib/python3.8/site-packages/airflow/example_dags/example_task_group.py
[2021-12-21 00:06:26,481] {scheduler_job.py:633} INFO - Processing file /home/airflow/.local/lib/python3.8/site-packages/airflow/example_dags/example_task_group.py for tasks to queue
[2021-12-21 00:06:26,484] {logging_mixin.py:104} INFO - [2021-12-21 00:06:26,483] {dagbag.py:496} INFO - Filling up the DagBag from /home/airflow/.local/lib/python3.8/site-packages/airflow/example_dags/example_task_group.py
[2021-12-21 00:06:26,517] {scheduler_job.py:643} INFO - DAG(s) dict_keys(['example_task_group']) retrieved from /home/airflow/.local/lib/python3.8/site-packages/airflow/example_dags/example_task_group.py
[2021-12-21 00:06:26,567] {logging_mixin.py:104} INFO - [2021-12-21 00:06:26,567] {dag.py:1833} INFO - Sync 1 DAGs
[2021-12-21 00:06:26,589] {logging_mixin.py:104} INFO - [2021-12-21 00:06:26,589] {dag.py:2306} INFO - Setting next_dagrun for example_task_group to 2021-12-19 00:00:00+00:00
[2021-12-21 00:06:26,621] {scheduler_job.py:190} INFO - Processing /home/airflow/.local/lib/python3.8/site-packages/airflow/example_dags/example_task_group.py took 0.158 seconds
[2021-12-21 00:06:56,884] {scheduler_job.py:182} INFO - Started process (PID=10308) to work on /home/airflow/.local/lib/python3.8/site-packages/airflow/example_dags/example_task_group.py
[2021-12-21 00:06:56,888] {scheduler_job.py:633} INFO - Processing file /home/airflow/.local/lib/python3.8/site-packages/airflow/example_dags/example_task_group.py for tasks to queue
[2021-12-21 00:06:56,892] {logging_mixin.py:104} INFO - [2021-12-21 00:06:56,891] {dagbag.py:496} INFO - Filling up the DagBag from /home/airflow/.local/lib/python3.8/site-packages/airflow/example_dags/example_task_group.py
[2021-12-21 00:06:56,917] {scheduler_job.py:643} INFO - DAG(s) dict_keys(['example_task_group']) retrieved from /home/airflow/.local/lib/python3.8/site-packages/airflow/example_dags/example_task_group.py
[2021-12-21 00:06:56,972] {logging_mixin.py:104} INFO - [2021-12-21 00:06:56,972] {dag.py:1833} INFO - Sync 1 DAGs
[2021-12-21 00:06:56,996] {logging_mixin.py:104} INFO - [2021-12-21 00:06:56,996] {dag.py:2306} INFO - Setting next_dagrun for example_task_group to 2021-12-19 00:00:00+00:00
[2021-12-21 00:06:57,018] {scheduler_job.py:190} INFO - Processing /home/airflow/.local/lib/python3.8/site-packages/airflow/example_dags/example_task_group.py took 0.139 seconds
[2021-12-21 00:07:27,121] {scheduler_job.py:182} INFO - Started process (PID=10338) to work on /home/airflow/.local/lib/python3.8/site-packages/airflow/example_dags/example_task_group.py
[2021-12-21 00:07:27,127] {scheduler_job.py:633} INFO - Processing file /home/airflow/.local/lib/python3.8/site-packages/airflow/example_dags/example_task_group.py for tasks to queue
[2021-12-21 00:07:27,129] {logging_mixin.py:104} INFO - [2021-12-21 00:07:27,129] {dagbag.py:496} INFO - Filling up the DagBag from /home/airflow/.local/lib/python3.8/site-packages/airflow/example_dags/example_task_group.py
[2021-12-21 00:07:27,119] {scheduler_job.py:643} INFO - DAG(s) dict_keys(['example_task_group']) retrieved from /home/airflow/.local/lib/python3.8/site-packages/airflow/example_dags/example_task_group.py
[2021-12-21 00:07:27,179] {logging_mixin.py:104} INFO - [2021-12-21 00:07:27,179] {dag.py:1833} INFO - Sync 1 DAGs
[2021-12-21 00:07:27,204] {logging_mixin.py:104} INFO - [2021-12-21 00:07:27,204] {dag.py:2306} INFO - Setting next_dagrun for example_task_group to 2021-12-19 00:00:00+00:00
[2021-12-21 00:07:27,231] {scheduler_job.py:190} INFO - Processing /home/airflow/.local/lib/python3.8/site-packages/airflow/example_dags/example_task_group.py took 0.148 seconds
[2021-12-21 00:07:57,412] {scheduler_job.py:182} INFO - Started process (PID=10369) to work on /home/airflow/.local/lib/python3.8/site-packages/airflow/example_dags/example_task_group.py
[2021-12-21 00:07:57,417] {scheduler_job.py:633} INFO - Processing file /home/airflow/.local/lib/python3.8/site-packages/airflow/example_dags/example_task_group.py for tasks to queue
[2021-12-21 00:07:57,419] {logging_mixin.py:104} INFO - [2021-12-21 00:07:57,419] {dagbag.py:496} INFO - Filling up the DagBag from /home/airflow/.local/lib/python3.8/site-packages/airflow/example_dags/example_task_group.py
[2021-12-21 00:07:57,445] {scheduler_job.py:643} INFO - DAG(s) dict_keys(['example_task_group']) retrieved from /home/airflow/.local/lib/python3.8/site-packages/airflow/example_dags/example_task_group.py
[2021-12-21 00:07:57,496] {logging_mixin.py:104} INFO - [2021-12-21 00:07:57,495] {dag.py:1833} INFO - Sync 1 DAGs
[2021-12-21 00:07:57,523] {logging_mixin.py:104} INFO - [2021-12-21 00:07:57,523] {dag.py:2306} INFO - Setting next_dagrun for example_task_group to 2021-12-19 00:00:00+00:00
[2021-12-21 00:07:57,546] {scheduler_job.py:190} INFO - Processing /home/airflow/.local/lib/python3.8/site-packages/airflow/example_dags/example_task_group.py took 0.142 seconds
[2021-12-21 00:08:27,728] {scheduler_job.py:182} INFO - Started process (PID=10400) to work on /home/airflow/.local/lib/python3.8/site-packages/airflow/example_dags/example_task_group.py
[2021-12-21 00:08:27,734] {scheduler_job.py:633} INFO - Processing file /home/airflow/.local/lib/python3.8/site-packages/airflow/example_dags/example_task_group.py for tasks to queue
[2021-12-21 00:08:27,740] {logging_mixin.py:104} INFO - [2021-12-21 00:08:27,740] {dagbag.py:496} INFO - Filling up the DagBag from /home/airflow/.local/lib/python3.8/site-packages/airflow/example_dags/example_task_group.py
[2021-12-21 00:08:27,779] {scheduler_job.py:643} INFO - DAG(s) dict_keys(['example_task_group']) retrieved from /home/airflow/.local/lib/python3.8/site-packages/airflow/example_dags/example_task_group.py
[2021-12-21 00:08:27,848] {logging_mixin.py:104} INFO - [2021-12-21 00:08:27,848] {dag.py:1833} INFO - Sync 1 DAGs
[2021-12-21 00:08:27,874] {logging_mixin.py:104} INFO - [2021-12-21 00:08:27,874] {dag.py:2306} INFO - Setting next_dagrun for example_task_group to 2021-12-19 00:00:00+00:00
[2021-12-21 00:08:27,905] {scheduler_job.py:190} INFO - Processing /home/airflow/.local/lib/python3.8/site-packages/airflow/example_dags/example_task_group.py took 0.186 seconds
[2021-12-21 00:08:58,081] {scheduler_job.py:182} INFO - Started process (PID=10431) to work on /home/airflow/.local/lib/python3.8/site-packages/airflow/example_dags/example_task_group.py
[2021-12-21 00:08:58,088] {scheduler_job.py:633} INFO - Processing file /home/airflow/.local/lib/python3.8/site-packages/airflow/example_dags/example_task_group.py for tasks to queue
[2021-12-21 00:08:58,093] {logging_mixin.py:104} INFO - [2021-12-21 00:08:58,092] {dagbag.py:496} INFO - Filling up the DagBag from /home/airflow/.local/lib/python3.8/site-packages/airflow/example_dags/example_task_group.py
[2021-12-21 00:08:58,121] {scheduler_job.py:643} INFO - DAG(s) dict_keys(['example_task_group']) retrieved from /home/airflow/.local/lib/python3.8/site-packages/airflow/example_dags/example_task_group.py
[2021-12-21 00:08:58,183] {logging_mixin.py:104} INFO - [2021-12-21 00:08:58,183] {dag.py:1833} INFO - Sync 1 DAGs
[2021-12-21 00:08:58,209] {logging_mixin.py:104} INFO - [2021-12-21 00:08:58,208] {dag.py:2306} INFO - Setting next_dagrun for example_task_group to 2021-12-19 00:00:00+00:00
[2021-12-21 00:08:58,240] {scheduler_job.py:190} INFO - Processing /home/airflow/.local/lib/python3.8/site-packages/airflow/example_dags/example_task_group.py took 0.165 seconds
[2021-12-21 00:09:28,598] {scheduler_job.py:182} INFO - Started process (PID=10462) to work on /home/airflow/.local/lib/python3.8/site-packages/airflow/example_dags/example_task_group.py
[2021-12-21 00:09:28,604] {scheduler_job.py:633} INFO - Processing file /home/airflow/.local/lib/python3.8/site-packages/airflow/example_dags/example_task_group.py for tasks to queue
[2021-12-21 00:09:28,608] {logging_mixin.py:104} INFO - [2021-12-21 00:09:28,608] {dagbag.py:496} INFO - Filling up the DagBag from /home/airflow/.local/lib/python3.8/site-packages/airflow/example_dags/example_task_group.py
[2021-12-21 00:09:28,641] {scheduler_job.py:643} INFO - DAG(s) dict_keys(['example_task_group']) retrieved from /home/airflow/.local/lib/python3.8/site-packages/airflow/example_dags/example_task_group.py
[2021-12-21 00:09:28,689] {logging_mixin.py:104} INFO - [2021-12-21 00:09:28,689] {dag.py:1833} INFO - Sync 1 DAGs
[2021-12-21 00:09:28,707] {logging_mixin.py:104} INFO - [2021-12-21 00:09:28,707] {dag.py:2306} INFO - Setting next_dagrun for example_task_group to 2021-12-19 00:00:00+00:00
[2021-12-21 00:09:28,725] {scheduler_job.py:190} INFO - Processing /home/airflow/.local/lib/python3.8/site-packages/airflow/example_dags/example_task_group.py took 0.140 seconds
[2021-12-21 00:09:59,147] {scheduler_job.py:182} INFO - Started process (PID=10493) to work on /home/airflow/.local/lib/python3.8/site-packages/airflow/example_dags/example_task_group.py
[2021-12-21 00:09:59,155] {scheduler_job.py:633} INFO - Processing file /home/airflow/.local/lib/python3.8/site-packages/airflow/example_dags/example_task_group.py for tasks to queue
[2021-12-21 00:09:59,159] {logging_mixin.py:104} INFO - [2021-12-21 00:09:59,159] {dagbag.py:496} INFO - Filling up the DagBag from /home/airflow/.local/lib/python3.8/site-packages/airflow/example_dags/example_task_group.py
[2021-12-21 00:09:59,200] {scheduler_job.py:643} INFO - DAG(s) dict_keys(['example_task_group']) retrieved from /home/airflow/.local/lib/python3.8/site-packages/airflow/example_dags/example_task_group.py
[2021-12-21 00:09:59,255] {logging_mixin.py:104} INFO - [2021-12-21 00:09:59,254] {dag.py:1833} INFO - Sync 1 DAGs
[2021-12-21 00:09:59,280] {logging_mixin.py:104} INFO - [2021-12-21 00:09:59,279] {dag.py:2306} INFO - Setting next_dagrun for example_task_group to 2021-12-19 00:00:00+00:00
[2021-12-21 00:09:59,323] {scheduler_job.py:190} INFO - Processing /home/airflow/.local/lib/python3.8/site-packages/airflow/example_dags/example_task_group.py took 0.196 seconds
[2021-12-21 00:10:29,511] {scheduler_job.py:182} INFO - Started process (PID=10524) to work on /home/airflow/.local/lib/python3.8/site-packages/airflow/example_dags/example_task_group.py
[2021-12-21 00:10:29,517] {scheduler_job.py:633} INFO - Processing file /home/airflow/.local/lib/python3.8/site-packages/airflow/example_dags/example_task_group.py for tasks to queue
[2021-12-21 00:10:29,525] {logging_mixin.py:104} INFO - [2021-12-21 00:10:29,525] {dagbag.py:496} INFO - Filling up the DagBag from /home/airflow/.local/lib/python3.8/site-packages/airflow/example_dags/example_task_group.py
[2021-12-21 00:10:29,563] {scheduler_job.py:643} INFO - DAG(s) dict_keys(['example_task_group']) retrieved from /home/airflow/.local/lib/python3.8/site-packages/airflow/example_dags/example_task_group.py
[2021-12-21 00:10:29,657] {logging_mixin.py:104} INFO - [2021-12-21 00:10:29,657] {dag.py:1833} INFO - Sync 1 DAGs
[2021-12-21 00:10:29,701] {logging_mixin.py:104} INFO - [2021-12-21 00:10:29,701] {dag.py:2306} INFO - Setting next_dagrun for example_task_group to 2021-12-19 00:00:00+00:00
[2021-12-21 00:10:29,733] {scheduler_job.py:190} INFO - Processing /home/airflow/.local/lib/python3.8/site-packages/airflow/example_dags/example_task_group.py took 0.231 seconds
[2021-12-21 00:10:59,907] {scheduler_job.py:182} INFO - Started process (PID=10555) to work on /home/airflow/.local/lib/python3.8/site-packages/airflow/example_dags/example_task_group.py
[2021-12-21 00:10:59,910] {scheduler_job.py:633} INFO - Processing file /home/airflow/.local/lib/python3.8/site-packages/airflow/example_dags/example_task_group.py for tasks to queue
[2021-12-21 00:10:59,915] {logging_mixin.py:104} INFO - [2021-12-21 00:10:59,914] {dagbag.py:496} INFO - Filling up the DagBag from /home/airflow/.local/lib/python3.8/site-packages/airflow/example_dags/example_task_group.py
[2021-12-21 00:10:59,968] {scheduler_job.py:643} INFO - DAG(s) dict_keys(['example_task_group']) retrieved from /home/airflow/.local/lib/python3.8/site-packages/airflow/example_dags/example_task_group.py
[2021-12-21 00:11:00,040] {logging_mixin.py:104} INFO - [2021-12-21 00:11:00,040] {dag.py:1833} INFO - Sync 1 DAGs
[2021-12-21 00:11:00,068] {logging_mixin.py:104} INFO - [2021-12-21 00:11:00,068] {dag.py:2306} INFO - Setting next_dagrun for example_task_group to 2021-12-19 00:00:00+00:00
[2021-12-21 00:11:00,099] {scheduler_job.py:190} INFO - Processing /home/airflow/.local/lib/python3.8/site-packages/airflow/example_dags/example_task_group.py took 0.202 seconds
[2021-12-21 00:11:30,184] {scheduler_job.py:182} INFO - Started process (PID=10586) to work on /home/airflow/.local/lib/python3.8/site-packages/airflow/example_dags/example_task_group.py
[2021-12-21 00:11:30,187] {scheduler_job.py:633} INFO - Processing file /home/airflow/.local/lib/python3.8/site-packages/airflow/example_dags/example_task_group.py for tasks to queue
[2021-12-21 00:11:30,190] {logging_mixin.py:104} INFO - [2021-12-21 00:11:30,190] {dagbag.py:496} INFO - Filling up the DagBag from /home/airflow/.local/lib/python3.8/site-packages/airflow/example_dags/example_task_group.py
[2021-12-21 00:11:30,212] {scheduler_job.py:643} INFO - DAG(s) dict_keys(['example_task_group']) retrieved from /home/airflow/.local/lib/python3.8/site-packages/airflow/example_dags/example_task_group.py
[2021-12-21 00:11:30,278] {logging_mixin.py:104} INFO - [2021-12-21 00:11:30,278] {dag.py:1833} INFO - Sync 1 DAGs
[2021-12-21 00:11:30,301] {logging_mixin.py:104} INFO - [2021-12-21 00:11:30,300] {dag.py:2306} INFO - Setting next_dagrun for example_task_group to 2021-12-19 00:00:00+00:00
[2021-12-21 00:11:30,322] {scheduler_job.py:190} INFO - Processing /home/airflow/.local/lib/python3.8/site-packages/airflow/example_dags/example_task_group.py took 0.145 seconds
[2021-12-21 00:12:00,401] {scheduler_job.py:182} INFO - Started process (PID=10616) to work on /home/airflow/.local/lib/python3.8/site-packages/airflow/example_dags/example_task_group.py
[2021-12-21 00:12:00,406] {scheduler_job.py:633} INFO - Processing file /home/airflow/.local/lib/python3.8/site-packages/airflow/example_dags/example_task_group.py for tasks to queue
[2021-12-21 00:12:00,408] {logging_mixin.py:104} INFO - [2021-12-21 00:12:00,408] {dagbag.py:496} INFO - Filling up the DagBag from /home/airflow/.local/lib/python3.8/site-packages/airflow/example_dags/example_task_group.py
[2021-12-21 00:12:00,428] {scheduler_job.py:643} INFO - DAG(s) dict_keys(['example_task_group']) retrieved from /home/airflow/.local/lib/python3.8/site-packages/airflow/example_dags/example_task_group.py
[2021-12-21 00:12:00,475] {logging_mixin.py:104} INFO - [2021-12-21 00:12:00,475] {dag.py:1833} INFO - Sync 1 DAGs
[2021-12-21 00:12:00,496] {logging_mixin.py:104} INFO - [2021-12-21 00:12:00,496] {dag.py:2306} INFO - Setting next_dagrun for example_task_group to 2021-12-19 00:00:00+00:00
[2021-12-21 00:12:00,522] {scheduler_job.py:190} INFO - Processing /home/airflow/.local/lib/python3.8/site-packages/airflow/example_dags/example_task_group.py took 0.125 seconds
[2021-12-21 00:12:31,267] {scheduler_job.py:182} INFO - Started process (PID=10648) to work on /home/airflow/.local/lib/python3.8/site-packages/airflow/example_dags/example_task_group.py
[2021-12-21 00:12:31,277] {scheduler_job.py:633} INFO - Processing file /home/airflow/.local/lib/python3.8/site-packages/airflow/example_dags/example_task_group.py for tasks to queue
[2021-12-21 00:12:31,283] {logging_mixin.py:104} INFO - [2021-12-21 00:12:31,282] {dagbag.py:496} INFO - Filling up the DagBag from /home/airflow/.local/lib/python3.8/site-packages/airflow/example_dags/example_task_group.py
[2021-12-21 00:12:31,309] {scheduler_job.py:643} INFO - DAG(s) dict_keys(['example_task_group']) retrieved from /home/airflow/.local/lib/python3.8/site-packages/airflow/example_dags/example_task_group.py
[2021-12-21 00:12:31,374] {logging_mixin.py:104} INFO - [2021-12-21 00:12:31,374] {dag.py:1833} INFO - Sync 1 DAGs
[2021-12-21 00:12:31,394] {logging_mixin.py:104} INFO - [2021-12-21 00:12:31,393] {dag.py:2306} INFO - Setting next_dagrun for example_task_group to 2021-12-19 00:00:00+00:00
[2021-12-21 00:12:31,425] {scheduler_job.py:190} INFO - Processing /home/airflow/.local/lib/python3.8/site-packages/airflow/example_dags/example_task_group.py took 0.169 seconds
[2021-12-21 00:13:01,856] {scheduler_job.py:182} INFO - Started process (PID=10679) to work on /home/airflow/.local/lib/python3.8/site-packages/airflow/example_dags/example_task_group.py
[2021-12-21 00:13:01,867] {scheduler_job.py:633} INFO - Processing file /home/airflow/.local/lib/python3.8/site-packages/airflow/example_dags/example_task_group.py for tasks to queue
[2021-12-21 00:13:01,869] {logging_mixin.py:104} INFO - [2021-12-21 00:13:01,869] {dagbag.py:496} INFO - Filling up the DagBag from /home/airflow/.local/lib/python3.8/site-packages/airflow/example_dags/example_task_group.py
[2021-12-21 00:13:01,899] {scheduler_job.py:643} INFO - DAG(s) dict_keys(['example_task_group']) retrieved from /home/airflow/.local/lib/python3.8/site-packages/airflow/example_dags/example_task_group.py
[2021-12-21 00:13:01,947] {logging_mixin.py:104} INFO - [2021-12-21 00:13:01,947] {dag.py:1833} INFO - Sync 1 DAGs
[2021-12-21 00:13:01,978] {logging_mixin.py:104} INFO - [2021-12-21 00:13:01,978] {dag.py:2306} INFO - Setting next_dagrun for example_task_group to 2021-12-19 00:00:00+00:00
[2021-12-21 00:13:02,022] {scheduler_job.py:190} INFO - Processing /home/airflow/.local/lib/python3.8/site-packages/airflow/example_dags/example_task_group.py took 0.171 seconds
[2021-12-21 00:13:32,781] {scheduler_job.py:182} INFO - Started process (PID=10710) to work on /home/airflow/.local/lib/python3.8/site-packages/airflow/example_dags/example_task_group.py
[2021-12-21 00:13:32,787] {scheduler_job.py:633} INFO - Processing file /home/airflow/.local/lib/python3.8/site-packages/airflow/example_dags/example_task_group.py for tasks to queue
[2021-12-21 00:13:32,791] {logging_mixin.py:104} INFO - [2021-12-21 00:13:32,791] {dagbag.py:496} INFO - Filling up the DagBag from /home/airflow/.local/lib/python3.8/site-packages/airflow/example_dags/example_task_group.py
[2021-12-21 00:13:32,836] {scheduler_job.py:643} INFO - DAG(s) dict_keys(['example_task_group']) retrieved from /home/airflow/.local/lib/python3.8/site-packages/airflow/example_dags/example_task_group.py
[2021-12-21 00:13:32,890] {logging_mixin.py:104} INFO - [2021-12-21 00:13:32,889] {dag.py:1833} INFO - Sync 1 DAGs
[2021-12-21 00:13:32,909] {logging_mixin.py:104} INFO - [2021-12-21 00:13:32,908] {dag.py:2306} INFO - Setting next_dagrun for example_task_group to 2021-12-19 00:00:00+00:00
[2021-12-21 00:13:32,929] {scheduler_job.py:190} INFO - Processing /home/airflow/.local/lib/python3.8/site-packages/airflow/example_dags/example_task_group.py took 0.164 seconds
[2021-12-21 00:14:03,747] {scheduler_job.py:182} INFO - Started process (PID=10741) to work on /home/airflow/.local/lib/python3.8/site-packages/airflow/example_dags/example_task_group.py
[2021-12-21 00:14:03,753] {scheduler_job.py:633} INFO - Processing file /home/airflow/.local/lib/python3.8/site-packages/airflow/example_dags/example_task_group.py for tasks to queue
[2021-12-21 00:14:03,757] {logging_mixin.py:104} INFO - [2021-12-21 00:14:03,756] {dagbag.py:496} INFO - Filling up the DagBag from /home/airflow/.local/lib/python3.8/site-packages/airflow/example_dags/example_task_group.py
[2021-12-21 00:14:03,785] {scheduler_job.py:643} INFO - DAG(s) dict_keys(['example_task_group']) retrieved from /home/airflow/.local/lib/python3.8/site-packages/airflow/example_dags/example_task_group.py
[2021-12-21 00:14:03,837] {logging_mixin.py:104} INFO - [2021-12-21 00:14:03,837] {dag.py:1833} INFO - Sync 1 DAGs
[2021-12-21 00:14:03,856] {logging_mixin.py:104} INFO - [2021-12-21 00:14:03,856] {dag.py:2306} INFO - Setting next_dagrun for example_task_group to 2021-12-19 00:00:00+00:00
[2021-12-21 00:14:03,881] {scheduler_job.py:190} INFO - Processing /home/airflow/.local/lib/python3.8/site-packages/airflow/example_dags/example_task_group.py took 0.145 seconds
[2021-12-21 00:14:33,964] {scheduler_job.py:182} INFO - Started process (PID=10772) to work on /home/airflow/.local/lib/python3.8/site-packages/airflow/example_dags/example_task_group.py
[2021-12-21 00:14:33,971] {scheduler_job.py:633} INFO - Processing file /home/airflow/.local/lib/python3.8/site-packages/airflow/example_dags/example_task_group.py for tasks to queue
[2021-12-21 00:14:33,974] {logging_mixin.py:104} INFO - [2021-12-21 00:14:33,974] {dagbag.py:496} INFO - Filling up the DagBag from /home/airflow/.local/lib/python3.8/site-packages/airflow/example_dags/example_task_group.py
[2021-12-21 00:14:34,033] {scheduler_job.py:643} INFO - DAG(s) dict_keys(['example_task_group']) retrieved from /home/airflow/.local/lib/python3.8/site-packages/airflow/example_dags/example_task_group.py
[2021-12-21 00:14:34,123] {logging_mixin.py:104} INFO - [2021-12-21 00:14:34,123] {dag.py:1833} INFO - Sync 1 DAGs
[2021-12-21 00:14:34,172] {logging_mixin.py:104} INFO - [2021-12-21 00:14:34,171] {dag.py:2306} INFO - Setting next_dagrun for example_task_group to 2021-12-19 00:00:00+00:00
[2021-12-21 00:14:34,238] {scheduler_job.py:190} INFO - Processing /home/airflow/.local/lib/python3.8/site-packages/airflow/example_dags/example_task_group.py took 0.281 seconds
[2021-12-21 00:15:04,422] {scheduler_job.py:182} INFO - Started process (PID=10803) to work on /home/airflow/.local/lib/python3.8/site-packages/airflow/example_dags/example_task_group.py
[2021-12-21 00:15:04,430] {scheduler_job.py:633} INFO - Processing file /home/airflow/.local/lib/python3.8/site-packages/airflow/example_dags/example_task_group.py for tasks to queue
[2021-12-21 00:15:04,434] {logging_mixin.py:104} INFO - [2021-12-21 00:15:04,433] {dagbag.py:496} INFO - Filling up the DagBag from /home/airflow/.local/lib/python3.8/site-packages/airflow/example_dags/example_task_group.py
[2021-12-21 00:15:04,469] {scheduler_job.py:643} INFO - DAG(s) dict_keys(['example_task_group']) retrieved from /home/airflow/.local/lib/python3.8/site-packages/airflow/example_dags/example_task_group.py
[2021-12-21 00:15:04,545] {logging_mixin.py:104} INFO - [2021-12-21 00:15:04,545] {dag.py:1833} INFO - Sync 1 DAGs
[2021-12-21 00:15:04,577] {logging_mixin.py:104} INFO - [2021-12-21 00:15:04,577] {dag.py:2306} INFO - Setting next_dagrun for example_task_group to 2021-12-19 00:00:00+00:00
[2021-12-21 00:15:04,603] {scheduler_job.py:190} INFO - Processing /home/airflow/.local/lib/python3.8/site-packages/airflow/example_dags/example_task_group.py took 0.191 seconds
[2021-12-21 00:15:34,756] {scheduler_job.py:182} INFO - Started process (PID=10834) to work on /home/airflow/.local/lib/python3.8/site-packages/airflow/example_dags/example_task_group.py
[2021-12-21 00:15:34,771] {scheduler_job.py:633} INFO - Processing file /home/airflow/.local/lib/python3.8/site-packages/airflow/example_dags/example_task_group.py for tasks to queue
[2021-12-21 00:15:34,778] {logging_mixin.py:104} INFO - [2021-12-21 00:15:34,778] {dagbag.py:496} INFO - Filling up the DagBag from /home/airflow/.local/lib/python3.8/site-packages/airflow/example_dags/example_task_group.py
[2021-12-21 00:15:34,819] {scheduler_job.py:643} INFO - DAG(s) dict_keys(['example_task_group']) retrieved from /home/airflow/.local/lib/python3.8/site-packages/airflow/example_dags/example_task_group.py
[2021-12-21 00:15:34,882] {logging_mixin.py:104} INFO - [2021-12-21 00:15:34,882] {dag.py:1833} INFO - Sync 1 DAGs
[2021-12-21 00:15:34,904] {logging_mixin.py:104} INFO - [2021-12-21 00:15:34,904] {dag.py:2306} INFO - Setting next_dagrun for example_task_group to 2021-12-19 00:00:00+00:00
[2021-12-21 00:15:34,924] {scheduler_job.py:190} INFO - Processing /home/airflow/.local/lib/python3.8/site-packages/airflow/example_dags/example_task_group.py took 0.174 seconds
[2021-12-21 00:16:05,196] {scheduler_job.py:182} INFO - Started process (PID=10865) to work on /home/airflow/.local/lib/python3.8/site-packages/airflow/example_dags/example_task_group.py
[2021-12-21 00:16:05,203] {scheduler_job.py:633} INFO - Processing file /home/airflow/.local/lib/python3.8/site-packages/airflow/example_dags/example_task_group.py for tasks to queue
[2021-12-21 00:16:05,206] {logging_mixin.py:104} INFO - [2021-12-21 00:16:05,206] {dagbag.py:496} INFO - Filling up the DagBag from /home/airflow/.local/lib/python3.8/site-packages/airflow/example_dags/example_task_group.py
[2021-12-21 00:16:05,254] {scheduler_job.py:643} INFO - DAG(s) dict_keys(['example_task_group']) retrieved from /home/airflow/.local/lib/python3.8/site-packages/airflow/example_dags/example_task_group.py
[2021-12-21 00:16:05,313] {logging_mixin.py:104} INFO - [2021-12-21 00:16:05,313] {dag.py:1833} INFO - Sync 1 DAGs
[2021-12-21 00:16:05,333] {logging_mixin.py:104} INFO - [2021-12-21 00:16:05,332] {dag.py:2306} INFO - Setting next_dagrun for example_task_group to 2021-12-19 00:00:00+00:00
[2021-12-21 00:16:05,355] {scheduler_job.py:190} INFO - Processing /home/airflow/.local/lib/python3.8/site-packages/airflow/example_dags/example_task_group.py took 0.170 seconds
[2021-12-21 00:16:35,409] {scheduler_job.py:182} INFO - Started process (PID=10896) to work on /home/airflow/.local/lib/python3.8/site-packages/airflow/example_dags/example_task_group.py
[2021-12-21 00:16:35,416] {scheduler_job.py:633} INFO - Processing file /home/airflow/.local/lib/python3.8/site-packages/airflow/example_dags/example_task_group.py for tasks to queue
[2021-12-21 00:16:35,420] {logging_mixin.py:104} INFO - [2021-12-21 00:16:35,419] {dagbag.py:496} INFO - Filling up the DagBag from /home/airflow/.local/lib/python3.8/site-packages/airflow/example_dags/example_task_group.py
[2021-12-21 00:16:35,467] {scheduler_job.py:643} INFO - DAG(s) dict_keys(['example_task_group']) retrieved from /home/airflow/.local/lib/python3.8/site-packages/airflow/example_dags/example_task_group.py
[2021-12-21 00:16:35,522] {logging_mixin.py:104} INFO - [2021-12-21 00:16:35,522] {dag.py:1833} INFO - Sync 1 DAGs
[2021-12-21 00:16:35,544] {logging_mixin.py:104} INFO - [2021-12-21 00:16:35,544] {dag.py:2306} INFO - Setting next_dagrun for example_task_group to 2021-12-19 00:00:00+00:00
[2021-12-21 00:16:35,584] {scheduler_job.py:190} INFO - Processing /home/airflow/.local/lib/python3.8/site-packages/airflow/example_dags/example_task_group.py took 0.180 seconds
[2021-12-21 00:17:06,092] {scheduler_job.py:182} INFO - Started process (PID=10927) to work on /home/airflow/.local/lib/python3.8/site-packages/airflow/example_dags/example_task_group.py
[2021-12-21 00:17:06,097] {scheduler_job.py:633} INFO - Processing file /home/airflow/.local/lib/python3.8/site-packages/airflow/example_dags/example_task_group.py for tasks to queue
[2021-12-21 00:17:06,100] {logging_mixin.py:104} INFO - [2021-12-21 00:17:06,100] {dagbag.py:496} INFO - Filling up the DagBag from /home/airflow/.local/lib/python3.8/site-packages/airflow/example_dags/example_task_group.py
[2021-12-21 00:17:06,128] {scheduler_job.py:643} INFO - DAG(s) dict_keys(['example_task_group']) retrieved from /home/airflow/.local/lib/python3.8/site-packages/airflow/example_dags/example_task_group.py
[2021-12-21 00:17:06,179] {logging_mixin.py:104} INFO - [2021-12-21 00:17:06,179] {dag.py:1833} INFO - Sync 1 DAGs
[2021-12-21 00:17:06,198] {logging_mixin.py:104} INFO - [2021-12-21 00:17:06,198] {dag.py:2306} INFO - Setting next_dagrun for example_task_group to 2021-12-19 00:00:00+00:00
[2021-12-21 00:17:06,218] {scheduler_job.py:190} INFO - Processing /home/airflow/.local/lib/python3.8/site-packages/airflow/example_dags/example_task_group.py took 0.134 seconds
[2021-12-21 00:17:36,453] {scheduler_job.py:182} INFO - Started process (PID=10958) to work on /home/airflow/.local/lib/python3.8/site-packages/airflow/example_dags/example_task_group.py
[2021-12-21 00:17:36,457] {scheduler_job.py:633} INFO - Processing file /home/airflow/.local/lib/python3.8/site-packages/airflow/example_dags/example_task_group.py for tasks to queue
[2021-12-21 00:17:36,460] {logging_mixin.py:104} INFO - [2021-12-21 00:17:36,460] {dagbag.py:496} INFO - Filling up the DagBag from /home/airflow/.local/lib/python3.8/site-packages/airflow/example_dags/example_task_group.py
[2021-12-21 00:17:36,481] {scheduler_job.py:643} INFO - DAG(s) dict_keys(['example_task_group']) retrieved from /home/airflow/.local/lib/python3.8/site-packages/airflow/example_dags/example_task_group.py
[2021-12-21 00:17:36,528] {logging_mixin.py:104} INFO - [2021-12-21 00:17:36,528] {dag.py:1833} INFO - Sync 1 DAGs
[2021-12-21 00:17:36,547] {logging_mixin.py:104} INFO - [2021-12-21 00:17:36,547] {dag.py:2306} INFO - Setting next_dagrun for example_task_group to 2021-12-19 00:00:00+00:00
[2021-12-21 00:17:36,566] {scheduler_job.py:190} INFO - Processing /home/airflow/.local/lib/python3.8/site-packages/airflow/example_dags/example_task_group.py took 0.126 seconds
[2021-12-21 00:18:07,280] {scheduler_job.py:182} INFO - Started process (PID=10989) to work on /home/airflow/.local/lib/python3.8/site-packages/airflow/example_dags/example_task_group.py
[2021-12-21 00:18:07,286] {scheduler_job.py:633} INFO - Processing file /home/airflow/.local/lib/python3.8/site-packages/airflow/example_dags/example_task_group.py for tasks to queue
[2021-12-21 00:18:07,289] {logging_mixin.py:104} INFO - [2021-12-21 00:18:07,289] {dagbag.py:496} INFO - Filling up the DagBag from /home/airflow/.local/lib/python3.8/site-packages/airflow/example_dags/example_task_group.py
[2021-12-21 00:18:07,316] {scheduler_job.py:643} INFO - DAG(s) dict_keys(['example_task_group']) retrieved from /home/airflow/.local/lib/python3.8/site-packages/airflow/example_dags/example_task_group.py
[2021-12-21 00:18:07,380] {logging_mixin.py:104} INFO - [2021-12-21 00:18:07,380] {dag.py:1833} INFO - Sync 1 DAGs
[2021-12-21 00:18:07,409] {logging_mixin.py:104} INFO - [2021-12-21 00:18:07,409] {dag.py:2306} INFO - Setting next_dagrun for example_task_group to 2021-12-19 00:00:00+00:00
[2021-12-21 00:18:07,445] {scheduler_job.py:190} INFO - Processing /home/airflow/.local/lib/python3.8/site-packages/airflow/example_dags/example_task_group.py took 0.170 seconds
[2021-12-21 00:18:38,029] {scheduler_job.py:182} INFO - Started process (PID=11020) to work on /home/airflow/.local/lib/python3.8/site-packages/airflow/example_dags/example_task_group.py
[2021-12-21 00:18:38,033] {scheduler_job.py:633} INFO - Processing file /home/airflow/.local/lib/python3.8/site-packages/airflow/example_dags/example_task_group.py for tasks to queue
[2021-12-21 00:18:38,036] {logging_mixin.py:104} INFO - [2021-12-21 00:18:38,036] {dagbag.py:496} INFO - Filling up the DagBag from /home/airflow/.local/lib/python3.8/site-packages/airflow/example_dags/example_task_group.py
[2021-12-21 00:18:38,070] {scheduler_job.py:643} INFO - DAG(s) dict_keys(['example_task_group']) retrieved from /home/airflow/.local/lib/python3.8/site-packages/airflow/example_dags/example_task_group.py
[2021-12-21 00:18:38,127] {logging_mixin.py:104} INFO - [2021-12-21 00:18:38,126] {dag.py:1833} INFO - Sync 1 DAGs
[2021-12-21 00:18:38,150] {logging_mixin.py:104} INFO - [2021-12-21 00:18:38,150] {dag.py:2306} INFO - Setting next_dagrun for example_task_group to 2021-12-19 00:00:00+00:00
[2021-12-21 00:18:38,190] {scheduler_job.py:190} INFO - Processing /home/airflow/.local/lib/python3.8/site-packages/airflow/example_dags/example_task_group.py took 0.166 seconds
[2021-12-21 00:19:08,492] {scheduler_job.py:182} INFO - Started process (PID=11051) to work on /home/airflow/.local/lib/python3.8/site-packages/airflow/example_dags/example_task_group.py
[2021-12-21 00:19:08,505] {scheduler_job.py:633} INFO - Processing file /home/airflow/.local/lib/python3.8/site-packages/airflow/example_dags/example_task_group.py for tasks to queue
[2021-12-21 00:19:08,513] {logging_mixin.py:104} INFO - [2021-12-21 00:19:08,513] {dagbag.py:496} INFO - Filling up the DagBag from /home/airflow/.local/lib/python3.8/site-packages/airflow/example_dags/example_task_group.py
[2021-12-21 00:19:08,555] {scheduler_job.py:643} INFO - DAG(s) dict_keys(['example_task_group']) retrieved from /home/airflow/.local/lib/python3.8/site-packages/airflow/example_dags/example_task_group.py
[2021-12-21 00:19:08,671] {logging_mixin.py:104} INFO - [2021-12-21 00:19:08,670] {dag.py:1833} INFO - Sync 1 DAGs
[2021-12-21 00:19:08,758] {logging_mixin.py:104} INFO - [2021-12-21 00:19:08,758] {dag.py:2306} INFO - Setting next_dagrun for example_task_group to 2021-12-19 00:00:00+00:00
[2021-12-21 00:19:08,812] {scheduler_job.py:190} INFO - Processing /home/airflow/.local/lib/python3.8/site-packages/airflow/example_dags/example_task_group.py took 0.337 seconds
[2021-12-21 00:19:39,430] {scheduler_job.py:182} INFO - Started process (PID=11082) to work on /home/airflow/.local/lib/python3.8/site-packages/airflow/example_dags/example_task_group.py
[2021-12-21 00:19:39,434] {scheduler_job.py:633} INFO - Processing file /home/airflow/.local/lib/python3.8/site-packages/airflow/example_dags/example_task_group.py for tasks to queue
[2021-12-21 00:19:39,445] {logging_mixin.py:104} INFO - [2021-12-21 00:19:39,444] {dagbag.py:496} INFO - Filling up the DagBag from /home/airflow/.local/lib/python3.8/site-packages/airflow/example_dags/example_task_group.py
[2021-12-21 00:19:39,519] {scheduler_job.py:643} INFO - DAG(s) dict_keys(['example_task_group']) retrieved from /home/airflow/.local/lib/python3.8/site-packages/airflow/example_dags/example_task_group.py
[2021-12-21 00:19:39,577] {logging_mixin.py:104} INFO - [2021-12-21 00:19:39,577] {dag.py:1833} INFO - Sync 1 DAGs
[2021-12-21 00:19:39,608] {logging_mixin.py:104} INFO - [2021-12-21 00:19:39,608] {dag.py:2306} INFO - Setting next_dagrun for example_task_group to 2021-12-19 00:00:00+00:00
[2021-12-21 00:19:39,656] {scheduler_job.py:190} INFO - Processing /home/airflow/.local/lib/python3.8/site-packages/airflow/example_dags/example_task_group.py took 0.252 seconds
[2021-12-21 00:20:10,124] {scheduler_job.py:182} INFO - Started process (PID=11113) to work on /home/airflow/.local/lib/python3.8/site-packages/airflow/example_dags/example_task_group.py
[2021-12-21 00:20:10,133] {scheduler_job.py:633} INFO - Processing file /home/airflow/.local/lib/python3.8/site-packages/airflow/example_dags/example_task_group.py for tasks to queue
[2021-12-21 00:20:10,137] {logging_mixin.py:104} INFO - [2021-12-21 00:20:10,137] {dagbag.py:496} INFO - Filling up the DagBag from /home/airflow/.local/lib/python3.8/site-packages/airflow/example_dags/example_task_group.py
[2021-12-21 00:20:10,169] {scheduler_job.py:643} INFO - DAG(s) dict_keys(['example_task_group']) retrieved from /home/airflow/.local/lib/python3.8/site-packages/airflow/example_dags/example_task_group.py
[2021-12-21 00:20:10,230] {logging_mixin.py:104} INFO - [2021-12-21 00:20:10,230] {dag.py:1833} INFO - Sync 1 DAGs
[2021-12-21 00:20:10,252] {logging_mixin.py:104} INFO - [2021-12-21 00:20:10,252] {dag.py:2306} INFO - Setting next_dagrun for example_task_group to 2021-12-19 00:00:00+00:00
[2021-12-21 00:20:10,280] {scheduler_job.py:190} INFO - Processing /home/airflow/.local/lib/python3.8/site-packages/airflow/example_dags/example_task_group.py took 0.174 seconds
[2021-12-21 00:20:40,777] {scheduler_job.py:182} INFO - Started process (PID=11143) to work on /home/airflow/.local/lib/python3.8/site-packages/airflow/example_dags/example_task_group.py
[2021-12-21 00:20:40,789] {scheduler_job.py:633} INFO - Processing file /home/airflow/.local/lib/python3.8/site-packages/airflow/example_dags/example_task_group.py for tasks to queue
[2021-12-21 00:20:40,793] {logging_mixin.py:104} INFO - [2021-12-21 00:20:40,793] {dagbag.py:496} INFO - Filling up the DagBag from /home/airflow/.local/lib/python3.8/site-packages/airflow/example_dags/example_task_group.py
[2021-12-21 00:20:40,820] {scheduler_job.py:643} INFO - DAG(s) dict_keys(['example_task_group']) retrieved from /home/airflow/.local/lib/python3.8/site-packages/airflow/example_dags/example_task_group.py
[2021-12-21 00:20:40,869] {logging_mixin.py:104} INFO - [2021-12-21 00:20:40,869] {dag.py:1833} INFO - Sync 1 DAGs
[2021-12-21 00:20:40,893] {logging_mixin.py:104} INFO - [2021-12-21 00:20:40,892] {dag.py:2306} INFO - Setting next_dagrun for example_task_group to 2021-12-19 00:00:00+00:00
[2021-12-21 00:20:40,921] {scheduler_job.py:190} INFO - Processing /home/airflow/.local/lib/python3.8/site-packages/airflow/example_dags/example_task_group.py took 0.154 seconds
[2021-12-21 00:21:11,131] {scheduler_job.py:182} INFO - Started process (PID=11173) to work on /home/airflow/.local/lib/python3.8/site-packages/airflow/example_dags/example_task_group.py
[2021-12-21 00:21:11,135] {scheduler_job.py:633} INFO - Processing file /home/airflow/.local/lib/python3.8/site-packages/airflow/example_dags/example_task_group.py for tasks to queue
[2021-12-21 00:21:11,137] {logging_mixin.py:104} INFO - [2021-12-21 00:21:11,137] {dagbag.py:496} INFO - Filling up the DagBag from /home/airflow/.local/lib/python3.8/site-packages/airflow/example_dags/example_task_group.py
[2021-12-21 00:21:11,165] {scheduler_job.py:643} INFO - DAG(s) dict_keys(['example_task_group']) retrieved from /home/airflow/.local/lib/python3.8/site-packages/airflow/example_dags/example_task_group.py
[2021-12-21 00:21:11,212] {logging_mixin.py:104} INFO - [2021-12-21 00:21:11,212] {dag.py:1833} INFO - Sync 1 DAGs
[2021-12-21 00:21:11,233] {logging_mixin.py:104} INFO - [2021-12-21 00:21:11,233] {dag.py:2306} INFO - Setting next_dagrun for example_task_group to 2021-12-19 00:00:00+00:00
[2021-12-21 00:21:11,257] {scheduler_job.py:190} INFO - Processing /home/airflow/.local/lib/python3.8/site-packages/airflow/example_dags/example_task_group.py took 0.132 seconds
[2021-12-21 00:21:42,091] {scheduler_job.py:182} INFO - Started process (PID=11204) to work on /home/airflow/.local/lib/python3.8/site-packages/airflow/example_dags/example_task_group.py
[2021-12-21 00:21:42,098] {scheduler_job.py:633} INFO - Processing file /home/airflow/.local/lib/python3.8/site-packages/airflow/example_dags/example_task_group.py for tasks to queue
[2021-12-21 00:21:42,102] {logging_mixin.py:104} INFO - [2021-12-21 00:21:42,101] {dagbag.py:496} INFO - Filling up the DagBag from /home/airflow/.local/lib/python3.8/site-packages/airflow/example_dags/example_task_group.py
[2021-12-21 00:21:42,129] {scheduler_job.py:643} INFO - DAG(s) dict_keys(['example_task_group']) retrieved from /home/airflow/.local/lib/python3.8/site-packages/airflow/example_dags/example_task_group.py
[2021-12-21 00:21:42,228] {logging_mixin.py:104} INFO - [2021-12-21 00:21:42,228] {dag.py:1833} INFO - Sync 1 DAGs
[2021-12-21 00:21:42,290] {logging_mixin.py:104} INFO - [2021-12-21 00:21:42,290] {dag.py:2306} INFO - Setting next_dagrun for example_task_group to 2021-12-19 00:00:00+00:00
[2021-12-21 00:21:42,353] {scheduler_job.py:190} INFO - Processing /home/airflow/.local/lib/python3.8/site-packages/airflow/example_dags/example_task_group.py took 0.288 seconds
[2021-12-21 00:22:13,281] {scheduler_job.py:182} INFO - Started process (PID=11235) to work on /home/airflow/.local/lib/python3.8/site-packages/airflow/example_dags/example_task_group.py
[2021-12-21 00:22:13,290] {scheduler_job.py:633} INFO - Processing file /home/airflow/.local/lib/python3.8/site-packages/airflow/example_dags/example_task_group.py for tasks to queue
[2021-12-21 00:22:13,293] {logging_mixin.py:104} INFO - [2021-12-21 00:22:13,293] {dagbag.py:496} INFO - Filling up the DagBag from /home/airflow/.local/lib/python3.8/site-packages/airflow/example_dags/example_task_group.py
[2021-12-21 00:22:13,321] {scheduler_job.py:643} INFO - DAG(s) dict_keys(['example_task_group']) retrieved from /home/airflow/.local/lib/python3.8/site-packages/airflow/example_dags/example_task_group.py
[2021-12-21 00:22:13,376] {logging_mixin.py:104} INFO - [2021-12-21 00:22:13,376] {dag.py:1833} INFO - Sync 1 DAGs
[2021-12-21 00:22:13,397] {logging_mixin.py:104} INFO - [2021-12-21 00:22:13,396] {dag.py:2306} INFO - Setting next_dagrun for example_task_group to 2021-12-19 00:00:00+00:00
[2021-12-21 00:22:13,422] {scheduler_job.py:190} INFO - Processing /home/airflow/.local/lib/python3.8/site-packages/airflow/example_dags/example_task_group.py took 0.154 seconds
[2021-12-21 00:22:43,657] {scheduler_job.py:182} INFO - Started process (PID=11266) to work on /home/airflow/.local/lib/python3.8/site-packages/airflow/example_dags/example_task_group.py
[2021-12-21 00:22:43,661] {scheduler_job.py:633} INFO - Processing file /home/airflow/.local/lib/python3.8/site-packages/airflow/example_dags/example_task_group.py for tasks to queue
[2021-12-21 00:22:43,664] {logging_mixin.py:104} INFO - [2021-12-21 00:22:43,663] {dagbag.py:496} INFO - Filling up the DagBag from /home/airflow/.local/lib/python3.8/site-packages/airflow/example_dags/example_task_group.py
[2021-12-21 00:22:43,690] {scheduler_job.py:643} INFO - DAG(s) dict_keys(['example_task_group']) retrieved from /home/airflow/.local/lib/python3.8/site-packages/airflow/example_dags/example_task_group.py
[2021-12-21 00:22:43,740] {logging_mixin.py:104} INFO - [2021-12-21 00:22:43,740] {dag.py:1833} INFO - Sync 1 DAGs
[2021-12-21 00:22:43,758] {logging_mixin.py:104} INFO - [2021-12-21 00:22:43,758] {dag.py:2306} INFO - Setting next_dagrun for example_task_group to 2021-12-19 00:00:00+00:00
[2021-12-21 00:22:43,777] {scheduler_job.py:190} INFO - Processing /home/airflow/.local/lib/python3.8/site-packages/airflow/example_dags/example_task_group.py took 0.124 seconds
[2021-12-21 00:23:13,971] {scheduler_job.py:182} INFO - Started process (PID=11297) to work on /home/airflow/.local/lib/python3.8/site-packages/airflow/example_dags/example_task_group.py
[2021-12-21 00:23:13,977] {scheduler_job.py:633} INFO - Processing file /home/airflow/.local/lib/python3.8/site-packages/airflow/example_dags/example_task_group.py for tasks to queue
[2021-12-21 00:23:13,979] {logging_mixin.py:104} INFO - [2021-12-21 00:23:13,979] {dagbag.py:496} INFO - Filling up the DagBag from /home/airflow/.local/lib/python3.8/site-packages/airflow/example_dags/example_task_group.py
[2021-12-21 00:23:14,008] {scheduler_job.py:643} INFO - DAG(s) dict_keys(['example_task_group']) retrieved from /home/airflow/.local/lib/python3.8/site-packages/airflow/example_dags/example_task_group.py
[2021-12-21 00:23:14,085] {logging_mixin.py:104} INFO - [2021-12-21 00:23:14,085] {dag.py:1833} INFO - Sync 1 DAGs
[2021-12-21 00:23:14,122] {logging_mixin.py:104} INFO - [2021-12-21 00:23:14,122] {dag.py:2306} INFO - Setting next_dagrun for example_task_group to 2021-12-19 00:00:00+00:00
[2021-12-21 00:23:14,159] {scheduler_job.py:190} INFO - Processing /home/airflow/.local/lib/python3.8/site-packages/airflow/example_dags/example_task_group.py took 0.200 seconds
[2021-12-21 00:23:44,604] {scheduler_job.py:182} INFO - Started process (PID=11328) to work on /home/airflow/.local/lib/python3.8/site-packages/airflow/example_dags/example_task_group.py
[2021-12-21 00:23:44,610] {scheduler_job.py:633} INFO - Processing file /home/airflow/.local/lib/python3.8/site-packages/airflow/example_dags/example_task_group.py for tasks to queue
[2021-12-21 00:23:44,613] {logging_mixin.py:104} INFO - [2021-12-21 00:23:44,613] {dagbag.py:496} INFO - Filling up the DagBag from /home/airflow/.local/lib/python3.8/site-packages/airflow/example_dags/example_task_group.py
[2021-12-21 00:23:44,710] {scheduler_job.py:643} INFO - DAG(s) dict_keys(['example_task_group']) retrieved from /home/airflow/.local/lib/python3.8/site-packages/airflow/example_dags/example_task_group.py
[2021-12-21 00:23:44,888] {logging_mixin.py:104} INFO - [2021-12-21 00:23:44,888] {dag.py:1833} INFO - Sync 1 DAGs
[2021-12-21 00:23:44,934] {logging_mixin.py:104} INFO - [2021-12-21 00:23:44,934] {dag.py:2306} INFO - Setting next_dagrun for example_task_group to 2021-12-19 00:00:00+00:00
[2021-12-21 00:23:44,953] {scheduler_job.py:190} INFO - Processing /home/airflow/.local/lib/python3.8/site-packages/airflow/example_dags/example_task_group.py took 0.364 seconds
[2021-12-21 00:24:15,066] {scheduler_job.py:182} INFO - Started process (PID=11359) to work on /home/airflow/.local/lib/python3.8/site-packages/airflow/example_dags/example_task_group.py
[2021-12-21 00:24:15,073] {scheduler_job.py:633} INFO - Processing file /home/airflow/.local/lib/python3.8/site-packages/airflow/example_dags/example_task_group.py for tasks to queue
[2021-12-21 00:24:15,077] {logging_mixin.py:104} INFO - [2021-12-21 00:24:15,076] {dagbag.py:496} INFO - Filling up the DagBag from /home/airflow/.local/lib/python3.8/site-packages/airflow/example_dags/example_task_group.py
[2021-12-21 00:24:15,141] {scheduler_job.py:643} INFO - DAG(s) dict_keys(['example_task_group']) retrieved from /home/airflow/.local/lib/python3.8/site-packages/airflow/example_dags/example_task_group.py
[2021-12-21 00:24:15,208] {logging_mixin.py:104} INFO - [2021-12-21 00:24:15,208] {dag.py:1833} INFO - Sync 1 DAGs
[2021-12-21 00:24:15,247] {logging_mixin.py:104} INFO - [2021-12-21 00:24:15,246] {dag.py:2306} INFO - Setting next_dagrun for example_task_group to 2021-12-19 00:00:00+00:00
[2021-12-21 00:24:15,296] {scheduler_job.py:190} INFO - Processing /home/airflow/.local/lib/python3.8/site-packages/airflow/example_dags/example_task_group.py took 0.236 seconds
[2021-12-21 00:24:45,632] {scheduler_job.py:182} INFO - Started process (PID=11390) to work on /home/airflow/.local/lib/python3.8/site-packages/airflow/example_dags/example_task_group.py
[2021-12-21 00:24:45,642] {scheduler_job.py:633} INFO - Processing file /home/airflow/.local/lib/python3.8/site-packages/airflow/example_dags/example_task_group.py for tasks to queue
[2021-12-21 00:24:45,645] {logging_mixin.py:104} INFO - [2021-12-21 00:24:45,645] {dagbag.py:496} INFO - Filling up the DagBag from /home/airflow/.local/lib/python3.8/site-packages/airflow/example_dags/example_task_group.py
[2021-12-21 00:24:45,683] {scheduler_job.py:643} INFO - DAG(s) dict_keys(['example_task_group']) retrieved from /home/airflow/.local/lib/python3.8/site-packages/airflow/example_dags/example_task_group.py
[2021-12-21 00:24:45,761] {logging_mixin.py:104} INFO - [2021-12-21 00:24:45,761] {dag.py:1833} INFO - Sync 1 DAGs
[2021-12-21 00:24:45,780] {logging_mixin.py:104} INFO - [2021-12-21 00:24:45,780] {dag.py:2306} INFO - Setting next_dagrun for example_task_group to 2021-12-19 00:00:00+00:00
[2021-12-21 00:24:45,812] {scheduler_job.py:190} INFO - Processing /home/airflow/.local/lib/python3.8/site-packages/airflow/example_dags/example_task_group.py took 0.196 seconds
[2021-12-21 00:25:16,063] {scheduler_job.py:182} INFO - Started process (PID=11421) to work on /home/airflow/.local/lib/python3.8/site-packages/airflow/example_dags/example_task_group.py
[2021-12-21 00:25:16,068] {scheduler_job.py:633} INFO - Processing file /home/airflow/.local/lib/python3.8/site-packages/airflow/example_dags/example_task_group.py for tasks to queue
[2021-12-21 00:25:16,071] {logging_mixin.py:104} INFO - [2021-12-21 00:25:16,070] {dagbag.py:496} INFO - Filling up the DagBag from /home/airflow/.local/lib/python3.8/site-packages/airflow/example_dags/example_task_group.py
[2021-12-21 00:25:16,094] {scheduler_job.py:643} INFO - DAG(s) dict_keys(['example_task_group']) retrieved from /home/airflow/.local/lib/python3.8/site-packages/airflow/example_dags/example_task_group.py
[2021-12-21 00:25:16,165] {logging_mixin.py:104} INFO - [2021-12-21 00:25:16,165] {dag.py:1833} INFO - Sync 1 DAGs
[2021-12-21 00:25:16,197] {logging_mixin.py:104} INFO - [2021-12-21 00:25:16,197] {dag.py:2306} INFO - Setting next_dagrun for example_task_group to 2021-12-19 00:00:00+00:00
[2021-12-21 00:25:16,228] {scheduler_job.py:190} INFO - Processing /home/airflow/.local/lib/python3.8/site-packages/airflow/example_dags/example_task_group.py took 0.169 seconds
[2021-12-21 00:25:46,299] {scheduler_job.py:182} INFO - Started process (PID=11452) to work on /home/airflow/.local/lib/python3.8/site-packages/airflow/example_dags/example_task_group.py
[2021-12-21 00:25:46,304] {scheduler_job.py:633} INFO - Processing file /home/airflow/.local/lib/python3.8/site-packages/airflow/example_dags/example_task_group.py for tasks to queue
[2021-12-21 00:25:46,308] {logging_mixin.py:104} INFO - [2021-12-21 00:25:46,308] {dagbag.py:496} INFO - Filling up the DagBag from /home/airflow/.local/lib/python3.8/site-packages/airflow/example_dags/example_task_group.py
[2021-12-21 00:25:46,336] {scheduler_job.py:643} INFO - DAG(s) dict_keys(['example_task_group']) retrieved from /home/airflow/.local/lib/python3.8/site-packages/airflow/example_dags/example_task_group.py
[2021-12-21 00:25:46,390] {logging_mixin.py:104} INFO - [2021-12-21 00:25:46,390] {dag.py:1833} INFO - Sync 1 DAGs
[2021-12-21 00:25:46,407] {logging_mixin.py:104} INFO - [2021-12-21 00:25:46,407] {dag.py:2306} INFO - Setting next_dagrun for example_task_group to 2021-12-19 00:00:00+00:00
[2021-12-21 00:25:46,427] {scheduler_job.py:190} INFO - Processing /home/airflow/.local/lib/python3.8/site-packages/airflow/example_dags/example_task_group.py took 0.134 seconds
[2021-12-21 00:26:16,553] {scheduler_job.py:182} INFO - Started process (PID=11483) to work on /home/airflow/.local/lib/python3.8/site-packages/airflow/example_dags/example_task_group.py
[2021-12-21 00:26:16,557] {scheduler_job.py:633} INFO - Processing file /home/airflow/.local/lib/python3.8/site-packages/airflow/example_dags/example_task_group.py for tasks to queue
[2021-12-21 00:26:16,560] {logging_mixin.py:104} INFO - [2021-12-21 00:26:16,560] {dagbag.py:496} INFO - Filling up the DagBag from /home/airflow/.local/lib/python3.8/site-packages/airflow/example_dags/example_task_group.py
[2021-12-21 00:26:16,586] {scheduler_job.py:643} INFO - DAG(s) dict_keys(['example_task_group']) retrieved from /home/airflow/.local/lib/python3.8/site-packages/airflow/example_dags/example_task_group.py
[2021-12-21 00:26:16,635] {logging_mixin.py:104} INFO - [2021-12-21 00:26:16,635] {dag.py:1833} INFO - Sync 1 DAGs
[2021-12-21 00:26:16,668] {logging_mixin.py:104} INFO - [2021-12-21 00:26:16,667] {dag.py:2306} INFO - Setting next_dagrun for example_task_group to 2021-12-19 00:00:00+00:00
[2021-12-21 00:26:16,690] {scheduler_job.py:190} INFO - Processing /home/airflow/.local/lib/python3.8/site-packages/airflow/example_dags/example_task_group.py took 0.142 seconds
[2021-12-21 00:26:46,871] {scheduler_job.py:182} INFO - Started process (PID=11514) to work on /home/airflow/.local/lib/python3.8/site-packages/airflow/example_dags/example_task_group.py
[2021-12-21 00:26:46,881] {scheduler_job.py:633} INFO - Processing file /home/airflow/.local/lib/python3.8/site-packages/airflow/example_dags/example_task_group.py for tasks to queue
[2021-12-21 00:26:46,893] {logging_mixin.py:104} INFO - [2021-12-21 00:26:46,893] {dagbag.py:496} INFO - Filling up the DagBag from /home/airflow/.local/lib/python3.8/site-packages/airflow/example_dags/example_task_group.py
[2021-12-21 00:26:46,974] {scheduler_job.py:643} INFO - DAG(s) dict_keys(['example_task_group']) retrieved from /home/airflow/.local/lib/python3.8/site-packages/airflow/example_dags/example_task_group.py
[2021-12-21 00:26:47,064] {logging_mixin.py:104} INFO - [2021-12-21 00:26:47,064] {dag.py:1833} INFO - Sync 1 DAGs
[2021-12-21 00:26:47,082] {logging_mixin.py:104} INFO - [2021-12-21 00:26:47,081] {dag.py:2306} INFO - Setting next_dagrun for example_task_group to 2021-12-19 00:00:00+00:00
[2021-12-21 00:26:47,102] {scheduler_job.py:190} INFO - Processing /home/airflow/.local/lib/python3.8/site-packages/airflow/example_dags/example_task_group.py took 0.252 seconds
[2021-12-21 00:27:17,592] {scheduler_job.py:182} INFO - Started process (PID=11545) to work on /home/airflow/.local/lib/python3.8/site-packages/airflow/example_dags/example_task_group.py
[2021-12-21 00:27:17,614] {scheduler_job.py:633} INFO - Processing file /home/airflow/.local/lib/python3.8/site-packages/airflow/example_dags/example_task_group.py for tasks to queue
[2021-12-21 00:27:17,616] {logging_mixin.py:104} INFO - [2021-12-21 00:27:17,616] {dagbag.py:496} INFO - Filling up the DagBag from /home/airflow/.local/lib/python3.8/site-packages/airflow/example_dags/example_task_group.py
[2021-12-21 00:27:17,669] {scheduler_job.py:643} INFO - DAG(s) dict_keys(['example_task_group']) retrieved from /home/airflow/.local/lib/python3.8/site-packages/airflow/example_dags/example_task_group.py
[2021-12-21 00:27:17,777] {logging_mixin.py:104} INFO - [2021-12-21 00:27:17,777] {dag.py:1833} INFO - Sync 1 DAGs
[2021-12-21 00:27:17,794] {logging_mixin.py:104} INFO - [2021-12-21 00:27:17,794] {dag.py:2306} INFO - Setting next_dagrun for example_task_group to 2021-12-19 00:00:00+00:00
[2021-12-21 00:27:17,815] {scheduler_job.py:190} INFO - Processing /home/airflow/.local/lib/python3.8/site-packages/airflow/example_dags/example_task_group.py took 0.234 seconds
[2021-12-21 00:27:48,262] {scheduler_job.py:182} INFO - Started process (PID=11576) to work on /home/airflow/.local/lib/python3.8/site-packages/airflow/example_dags/example_task_group.py
[2021-12-21 00:27:48,269] {scheduler_job.py:633} INFO - Processing file /home/airflow/.local/lib/python3.8/site-packages/airflow/example_dags/example_task_group.py for tasks to queue
[2021-12-21 00:27:48,275] {logging_mixin.py:104} INFO - [2021-12-21 00:27:48,274] {dagbag.py:496} INFO - Filling up the DagBag from /home/airflow/.local/lib/python3.8/site-packages/airflow/example_dags/example_task_group.py
[2021-12-21 00:27:48,332] {scheduler_job.py:643} INFO - DAG(s) dict_keys(['example_task_group']) retrieved from /home/airflow/.local/lib/python3.8/site-packages/airflow/example_dags/example_task_group.py
[2021-12-21 00:27:48,402] {logging_mixin.py:104} INFO - [2021-12-21 00:27:48,401] {dag.py:1833} INFO - Sync 1 DAGs
[2021-12-21 00:27:48,433] {logging_mixin.py:104} INFO - [2021-12-21 00:27:48,433] {dag.py:2306} INFO - Setting next_dagrun for example_task_group to 2021-12-19 00:00:00+00:00
[2021-12-21 00:27:48,492] {scheduler_job.py:190} INFO - Processing /home/airflow/.local/lib/python3.8/site-packages/airflow/example_dags/example_task_group.py took 0.234 seconds
[2021-12-21 00:28:18,542] {scheduler_job.py:182} INFO - Started process (PID=11607) to work on /home/airflow/.local/lib/python3.8/site-packages/airflow/example_dags/example_task_group.py
[2021-12-21 00:28:18,549] {scheduler_job.py:633} INFO - Processing file /home/airflow/.local/lib/python3.8/site-packages/airflow/example_dags/example_task_group.py for tasks to queue
[2021-12-21 00:28:18,552] {logging_mixin.py:104} INFO - [2021-12-21 00:28:18,552] {dagbag.py:496} INFO - Filling up the DagBag from /home/airflow/.local/lib/python3.8/site-packages/airflow/example_dags/example_task_group.py
[2021-12-21 00:28:18,576] {scheduler_job.py:643} INFO - DAG(s) dict_keys(['example_task_group']) retrieved from /home/airflow/.local/lib/python3.8/site-packages/airflow/example_dags/example_task_group.py
[2021-12-21 00:28:18,626] {logging_mixin.py:104} INFO - [2021-12-21 00:28:18,626] {dag.py:1833} INFO - Sync 1 DAGs
[2021-12-21 00:28:18,644] {logging_mixin.py:104} INFO - [2021-12-21 00:28:18,644] {dag.py:2306} INFO - Setting next_dagrun for example_task_group to 2021-12-19 00:00:00+00:00
[2021-12-21 00:28:18,686] {scheduler_job.py:190} INFO - Processing /home/airflow/.local/lib/python3.8/site-packages/airflow/example_dags/example_task_group.py took 0.148 seconds
[2021-12-21 00:28:48,822] {scheduler_job.py:182} INFO - Started process (PID=11638) to work on /home/airflow/.local/lib/python3.8/site-packages/airflow/example_dags/example_task_group.py
[2021-12-21 00:28:48,827] {scheduler_job.py:633} INFO - Processing file /home/airflow/.local/lib/python3.8/site-packages/airflow/example_dags/example_task_group.py for tasks to queue
[2021-12-21 00:28:48,831] {logging_mixin.py:104} INFO - [2021-12-21 00:28:48,830] {dagbag.py:496} INFO - Filling up the DagBag from /home/airflow/.local/lib/python3.8/site-packages/airflow/example_dags/example_task_group.py
[2021-12-21 00:28:48,852] {scheduler_job.py:643} INFO - DAG(s) dict_keys(['example_task_group']) retrieved from /home/airflow/.local/lib/python3.8/site-packages/airflow/example_dags/example_task_group.py
[2021-12-21 00:28:48,905] {logging_mixin.py:104} INFO - [2021-12-21 00:28:48,905] {dag.py:1833} INFO - Sync 1 DAGs
[2021-12-21 00:28:48,927] {logging_mixin.py:104} INFO - [2021-12-21 00:28:48,927] {dag.py:2306} INFO - Setting next_dagrun for example_task_group to 2021-12-19 00:00:00+00:00
[2021-12-21 00:28:48,948] {scheduler_job.py:190} INFO - Processing /home/airflow/.local/lib/python3.8/site-packages/airflow/example_dags/example_task_group.py took 0.133 seconds
[2021-12-21 00:29:19,220] {scheduler_job.py:182} INFO - Started process (PID=11669) to work on /home/airflow/.local/lib/python3.8/site-packages/airflow/example_dags/example_task_group.py
[2021-12-21 00:29:19,225] {scheduler_job.py:633} INFO - Processing file /home/airflow/.local/lib/python3.8/site-packages/airflow/example_dags/example_task_group.py for tasks to queue
[2021-12-21 00:29:19,228] {logging_mixin.py:104} INFO - [2021-12-21 00:29:19,228] {dagbag.py:496} INFO - Filling up the DagBag from /home/airflow/.local/lib/python3.8/site-packages/airflow/example_dags/example_task_group.py
[2021-12-21 00:29:19,255] {scheduler_job.py:643} INFO - DAG(s) dict_keys(['example_task_group']) retrieved from /home/airflow/.local/lib/python3.8/site-packages/airflow/example_dags/example_task_group.py
[2021-12-21 00:29:19,318] {logging_mixin.py:104} INFO - [2021-12-21 00:29:19,318] {dag.py:1833} INFO - Sync 1 DAGs
[2021-12-21 00:29:19,345] {logging_mixin.py:104} INFO - [2021-12-21 00:29:19,345] {dag.py:2306} INFO - Setting next_dagrun for example_task_group to 2021-12-19 00:00:00+00:00
[2021-12-21 00:29:19,375] {scheduler_job.py:190} INFO - Processing /home/airflow/.local/lib/python3.8/site-packages/airflow/example_dags/example_task_group.py took 0.164 seconds
[2021-12-21 00:29:49,629] {scheduler_job.py:182} INFO - Started process (PID=11700) to work on /home/airflow/.local/lib/python3.8/site-packages/airflow/example_dags/example_task_group.py
[2021-12-21 00:29:49,631] {scheduler_job.py:633} INFO - Processing file /home/airflow/.local/lib/python3.8/site-packages/airflow/example_dags/example_task_group.py for tasks to queue
[2021-12-21 00:29:49,634] {logging_mixin.py:104} INFO - [2021-12-21 00:29:49,634] {dagbag.py:496} INFO - Filling up the DagBag from /home/airflow/.local/lib/python3.8/site-packages/airflow/example_dags/example_task_group.py
[2021-12-21 00:29:49,653] {scheduler_job.py:643} INFO - DAG(s) dict_keys(['example_task_group']) retrieved from /home/airflow/.local/lib/python3.8/site-packages/airflow/example_dags/example_task_group.py
[2021-12-21 00:29:49,699] {logging_mixin.py:104} INFO - [2021-12-21 00:29:49,699] {dag.py:1833} INFO - Sync 1 DAGs
[2021-12-21 00:29:49,714] {logging_mixin.py:104} INFO - [2021-12-21 00:29:49,714] {dag.py:2306} INFO - Setting next_dagrun for example_task_group to 2021-12-19 00:00:00+00:00
[2021-12-21 00:29:49,733] {scheduler_job.py:190} INFO - Processing /home/airflow/.local/lib/python3.8/site-packages/airflow/example_dags/example_task_group.py took 0.110 seconds
[2021-12-21 00:30:19,826] {scheduler_job.py:182} INFO - Started process (PID=11731) to work on /home/airflow/.local/lib/python3.8/site-packages/airflow/example_dags/example_task_group.py
[2021-12-21 00:30:19,830] {scheduler_job.py:633} INFO - Processing file /home/airflow/.local/lib/python3.8/site-packages/airflow/example_dags/example_task_group.py for tasks to queue
[2021-12-21 00:30:19,832] {logging_mixin.py:104} INFO - [2021-12-21 00:30:19,832] {dagbag.py:496} INFO - Filling up the DagBag from /home/airflow/.local/lib/python3.8/site-packages/airflow/example_dags/example_task_group.py
[2021-12-21 00:30:19,851] {scheduler_job.py:643} INFO - DAG(s) dict_keys(['example_task_group']) retrieved from /home/airflow/.local/lib/python3.8/site-packages/airflow/example_dags/example_task_group.py
[2021-12-21 00:30:19,896] {logging_mixin.py:104} INFO - [2021-12-21 00:30:19,895] {dag.py:1833} INFO - Sync 1 DAGs
[2021-12-21 00:30:19,911] {logging_mixin.py:104} INFO - [2021-12-21 00:30:19,911] {dag.py:2306} INFO - Setting next_dagrun for example_task_group to 2021-12-19 00:00:00+00:00
[2021-12-21 00:30:19,930] {scheduler_job.py:190} INFO - Processing /home/airflow/.local/lib/python3.8/site-packages/airflow/example_dags/example_task_group.py took 0.109 seconds
[2021-12-21 00:30:50,327] {scheduler_job.py:182} INFO - Started process (PID=11762) to work on /home/airflow/.local/lib/python3.8/site-packages/airflow/example_dags/example_task_group.py
[2021-12-21 00:30:50,330] {scheduler_job.py:633} INFO - Processing file /home/airflow/.local/lib/python3.8/site-packages/airflow/example_dags/example_task_group.py for tasks to queue
[2021-12-21 00:30:50,332] {logging_mixin.py:104} INFO - [2021-12-21 00:30:50,332] {dagbag.py:496} INFO - Filling up the DagBag from /home/airflow/.local/lib/python3.8/site-packages/airflow/example_dags/example_task_group.py
[2021-12-21 00:30:50,350] {scheduler_job.py:643} INFO - DAG(s) dict_keys(['example_task_group']) retrieved from /home/airflow/.local/lib/python3.8/site-packages/airflow/example_dags/example_task_group.py
[2021-12-21 00:30:50,406] {logging_mixin.py:104} INFO - [2021-12-21 00:30:50,406] {dag.py:1833} INFO - Sync 1 DAGs
[2021-12-21 00:30:50,422] {logging_mixin.py:104} INFO - [2021-12-21 00:30:50,422] {dag.py:2306} INFO - Setting next_dagrun for example_task_group to 2021-12-19 00:00:00+00:00
[2021-12-21 00:30:50,444] {scheduler_job.py:190} INFO - Processing /home/airflow/.local/lib/python3.8/site-packages/airflow/example_dags/example_task_group.py took 0.122 seconds
[2021-12-21 00:39:25,346] {scheduler_job.py:182} INFO - Started process (PID=11786) to work on /home/airflow/.local/lib/python3.8/site-packages/airflow/example_dags/example_task_group.py
[2021-12-21 00:39:25,352] {scheduler_job.py:633} INFO - Processing file /home/airflow/.local/lib/python3.8/site-packages/airflow/example_dags/example_task_group.py for tasks to queue
[2021-12-21 00:39:25,355] {logging_mixin.py:104} INFO - [2021-12-21 00:39:25,355] {dagbag.py:496} INFO - Filling up the DagBag from /home/airflow/.local/lib/python3.8/site-packages/airflow/example_dags/example_task_group.py
[2021-12-21 00:39:25,409] {scheduler_job.py:643} INFO - DAG(s) dict_keys(['example_task_group']) retrieved from /home/airflow/.local/lib/python3.8/site-packages/airflow/example_dags/example_task_group.py
[2021-12-21 00:39:25,501] {logging_mixin.py:104} INFO - [2021-12-21 00:39:25,500] {dag.py:1833} INFO - Sync 1 DAGs
[2021-12-21 00:39:25,546] {logging_mixin.py:104} INFO - [2021-12-21 00:39:25,546] {dag.py:2306} INFO - Setting next_dagrun for example_task_group to 2021-12-19 00:00:00+00:00
[2021-12-21 00:39:25,583] {scheduler_job.py:190} INFO - Processing /home/airflow/.local/lib/python3.8/site-packages/airflow/example_dags/example_task_group.py took 0.245 seconds
[2021-12-21 00:39:57,424] {scheduler_job.py:182} INFO - Started process (PID=11817) to work on /home/airflow/.local/lib/python3.8/site-packages/airflow/example_dags/example_task_group.py
[2021-12-21 00:39:57,435] {scheduler_job.py:633} INFO - Processing file /home/airflow/.local/lib/python3.8/site-packages/airflow/example_dags/example_task_group.py for tasks to queue
[2021-12-21 00:39:57,439] {logging_mixin.py:104} INFO - [2021-12-21 00:39:57,439] {dagbag.py:496} INFO - Filling up the DagBag from /home/airflow/.local/lib/python3.8/site-packages/airflow/example_dags/example_task_group.py
[2021-12-21 00:39:57,501] {scheduler_job.py:643} INFO - DAG(s) dict_keys(['example_task_group']) retrieved from /home/airflow/.local/lib/python3.8/site-packages/airflow/example_dags/example_task_group.py
[2021-12-21 00:39:57,573] {logging_mixin.py:104} INFO - [2021-12-21 00:39:57,573] {dag.py:1833} INFO - Sync 1 DAGs
[2021-12-21 00:39:57,619] {logging_mixin.py:104} INFO - [2021-12-21 00:39:57,619] {dag.py:2306} INFO - Setting next_dagrun for example_task_group to 2021-12-19 00:00:00+00:00
[2021-12-21 00:39:57,667] {scheduler_job.py:190} INFO - Processing /home/airflow/.local/lib/python3.8/site-packages/airflow/example_dags/example_task_group.py took 0.258 seconds
