[2021-12-21 00:00:04,645] {scheduler_job.py:182} INFO - Started process (PID=9900) to work on /home/airflow/.local/lib/python3.8/site-packages/airflow/example_dags/example_dag_decorator.py
[2021-12-21 00:00:04,649] {scheduler_job.py:633} INFO - Processing file /home/airflow/.local/lib/python3.8/site-packages/airflow/example_dags/example_dag_decorator.py for tasks to queue
[2021-12-21 00:00:04,657] {logging_mixin.py:104} INFO - [2021-12-21 00:00:04,655] {dagbag.py:496} INFO - Filling up the DagBag from /home/airflow/.local/lib/python3.8/site-packages/airflow/example_dags/example_dag_decorator.py
[2021-12-21 00:00:04,686] {scheduler_job.py:643} INFO - DAG(s) dict_keys(['example_dag_decorator']) retrieved from /home/airflow/.local/lib/python3.8/site-packages/airflow/example_dags/example_dag_decorator.py
[2021-12-21 00:00:05,272] {logging_mixin.py:104} INFO - [2021-12-21 00:00:05,272] {dag.py:1833} INFO - Sync 1 DAGs
[2021-12-21 00:00:05,309] {logging_mixin.py:104} INFO - [2021-12-21 00:00:05,309] {dag.py:2306} INFO - Setting next_dagrun for example_dag_decorator to None
[2021-12-21 00:00:05,334] {scheduler_job.py:190} INFO - Processing /home/airflow/.local/lib/python3.8/site-packages/airflow/example_dags/example_dag_decorator.py took 0.698 seconds
[2021-12-21 00:00:36,041] {scheduler_job.py:182} INFO - Started process (PID=9931) to work on /home/airflow/.local/lib/python3.8/site-packages/airflow/example_dags/example_dag_decorator.py
[2021-12-21 00:00:36,047] {scheduler_job.py:633} INFO - Processing file /home/airflow/.local/lib/python3.8/site-packages/airflow/example_dags/example_dag_decorator.py for tasks to queue
[2021-12-21 00:00:36,049] {logging_mixin.py:104} INFO - [2021-12-21 00:00:36,049] {dagbag.py:496} INFO - Filling up the DagBag from /home/airflow/.local/lib/python3.8/site-packages/airflow/example_dags/example_dag_decorator.py
[2021-12-21 00:00:36,081] {scheduler_job.py:643} INFO - DAG(s) dict_keys(['example_dag_decorator']) retrieved from /home/airflow/.local/lib/python3.8/site-packages/airflow/example_dags/example_dag_decorator.py
[2021-12-21 00:00:36,615] {logging_mixin.py:104} INFO - [2021-12-21 00:00:36,614] {dag.py:1833} INFO - Sync 1 DAGs
[2021-12-21 00:00:36,644] {logging_mixin.py:104} INFO - [2021-12-21 00:00:36,644] {dag.py:2306} INFO - Setting next_dagrun for example_dag_decorator to None
[2021-12-21 00:00:36,666] {scheduler_job.py:190} INFO - Processing /home/airflow/.local/lib/python3.8/site-packages/airflow/example_dags/example_dag_decorator.py took 0.630 seconds
[2021-12-21 00:01:06,786] {scheduler_job.py:182} INFO - Started process (PID=9962) to work on /home/airflow/.local/lib/python3.8/site-packages/airflow/example_dags/example_dag_decorator.py
[2021-12-21 00:01:06,791] {scheduler_job.py:633} INFO - Processing file /home/airflow/.local/lib/python3.8/site-packages/airflow/example_dags/example_dag_decorator.py for tasks to queue
[2021-12-21 00:01:06,793] {logging_mixin.py:104} INFO - [2021-12-21 00:01:06,793] {dagbag.py:496} INFO - Filling up the DagBag from /home/airflow/.local/lib/python3.8/site-packages/airflow/example_dags/example_dag_decorator.py
[2021-12-21 00:01:06,840] {scheduler_job.py:643} INFO - DAG(s) dict_keys(['example_dag_decorator']) retrieved from /home/airflow/.local/lib/python3.8/site-packages/airflow/example_dags/example_dag_decorator.py
[2021-12-21 00:01:07,309] {logging_mixin.py:104} INFO - [2021-12-21 00:01:07,309] {dag.py:1833} INFO - Sync 1 DAGs
[2021-12-21 00:01:07,323] {logging_mixin.py:104} INFO - [2021-12-21 00:01:07,323] {dag.py:2306} INFO - Setting next_dagrun for example_dag_decorator to None
[2021-12-21 00:01:07,350] {scheduler_job.py:190} INFO - Processing /home/airflow/.local/lib/python3.8/site-packages/airflow/example_dags/example_dag_decorator.py took 0.569 seconds
[2021-12-21 00:01:38,151] {scheduler_job.py:182} INFO - Started process (PID=9993) to work on /home/airflow/.local/lib/python3.8/site-packages/airflow/example_dags/example_dag_decorator.py
[2021-12-21 00:01:38,155] {scheduler_job.py:633} INFO - Processing file /home/airflow/.local/lib/python3.8/site-packages/airflow/example_dags/example_dag_decorator.py for tasks to queue
[2021-12-21 00:01:38,159] {logging_mixin.py:104} INFO - [2021-12-21 00:01:38,159] {dagbag.py:496} INFO - Filling up the DagBag from /home/airflow/.local/lib/python3.8/site-packages/airflow/example_dags/example_dag_decorator.py
[2021-12-21 00:01:38,187] {scheduler_job.py:643} INFO - DAG(s) dict_keys(['example_dag_decorator']) retrieved from /home/airflow/.local/lib/python3.8/site-packages/airflow/example_dags/example_dag_decorator.py
[2021-12-21 00:01:38,231] {logging_mixin.py:104} INFO - [2021-12-21 00:01:38,231] {dag.py:1833} INFO - Sync 1 DAGs
[2021-12-21 00:01:38,254] {logging_mixin.py:104} INFO - [2021-12-21 00:01:38,253] {dag.py:2306} INFO - Setting next_dagrun for example_dag_decorator to None
[2021-12-21 00:01:38,275] {scheduler_job.py:190} INFO - Processing /home/airflow/.local/lib/python3.8/site-packages/airflow/example_dags/example_dag_decorator.py took 0.129 seconds
[2021-12-21 00:02:08,798] {scheduler_job.py:182} INFO - Started process (PID=10024) to work on /home/airflow/.local/lib/python3.8/site-packages/airflow/example_dags/example_dag_decorator.py
[2021-12-21 00:02:08,802] {scheduler_job.py:633} INFO - Processing file /home/airflow/.local/lib/python3.8/site-packages/airflow/example_dags/example_dag_decorator.py for tasks to queue
[2021-12-21 00:02:08,805] {logging_mixin.py:104} INFO - [2021-12-21 00:02:08,805] {dagbag.py:496} INFO - Filling up the DagBag from /home/airflow/.local/lib/python3.8/site-packages/airflow/example_dags/example_dag_decorator.py
[2021-12-21 00:02:08,832] {scheduler_job.py:643} INFO - DAG(s) dict_keys(['example_dag_decorator']) retrieved from /home/airflow/.local/lib/python3.8/site-packages/airflow/example_dags/example_dag_decorator.py
[2021-12-21 00:02:09,226] {logging_mixin.py:104} INFO - [2021-12-21 00:02:09,226] {dag.py:1833} INFO - Sync 1 DAGs
[2021-12-21 00:02:09,246] {logging_mixin.py:104} INFO - [2021-12-21 00:02:09,246] {dag.py:2306} INFO - Setting next_dagrun for example_dag_decorator to None
[2021-12-21 00:02:09,267] {scheduler_job.py:190} INFO - Processing /home/airflow/.local/lib/python3.8/site-packages/airflow/example_dags/example_dag_decorator.py took 0.474 seconds
[2021-12-21 00:02:39,379] {scheduler_job.py:182} INFO - Started process (PID=10055) to work on /home/airflow/.local/lib/python3.8/site-packages/airflow/example_dags/example_dag_decorator.py
[2021-12-21 00:02:39,384] {scheduler_job.py:633} INFO - Processing file /home/airflow/.local/lib/python3.8/site-packages/airflow/example_dags/example_dag_decorator.py for tasks to queue
[2021-12-21 00:02:39,389] {logging_mixin.py:104} INFO - [2021-12-21 00:02:39,389] {dagbag.py:496} INFO - Filling up the DagBag from /home/airflow/.local/lib/python3.8/site-packages/airflow/example_dags/example_dag_decorator.py
[2021-12-21 00:02:39,456] {scheduler_job.py:643} INFO - DAG(s) dict_keys(['example_dag_decorator']) retrieved from /home/airflow/.local/lib/python3.8/site-packages/airflow/example_dags/example_dag_decorator.py
[2021-12-21 00:02:40,130] {logging_mixin.py:104} INFO - [2021-12-21 00:02:40,130] {dag.py:1833} INFO - Sync 1 DAGs
[2021-12-21 00:02:40,149] {logging_mixin.py:104} INFO - [2021-12-21 00:02:40,149] {dag.py:2306} INFO - Setting next_dagrun for example_dag_decorator to None
[2021-12-21 00:02:40,173] {scheduler_job.py:190} INFO - Processing /home/airflow/.local/lib/python3.8/site-packages/airflow/example_dags/example_dag_decorator.py took 0.809 seconds
[2021-12-21 00:03:10,485] {scheduler_job.py:182} INFO - Started process (PID=10086) to work on /home/airflow/.local/lib/python3.8/site-packages/airflow/example_dags/example_dag_decorator.py
[2021-12-21 00:03:10,488] {scheduler_job.py:633} INFO - Processing file /home/airflow/.local/lib/python3.8/site-packages/airflow/example_dags/example_dag_decorator.py for tasks to queue
[2021-12-21 00:03:10,494] {logging_mixin.py:104} INFO - [2021-12-21 00:03:10,493] {dagbag.py:496} INFO - Filling up the DagBag from /home/airflow/.local/lib/python3.8/site-packages/airflow/example_dags/example_dag_decorator.py
[2021-12-21 00:03:10,521] {scheduler_job.py:643} INFO - DAG(s) dict_keys(['example_dag_decorator']) retrieved from /home/airflow/.local/lib/python3.8/site-packages/airflow/example_dags/example_dag_decorator.py
[2021-12-21 00:03:10,911] {logging_mixin.py:104} INFO - [2021-12-21 00:03:10,911] {dag.py:1833} INFO - Sync 1 DAGs
[2021-12-21 00:03:10,930] {logging_mixin.py:104} INFO - [2021-12-21 00:03:10,930] {dag.py:2306} INFO - Setting next_dagrun for example_dag_decorator to None
[2021-12-21 00:03:10,956] {scheduler_job.py:190} INFO - Processing /home/airflow/.local/lib/python3.8/site-packages/airflow/example_dags/example_dag_decorator.py took 0.476 seconds
[2021-12-21 00:03:41,039] {scheduler_job.py:182} INFO - Started process (PID=10117) to work on /home/airflow/.local/lib/python3.8/site-packages/airflow/example_dags/example_dag_decorator.py
[2021-12-21 00:03:41,042] {scheduler_job.py:633} INFO - Processing file /home/airflow/.local/lib/python3.8/site-packages/airflow/example_dags/example_dag_decorator.py for tasks to queue
[2021-12-21 00:03:41,046] {logging_mixin.py:104} INFO - [2021-12-21 00:03:41,045] {dagbag.py:496} INFO - Filling up the DagBag from /home/airflow/.local/lib/python3.8/site-packages/airflow/example_dags/example_dag_decorator.py
[2021-12-21 00:03:41,080] {scheduler_job.py:643} INFO - DAG(s) dict_keys(['example_dag_decorator']) retrieved from /home/airflow/.local/lib/python3.8/site-packages/airflow/example_dags/example_dag_decorator.py
[2021-12-21 00:03:41,141] {logging_mixin.py:104} INFO - [2021-12-21 00:03:41,141] {dag.py:1833} INFO - Sync 1 DAGs
[2021-12-21 00:03:41,157] {logging_mixin.py:104} INFO - [2021-12-21 00:03:41,156] {dag.py:2306} INFO - Setting next_dagrun for example_dag_decorator to None
[2021-12-21 00:03:41,183] {scheduler_job.py:190} INFO - Processing /home/airflow/.local/lib/python3.8/site-packages/airflow/example_dags/example_dag_decorator.py took 0.150 seconds
[2021-12-21 00:04:11,400] {scheduler_job.py:182} INFO - Started process (PID=10148) to work on /home/airflow/.local/lib/python3.8/site-packages/airflow/example_dags/example_dag_decorator.py
[2021-12-21 00:04:11,403] {scheduler_job.py:633} INFO - Processing file /home/airflow/.local/lib/python3.8/site-packages/airflow/example_dags/example_dag_decorator.py for tasks to queue
[2021-12-21 00:04:11,405] {logging_mixin.py:104} INFO - [2021-12-21 00:04:11,405] {dagbag.py:496} INFO - Filling up the DagBag from /home/airflow/.local/lib/python3.8/site-packages/airflow/example_dags/example_dag_decorator.py
[2021-12-21 00:04:11,432] {scheduler_job.py:643} INFO - DAG(s) dict_keys(['example_dag_decorator']) retrieved from /home/airflow/.local/lib/python3.8/site-packages/airflow/example_dags/example_dag_decorator.py
[2021-12-21 00:04:11,824] {logging_mixin.py:104} INFO - [2021-12-21 00:04:11,824] {dag.py:1833} INFO - Sync 1 DAGs
[2021-12-21 00:04:11,838] {logging_mixin.py:104} INFO - [2021-12-21 00:04:11,838] {dag.py:2306} INFO - Setting next_dagrun for example_dag_decorator to None
[2021-12-21 00:04:11,866] {scheduler_job.py:190} INFO - Processing /home/airflow/.local/lib/python3.8/site-packages/airflow/example_dags/example_dag_decorator.py took 0.471 seconds
[2021-12-21 00:04:42,844] {scheduler_job.py:182} INFO - Started process (PID=10179) to work on /home/airflow/.local/lib/python3.8/site-packages/airflow/example_dags/example_dag_decorator.py
[2021-12-21 00:04:42,850] {scheduler_job.py:633} INFO - Processing file /home/airflow/.local/lib/python3.8/site-packages/airflow/example_dags/example_dag_decorator.py for tasks to queue
[2021-12-21 00:04:42,852] {logging_mixin.py:104} INFO - [2021-12-21 00:04:42,852] {dagbag.py:496} INFO - Filling up the DagBag from /home/airflow/.local/lib/python3.8/site-packages/airflow/example_dags/example_dag_decorator.py
[2021-12-21 00:04:42,882] {scheduler_job.py:643} INFO - DAG(s) dict_keys(['example_dag_decorator']) retrieved from /home/airflow/.local/lib/python3.8/site-packages/airflow/example_dags/example_dag_decorator.py
[2021-12-21 00:04:43,335] {logging_mixin.py:104} INFO - [2021-12-21 00:04:43,335] {dag.py:1833} INFO - Sync 1 DAGs
[2021-12-21 00:04:43,354] {logging_mixin.py:104} INFO - [2021-12-21 00:04:43,354] {dag.py:2306} INFO - Setting next_dagrun for example_dag_decorator to None
[2021-12-21 00:04:43,396] {scheduler_job.py:190} INFO - Processing /home/airflow/.local/lib/python3.8/site-packages/airflow/example_dags/example_dag_decorator.py took 0.560 seconds
[2021-12-21 00:05:13,593] {scheduler_job.py:182} INFO - Started process (PID=10210) to work on /home/airflow/.local/lib/python3.8/site-packages/airflow/example_dags/example_dag_decorator.py
[2021-12-21 00:05:13,597] {scheduler_job.py:633} INFO - Processing file /home/airflow/.local/lib/python3.8/site-packages/airflow/example_dags/example_dag_decorator.py for tasks to queue
[2021-12-21 00:05:13,599] {logging_mixin.py:104} INFO - [2021-12-21 00:05:13,598] {dagbag.py:496} INFO - Filling up the DagBag from /home/airflow/.local/lib/python3.8/site-packages/airflow/example_dags/example_dag_decorator.py
[2021-12-21 00:05:13,625] {scheduler_job.py:643} INFO - DAG(s) dict_keys(['example_dag_decorator']) retrieved from /home/airflow/.local/lib/python3.8/site-packages/airflow/example_dags/example_dag_decorator.py
[2021-12-21 00:05:13,997] {logging_mixin.py:104} INFO - [2021-12-21 00:05:13,996] {dag.py:1833} INFO - Sync 1 DAGs
[2021-12-21 00:05:14,014] {logging_mixin.py:104} INFO - [2021-12-21 00:05:14,013] {dag.py:2306} INFO - Setting next_dagrun for example_dag_decorator to None
[2021-12-21 00:05:14,036] {scheduler_job.py:190} INFO - Processing /home/airflow/.local/lib/python3.8/site-packages/airflow/example_dags/example_dag_decorator.py took 0.450 seconds
[2021-12-21 00:05:44,403] {scheduler_job.py:182} INFO - Started process (PID=10241) to work on /home/airflow/.local/lib/python3.8/site-packages/airflow/example_dags/example_dag_decorator.py
[2021-12-21 00:05:44,408] {scheduler_job.py:633} INFO - Processing file /home/airflow/.local/lib/python3.8/site-packages/airflow/example_dags/example_dag_decorator.py for tasks to queue
[2021-12-21 00:05:44,410] {logging_mixin.py:104} INFO - [2021-12-21 00:05:44,410] {dagbag.py:496} INFO - Filling up the DagBag from /home/airflow/.local/lib/python3.8/site-packages/airflow/example_dags/example_dag_decorator.py
[2021-12-21 00:05:44,436] {scheduler_job.py:643} INFO - DAG(s) dict_keys(['example_dag_decorator']) retrieved from /home/airflow/.local/lib/python3.8/site-packages/airflow/example_dags/example_dag_decorator.py
[2021-12-21 00:05:44,809] {logging_mixin.py:104} INFO - [2021-12-21 00:05:44,809] {dag.py:1833} INFO - Sync 1 DAGs
[2021-12-21 00:05:44,822] {logging_mixin.py:104} INFO - [2021-12-21 00:05:44,822] {dag.py:2306} INFO - Setting next_dagrun for example_dag_decorator to None
[2021-12-21 00:05:44,848] {scheduler_job.py:190} INFO - Processing /home/airflow/.local/lib/python3.8/site-packages/airflow/example_dags/example_dag_decorator.py took 0.453 seconds
[2021-12-21 00:06:15,173] {scheduler_job.py:182} INFO - Started process (PID=10272) to work on /home/airflow/.local/lib/python3.8/site-packages/airflow/example_dags/example_dag_decorator.py
[2021-12-21 00:06:15,177] {scheduler_job.py:633} INFO - Processing file /home/airflow/.local/lib/python3.8/site-packages/airflow/example_dags/example_dag_decorator.py for tasks to queue
[2021-12-21 00:06:15,179] {logging_mixin.py:104} INFO - [2021-12-21 00:06:15,179] {dagbag.py:496} INFO - Filling up the DagBag from /home/airflow/.local/lib/python3.8/site-packages/airflow/example_dags/example_dag_decorator.py
[2021-12-21 00:06:15,205] {scheduler_job.py:643} INFO - DAG(s) dict_keys(['example_dag_decorator']) retrieved from /home/airflow/.local/lib/python3.8/site-packages/airflow/example_dags/example_dag_decorator.py
[2021-12-21 00:06:15,559] {logging_mixin.py:104} INFO - [2021-12-21 00:06:15,558] {dag.py:1833} INFO - Sync 1 DAGs
[2021-12-21 00:06:15,571] {logging_mixin.py:104} INFO - [2021-12-21 00:06:15,571] {dag.py:2306} INFO - Setting next_dagrun for example_dag_decorator to None
[2021-12-21 00:06:15,593] {scheduler_job.py:190} INFO - Processing /home/airflow/.local/lib/python3.8/site-packages/airflow/example_dags/example_dag_decorator.py took 0.424 seconds
[2021-12-21 00:06:45,837] {scheduler_job.py:182} INFO - Started process (PID=10303) to work on /home/airflow/.local/lib/python3.8/site-packages/airflow/example_dags/example_dag_decorator.py
[2021-12-21 00:06:45,842] {scheduler_job.py:633} INFO - Processing file /home/airflow/.local/lib/python3.8/site-packages/airflow/example_dags/example_dag_decorator.py for tasks to queue
[2021-12-21 00:06:45,845] {logging_mixin.py:104} INFO - [2021-12-21 00:06:45,845] {dagbag.py:496} INFO - Filling up the DagBag from /home/airflow/.local/lib/python3.8/site-packages/airflow/example_dags/example_dag_decorator.py
[2021-12-21 00:06:45,885] {scheduler_job.py:643} INFO - DAG(s) dict_keys(['example_dag_decorator']) retrieved from /home/airflow/.local/lib/python3.8/site-packages/airflow/example_dags/example_dag_decorator.py
[2021-12-21 00:06:46,387] {logging_mixin.py:104} INFO - [2021-12-21 00:06:46,387] {dag.py:1833} INFO - Sync 1 DAGs
[2021-12-21 00:06:46,413] {logging_mixin.py:104} INFO - [2021-12-21 00:06:46,413] {dag.py:2306} INFO - Setting next_dagrun for example_dag_decorator to None
[2021-12-21 00:06:46,439] {scheduler_job.py:190} INFO - Processing /home/airflow/.local/lib/python3.8/site-packages/airflow/example_dags/example_dag_decorator.py took 0.610 seconds
[2021-12-21 00:07:16,894] {scheduler_job.py:182} INFO - Started process (PID=10334) to work on /home/airflow/.local/lib/python3.8/site-packages/airflow/example_dags/example_dag_decorator.py
[2021-12-21 00:07:16,896] {scheduler_job.py:633} INFO - Processing file /home/airflow/.local/lib/python3.8/site-packages/airflow/example_dags/example_dag_decorator.py for tasks to queue
[2021-12-21 00:07:16,899] {logging_mixin.py:104} INFO - [2021-12-21 00:07:16,899] {dagbag.py:496} INFO - Filling up the DagBag from /home/airflow/.local/lib/python3.8/site-packages/airflow/example_dags/example_dag_decorator.py
[2021-12-21 00:07:16,925] {scheduler_job.py:643} INFO - DAG(s) dict_keys(['example_dag_decorator']) retrieved from /home/airflow/.local/lib/python3.8/site-packages/airflow/example_dags/example_dag_decorator.py
[2021-12-21 00:07:17,349] {logging_mixin.py:104} INFO - [2021-12-21 00:07:17,349] {dag.py:1833} INFO - Sync 1 DAGs
[2021-12-21 00:07:17,368] {logging_mixin.py:104} INFO - [2021-12-21 00:07:17,368] {dag.py:2306} INFO - Setting next_dagrun for example_dag_decorator to None
[2021-12-21 00:07:17,393] {scheduler_job.py:190} INFO - Processing /home/airflow/.local/lib/python3.8/site-packages/airflow/example_dags/example_dag_decorator.py took 0.504 seconds
[2021-12-21 00:07:47,729] {scheduler_job.py:182} INFO - Started process (PID=10365) to work on /home/airflow/.local/lib/python3.8/site-packages/airflow/example_dags/example_dag_decorator.py
[2021-12-21 00:07:47,734] {scheduler_job.py:633} INFO - Processing file /home/airflow/.local/lib/python3.8/site-packages/airflow/example_dags/example_dag_decorator.py for tasks to queue
[2021-12-21 00:07:47,739] {logging_mixin.py:104} INFO - [2021-12-21 00:07:47,738] {dagbag.py:496} INFO - Filling up the DagBag from /home/airflow/.local/lib/python3.8/site-packages/airflow/example_dags/example_dag_decorator.py
[2021-12-21 00:07:47,777] {scheduler_job.py:643} INFO - DAG(s) dict_keys(['example_dag_decorator']) retrieved from /home/airflow/.local/lib/python3.8/site-packages/airflow/example_dags/example_dag_decorator.py
[2021-12-21 00:07:48,172] {logging_mixin.py:104} INFO - [2021-12-21 00:07:48,172] {dag.py:1833} INFO - Sync 1 DAGs
[2021-12-21 00:07:48,185] {logging_mixin.py:104} INFO - [2021-12-21 00:07:48,185] {dag.py:2306} INFO - Setting next_dagrun for example_dag_decorator to None
[2021-12-21 00:07:48,203] {scheduler_job.py:190} INFO - Processing /home/airflow/.local/lib/python3.8/site-packages/airflow/example_dags/example_dag_decorator.py took 0.479 seconds
[2021-12-21 00:08:18,366] {scheduler_job.py:182} INFO - Started process (PID=10396) to work on /home/airflow/.local/lib/python3.8/site-packages/airflow/example_dags/example_dag_decorator.py
[2021-12-21 00:08:18,371] {scheduler_job.py:633} INFO - Processing file /home/airflow/.local/lib/python3.8/site-packages/airflow/example_dags/example_dag_decorator.py for tasks to queue
[2021-12-21 00:08:18,374] {logging_mixin.py:104} INFO - [2021-12-21 00:08:18,374] {dagbag.py:496} INFO - Filling up the DagBag from /home/airflow/.local/lib/python3.8/site-packages/airflow/example_dags/example_dag_decorator.py
[2021-12-21 00:08:18,402] {scheduler_job.py:643} INFO - DAG(s) dict_keys(['example_dag_decorator']) retrieved from /home/airflow/.local/lib/python3.8/site-packages/airflow/example_dags/example_dag_decorator.py
[2021-12-21 00:08:18,448] {logging_mixin.py:104} INFO - [2021-12-21 00:08:18,447] {dag.py:1833} INFO - Sync 1 DAGs
[2021-12-21 00:08:18,463] {logging_mixin.py:104} INFO - [2021-12-21 00:08:18,463] {dag.py:2306} INFO - Setting next_dagrun for example_dag_decorator to None
[2021-12-21 00:08:18,490] {scheduler_job.py:190} INFO - Processing /home/airflow/.local/lib/python3.8/site-packages/airflow/example_dags/example_dag_decorator.py took 0.128 seconds
[2021-12-21 00:08:48,961] {scheduler_job.py:182} INFO - Started process (PID=10427) to work on /home/airflow/.local/lib/python3.8/site-packages/airflow/example_dags/example_dag_decorator.py
[2021-12-21 00:08:48,965] {scheduler_job.py:633} INFO - Processing file /home/airflow/.local/lib/python3.8/site-packages/airflow/example_dags/example_dag_decorator.py for tasks to queue
[2021-12-21 00:08:48,968] {logging_mixin.py:104} INFO - [2021-12-21 00:08:48,968] {dagbag.py:496} INFO - Filling up the DagBag from /home/airflow/.local/lib/python3.8/site-packages/airflow/example_dags/example_dag_decorator.py
[2021-12-21 00:08:49,019] {scheduler_job.py:643} INFO - DAG(s) dict_keys(['example_dag_decorator']) retrieved from /home/airflow/.local/lib/python3.8/site-packages/airflow/example_dags/example_dag_decorator.py
[2021-12-21 00:08:49,553] {logging_mixin.py:104} INFO - [2021-12-21 00:08:49,552] {dag.py:1833} INFO - Sync 1 DAGs
[2021-12-21 00:08:49,576] {logging_mixin.py:104} INFO - [2021-12-21 00:08:49,576] {dag.py:2306} INFO - Setting next_dagrun for example_dag_decorator to None
[2021-12-21 00:08:49,605] {scheduler_job.py:190} INFO - Processing /home/airflow/.local/lib/python3.8/site-packages/airflow/example_dags/example_dag_decorator.py took 0.653 seconds
[2021-12-21 00:09:19,881] {scheduler_job.py:182} INFO - Started process (PID=10458) to work on /home/airflow/.local/lib/python3.8/site-packages/airflow/example_dags/example_dag_decorator.py
[2021-12-21 00:09:19,885] {scheduler_job.py:633} INFO - Processing file /home/airflow/.local/lib/python3.8/site-packages/airflow/example_dags/example_dag_decorator.py for tasks to queue
[2021-12-21 00:09:19,887] {logging_mixin.py:104} INFO - [2021-12-21 00:09:19,887] {dagbag.py:496} INFO - Filling up the DagBag from /home/airflow/.local/lib/python3.8/site-packages/airflow/example_dags/example_dag_decorator.py
[2021-12-21 00:09:19,916] {scheduler_job.py:643} INFO - DAG(s) dict_keys(['example_dag_decorator']) retrieved from /home/airflow/.local/lib/python3.8/site-packages/airflow/example_dags/example_dag_decorator.py
[2021-12-21 00:09:20,376] {logging_mixin.py:104} INFO - [2021-12-21 00:09:20,376] {dag.py:1833} INFO - Sync 1 DAGs
[2021-12-21 00:09:20,390] {logging_mixin.py:104} INFO - [2021-12-21 00:09:20,390] {dag.py:2306} INFO - Setting next_dagrun for example_dag_decorator to None
[2021-12-21 00:09:20,414] {scheduler_job.py:190} INFO - Processing /home/airflow/.local/lib/python3.8/site-packages/airflow/example_dags/example_dag_decorator.py took 0.538 seconds
[2021-12-21 00:09:50,722] {scheduler_job.py:182} INFO - Started process (PID=10489) to work on /home/airflow/.local/lib/python3.8/site-packages/airflow/example_dags/example_dag_decorator.py
[2021-12-21 00:09:50,726] {scheduler_job.py:633} INFO - Processing file /home/airflow/.local/lib/python3.8/site-packages/airflow/example_dags/example_dag_decorator.py for tasks to queue
[2021-12-21 00:09:50,728] {logging_mixin.py:104} INFO - [2021-12-21 00:09:50,728] {dagbag.py:496} INFO - Filling up the DagBag from /home/airflow/.local/lib/python3.8/site-packages/airflow/example_dags/example_dag_decorator.py
[2021-12-21 00:09:50,759] {scheduler_job.py:643} INFO - DAG(s) dict_keys(['example_dag_decorator']) retrieved from /home/airflow/.local/lib/python3.8/site-packages/airflow/example_dags/example_dag_decorator.py
[2021-12-21 00:09:51,163] {logging_mixin.py:104} INFO - [2021-12-21 00:09:51,163] {dag.py:1833} INFO - Sync 1 DAGs
[2021-12-21 00:09:51,182] {logging_mixin.py:104} INFO - [2021-12-21 00:09:51,182] {dag.py:2306} INFO - Setting next_dagrun for example_dag_decorator to None
[2021-12-21 00:09:51,205] {scheduler_job.py:190} INFO - Processing /home/airflow/.local/lib/python3.8/site-packages/airflow/example_dags/example_dag_decorator.py took 0.489 seconds
[2021-12-21 00:10:21,736] {scheduler_job.py:182} INFO - Started process (PID=10520) to work on /home/airflow/.local/lib/python3.8/site-packages/airflow/example_dags/example_dag_decorator.py
[2021-12-21 00:10:21,742] {scheduler_job.py:633} INFO - Processing file /home/airflow/.local/lib/python3.8/site-packages/airflow/example_dags/example_dag_decorator.py for tasks to queue
[2021-12-21 00:10:21,758] {logging_mixin.py:104} INFO - [2021-12-21 00:10:21,758] {dagbag.py:496} INFO - Filling up the DagBag from /home/airflow/.local/lib/python3.8/site-packages/airflow/example_dags/example_dag_decorator.py
[2021-12-21 00:10:21,786] {scheduler_job.py:643} INFO - DAG(s) dict_keys(['example_dag_decorator']) retrieved from /home/airflow/.local/lib/python3.8/site-packages/airflow/example_dags/example_dag_decorator.py
[2021-12-21 00:10:22,250] {logging_mixin.py:104} INFO - [2021-12-21 00:10:22,250] {dag.py:1833} INFO - Sync 1 DAGs
[2021-12-21 00:10:22,276] {logging_mixin.py:104} INFO - [2021-12-21 00:10:22,275] {dag.py:2306} INFO - Setting next_dagrun for example_dag_decorator to None
[2021-12-21 00:10:22,322] {scheduler_job.py:190} INFO - Processing /home/airflow/.local/lib/python3.8/site-packages/airflow/example_dags/example_dag_decorator.py took 0.591 seconds
[2021-12-21 00:10:52,546] {scheduler_job.py:182} INFO - Started process (PID=10552) to work on /home/airflow/.local/lib/python3.8/site-packages/airflow/example_dags/example_dag_decorator.py
[2021-12-21 00:10:52,551] {scheduler_job.py:633} INFO - Processing file /home/airflow/.local/lib/python3.8/site-packages/airflow/example_dags/example_dag_decorator.py for tasks to queue
[2021-12-21 00:10:52,555] {logging_mixin.py:104} INFO - [2021-12-21 00:10:52,555] {dagbag.py:496} INFO - Filling up the DagBag from /home/airflow/.local/lib/python3.8/site-packages/airflow/example_dags/example_dag_decorator.py
[2021-12-21 00:10:52,609] {scheduler_job.py:643} INFO - DAG(s) dict_keys(['example_dag_decorator']) retrieved from /home/airflow/.local/lib/python3.8/site-packages/airflow/example_dags/example_dag_decorator.py
[2021-12-21 00:10:53,073] {logging_mixin.py:104} INFO - [2021-12-21 00:10:53,073] {dag.py:1833} INFO - Sync 1 DAGs
[2021-12-21 00:10:53,095] {logging_mixin.py:104} INFO - [2021-12-21 00:10:53,095] {dag.py:2306} INFO - Setting next_dagrun for example_dag_decorator to None
[2021-12-21 00:10:53,122] {scheduler_job.py:190} INFO - Processing /home/airflow/.local/lib/python3.8/site-packages/airflow/example_dags/example_dag_decorator.py took 0.587 seconds
[2021-12-21 00:11:23,974] {scheduler_job.py:182} INFO - Started process (PID=10583) to work on /home/airflow/.local/lib/python3.8/site-packages/airflow/example_dags/example_dag_decorator.py
[2021-12-21 00:11:23,978] {scheduler_job.py:633} INFO - Processing file /home/airflow/.local/lib/python3.8/site-packages/airflow/example_dags/example_dag_decorator.py for tasks to queue
[2021-12-21 00:11:23,982] {logging_mixin.py:104} INFO - [2021-12-21 00:11:23,982] {dagbag.py:496} INFO - Filling up the DagBag from /home/airflow/.local/lib/python3.8/site-packages/airflow/example_dags/example_dag_decorator.py
[2021-12-21 00:11:24,015] {scheduler_job.py:643} INFO - DAG(s) dict_keys(['example_dag_decorator']) retrieved from /home/airflow/.local/lib/python3.8/site-packages/airflow/example_dags/example_dag_decorator.py
[2021-12-21 00:11:24,546] {logging_mixin.py:104} INFO - [2021-12-21 00:11:24,546] {dag.py:1833} INFO - Sync 1 DAGs
[2021-12-21 00:11:24,567] {logging_mixin.py:104} INFO - [2021-12-21 00:11:24,567] {dag.py:2306} INFO - Setting next_dagrun for example_dag_decorator to None
[2021-12-21 00:11:24,594] {scheduler_job.py:190} INFO - Processing /home/airflow/.local/lib/python3.8/site-packages/airflow/example_dags/example_dag_decorator.py took 0.626 seconds
[2021-12-21 00:11:54,742] {scheduler_job.py:182} INFO - Started process (PID=10614) to work on /home/airflow/.local/lib/python3.8/site-packages/airflow/example_dags/example_dag_decorator.py
[2021-12-21 00:11:54,749] {scheduler_job.py:633} INFO - Processing file /home/airflow/.local/lib/python3.8/site-packages/airflow/example_dags/example_dag_decorator.py for tasks to queue
[2021-12-21 00:11:54,753] {logging_mixin.py:104} INFO - [2021-12-21 00:11:54,753] {dagbag.py:496} INFO - Filling up the DagBag from /home/airflow/.local/lib/python3.8/site-packages/airflow/example_dags/example_dag_decorator.py
[2021-12-21 00:11:54,813] {scheduler_job.py:643} INFO - DAG(s) dict_keys(['example_dag_decorator']) retrieved from /home/airflow/.local/lib/python3.8/site-packages/airflow/example_dags/example_dag_decorator.py
[2021-12-21 00:11:55,306] {logging_mixin.py:104} INFO - [2021-12-21 00:11:55,305] {dag.py:1833} INFO - Sync 1 DAGs
[2021-12-21 00:11:55,329] {logging_mixin.py:104} INFO - [2021-12-21 00:11:55,329] {dag.py:2306} INFO - Setting next_dagrun for example_dag_decorator to None
[2021-12-21 00:11:55,366] {scheduler_job.py:190} INFO - Processing /home/airflow/.local/lib/python3.8/site-packages/airflow/example_dags/example_dag_decorator.py took 0.641 seconds
[2021-12-21 00:12:25,692] {scheduler_job.py:182} INFO - Started process (PID=10645) to work on /home/airflow/.local/lib/python3.8/site-packages/airflow/example_dags/example_dag_decorator.py
[2021-12-21 00:12:25,698] {scheduler_job.py:633} INFO - Processing file /home/airflow/.local/lib/python3.8/site-packages/airflow/example_dags/example_dag_decorator.py for tasks to queue
[2021-12-21 00:12:25,702] {logging_mixin.py:104} INFO - [2021-12-21 00:12:25,702] {dagbag.py:496} INFO - Filling up the DagBag from /home/airflow/.local/lib/python3.8/site-packages/airflow/example_dags/example_dag_decorator.py
[2021-12-21 00:12:25,735] {scheduler_job.py:643} INFO - DAG(s) dict_keys(['example_dag_decorator']) retrieved from /home/airflow/.local/lib/python3.8/site-packages/airflow/example_dags/example_dag_decorator.py
[2021-12-21 00:12:26,125] {logging_mixin.py:104} INFO - [2021-12-21 00:12:26,125] {dag.py:1833} INFO - Sync 1 DAGs
[2021-12-21 00:12:26,159] {logging_mixin.py:104} INFO - [2021-12-21 00:12:26,159] {dag.py:2306} INFO - Setting next_dagrun for example_dag_decorator to None
[2021-12-21 00:12:26,199] {scheduler_job.py:190} INFO - Processing /home/airflow/.local/lib/python3.8/site-packages/airflow/example_dags/example_dag_decorator.py took 0.511 seconds
[2021-12-21 00:12:56,312] {scheduler_job.py:182} INFO - Started process (PID=10676) to work on /home/airflow/.local/lib/python3.8/site-packages/airflow/example_dags/example_dag_decorator.py
[2021-12-21 00:12:56,316] {scheduler_job.py:633} INFO - Processing file /home/airflow/.local/lib/python3.8/site-packages/airflow/example_dags/example_dag_decorator.py for tasks to queue
[2021-12-21 00:12:56,318] {logging_mixin.py:104} INFO - [2021-12-21 00:12:56,318] {dagbag.py:496} INFO - Filling up the DagBag from /home/airflow/.local/lib/python3.8/site-packages/airflow/example_dags/example_dag_decorator.py
[2021-12-21 00:12:56,345] {scheduler_job.py:643} INFO - DAG(s) dict_keys(['example_dag_decorator']) retrieved from /home/airflow/.local/lib/python3.8/site-packages/airflow/example_dags/example_dag_decorator.py
[2021-12-21 00:12:56,801] {logging_mixin.py:104} INFO - [2021-12-21 00:12:56,800] {dag.py:1833} INFO - Sync 1 DAGs
[2021-12-21 00:12:56,832] {logging_mixin.py:104} INFO - [2021-12-21 00:12:56,832] {dag.py:2306} INFO - Setting next_dagrun for example_dag_decorator to None
[2021-12-21 00:12:56,889] {scheduler_job.py:190} INFO - Processing /home/airflow/.local/lib/python3.8/site-packages/airflow/example_dags/example_dag_decorator.py took 0.615 seconds
[2021-12-21 00:13:27,017] {scheduler_job.py:182} INFO - Started process (PID=10707) to work on /home/airflow/.local/lib/python3.8/site-packages/airflow/example_dags/example_dag_decorator.py
[2021-12-21 00:13:27,022] {scheduler_job.py:633} INFO - Processing file /home/airflow/.local/lib/python3.8/site-packages/airflow/example_dags/example_dag_decorator.py for tasks to queue
[2021-12-21 00:13:27,025] {logging_mixin.py:104} INFO - [2021-12-21 00:13:27,024] {dagbag.py:496} INFO - Filling up the DagBag from /home/airflow/.local/lib/python3.8/site-packages/airflow/example_dags/example_dag_decorator.py
[2021-12-21 00:13:27,061] {scheduler_job.py:643} INFO - DAG(s) dict_keys(['example_dag_decorator']) retrieved from /home/airflow/.local/lib/python3.8/site-packages/airflow/example_dags/example_dag_decorator.py
[2021-12-21 00:13:27,632] {logging_mixin.py:104} INFO - [2021-12-21 00:13:27,632] {dag.py:1833} INFO - Sync 1 DAGs
[2021-12-21 00:13:27,656] {logging_mixin.py:104} INFO - [2021-12-21 00:13:27,656] {dag.py:2306} INFO - Setting next_dagrun for example_dag_decorator to None
[2021-12-21 00:13:27,684] {scheduler_job.py:190} INFO - Processing /home/airflow/.local/lib/python3.8/site-packages/airflow/example_dags/example_dag_decorator.py took 0.677 seconds
[2021-12-21 00:13:58,112] {scheduler_job.py:182} INFO - Started process (PID=10738) to work on /home/airflow/.local/lib/python3.8/site-packages/airflow/example_dags/example_dag_decorator.py
[2021-12-21 00:13:58,118] {scheduler_job.py:633} INFO - Processing file /home/airflow/.local/lib/python3.8/site-packages/airflow/example_dags/example_dag_decorator.py for tasks to queue
[2021-12-21 00:13:58,121] {logging_mixin.py:104} INFO - [2021-12-21 00:13:58,121] {dagbag.py:496} INFO - Filling up the DagBag from /home/airflow/.local/lib/python3.8/site-packages/airflow/example_dags/example_dag_decorator.py
[2021-12-21 00:13:58,164] {scheduler_job.py:643} INFO - DAG(s) dict_keys(['example_dag_decorator']) retrieved from /home/airflow/.local/lib/python3.8/site-packages/airflow/example_dags/example_dag_decorator.py
[2021-12-21 00:13:58,567] {logging_mixin.py:104} INFO - [2021-12-21 00:13:58,567] {dag.py:1833} INFO - Sync 1 DAGs
[2021-12-21 00:13:58,585] {logging_mixin.py:104} INFO - [2021-12-21 00:13:58,585] {dag.py:2306} INFO - Setting next_dagrun for example_dag_decorator to None
[2021-12-21 00:13:58,607] {scheduler_job.py:190} INFO - Processing /home/airflow/.local/lib/python3.8/site-packages/airflow/example_dags/example_dag_decorator.py took 0.500 seconds
[2021-12-21 00:14:28,902] {scheduler_job.py:182} INFO - Started process (PID=10769) to work on /home/airflow/.local/lib/python3.8/site-packages/airflow/example_dags/example_dag_decorator.py
[2021-12-21 00:14:28,906] {scheduler_job.py:633} INFO - Processing file /home/airflow/.local/lib/python3.8/site-packages/airflow/example_dags/example_dag_decorator.py for tasks to queue
[2021-12-21 00:14:28,908] {logging_mixin.py:104} INFO - [2021-12-21 00:14:28,907] {dagbag.py:496} INFO - Filling up the DagBag from /home/airflow/.local/lib/python3.8/site-packages/airflow/example_dags/example_dag_decorator.py
[2021-12-21 00:14:28,933] {scheduler_job.py:643} INFO - DAG(s) dict_keys(['example_dag_decorator']) retrieved from /home/airflow/.local/lib/python3.8/site-packages/airflow/example_dags/example_dag_decorator.py
[2021-12-21 00:14:29,319] {logging_mixin.py:104} INFO - [2021-12-21 00:14:29,319] {dag.py:1833} INFO - Sync 1 DAGs
[2021-12-21 00:14:29,345] {logging_mixin.py:104} INFO - [2021-12-21 00:14:29,345] {dag.py:2306} INFO - Setting next_dagrun for example_dag_decorator to None
[2021-12-21 00:14:29,375] {scheduler_job.py:190} INFO - Processing /home/airflow/.local/lib/python3.8/site-packages/airflow/example_dags/example_dag_decorator.py took 0.477 seconds
[2021-12-21 00:15:00,046] {scheduler_job.py:182} INFO - Started process (PID=10800) to work on /home/airflow/.local/lib/python3.8/site-packages/airflow/example_dags/example_dag_decorator.py
[2021-12-21 00:15:00,054] {scheduler_job.py:633} INFO - Processing file /home/airflow/.local/lib/python3.8/site-packages/airflow/example_dags/example_dag_decorator.py for tasks to queue
[2021-12-21 00:15:00,057] {logging_mixin.py:104} INFO - [2021-12-21 00:15:00,057] {dagbag.py:496} INFO - Filling up the DagBag from /home/airflow/.local/lib/python3.8/site-packages/airflow/example_dags/example_dag_decorator.py
[2021-12-21 00:15:00,091] {scheduler_job.py:643} INFO - DAG(s) dict_keys(['example_dag_decorator']) retrieved from /home/airflow/.local/lib/python3.8/site-packages/airflow/example_dags/example_dag_decorator.py
[2021-12-21 00:15:00,520] {logging_mixin.py:104} INFO - [2021-12-21 00:15:00,520] {dag.py:1833} INFO - Sync 1 DAGs
[2021-12-21 00:15:00,538] {logging_mixin.py:104} INFO - [2021-12-21 00:15:00,538] {dag.py:2306} INFO - Setting next_dagrun for example_dag_decorator to None
[2021-12-21 00:15:00,559] {scheduler_job.py:190} INFO - Processing /home/airflow/.local/lib/python3.8/site-packages/airflow/example_dags/example_dag_decorator.py took 0.522 seconds
[2021-12-21 00:15:30,834] {scheduler_job.py:182} INFO - Started process (PID=10831) to work on /home/airflow/.local/lib/python3.8/site-packages/airflow/example_dags/example_dag_decorator.py
[2021-12-21 00:15:30,839] {scheduler_job.py:633} INFO - Processing file /home/airflow/.local/lib/python3.8/site-packages/airflow/example_dags/example_dag_decorator.py for tasks to queue
[2021-12-21 00:15:30,841] {logging_mixin.py:104} INFO - [2021-12-21 00:15:30,841] {dagbag.py:496} INFO - Filling up the DagBag from /home/airflow/.local/lib/python3.8/site-packages/airflow/example_dags/example_dag_decorator.py
[2021-12-21 00:15:30,865] {scheduler_job.py:643} INFO - DAG(s) dict_keys(['example_dag_decorator']) retrieved from /home/airflow/.local/lib/python3.8/site-packages/airflow/example_dags/example_dag_decorator.py
[2021-12-21 00:15:31,322] {logging_mixin.py:104} INFO - [2021-12-21 00:15:31,322] {dag.py:1833} INFO - Sync 1 DAGs
[2021-12-21 00:15:31,341] {logging_mixin.py:104} INFO - [2021-12-21 00:15:31,341] {dag.py:2306} INFO - Setting next_dagrun for example_dag_decorator to None
[2021-12-21 00:15:31,361] {scheduler_job.py:190} INFO - Processing /home/airflow/.local/lib/python3.8/site-packages/airflow/example_dags/example_dag_decorator.py took 0.533 seconds
[2021-12-21 00:16:01,546] {scheduler_job.py:182} INFO - Started process (PID=10862) to work on /home/airflow/.local/lib/python3.8/site-packages/airflow/example_dags/example_dag_decorator.py
[2021-12-21 00:16:01,552] {scheduler_job.py:633} INFO - Processing file /home/airflow/.local/lib/python3.8/site-packages/airflow/example_dags/example_dag_decorator.py for tasks to queue
[2021-12-21 00:16:01,558] {logging_mixin.py:104} INFO - [2021-12-21 00:16:01,558] {dagbag.py:496} INFO - Filling up the DagBag from /home/airflow/.local/lib/python3.8/site-packages/airflow/example_dags/example_dag_decorator.py
[2021-12-21 00:16:01,609] {scheduler_job.py:643} INFO - DAG(s) dict_keys(['example_dag_decorator']) retrieved from /home/airflow/.local/lib/python3.8/site-packages/airflow/example_dags/example_dag_decorator.py
[2021-12-21 00:16:02,031] {logging_mixin.py:104} INFO - [2021-12-21 00:16:02,031] {dag.py:1833} INFO - Sync 1 DAGs
[2021-12-21 00:16:02,046] {logging_mixin.py:104} INFO - [2021-12-21 00:16:02,045] {dag.py:2306} INFO - Setting next_dagrun for example_dag_decorator to None
[2021-12-21 00:16:02,065] {scheduler_job.py:190} INFO - Processing /home/airflow/.local/lib/python3.8/site-packages/airflow/example_dags/example_dag_decorator.py took 0.536 seconds
[2021-12-21 00:16:32,836] {scheduler_job.py:182} INFO - Started process (PID=10894) to work on /home/airflow/.local/lib/python3.8/site-packages/airflow/example_dags/example_dag_decorator.py
[2021-12-21 00:16:32,841] {scheduler_job.py:633} INFO - Processing file /home/airflow/.local/lib/python3.8/site-packages/airflow/example_dags/example_dag_decorator.py for tasks to queue
[2021-12-21 00:16:32,844] {logging_mixin.py:104} INFO - [2021-12-21 00:16:32,843] {dagbag.py:496} INFO - Filling up the DagBag from /home/airflow/.local/lib/python3.8/site-packages/airflow/example_dags/example_dag_decorator.py
[2021-12-21 00:16:32,883] {scheduler_job.py:643} INFO - DAG(s) dict_keys(['example_dag_decorator']) retrieved from /home/airflow/.local/lib/python3.8/site-packages/airflow/example_dags/example_dag_decorator.py
[2021-12-21 00:16:33,308] {logging_mixin.py:104} INFO - [2021-12-21 00:16:33,308] {dag.py:1833} INFO - Sync 1 DAGs
[2021-12-21 00:16:33,321] {logging_mixin.py:104} INFO - [2021-12-21 00:16:33,321] {dag.py:2306} INFO - Setting next_dagrun for example_dag_decorator to None
[2021-12-21 00:16:33,342] {scheduler_job.py:190} INFO - Processing /home/airflow/.local/lib/python3.8/site-packages/airflow/example_dags/example_dag_decorator.py took 0.519 seconds
[2021-12-21 00:17:03,507] {scheduler_job.py:182} INFO - Started process (PID=10925) to work on /home/airflow/.local/lib/python3.8/site-packages/airflow/example_dags/example_dag_decorator.py
[2021-12-21 00:17:03,510] {scheduler_job.py:633} INFO - Processing file /home/airflow/.local/lib/python3.8/site-packages/airflow/example_dags/example_dag_decorator.py for tasks to queue
[2021-12-21 00:17:03,513] {logging_mixin.py:104} INFO - [2021-12-21 00:17:03,513] {dagbag.py:496} INFO - Filling up the DagBag from /home/airflow/.local/lib/python3.8/site-packages/airflow/example_dags/example_dag_decorator.py
[2021-12-21 00:17:03,544] {scheduler_job.py:643} INFO - DAG(s) dict_keys(['example_dag_decorator']) retrieved from /home/airflow/.local/lib/python3.8/site-packages/airflow/example_dags/example_dag_decorator.py
[2021-12-21 00:17:03,955] {logging_mixin.py:104} INFO - [2021-12-21 00:17:03,955] {dag.py:1833} INFO - Sync 1 DAGs
[2021-12-21 00:17:03,968] {logging_mixin.py:104} INFO - [2021-12-21 00:17:03,968] {dag.py:2306} INFO - Setting next_dagrun for example_dag_decorator to None
[2021-12-21 00:17:03,990] {scheduler_job.py:190} INFO - Processing /home/airflow/.local/lib/python3.8/site-packages/airflow/example_dags/example_dag_decorator.py took 0.489 seconds
[2021-12-21 00:17:34,867] {scheduler_job.py:182} INFO - Started process (PID=10956) to work on /home/airflow/.local/lib/python3.8/site-packages/airflow/example_dags/example_dag_decorator.py
[2021-12-21 00:17:34,872] {scheduler_job.py:633} INFO - Processing file /home/airflow/.local/lib/python3.8/site-packages/airflow/example_dags/example_dag_decorator.py for tasks to queue
[2021-12-21 00:17:34,876] {logging_mixin.py:104} INFO - [2021-12-21 00:17:34,875] {dagbag.py:496} INFO - Filling up the DagBag from /home/airflow/.local/lib/python3.8/site-packages/airflow/example_dags/example_dag_decorator.py
[2021-12-21 00:17:34,901] {scheduler_job.py:643} INFO - DAG(s) dict_keys(['example_dag_decorator']) retrieved from /home/airflow/.local/lib/python3.8/site-packages/airflow/example_dags/example_dag_decorator.py
[2021-12-21 00:17:35,305] {logging_mixin.py:104} INFO - [2021-12-21 00:17:35,305] {dag.py:1833} INFO - Sync 1 DAGs
[2021-12-21 00:17:35,320] {logging_mixin.py:104} INFO - [2021-12-21 00:17:35,320] {dag.py:2306} INFO - Setting next_dagrun for example_dag_decorator to None
[2021-12-21 00:17:35,359] {scheduler_job.py:190} INFO - Processing /home/airflow/.local/lib/python3.8/site-packages/airflow/example_dags/example_dag_decorator.py took 0.499 seconds
[2021-12-21 00:18:05,825] {scheduler_job.py:182} INFO - Started process (PID=10987) to work on /home/airflow/.local/lib/python3.8/site-packages/airflow/example_dags/example_dag_decorator.py
[2021-12-21 00:18:05,832] {scheduler_job.py:633} INFO - Processing file /home/airflow/.local/lib/python3.8/site-packages/airflow/example_dags/example_dag_decorator.py for tasks to queue
[2021-12-21 00:18:05,834] {logging_mixin.py:104} INFO - [2021-12-21 00:18:05,834] {dagbag.py:496} INFO - Filling up the DagBag from /home/airflow/.local/lib/python3.8/site-packages/airflow/example_dags/example_dag_decorator.py
[2021-12-21 00:18:05,870] {scheduler_job.py:643} INFO - DAG(s) dict_keys(['example_dag_decorator']) retrieved from /home/airflow/.local/lib/python3.8/site-packages/airflow/example_dags/example_dag_decorator.py
[2021-12-21 00:18:06,307] {logging_mixin.py:104} INFO - [2021-12-21 00:18:06,306] {dag.py:1833} INFO - Sync 1 DAGs
[2021-12-21 00:18:06,326] {logging_mixin.py:104} INFO - [2021-12-21 00:18:06,325] {dag.py:2306} INFO - Setting next_dagrun for example_dag_decorator to None
[2021-12-21 00:18:06,352] {scheduler_job.py:190} INFO - Processing /home/airflow/.local/lib/python3.8/site-packages/airflow/example_dags/example_dag_decorator.py took 0.535 seconds
[2021-12-21 00:18:36,536] {scheduler_job.py:182} INFO - Started process (PID=11018) to work on /home/airflow/.local/lib/python3.8/site-packages/airflow/example_dags/example_dag_decorator.py
[2021-12-21 00:18:36,540] {scheduler_job.py:633} INFO - Processing file /home/airflow/.local/lib/python3.8/site-packages/airflow/example_dags/example_dag_decorator.py for tasks to queue
[2021-12-21 00:18:36,543] {logging_mixin.py:104} INFO - [2021-12-21 00:18:36,543] {dagbag.py:496} INFO - Filling up the DagBag from /home/airflow/.local/lib/python3.8/site-packages/airflow/example_dags/example_dag_decorator.py
[2021-12-21 00:18:36,570] {scheduler_job.py:643} INFO - DAG(s) dict_keys(['example_dag_decorator']) retrieved from /home/airflow/.local/lib/python3.8/site-packages/airflow/example_dags/example_dag_decorator.py
[2021-12-21 00:18:37,144] {logging_mixin.py:104} INFO - [2021-12-21 00:18:37,144] {dag.py:1833} INFO - Sync 1 DAGs
[2021-12-21 00:18:37,162] {logging_mixin.py:104} INFO - [2021-12-21 00:18:37,162] {dag.py:2306} INFO - Setting next_dagrun for example_dag_decorator to None
[2021-12-21 00:18:37,205] {scheduler_job.py:190} INFO - Processing /home/airflow/.local/lib/python3.8/site-packages/airflow/example_dags/example_dag_decorator.py took 0.673 seconds
[2021-12-21 00:19:07,796] {scheduler_job.py:182} INFO - Started process (PID=11049) to work on /home/airflow/.local/lib/python3.8/site-packages/airflow/example_dags/example_dag_decorator.py
[2021-12-21 00:19:07,803] {scheduler_job.py:633} INFO - Processing file /home/airflow/.local/lib/python3.8/site-packages/airflow/example_dags/example_dag_decorator.py for tasks to queue
[2021-12-21 00:19:07,810] {logging_mixin.py:104} INFO - [2021-12-21 00:19:07,809] {dagbag.py:496} INFO - Filling up the DagBag from /home/airflow/.local/lib/python3.8/site-packages/airflow/example_dags/example_dag_decorator.py
[2021-12-21 00:19:07,861] {scheduler_job.py:643} INFO - DAG(s) dict_keys(['example_dag_decorator']) retrieved from /home/airflow/.local/lib/python3.8/site-packages/airflow/example_dags/example_dag_decorator.py
[2021-12-21 00:19:08,571] {logging_mixin.py:104} INFO - [2021-12-21 00:19:08,571] {dag.py:1833} INFO - Sync 1 DAGs
[2021-12-21 00:19:08,591] {logging_mixin.py:104} INFO - [2021-12-21 00:19:08,590] {dag.py:2306} INFO - Setting next_dagrun for example_dag_decorator to None
[2021-12-21 00:19:08,617] {scheduler_job.py:190} INFO - Processing /home/airflow/.local/lib/python3.8/site-packages/airflow/example_dags/example_dag_decorator.py took 0.828 seconds
[2021-12-21 00:19:38,851] {scheduler_job.py:182} INFO - Started process (PID=11081) to work on /home/airflow/.local/lib/python3.8/site-packages/airflow/example_dags/example_dag_decorator.py
[2021-12-21 00:19:38,856] {scheduler_job.py:633} INFO - Processing file /home/airflow/.local/lib/python3.8/site-packages/airflow/example_dags/example_dag_decorator.py for tasks to queue
[2021-12-21 00:19:38,859] {logging_mixin.py:104} INFO - [2021-12-21 00:19:38,859] {dagbag.py:496} INFO - Filling up the DagBag from /home/airflow/.local/lib/python3.8/site-packages/airflow/example_dags/example_dag_decorator.py
[2021-12-21 00:19:38,890] {scheduler_job.py:643} INFO - DAG(s) dict_keys(['example_dag_decorator']) retrieved from /home/airflow/.local/lib/python3.8/site-packages/airflow/example_dags/example_dag_decorator.py
[2021-12-21 00:19:39,288] {logging_mixin.py:104} INFO - [2021-12-21 00:19:39,288] {dag.py:1833} INFO - Sync 1 DAGs
[2021-12-21 00:19:39,302] {logging_mixin.py:104} INFO - [2021-12-21 00:19:39,302] {dag.py:2306} INFO - Setting next_dagrun for example_dag_decorator to None
[2021-12-21 00:19:39,328] {scheduler_job.py:190} INFO - Processing /home/airflow/.local/lib/python3.8/site-packages/airflow/example_dags/example_dag_decorator.py took 0.482 seconds
[2021-12-21 00:20:09,627] {scheduler_job.py:182} INFO - Started process (PID=11112) to work on /home/airflow/.local/lib/python3.8/site-packages/airflow/example_dags/example_dag_decorator.py
[2021-12-21 00:20:09,649] {scheduler_job.py:633} INFO - Processing file /home/airflow/.local/lib/python3.8/site-packages/airflow/example_dags/example_dag_decorator.py for tasks to queue
[2021-12-21 00:20:09,663] {logging_mixin.py:104} INFO - [2021-12-21 00:20:09,658] {dagbag.py:496} INFO - Filling up the DagBag from /home/airflow/.local/lib/python3.8/site-packages/airflow/example_dags/example_dag_decorator.py
[2021-12-21 00:20:09,823] {scheduler_job.py:643} INFO - DAG(s) dict_keys(['example_dag_decorator']) retrieved from /home/airflow/.local/lib/python3.8/site-packages/airflow/example_dags/example_dag_decorator.py
[2021-12-21 00:20:10,528] {logging_mixin.py:104} INFO - [2021-12-21 00:20:10,527] {dag.py:1833} INFO - Sync 1 DAGs
[2021-12-21 00:20:10,556] {logging_mixin.py:104} INFO - [2021-12-21 00:20:10,556] {dag.py:2306} INFO - Setting next_dagrun for example_dag_decorator to None
[2021-12-21 00:20:10,589] {scheduler_job.py:190} INFO - Processing /home/airflow/.local/lib/python3.8/site-packages/airflow/example_dags/example_dag_decorator.py took 0.984 seconds
[2021-12-21 00:20:41,190] {scheduler_job.py:182} INFO - Started process (PID=11145) to work on /home/airflow/.local/lib/python3.8/site-packages/airflow/example_dags/example_dag_decorator.py
[2021-12-21 00:20:41,201] {scheduler_job.py:633} INFO - Processing file /home/airflow/.local/lib/python3.8/site-packages/airflow/example_dags/example_dag_decorator.py for tasks to queue
[2021-12-21 00:20:41,207] {logging_mixin.py:104} INFO - [2021-12-21 00:20:41,206] {dagbag.py:496} INFO - Filling up the DagBag from /home/airflow/.local/lib/python3.8/site-packages/airflow/example_dags/example_dag_decorator.py
[2021-12-21 00:20:41,259] {scheduler_job.py:643} INFO - DAG(s) dict_keys(['example_dag_decorator']) retrieved from /home/airflow/.local/lib/python3.8/site-packages/airflow/example_dags/example_dag_decorator.py
[2021-12-21 00:20:41,728] {logging_mixin.py:104} INFO - [2021-12-21 00:20:41,727] {dag.py:1833} INFO - Sync 1 DAGs
[2021-12-21 00:20:41,752] {logging_mixin.py:104} INFO - [2021-12-21 00:20:41,752] {dag.py:2306} INFO - Setting next_dagrun for example_dag_decorator to None
[2021-12-21 00:20:41,774] {scheduler_job.py:190} INFO - Processing /home/airflow/.local/lib/python3.8/site-packages/airflow/example_dags/example_dag_decorator.py took 0.594 seconds
[2021-12-21 00:21:12,614] {scheduler_job.py:182} INFO - Started process (PID=11178) to work on /home/airflow/.local/lib/python3.8/site-packages/airflow/example_dags/example_dag_decorator.py
[2021-12-21 00:21:12,621] {scheduler_job.py:633} INFO - Processing file /home/airflow/.local/lib/python3.8/site-packages/airflow/example_dags/example_dag_decorator.py for tasks to queue
[2021-12-21 00:21:12,625] {logging_mixin.py:104} INFO - [2021-12-21 00:21:12,625] {dagbag.py:496} INFO - Filling up the DagBag from /home/airflow/.local/lib/python3.8/site-packages/airflow/example_dags/example_dag_decorator.py
[2021-12-21 00:21:12,665] {scheduler_job.py:643} INFO - DAG(s) dict_keys(['example_dag_decorator']) retrieved from /home/airflow/.local/lib/python3.8/site-packages/airflow/example_dags/example_dag_decorator.py
[2021-12-21 00:21:13,626] {logging_mixin.py:104} INFO - [2021-12-21 00:21:13,626] {dag.py:1833} INFO - Sync 1 DAGs
[2021-12-21 00:21:13,676] {logging_mixin.py:104} INFO - [2021-12-21 00:21:13,675] {dag.py:2306} INFO - Setting next_dagrun for example_dag_decorator to None
[2021-12-21 00:21:13,726] {scheduler_job.py:190} INFO - Processing /home/airflow/.local/lib/python3.8/site-packages/airflow/example_dags/example_dag_decorator.py took 1.123 seconds
[2021-12-21 00:21:44,703] {scheduler_job.py:182} INFO - Started process (PID=11209) to work on /home/airflow/.local/lib/python3.8/site-packages/airflow/example_dags/example_dag_decorator.py
[2021-12-21 00:21:44,712] {scheduler_job.py:633} INFO - Processing file /home/airflow/.local/lib/python3.8/site-packages/airflow/example_dags/example_dag_decorator.py for tasks to queue
[2021-12-21 00:21:44,717] {logging_mixin.py:104} INFO - [2021-12-21 00:21:44,716] {dagbag.py:496} INFO - Filling up the DagBag from /home/airflow/.local/lib/python3.8/site-packages/airflow/example_dags/example_dag_decorator.py
[2021-12-21 00:21:44,753] {scheduler_job.py:643} INFO - DAG(s) dict_keys(['example_dag_decorator']) retrieved from /home/airflow/.local/lib/python3.8/site-packages/airflow/example_dags/example_dag_decorator.py
[2021-12-21 00:21:45,252] {logging_mixin.py:104} INFO - [2021-12-21 00:21:45,251] {dag.py:1833} INFO - Sync 1 DAGs
[2021-12-21 00:21:45,283] {logging_mixin.py:104} INFO - [2021-12-21 00:21:45,283] {dag.py:2306} INFO - Setting next_dagrun for example_dag_decorator to None
[2021-12-21 00:21:45,304] {scheduler_job.py:190} INFO - Processing /home/airflow/.local/lib/python3.8/site-packages/airflow/example_dags/example_dag_decorator.py took 0.610 seconds
[2021-12-21 00:22:15,661] {scheduler_job.py:182} INFO - Started process (PID=11240) to work on /home/airflow/.local/lib/python3.8/site-packages/airflow/example_dags/example_dag_decorator.py
[2021-12-21 00:22:15,665] {scheduler_job.py:633} INFO - Processing file /home/airflow/.local/lib/python3.8/site-packages/airflow/example_dags/example_dag_decorator.py for tasks to queue
[2021-12-21 00:22:15,668] {logging_mixin.py:104} INFO - [2021-12-21 00:22:15,668] {dagbag.py:496} INFO - Filling up the DagBag from /home/airflow/.local/lib/python3.8/site-packages/airflow/example_dags/example_dag_decorator.py
[2021-12-21 00:22:15,704] {scheduler_job.py:643} INFO - DAG(s) dict_keys(['example_dag_decorator']) retrieved from /home/airflow/.local/lib/python3.8/site-packages/airflow/example_dags/example_dag_decorator.py
[2021-12-21 00:22:16,255] {logging_mixin.py:104} INFO - [2021-12-21 00:22:16,255] {dag.py:1833} INFO - Sync 1 DAGs
[2021-12-21 00:22:16,272] {logging_mixin.py:104} INFO - [2021-12-21 00:22:16,272] {dag.py:2306} INFO - Setting next_dagrun for example_dag_decorator to None
[2021-12-21 00:22:16,307] {scheduler_job.py:190} INFO - Processing /home/airflow/.local/lib/python3.8/site-packages/airflow/example_dags/example_dag_decorator.py took 0.651 seconds
[2021-12-21 00:22:47,366] {scheduler_job.py:182} INFO - Started process (PID=11273) to work on /home/airflow/.local/lib/python3.8/site-packages/airflow/example_dags/example_dag_decorator.py
[2021-12-21 00:22:47,373] {scheduler_job.py:633} INFO - Processing file /home/airflow/.local/lib/python3.8/site-packages/airflow/example_dags/example_dag_decorator.py for tasks to queue
[2021-12-21 00:22:47,378] {logging_mixin.py:104} INFO - [2021-12-21 00:22:47,377] {dagbag.py:496} INFO - Filling up the DagBag from /home/airflow/.local/lib/python3.8/site-packages/airflow/example_dags/example_dag_decorator.py
[2021-12-21 00:22:47,414] {scheduler_job.py:643} INFO - DAG(s) dict_keys(['example_dag_decorator']) retrieved from /home/airflow/.local/lib/python3.8/site-packages/airflow/example_dags/example_dag_decorator.py
[2021-12-21 00:22:48,063] {logging_mixin.py:104} INFO - [2021-12-21 00:22:48,062] {dag.py:1833} INFO - Sync 1 DAGs
[2021-12-21 00:22:48,089] {logging_mixin.py:104} INFO - [2021-12-21 00:22:48,088] {dag.py:2306} INFO - Setting next_dagrun for example_dag_decorator to None
[2021-12-21 00:22:48,113] {scheduler_job.py:190} INFO - Processing /home/airflow/.local/lib/python3.8/site-packages/airflow/example_dags/example_dag_decorator.py took 0.761 seconds
[2021-12-21 00:23:18,622] {scheduler_job.py:182} INFO - Started process (PID=11304) to work on /home/airflow/.local/lib/python3.8/site-packages/airflow/example_dags/example_dag_decorator.py
[2021-12-21 00:23:18,628] {scheduler_job.py:633} INFO - Processing file /home/airflow/.local/lib/python3.8/site-packages/airflow/example_dags/example_dag_decorator.py for tasks to queue
[2021-12-21 00:23:18,633] {logging_mixin.py:104} INFO - [2021-12-21 00:23:18,632] {dagbag.py:496} INFO - Filling up the DagBag from /home/airflow/.local/lib/python3.8/site-packages/airflow/example_dags/example_dag_decorator.py
[2021-12-21 00:23:18,682] {scheduler_job.py:643} INFO - DAG(s) dict_keys(['example_dag_decorator']) retrieved from /home/airflow/.local/lib/python3.8/site-packages/airflow/example_dags/example_dag_decorator.py
[2021-12-21 00:23:18,751] {logging_mixin.py:104} INFO - [2021-12-21 00:23:18,751] {dag.py:1833} INFO - Sync 1 DAGs
[2021-12-21 00:23:18,777] {logging_mixin.py:104} INFO - [2021-12-21 00:23:18,777] {dag.py:2306} INFO - Setting next_dagrun for example_dag_decorator to None
[2021-12-21 00:23:18,801] {scheduler_job.py:190} INFO - Processing /home/airflow/.local/lib/python3.8/site-packages/airflow/example_dags/example_dag_decorator.py took 0.193 seconds
[2021-12-21 00:23:49,511] {scheduler_job.py:182} INFO - Started process (PID=11335) to work on /home/airflow/.local/lib/python3.8/site-packages/airflow/example_dags/example_dag_decorator.py
[2021-12-21 00:23:49,514] {scheduler_job.py:633} INFO - Processing file /home/airflow/.local/lib/python3.8/site-packages/airflow/example_dags/example_dag_decorator.py for tasks to queue
[2021-12-21 00:23:49,517] {logging_mixin.py:104} INFO - [2021-12-21 00:23:49,517] {dagbag.py:496} INFO - Filling up the DagBag from /home/airflow/.local/lib/python3.8/site-packages/airflow/example_dags/example_dag_decorator.py
[2021-12-21 00:23:49,562] {scheduler_job.py:643} INFO - DAG(s) dict_keys(['example_dag_decorator']) retrieved from /home/airflow/.local/lib/python3.8/site-packages/airflow/example_dags/example_dag_decorator.py
[2021-12-21 00:23:50,000] {logging_mixin.py:104} INFO - [2021-12-21 00:23:50,000] {dag.py:1833} INFO - Sync 1 DAGs
[2021-12-21 00:23:50,015] {logging_mixin.py:104} INFO - [2021-12-21 00:23:50,015] {dag.py:2306} INFO - Setting next_dagrun for example_dag_decorator to None
[2021-12-21 00:23:50,041] {scheduler_job.py:190} INFO - Processing /home/airflow/.local/lib/python3.8/site-packages/airflow/example_dags/example_dag_decorator.py took 0.536 seconds
[2021-12-21 00:24:21,616] {scheduler_job.py:182} INFO - Started process (PID=11370) to work on /home/airflow/.local/lib/python3.8/site-packages/airflow/example_dags/example_dag_decorator.py
[2021-12-21 00:24:21,620] {scheduler_job.py:633} INFO - Processing file /home/airflow/.local/lib/python3.8/site-packages/airflow/example_dags/example_dag_decorator.py for tasks to queue
[2021-12-21 00:24:21,622] {logging_mixin.py:104} INFO - [2021-12-21 00:24:21,622] {dagbag.py:496} INFO - Filling up the DagBag from /home/airflow/.local/lib/python3.8/site-packages/airflow/example_dags/example_dag_decorator.py
[2021-12-21 00:24:21,650] {scheduler_job.py:643} INFO - DAG(s) dict_keys(['example_dag_decorator']) retrieved from /home/airflow/.local/lib/python3.8/site-packages/airflow/example_dags/example_dag_decorator.py
[2021-12-21 00:24:22,151] {logging_mixin.py:104} INFO - [2021-12-21 00:24:22,151] {dag.py:1833} INFO - Sync 1 DAGs
[2021-12-21 00:24:22,168] {logging_mixin.py:104} INFO - [2021-12-21 00:24:22,168] {dag.py:2306} INFO - Setting next_dagrun for example_dag_decorator to None
[2021-12-21 00:24:22,188] {scheduler_job.py:190} INFO - Processing /home/airflow/.local/lib/python3.8/site-packages/airflow/example_dags/example_dag_decorator.py took 0.576 seconds
[2021-12-21 00:24:52,688] {scheduler_job.py:182} INFO - Started process (PID=11401) to work on /home/airflow/.local/lib/python3.8/site-packages/airflow/example_dags/example_dag_decorator.py
[2021-12-21 00:24:52,697] {scheduler_job.py:633} INFO - Processing file /home/airflow/.local/lib/python3.8/site-packages/airflow/example_dags/example_dag_decorator.py for tasks to queue
[2021-12-21 00:24:52,714] {logging_mixin.py:104} INFO - [2021-12-21 00:24:52,714] {dagbag.py:496} INFO - Filling up the DagBag from /home/airflow/.local/lib/python3.8/site-packages/airflow/example_dags/example_dag_decorator.py
[2021-12-21 00:24:52,827] {scheduler_job.py:643} INFO - DAG(s) dict_keys(['example_dag_decorator']) retrieved from /home/airflow/.local/lib/python3.8/site-packages/airflow/example_dags/example_dag_decorator.py
[2021-12-21 00:24:53,684] {logging_mixin.py:104} INFO - [2021-12-21 00:24:53,683] {dag.py:1833} INFO - Sync 1 DAGs
[2021-12-21 00:24:53,704] {logging_mixin.py:104} INFO - [2021-12-21 00:24:53,704] {dag.py:2306} INFO - Setting next_dagrun for example_dag_decorator to None
[2021-12-21 00:24:53,727] {scheduler_job.py:190} INFO - Processing /home/airflow/.local/lib/python3.8/site-packages/airflow/example_dags/example_dag_decorator.py took 1.047 seconds
[2021-12-21 00:25:24,021] {scheduler_job.py:182} INFO - Started process (PID=11435) to work on /home/airflow/.local/lib/python3.8/site-packages/airflow/example_dags/example_dag_decorator.py
[2021-12-21 00:25:24,024] {scheduler_job.py:633} INFO - Processing file /home/airflow/.local/lib/python3.8/site-packages/airflow/example_dags/example_dag_decorator.py for tasks to queue
[2021-12-21 00:25:24,027] {logging_mixin.py:104} INFO - [2021-12-21 00:25:24,027] {dagbag.py:496} INFO - Filling up the DagBag from /home/airflow/.local/lib/python3.8/site-packages/airflow/example_dags/example_dag_decorator.py
[2021-12-21 00:25:24,053] {scheduler_job.py:643} INFO - DAG(s) dict_keys(['example_dag_decorator']) retrieved from /home/airflow/.local/lib/python3.8/site-packages/airflow/example_dags/example_dag_decorator.py
[2021-12-21 00:25:24,480] {logging_mixin.py:104} INFO - [2021-12-21 00:25:24,480] {dag.py:1833} INFO - Sync 1 DAGs
[2021-12-21 00:25:24,496] {logging_mixin.py:104} INFO - [2021-12-21 00:25:24,496] {dag.py:2306} INFO - Setting next_dagrun for example_dag_decorator to None
[2021-12-21 00:25:24,515] {scheduler_job.py:190} INFO - Processing /home/airflow/.local/lib/python3.8/site-packages/airflow/example_dags/example_dag_decorator.py took 0.500 seconds
[2021-12-21 00:25:54,632] {scheduler_job.py:182} INFO - Started process (PID=11464) to work on /home/airflow/.local/lib/python3.8/site-packages/airflow/example_dags/example_dag_decorator.py
[2021-12-21 00:25:54,639] {scheduler_job.py:633} INFO - Processing file /home/airflow/.local/lib/python3.8/site-packages/airflow/example_dags/example_dag_decorator.py for tasks to queue
[2021-12-21 00:25:54,641] {logging_mixin.py:104} INFO - [2021-12-21 00:25:54,641] {dagbag.py:496} INFO - Filling up the DagBag from /home/airflow/.local/lib/python3.8/site-packages/airflow/example_dags/example_dag_decorator.py
[2021-12-21 00:25:54,673] {scheduler_job.py:643} INFO - DAG(s) dict_keys(['example_dag_decorator']) retrieved from /home/airflow/.local/lib/python3.8/site-packages/airflow/example_dags/example_dag_decorator.py
[2021-12-21 00:25:55,160] {logging_mixin.py:104} INFO - [2021-12-21 00:25:55,159] {dag.py:1833} INFO - Sync 1 DAGs
[2021-12-21 00:25:55,181] {logging_mixin.py:104} INFO - [2021-12-21 00:25:55,181] {dag.py:2306} INFO - Setting next_dagrun for example_dag_decorator to None
[2021-12-21 00:25:55,208] {scheduler_job.py:190} INFO - Processing /home/airflow/.local/lib/python3.8/site-packages/airflow/example_dags/example_dag_decorator.py took 0.582 seconds
[2021-12-21 00:26:25,642] {scheduler_job.py:182} INFO - Started process (PID=11495) to work on /home/airflow/.local/lib/python3.8/site-packages/airflow/example_dags/example_dag_decorator.py
[2021-12-21 00:26:25,650] {scheduler_job.py:633} INFO - Processing file /home/airflow/.local/lib/python3.8/site-packages/airflow/example_dags/example_dag_decorator.py for tasks to queue
[2021-12-21 00:26:25,652] {logging_mixin.py:104} INFO - [2021-12-21 00:26:25,652] {dagbag.py:496} INFO - Filling up the DagBag from /home/airflow/.local/lib/python3.8/site-packages/airflow/example_dags/example_dag_decorator.py
[2021-12-21 00:26:25,700] {scheduler_job.py:643} INFO - DAG(s) dict_keys(['example_dag_decorator']) retrieved from /home/airflow/.local/lib/python3.8/site-packages/airflow/example_dags/example_dag_decorator.py
[2021-12-21 00:26:26,124] {logging_mixin.py:104} INFO - [2021-12-21 00:26:26,124] {dag.py:1833} INFO - Sync 1 DAGs
[2021-12-21 00:26:26,149] {logging_mixin.py:104} INFO - [2021-12-21 00:26:26,149] {dag.py:2306} INFO - Setting next_dagrun for example_dag_decorator to None
[2021-12-21 00:26:26,195] {scheduler_job.py:190} INFO - Processing /home/airflow/.local/lib/python3.8/site-packages/airflow/example_dags/example_dag_decorator.py took 0.592 seconds
[2021-12-21 00:26:57,020] {scheduler_job.py:182} INFO - Started process (PID=11526) to work on /home/airflow/.local/lib/python3.8/site-packages/airflow/example_dags/example_dag_decorator.py
[2021-12-21 00:26:57,025] {scheduler_job.py:633} INFO - Processing file /home/airflow/.local/lib/python3.8/site-packages/airflow/example_dags/example_dag_decorator.py for tasks to queue
[2021-12-21 00:26:57,027] {logging_mixin.py:104} INFO - [2021-12-21 00:26:57,027] {dagbag.py:496} INFO - Filling up the DagBag from /home/airflow/.local/lib/python3.8/site-packages/airflow/example_dags/example_dag_decorator.py
[2021-12-21 00:26:57,055] {scheduler_job.py:643} INFO - DAG(s) dict_keys(['example_dag_decorator']) retrieved from /home/airflow/.local/lib/python3.8/site-packages/airflow/example_dags/example_dag_decorator.py
[2021-12-21 00:26:57,465] {logging_mixin.py:104} INFO - [2021-12-21 00:26:57,465] {dag.py:1833} INFO - Sync 1 DAGs
[2021-12-21 00:26:57,484] {logging_mixin.py:104} INFO - [2021-12-21 00:26:57,484] {dag.py:2306} INFO - Setting next_dagrun for example_dag_decorator to None
[2021-12-21 00:26:57,512] {scheduler_job.py:190} INFO - Processing /home/airflow/.local/lib/python3.8/site-packages/airflow/example_dags/example_dag_decorator.py took 0.497 seconds
[2021-12-21 00:27:27,680] {scheduler_job.py:182} INFO - Started process (PID=11557) to work on /home/airflow/.local/lib/python3.8/site-packages/airflow/example_dags/example_dag_decorator.py
[2021-12-21 00:27:27,686] {scheduler_job.py:633} INFO - Processing file /home/airflow/.local/lib/python3.8/site-packages/airflow/example_dags/example_dag_decorator.py for tasks to queue
[2021-12-21 00:27:27,688] {logging_mixin.py:104} INFO - [2021-12-21 00:27:27,688] {dagbag.py:496} INFO - Filling up the DagBag from /home/airflow/.local/lib/python3.8/site-packages/airflow/example_dags/example_dag_decorator.py
[2021-12-21 00:27:27,718] {scheduler_job.py:643} INFO - DAG(s) dict_keys(['example_dag_decorator']) retrieved from /home/airflow/.local/lib/python3.8/site-packages/airflow/example_dags/example_dag_decorator.py
[2021-12-21 00:27:28,126] {logging_mixin.py:104} INFO - [2021-12-21 00:27:28,126] {dag.py:1833} INFO - Sync 1 DAGs
[2021-12-21 00:27:28,143] {logging_mixin.py:104} INFO - [2021-12-21 00:27:28,142] {dag.py:2306} INFO - Setting next_dagrun for example_dag_decorator to None
[2021-12-21 00:27:28,165] {scheduler_job.py:190} INFO - Processing /home/airflow/.local/lib/python3.8/site-packages/airflow/example_dags/example_dag_decorator.py took 0.495 seconds
[2021-12-21 00:27:58,554] {scheduler_job.py:182} INFO - Started process (PID=11588) to work on /home/airflow/.local/lib/python3.8/site-packages/airflow/example_dags/example_dag_decorator.py
[2021-12-21 00:27:58,561] {scheduler_job.py:633} INFO - Processing file /home/airflow/.local/lib/python3.8/site-packages/airflow/example_dags/example_dag_decorator.py for tasks to queue
[2021-12-21 00:27:58,571] {logging_mixin.py:104} INFO - [2021-12-21 00:27:58,570] {dagbag.py:496} INFO - Filling up the DagBag from /home/airflow/.local/lib/python3.8/site-packages/airflow/example_dags/example_dag_decorator.py
[2021-12-21 00:27:58,653] {scheduler_job.py:643} INFO - DAG(s) dict_keys(['example_dag_decorator']) retrieved from /home/airflow/.local/lib/python3.8/site-packages/airflow/example_dags/example_dag_decorator.py
[2021-12-21 00:27:59,177] {logging_mixin.py:104} INFO - [2021-12-21 00:27:59,176] {dag.py:1833} INFO - Sync 1 DAGs
[2021-12-21 00:27:59,202] {logging_mixin.py:104} INFO - [2021-12-21 00:27:59,202] {dag.py:2306} INFO - Setting next_dagrun for example_dag_decorator to None
[2021-12-21 00:27:59,282] {scheduler_job.py:190} INFO - Processing /home/airflow/.local/lib/python3.8/site-packages/airflow/example_dags/example_dag_decorator.py took 0.737 seconds
[2021-12-21 00:28:30,121] {scheduler_job.py:182} INFO - Started process (PID=11619) to work on /home/airflow/.local/lib/python3.8/site-packages/airflow/example_dags/example_dag_decorator.py
[2021-12-21 00:28:30,129] {scheduler_job.py:633} INFO - Processing file /home/airflow/.local/lib/python3.8/site-packages/airflow/example_dags/example_dag_decorator.py for tasks to queue
[2021-12-21 00:28:30,133] {logging_mixin.py:104} INFO - [2021-12-21 00:28:30,133] {dagbag.py:496} INFO - Filling up the DagBag from /home/airflow/.local/lib/python3.8/site-packages/airflow/example_dags/example_dag_decorator.py
[2021-12-21 00:28:30,367] {scheduler_job.py:643} INFO - DAG(s) dict_keys(['example_dag_decorator']) retrieved from /home/airflow/.local/lib/python3.8/site-packages/airflow/example_dags/example_dag_decorator.py
[2021-12-21 00:28:30,868] {logging_mixin.py:104} INFO - [2021-12-21 00:28:30,868] {dag.py:1833} INFO - Sync 1 DAGs
[2021-12-21 00:28:30,896] {logging_mixin.py:104} INFO - [2021-12-21 00:28:30,896] {dag.py:2306} INFO - Setting next_dagrun for example_dag_decorator to None
[2021-12-21 00:28:30,936] {scheduler_job.py:190} INFO - Processing /home/airflow/.local/lib/python3.8/site-packages/airflow/example_dags/example_dag_decorator.py took 0.835 seconds
[2021-12-21 00:29:01,101] {scheduler_job.py:182} INFO - Started process (PID=11650) to work on /home/airflow/.local/lib/python3.8/site-packages/airflow/example_dags/example_dag_decorator.py
[2021-12-21 00:29:01,115] {scheduler_job.py:633} INFO - Processing file /home/airflow/.local/lib/python3.8/site-packages/airflow/example_dags/example_dag_decorator.py for tasks to queue
[2021-12-21 00:29:01,118] {logging_mixin.py:104} INFO - [2021-12-21 00:29:01,118] {dagbag.py:496} INFO - Filling up the DagBag from /home/airflow/.local/lib/python3.8/site-packages/airflow/example_dags/example_dag_decorator.py
[2021-12-21 00:29:01,228] {scheduler_job.py:643} INFO - DAG(s) dict_keys(['example_dag_decorator']) retrieved from /home/airflow/.local/lib/python3.8/site-packages/airflow/example_dags/example_dag_decorator.py
[2021-12-21 00:29:02,132] {logging_mixin.py:104} INFO - [2021-12-21 00:29:02,131] {dag.py:1833} INFO - Sync 1 DAGs
[2021-12-21 00:29:02,150] {logging_mixin.py:104} INFO - [2021-12-21 00:29:02,150] {dag.py:2306} INFO - Setting next_dagrun for example_dag_decorator to None
[2021-12-21 00:29:02,177] {scheduler_job.py:190} INFO - Processing /home/airflow/.local/lib/python3.8/site-packages/airflow/example_dags/example_dag_decorator.py took 1.102 seconds
[2021-12-21 00:29:32,288] {scheduler_job.py:182} INFO - Started process (PID=11680) to work on /home/airflow/.local/lib/python3.8/site-packages/airflow/example_dags/example_dag_decorator.py
[2021-12-21 00:29:32,291] {scheduler_job.py:633} INFO - Processing file /home/airflow/.local/lib/python3.8/site-packages/airflow/example_dags/example_dag_decorator.py for tasks to queue
[2021-12-21 00:29:32,293] {logging_mixin.py:104} INFO - [2021-12-21 00:29:32,293] {dagbag.py:496} INFO - Filling up the DagBag from /home/airflow/.local/lib/python3.8/site-packages/airflow/example_dags/example_dag_decorator.py
[2021-12-21 00:29:32,321] {scheduler_job.py:643} INFO - DAG(s) dict_keys(['example_dag_decorator']) retrieved from /home/airflow/.local/lib/python3.8/site-packages/airflow/example_dags/example_dag_decorator.py
[2021-12-21 00:29:32,722] {logging_mixin.py:104} INFO - [2021-12-21 00:29:32,722] {dag.py:1833} INFO - Sync 1 DAGs
[2021-12-21 00:29:32,741] {logging_mixin.py:104} INFO - [2021-12-21 00:29:32,741] {dag.py:2306} INFO - Setting next_dagrun for example_dag_decorator to None
[2021-12-21 00:29:32,764] {scheduler_job.py:190} INFO - Processing /home/airflow/.local/lib/python3.8/site-packages/airflow/example_dags/example_dag_decorator.py took 0.482 seconds
[2021-12-21 00:30:03,996] {scheduler_job.py:182} INFO - Started process (PID=11713) to work on /home/airflow/.local/lib/python3.8/site-packages/airflow/example_dags/example_dag_decorator.py
[2021-12-21 00:30:04,002] {scheduler_job.py:633} INFO - Processing file /home/airflow/.local/lib/python3.8/site-packages/airflow/example_dags/example_dag_decorator.py for tasks to queue
[2021-12-21 00:30:04,008] {logging_mixin.py:104} INFO - [2021-12-21 00:30:04,008] {dagbag.py:496} INFO - Filling up the DagBag from /home/airflow/.local/lib/python3.8/site-packages/airflow/example_dags/example_dag_decorator.py
[2021-12-21 00:30:04,065] {scheduler_job.py:643} INFO - DAG(s) dict_keys(['example_dag_decorator']) retrieved from /home/airflow/.local/lib/python3.8/site-packages/airflow/example_dags/example_dag_decorator.py
[2021-12-21 00:30:04,508] {logging_mixin.py:104} INFO - [2021-12-21 00:30:04,508] {dag.py:1833} INFO - Sync 1 DAGs
[2021-12-21 00:30:04,522] {logging_mixin.py:104} INFO - [2021-12-21 00:30:04,522] {dag.py:2306} INFO - Setting next_dagrun for example_dag_decorator to None
[2021-12-21 00:30:04,561] {scheduler_job.py:190} INFO - Processing /home/airflow/.local/lib/python3.8/site-packages/airflow/example_dags/example_dag_decorator.py took 0.571 seconds
[2021-12-21 00:30:35,371] {scheduler_job.py:182} INFO - Started process (PID=11744) to work on /home/airflow/.local/lib/python3.8/site-packages/airflow/example_dags/example_dag_decorator.py
[2021-12-21 00:30:35,375] {scheduler_job.py:633} INFO - Processing file /home/airflow/.local/lib/python3.8/site-packages/airflow/example_dags/example_dag_decorator.py for tasks to queue
[2021-12-21 00:30:35,385] {logging_mixin.py:104} INFO - [2021-12-21 00:30:35,385] {dagbag.py:496} INFO - Filling up the DagBag from /home/airflow/.local/lib/python3.8/site-packages/airflow/example_dags/example_dag_decorator.py
[2021-12-21 00:30:35,453] {scheduler_job.py:643} INFO - DAG(s) dict_keys(['example_dag_decorator']) retrieved from /home/airflow/.local/lib/python3.8/site-packages/airflow/example_dags/example_dag_decorator.py
[2021-12-21 00:30:36,118] {logging_mixin.py:104} INFO - [2021-12-21 00:30:36,118] {dag.py:1833} INFO - Sync 1 DAGs
[2021-12-21 00:30:36,134] {logging_mixin.py:104} INFO - [2021-12-21 00:30:36,134] {dag.py:2306} INFO - Setting next_dagrun for example_dag_decorator to None
[2021-12-21 00:30:36,161] {scheduler_job.py:190} INFO - Processing /home/airflow/.local/lib/python3.8/site-packages/airflow/example_dags/example_dag_decorator.py took 0.800 seconds
[2021-12-21 00:39:25,922] {scheduler_job.py:182} INFO - Started process (PID=11789) to work on /home/airflow/.local/lib/python3.8/site-packages/airflow/example_dags/example_dag_decorator.py
[2021-12-21 00:39:25,932] {scheduler_job.py:633} INFO - Processing file /home/airflow/.local/lib/python3.8/site-packages/airflow/example_dags/example_dag_decorator.py for tasks to queue
[2021-12-21 00:39:25,936] {logging_mixin.py:104} INFO - [2021-12-21 00:39:25,936] {dagbag.py:496} INFO - Filling up the DagBag from /home/airflow/.local/lib/python3.8/site-packages/airflow/example_dags/example_dag_decorator.py
[2021-12-21 00:39:26,087] {scheduler_job.py:643} INFO - DAG(s) dict_keys(['example_dag_decorator']) retrieved from /home/airflow/.local/lib/python3.8/site-packages/airflow/example_dags/example_dag_decorator.py
[2021-12-21 00:39:27,476] {logging_mixin.py:104} INFO - [2021-12-21 00:39:27,476] {dag.py:1833} INFO - Sync 1 DAGs
[2021-12-21 00:39:27,520] {logging_mixin.py:104} INFO - [2021-12-21 00:39:27,520] {dag.py:2306} INFO - Setting next_dagrun for example_dag_decorator to None
[2021-12-21 00:39:27,563] {scheduler_job.py:190} INFO - Processing /home/airflow/.local/lib/python3.8/site-packages/airflow/example_dags/example_dag_decorator.py took 1.654 seconds
[2021-12-21 00:39:59,163] {scheduler_job.py:182} INFO - Started process (PID=11823) to work on /home/airflow/.local/lib/python3.8/site-packages/airflow/example_dags/example_dag_decorator.py
[2021-12-21 00:39:59,169] {scheduler_job.py:633} INFO - Processing file /home/airflow/.local/lib/python3.8/site-packages/airflow/example_dags/example_dag_decorator.py for tasks to queue
[2021-12-21 00:39:59,178] {logging_mixin.py:104} INFO - [2021-12-21 00:39:59,178] {dagbag.py:496} INFO - Filling up the DagBag from /home/airflow/.local/lib/python3.8/site-packages/airflow/example_dags/example_dag_decorator.py
[2021-12-21 00:39:59,276] {scheduler_job.py:643} INFO - DAG(s) dict_keys(['example_dag_decorator']) retrieved from /home/airflow/.local/lib/python3.8/site-packages/airflow/example_dags/example_dag_decorator.py
[2021-12-21 00:40:00,687] {logging_mixin.py:104} INFO - [2021-12-21 00:40:00,687] {dag.py:1833} INFO - Sync 1 DAGs
[2021-12-21 00:40:00,711] {logging_mixin.py:104} INFO - [2021-12-21 00:40:00,711] {dag.py:2306} INFO - Setting next_dagrun for example_dag_decorator to None
[2021-12-21 00:40:00,870] {scheduler_job.py:190} INFO - Processing /home/airflow/.local/lib/python3.8/site-packages/airflow/example_dags/example_dag_decorator.py took 1.740 seconds
