[2021-12-21 00:00:20,317] {scheduler_job.py:182} INFO - Started process (PID=9909) to work on /home/airflow/.local/lib/python3.8/site-packages/airflow/example_dags/example_python_operator.py
[2021-12-21 00:00:20,331] {scheduler_job.py:633} INFO - Processing file /home/airflow/.local/lib/python3.8/site-packages/airflow/example_dags/example_python_operator.py for tasks to queue
[2021-12-21 00:00:20,335] {logging_mixin.py:104} INFO - [2021-12-21 00:00:20,335] {dagbag.py:496} INFO - Filling up the DagBag from /home/airflow/.local/lib/python3.8/site-packages/airflow/example_dags/example_python_operator.py
[2021-12-21 00:00:20,437] {scheduler_job.py:643} INFO - DAG(s) dict_keys(['example_python_operator']) retrieved from /home/airflow/.local/lib/python3.8/site-packages/airflow/example_dags/example_python_operator.py
[2021-12-21 00:00:21,226] {logging_mixin.py:104} INFO - [2021-12-21 00:00:21,226] {dag.py:1833} INFO - Sync 1 DAGs
[2021-12-21 00:00:21,256] {logging_mixin.py:104} INFO - [2021-12-21 00:00:21,254] {dag.py:2306} INFO - Setting next_dagrun for example_python_operator to None
[2021-12-21 00:00:21,281] {scheduler_job.py:190} INFO - Processing /home/airflow/.local/lib/python3.8/site-packages/airflow/example_dags/example_python_operator.py took 0.974 seconds
[2021-12-21 00:00:51,810] {scheduler_job.py:182} INFO - Started process (PID=9940) to work on /home/airflow/.local/lib/python3.8/site-packages/airflow/example_dags/example_python_operator.py
[2021-12-21 00:00:51,813] {scheduler_job.py:633} INFO - Processing file /home/airflow/.local/lib/python3.8/site-packages/airflow/example_dags/example_python_operator.py for tasks to queue
[2021-12-21 00:00:51,817] {logging_mixin.py:104} INFO - [2021-12-21 00:00:51,817] {dagbag.py:496} INFO - Filling up the DagBag from /home/airflow/.local/lib/python3.8/site-packages/airflow/example_dags/example_python_operator.py
[2021-12-21 00:00:51,839] {scheduler_job.py:643} INFO - DAG(s) dict_keys(['example_python_operator']) retrieved from /home/airflow/.local/lib/python3.8/site-packages/airflow/example_dags/example_python_operator.py
[2021-12-21 00:00:51,892] {logging_mixin.py:104} INFO - [2021-12-21 00:00:51,892] {dag.py:1833} INFO - Sync 1 DAGs
[2021-12-21 00:00:51,910] {logging_mixin.py:104} INFO - [2021-12-21 00:00:51,910] {dag.py:2306} INFO - Setting next_dagrun for example_python_operator to None
[2021-12-21 00:00:51,928] {scheduler_job.py:190} INFO - Processing /home/airflow/.local/lib/python3.8/site-packages/airflow/example_dags/example_python_operator.py took 0.123 seconds
[2021-12-21 00:01:22,419] {scheduler_job.py:182} INFO - Started process (PID=9971) to work on /home/airflow/.local/lib/python3.8/site-packages/airflow/example_dags/example_python_operator.py
[2021-12-21 00:01:22,423] {scheduler_job.py:633} INFO - Processing file /home/airflow/.local/lib/python3.8/site-packages/airflow/example_dags/example_python_operator.py for tasks to queue
[2021-12-21 00:01:22,426] {logging_mixin.py:104} INFO - [2021-12-21 00:01:22,426] {dagbag.py:496} INFO - Filling up the DagBag from /home/airflow/.local/lib/python3.8/site-packages/airflow/example_dags/example_python_operator.py
[2021-12-21 00:01:22,453] {scheduler_job.py:643} INFO - DAG(s) dict_keys(['example_python_operator']) retrieved from /home/airflow/.local/lib/python3.8/site-packages/airflow/example_dags/example_python_operator.py
[2021-12-21 00:01:22,512] {logging_mixin.py:104} INFO - [2021-12-21 00:01:22,511] {dag.py:1833} INFO - Sync 1 DAGs
[2021-12-21 00:01:22,532] {logging_mixin.py:104} INFO - [2021-12-21 00:01:22,532] {dag.py:2306} INFO - Setting next_dagrun for example_python_operator to None
[2021-12-21 00:01:22,568] {scheduler_job.py:190} INFO - Processing /home/airflow/.local/lib/python3.8/site-packages/airflow/example_dags/example_python_operator.py took 0.159 seconds
[2021-12-21 00:01:53,236] {scheduler_job.py:182} INFO - Started process (PID=10002) to work on /home/airflow/.local/lib/python3.8/site-packages/airflow/example_dags/example_python_operator.py
[2021-12-21 00:01:53,245] {scheduler_job.py:633} INFO - Processing file /home/airflow/.local/lib/python3.8/site-packages/airflow/example_dags/example_python_operator.py for tasks to queue
[2021-12-21 00:01:53,251] {logging_mixin.py:104} INFO - [2021-12-21 00:01:53,251] {dagbag.py:496} INFO - Filling up the DagBag from /home/airflow/.local/lib/python3.8/site-packages/airflow/example_dags/example_python_operator.py
[2021-12-21 00:01:53,283] {scheduler_job.py:643} INFO - DAG(s) dict_keys(['example_python_operator']) retrieved from /home/airflow/.local/lib/python3.8/site-packages/airflow/example_dags/example_python_operator.py
[2021-12-21 00:01:53,344] {logging_mixin.py:104} INFO - [2021-12-21 00:01:53,343] {dag.py:1833} INFO - Sync 1 DAGs
[2021-12-21 00:01:53,374] {logging_mixin.py:104} INFO - [2021-12-21 00:01:53,374] {dag.py:2306} INFO - Setting next_dagrun for example_python_operator to None
[2021-12-21 00:01:53,401] {scheduler_job.py:190} INFO - Processing /home/airflow/.local/lib/python3.8/site-packages/airflow/example_dags/example_python_operator.py took 0.172 seconds
[2021-12-21 00:02:24,157] {scheduler_job.py:182} INFO - Started process (PID=10033) to work on /home/airflow/.local/lib/python3.8/site-packages/airflow/example_dags/example_python_operator.py
[2021-12-21 00:02:24,172] {scheduler_job.py:633} INFO - Processing file /home/airflow/.local/lib/python3.8/site-packages/airflow/example_dags/example_python_operator.py for tasks to queue
[2021-12-21 00:02:24,176] {logging_mixin.py:104} INFO - [2021-12-21 00:02:24,175] {dagbag.py:496} INFO - Filling up the DagBag from /home/airflow/.local/lib/python3.8/site-packages/airflow/example_dags/example_python_operator.py
[2021-12-21 00:02:24,201] {scheduler_job.py:643} INFO - DAG(s) dict_keys(['example_python_operator']) retrieved from /home/airflow/.local/lib/python3.8/site-packages/airflow/example_dags/example_python_operator.py
[2021-12-21 00:02:24,298] {logging_mixin.py:104} INFO - [2021-12-21 00:02:24,298] {dag.py:1833} INFO - Sync 1 DAGs
[2021-12-21 00:02:24,330] {logging_mixin.py:104} INFO - [2021-12-21 00:02:24,330] {dag.py:2306} INFO - Setting next_dagrun for example_python_operator to None
[2021-12-21 00:02:24,370] {scheduler_job.py:190} INFO - Processing /home/airflow/.local/lib/python3.8/site-packages/airflow/example_dags/example_python_operator.py took 0.224 seconds
[2021-12-21 00:02:54,413] {scheduler_job.py:182} INFO - Started process (PID=10064) to work on /home/airflow/.local/lib/python3.8/site-packages/airflow/example_dags/example_python_operator.py
[2021-12-21 00:02:54,417] {scheduler_job.py:633} INFO - Processing file /home/airflow/.local/lib/python3.8/site-packages/airflow/example_dags/example_python_operator.py for tasks to queue
[2021-12-21 00:02:54,421] {logging_mixin.py:104} INFO - [2021-12-21 00:02:54,421] {dagbag.py:496} INFO - Filling up the DagBag from /home/airflow/.local/lib/python3.8/site-packages/airflow/example_dags/example_python_operator.py
[2021-12-21 00:02:54,450] {scheduler_job.py:643} INFO - DAG(s) dict_keys(['example_python_operator']) retrieved from /home/airflow/.local/lib/python3.8/site-packages/airflow/example_dags/example_python_operator.py
[2021-12-21 00:02:54,506] {logging_mixin.py:104} INFO - [2021-12-21 00:02:54,506] {dag.py:1833} INFO - Sync 1 DAGs
[2021-12-21 00:02:54,533] {logging_mixin.py:104} INFO - [2021-12-21 00:02:54,533] {dag.py:2306} INFO - Setting next_dagrun for example_python_operator to None
[2021-12-21 00:02:54,581] {scheduler_job.py:190} INFO - Processing /home/airflow/.local/lib/python3.8/site-packages/airflow/example_dags/example_python_operator.py took 0.173 seconds
[2021-12-21 00:03:24,693] {scheduler_job.py:182} INFO - Started process (PID=10095) to work on /home/airflow/.local/lib/python3.8/site-packages/airflow/example_dags/example_python_operator.py
[2021-12-21 00:03:24,699] {scheduler_job.py:633} INFO - Processing file /home/airflow/.local/lib/python3.8/site-packages/airflow/example_dags/example_python_operator.py for tasks to queue
[2021-12-21 00:03:24,704] {logging_mixin.py:104} INFO - [2021-12-21 00:03:24,704] {dagbag.py:496} INFO - Filling up the DagBag from /home/airflow/.local/lib/python3.8/site-packages/airflow/example_dags/example_python_operator.py
[2021-12-21 00:03:24,742] {scheduler_job.py:643} INFO - DAG(s) dict_keys(['example_python_operator']) retrieved from /home/airflow/.local/lib/python3.8/site-packages/airflow/example_dags/example_python_operator.py
[2021-12-21 00:03:24,797] {logging_mixin.py:104} INFO - [2021-12-21 00:03:24,796] {dag.py:1833} INFO - Sync 1 DAGs
[2021-12-21 00:03:24,823] {logging_mixin.py:104} INFO - [2021-12-21 00:03:24,822] {dag.py:2306} INFO - Setting next_dagrun for example_python_operator to None
[2021-12-21 00:03:24,856] {scheduler_job.py:190} INFO - Processing /home/airflow/.local/lib/python3.8/site-packages/airflow/example_dags/example_python_operator.py took 0.168 seconds
[2021-12-21 00:03:55,353] {scheduler_job.py:182} INFO - Started process (PID=10126) to work on /home/airflow/.local/lib/python3.8/site-packages/airflow/example_dags/example_python_operator.py
[2021-12-21 00:03:55,356] {scheduler_job.py:633} INFO - Processing file /home/airflow/.local/lib/python3.8/site-packages/airflow/example_dags/example_python_operator.py for tasks to queue
[2021-12-21 00:03:55,359] {logging_mixin.py:104} INFO - [2021-12-21 00:03:55,359] {dagbag.py:496} INFO - Filling up the DagBag from /home/airflow/.local/lib/python3.8/site-packages/airflow/example_dags/example_python_operator.py
[2021-12-21 00:03:55,379] {scheduler_job.py:643} INFO - DAG(s) dict_keys(['example_python_operator']) retrieved from /home/airflow/.local/lib/python3.8/site-packages/airflow/example_dags/example_python_operator.py
[2021-12-21 00:03:55,435] {logging_mixin.py:104} INFO - [2021-12-21 00:03:55,435] {dag.py:1833} INFO - Sync 1 DAGs
[2021-12-21 00:03:55,463] {logging_mixin.py:104} INFO - [2021-12-21 00:03:55,462] {dag.py:2306} INFO - Setting next_dagrun for example_python_operator to None
[2021-12-21 00:03:55,498] {scheduler_job.py:190} INFO - Processing /home/airflow/.local/lib/python3.8/site-packages/airflow/example_dags/example_python_operator.py took 0.151 seconds
[2021-12-21 00:04:25,660] {scheduler_job.py:182} INFO - Started process (PID=10157) to work on /home/airflow/.local/lib/python3.8/site-packages/airflow/example_dags/example_python_operator.py
[2021-12-21 00:04:25,664] {scheduler_job.py:633} INFO - Processing file /home/airflow/.local/lib/python3.8/site-packages/airflow/example_dags/example_python_operator.py for tasks to queue
[2021-12-21 00:04:25,667] {logging_mixin.py:104} INFO - [2021-12-21 00:04:25,667] {dagbag.py:496} INFO - Filling up the DagBag from /home/airflow/.local/lib/python3.8/site-packages/airflow/example_dags/example_python_operator.py
[2021-12-21 00:04:25,693] {scheduler_job.py:643} INFO - DAG(s) dict_keys(['example_python_operator']) retrieved from /home/airflow/.local/lib/python3.8/site-packages/airflow/example_dags/example_python_operator.py
[2021-12-21 00:04:25,754] {logging_mixin.py:104} INFO - [2021-12-21 00:04:25,754] {dag.py:1833} INFO - Sync 1 DAGs
[2021-12-21 00:04:25,783] {logging_mixin.py:104} INFO - [2021-12-21 00:04:25,782] {dag.py:2306} INFO - Setting next_dagrun for example_python_operator to None
[2021-12-21 00:04:25,812] {scheduler_job.py:190} INFO - Processing /home/airflow/.local/lib/python3.8/site-packages/airflow/example_dags/example_python_operator.py took 0.158 seconds
[2021-12-21 00:04:56,059] {scheduler_job.py:182} INFO - Started process (PID=10188) to work on /home/airflow/.local/lib/python3.8/site-packages/airflow/example_dags/example_python_operator.py
[2021-12-21 00:04:56,064] {scheduler_job.py:633} INFO - Processing file /home/airflow/.local/lib/python3.8/site-packages/airflow/example_dags/example_python_operator.py for tasks to queue
[2021-12-21 00:04:56,067] {logging_mixin.py:104} INFO - [2021-12-21 00:04:56,067] {dagbag.py:496} INFO - Filling up the DagBag from /home/airflow/.local/lib/python3.8/site-packages/airflow/example_dags/example_python_operator.py
[2021-12-21 00:04:56,104] {scheduler_job.py:643} INFO - DAG(s) dict_keys(['example_python_operator']) retrieved from /home/airflow/.local/lib/python3.8/site-packages/airflow/example_dags/example_python_operator.py
[2021-12-21 00:04:56,164] {logging_mixin.py:104} INFO - [2021-12-21 00:04:56,163] {dag.py:1833} INFO - Sync 1 DAGs
[2021-12-21 00:04:56,187] {logging_mixin.py:104} INFO - [2021-12-21 00:04:56,187] {dag.py:2306} INFO - Setting next_dagrun for example_python_operator to None
[2021-12-21 00:04:56,212] {scheduler_job.py:190} INFO - Processing /home/airflow/.local/lib/python3.8/site-packages/airflow/example_dags/example_python_operator.py took 0.163 seconds
[2021-12-21 00:05:26,382] {scheduler_job.py:182} INFO - Started process (PID=10219) to work on /home/airflow/.local/lib/python3.8/site-packages/airflow/example_dags/example_python_operator.py
[2021-12-21 00:05:26,393] {scheduler_job.py:633} INFO - Processing file /home/airflow/.local/lib/python3.8/site-packages/airflow/example_dags/example_python_operator.py for tasks to queue
[2021-12-21 00:05:26,399] {logging_mixin.py:104} INFO - [2021-12-21 00:05:26,398] {dagbag.py:496} INFO - Filling up the DagBag from /home/airflow/.local/lib/python3.8/site-packages/airflow/example_dags/example_python_operator.py
[2021-12-21 00:05:26,433] {scheduler_job.py:643} INFO - DAG(s) dict_keys(['example_python_operator']) retrieved from /home/airflow/.local/lib/python3.8/site-packages/airflow/example_dags/example_python_operator.py
[2021-12-21 00:05:26,491] {logging_mixin.py:104} INFO - [2021-12-21 00:05:26,491] {dag.py:1833} INFO - Sync 1 DAGs
[2021-12-21 00:05:26,525] {logging_mixin.py:104} INFO - [2021-12-21 00:05:26,525] {dag.py:2306} INFO - Setting next_dagrun for example_python_operator to None
[2021-12-21 00:05:26,553] {scheduler_job.py:190} INFO - Processing /home/airflow/.local/lib/python3.8/site-packages/airflow/example_dags/example_python_operator.py took 0.176 seconds
[2021-12-21 00:05:57,026] {scheduler_job.py:182} INFO - Started process (PID=10250) to work on /home/airflow/.local/lib/python3.8/site-packages/airflow/example_dags/example_python_operator.py
[2021-12-21 00:05:57,033] {scheduler_job.py:633} INFO - Processing file /home/airflow/.local/lib/python3.8/site-packages/airflow/example_dags/example_python_operator.py for tasks to queue
[2021-12-21 00:05:57,036] {logging_mixin.py:104} INFO - [2021-12-21 00:05:57,036] {dagbag.py:496} INFO - Filling up the DagBag from /home/airflow/.local/lib/python3.8/site-packages/airflow/example_dags/example_python_operator.py
[2021-12-21 00:05:57,073] {scheduler_job.py:643} INFO - DAG(s) dict_keys(['example_python_operator']) retrieved from /home/airflow/.local/lib/python3.8/site-packages/airflow/example_dags/example_python_operator.py
[2021-12-21 00:05:57,127] {logging_mixin.py:104} INFO - [2021-12-21 00:05:57,127] {dag.py:1833} INFO - Sync 1 DAGs
[2021-12-21 00:05:57,151] {logging_mixin.py:104} INFO - [2021-12-21 00:05:57,151] {dag.py:2306} INFO - Setting next_dagrun for example_python_operator to None
[2021-12-21 00:05:57,179] {scheduler_job.py:190} INFO - Processing /home/airflow/.local/lib/python3.8/site-packages/airflow/example_dags/example_python_operator.py took 0.160 seconds
[2021-12-21 00:06:27,356] {scheduler_job.py:182} INFO - Started process (PID=10281) to work on /home/airflow/.local/lib/python3.8/site-packages/airflow/example_dags/example_python_operator.py
[2021-12-21 00:06:27,362] {scheduler_job.py:633} INFO - Processing file /home/airflow/.local/lib/python3.8/site-packages/airflow/example_dags/example_python_operator.py for tasks to queue
[2021-12-21 00:06:27,366] {logging_mixin.py:104} INFO - [2021-12-21 00:06:27,366] {dagbag.py:496} INFO - Filling up the DagBag from /home/airflow/.local/lib/python3.8/site-packages/airflow/example_dags/example_python_operator.py
[2021-12-21 00:06:27,407] {scheduler_job.py:643} INFO - DAG(s) dict_keys(['example_python_operator']) retrieved from /home/airflow/.local/lib/python3.8/site-packages/airflow/example_dags/example_python_operator.py
[2021-12-21 00:06:27,471] {logging_mixin.py:104} INFO - [2021-12-21 00:06:27,470] {dag.py:1833} INFO - Sync 1 DAGs
[2021-12-21 00:06:27,500] {logging_mixin.py:104} INFO - [2021-12-21 00:06:27,500] {dag.py:2306} INFO - Setting next_dagrun for example_python_operator to None
[2021-12-21 00:06:27,525] {scheduler_job.py:190} INFO - Processing /home/airflow/.local/lib/python3.8/site-packages/airflow/example_dags/example_python_operator.py took 0.185 seconds
[2021-12-21 00:06:58,069] {scheduler_job.py:182} INFO - Started process (PID=10312) to work on /home/airflow/.local/lib/python3.8/site-packages/airflow/example_dags/example_python_operator.py
[2021-12-21 00:06:58,078] {scheduler_job.py:633} INFO - Processing file /home/airflow/.local/lib/python3.8/site-packages/airflow/example_dags/example_python_operator.py for tasks to queue
[2021-12-21 00:06:58,080] {logging_mixin.py:104} INFO - [2021-12-21 00:06:58,080] {dagbag.py:496} INFO - Filling up the DagBag from /home/airflow/.local/lib/python3.8/site-packages/airflow/example_dags/example_python_operator.py
[2021-12-21 00:06:58,104] {scheduler_job.py:643} INFO - DAG(s) dict_keys(['example_python_operator']) retrieved from /home/airflow/.local/lib/python3.8/site-packages/airflow/example_dags/example_python_operator.py
[2021-12-21 00:06:58,174] {logging_mixin.py:104} INFO - [2021-12-21 00:06:58,169] {dag.py:1833} INFO - Sync 1 DAGs
[2021-12-21 00:06:58,201] {logging_mixin.py:104} INFO - [2021-12-21 00:06:58,200] {dag.py:2306} INFO - Setting next_dagrun for example_python_operator to None
[2021-12-21 00:06:58,224] {scheduler_job.py:190} INFO - Processing /home/airflow/.local/lib/python3.8/site-packages/airflow/example_dags/example_python_operator.py took 0.161 seconds
[2021-12-21 00:07:28,541] {scheduler_job.py:182} INFO - Started process (PID=10342) to work on /home/airflow/.local/lib/python3.8/site-packages/airflow/example_dags/example_python_operator.py
[2021-12-21 00:07:28,560] {scheduler_job.py:633} INFO - Processing file /home/airflow/.local/lib/python3.8/site-packages/airflow/example_dags/example_python_operator.py for tasks to queue
[2021-12-21 00:07:28,567] {logging_mixin.py:104} INFO - [2021-12-21 00:07:28,566] {dagbag.py:496} INFO - Filling up the DagBag from /home/airflow/.local/lib/python3.8/site-packages/airflow/example_dags/example_python_operator.py
[2021-12-21 00:07:28,607] {scheduler_job.py:643} INFO - DAG(s) dict_keys(['example_python_operator']) retrieved from /home/airflow/.local/lib/python3.8/site-packages/airflow/example_dags/example_python_operator.py
[2021-12-21 00:07:28,685] {logging_mixin.py:104} INFO - [2021-12-21 00:07:28,685] {dag.py:1833} INFO - Sync 1 DAGs
[2021-12-21 00:07:28,710] {logging_mixin.py:104} INFO - [2021-12-21 00:07:28,710] {dag.py:2306} INFO - Setting next_dagrun for example_python_operator to None
[2021-12-21 00:07:28,736] {scheduler_job.py:190} INFO - Processing /home/airflow/.local/lib/python3.8/site-packages/airflow/example_dags/example_python_operator.py took 0.218 seconds
[2021-12-21 00:07:58,876] {scheduler_job.py:182} INFO - Started process (PID=10372) to work on /home/airflow/.local/lib/python3.8/site-packages/airflow/example_dags/example_python_operator.py
[2021-12-21 00:07:58,884] {scheduler_job.py:633} INFO - Processing file /home/airflow/.local/lib/python3.8/site-packages/airflow/example_dags/example_python_operator.py for tasks to queue
[2021-12-21 00:07:58,888] {logging_mixin.py:104} INFO - [2021-12-21 00:07:58,888] {dagbag.py:496} INFO - Filling up the DagBag from /home/airflow/.local/lib/python3.8/site-packages/airflow/example_dags/example_python_operator.py
[2021-12-21 00:07:58,934] {scheduler_job.py:643} INFO - DAG(s) dict_keys(['example_python_operator']) retrieved from /home/airflow/.local/lib/python3.8/site-packages/airflow/example_dags/example_python_operator.py
[2021-12-21 00:07:58,990] {logging_mixin.py:104} INFO - [2021-12-21 00:07:58,990] {dag.py:1833} INFO - Sync 1 DAGs
[2021-12-21 00:07:59,009] {logging_mixin.py:104} INFO - [2021-12-21 00:07:59,009] {dag.py:2306} INFO - Setting next_dagrun for example_python_operator to None
[2021-12-21 00:07:59,030] {scheduler_job.py:190} INFO - Processing /home/airflow/.local/lib/python3.8/site-packages/airflow/example_dags/example_python_operator.py took 0.166 seconds
[2021-12-21 00:08:29,183] {scheduler_job.py:182} INFO - Started process (PID=10403) to work on /home/airflow/.local/lib/python3.8/site-packages/airflow/example_dags/example_python_operator.py
[2021-12-21 00:08:29,189] {scheduler_job.py:633} INFO - Processing file /home/airflow/.local/lib/python3.8/site-packages/airflow/example_dags/example_python_operator.py for tasks to queue
[2021-12-21 00:08:29,193] {logging_mixin.py:104} INFO - [2021-12-21 00:08:29,192] {dagbag.py:496} INFO - Filling up the DagBag from /home/airflow/.local/lib/python3.8/site-packages/airflow/example_dags/example_python_operator.py
[2021-12-21 00:08:29,221] {scheduler_job.py:643} INFO - DAG(s) dict_keys(['example_python_operator']) retrieved from /home/airflow/.local/lib/python3.8/site-packages/airflow/example_dags/example_python_operator.py
[2021-12-21 00:08:29,289] {logging_mixin.py:104} INFO - [2021-12-21 00:08:29,288] {dag.py:1833} INFO - Sync 1 DAGs
[2021-12-21 00:08:29,314] {logging_mixin.py:104} INFO - [2021-12-21 00:08:29,313] {dag.py:2306} INFO - Setting next_dagrun for example_python_operator to None
[2021-12-21 00:08:29,348] {scheduler_job.py:190} INFO - Processing /home/airflow/.local/lib/python3.8/site-packages/airflow/example_dags/example_python_operator.py took 0.173 seconds
[2021-12-21 00:08:59,470] {scheduler_job.py:182} INFO - Started process (PID=10434) to work on /home/airflow/.local/lib/python3.8/site-packages/airflow/example_dags/example_python_operator.py
[2021-12-21 00:08:59,478] {scheduler_job.py:633} INFO - Processing file /home/airflow/.local/lib/python3.8/site-packages/airflow/example_dags/example_python_operator.py for tasks to queue
[2021-12-21 00:08:59,481] {logging_mixin.py:104} INFO - [2021-12-21 00:08:59,481] {dagbag.py:496} INFO - Filling up the DagBag from /home/airflow/.local/lib/python3.8/site-packages/airflow/example_dags/example_python_operator.py
[2021-12-21 00:08:59,514] {scheduler_job.py:643} INFO - DAG(s) dict_keys(['example_python_operator']) retrieved from /home/airflow/.local/lib/python3.8/site-packages/airflow/example_dags/example_python_operator.py
[2021-12-21 00:08:59,575] {logging_mixin.py:104} INFO - [2021-12-21 00:08:59,575] {dag.py:1833} INFO - Sync 1 DAGs
[2021-12-21 00:08:59,595] {logging_mixin.py:104} INFO - [2021-12-21 00:08:59,595] {dag.py:2306} INFO - Setting next_dagrun for example_python_operator to None
[2021-12-21 00:08:59,620] {scheduler_job.py:190} INFO - Processing /home/airflow/.local/lib/python3.8/site-packages/airflow/example_dags/example_python_operator.py took 0.157 seconds
[2021-12-21 00:09:29,849] {scheduler_job.py:182} INFO - Started process (PID=10465) to work on /home/airflow/.local/lib/python3.8/site-packages/airflow/example_dags/example_python_operator.py
[2021-12-21 00:09:29,853] {scheduler_job.py:633} INFO - Processing file /home/airflow/.local/lib/python3.8/site-packages/airflow/example_dags/example_python_operator.py for tasks to queue
[2021-12-21 00:09:29,857] {logging_mixin.py:104} INFO - [2021-12-21 00:09:29,856] {dagbag.py:496} INFO - Filling up the DagBag from /home/airflow/.local/lib/python3.8/site-packages/airflow/example_dags/example_python_operator.py
[2021-12-21 00:09:29,887] {scheduler_job.py:643} INFO - DAG(s) dict_keys(['example_python_operator']) retrieved from /home/airflow/.local/lib/python3.8/site-packages/airflow/example_dags/example_python_operator.py
[2021-12-21 00:09:29,958] {logging_mixin.py:104} INFO - [2021-12-21 00:09:29,957] {dag.py:1833} INFO - Sync 1 DAGs
[2021-12-21 00:09:29,978] {logging_mixin.py:104} INFO - [2021-12-21 00:09:29,977] {dag.py:2306} INFO - Setting next_dagrun for example_python_operator to None
[2021-12-21 00:09:30,000] {scheduler_job.py:190} INFO - Processing /home/airflow/.local/lib/python3.8/site-packages/airflow/example_dags/example_python_operator.py took 0.162 seconds
[2021-12-21 00:10:00,395] {scheduler_job.py:182} INFO - Started process (PID=10496) to work on /home/airflow/.local/lib/python3.8/site-packages/airflow/example_dags/example_python_operator.py
[2021-12-21 00:10:00,409] {scheduler_job.py:633} INFO - Processing file /home/airflow/.local/lib/python3.8/site-packages/airflow/example_dags/example_python_operator.py for tasks to queue
[2021-12-21 00:10:00,414] {logging_mixin.py:104} INFO - [2021-12-21 00:10:00,414] {dagbag.py:496} INFO - Filling up the DagBag from /home/airflow/.local/lib/python3.8/site-packages/airflow/example_dags/example_python_operator.py
[2021-12-21 00:10:00,441] {scheduler_job.py:643} INFO - DAG(s) dict_keys(['example_python_operator']) retrieved from /home/airflow/.local/lib/python3.8/site-packages/airflow/example_dags/example_python_operator.py
[2021-12-21 00:10:00,501] {logging_mixin.py:104} INFO - [2021-12-21 00:10:00,501] {dag.py:1833} INFO - Sync 1 DAGs
[2021-12-21 00:10:00,524] {logging_mixin.py:104} INFO - [2021-12-21 00:10:00,524] {dag.py:2306} INFO - Setting next_dagrun for example_python_operator to None
[2021-12-21 00:10:00,558] {scheduler_job.py:190} INFO - Processing /home/airflow/.local/lib/python3.8/site-packages/airflow/example_dags/example_python_operator.py took 0.172 seconds
[2021-12-21 00:10:30,835] {scheduler_job.py:182} INFO - Started process (PID=10527) to work on /home/airflow/.local/lib/python3.8/site-packages/airflow/example_dags/example_python_operator.py
[2021-12-21 00:10:30,840] {scheduler_job.py:633} INFO - Processing file /home/airflow/.local/lib/python3.8/site-packages/airflow/example_dags/example_python_operator.py for tasks to queue
[2021-12-21 00:10:30,842] {logging_mixin.py:104} INFO - [2021-12-21 00:10:30,842] {dagbag.py:496} INFO - Filling up the DagBag from /home/airflow/.local/lib/python3.8/site-packages/airflow/example_dags/example_python_operator.py
[2021-12-21 00:10:30,866] {scheduler_job.py:643} INFO - DAG(s) dict_keys(['example_python_operator']) retrieved from /home/airflow/.local/lib/python3.8/site-packages/airflow/example_dags/example_python_operator.py
[2021-12-21 00:10:30,938] {logging_mixin.py:104} INFO - [2021-12-21 00:10:30,937] {dag.py:1833} INFO - Sync 1 DAGs
[2021-12-21 00:10:30,959] {logging_mixin.py:104} INFO - [2021-12-21 00:10:30,958] {dag.py:2306} INFO - Setting next_dagrun for example_python_operator to None
[2021-12-21 00:10:30,980] {scheduler_job.py:190} INFO - Processing /home/airflow/.local/lib/python3.8/site-packages/airflow/example_dags/example_python_operator.py took 0.152 seconds
[2021-12-21 00:11:01,188] {scheduler_job.py:182} INFO - Started process (PID=10558) to work on /home/airflow/.local/lib/python3.8/site-packages/airflow/example_dags/example_python_operator.py
[2021-12-21 00:11:01,192] {scheduler_job.py:633} INFO - Processing file /home/airflow/.local/lib/python3.8/site-packages/airflow/example_dags/example_python_operator.py for tasks to queue
[2021-12-21 00:11:01,195] {logging_mixin.py:104} INFO - [2021-12-21 00:11:01,195] {dagbag.py:496} INFO - Filling up the DagBag from /home/airflow/.local/lib/python3.8/site-packages/airflow/example_dags/example_python_operator.py
[2021-12-21 00:11:01,215] {scheduler_job.py:643} INFO - DAG(s) dict_keys(['example_python_operator']) retrieved from /home/airflow/.local/lib/python3.8/site-packages/airflow/example_dags/example_python_operator.py
[2021-12-21 00:11:01,275] {logging_mixin.py:104} INFO - [2021-12-21 00:11:01,274] {dag.py:1833} INFO - Sync 1 DAGs
[2021-12-21 00:11:01,298] {logging_mixin.py:104} INFO - [2021-12-21 00:11:01,298] {dag.py:2306} INFO - Setting next_dagrun for example_python_operator to None
[2021-12-21 00:11:01,348] {scheduler_job.py:190} INFO - Processing /home/airflow/.local/lib/python3.8/site-packages/airflow/example_dags/example_python_operator.py took 0.167 seconds
[2021-12-21 00:11:31,421] {scheduler_job.py:182} INFO - Started process (PID=10589) to work on /home/airflow/.local/lib/python3.8/site-packages/airflow/example_dags/example_python_operator.py
[2021-12-21 00:11:31,425] {scheduler_job.py:633} INFO - Processing file /home/airflow/.local/lib/python3.8/site-packages/airflow/example_dags/example_python_operator.py for tasks to queue
[2021-12-21 00:11:31,427] {logging_mixin.py:104} INFO - [2021-12-21 00:11:31,427] {dagbag.py:496} INFO - Filling up the DagBag from /home/airflow/.local/lib/python3.8/site-packages/airflow/example_dags/example_python_operator.py
[2021-12-21 00:11:31,462] {scheduler_job.py:643} INFO - DAG(s) dict_keys(['example_python_operator']) retrieved from /home/airflow/.local/lib/python3.8/site-packages/airflow/example_dags/example_python_operator.py
[2021-12-21 00:11:31,536] {logging_mixin.py:104} INFO - [2021-12-21 00:11:31,536] {dag.py:1833} INFO - Sync 1 DAGs
[2021-12-21 00:11:31,572] {logging_mixin.py:104} INFO - [2021-12-21 00:11:31,571] {dag.py:2306} INFO - Setting next_dagrun for example_python_operator to None
[2021-12-21 00:11:31,617] {scheduler_job.py:190} INFO - Processing /home/airflow/.local/lib/python3.8/site-packages/airflow/example_dags/example_python_operator.py took 0.201 seconds
[2021-12-21 00:12:01,800] {scheduler_job.py:182} INFO - Started process (PID=10620) to work on /home/airflow/.local/lib/python3.8/site-packages/airflow/example_dags/example_python_operator.py
[2021-12-21 00:12:01,805] {scheduler_job.py:633} INFO - Processing file /home/airflow/.local/lib/python3.8/site-packages/airflow/example_dags/example_python_operator.py for tasks to queue
[2021-12-21 00:12:01,809] {logging_mixin.py:104} INFO - [2021-12-21 00:12:01,809] {dagbag.py:496} INFO - Filling up the DagBag from /home/airflow/.local/lib/python3.8/site-packages/airflow/example_dags/example_python_operator.py
[2021-12-21 00:12:01,857] {scheduler_job.py:643} INFO - DAG(s) dict_keys(['example_python_operator']) retrieved from /home/airflow/.local/lib/python3.8/site-packages/airflow/example_dags/example_python_operator.py
[2021-12-21 00:12:01,941] {logging_mixin.py:104} INFO - [2021-12-21 00:12:01,940] {dag.py:1833} INFO - Sync 1 DAGs
[2021-12-21 00:12:01,969] {logging_mixin.py:104} INFO - [2021-12-21 00:12:01,969] {dag.py:2306} INFO - Setting next_dagrun for example_python_operator to None
[2021-12-21 00:12:02,003] {scheduler_job.py:190} INFO - Processing /home/airflow/.local/lib/python3.8/site-packages/airflow/example_dags/example_python_operator.py took 0.208 seconds
[2021-12-21 00:12:32,483] {scheduler_job.py:182} INFO - Started process (PID=10651) to work on /home/airflow/.local/lib/python3.8/site-packages/airflow/example_dags/example_python_operator.py
[2021-12-21 00:12:32,495] {scheduler_job.py:633} INFO - Processing file /home/airflow/.local/lib/python3.8/site-packages/airflow/example_dags/example_python_operator.py for tasks to queue
[2021-12-21 00:12:32,499] {logging_mixin.py:104} INFO - [2021-12-21 00:12:32,499] {dagbag.py:496} INFO - Filling up the DagBag from /home/airflow/.local/lib/python3.8/site-packages/airflow/example_dags/example_python_operator.py
[2021-12-21 00:12:32,537] {scheduler_job.py:643} INFO - DAG(s) dict_keys(['example_python_operator']) retrieved from /home/airflow/.local/lib/python3.8/site-packages/airflow/example_dags/example_python_operator.py
[2021-12-21 00:12:32,610] {logging_mixin.py:104} INFO - [2021-12-21 00:12:32,610] {dag.py:1833} INFO - Sync 1 DAGs
[2021-12-21 00:12:32,639] {logging_mixin.py:104} INFO - [2021-12-21 00:12:32,639] {dag.py:2306} INFO - Setting next_dagrun for example_python_operator to None
[2021-12-21 00:12:32,668] {scheduler_job.py:190} INFO - Processing /home/airflow/.local/lib/python3.8/site-packages/airflow/example_dags/example_python_operator.py took 0.194 seconds
[2021-12-21 00:13:03,105] {scheduler_job.py:182} INFO - Started process (PID=10682) to work on /home/airflow/.local/lib/python3.8/site-packages/airflow/example_dags/example_python_operator.py
[2021-12-21 00:13:03,109] {scheduler_job.py:633} INFO - Processing file /home/airflow/.local/lib/python3.8/site-packages/airflow/example_dags/example_python_operator.py for tasks to queue
[2021-12-21 00:13:03,111] {logging_mixin.py:104} INFO - [2021-12-21 00:13:03,111] {dagbag.py:496} INFO - Filling up the DagBag from /home/airflow/.local/lib/python3.8/site-packages/airflow/example_dags/example_python_operator.py
[2021-12-21 00:13:03,137] {scheduler_job.py:643} INFO - DAG(s) dict_keys(['example_python_operator']) retrieved from /home/airflow/.local/lib/python3.8/site-packages/airflow/example_dags/example_python_operator.py
[2021-12-21 00:13:03,209] {logging_mixin.py:104} INFO - [2021-12-21 00:13:03,208] {dag.py:1833} INFO - Sync 1 DAGs
[2021-12-21 00:13:03,232] {logging_mixin.py:104} INFO - [2021-12-21 00:13:03,232] {dag.py:2306} INFO - Setting next_dagrun for example_python_operator to None
[2021-12-21 00:13:03,253] {scheduler_job.py:190} INFO - Processing /home/airflow/.local/lib/python3.8/site-packages/airflow/example_dags/example_python_operator.py took 0.165 seconds
[2021-12-21 00:13:34,013] {scheduler_job.py:182} INFO - Started process (PID=10713) to work on /home/airflow/.local/lib/python3.8/site-packages/airflow/example_dags/example_python_operator.py
[2021-12-21 00:13:34,031] {scheduler_job.py:633} INFO - Processing file /home/airflow/.local/lib/python3.8/site-packages/airflow/example_dags/example_python_operator.py for tasks to queue
[2021-12-21 00:13:34,041] {logging_mixin.py:104} INFO - [2021-12-21 00:13:34,041] {dagbag.py:496} INFO - Filling up the DagBag from /home/airflow/.local/lib/python3.8/site-packages/airflow/example_dags/example_python_operator.py
[2021-12-21 00:13:34,070] {scheduler_job.py:643} INFO - DAG(s) dict_keys(['example_python_operator']) retrieved from /home/airflow/.local/lib/python3.8/site-packages/airflow/example_dags/example_python_operator.py
[2021-12-21 00:13:34,157] {logging_mixin.py:104} INFO - [2021-12-21 00:13:34,157] {dag.py:1833} INFO - Sync 1 DAGs
[2021-12-21 00:13:34,194] {logging_mixin.py:104} INFO - [2021-12-21 00:13:34,194] {dag.py:2306} INFO - Setting next_dagrun for example_python_operator to None
[2021-12-21 00:13:34,243] {scheduler_job.py:190} INFO - Processing /home/airflow/.local/lib/python3.8/site-packages/airflow/example_dags/example_python_operator.py took 0.234 seconds
[2021-12-21 00:14:04,934] {scheduler_job.py:182} INFO - Started process (PID=10744) to work on /home/airflow/.local/lib/python3.8/site-packages/airflow/example_dags/example_python_operator.py
[2021-12-21 00:14:04,938] {scheduler_job.py:633} INFO - Processing file /home/airflow/.local/lib/python3.8/site-packages/airflow/example_dags/example_python_operator.py for tasks to queue
[2021-12-21 00:14:04,943] {logging_mixin.py:104} INFO - [2021-12-21 00:14:04,942] {dagbag.py:496} INFO - Filling up the DagBag from /home/airflow/.local/lib/python3.8/site-packages/airflow/example_dags/example_python_operator.py
[2021-12-21 00:14:04,978] {scheduler_job.py:643} INFO - DAG(s) dict_keys(['example_python_operator']) retrieved from /home/airflow/.local/lib/python3.8/site-packages/airflow/example_dags/example_python_operator.py
[2021-12-21 00:14:05,041] {logging_mixin.py:104} INFO - [2021-12-21 00:14:05,041] {dag.py:1833} INFO - Sync 1 DAGs
[2021-12-21 00:14:05,075] {logging_mixin.py:104} INFO - [2021-12-21 00:14:05,075] {dag.py:2306} INFO - Setting next_dagrun for example_python_operator to None
[2021-12-21 00:14:05,110] {scheduler_job.py:190} INFO - Processing /home/airflow/.local/lib/python3.8/site-packages/airflow/example_dags/example_python_operator.py took 0.182 seconds
[2021-12-21 00:14:35,311] {scheduler_job.py:182} INFO - Started process (PID=10775) to work on /home/airflow/.local/lib/python3.8/site-packages/airflow/example_dags/example_python_operator.py
[2021-12-21 00:14:35,318] {scheduler_job.py:633} INFO - Processing file /home/airflow/.local/lib/python3.8/site-packages/airflow/example_dags/example_python_operator.py for tasks to queue
[2021-12-21 00:14:35,321] {logging_mixin.py:104} INFO - [2021-12-21 00:14:35,321] {dagbag.py:496} INFO - Filling up the DagBag from /home/airflow/.local/lib/python3.8/site-packages/airflow/example_dags/example_python_operator.py
[2021-12-21 00:14:35,359] {scheduler_job.py:643} INFO - DAG(s) dict_keys(['example_python_operator']) retrieved from /home/airflow/.local/lib/python3.8/site-packages/airflow/example_dags/example_python_operator.py
[2021-12-21 00:14:35,414] {logging_mixin.py:104} INFO - [2021-12-21 00:14:35,414] {dag.py:1833} INFO - Sync 1 DAGs
[2021-12-21 00:14:35,443] {logging_mixin.py:104} INFO - [2021-12-21 00:14:35,442] {dag.py:2306} INFO - Setting next_dagrun for example_python_operator to None
[2021-12-21 00:14:35,473] {scheduler_job.py:190} INFO - Processing /home/airflow/.local/lib/python3.8/site-packages/airflow/example_dags/example_python_operator.py took 0.177 seconds
[2021-12-21 00:15:05,695] {scheduler_job.py:182} INFO - Started process (PID=10806) to work on /home/airflow/.local/lib/python3.8/site-packages/airflow/example_dags/example_python_operator.py
[2021-12-21 00:15:05,701] {scheduler_job.py:633} INFO - Processing file /home/airflow/.local/lib/python3.8/site-packages/airflow/example_dags/example_python_operator.py for tasks to queue
[2021-12-21 00:15:05,705] {logging_mixin.py:104} INFO - [2021-12-21 00:15:05,705] {dagbag.py:496} INFO - Filling up the DagBag from /home/airflow/.local/lib/python3.8/site-packages/airflow/example_dags/example_python_operator.py
[2021-12-21 00:15:05,738] {scheduler_job.py:643} INFO - DAG(s) dict_keys(['example_python_operator']) retrieved from /home/airflow/.local/lib/python3.8/site-packages/airflow/example_dags/example_python_operator.py
[2021-12-21 00:15:05,799] {logging_mixin.py:104} INFO - [2021-12-21 00:15:05,799] {dag.py:1833} INFO - Sync 1 DAGs
[2021-12-21 00:15:05,831] {logging_mixin.py:104} INFO - [2021-12-21 00:15:05,830] {dag.py:2306} INFO - Setting next_dagrun for example_python_operator to None
[2021-12-21 00:15:05,860] {scheduler_job.py:190} INFO - Processing /home/airflow/.local/lib/python3.8/site-packages/airflow/example_dags/example_python_operator.py took 0.189 seconds
[2021-12-21 00:15:35,977] {scheduler_job.py:182} INFO - Started process (PID=10837) to work on /home/airflow/.local/lib/python3.8/site-packages/airflow/example_dags/example_python_operator.py
[2021-12-21 00:15:35,981] {scheduler_job.py:633} INFO - Processing file /home/airflow/.local/lib/python3.8/site-packages/airflow/example_dags/example_python_operator.py for tasks to queue
[2021-12-21 00:15:35,984] {logging_mixin.py:104} INFO - [2021-12-21 00:15:35,984] {dagbag.py:496} INFO - Filling up the DagBag from /home/airflow/.local/lib/python3.8/site-packages/airflow/example_dags/example_python_operator.py
[2021-12-21 00:15:36,011] {scheduler_job.py:643} INFO - DAG(s) dict_keys(['example_python_operator']) retrieved from /home/airflow/.local/lib/python3.8/site-packages/airflow/example_dags/example_python_operator.py
[2021-12-21 00:15:36,070] {logging_mixin.py:104} INFO - [2021-12-21 00:15:36,070] {dag.py:1833} INFO - Sync 1 DAGs
[2021-12-21 00:15:36,094] {logging_mixin.py:104} INFO - [2021-12-21 00:15:36,094] {dag.py:2306} INFO - Setting next_dagrun for example_python_operator to None
[2021-12-21 00:15:36,113] {scheduler_job.py:190} INFO - Processing /home/airflow/.local/lib/python3.8/site-packages/airflow/example_dags/example_python_operator.py took 0.141 seconds
[2021-12-21 00:16:06,422] {scheduler_job.py:182} INFO - Started process (PID=10868) to work on /home/airflow/.local/lib/python3.8/site-packages/airflow/example_dags/example_python_operator.py
[2021-12-21 00:16:06,426] {scheduler_job.py:633} INFO - Processing file /home/airflow/.local/lib/python3.8/site-packages/airflow/example_dags/example_python_operator.py for tasks to queue
[2021-12-21 00:16:06,429] {logging_mixin.py:104} INFO - [2021-12-21 00:16:06,428] {dagbag.py:496} INFO - Filling up the DagBag from /home/airflow/.local/lib/python3.8/site-packages/airflow/example_dags/example_python_operator.py
[2021-12-21 00:16:06,450] {scheduler_job.py:643} INFO - DAG(s) dict_keys(['example_python_operator']) retrieved from /home/airflow/.local/lib/python3.8/site-packages/airflow/example_dags/example_python_operator.py
[2021-12-21 00:16:06,510] {logging_mixin.py:104} INFO - [2021-12-21 00:16:06,510] {dag.py:1833} INFO - Sync 1 DAGs
[2021-12-21 00:16:06,545] {logging_mixin.py:104} INFO - [2021-12-21 00:16:06,545] {dag.py:2306} INFO - Setting next_dagrun for example_python_operator to None
[2021-12-21 00:16:06,579] {scheduler_job.py:190} INFO - Processing /home/airflow/.local/lib/python3.8/site-packages/airflow/example_dags/example_python_operator.py took 0.163 seconds
[2021-12-21 00:16:36,655] {scheduler_job.py:182} INFO - Started process (PID=10899) to work on /home/airflow/.local/lib/python3.8/site-packages/airflow/example_dags/example_python_operator.py
[2021-12-21 00:16:36,665] {scheduler_job.py:633} INFO - Processing file /home/airflow/.local/lib/python3.8/site-packages/airflow/example_dags/example_python_operator.py for tasks to queue
[2021-12-21 00:16:36,669] {logging_mixin.py:104} INFO - [2021-12-21 00:16:36,668] {dagbag.py:496} INFO - Filling up the DagBag from /home/airflow/.local/lib/python3.8/site-packages/airflow/example_dags/example_python_operator.py
[2021-12-21 00:16:36,692] {scheduler_job.py:643} INFO - DAG(s) dict_keys(['example_python_operator']) retrieved from /home/airflow/.local/lib/python3.8/site-packages/airflow/example_dags/example_python_operator.py
[2021-12-21 00:16:36,750] {logging_mixin.py:104} INFO - [2021-12-21 00:16:36,750] {dag.py:1833} INFO - Sync 1 DAGs
[2021-12-21 00:16:36,768] {logging_mixin.py:104} INFO - [2021-12-21 00:16:36,768] {dag.py:2306} INFO - Setting next_dagrun for example_python_operator to None
[2021-12-21 00:16:36,796] {scheduler_job.py:190} INFO - Processing /home/airflow/.local/lib/python3.8/site-packages/airflow/example_dags/example_python_operator.py took 0.147 seconds
[2021-12-21 00:17:07,298] {scheduler_job.py:182} INFO - Started process (PID=10930) to work on /home/airflow/.local/lib/python3.8/site-packages/airflow/example_dags/example_python_operator.py
[2021-12-21 00:17:07,301] {scheduler_job.py:633} INFO - Processing file /home/airflow/.local/lib/python3.8/site-packages/airflow/example_dags/example_python_operator.py for tasks to queue
[2021-12-21 00:17:07,304] {logging_mixin.py:104} INFO - [2021-12-21 00:17:07,303] {dagbag.py:496} INFO - Filling up the DagBag from /home/airflow/.local/lib/python3.8/site-packages/airflow/example_dags/example_python_operator.py
[2021-12-21 00:17:07,326] {scheduler_job.py:643} INFO - DAG(s) dict_keys(['example_python_operator']) retrieved from /home/airflow/.local/lib/python3.8/site-packages/airflow/example_dags/example_python_operator.py
[2021-12-21 00:17:07,388] {logging_mixin.py:104} INFO - [2021-12-21 00:17:07,388] {dag.py:1833} INFO - Sync 1 DAGs
[2021-12-21 00:17:07,419] {logging_mixin.py:104} INFO - [2021-12-21 00:17:07,419] {dag.py:2306} INFO - Setting next_dagrun for example_python_operator to None
[2021-12-21 00:17:07,448] {scheduler_job.py:190} INFO - Processing /home/airflow/.local/lib/python3.8/site-packages/airflow/example_dags/example_python_operator.py took 0.162 seconds
[2021-12-21 00:17:37,706] {scheduler_job.py:182} INFO - Started process (PID=10961) to work on /home/airflow/.local/lib/python3.8/site-packages/airflow/example_dags/example_python_operator.py
[2021-12-21 00:17:37,710] {scheduler_job.py:633} INFO - Processing file /home/airflow/.local/lib/python3.8/site-packages/airflow/example_dags/example_python_operator.py for tasks to queue
[2021-12-21 00:17:37,712] {logging_mixin.py:104} INFO - [2021-12-21 00:17:37,712] {dagbag.py:496} INFO - Filling up the DagBag from /home/airflow/.local/lib/python3.8/site-packages/airflow/example_dags/example_python_operator.py
[2021-12-21 00:17:37,736] {scheduler_job.py:643} INFO - DAG(s) dict_keys(['example_python_operator']) retrieved from /home/airflow/.local/lib/python3.8/site-packages/airflow/example_dags/example_python_operator.py
[2021-12-21 00:17:37,787] {logging_mixin.py:104} INFO - [2021-12-21 00:17:37,787] {dag.py:1833} INFO - Sync 1 DAGs
[2021-12-21 00:17:37,806] {logging_mixin.py:104} INFO - [2021-12-21 00:17:37,805] {dag.py:2306} INFO - Setting next_dagrun for example_python_operator to None
[2021-12-21 00:17:37,827] {scheduler_job.py:190} INFO - Processing /home/airflow/.local/lib/python3.8/site-packages/airflow/example_dags/example_python_operator.py took 0.126 seconds
[2021-12-21 00:18:08,548] {scheduler_job.py:182} INFO - Started process (PID=10992) to work on /home/airflow/.local/lib/python3.8/site-packages/airflow/example_dags/example_python_operator.py
[2021-12-21 00:18:08,554] {scheduler_job.py:633} INFO - Processing file /home/airflow/.local/lib/python3.8/site-packages/airflow/example_dags/example_python_operator.py for tasks to queue
[2021-12-21 00:18:08,562] {logging_mixin.py:104} INFO - [2021-12-21 00:18:08,562] {dagbag.py:496} INFO - Filling up the DagBag from /home/airflow/.local/lib/python3.8/site-packages/airflow/example_dags/example_python_operator.py
[2021-12-21 00:18:08,619] {scheduler_job.py:643} INFO - DAG(s) dict_keys(['example_python_operator']) retrieved from /home/airflow/.local/lib/python3.8/site-packages/airflow/example_dags/example_python_operator.py
[2021-12-21 00:18:08,925] {logging_mixin.py:104} INFO - [2021-12-21 00:18:08,925] {dag.py:1833} INFO - Sync 1 DAGs
[2021-12-21 00:18:09,000] {logging_mixin.py:104} INFO - [2021-12-21 00:18:08,999] {dag.py:2306} INFO - Setting next_dagrun for example_python_operator to None
[2021-12-21 00:18:09,082] {scheduler_job.py:190} INFO - Processing /home/airflow/.local/lib/python3.8/site-packages/airflow/example_dags/example_python_operator.py took 0.546 seconds
[2021-12-21 00:18:39,254] {scheduler_job.py:182} INFO - Started process (PID=11023) to work on /home/airflow/.local/lib/python3.8/site-packages/airflow/example_dags/example_python_operator.py
[2021-12-21 00:18:39,258] {scheduler_job.py:633} INFO - Processing file /home/airflow/.local/lib/python3.8/site-packages/airflow/example_dags/example_python_operator.py for tasks to queue
[2021-12-21 00:18:39,262] {logging_mixin.py:104} INFO - [2021-12-21 00:18:39,262] {dagbag.py:496} INFO - Filling up the DagBag from /home/airflow/.local/lib/python3.8/site-packages/airflow/example_dags/example_python_operator.py
[2021-12-21 00:18:39,308] {scheduler_job.py:643} INFO - DAG(s) dict_keys(['example_python_operator']) retrieved from /home/airflow/.local/lib/python3.8/site-packages/airflow/example_dags/example_python_operator.py
[2021-12-21 00:18:39,358] {logging_mixin.py:104} INFO - [2021-12-21 00:18:39,358] {dag.py:1833} INFO - Sync 1 DAGs
[2021-12-21 00:18:39,381] {logging_mixin.py:104} INFO - [2021-12-21 00:18:39,381] {dag.py:2306} INFO - Setting next_dagrun for example_python_operator to None
[2021-12-21 00:18:39,412] {scheduler_job.py:190} INFO - Processing /home/airflow/.local/lib/python3.8/site-packages/airflow/example_dags/example_python_operator.py took 0.164 seconds
[2021-12-21 00:19:09,897] {scheduler_job.py:182} INFO - Started process (PID=11054) to work on /home/airflow/.local/lib/python3.8/site-packages/airflow/example_dags/example_python_operator.py
[2021-12-21 00:19:09,903] {scheduler_job.py:633} INFO - Processing file /home/airflow/.local/lib/python3.8/site-packages/airflow/example_dags/example_python_operator.py for tasks to queue
[2021-12-21 00:19:09,908] {logging_mixin.py:104} INFO - [2021-12-21 00:19:09,908] {dagbag.py:496} INFO - Filling up the DagBag from /home/airflow/.local/lib/python3.8/site-packages/airflow/example_dags/example_python_operator.py
[2021-12-21 00:19:09,940] {scheduler_job.py:643} INFO - DAG(s) dict_keys(['example_python_operator']) retrieved from /home/airflow/.local/lib/python3.8/site-packages/airflow/example_dags/example_python_operator.py
[2021-12-21 00:19:10,040] {logging_mixin.py:104} INFO - [2021-12-21 00:19:10,040] {dag.py:1833} INFO - Sync 1 DAGs
[2021-12-21 00:19:10,084] {logging_mixin.py:104} INFO - [2021-12-21 00:19:10,084] {dag.py:2306} INFO - Setting next_dagrun for example_python_operator to None
[2021-12-21 00:19:10,156] {scheduler_job.py:190} INFO - Processing /home/airflow/.local/lib/python3.8/site-packages/airflow/example_dags/example_python_operator.py took 0.268 seconds
[2021-12-21 00:19:40,688] {scheduler_job.py:182} INFO - Started process (PID=11085) to work on /home/airflow/.local/lib/python3.8/site-packages/airflow/example_dags/example_python_operator.py
[2021-12-21 00:19:40,702] {scheduler_job.py:633} INFO - Processing file /home/airflow/.local/lib/python3.8/site-packages/airflow/example_dags/example_python_operator.py for tasks to queue
[2021-12-21 00:19:40,716] {logging_mixin.py:104} INFO - [2021-12-21 00:19:40,716] {dagbag.py:496} INFO - Filling up the DagBag from /home/airflow/.local/lib/python3.8/site-packages/airflow/example_dags/example_python_operator.py
[2021-12-21 00:19:40,792] {scheduler_job.py:643} INFO - DAG(s) dict_keys(['example_python_operator']) retrieved from /home/airflow/.local/lib/python3.8/site-packages/airflow/example_dags/example_python_operator.py
[2021-12-21 00:19:40,898] {logging_mixin.py:104} INFO - [2021-12-21 00:19:40,898] {dag.py:1833} INFO - Sync 1 DAGs
[2021-12-21 00:19:40,945] {logging_mixin.py:104} INFO - [2021-12-21 00:19:40,945] {dag.py:2306} INFO - Setting next_dagrun for example_python_operator to None
[2021-12-21 00:19:40,984] {scheduler_job.py:190} INFO - Processing /home/airflow/.local/lib/python3.8/site-packages/airflow/example_dags/example_python_operator.py took 0.301 seconds
[2021-12-21 00:20:11,630] {scheduler_job.py:182} INFO - Started process (PID=11116) to work on /home/airflow/.local/lib/python3.8/site-packages/airflow/example_dags/example_python_operator.py
[2021-12-21 00:20:11,635] {scheduler_job.py:633} INFO - Processing file /home/airflow/.local/lib/python3.8/site-packages/airflow/example_dags/example_python_operator.py for tasks to queue
[2021-12-21 00:20:11,637] {logging_mixin.py:104} INFO - [2021-12-21 00:20:11,637] {dagbag.py:496} INFO - Filling up the DagBag from /home/airflow/.local/lib/python3.8/site-packages/airflow/example_dags/example_python_operator.py
[2021-12-21 00:20:11,662] {scheduler_job.py:643} INFO - DAG(s) dict_keys(['example_python_operator']) retrieved from /home/airflow/.local/lib/python3.8/site-packages/airflow/example_dags/example_python_operator.py
[2021-12-21 00:20:11,716] {logging_mixin.py:104} INFO - [2021-12-21 00:20:11,716] {dag.py:1833} INFO - Sync 1 DAGs
[2021-12-21 00:20:11,738] {logging_mixin.py:104} INFO - [2021-12-21 00:20:11,738] {dag.py:2306} INFO - Setting next_dagrun for example_python_operator to None
[2021-12-21 00:20:11,761] {scheduler_job.py:190} INFO - Processing /home/airflow/.local/lib/python3.8/site-packages/airflow/example_dags/example_python_operator.py took 0.139 seconds
[2021-12-21 00:20:41,850] {scheduler_job.py:182} INFO - Started process (PID=11146) to work on /home/airflow/.local/lib/python3.8/site-packages/airflow/example_dags/example_python_operator.py
[2021-12-21 00:20:41,854] {scheduler_job.py:633} INFO - Processing file /home/airflow/.local/lib/python3.8/site-packages/airflow/example_dags/example_python_operator.py for tasks to queue
[2021-12-21 00:20:41,856] {logging_mixin.py:104} INFO - [2021-12-21 00:20:41,856] {dagbag.py:496} INFO - Filling up the DagBag from /home/airflow/.local/lib/python3.8/site-packages/airflow/example_dags/example_python_operator.py
[2021-12-21 00:20:41,875] {scheduler_job.py:643} INFO - DAG(s) dict_keys(['example_python_operator']) retrieved from /home/airflow/.local/lib/python3.8/site-packages/airflow/example_dags/example_python_operator.py
[2021-12-21 00:20:41,923] {logging_mixin.py:104} INFO - [2021-12-21 00:20:41,923] {dag.py:1833} INFO - Sync 1 DAGs
[2021-12-21 00:20:41,942] {logging_mixin.py:104} INFO - [2021-12-21 00:20:41,941] {dag.py:2306} INFO - Setting next_dagrun for example_python_operator to None
[2021-12-21 00:20:41,965] {scheduler_job.py:190} INFO - Processing /home/airflow/.local/lib/python3.8/site-packages/airflow/example_dags/example_python_operator.py took 0.125 seconds
[2021-12-21 00:21:12,325] {scheduler_job.py:182} INFO - Started process (PID=11176) to work on /home/airflow/.local/lib/python3.8/site-packages/airflow/example_dags/example_python_operator.py
[2021-12-21 00:21:12,330] {scheduler_job.py:633} INFO - Processing file /home/airflow/.local/lib/python3.8/site-packages/airflow/example_dags/example_python_operator.py for tasks to queue
[2021-12-21 00:21:12,333] {logging_mixin.py:104} INFO - [2021-12-21 00:21:12,332] {dagbag.py:496} INFO - Filling up the DagBag from /home/airflow/.local/lib/python3.8/site-packages/airflow/example_dags/example_python_operator.py
[2021-12-21 00:21:12,353] {scheduler_job.py:643} INFO - DAG(s) dict_keys(['example_python_operator']) retrieved from /home/airflow/.local/lib/python3.8/site-packages/airflow/example_dags/example_python_operator.py
[2021-12-21 00:21:12,414] {logging_mixin.py:104} INFO - [2021-12-21 00:21:12,414] {dag.py:1833} INFO - Sync 1 DAGs
[2021-12-21 00:21:12,436] {logging_mixin.py:104} INFO - [2021-12-21 00:21:12,436] {dag.py:2306} INFO - Setting next_dagrun for example_python_operator to None
[2021-12-21 00:21:12,457] {scheduler_job.py:190} INFO - Processing /home/airflow/.local/lib/python3.8/site-packages/airflow/example_dags/example_python_operator.py took 0.138 seconds
[2021-12-21 00:21:43,502] {scheduler_job.py:182} INFO - Started process (PID=11207) to work on /home/airflow/.local/lib/python3.8/site-packages/airflow/example_dags/example_python_operator.py
[2021-12-21 00:21:43,506] {scheduler_job.py:633} INFO - Processing file /home/airflow/.local/lib/python3.8/site-packages/airflow/example_dags/example_python_operator.py for tasks to queue
[2021-12-21 00:21:43,508] {logging_mixin.py:104} INFO - [2021-12-21 00:21:43,508] {dagbag.py:496} INFO - Filling up the DagBag from /home/airflow/.local/lib/python3.8/site-packages/airflow/example_dags/example_python_operator.py
[2021-12-21 00:21:43,529] {scheduler_job.py:643} INFO - DAG(s) dict_keys(['example_python_operator']) retrieved from /home/airflow/.local/lib/python3.8/site-packages/airflow/example_dags/example_python_operator.py
[2021-12-21 00:21:43,591] {logging_mixin.py:104} INFO - [2021-12-21 00:21:43,591] {dag.py:1833} INFO - Sync 1 DAGs
[2021-12-21 00:21:43,611] {logging_mixin.py:104} INFO - [2021-12-21 00:21:43,611] {dag.py:2306} INFO - Setting next_dagrun for example_python_operator to None
[2021-12-21 00:21:43,632] {scheduler_job.py:190} INFO - Processing /home/airflow/.local/lib/python3.8/site-packages/airflow/example_dags/example_python_operator.py took 0.135 seconds
[2021-12-21 00:22:14,483] {scheduler_job.py:182} INFO - Started process (PID=11238) to work on /home/airflow/.local/lib/python3.8/site-packages/airflow/example_dags/example_python_operator.py
[2021-12-21 00:22:14,488] {scheduler_job.py:633} INFO - Processing file /home/airflow/.local/lib/python3.8/site-packages/airflow/example_dags/example_python_operator.py for tasks to queue
[2021-12-21 00:22:14,494] {logging_mixin.py:104} INFO - [2021-12-21 00:22:14,494] {dagbag.py:496} INFO - Filling up the DagBag from /home/airflow/.local/lib/python3.8/site-packages/airflow/example_dags/example_python_operator.py
[2021-12-21 00:22:14,514] {scheduler_job.py:643} INFO - DAG(s) dict_keys(['example_python_operator']) retrieved from /home/airflow/.local/lib/python3.8/site-packages/airflow/example_dags/example_python_operator.py
[2021-12-21 00:22:14,563] {logging_mixin.py:104} INFO - [2021-12-21 00:22:14,563] {dag.py:1833} INFO - Sync 1 DAGs
[2021-12-21 00:22:14,580] {logging_mixin.py:104} INFO - [2021-12-21 00:22:14,579] {dag.py:2306} INFO - Setting next_dagrun for example_python_operator to None
[2021-12-21 00:22:14,599] {scheduler_job.py:190} INFO - Processing /home/airflow/.local/lib/python3.8/site-packages/airflow/example_dags/example_python_operator.py took 0.122 seconds
[2021-12-21 00:22:44,842] {scheduler_job.py:182} INFO - Started process (PID=11269) to work on /home/airflow/.local/lib/python3.8/site-packages/airflow/example_dags/example_python_operator.py
[2021-12-21 00:22:44,851] {scheduler_job.py:633} INFO - Processing file /home/airflow/.local/lib/python3.8/site-packages/airflow/example_dags/example_python_operator.py for tasks to queue
[2021-12-21 00:22:44,858] {logging_mixin.py:104} INFO - [2021-12-21 00:22:44,857] {dagbag.py:496} INFO - Filling up the DagBag from /home/airflow/.local/lib/python3.8/site-packages/airflow/example_dags/example_python_operator.py
[2021-12-21 00:22:44,907] {scheduler_job.py:643} INFO - DAG(s) dict_keys(['example_python_operator']) retrieved from /home/airflow/.local/lib/python3.8/site-packages/airflow/example_dags/example_python_operator.py
[2021-12-21 00:22:44,992] {logging_mixin.py:104} INFO - [2021-12-21 00:22:44,991] {dag.py:1833} INFO - Sync 1 DAGs
[2021-12-21 00:22:45,019] {logging_mixin.py:104} INFO - [2021-12-21 00:22:45,019] {dag.py:2306} INFO - Setting next_dagrun for example_python_operator to None
[2021-12-21 00:22:45,051] {scheduler_job.py:190} INFO - Processing /home/airflow/.local/lib/python3.8/site-packages/airflow/example_dags/example_python_operator.py took 0.220 seconds
[2021-12-21 00:23:15,212] {scheduler_job.py:182} INFO - Started process (PID=11300) to work on /home/airflow/.local/lib/python3.8/site-packages/airflow/example_dags/example_python_operator.py
[2021-12-21 00:23:15,216] {scheduler_job.py:633} INFO - Processing file /home/airflow/.local/lib/python3.8/site-packages/airflow/example_dags/example_python_operator.py for tasks to queue
[2021-12-21 00:23:15,219] {logging_mixin.py:104} INFO - [2021-12-21 00:23:15,218] {dagbag.py:496} INFO - Filling up the DagBag from /home/airflow/.local/lib/python3.8/site-packages/airflow/example_dags/example_python_operator.py
[2021-12-21 00:23:15,238] {scheduler_job.py:643} INFO - DAG(s) dict_keys(['example_python_operator']) retrieved from /home/airflow/.local/lib/python3.8/site-packages/airflow/example_dags/example_python_operator.py
[2021-12-21 00:23:15,290] {logging_mixin.py:104} INFO - [2021-12-21 00:23:15,290] {dag.py:1833} INFO - Sync 1 DAGs
[2021-12-21 00:23:15,308] {logging_mixin.py:104} INFO - [2021-12-21 00:23:15,307] {dag.py:2306} INFO - Setting next_dagrun for example_python_operator to None
[2021-12-21 00:23:15,333] {scheduler_job.py:190} INFO - Processing /home/airflow/.local/lib/python3.8/site-packages/airflow/example_dags/example_python_operator.py took 0.125 seconds
[2021-12-21 00:23:46,030] {scheduler_job.py:182} INFO - Started process (PID=11331) to work on /home/airflow/.local/lib/python3.8/site-packages/airflow/example_dags/example_python_operator.py
[2021-12-21 00:23:46,035] {scheduler_job.py:633} INFO - Processing file /home/airflow/.local/lib/python3.8/site-packages/airflow/example_dags/example_python_operator.py for tasks to queue
[2021-12-21 00:23:46,038] {logging_mixin.py:104} INFO - [2021-12-21 00:23:46,038] {dagbag.py:496} INFO - Filling up the DagBag from /home/airflow/.local/lib/python3.8/site-packages/airflow/example_dags/example_python_operator.py
[2021-12-21 00:23:46,083] {scheduler_job.py:643} INFO - DAG(s) dict_keys(['example_python_operator']) retrieved from /home/airflow/.local/lib/python3.8/site-packages/airflow/example_dags/example_python_operator.py
[2021-12-21 00:23:46,152] {logging_mixin.py:104} INFO - [2021-12-21 00:23:46,152] {dag.py:1833} INFO - Sync 1 DAGs
[2021-12-21 00:23:46,183] {logging_mixin.py:104} INFO - [2021-12-21 00:23:46,183] {dag.py:2306} INFO - Setting next_dagrun for example_python_operator to None
[2021-12-21 00:23:46,215] {scheduler_job.py:190} INFO - Processing /home/airflow/.local/lib/python3.8/site-packages/airflow/example_dags/example_python_operator.py took 0.192 seconds
[2021-12-21 00:24:16,346] {scheduler_job.py:182} INFO - Started process (PID=11362) to work on /home/airflow/.local/lib/python3.8/site-packages/airflow/example_dags/example_python_operator.py
[2021-12-21 00:24:16,353] {scheduler_job.py:633} INFO - Processing file /home/airflow/.local/lib/python3.8/site-packages/airflow/example_dags/example_python_operator.py for tasks to queue
[2021-12-21 00:24:16,355] {logging_mixin.py:104} INFO - [2021-12-21 00:24:16,355] {dagbag.py:496} INFO - Filling up the DagBag from /home/airflow/.local/lib/python3.8/site-packages/airflow/example_dags/example_python_operator.py
[2021-12-21 00:24:16,378] {scheduler_job.py:643} INFO - DAG(s) dict_keys(['example_python_operator']) retrieved from /home/airflow/.local/lib/python3.8/site-packages/airflow/example_dags/example_python_operator.py
[2021-12-21 00:24:16,441] {logging_mixin.py:104} INFO - [2021-12-21 00:24:16,441] {dag.py:1833} INFO - Sync 1 DAGs
[2021-12-21 00:24:16,460] {logging_mixin.py:104} INFO - [2021-12-21 00:24:16,459] {dag.py:2306} INFO - Setting next_dagrun for example_python_operator to None
[2021-12-21 00:24:16,487] {scheduler_job.py:190} INFO - Processing /home/airflow/.local/lib/python3.8/site-packages/airflow/example_dags/example_python_operator.py took 0.146 seconds
[2021-12-21 00:24:46,866] {scheduler_job.py:182} INFO - Started process (PID=11393) to work on /home/airflow/.local/lib/python3.8/site-packages/airflow/example_dags/example_python_operator.py
[2021-12-21 00:24:46,875] {scheduler_job.py:633} INFO - Processing file /home/airflow/.local/lib/python3.8/site-packages/airflow/example_dags/example_python_operator.py for tasks to queue
[2021-12-21 00:24:46,880] {logging_mixin.py:104} INFO - [2021-12-21 00:24:46,880] {dagbag.py:496} INFO - Filling up the DagBag from /home/airflow/.local/lib/python3.8/site-packages/airflow/example_dags/example_python_operator.py
[2021-12-21 00:24:46,938] {scheduler_job.py:643} INFO - DAG(s) dict_keys(['example_python_operator']) retrieved from /home/airflow/.local/lib/python3.8/site-packages/airflow/example_dags/example_python_operator.py
[2021-12-21 00:24:46,997] {logging_mixin.py:104} INFO - [2021-12-21 00:24:46,997] {dag.py:1833} INFO - Sync 1 DAGs
[2021-12-21 00:24:47,023] {logging_mixin.py:104} INFO - [2021-12-21 00:24:47,022] {dag.py:2306} INFO - Setting next_dagrun for example_python_operator to None
[2021-12-21 00:24:47,059] {scheduler_job.py:190} INFO - Processing /home/airflow/.local/lib/python3.8/site-packages/airflow/example_dags/example_python_operator.py took 0.209 seconds
[2021-12-21 00:25:17,288] {scheduler_job.py:182} INFO - Started process (PID=11424) to work on /home/airflow/.local/lib/python3.8/site-packages/airflow/example_dags/example_python_operator.py
[2021-12-21 00:25:17,301] {scheduler_job.py:633} INFO - Processing file /home/airflow/.local/lib/python3.8/site-packages/airflow/example_dags/example_python_operator.py for tasks to queue
[2021-12-21 00:25:17,305] {logging_mixin.py:104} INFO - [2021-12-21 00:25:17,305] {dagbag.py:496} INFO - Filling up the DagBag from /home/airflow/.local/lib/python3.8/site-packages/airflow/example_dags/example_python_operator.py
[2021-12-21 00:25:17,345] {scheduler_job.py:643} INFO - DAG(s) dict_keys(['example_python_operator']) retrieved from /home/airflow/.local/lib/python3.8/site-packages/airflow/example_dags/example_python_operator.py
[2021-12-21 00:25:17,409] {logging_mixin.py:104} INFO - [2021-12-21 00:25:17,408] {dag.py:1833} INFO - Sync 1 DAGs
[2021-12-21 00:25:17,445] {logging_mixin.py:104} INFO - [2021-12-21 00:25:17,445] {dag.py:2306} INFO - Setting next_dagrun for example_python_operator to None
[2021-12-21 00:25:17,483] {scheduler_job.py:190} INFO - Processing /home/airflow/.local/lib/python3.8/site-packages/airflow/example_dags/example_python_operator.py took 0.206 seconds
[2021-12-21 00:25:47,632] {scheduler_job.py:182} INFO - Started process (PID=11455) to work on /home/airflow/.local/lib/python3.8/site-packages/airflow/example_dags/example_python_operator.py
[2021-12-21 00:25:47,636] {scheduler_job.py:633} INFO - Processing file /home/airflow/.local/lib/python3.8/site-packages/airflow/example_dags/example_python_operator.py for tasks to queue
[2021-12-21 00:25:47,640] {logging_mixin.py:104} INFO - [2021-12-21 00:25:47,639] {dagbag.py:496} INFO - Filling up the DagBag from /home/airflow/.local/lib/python3.8/site-packages/airflow/example_dags/example_python_operator.py
[2021-12-21 00:25:47,674] {scheduler_job.py:643} INFO - DAG(s) dict_keys(['example_python_operator']) retrieved from /home/airflow/.local/lib/python3.8/site-packages/airflow/example_dags/example_python_operator.py
[2021-12-21 00:25:47,731] {logging_mixin.py:104} INFO - [2021-12-21 00:25:47,731] {dag.py:1833} INFO - Sync 1 DAGs
[2021-12-21 00:25:47,778] {logging_mixin.py:104} INFO - [2021-12-21 00:25:47,778] {dag.py:2306} INFO - Setting next_dagrun for example_python_operator to None
[2021-12-21 00:25:47,808] {scheduler_job.py:190} INFO - Processing /home/airflow/.local/lib/python3.8/site-packages/airflow/example_dags/example_python_operator.py took 0.182 seconds
[2021-12-21 00:26:17,943] {scheduler_job.py:182} INFO - Started process (PID=11486) to work on /home/airflow/.local/lib/python3.8/site-packages/airflow/example_dags/example_python_operator.py
[2021-12-21 00:26:17,948] {scheduler_job.py:633} INFO - Processing file /home/airflow/.local/lib/python3.8/site-packages/airflow/example_dags/example_python_operator.py for tasks to queue
[2021-12-21 00:26:17,953] {logging_mixin.py:104} INFO - [2021-12-21 00:26:17,953] {dagbag.py:496} INFO - Filling up the DagBag from /home/airflow/.local/lib/python3.8/site-packages/airflow/example_dags/example_python_operator.py
[2021-12-21 00:26:17,975] {scheduler_job.py:643} INFO - DAG(s) dict_keys(['example_python_operator']) retrieved from /home/airflow/.local/lib/python3.8/site-packages/airflow/example_dags/example_python_operator.py
[2021-12-21 00:26:18,024] {logging_mixin.py:104} INFO - [2021-12-21 00:26:18,024] {dag.py:1833} INFO - Sync 1 DAGs
[2021-12-21 00:26:18,044] {logging_mixin.py:104} INFO - [2021-12-21 00:26:18,044] {dag.py:2306} INFO - Setting next_dagrun for example_python_operator to None
[2021-12-21 00:26:18,072] {scheduler_job.py:190} INFO - Processing /home/airflow/.local/lib/python3.8/site-packages/airflow/example_dags/example_python_operator.py took 0.137 seconds
[2021-12-21 00:26:48,174] {scheduler_job.py:182} INFO - Started process (PID=11517) to work on /home/airflow/.local/lib/python3.8/site-packages/airflow/example_dags/example_python_operator.py
[2021-12-21 00:26:48,180] {scheduler_job.py:633} INFO - Processing file /home/airflow/.local/lib/python3.8/site-packages/airflow/example_dags/example_python_operator.py for tasks to queue
[2021-12-21 00:26:48,185] {logging_mixin.py:104} INFO - [2021-12-21 00:26:48,184] {dagbag.py:496} INFO - Filling up the DagBag from /home/airflow/.local/lib/python3.8/site-packages/airflow/example_dags/example_python_operator.py
[2021-12-21 00:26:48,228] {scheduler_job.py:643} INFO - DAG(s) dict_keys(['example_python_operator']) retrieved from /home/airflow/.local/lib/python3.8/site-packages/airflow/example_dags/example_python_operator.py
[2021-12-21 00:26:48,297] {logging_mixin.py:104} INFO - [2021-12-21 00:26:48,297] {dag.py:1833} INFO - Sync 1 DAGs
[2021-12-21 00:26:48,320] {logging_mixin.py:104} INFO - [2021-12-21 00:26:48,320] {dag.py:2306} INFO - Setting next_dagrun for example_python_operator to None
[2021-12-21 00:26:48,347] {scheduler_job.py:190} INFO - Processing /home/airflow/.local/lib/python3.8/site-packages/airflow/example_dags/example_python_operator.py took 0.182 seconds
[2021-12-21 00:27:18,864] {scheduler_job.py:182} INFO - Started process (PID=11548) to work on /home/airflow/.local/lib/python3.8/site-packages/airflow/example_dags/example_python_operator.py
[2021-12-21 00:27:18,868] {scheduler_job.py:633} INFO - Processing file /home/airflow/.local/lib/python3.8/site-packages/airflow/example_dags/example_python_operator.py for tasks to queue
[2021-12-21 00:27:18,871] {logging_mixin.py:104} INFO - [2021-12-21 00:27:18,870] {dagbag.py:496} INFO - Filling up the DagBag from /home/airflow/.local/lib/python3.8/site-packages/airflow/example_dags/example_python_operator.py
[2021-12-21 00:27:18,893] {scheduler_job.py:643} INFO - DAG(s) dict_keys(['example_python_operator']) retrieved from /home/airflow/.local/lib/python3.8/site-packages/airflow/example_dags/example_python_operator.py
[2021-12-21 00:27:18,941] {logging_mixin.py:104} INFO - [2021-12-21 00:27:18,941] {dag.py:1833} INFO - Sync 1 DAGs
[2021-12-21 00:27:18,958] {logging_mixin.py:104} INFO - [2021-12-21 00:27:18,958] {dag.py:2306} INFO - Setting next_dagrun for example_python_operator to None
[2021-12-21 00:27:18,977] {scheduler_job.py:190} INFO - Processing /home/airflow/.local/lib/python3.8/site-packages/airflow/example_dags/example_python_operator.py took 0.119 seconds
[2021-12-21 00:27:49,575] {scheduler_job.py:182} INFO - Started process (PID=11579) to work on /home/airflow/.local/lib/python3.8/site-packages/airflow/example_dags/example_python_operator.py
[2021-12-21 00:27:49,589] {scheduler_job.py:633} INFO - Processing file /home/airflow/.local/lib/python3.8/site-packages/airflow/example_dags/example_python_operator.py for tasks to queue
[2021-12-21 00:27:49,592] {logging_mixin.py:104} INFO - [2021-12-21 00:27:49,592] {dagbag.py:496} INFO - Filling up the DagBag from /home/airflow/.local/lib/python3.8/site-packages/airflow/example_dags/example_python_operator.py
[2021-12-21 00:27:49,631] {scheduler_job.py:643} INFO - DAG(s) dict_keys(['example_python_operator']) retrieved from /home/airflow/.local/lib/python3.8/site-packages/airflow/example_dags/example_python_operator.py
[2021-12-21 00:27:49,681] {logging_mixin.py:104} INFO - [2021-12-21 00:27:49,681] {dag.py:1833} INFO - Sync 1 DAGs
[2021-12-21 00:27:49,704] {logging_mixin.py:104} INFO - [2021-12-21 00:27:49,703] {dag.py:2306} INFO - Setting next_dagrun for example_python_operator to None
[2021-12-21 00:27:49,725] {scheduler_job.py:190} INFO - Processing /home/airflow/.local/lib/python3.8/site-packages/airflow/example_dags/example_python_operator.py took 0.172 seconds
[2021-12-21 00:28:20,041] {scheduler_job.py:182} INFO - Started process (PID=11610) to work on /home/airflow/.local/lib/python3.8/site-packages/airflow/example_dags/example_python_operator.py
[2021-12-21 00:28:20,053] {scheduler_job.py:633} INFO - Processing file /home/airflow/.local/lib/python3.8/site-packages/airflow/example_dags/example_python_operator.py for tasks to queue
[2021-12-21 00:28:20,059] {logging_mixin.py:104} INFO - [2021-12-21 00:28:20,058] {dagbag.py:496} INFO - Filling up the DagBag from /home/airflow/.local/lib/python3.8/site-packages/airflow/example_dags/example_python_operator.py
[2021-12-21 00:28:20,087] {scheduler_job.py:643} INFO - DAG(s) dict_keys(['example_python_operator']) retrieved from /home/airflow/.local/lib/python3.8/site-packages/airflow/example_dags/example_python_operator.py
[2021-12-21 00:28:20,183] {logging_mixin.py:104} INFO - [2021-12-21 00:28:20,183] {dag.py:1833} INFO - Sync 1 DAGs
[2021-12-21 00:28:20,202] {logging_mixin.py:104} INFO - [2021-12-21 00:28:20,202] {dag.py:2306} INFO - Setting next_dagrun for example_python_operator to None
[2021-12-21 00:28:20,224] {scheduler_job.py:190} INFO - Processing /home/airflow/.local/lib/python3.8/site-packages/airflow/example_dags/example_python_operator.py took 0.193 seconds
[2021-12-21 00:28:51,030] {scheduler_job.py:182} INFO - Started process (PID=11641) to work on /home/airflow/.local/lib/python3.8/site-packages/airflow/example_dags/example_python_operator.py
[2021-12-21 00:28:51,034] {scheduler_job.py:633} INFO - Processing file /home/airflow/.local/lib/python3.8/site-packages/airflow/example_dags/example_python_operator.py for tasks to queue
[2021-12-21 00:28:51,036] {logging_mixin.py:104} INFO - [2021-12-21 00:28:51,036] {dagbag.py:496} INFO - Filling up the DagBag from /home/airflow/.local/lib/python3.8/site-packages/airflow/example_dags/example_python_operator.py
[2021-12-21 00:28:51,056] {scheduler_job.py:643} INFO - DAG(s) dict_keys(['example_python_operator']) retrieved from /home/airflow/.local/lib/python3.8/site-packages/airflow/example_dags/example_python_operator.py
[2021-12-21 00:28:51,115] {logging_mixin.py:104} INFO - [2021-12-21 00:28:51,115] {dag.py:1833} INFO - Sync 1 DAGs
[2021-12-21 00:28:51,130] {logging_mixin.py:104} INFO - [2021-12-21 00:28:51,130] {dag.py:2306} INFO - Setting next_dagrun for example_python_operator to None
[2021-12-21 00:28:51,154] {scheduler_job.py:190} INFO - Processing /home/airflow/.local/lib/python3.8/site-packages/airflow/example_dags/example_python_operator.py took 0.129 seconds
[2021-12-21 00:29:21,253] {scheduler_job.py:182} INFO - Started process (PID=11671) to work on /home/airflow/.local/lib/python3.8/site-packages/airflow/example_dags/example_python_operator.py
[2021-12-21 00:29:21,259] {scheduler_job.py:633} INFO - Processing file /home/airflow/.local/lib/python3.8/site-packages/airflow/example_dags/example_python_operator.py for tasks to queue
[2021-12-21 00:29:21,263] {logging_mixin.py:104} INFO - [2021-12-21 00:29:21,262] {dagbag.py:496} INFO - Filling up the DagBag from /home/airflow/.local/lib/python3.8/site-packages/airflow/example_dags/example_python_operator.py
[2021-12-21 00:29:21,312] {scheduler_job.py:643} INFO - DAG(s) dict_keys(['example_python_operator']) retrieved from /home/airflow/.local/lib/python3.8/site-packages/airflow/example_dags/example_python_operator.py
[2021-12-21 00:29:21,400] {logging_mixin.py:104} INFO - [2021-12-21 00:29:21,400] {dag.py:1833} INFO - Sync 1 DAGs
[2021-12-21 00:29:21,449] {logging_mixin.py:104} INFO - [2021-12-21 00:29:21,447] {dag.py:2306} INFO - Setting next_dagrun for example_python_operator to None
[2021-12-21 00:29:21,481] {scheduler_job.py:190} INFO - Processing /home/airflow/.local/lib/python3.8/site-packages/airflow/example_dags/example_python_operator.py took 0.236 seconds
[2021-12-21 00:29:51,794] {scheduler_job.py:182} INFO - Started process (PID=11703) to work on /home/airflow/.local/lib/python3.8/site-packages/airflow/example_dags/example_python_operator.py
[2021-12-21 00:29:51,797] {scheduler_job.py:633} INFO - Processing file /home/airflow/.local/lib/python3.8/site-packages/airflow/example_dags/example_python_operator.py for tasks to queue
[2021-12-21 00:29:51,799] {logging_mixin.py:104} INFO - [2021-12-21 00:29:51,799] {dagbag.py:496} INFO - Filling up the DagBag from /home/airflow/.local/lib/python3.8/site-packages/airflow/example_dags/example_python_operator.py
[2021-12-21 00:29:51,819] {scheduler_job.py:643} INFO - DAG(s) dict_keys(['example_python_operator']) retrieved from /home/airflow/.local/lib/python3.8/site-packages/airflow/example_dags/example_python_operator.py
[2021-12-21 00:29:51,880] {logging_mixin.py:104} INFO - [2021-12-21 00:29:51,879] {dag.py:1833} INFO - Sync 1 DAGs
[2021-12-21 00:29:51,910] {logging_mixin.py:104} INFO - [2021-12-21 00:29:51,910] {dag.py:2306} INFO - Setting next_dagrun for example_python_operator to None
[2021-12-21 00:29:51,936] {scheduler_job.py:190} INFO - Processing /home/airflow/.local/lib/python3.8/site-packages/airflow/example_dags/example_python_operator.py took 0.149 seconds
[2021-12-21 00:30:21,991] {scheduler_job.py:182} INFO - Started process (PID=11734) to work on /home/airflow/.local/lib/python3.8/site-packages/airflow/example_dags/example_python_operator.py
[2021-12-21 00:30:21,996] {scheduler_job.py:633} INFO - Processing file /home/airflow/.local/lib/python3.8/site-packages/airflow/example_dags/example_python_operator.py for tasks to queue
[2021-12-21 00:30:21,998] {logging_mixin.py:104} INFO - [2021-12-21 00:30:21,998] {dagbag.py:496} INFO - Filling up the DagBag from /home/airflow/.local/lib/python3.8/site-packages/airflow/example_dags/example_python_operator.py
[2021-12-21 00:30:22,019] {scheduler_job.py:643} INFO - DAG(s) dict_keys(['example_python_operator']) retrieved from /home/airflow/.local/lib/python3.8/site-packages/airflow/example_dags/example_python_operator.py
[2021-12-21 00:30:22,066] {logging_mixin.py:104} INFO - [2021-12-21 00:30:22,066] {dag.py:1833} INFO - Sync 1 DAGs
[2021-12-21 00:30:22,091] {logging_mixin.py:104} INFO - [2021-12-21 00:30:22,091] {dag.py:2306} INFO - Setting next_dagrun for example_python_operator to None
[2021-12-21 00:30:22,111] {scheduler_job.py:190} INFO - Processing /home/airflow/.local/lib/python3.8/site-packages/airflow/example_dags/example_python_operator.py took 0.126 seconds
[2021-12-21 00:30:52,516] {scheduler_job.py:182} INFO - Started process (PID=11765) to work on /home/airflow/.local/lib/python3.8/site-packages/airflow/example_dags/example_python_operator.py
[2021-12-21 00:30:52,521] {scheduler_job.py:633} INFO - Processing file /home/airflow/.local/lib/python3.8/site-packages/airflow/example_dags/example_python_operator.py for tasks to queue
[2021-12-21 00:30:52,523] {logging_mixin.py:104} INFO - [2021-12-21 00:30:52,523] {dagbag.py:496} INFO - Filling up the DagBag from /home/airflow/.local/lib/python3.8/site-packages/airflow/example_dags/example_python_operator.py
[2021-12-21 00:30:52,543] {scheduler_job.py:643} INFO - DAG(s) dict_keys(['example_python_operator']) retrieved from /home/airflow/.local/lib/python3.8/site-packages/airflow/example_dags/example_python_operator.py
[2021-12-21 00:30:52,588] {logging_mixin.py:104} INFO - [2021-12-21 00:30:52,588] {dag.py:1833} INFO - Sync 1 DAGs
[2021-12-21 00:30:52,604] {logging_mixin.py:104} INFO - [2021-12-21 00:30:52,604] {dag.py:2306} INFO - Setting next_dagrun for example_python_operator to None
[2021-12-21 00:30:52,623] {scheduler_job.py:190} INFO - Processing /home/airflow/.local/lib/python3.8/site-packages/airflow/example_dags/example_python_operator.py took 0.112 seconds
[2021-12-21 00:39:20,605] {scheduler_job.py:182} INFO - Started process (PID=11771) to work on /home/airflow/.local/lib/python3.8/site-packages/airflow/example_dags/example_python_operator.py
[2021-12-21 00:39:20,610] {scheduler_job.py:633} INFO - Processing file /home/airflow/.local/lib/python3.8/site-packages/airflow/example_dags/example_python_operator.py for tasks to queue
[2021-12-21 00:39:20,612] {logging_mixin.py:104} INFO - [2021-12-21 00:39:20,612] {dagbag.py:496} INFO - Filling up the DagBag from /home/airflow/.local/lib/python3.8/site-packages/airflow/example_dags/example_python_operator.py
[2021-12-21 00:39:20,672] {scheduler_job.py:643} INFO - DAG(s) dict_keys(['example_python_operator']) retrieved from /home/airflow/.local/lib/python3.8/site-packages/airflow/example_dags/example_python_operator.py
[2021-12-21 00:39:20,777] {logging_mixin.py:104} INFO - [2021-12-21 00:39:20,777] {dag.py:1833} INFO - Sync 1 DAGs
[2021-12-21 00:39:20,828] {logging_mixin.py:104} INFO - [2021-12-21 00:39:20,828] {dag.py:2306} INFO - Setting next_dagrun for example_python_operator to None
[2021-12-21 00:39:20,893] {scheduler_job.py:190} INFO - Processing /home/airflow/.local/lib/python3.8/site-packages/airflow/example_dags/example_python_operator.py took 0.301 seconds
[2021-12-21 00:39:52,122] {scheduler_job.py:182} INFO - Started process (PID=11802) to work on /home/airflow/.local/lib/python3.8/site-packages/airflow/example_dags/example_python_operator.py
[2021-12-21 00:39:52,128] {scheduler_job.py:633} INFO - Processing file /home/airflow/.local/lib/python3.8/site-packages/airflow/example_dags/example_python_operator.py for tasks to queue
[2021-12-21 00:39:52,130] {logging_mixin.py:104} INFO - [2021-12-21 00:39:52,130] {dagbag.py:496} INFO - Filling up the DagBag from /home/airflow/.local/lib/python3.8/site-packages/airflow/example_dags/example_python_operator.py
[2021-12-21 00:39:52,195] {scheduler_job.py:643} INFO - DAG(s) dict_keys(['example_python_operator']) retrieved from /home/airflow/.local/lib/python3.8/site-packages/airflow/example_dags/example_python_operator.py
[2021-12-21 00:39:52,282] {logging_mixin.py:104} INFO - [2021-12-21 00:39:52,282] {dag.py:1833} INFO - Sync 1 DAGs
[2021-12-21 00:39:52,329] {logging_mixin.py:104} INFO - [2021-12-21 00:39:52,329] {dag.py:2306} INFO - Setting next_dagrun for example_python_operator to None
[2021-12-21 00:39:52,371] {scheduler_job.py:190} INFO - Processing /home/airflow/.local/lib/python3.8/site-packages/airflow/example_dags/example_python_operator.py took 0.262 seconds
[2021-12-21 00:56:32,530] {scheduler_job.py:182} INFO - Started process (PID=11833) to work on /home/airflow/.local/lib/python3.8/site-packages/airflow/example_dags/example_python_operator.py
[2021-12-21 00:56:32,539] {scheduler_job.py:633} INFO - Processing file /home/airflow/.local/lib/python3.8/site-packages/airflow/example_dags/example_python_operator.py for tasks to queue
[2021-12-21 00:56:32,544] {logging_mixin.py:104} INFO - [2021-12-21 00:56:32,543] {dagbag.py:496} INFO - Filling up the DagBag from /home/airflow/.local/lib/python3.8/site-packages/airflow/example_dags/example_python_operator.py
[2021-12-21 00:56:32,608] {scheduler_job.py:643} INFO - DAG(s) dict_keys(['example_python_operator']) retrieved from /home/airflow/.local/lib/python3.8/site-packages/airflow/example_dags/example_python_operator.py
[2021-12-21 00:56:32,729] {logging_mixin.py:104} INFO - [2021-12-21 00:56:32,729] {dag.py:1833} INFO - Sync 1 DAGs
[2021-12-21 00:56:32,800] {logging_mixin.py:104} INFO - [2021-12-21 00:56:32,800] {dag.py:2306} INFO - Setting next_dagrun for example_python_operator to None
[2021-12-21 00:56:33,027] {scheduler_job.py:190} INFO - Processing /home/airflow/.local/lib/python3.8/site-packages/airflow/example_dags/example_python_operator.py took 0.506 seconds
