[2021-12-21 00:00:27,818] {scheduler_job.py:182} INFO - Started process (PID=9921) to work on /home/airflow/.local/lib/python3.8/site-packages/airflow/example_dags/example_branch_python_dop_operator_3.py
[2021-12-21 00:00:27,823] {scheduler_job.py:633} INFO - Processing file /home/airflow/.local/lib/python3.8/site-packages/airflow/example_dags/example_branch_python_dop_operator_3.py for tasks to queue
[2021-12-21 00:00:27,826] {logging_mixin.py:104} INFO - [2021-12-21 00:00:27,826] {dagbag.py:496} INFO - Filling up the DagBag from /home/airflow/.local/lib/python3.8/site-packages/airflow/example_dags/example_branch_python_dop_operator_3.py
[2021-12-21 00:00:27,846] {scheduler_job.py:643} INFO - DAG(s) dict_keys(['example_branch_dop_operator_v3']) retrieved from /home/airflow/.local/lib/python3.8/site-packages/airflow/example_dags/example_branch_python_dop_operator_3.py
[2021-12-21 00:00:28,316] {logging_mixin.py:104} INFO - [2021-12-21 00:00:28,315] {dag.py:1833} INFO - Sync 1 DAGs
[2021-12-21 00:00:28,373] {logging_mixin.py:104} INFO - [2021-12-21 00:00:28,372] {dag.py:2306} INFO - Setting next_dagrun for example_branch_dop_operator_v3 to 2021-12-19 00:00:00+00:00
[2021-12-21 00:00:28,432] {scheduler_job.py:190} INFO - Processing /home/airflow/.local/lib/python3.8/site-packages/airflow/example_dags/example_branch_python_dop_operator_3.py took 0.618 seconds
[2021-12-21 00:00:59,370] {scheduler_job.py:182} INFO - Started process (PID=9952) to work on /home/airflow/.local/lib/python3.8/site-packages/airflow/example_dags/example_branch_python_dop_operator_3.py
[2021-12-21 00:00:59,376] {scheduler_job.py:633} INFO - Processing file /home/airflow/.local/lib/python3.8/site-packages/airflow/example_dags/example_branch_python_dop_operator_3.py for tasks to queue
[2021-12-21 00:00:59,385] {logging_mixin.py:104} INFO - [2021-12-21 00:00:59,384] {dagbag.py:496} INFO - Filling up the DagBag from /home/airflow/.local/lib/python3.8/site-packages/airflow/example_dags/example_branch_python_dop_operator_3.py
[2021-12-21 00:00:59,441] {scheduler_job.py:643} INFO - DAG(s) dict_keys(['example_branch_dop_operator_v3']) retrieved from /home/airflow/.local/lib/python3.8/site-packages/airflow/example_dags/example_branch_python_dop_operator_3.py
[2021-12-21 00:00:59,497] {logging_mixin.py:104} INFO - [2021-12-21 00:00:59,497] {dag.py:1833} INFO - Sync 1 DAGs
[2021-12-21 00:00:59,528] {logging_mixin.py:104} INFO - [2021-12-21 00:00:59,528] {dag.py:2306} INFO - Setting next_dagrun for example_branch_dop_operator_v3 to 2021-12-19 00:00:00+00:00
[2021-12-21 00:00:59,556] {scheduler_job.py:190} INFO - Processing /home/airflow/.local/lib/python3.8/site-packages/airflow/example_dags/example_branch_python_dop_operator_3.py took 0.202 seconds
[2021-12-21 00:01:29,650] {scheduler_job.py:182} INFO - Started process (PID=9982) to work on /home/airflow/.local/lib/python3.8/site-packages/airflow/example_dags/example_branch_python_dop_operator_3.py
[2021-12-21 00:01:29,654] {scheduler_job.py:633} INFO - Processing file /home/airflow/.local/lib/python3.8/site-packages/airflow/example_dags/example_branch_python_dop_operator_3.py for tasks to queue
[2021-12-21 00:01:29,656] {logging_mixin.py:104} INFO - [2021-12-21 00:01:29,656] {dagbag.py:496} INFO - Filling up the DagBag from /home/airflow/.local/lib/python3.8/site-packages/airflow/example_dags/example_branch_python_dop_operator_3.py
[2021-12-21 00:01:29,682] {scheduler_job.py:643} INFO - DAG(s) dict_keys(['example_branch_dop_operator_v3']) retrieved from /home/airflow/.local/lib/python3.8/site-packages/airflow/example_dags/example_branch_python_dop_operator_3.py
[2021-12-21 00:01:29,738] {logging_mixin.py:104} INFO - [2021-12-21 00:01:29,738] {dag.py:1833} INFO - Sync 1 DAGs
[2021-12-21 00:01:29,775] {logging_mixin.py:104} INFO - [2021-12-21 00:01:29,775] {dag.py:2306} INFO - Setting next_dagrun for example_branch_dop_operator_v3 to 2021-12-19 00:00:00+00:00
[2021-12-21 00:01:29,803] {scheduler_job.py:190} INFO - Processing /home/airflow/.local/lib/python3.8/site-packages/airflow/example_dags/example_branch_python_dop_operator_3.py took 0.158 seconds
[2021-12-21 00:02:00,205] {scheduler_job.py:182} INFO - Started process (PID=10013) to work on /home/airflow/.local/lib/python3.8/site-packages/airflow/example_dags/example_branch_python_dop_operator_3.py
[2021-12-21 00:02:00,209] {scheduler_job.py:633} INFO - Processing file /home/airflow/.local/lib/python3.8/site-packages/airflow/example_dags/example_branch_python_dop_operator_3.py for tasks to queue
[2021-12-21 00:02:00,212] {logging_mixin.py:104} INFO - [2021-12-21 00:02:00,212] {dagbag.py:496} INFO - Filling up the DagBag from /home/airflow/.local/lib/python3.8/site-packages/airflow/example_dags/example_branch_python_dop_operator_3.py
[2021-12-21 00:02:00,240] {scheduler_job.py:643} INFO - DAG(s) dict_keys(['example_branch_dop_operator_v3']) retrieved from /home/airflow/.local/lib/python3.8/site-packages/airflow/example_dags/example_branch_python_dop_operator_3.py
[2021-12-21 00:02:00,298] {logging_mixin.py:104} INFO - [2021-12-21 00:02:00,298] {dag.py:1833} INFO - Sync 1 DAGs
[2021-12-21 00:02:00,328] {logging_mixin.py:104} INFO - [2021-12-21 00:02:00,328] {dag.py:2306} INFO - Setting next_dagrun for example_branch_dop_operator_v3 to 2021-12-19 00:00:00+00:00
[2021-12-21 00:02:00,352] {scheduler_job.py:190} INFO - Processing /home/airflow/.local/lib/python3.8/site-packages/airflow/example_dags/example_branch_python_dop_operator_3.py took 0.153 seconds
[2021-12-21 00:02:31,009] {scheduler_job.py:182} INFO - Started process (PID=10044) to work on /home/airflow/.local/lib/python3.8/site-packages/airflow/example_dags/example_branch_python_dop_operator_3.py
[2021-12-21 00:02:31,022] {scheduler_job.py:633} INFO - Processing file /home/airflow/.local/lib/python3.8/site-packages/airflow/example_dags/example_branch_python_dop_operator_3.py for tasks to queue
[2021-12-21 00:02:31,029] {logging_mixin.py:104} INFO - [2021-12-21 00:02:31,029] {dagbag.py:496} INFO - Filling up the DagBag from /home/airflow/.local/lib/python3.8/site-packages/airflow/example_dags/example_branch_python_dop_operator_3.py
[2021-12-21 00:02:31,061] {scheduler_job.py:643} INFO - DAG(s) dict_keys(['example_branch_dop_operator_v3']) retrieved from /home/airflow/.local/lib/python3.8/site-packages/airflow/example_dags/example_branch_python_dop_operator_3.py
[2021-12-21 00:02:31,124] {logging_mixin.py:104} INFO - [2021-12-21 00:02:31,123] {dag.py:1833} INFO - Sync 1 DAGs
[2021-12-21 00:02:31,172] {logging_mixin.py:104} INFO - [2021-12-21 00:02:31,172] {dag.py:2306} INFO - Setting next_dagrun for example_branch_dop_operator_v3 to 2021-12-19 00:00:00+00:00
[2021-12-21 00:02:31,204] {scheduler_job.py:190} INFO - Processing /home/airflow/.local/lib/python3.8/site-packages/airflow/example_dags/example_branch_python_dop_operator_3.py took 0.203 seconds
[2021-12-21 00:03:01,291] {scheduler_job.py:182} INFO - Started process (PID=10075) to work on /home/airflow/.local/lib/python3.8/site-packages/airflow/example_dags/example_branch_python_dop_operator_3.py
[2021-12-21 00:03:01,309] {scheduler_job.py:633} INFO - Processing file /home/airflow/.local/lib/python3.8/site-packages/airflow/example_dags/example_branch_python_dop_operator_3.py for tasks to queue
[2021-12-21 00:03:01,318] {logging_mixin.py:104} INFO - [2021-12-21 00:03:01,317] {dagbag.py:496} INFO - Filling up the DagBag from /home/airflow/.local/lib/python3.8/site-packages/airflow/example_dags/example_branch_python_dop_operator_3.py
[2021-12-21 00:03:01,385] {scheduler_job.py:643} INFO - DAG(s) dict_keys(['example_branch_dop_operator_v3']) retrieved from /home/airflow/.local/lib/python3.8/site-packages/airflow/example_dags/example_branch_python_dop_operator_3.py
[2021-12-21 00:03:01,483] {logging_mixin.py:104} INFO - [2021-12-21 00:03:01,482] {dag.py:1833} INFO - Sync 1 DAGs
[2021-12-21 00:03:01,517] {logging_mixin.py:104} INFO - [2021-12-21 00:03:01,516] {dag.py:2306} INFO - Setting next_dagrun for example_branch_dop_operator_v3 to 2021-12-19 00:00:00+00:00
[2021-12-21 00:03:01,541] {scheduler_job.py:190} INFO - Processing /home/airflow/.local/lib/python3.8/site-packages/airflow/example_dags/example_branch_python_dop_operator_3.py took 0.260 seconds
[2021-12-21 00:03:32,057] {scheduler_job.py:182} INFO - Started process (PID=10106) to work on /home/airflow/.local/lib/python3.8/site-packages/airflow/example_dags/example_branch_python_dop_operator_3.py
[2021-12-21 00:03:32,063] {scheduler_job.py:633} INFO - Processing file /home/airflow/.local/lib/python3.8/site-packages/airflow/example_dags/example_branch_python_dop_operator_3.py for tasks to queue
[2021-12-21 00:03:32,067] {logging_mixin.py:104} INFO - [2021-12-21 00:03:32,067] {dagbag.py:496} INFO - Filling up the DagBag from /home/airflow/.local/lib/python3.8/site-packages/airflow/example_dags/example_branch_python_dop_operator_3.py
[2021-12-21 00:03:32,109] {scheduler_job.py:643} INFO - DAG(s) dict_keys(['example_branch_dop_operator_v3']) retrieved from /home/airflow/.local/lib/python3.8/site-packages/airflow/example_dags/example_branch_python_dop_operator_3.py
[2021-12-21 00:03:32,171] {logging_mixin.py:104} INFO - [2021-12-21 00:03:32,170] {dag.py:1833} INFO - Sync 1 DAGs
[2021-12-21 00:03:32,212] {logging_mixin.py:104} INFO - [2021-12-21 00:03:32,212] {dag.py:2306} INFO - Setting next_dagrun for example_branch_dop_operator_v3 to 2021-12-19 00:00:00+00:00
[2021-12-21 00:03:32,236] {scheduler_job.py:190} INFO - Processing /home/airflow/.local/lib/python3.8/site-packages/airflow/example_dags/example_branch_python_dop_operator_3.py took 0.192 seconds
[2021-12-21 00:04:02,543] {scheduler_job.py:182} INFO - Started process (PID=10137) to work on /home/airflow/.local/lib/python3.8/site-packages/airflow/example_dags/example_branch_python_dop_operator_3.py
[2021-12-21 00:04:02,548] {scheduler_job.py:633} INFO - Processing file /home/airflow/.local/lib/python3.8/site-packages/airflow/example_dags/example_branch_python_dop_operator_3.py for tasks to queue
[2021-12-21 00:04:02,551] {logging_mixin.py:104} INFO - [2021-12-21 00:04:02,551] {dagbag.py:496} INFO - Filling up the DagBag from /home/airflow/.local/lib/python3.8/site-packages/airflow/example_dags/example_branch_python_dop_operator_3.py
[2021-12-21 00:04:02,585] {scheduler_job.py:643} INFO - DAG(s) dict_keys(['example_branch_dop_operator_v3']) retrieved from /home/airflow/.local/lib/python3.8/site-packages/airflow/example_dags/example_branch_python_dop_operator_3.py
[2021-12-21 00:04:02,630] {logging_mixin.py:104} INFO - [2021-12-21 00:04:02,629] {dag.py:1833} INFO - Sync 1 DAGs
[2021-12-21 00:04:02,662] {logging_mixin.py:104} INFO - [2021-12-21 00:04:02,662] {dag.py:2306} INFO - Setting next_dagrun for example_branch_dop_operator_v3 to 2021-12-19 00:00:00+00:00
[2021-12-21 00:04:02,680] {scheduler_job.py:190} INFO - Processing /home/airflow/.local/lib/python3.8/site-packages/airflow/example_dags/example_branch_python_dop_operator_3.py took 0.142 seconds
[2021-12-21 00:04:32,893] {scheduler_job.py:182} INFO - Started process (PID=10168) to work on /home/airflow/.local/lib/python3.8/site-packages/airflow/example_dags/example_branch_python_dop_operator_3.py
[2021-12-21 00:04:32,900] {scheduler_job.py:633} INFO - Processing file /home/airflow/.local/lib/python3.8/site-packages/airflow/example_dags/example_branch_python_dop_operator_3.py for tasks to queue
[2021-12-21 00:04:32,906] {logging_mixin.py:104} INFO - [2021-12-21 00:04:32,906] {dagbag.py:496} INFO - Filling up the DagBag from /home/airflow/.local/lib/python3.8/site-packages/airflow/example_dags/example_branch_python_dop_operator_3.py
[2021-12-21 00:04:32,947] {scheduler_job.py:643} INFO - DAG(s) dict_keys(['example_branch_dop_operator_v3']) retrieved from /home/airflow/.local/lib/python3.8/site-packages/airflow/example_dags/example_branch_python_dop_operator_3.py
[2021-12-21 00:04:33,051] {logging_mixin.py:104} INFO - [2021-12-21 00:04:33,051] {dag.py:1833} INFO - Sync 1 DAGs
[2021-12-21 00:04:33,175] {logging_mixin.py:104} INFO - [2021-12-21 00:04:33,174] {dag.py:2306} INFO - Setting next_dagrun for example_branch_dop_operator_v3 to 2021-12-19 00:00:00+00:00
[2021-12-21 00:04:33,275] {scheduler_job.py:190} INFO - Processing /home/airflow/.local/lib/python3.8/site-packages/airflow/example_dags/example_branch_python_dop_operator_3.py took 0.391 seconds
[2021-12-21 00:05:03,453] {scheduler_job.py:182} INFO - Started process (PID=10199) to work on /home/airflow/.local/lib/python3.8/site-packages/airflow/example_dags/example_branch_python_dop_operator_3.py
[2021-12-21 00:05:03,463] {scheduler_job.py:633} INFO - Processing file /home/airflow/.local/lib/python3.8/site-packages/airflow/example_dags/example_branch_python_dop_operator_3.py for tasks to queue
[2021-12-21 00:05:03,471] {logging_mixin.py:104} INFO - [2021-12-21 00:05:03,470] {dagbag.py:496} INFO - Filling up the DagBag from /home/airflow/.local/lib/python3.8/site-packages/airflow/example_dags/example_branch_python_dop_operator_3.py
[2021-12-21 00:05:03,508] {scheduler_job.py:643} INFO - DAG(s) dict_keys(['example_branch_dop_operator_v3']) retrieved from /home/airflow/.local/lib/python3.8/site-packages/airflow/example_dags/example_branch_python_dop_operator_3.py
[2021-12-21 00:05:03,570] {logging_mixin.py:104} INFO - [2021-12-21 00:05:03,570] {dag.py:1833} INFO - Sync 1 DAGs
[2021-12-21 00:05:03,646] {logging_mixin.py:104} INFO - [2021-12-21 00:05:03,645] {dag.py:2306} INFO - Setting next_dagrun for example_branch_dop_operator_v3 to 2021-12-19 00:00:00+00:00
[2021-12-21 00:05:03,674] {scheduler_job.py:190} INFO - Processing /home/airflow/.local/lib/python3.8/site-packages/airflow/example_dags/example_branch_python_dop_operator_3.py took 0.240 seconds
[2021-12-21 00:05:33,950] {scheduler_job.py:182} INFO - Started process (PID=10230) to work on /home/airflow/.local/lib/python3.8/site-packages/airflow/example_dags/example_branch_python_dop_operator_3.py
[2021-12-21 00:05:33,955] {scheduler_job.py:633} INFO - Processing file /home/airflow/.local/lib/python3.8/site-packages/airflow/example_dags/example_branch_python_dop_operator_3.py for tasks to queue
[2021-12-21 00:05:33,958] {logging_mixin.py:104} INFO - [2021-12-21 00:05:33,957] {dagbag.py:496} INFO - Filling up the DagBag from /home/airflow/.local/lib/python3.8/site-packages/airflow/example_dags/example_branch_python_dop_operator_3.py
[2021-12-21 00:05:33,979] {scheduler_job.py:643} INFO - DAG(s) dict_keys(['example_branch_dop_operator_v3']) retrieved from /home/airflow/.local/lib/python3.8/site-packages/airflow/example_dags/example_branch_python_dop_operator_3.py
[2021-12-21 00:05:34,035] {logging_mixin.py:104} INFO - [2021-12-21 00:05:34,035] {dag.py:1833} INFO - Sync 1 DAGs
[2021-12-21 00:05:34,078] {logging_mixin.py:104} INFO - [2021-12-21 00:05:34,078] {dag.py:2306} INFO - Setting next_dagrun for example_branch_dop_operator_v3 to 2021-12-19 00:00:00+00:00
[2021-12-21 00:05:34,105] {scheduler_job.py:190} INFO - Processing /home/airflow/.local/lib/python3.8/site-packages/airflow/example_dags/example_branch_python_dop_operator_3.py took 0.159 seconds
[2021-12-21 00:06:04,188] {scheduler_job.py:182} INFO - Started process (PID=10260) to work on /home/airflow/.local/lib/python3.8/site-packages/airflow/example_dags/example_branch_python_dop_operator_3.py
[2021-12-21 00:06:04,192] {scheduler_job.py:633} INFO - Processing file /home/airflow/.local/lib/python3.8/site-packages/airflow/example_dags/example_branch_python_dop_operator_3.py for tasks to queue
[2021-12-21 00:06:04,195] {logging_mixin.py:104} INFO - [2021-12-21 00:06:04,194] {dagbag.py:496} INFO - Filling up the DagBag from /home/airflow/.local/lib/python3.8/site-packages/airflow/example_dags/example_branch_python_dop_operator_3.py
[2021-12-21 00:06:04,215] {scheduler_job.py:643} INFO - DAG(s) dict_keys(['example_branch_dop_operator_v3']) retrieved from /home/airflow/.local/lib/python3.8/site-packages/airflow/example_dags/example_branch_python_dop_operator_3.py
[2021-12-21 00:06:04,261] {logging_mixin.py:104} INFO - [2021-12-21 00:06:04,261] {dag.py:1833} INFO - Sync 1 DAGs
[2021-12-21 00:06:04,302] {logging_mixin.py:104} INFO - [2021-12-21 00:06:04,302] {dag.py:2306} INFO - Setting next_dagrun for example_branch_dop_operator_v3 to 2021-12-19 00:00:00+00:00
[2021-12-21 00:06:04,326] {scheduler_job.py:190} INFO - Processing /home/airflow/.local/lib/python3.8/site-packages/airflow/example_dags/example_branch_python_dop_operator_3.py took 0.142 seconds
[2021-12-21 00:06:34,470] {scheduler_job.py:182} INFO - Started process (PID=10291) to work on /home/airflow/.local/lib/python3.8/site-packages/airflow/example_dags/example_branch_python_dop_operator_3.py
[2021-12-21 00:06:34,474] {scheduler_job.py:633} INFO - Processing file /home/airflow/.local/lib/python3.8/site-packages/airflow/example_dags/example_branch_python_dop_operator_3.py for tasks to queue
[2021-12-21 00:06:34,477] {logging_mixin.py:104} INFO - [2021-12-21 00:06:34,477] {dagbag.py:496} INFO - Filling up the DagBag from /home/airflow/.local/lib/python3.8/site-packages/airflow/example_dags/example_branch_python_dop_operator_3.py
[2021-12-21 00:06:34,496] {scheduler_job.py:643} INFO - DAG(s) dict_keys(['example_branch_dop_operator_v3']) retrieved from /home/airflow/.local/lib/python3.8/site-packages/airflow/example_dags/example_branch_python_dop_operator_3.py
[2021-12-21 00:06:34,542] {logging_mixin.py:104} INFO - [2021-12-21 00:06:34,542] {dag.py:1833} INFO - Sync 1 DAGs
[2021-12-21 00:06:34,568] {logging_mixin.py:104} INFO - [2021-12-21 00:06:34,568] {dag.py:2306} INFO - Setting next_dagrun for example_branch_dop_operator_v3 to 2021-12-19 00:00:00+00:00
[2021-12-21 00:06:34,589] {scheduler_job.py:190} INFO - Processing /home/airflow/.local/lib/python3.8/site-packages/airflow/example_dags/example_branch_python_dop_operator_3.py took 0.125 seconds
[2021-12-21 00:07:05,081] {scheduler_job.py:182} INFO - Started process (PID=10322) to work on /home/airflow/.local/lib/python3.8/site-packages/airflow/example_dags/example_branch_python_dop_operator_3.py
[2021-12-21 00:07:05,090] {scheduler_job.py:633} INFO - Processing file /home/airflow/.local/lib/python3.8/site-packages/airflow/example_dags/example_branch_python_dop_operator_3.py for tasks to queue
[2021-12-21 00:07:05,094] {logging_mixin.py:104} INFO - [2021-12-21 00:07:05,094] {dagbag.py:496} INFO - Filling up the DagBag from /home/airflow/.local/lib/python3.8/site-packages/airflow/example_dags/example_branch_python_dop_operator_3.py
[2021-12-21 00:07:05,125] {scheduler_job.py:643} INFO - DAG(s) dict_keys(['example_branch_dop_operator_v3']) retrieved from /home/airflow/.local/lib/python3.8/site-packages/airflow/example_dags/example_branch_python_dop_operator_3.py
[2021-12-21 00:07:05,191] {logging_mixin.py:104} INFO - [2021-12-21 00:07:05,191] {dag.py:1833} INFO - Sync 1 DAGs
[2021-12-21 00:07:05,226] {logging_mixin.py:104} INFO - [2021-12-21 00:07:05,225] {dag.py:2306} INFO - Setting next_dagrun for example_branch_dop_operator_v3 to 2021-12-19 00:00:00+00:00
[2021-12-21 00:07:05,252] {scheduler_job.py:190} INFO - Processing /home/airflow/.local/lib/python3.8/site-packages/airflow/example_dags/example_branch_python_dop_operator_3.py took 0.179 seconds
[2021-12-21 00:07:36,053] {scheduler_job.py:182} INFO - Started process (PID=10353) to work on /home/airflow/.local/lib/python3.8/site-packages/airflow/example_dags/example_branch_python_dop_operator_3.py
[2021-12-21 00:07:36,063] {scheduler_job.py:633} INFO - Processing file /home/airflow/.local/lib/python3.8/site-packages/airflow/example_dags/example_branch_python_dop_operator_3.py for tasks to queue
[2021-12-21 00:07:36,068] {logging_mixin.py:104} INFO - [2021-12-21 00:07:36,068] {dagbag.py:496} INFO - Filling up the DagBag from /home/airflow/.local/lib/python3.8/site-packages/airflow/example_dags/example_branch_python_dop_operator_3.py
[2021-12-21 00:07:36,132] {scheduler_job.py:643} INFO - DAG(s) dict_keys(['example_branch_dop_operator_v3']) retrieved from /home/airflow/.local/lib/python3.8/site-packages/airflow/example_dags/example_branch_python_dop_operator_3.py
[2021-12-21 00:07:36,191] {logging_mixin.py:104} INFO - [2021-12-21 00:07:36,191] {dag.py:1833} INFO - Sync 1 DAGs
[2021-12-21 00:07:36,255] {logging_mixin.py:104} INFO - [2021-12-21 00:07:36,254] {dag.py:2306} INFO - Setting next_dagrun for example_branch_dop_operator_v3 to 2021-12-19 00:00:00+00:00
[2021-12-21 00:07:36,282] {scheduler_job.py:190} INFO - Processing /home/airflow/.local/lib/python3.8/site-packages/airflow/example_dags/example_branch_python_dop_operator_3.py took 0.244 seconds
[2021-12-21 00:08:06,922] {scheduler_job.py:182} INFO - Started process (PID=10384) to work on /home/airflow/.local/lib/python3.8/site-packages/airflow/example_dags/example_branch_python_dop_operator_3.py
[2021-12-21 00:08:06,933] {scheduler_job.py:633} INFO - Processing file /home/airflow/.local/lib/python3.8/site-packages/airflow/example_dags/example_branch_python_dop_operator_3.py for tasks to queue
[2021-12-21 00:08:06,938] {logging_mixin.py:104} INFO - [2021-12-21 00:08:06,938] {dagbag.py:496} INFO - Filling up the DagBag from /home/airflow/.local/lib/python3.8/site-packages/airflow/example_dags/example_branch_python_dop_operator_3.py
[2021-12-21 00:08:06,990] {scheduler_job.py:643} INFO - DAG(s) dict_keys(['example_branch_dop_operator_v3']) retrieved from /home/airflow/.local/lib/python3.8/site-packages/airflow/example_dags/example_branch_python_dop_operator_3.py
[2021-12-21 00:08:07,039] {logging_mixin.py:104} INFO - [2021-12-21 00:08:07,039] {dag.py:1833} INFO - Sync 1 DAGs
[2021-12-21 00:08:07,075] {logging_mixin.py:104} INFO - [2021-12-21 00:08:07,075] {dag.py:2306} INFO - Setting next_dagrun for example_branch_dop_operator_v3 to 2021-12-19 00:00:00+00:00
[2021-12-21 00:08:07,097] {scheduler_job.py:190} INFO - Processing /home/airflow/.local/lib/python3.8/site-packages/airflow/example_dags/example_branch_python_dop_operator_3.py took 0.181 seconds
[2021-12-21 00:08:37,463] {scheduler_job.py:182} INFO - Started process (PID=10415) to work on /home/airflow/.local/lib/python3.8/site-packages/airflow/example_dags/example_branch_python_dop_operator_3.py
[2021-12-21 00:08:37,475] {scheduler_job.py:633} INFO - Processing file /home/airflow/.local/lib/python3.8/site-packages/airflow/example_dags/example_branch_python_dop_operator_3.py for tasks to queue
[2021-12-21 00:08:37,479] {logging_mixin.py:104} INFO - [2021-12-21 00:08:37,478] {dagbag.py:496} INFO - Filling up the DagBag from /home/airflow/.local/lib/python3.8/site-packages/airflow/example_dags/example_branch_python_dop_operator_3.py
[2021-12-21 00:08:37,567] {scheduler_job.py:643} INFO - DAG(s) dict_keys(['example_branch_dop_operator_v3']) retrieved from /home/airflow/.local/lib/python3.8/site-packages/airflow/example_dags/example_branch_python_dop_operator_3.py
[2021-12-21 00:08:37,649] {logging_mixin.py:104} INFO - [2021-12-21 00:08:37,649] {dag.py:1833} INFO - Sync 1 DAGs
[2021-12-21 00:08:37,706] {logging_mixin.py:104} INFO - [2021-12-21 00:08:37,706] {dag.py:2306} INFO - Setting next_dagrun for example_branch_dop_operator_v3 to 2021-12-19 00:00:00+00:00
[2021-12-21 00:08:37,738] {scheduler_job.py:190} INFO - Processing /home/airflow/.local/lib/python3.8/site-packages/airflow/example_dags/example_branch_python_dop_operator_3.py took 0.287 seconds
[2021-12-21 00:09:07,974] {scheduler_job.py:182} INFO - Started process (PID=10446) to work on /home/airflow/.local/lib/python3.8/site-packages/airflow/example_dags/example_branch_python_dop_operator_3.py
[2021-12-21 00:09:07,979] {scheduler_job.py:633} INFO - Processing file /home/airflow/.local/lib/python3.8/site-packages/airflow/example_dags/example_branch_python_dop_operator_3.py for tasks to queue
[2021-12-21 00:09:07,983] {logging_mixin.py:104} INFO - [2021-12-21 00:09:07,982] {dagbag.py:496} INFO - Filling up the DagBag from /home/airflow/.local/lib/python3.8/site-packages/airflow/example_dags/example_branch_python_dop_operator_3.py
[2021-12-21 00:09:08,045] {scheduler_job.py:643} INFO - DAG(s) dict_keys(['example_branch_dop_operator_v3']) retrieved from /home/airflow/.local/lib/python3.8/site-packages/airflow/example_dags/example_branch_python_dop_operator_3.py
[2021-12-21 00:09:08,112] {logging_mixin.py:104} INFO - [2021-12-21 00:09:08,112] {dag.py:1833} INFO - Sync 1 DAGs
[2021-12-21 00:09:08,164] {logging_mixin.py:104} INFO - [2021-12-21 00:09:08,164] {dag.py:2306} INFO - Setting next_dagrun for example_branch_dop_operator_v3 to 2021-12-19 00:00:00+00:00
[2021-12-21 00:09:08,194] {scheduler_job.py:190} INFO - Processing /home/airflow/.local/lib/python3.8/site-packages/airflow/example_dags/example_branch_python_dop_operator_3.py took 0.227 seconds
[2021-12-21 00:09:38,376] {scheduler_job.py:182} INFO - Started process (PID=10477) to work on /home/airflow/.local/lib/python3.8/site-packages/airflow/example_dags/example_branch_python_dop_operator_3.py
[2021-12-21 00:09:38,382] {scheduler_job.py:633} INFO - Processing file /home/airflow/.local/lib/python3.8/site-packages/airflow/example_dags/example_branch_python_dop_operator_3.py for tasks to queue
[2021-12-21 00:09:38,385] {logging_mixin.py:104} INFO - [2021-12-21 00:09:38,385] {dagbag.py:496} INFO - Filling up the DagBag from /home/airflow/.local/lib/python3.8/site-packages/airflow/example_dags/example_branch_python_dop_operator_3.py
[2021-12-21 00:09:38,432] {scheduler_job.py:643} INFO - DAG(s) dict_keys(['example_branch_dop_operator_v3']) retrieved from /home/airflow/.local/lib/python3.8/site-packages/airflow/example_dags/example_branch_python_dop_operator_3.py
[2021-12-21 00:09:38,597] {logging_mixin.py:104} INFO - [2021-12-21 00:09:38,597] {dag.py:1833} INFO - Sync 1 DAGs
[2021-12-21 00:09:38,806] {logging_mixin.py:104} INFO - [2021-12-21 00:09:38,806] {dag.py:2306} INFO - Setting next_dagrun for example_branch_dop_operator_v3 to 2021-12-19 00:00:00+00:00
[2021-12-21 00:09:38,910] {scheduler_job.py:190} INFO - Processing /home/airflow/.local/lib/python3.8/site-packages/airflow/example_dags/example_branch_python_dop_operator_3.py took 0.543 seconds
[2021-12-21 00:10:09,792] {scheduler_job.py:182} INFO - Started process (PID=10508) to work on /home/airflow/.local/lib/python3.8/site-packages/airflow/example_dags/example_branch_python_dop_operator_3.py
[2021-12-21 00:10:09,801] {scheduler_job.py:633} INFO - Processing file /home/airflow/.local/lib/python3.8/site-packages/airflow/example_dags/example_branch_python_dop_operator_3.py for tasks to queue
[2021-12-21 00:10:09,806] {logging_mixin.py:104} INFO - [2021-12-21 00:10:09,805] {dagbag.py:496} INFO - Filling up the DagBag from /home/airflow/.local/lib/python3.8/site-packages/airflow/example_dags/example_branch_python_dop_operator_3.py
[2021-12-21 00:10:09,873] {scheduler_job.py:643} INFO - DAG(s) dict_keys(['example_branch_dop_operator_v3']) retrieved from /home/airflow/.local/lib/python3.8/site-packages/airflow/example_dags/example_branch_python_dop_operator_3.py
[2021-12-21 00:10:09,955] {logging_mixin.py:104} INFO - [2021-12-21 00:10:09,954] {dag.py:1833} INFO - Sync 1 DAGs
[2021-12-21 00:10:10,008] {logging_mixin.py:104} INFO - [2021-12-21 00:10:10,008] {dag.py:2306} INFO - Setting next_dagrun for example_branch_dop_operator_v3 to 2021-12-19 00:00:00+00:00
[2021-12-21 00:10:10,049] {scheduler_job.py:190} INFO - Processing /home/airflow/.local/lib/python3.8/site-packages/airflow/example_dags/example_branch_python_dop_operator_3.py took 0.267 seconds
[2021-12-21 00:10:40,272] {scheduler_job.py:182} INFO - Started process (PID=10539) to work on /home/airflow/.local/lib/python3.8/site-packages/airflow/example_dags/example_branch_python_dop_operator_3.py
[2021-12-21 00:10:40,282] {scheduler_job.py:633} INFO - Processing file /home/airflow/.local/lib/python3.8/site-packages/airflow/example_dags/example_branch_python_dop_operator_3.py for tasks to queue
[2021-12-21 00:10:40,284] {logging_mixin.py:104} INFO - [2021-12-21 00:10:40,284] {dagbag.py:496} INFO - Filling up the DagBag from /home/airflow/.local/lib/python3.8/site-packages/airflow/example_dags/example_branch_python_dop_operator_3.py
[2021-12-21 00:10:40,309] {scheduler_job.py:643} INFO - DAG(s) dict_keys(['example_branch_dop_operator_v3']) retrieved from /home/airflow/.local/lib/python3.8/site-packages/airflow/example_dags/example_branch_python_dop_operator_3.py
[2021-12-21 00:10:40,381] {logging_mixin.py:104} INFO - [2021-12-21 00:10:40,380] {dag.py:1833} INFO - Sync 1 DAGs
[2021-12-21 00:10:40,436] {logging_mixin.py:104} INFO - [2021-12-21 00:10:40,436] {dag.py:2306} INFO - Setting next_dagrun for example_branch_dop_operator_v3 to 2021-12-19 00:00:00+00:00
[2021-12-21 00:10:40,487] {scheduler_job.py:190} INFO - Processing /home/airflow/.local/lib/python3.8/site-packages/airflow/example_dags/example_branch_python_dop_operator_3.py took 0.221 seconds
[2021-12-21 00:11:10,971] {scheduler_job.py:182} INFO - Started process (PID=10570) to work on /home/airflow/.local/lib/python3.8/site-packages/airflow/example_dags/example_branch_python_dop_operator_3.py
[2021-12-21 00:11:10,975] {scheduler_job.py:633} INFO - Processing file /home/airflow/.local/lib/python3.8/site-packages/airflow/example_dags/example_branch_python_dop_operator_3.py for tasks to queue
[2021-12-21 00:11:10,978] {logging_mixin.py:104} INFO - [2021-12-21 00:11:10,978] {dagbag.py:496} INFO - Filling up the DagBag from /home/airflow/.local/lib/python3.8/site-packages/airflow/example_dags/example_branch_python_dop_operator_3.py
[2021-12-21 00:11:11,053] {scheduler_job.py:643} INFO - DAG(s) dict_keys(['example_branch_dop_operator_v3']) retrieved from /home/airflow/.local/lib/python3.8/site-packages/airflow/example_dags/example_branch_python_dop_operator_3.py
[2021-12-21 00:11:11,202] {logging_mixin.py:104} INFO - [2021-12-21 00:11:11,191] {dag.py:1833} INFO - Sync 1 DAGs
[2021-12-21 00:11:11,313] {logging_mixin.py:104} INFO - [2021-12-21 00:11:11,313] {dag.py:2306} INFO - Setting next_dagrun for example_branch_dop_operator_v3 to 2021-12-19 00:00:00+00:00
[2021-12-21 00:11:11,342] {scheduler_job.py:190} INFO - Processing /home/airflow/.local/lib/python3.8/site-packages/airflow/example_dags/example_branch_python_dop_operator_3.py took 0.385 seconds
[2021-12-21 00:11:41,400] {scheduler_job.py:182} INFO - Started process (PID=10601) to work on /home/airflow/.local/lib/python3.8/site-packages/airflow/example_dags/example_branch_python_dop_operator_3.py
[2021-12-21 00:11:41,403] {scheduler_job.py:633} INFO - Processing file /home/airflow/.local/lib/python3.8/site-packages/airflow/example_dags/example_branch_python_dop_operator_3.py for tasks to queue
[2021-12-21 00:11:41,406] {logging_mixin.py:104} INFO - [2021-12-21 00:11:41,406] {dagbag.py:496} INFO - Filling up the DagBag from /home/airflow/.local/lib/python3.8/site-packages/airflow/example_dags/example_branch_python_dop_operator_3.py
[2021-12-21 00:11:41,431] {scheduler_job.py:643} INFO - DAG(s) dict_keys(['example_branch_dop_operator_v3']) retrieved from /home/airflow/.local/lib/python3.8/site-packages/airflow/example_dags/example_branch_python_dop_operator_3.py
[2021-12-21 00:11:41,495] {logging_mixin.py:104} INFO - [2021-12-21 00:11:41,495] {dag.py:1833} INFO - Sync 1 DAGs
[2021-12-21 00:11:41,525] {logging_mixin.py:104} INFO - [2021-12-21 00:11:41,524] {dag.py:2306} INFO - Setting next_dagrun for example_branch_dop_operator_v3 to 2021-12-19 00:00:00+00:00
[2021-12-21 00:11:41,558] {scheduler_job.py:190} INFO - Processing /home/airflow/.local/lib/python3.8/site-packages/airflow/example_dags/example_branch_python_dop_operator_3.py took 0.166 seconds
[2021-12-21 00:12:12,246] {scheduler_job.py:182} INFO - Started process (PID=10632) to work on /home/airflow/.local/lib/python3.8/site-packages/airflow/example_dags/example_branch_python_dop_operator_3.py
[2021-12-21 00:12:12,250] {scheduler_job.py:633} INFO - Processing file /home/airflow/.local/lib/python3.8/site-packages/airflow/example_dags/example_branch_python_dop_operator_3.py for tasks to queue
[2021-12-21 00:12:12,253] {logging_mixin.py:104} INFO - [2021-12-21 00:12:12,252] {dagbag.py:496} INFO - Filling up the DagBag from /home/airflow/.local/lib/python3.8/site-packages/airflow/example_dags/example_branch_python_dop_operator_3.py
[2021-12-21 00:12:12,282] {scheduler_job.py:643} INFO - DAG(s) dict_keys(['example_branch_dop_operator_v3']) retrieved from /home/airflow/.local/lib/python3.8/site-packages/airflow/example_dags/example_branch_python_dop_operator_3.py
[2021-12-21 00:12:12,350] {logging_mixin.py:104} INFO - [2021-12-21 00:12:12,350] {dag.py:1833} INFO - Sync 1 DAGs
[2021-12-21 00:12:12,384] {logging_mixin.py:104} INFO - [2021-12-21 00:12:12,384] {dag.py:2306} INFO - Setting next_dagrun for example_branch_dop_operator_v3 to 2021-12-19 00:00:00+00:00
[2021-12-21 00:12:12,411] {scheduler_job.py:190} INFO - Processing /home/airflow/.local/lib/python3.8/site-packages/airflow/example_dags/example_branch_python_dop_operator_3.py took 0.169 seconds
[2021-12-21 00:12:42,848] {scheduler_job.py:182} INFO - Started process (PID=10663) to work on /home/airflow/.local/lib/python3.8/site-packages/airflow/example_dags/example_branch_python_dop_operator_3.py
[2021-12-21 00:12:42,857] {scheduler_job.py:633} INFO - Processing file /home/airflow/.local/lib/python3.8/site-packages/airflow/example_dags/example_branch_python_dop_operator_3.py for tasks to queue
[2021-12-21 00:12:42,861] {logging_mixin.py:104} INFO - [2021-12-21 00:12:42,861] {dagbag.py:496} INFO - Filling up the DagBag from /home/airflow/.local/lib/python3.8/site-packages/airflow/example_dags/example_branch_python_dop_operator_3.py
[2021-12-21 00:12:42,887] {scheduler_job.py:643} INFO - DAG(s) dict_keys(['example_branch_dop_operator_v3']) retrieved from /home/airflow/.local/lib/python3.8/site-packages/airflow/example_dags/example_branch_python_dop_operator_3.py
[2021-12-21 00:12:42,946] {logging_mixin.py:104} INFO - [2021-12-21 00:12:42,946] {dag.py:1833} INFO - Sync 1 DAGs
[2021-12-21 00:12:42,990] {logging_mixin.py:104} INFO - [2021-12-21 00:12:42,990] {dag.py:2306} INFO - Setting next_dagrun for example_branch_dop_operator_v3 to 2021-12-19 00:00:00+00:00
[2021-12-21 00:12:43,019] {scheduler_job.py:190} INFO - Processing /home/airflow/.local/lib/python3.8/site-packages/airflow/example_dags/example_branch_python_dop_operator_3.py took 0.191 seconds
[2021-12-21 00:13:13,304] {scheduler_job.py:182} INFO - Started process (PID=10694) to work on /home/airflow/.local/lib/python3.8/site-packages/airflow/example_dags/example_branch_python_dop_operator_3.py
[2021-12-21 00:13:13,329] {scheduler_job.py:633} INFO - Processing file /home/airflow/.local/lib/python3.8/site-packages/airflow/example_dags/example_branch_python_dop_operator_3.py for tasks to queue
[2021-12-21 00:13:13,333] {logging_mixin.py:104} INFO - [2021-12-21 00:13:13,332] {dagbag.py:496} INFO - Filling up the DagBag from /home/airflow/.local/lib/python3.8/site-packages/airflow/example_dags/example_branch_python_dop_operator_3.py
[2021-12-21 00:13:13,377] {scheduler_job.py:643} INFO - DAG(s) dict_keys(['example_branch_dop_operator_v3']) retrieved from /home/airflow/.local/lib/python3.8/site-packages/airflow/example_dags/example_branch_python_dop_operator_3.py
[2021-12-21 00:13:13,461] {logging_mixin.py:104} INFO - [2021-12-21 00:13:13,461] {dag.py:1833} INFO - Sync 1 DAGs
[2021-12-21 00:13:13,499] {logging_mixin.py:104} INFO - [2021-12-21 00:13:13,499] {dag.py:2306} INFO - Setting next_dagrun for example_branch_dop_operator_v3 to 2021-12-19 00:00:00+00:00
[2021-12-21 00:13:13,523] {scheduler_job.py:190} INFO - Processing /home/airflow/.local/lib/python3.8/site-packages/airflow/example_dags/example_branch_python_dop_operator_3.py took 0.224 seconds
[2021-12-21 00:13:43,672] {scheduler_job.py:182} INFO - Started process (PID=10725) to work on /home/airflow/.local/lib/python3.8/site-packages/airflow/example_dags/example_branch_python_dop_operator_3.py
[2021-12-21 00:13:43,676] {scheduler_job.py:633} INFO - Processing file /home/airflow/.local/lib/python3.8/site-packages/airflow/example_dags/example_branch_python_dop_operator_3.py for tasks to queue
[2021-12-21 00:13:43,683] {logging_mixin.py:104} INFO - [2021-12-21 00:13:43,682] {dagbag.py:496} INFO - Filling up the DagBag from /home/airflow/.local/lib/python3.8/site-packages/airflow/example_dags/example_branch_python_dop_operator_3.py
[2021-12-21 00:13:43,719] {scheduler_job.py:643} INFO - DAG(s) dict_keys(['example_branch_dop_operator_v3']) retrieved from /home/airflow/.local/lib/python3.8/site-packages/airflow/example_dags/example_branch_python_dop_operator_3.py
[2021-12-21 00:13:43,779] {logging_mixin.py:104} INFO - [2021-12-21 00:13:43,779] {dag.py:1833} INFO - Sync 1 DAGs
[2021-12-21 00:13:43,813] {logging_mixin.py:104} INFO - [2021-12-21 00:13:43,813] {dag.py:2306} INFO - Setting next_dagrun for example_branch_dop_operator_v3 to 2021-12-19 00:00:00+00:00
[2021-12-21 00:13:43,842] {scheduler_job.py:190} INFO - Processing /home/airflow/.local/lib/python3.8/site-packages/airflow/example_dags/example_branch_python_dop_operator_3.py took 0.173 seconds
[2021-12-21 00:14:14,105] {scheduler_job.py:182} INFO - Started process (PID=10756) to work on /home/airflow/.local/lib/python3.8/site-packages/airflow/example_dags/example_branch_python_dop_operator_3.py
[2021-12-21 00:14:14,109] {scheduler_job.py:633} INFO - Processing file /home/airflow/.local/lib/python3.8/site-packages/airflow/example_dags/example_branch_python_dop_operator_3.py for tasks to queue
[2021-12-21 00:14:14,113] {logging_mixin.py:104} INFO - [2021-12-21 00:14:14,113] {dagbag.py:496} INFO - Filling up the DagBag from /home/airflow/.local/lib/python3.8/site-packages/airflow/example_dags/example_branch_python_dop_operator_3.py
[2021-12-21 00:14:14,143] {scheduler_job.py:643} INFO - DAG(s) dict_keys(['example_branch_dop_operator_v3']) retrieved from /home/airflow/.local/lib/python3.8/site-packages/airflow/example_dags/example_branch_python_dop_operator_3.py
[2021-12-21 00:14:14,223] {logging_mixin.py:104} INFO - [2021-12-21 00:14:14,223] {dag.py:1833} INFO - Sync 1 DAGs
[2021-12-21 00:14:14,275] {logging_mixin.py:104} INFO - [2021-12-21 00:14:14,275] {dag.py:2306} INFO - Setting next_dagrun for example_branch_dop_operator_v3 to 2021-12-19 00:00:00+00:00
[2021-12-21 00:14:14,313] {scheduler_job.py:190} INFO - Processing /home/airflow/.local/lib/python3.8/site-packages/airflow/example_dags/example_branch_python_dop_operator_3.py took 0.214 seconds
[2021-12-21 00:14:44,571] {scheduler_job.py:182} INFO - Started process (PID=10787) to work on /home/airflow/.local/lib/python3.8/site-packages/airflow/example_dags/example_branch_python_dop_operator_3.py
[2021-12-21 00:14:44,576] {scheduler_job.py:633} INFO - Processing file /home/airflow/.local/lib/python3.8/site-packages/airflow/example_dags/example_branch_python_dop_operator_3.py for tasks to queue
[2021-12-21 00:14:44,579] {logging_mixin.py:104} INFO - [2021-12-21 00:14:44,578] {dagbag.py:496} INFO - Filling up the DagBag from /home/airflow/.local/lib/python3.8/site-packages/airflow/example_dags/example_branch_python_dop_operator_3.py
[2021-12-21 00:14:44,616] {scheduler_job.py:643} INFO - DAG(s) dict_keys(['example_branch_dop_operator_v3']) retrieved from /home/airflow/.local/lib/python3.8/site-packages/airflow/example_dags/example_branch_python_dop_operator_3.py
[2021-12-21 00:14:44,704] {logging_mixin.py:104} INFO - [2021-12-21 00:14:44,704] {dag.py:1833} INFO - Sync 1 DAGs
[2021-12-21 00:14:44,741] {logging_mixin.py:104} INFO - [2021-12-21 00:14:44,741] {dag.py:2306} INFO - Setting next_dagrun for example_branch_dop_operator_v3 to 2021-12-19 00:00:00+00:00
[2021-12-21 00:14:44,771] {scheduler_job.py:190} INFO - Processing /home/airflow/.local/lib/python3.8/site-packages/airflow/example_dags/example_branch_python_dop_operator_3.py took 0.212 seconds
[2021-12-21 00:15:15,010] {scheduler_job.py:182} INFO - Started process (PID=10818) to work on /home/airflow/.local/lib/python3.8/site-packages/airflow/example_dags/example_branch_python_dop_operator_3.py
[2021-12-21 00:15:15,016] {scheduler_job.py:633} INFO - Processing file /home/airflow/.local/lib/python3.8/site-packages/airflow/example_dags/example_branch_python_dop_operator_3.py for tasks to queue
[2021-12-21 00:15:15,019] {logging_mixin.py:104} INFO - [2021-12-21 00:15:15,018] {dagbag.py:496} INFO - Filling up the DagBag from /home/airflow/.local/lib/python3.8/site-packages/airflow/example_dags/example_branch_python_dop_operator_3.py
[2021-12-21 00:15:15,045] {scheduler_job.py:643} INFO - DAG(s) dict_keys(['example_branch_dop_operator_v3']) retrieved from /home/airflow/.local/lib/python3.8/site-packages/airflow/example_dags/example_branch_python_dop_operator_3.py
[2021-12-21 00:15:15,095] {logging_mixin.py:104} INFO - [2021-12-21 00:15:15,094] {dag.py:1833} INFO - Sync 1 DAGs
[2021-12-21 00:15:15,125] {logging_mixin.py:104} INFO - [2021-12-21 00:15:15,125] {dag.py:2306} INFO - Setting next_dagrun for example_branch_dop_operator_v3 to 2021-12-19 00:00:00+00:00
[2021-12-21 00:15:15,143] {scheduler_job.py:190} INFO - Processing /home/airflow/.local/lib/python3.8/site-packages/airflow/example_dags/example_branch_python_dop_operator_3.py took 0.140 seconds
[2021-12-21 00:15:45,513] {scheduler_job.py:182} INFO - Started process (PID=10848) to work on /home/airflow/.local/lib/python3.8/site-packages/airflow/example_dags/example_branch_python_dop_operator_3.py
[2021-12-21 00:15:45,518] {scheduler_job.py:633} INFO - Processing file /home/airflow/.local/lib/python3.8/site-packages/airflow/example_dags/example_branch_python_dop_operator_3.py for tasks to queue
[2021-12-21 00:15:45,526] {logging_mixin.py:104} INFO - [2021-12-21 00:15:45,526] {dagbag.py:496} INFO - Filling up the DagBag from /home/airflow/.local/lib/python3.8/site-packages/airflow/example_dags/example_branch_python_dop_operator_3.py
[2021-12-21 00:15:45,558] {scheduler_job.py:643} INFO - DAG(s) dict_keys(['example_branch_dop_operator_v3']) retrieved from /home/airflow/.local/lib/python3.8/site-packages/airflow/example_dags/example_branch_python_dop_operator_3.py
[2021-12-21 00:15:45,607] {logging_mixin.py:104} INFO - [2021-12-21 00:15:45,607] {dag.py:1833} INFO - Sync 1 DAGs
[2021-12-21 00:15:45,640] {logging_mixin.py:104} INFO - [2021-12-21 00:15:45,640] {dag.py:2306} INFO - Setting next_dagrun for example_branch_dop_operator_v3 to 2021-12-19 00:00:00+00:00
[2021-12-21 00:15:45,668] {scheduler_job.py:190} INFO - Processing /home/airflow/.local/lib/python3.8/site-packages/airflow/example_dags/example_branch_python_dop_operator_3.py took 0.173 seconds
[2021-12-21 00:16:15,729] {scheduler_job.py:182} INFO - Started process (PID=10879) to work on /home/airflow/.local/lib/python3.8/site-packages/airflow/example_dags/example_branch_python_dop_operator_3.py
[2021-12-21 00:16:15,734] {scheduler_job.py:633} INFO - Processing file /home/airflow/.local/lib/python3.8/site-packages/airflow/example_dags/example_branch_python_dop_operator_3.py for tasks to queue
[2021-12-21 00:16:15,736] {logging_mixin.py:104} INFO - [2021-12-21 00:16:15,736] {dagbag.py:496} INFO - Filling up the DagBag from /home/airflow/.local/lib/python3.8/site-packages/airflow/example_dags/example_branch_python_dop_operator_3.py
[2021-12-21 00:16:15,765] {scheduler_job.py:643} INFO - DAG(s) dict_keys(['example_branch_dop_operator_v3']) retrieved from /home/airflow/.local/lib/python3.8/site-packages/airflow/example_dags/example_branch_python_dop_operator_3.py
[2021-12-21 00:16:15,822] {logging_mixin.py:104} INFO - [2021-12-21 00:16:15,822] {dag.py:1833} INFO - Sync 1 DAGs
[2021-12-21 00:16:15,855] {logging_mixin.py:104} INFO - [2021-12-21 00:16:15,855] {dag.py:2306} INFO - Setting next_dagrun for example_branch_dop_operator_v3 to 2021-12-19 00:00:00+00:00
[2021-12-21 00:16:15,882] {scheduler_job.py:190} INFO - Processing /home/airflow/.local/lib/python3.8/site-packages/airflow/example_dags/example_branch_python_dop_operator_3.py took 0.162 seconds
[2021-12-21 00:16:46,028] {scheduler_job.py:182} INFO - Started process (PID=10910) to work on /home/airflow/.local/lib/python3.8/site-packages/airflow/example_dags/example_branch_python_dop_operator_3.py
[2021-12-21 00:16:46,033] {scheduler_job.py:633} INFO - Processing file /home/airflow/.local/lib/python3.8/site-packages/airflow/example_dags/example_branch_python_dop_operator_3.py for tasks to queue
[2021-12-21 00:16:46,040] {logging_mixin.py:104} INFO - [2021-12-21 00:16:46,040] {dagbag.py:496} INFO - Filling up the DagBag from /home/airflow/.local/lib/python3.8/site-packages/airflow/example_dags/example_branch_python_dop_operator_3.py
[2021-12-21 00:16:46,106] {scheduler_job.py:643} INFO - DAG(s) dict_keys(['example_branch_dop_operator_v3']) retrieved from /home/airflow/.local/lib/python3.8/site-packages/airflow/example_dags/example_branch_python_dop_operator_3.py
[2021-12-21 00:16:46,177] {logging_mixin.py:104} INFO - [2021-12-21 00:16:46,176] {dag.py:1833} INFO - Sync 1 DAGs
[2021-12-21 00:16:46,232] {logging_mixin.py:104} INFO - [2021-12-21 00:16:46,232] {dag.py:2306} INFO - Setting next_dagrun for example_branch_dop_operator_v3 to 2021-12-19 00:00:00+00:00
[2021-12-21 00:16:46,260] {scheduler_job.py:190} INFO - Processing /home/airflow/.local/lib/python3.8/site-packages/airflow/example_dags/example_branch_python_dop_operator_3.py took 0.238 seconds
[2021-12-21 00:17:16,685] {scheduler_job.py:182} INFO - Started process (PID=10941) to work on /home/airflow/.local/lib/python3.8/site-packages/airflow/example_dags/example_branch_python_dop_operator_3.py
[2021-12-21 00:17:16,694] {scheduler_job.py:633} INFO - Processing file /home/airflow/.local/lib/python3.8/site-packages/airflow/example_dags/example_branch_python_dop_operator_3.py for tasks to queue
[2021-12-21 00:17:16,699] {logging_mixin.py:104} INFO - [2021-12-21 00:17:16,699] {dagbag.py:496} INFO - Filling up the DagBag from /home/airflow/.local/lib/python3.8/site-packages/airflow/example_dags/example_branch_python_dop_operator_3.py
[2021-12-21 00:17:16,720] {scheduler_job.py:643} INFO - DAG(s) dict_keys(['example_branch_dop_operator_v3']) retrieved from /home/airflow/.local/lib/python3.8/site-packages/airflow/example_dags/example_branch_python_dop_operator_3.py
[2021-12-21 00:17:16,770] {logging_mixin.py:104} INFO - [2021-12-21 00:17:16,769] {dag.py:1833} INFO - Sync 1 DAGs
[2021-12-21 00:17:16,822] {logging_mixin.py:104} INFO - [2021-12-21 00:17:16,821] {dag.py:2306} INFO - Setting next_dagrun for example_branch_dop_operator_v3 to 2021-12-19 00:00:00+00:00
[2021-12-21 00:17:16,846] {scheduler_job.py:190} INFO - Processing /home/airflow/.local/lib/python3.8/site-packages/airflow/example_dags/example_branch_python_dop_operator_3.py took 0.172 seconds
[2021-12-21 00:17:47,211] {scheduler_job.py:182} INFO - Started process (PID=10972) to work on /home/airflow/.local/lib/python3.8/site-packages/airflow/example_dags/example_branch_python_dop_operator_3.py
[2021-12-21 00:17:47,218] {scheduler_job.py:633} INFO - Processing file /home/airflow/.local/lib/python3.8/site-packages/airflow/example_dags/example_branch_python_dop_operator_3.py for tasks to queue
[2021-12-21 00:17:47,222] {logging_mixin.py:104} INFO - [2021-12-21 00:17:47,221] {dagbag.py:496} INFO - Filling up the DagBag from /home/airflow/.local/lib/python3.8/site-packages/airflow/example_dags/example_branch_python_dop_operator_3.py
[2021-12-21 00:17:47,260] {scheduler_job.py:643} INFO - DAG(s) dict_keys(['example_branch_dop_operator_v3']) retrieved from /home/airflow/.local/lib/python3.8/site-packages/airflow/example_dags/example_branch_python_dop_operator_3.py
[2021-12-21 00:17:47,352] {logging_mixin.py:104} INFO - [2021-12-21 00:17:47,351] {dag.py:1833} INFO - Sync 1 DAGs
[2021-12-21 00:17:47,423] {logging_mixin.py:104} INFO - [2021-12-21 00:17:47,423] {dag.py:2306} INFO - Setting next_dagrun for example_branch_dop_operator_v3 to 2021-12-19 00:00:00+00:00
[2021-12-21 00:17:47,452] {scheduler_job.py:190} INFO - Processing /home/airflow/.local/lib/python3.8/site-packages/airflow/example_dags/example_branch_python_dop_operator_3.py took 0.258 seconds
[2021-12-21 00:18:18,073] {scheduler_job.py:182} INFO - Started process (PID=11003) to work on /home/airflow/.local/lib/python3.8/site-packages/airflow/example_dags/example_branch_python_dop_operator_3.py
[2021-12-21 00:18:18,077] {scheduler_job.py:633} INFO - Processing file /home/airflow/.local/lib/python3.8/site-packages/airflow/example_dags/example_branch_python_dop_operator_3.py for tasks to queue
[2021-12-21 00:18:18,080] {logging_mixin.py:104} INFO - [2021-12-21 00:18:18,080] {dagbag.py:496} INFO - Filling up the DagBag from /home/airflow/.local/lib/python3.8/site-packages/airflow/example_dags/example_branch_python_dop_operator_3.py
[2021-12-21 00:18:18,103] {scheduler_job.py:643} INFO - DAG(s) dict_keys(['example_branch_dop_operator_v3']) retrieved from /home/airflow/.local/lib/python3.8/site-packages/airflow/example_dags/example_branch_python_dop_operator_3.py
[2021-12-21 00:18:18,162] {logging_mixin.py:104} INFO - [2021-12-21 00:18:18,162] {dag.py:1833} INFO - Sync 1 DAGs
[2021-12-21 00:18:18,197] {logging_mixin.py:104} INFO - [2021-12-21 00:18:18,196] {dag.py:2306} INFO - Setting next_dagrun for example_branch_dop_operator_v3 to 2021-12-19 00:00:00+00:00
[2021-12-21 00:18:18,221] {scheduler_job.py:190} INFO - Processing /home/airflow/.local/lib/python3.8/site-packages/airflow/example_dags/example_branch_python_dop_operator_3.py took 0.154 seconds
[2021-12-21 00:18:48,473] {scheduler_job.py:182} INFO - Started process (PID=11034) to work on /home/airflow/.local/lib/python3.8/site-packages/airflow/example_dags/example_branch_python_dop_operator_3.py
[2021-12-21 00:18:48,477] {scheduler_job.py:633} INFO - Processing file /home/airflow/.local/lib/python3.8/site-packages/airflow/example_dags/example_branch_python_dop_operator_3.py for tasks to queue
[2021-12-21 00:18:48,479] {logging_mixin.py:104} INFO - [2021-12-21 00:18:48,479] {dagbag.py:496} INFO - Filling up the DagBag from /home/airflow/.local/lib/python3.8/site-packages/airflow/example_dags/example_branch_python_dop_operator_3.py
[2021-12-21 00:18:48,502] {scheduler_job.py:643} INFO - DAG(s) dict_keys(['example_branch_dop_operator_v3']) retrieved from /home/airflow/.local/lib/python3.8/site-packages/airflow/example_dags/example_branch_python_dop_operator_3.py
[2021-12-21 00:18:48,563] {logging_mixin.py:104} INFO - [2021-12-21 00:18:48,563] {dag.py:1833} INFO - Sync 1 DAGs
[2021-12-21 00:18:48,597] {logging_mixin.py:104} INFO - [2021-12-21 00:18:48,596] {dag.py:2306} INFO - Setting next_dagrun for example_branch_dop_operator_v3 to 2021-12-19 00:00:00+00:00
[2021-12-21 00:18:48,620] {scheduler_job.py:190} INFO - Processing /home/airflow/.local/lib/python3.8/site-packages/airflow/example_dags/example_branch_python_dop_operator_3.py took 0.154 seconds
[2021-12-21 00:19:19,488] {scheduler_job.py:182} INFO - Started process (PID=11065) to work on /home/airflow/.local/lib/python3.8/site-packages/airflow/example_dags/example_branch_python_dop_operator_3.py
[2021-12-21 00:19:19,492] {scheduler_job.py:633} INFO - Processing file /home/airflow/.local/lib/python3.8/site-packages/airflow/example_dags/example_branch_python_dop_operator_3.py for tasks to queue
[2021-12-21 00:19:19,496] {logging_mixin.py:104} INFO - [2021-12-21 00:19:19,496] {dagbag.py:496} INFO - Filling up the DagBag from /home/airflow/.local/lib/python3.8/site-packages/airflow/example_dags/example_branch_python_dop_operator_3.py
[2021-12-21 00:19:19,531] {scheduler_job.py:643} INFO - DAG(s) dict_keys(['example_branch_dop_operator_v3']) retrieved from /home/airflow/.local/lib/python3.8/site-packages/airflow/example_dags/example_branch_python_dop_operator_3.py
[2021-12-21 00:19:19,596] {logging_mixin.py:104} INFO - [2021-12-21 00:19:19,596] {dag.py:1833} INFO - Sync 1 DAGs
[2021-12-21 00:19:19,631] {logging_mixin.py:104} INFO - [2021-12-21 00:19:19,631] {dag.py:2306} INFO - Setting next_dagrun for example_branch_dop_operator_v3 to 2021-12-19 00:00:00+00:00
[2021-12-21 00:19:19,653] {scheduler_job.py:190} INFO - Processing /home/airflow/.local/lib/python3.8/site-packages/airflow/example_dags/example_branch_python_dop_operator_3.py took 0.177 seconds
[2021-12-21 00:19:49,976] {scheduler_job.py:182} INFO - Started process (PID=11095) to work on /home/airflow/.local/lib/python3.8/site-packages/airflow/example_dags/example_branch_python_dop_operator_3.py
[2021-12-21 00:19:49,985] {scheduler_job.py:633} INFO - Processing file /home/airflow/.local/lib/python3.8/site-packages/airflow/example_dags/example_branch_python_dop_operator_3.py for tasks to queue
[2021-12-21 00:19:49,991] {logging_mixin.py:104} INFO - [2021-12-21 00:19:49,990] {dagbag.py:496} INFO - Filling up the DagBag from /home/airflow/.local/lib/python3.8/site-packages/airflow/example_dags/example_branch_python_dop_operator_3.py
[2021-12-21 00:19:50,037] {scheduler_job.py:643} INFO - DAG(s) dict_keys(['example_branch_dop_operator_v3']) retrieved from /home/airflow/.local/lib/python3.8/site-packages/airflow/example_dags/example_branch_python_dop_operator_3.py
[2021-12-21 00:19:50,100] {logging_mixin.py:104} INFO - [2021-12-21 00:19:50,100] {dag.py:1833} INFO - Sync 1 DAGs
[2021-12-21 00:19:50,136] {logging_mixin.py:104} INFO - [2021-12-21 00:19:50,136] {dag.py:2306} INFO - Setting next_dagrun for example_branch_dop_operator_v3 to 2021-12-19 00:00:00+00:00
[2021-12-21 00:19:50,162] {scheduler_job.py:190} INFO - Processing /home/airflow/.local/lib/python3.8/site-packages/airflow/example_dags/example_branch_python_dop_operator_3.py took 0.201 seconds
[2021-12-21 00:20:20,931] {scheduler_job.py:182} INFO - Started process (PID=11126) to work on /home/airflow/.local/lib/python3.8/site-packages/airflow/example_dags/example_branch_python_dop_operator_3.py
[2021-12-21 00:20:20,936] {scheduler_job.py:633} INFO - Processing file /home/airflow/.local/lib/python3.8/site-packages/airflow/example_dags/example_branch_python_dop_operator_3.py for tasks to queue
[2021-12-21 00:20:20,939] {logging_mixin.py:104} INFO - [2021-12-21 00:20:20,938] {dagbag.py:496} INFO - Filling up the DagBag from /home/airflow/.local/lib/python3.8/site-packages/airflow/example_dags/example_branch_python_dop_operator_3.py
[2021-12-21 00:20:20,972] {scheduler_job.py:643} INFO - DAG(s) dict_keys(['example_branch_dop_operator_v3']) retrieved from /home/airflow/.local/lib/python3.8/site-packages/airflow/example_dags/example_branch_python_dop_operator_3.py
[2021-12-21 00:20:21,027] {logging_mixin.py:104} INFO - [2021-12-21 00:20:21,027] {dag.py:1833} INFO - Sync 1 DAGs
[2021-12-21 00:20:21,062] {logging_mixin.py:104} INFO - [2021-12-21 00:20:21,062] {dag.py:2306} INFO - Setting next_dagrun for example_branch_dop_operator_v3 to 2021-12-19 00:00:00+00:00
[2021-12-21 00:20:21,087] {scheduler_job.py:190} INFO - Processing /home/airflow/.local/lib/python3.8/site-packages/airflow/example_dags/example_branch_python_dop_operator_3.py took 0.160 seconds
[2021-12-21 00:20:51,311] {scheduler_job.py:182} INFO - Started process (PID=11157) to work on /home/airflow/.local/lib/python3.8/site-packages/airflow/example_dags/example_branch_python_dop_operator_3.py
[2021-12-21 00:20:51,323] {scheduler_job.py:633} INFO - Processing file /home/airflow/.local/lib/python3.8/site-packages/airflow/example_dags/example_branch_python_dop_operator_3.py for tasks to queue
[2021-12-21 00:20:51,325] {logging_mixin.py:104} INFO - [2021-12-21 00:20:51,325] {dagbag.py:496} INFO - Filling up the DagBag from /home/airflow/.local/lib/python3.8/site-packages/airflow/example_dags/example_branch_python_dop_operator_3.py
[2021-12-21 00:20:51,375] {scheduler_job.py:643} INFO - DAG(s) dict_keys(['example_branch_dop_operator_v3']) retrieved from /home/airflow/.local/lib/python3.8/site-packages/airflow/example_dags/example_branch_python_dop_operator_3.py
[2021-12-21 00:20:51,438] {logging_mixin.py:104} INFO - [2021-12-21 00:20:51,438] {dag.py:1833} INFO - Sync 1 DAGs
[2021-12-21 00:20:51,479] {logging_mixin.py:104} INFO - [2021-12-21 00:20:51,479] {dag.py:2306} INFO - Setting next_dagrun for example_branch_dop_operator_v3 to 2021-12-19 00:00:00+00:00
[2021-12-21 00:20:51,527] {scheduler_job.py:190} INFO - Processing /home/airflow/.local/lib/python3.8/site-packages/airflow/example_dags/example_branch_python_dop_operator_3.py took 0.221 seconds
[2021-12-21 00:21:21,829] {scheduler_job.py:182} INFO - Started process (PID=11188) to work on /home/airflow/.local/lib/python3.8/site-packages/airflow/example_dags/example_branch_python_dop_operator_3.py
[2021-12-21 00:21:21,833] {scheduler_job.py:633} INFO - Processing file /home/airflow/.local/lib/python3.8/site-packages/airflow/example_dags/example_branch_python_dop_operator_3.py for tasks to queue
[2021-12-21 00:21:21,836] {logging_mixin.py:104} INFO - [2021-12-21 00:21:21,836] {dagbag.py:496} INFO - Filling up the DagBag from /home/airflow/.local/lib/python3.8/site-packages/airflow/example_dags/example_branch_python_dop_operator_3.py
[2021-12-21 00:21:21,882] {scheduler_job.py:643} INFO - DAG(s) dict_keys(['example_branch_dop_operator_v3']) retrieved from /home/airflow/.local/lib/python3.8/site-packages/airflow/example_dags/example_branch_python_dop_operator_3.py
[2021-12-21 00:21:21,960] {logging_mixin.py:104} INFO - [2021-12-21 00:21:21,959] {dag.py:1833} INFO - Sync 1 DAGs
[2021-12-21 00:21:22,004] {logging_mixin.py:104} INFO - [2021-12-21 00:21:22,004] {dag.py:2306} INFO - Setting next_dagrun for example_branch_dop_operator_v3 to 2021-12-19 00:00:00+00:00
[2021-12-21 00:21:22,043] {scheduler_job.py:190} INFO - Processing /home/airflow/.local/lib/python3.8/site-packages/airflow/example_dags/example_branch_python_dop_operator_3.py took 0.222 seconds
[2021-12-21 00:21:52,237] {scheduler_job.py:182} INFO - Started process (PID=11219) to work on /home/airflow/.local/lib/python3.8/site-packages/airflow/example_dags/example_branch_python_dop_operator_3.py
[2021-12-21 00:21:52,243] {scheduler_job.py:633} INFO - Processing file /home/airflow/.local/lib/python3.8/site-packages/airflow/example_dags/example_branch_python_dop_operator_3.py for tasks to queue
[2021-12-21 00:21:52,246] {logging_mixin.py:104} INFO - [2021-12-21 00:21:52,246] {dagbag.py:496} INFO - Filling up the DagBag from /home/airflow/.local/lib/python3.8/site-packages/airflow/example_dags/example_branch_python_dop_operator_3.py
[2021-12-21 00:21:52,279] {scheduler_job.py:643} INFO - DAG(s) dict_keys(['example_branch_dop_operator_v3']) retrieved from /home/airflow/.local/lib/python3.8/site-packages/airflow/example_dags/example_branch_python_dop_operator_3.py
[2021-12-21 00:21:52,334] {logging_mixin.py:104} INFO - [2021-12-21 00:21:52,334] {dag.py:1833} INFO - Sync 1 DAGs
[2021-12-21 00:21:52,365] {logging_mixin.py:104} INFO - [2021-12-21 00:21:52,365] {dag.py:2306} INFO - Setting next_dagrun for example_branch_dop_operator_v3 to 2021-12-19 00:00:00+00:00
[2021-12-21 00:21:52,385] {scheduler_job.py:190} INFO - Processing /home/airflow/.local/lib/python3.8/site-packages/airflow/example_dags/example_branch_python_dop_operator_3.py took 0.153 seconds
[2021-12-21 00:22:22,621] {scheduler_job.py:182} INFO - Started process (PID=11250) to work on /home/airflow/.local/lib/python3.8/site-packages/airflow/example_dags/example_branch_python_dop_operator_3.py
[2021-12-21 00:22:22,626] {scheduler_job.py:633} INFO - Processing file /home/airflow/.local/lib/python3.8/site-packages/airflow/example_dags/example_branch_python_dop_operator_3.py for tasks to queue
[2021-12-21 00:22:22,629] {logging_mixin.py:104} INFO - [2021-12-21 00:22:22,629] {dagbag.py:496} INFO - Filling up the DagBag from /home/airflow/.local/lib/python3.8/site-packages/airflow/example_dags/example_branch_python_dop_operator_3.py
[2021-12-21 00:22:22,657] {scheduler_job.py:643} INFO - DAG(s) dict_keys(['example_branch_dop_operator_v3']) retrieved from /home/airflow/.local/lib/python3.8/site-packages/airflow/example_dags/example_branch_python_dop_operator_3.py
[2021-12-21 00:22:22,706] {logging_mixin.py:104} INFO - [2021-12-21 00:22:22,705] {dag.py:1833} INFO - Sync 1 DAGs
[2021-12-21 00:22:22,738] {logging_mixin.py:104} INFO - [2021-12-21 00:22:22,738] {dag.py:2306} INFO - Setting next_dagrun for example_branch_dop_operator_v3 to 2021-12-19 00:00:00+00:00
[2021-12-21 00:22:22,762] {scheduler_job.py:190} INFO - Processing /home/airflow/.local/lib/python3.8/site-packages/airflow/example_dags/example_branch_python_dop_operator_3.py took 0.146 seconds
[2021-12-21 00:22:52,942] {scheduler_job.py:182} INFO - Started process (PID=11281) to work on /home/airflow/.local/lib/python3.8/site-packages/airflow/example_dags/example_branch_python_dop_operator_3.py
[2021-12-21 00:22:52,949] {scheduler_job.py:633} INFO - Processing file /home/airflow/.local/lib/python3.8/site-packages/airflow/example_dags/example_branch_python_dop_operator_3.py for tasks to queue
[2021-12-21 00:22:52,954] {logging_mixin.py:104} INFO - [2021-12-21 00:22:52,952] {dagbag.py:496} INFO - Filling up the DagBag from /home/airflow/.local/lib/python3.8/site-packages/airflow/example_dags/example_branch_python_dop_operator_3.py
[2021-12-21 00:22:52,993] {scheduler_job.py:643} INFO - DAG(s) dict_keys(['example_branch_dop_operator_v3']) retrieved from /home/airflow/.local/lib/python3.8/site-packages/airflow/example_dags/example_branch_python_dop_operator_3.py
[2021-12-21 00:22:53,064] {logging_mixin.py:104} INFO - [2021-12-21 00:22:53,064] {dag.py:1833} INFO - Sync 1 DAGs
[2021-12-21 00:22:53,096] {logging_mixin.py:104} INFO - [2021-12-21 00:22:53,096] {dag.py:2306} INFO - Setting next_dagrun for example_branch_dop_operator_v3 to 2021-12-19 00:00:00+00:00
[2021-12-21 00:22:53,116] {scheduler_job.py:190} INFO - Processing /home/airflow/.local/lib/python3.8/site-packages/airflow/example_dags/example_branch_python_dop_operator_3.py took 0.190 seconds
[2021-12-21 00:23:23,605] {scheduler_job.py:182} INFO - Started process (PID=11312) to work on /home/airflow/.local/lib/python3.8/site-packages/airflow/example_dags/example_branch_python_dop_operator_3.py
[2021-12-21 00:23:23,609] {scheduler_job.py:633} INFO - Processing file /home/airflow/.local/lib/python3.8/site-packages/airflow/example_dags/example_branch_python_dop_operator_3.py for tasks to queue
[2021-12-21 00:23:23,612] {logging_mixin.py:104} INFO - [2021-12-21 00:23:23,612] {dagbag.py:496} INFO - Filling up the DagBag from /home/airflow/.local/lib/python3.8/site-packages/airflow/example_dags/example_branch_python_dop_operator_3.py
[2021-12-21 00:23:23,640] {scheduler_job.py:643} INFO - DAG(s) dict_keys(['example_branch_dop_operator_v3']) retrieved from /home/airflow/.local/lib/python3.8/site-packages/airflow/example_dags/example_branch_python_dop_operator_3.py
[2021-12-21 00:23:23,692] {logging_mixin.py:104} INFO - [2021-12-21 00:23:23,692] {dag.py:1833} INFO - Sync 1 DAGs
[2021-12-21 00:23:23,740] {logging_mixin.py:104} INFO - [2021-12-21 00:23:23,740] {dag.py:2306} INFO - Setting next_dagrun for example_branch_dop_operator_v3 to 2021-12-19 00:00:00+00:00
[2021-12-21 00:23:23,771] {scheduler_job.py:190} INFO - Processing /home/airflow/.local/lib/python3.8/site-packages/airflow/example_dags/example_branch_python_dop_operator_3.py took 0.172 seconds
[2021-12-21 00:23:53,940] {scheduler_job.py:182} INFO - Started process (PID=11343) to work on /home/airflow/.local/lib/python3.8/site-packages/airflow/example_dags/example_branch_python_dop_operator_3.py
[2021-12-21 00:23:53,942] {scheduler_job.py:633} INFO - Processing file /home/airflow/.local/lib/python3.8/site-packages/airflow/example_dags/example_branch_python_dop_operator_3.py for tasks to queue
[2021-12-21 00:23:53,945] {logging_mixin.py:104} INFO - [2021-12-21 00:23:53,945] {dagbag.py:496} INFO - Filling up the DagBag from /home/airflow/.local/lib/python3.8/site-packages/airflow/example_dags/example_branch_python_dop_operator_3.py
[2021-12-21 00:23:53,973] {scheduler_job.py:643} INFO - DAG(s) dict_keys(['example_branch_dop_operator_v3']) retrieved from /home/airflow/.local/lib/python3.8/site-packages/airflow/example_dags/example_branch_python_dop_operator_3.py
[2021-12-21 00:23:54,028] {logging_mixin.py:104} INFO - [2021-12-21 00:23:54,027] {dag.py:1833} INFO - Sync 1 DAGs
[2021-12-21 00:23:54,057] {logging_mixin.py:104} INFO - [2021-12-21 00:23:54,056] {dag.py:2306} INFO - Setting next_dagrun for example_branch_dop_operator_v3 to 2021-12-19 00:00:00+00:00
[2021-12-21 00:23:54,076] {scheduler_job.py:190} INFO - Processing /home/airflow/.local/lib/python3.8/site-packages/airflow/example_dags/example_branch_python_dop_operator_3.py took 0.142 seconds
[2021-12-21 00:24:24,551] {scheduler_job.py:182} INFO - Started process (PID=11374) to work on /home/airflow/.local/lib/python3.8/site-packages/airflow/example_dags/example_branch_python_dop_operator_3.py
[2021-12-21 00:24:24,556] {scheduler_job.py:633} INFO - Processing file /home/airflow/.local/lib/python3.8/site-packages/airflow/example_dags/example_branch_python_dop_operator_3.py for tasks to queue
[2021-12-21 00:24:24,559] {logging_mixin.py:104} INFO - [2021-12-21 00:24:24,558] {dagbag.py:496} INFO - Filling up the DagBag from /home/airflow/.local/lib/python3.8/site-packages/airflow/example_dags/example_branch_python_dop_operator_3.py
[2021-12-21 00:24:24,582] {scheduler_job.py:643} INFO - DAG(s) dict_keys(['example_branch_dop_operator_v3']) retrieved from /home/airflow/.local/lib/python3.8/site-packages/airflow/example_dags/example_branch_python_dop_operator_3.py
[2021-12-21 00:24:24,629] {logging_mixin.py:104} INFO - [2021-12-21 00:24:24,628] {dag.py:1833} INFO - Sync 1 DAGs
[2021-12-21 00:24:24,662] {logging_mixin.py:104} INFO - [2021-12-21 00:24:24,661] {dag.py:2306} INFO - Setting next_dagrun for example_branch_dop_operator_v3 to 2021-12-19 00:00:00+00:00
[2021-12-21 00:24:24,683] {scheduler_job.py:190} INFO - Processing /home/airflow/.local/lib/python3.8/site-packages/airflow/example_dags/example_branch_python_dop_operator_3.py took 0.147 seconds
[2021-12-21 00:24:54,838] {scheduler_job.py:182} INFO - Started process (PID=11405) to work on /home/airflow/.local/lib/python3.8/site-packages/airflow/example_dags/example_branch_python_dop_operator_3.py
[2021-12-21 00:24:54,842] {scheduler_job.py:633} INFO - Processing file /home/airflow/.local/lib/python3.8/site-packages/airflow/example_dags/example_branch_python_dop_operator_3.py for tasks to queue
[2021-12-21 00:24:54,846] {logging_mixin.py:104} INFO - [2021-12-21 00:24:54,845] {dagbag.py:496} INFO - Filling up the DagBag from /home/airflow/.local/lib/python3.8/site-packages/airflow/example_dags/example_branch_python_dop_operator_3.py
[2021-12-21 00:24:54,945] {scheduler_job.py:643} INFO - DAG(s) dict_keys(['example_branch_dop_operator_v3']) retrieved from /home/airflow/.local/lib/python3.8/site-packages/airflow/example_dags/example_branch_python_dop_operator_3.py
[2021-12-21 00:24:55,184] {logging_mixin.py:104} INFO - [2021-12-21 00:24:55,184] {dag.py:1833} INFO - Sync 1 DAGs
[2021-12-21 00:24:55,283] {logging_mixin.py:104} INFO - [2021-12-21 00:24:55,283] {dag.py:2306} INFO - Setting next_dagrun for example_branch_dop_operator_v3 to 2021-12-19 00:00:00+00:00
[2021-12-21 00:24:55,310] {scheduler_job.py:190} INFO - Processing /home/airflow/.local/lib/python3.8/site-packages/airflow/example_dags/example_branch_python_dop_operator_3.py took 0.518 seconds
[2021-12-21 00:25:25,563] {scheduler_job.py:182} INFO - Started process (PID=11436) to work on /home/airflow/.local/lib/python3.8/site-packages/airflow/example_dags/example_branch_python_dop_operator_3.py
[2021-12-21 00:25:25,568] {scheduler_job.py:633} INFO - Processing file /home/airflow/.local/lib/python3.8/site-packages/airflow/example_dags/example_branch_python_dop_operator_3.py for tasks to queue
[2021-12-21 00:25:25,571] {logging_mixin.py:104} INFO - [2021-12-21 00:25:25,571] {dagbag.py:496} INFO - Filling up the DagBag from /home/airflow/.local/lib/python3.8/site-packages/airflow/example_dags/example_branch_python_dop_operator_3.py
[2021-12-21 00:25:25,599] {scheduler_job.py:643} INFO - DAG(s) dict_keys(['example_branch_dop_operator_v3']) retrieved from /home/airflow/.local/lib/python3.8/site-packages/airflow/example_dags/example_branch_python_dop_operator_3.py
[2021-12-21 00:25:25,654] {logging_mixin.py:104} INFO - [2021-12-21 00:25:25,654] {dag.py:1833} INFO - Sync 1 DAGs
[2021-12-21 00:25:25,706] {logging_mixin.py:104} INFO - [2021-12-21 00:25:25,706] {dag.py:2306} INFO - Setting next_dagrun for example_branch_dop_operator_v3 to 2021-12-19 00:00:00+00:00
[2021-12-21 00:25:25,728] {scheduler_job.py:190} INFO - Processing /home/airflow/.local/lib/python3.8/site-packages/airflow/example_dags/example_branch_python_dop_operator_3.py took 0.170 seconds
[2021-12-21 00:25:56,435] {scheduler_job.py:182} INFO - Started process (PID=11467) to work on /home/airflow/.local/lib/python3.8/site-packages/airflow/example_dags/example_branch_python_dop_operator_3.py
[2021-12-21 00:25:56,444] {scheduler_job.py:633} INFO - Processing file /home/airflow/.local/lib/python3.8/site-packages/airflow/example_dags/example_branch_python_dop_operator_3.py for tasks to queue
[2021-12-21 00:25:56,447] {logging_mixin.py:104} INFO - [2021-12-21 00:25:56,447] {dagbag.py:496} INFO - Filling up the DagBag from /home/airflow/.local/lib/python3.8/site-packages/airflow/example_dags/example_branch_python_dop_operator_3.py
[2021-12-21 00:25:56,483] {scheduler_job.py:643} INFO - DAG(s) dict_keys(['example_branch_dop_operator_v3']) retrieved from /home/airflow/.local/lib/python3.8/site-packages/airflow/example_dags/example_branch_python_dop_operator_3.py
[2021-12-21 00:25:56,547] {logging_mixin.py:104} INFO - [2021-12-21 00:25:56,547] {dag.py:1833} INFO - Sync 1 DAGs
[2021-12-21 00:25:56,586] {logging_mixin.py:104} INFO - [2021-12-21 00:25:56,586] {dag.py:2306} INFO - Setting next_dagrun for example_branch_dop_operator_v3 to 2021-12-19 00:00:00+00:00
[2021-12-21 00:25:56,622] {scheduler_job.py:190} INFO - Processing /home/airflow/.local/lib/python3.8/site-packages/airflow/example_dags/example_branch_python_dop_operator_3.py took 0.191 seconds
[2021-12-21 00:26:27,473] {scheduler_job.py:182} INFO - Started process (PID=11498) to work on /home/airflow/.local/lib/python3.8/site-packages/airflow/example_dags/example_branch_python_dop_operator_3.py
[2021-12-21 00:26:27,481] {scheduler_job.py:633} INFO - Processing file /home/airflow/.local/lib/python3.8/site-packages/airflow/example_dags/example_branch_python_dop_operator_3.py for tasks to queue
[2021-12-21 00:26:27,483] {logging_mixin.py:104} INFO - [2021-12-21 00:26:27,483] {dagbag.py:496} INFO - Filling up the DagBag from /home/airflow/.local/lib/python3.8/site-packages/airflow/example_dags/example_branch_python_dop_operator_3.py
[2021-12-21 00:26:27,520] {scheduler_job.py:643} INFO - DAG(s) dict_keys(['example_branch_dop_operator_v3']) retrieved from /home/airflow/.local/lib/python3.8/site-packages/airflow/example_dags/example_branch_python_dop_operator_3.py
[2021-12-21 00:26:27,596] {logging_mixin.py:104} INFO - [2021-12-21 00:26:27,596] {dag.py:1833} INFO - Sync 1 DAGs
[2021-12-21 00:26:27,640] {logging_mixin.py:104} INFO - [2021-12-21 00:26:27,639] {dag.py:2306} INFO - Setting next_dagrun for example_branch_dop_operator_v3 to 2021-12-19 00:00:00+00:00
[2021-12-21 00:26:27,663] {scheduler_job.py:190} INFO - Processing /home/airflow/.local/lib/python3.8/site-packages/airflow/example_dags/example_branch_python_dop_operator_3.py took 0.207 seconds
[2021-12-21 00:26:57,895] {scheduler_job.py:182} INFO - Started process (PID=11529) to work on /home/airflow/.local/lib/python3.8/site-packages/airflow/example_dags/example_branch_python_dop_operator_3.py
[2021-12-21 00:26:57,901] {scheduler_job.py:633} INFO - Processing file /home/airflow/.local/lib/python3.8/site-packages/airflow/example_dags/example_branch_python_dop_operator_3.py for tasks to queue
[2021-12-21 00:26:57,905] {logging_mixin.py:104} INFO - [2021-12-21 00:26:57,905] {dagbag.py:496} INFO - Filling up the DagBag from /home/airflow/.local/lib/python3.8/site-packages/airflow/example_dags/example_branch_python_dop_operator_3.py
[2021-12-21 00:26:57,965] {scheduler_job.py:643} INFO - DAG(s) dict_keys(['example_branch_dop_operator_v3']) retrieved from /home/airflow/.local/lib/python3.8/site-packages/airflow/example_dags/example_branch_python_dop_operator_3.py
[2021-12-21 00:26:58,100] {logging_mixin.py:104} INFO - [2021-12-21 00:26:58,100] {dag.py:1833} INFO - Sync 1 DAGs
[2021-12-21 00:26:58,168] {logging_mixin.py:104} INFO - [2021-12-21 00:26:58,168] {dag.py:2306} INFO - Setting next_dagrun for example_branch_dop_operator_v3 to 2021-12-19 00:00:00+00:00
[2021-12-21 00:26:58,191] {scheduler_job.py:190} INFO - Processing /home/airflow/.local/lib/python3.8/site-packages/airflow/example_dags/example_branch_python_dop_operator_3.py took 0.305 seconds
[2021-12-21 00:27:28,552] {scheduler_job.py:182} INFO - Started process (PID=11561) to work on /home/airflow/.local/lib/python3.8/site-packages/airflow/example_dags/example_branch_python_dop_operator_3.py
[2021-12-21 00:27:28,568] {scheduler_job.py:633} INFO - Processing file /home/airflow/.local/lib/python3.8/site-packages/airflow/example_dags/example_branch_python_dop_operator_3.py for tasks to queue
[2021-12-21 00:27:28,578] {logging_mixin.py:104} INFO - [2021-12-21 00:27:28,578] {dagbag.py:496} INFO - Filling up the DagBag from /home/airflow/.local/lib/python3.8/site-packages/airflow/example_dags/example_branch_python_dop_operator_3.py
[2021-12-21 00:27:28,612] {scheduler_job.py:643} INFO - DAG(s) dict_keys(['example_branch_dop_operator_v3']) retrieved from /home/airflow/.local/lib/python3.8/site-packages/airflow/example_dags/example_branch_python_dop_operator_3.py
[2021-12-21 00:27:28,697] {logging_mixin.py:104} INFO - [2021-12-21 00:27:28,697] {dag.py:1833} INFO - Sync 1 DAGs
[2021-12-21 00:27:28,772] {logging_mixin.py:104} INFO - [2021-12-21 00:27:28,772] {dag.py:2306} INFO - Setting next_dagrun for example_branch_dop_operator_v3 to 2021-12-19 00:00:00+00:00
[2021-12-21 00:27:28,799] {scheduler_job.py:190} INFO - Processing /home/airflow/.local/lib/python3.8/site-packages/airflow/example_dags/example_branch_python_dop_operator_3.py took 0.252 seconds
[2021-12-21 00:27:59,713] {scheduler_job.py:182} INFO - Started process (PID=11591) to work on /home/airflow/.local/lib/python3.8/site-packages/airflow/example_dags/example_branch_python_dop_operator_3.py
[2021-12-21 00:27:59,718] {scheduler_job.py:633} INFO - Processing file /home/airflow/.local/lib/python3.8/site-packages/airflow/example_dags/example_branch_python_dop_operator_3.py for tasks to queue
[2021-12-21 00:27:59,723] {logging_mixin.py:104} INFO - [2021-12-21 00:27:59,723] {dagbag.py:496} INFO - Filling up the DagBag from /home/airflow/.local/lib/python3.8/site-packages/airflow/example_dags/example_branch_python_dop_operator_3.py
[2021-12-21 00:27:59,805] {scheduler_job.py:643} INFO - DAG(s) dict_keys(['example_branch_dop_operator_v3']) retrieved from /home/airflow/.local/lib/python3.8/site-packages/airflow/example_dags/example_branch_python_dop_operator_3.py
[2021-12-21 00:27:59,863] {logging_mixin.py:104} INFO - [2021-12-21 00:27:59,863] {dag.py:1833} INFO - Sync 1 DAGs
[2021-12-21 00:27:59,919] {logging_mixin.py:104} INFO - [2021-12-21 00:27:59,919] {dag.py:2306} INFO - Setting next_dagrun for example_branch_dop_operator_v3 to 2021-12-19 00:00:00+00:00
[2021-12-21 00:27:59,951] {scheduler_job.py:190} INFO - Processing /home/airflow/.local/lib/python3.8/site-packages/airflow/example_dags/example_branch_python_dop_operator_3.py took 0.259 seconds
[2021-12-21 00:28:31,347] {scheduler_job.py:182} INFO - Started process (PID=11622) to work on /home/airflow/.local/lib/python3.8/site-packages/airflow/example_dags/example_branch_python_dop_operator_3.py
[2021-12-21 00:28:31,352] {scheduler_job.py:633} INFO - Processing file /home/airflow/.local/lib/python3.8/site-packages/airflow/example_dags/example_branch_python_dop_operator_3.py for tasks to queue
[2021-12-21 00:28:31,354] {logging_mixin.py:104} INFO - [2021-12-21 00:28:31,354] {dagbag.py:496} INFO - Filling up the DagBag from /home/airflow/.local/lib/python3.8/site-packages/airflow/example_dags/example_branch_python_dop_operator_3.py
[2021-12-21 00:28:31,407] {scheduler_job.py:643} INFO - DAG(s) dict_keys(['example_branch_dop_operator_v3']) retrieved from /home/airflow/.local/lib/python3.8/site-packages/airflow/example_dags/example_branch_python_dop_operator_3.py
[2021-12-21 00:28:31,474] {logging_mixin.py:104} INFO - [2021-12-21 00:28:31,474] {dag.py:1833} INFO - Sync 1 DAGs
[2021-12-21 00:28:31,515] {logging_mixin.py:104} INFO - [2021-12-21 00:28:31,515] {dag.py:2306} INFO - Setting next_dagrun for example_branch_dop_operator_v3 to 2021-12-19 00:00:00+00:00
[2021-12-21 00:28:31,549] {scheduler_job.py:190} INFO - Processing /home/airflow/.local/lib/python3.8/site-packages/airflow/example_dags/example_branch_python_dop_operator_3.py took 0.207 seconds
[2021-12-21 00:29:03,087] {scheduler_job.py:182} INFO - Started process (PID=11655) to work on /home/airflow/.local/lib/python3.8/site-packages/airflow/example_dags/example_branch_python_dop_operator_3.py
[2021-12-21 00:29:03,125] {scheduler_job.py:633} INFO - Processing file /home/airflow/.local/lib/python3.8/site-packages/airflow/example_dags/example_branch_python_dop_operator_3.py for tasks to queue
[2021-12-21 00:29:03,135] {logging_mixin.py:104} INFO - [2021-12-21 00:29:03,135] {dagbag.py:496} INFO - Filling up the DagBag from /home/airflow/.local/lib/python3.8/site-packages/airflow/example_dags/example_branch_python_dop_operator_3.py
[2021-12-21 00:29:03,211] {scheduler_job.py:643} INFO - DAG(s) dict_keys(['example_branch_dop_operator_v3']) retrieved from /home/airflow/.local/lib/python3.8/site-packages/airflow/example_dags/example_branch_python_dop_operator_3.py
[2021-12-21 00:29:03,354] {logging_mixin.py:104} INFO - [2021-12-21 00:29:03,353] {dag.py:1833} INFO - Sync 1 DAGs
[2021-12-21 00:29:03,439] {logging_mixin.py:104} INFO - [2021-12-21 00:29:03,438] {dag.py:2306} INFO - Setting next_dagrun for example_branch_dop_operator_v3 to 2021-12-19 00:00:00+00:00
[2021-12-21 00:29:03,498] {scheduler_job.py:190} INFO - Processing /home/airflow/.local/lib/python3.8/site-packages/airflow/example_dags/example_branch_python_dop_operator_3.py took 0.437 seconds
[2021-12-21 00:29:33,636] {scheduler_job.py:182} INFO - Started process (PID=11686) to work on /home/airflow/.local/lib/python3.8/site-packages/airflow/example_dags/example_branch_python_dop_operator_3.py
[2021-12-21 00:29:33,641] {scheduler_job.py:633} INFO - Processing file /home/airflow/.local/lib/python3.8/site-packages/airflow/example_dags/example_branch_python_dop_operator_3.py for tasks to queue
[2021-12-21 00:29:33,644] {logging_mixin.py:104} INFO - [2021-12-21 00:29:33,644] {dagbag.py:496} INFO - Filling up the DagBag from /home/airflow/.local/lib/python3.8/site-packages/airflow/example_dags/example_branch_python_dop_operator_3.py
[2021-12-21 00:29:33,673] {scheduler_job.py:643} INFO - DAG(s) dict_keys(['example_branch_dop_operator_v3']) retrieved from /home/airflow/.local/lib/python3.8/site-packages/airflow/example_dags/example_branch_python_dop_operator_3.py
[2021-12-21 00:29:33,727] {logging_mixin.py:104} INFO - [2021-12-21 00:29:33,727] {dag.py:1833} INFO - Sync 1 DAGs
[2021-12-21 00:29:33,759] {logging_mixin.py:104} INFO - [2021-12-21 00:29:33,759] {dag.py:2306} INFO - Setting next_dagrun for example_branch_dop_operator_v3 to 2021-12-19 00:00:00+00:00
[2021-12-21 00:29:33,788] {scheduler_job.py:190} INFO - Processing /home/airflow/.local/lib/python3.8/site-packages/airflow/example_dags/example_branch_python_dop_operator_3.py took 0.163 seconds
[2021-12-21 00:30:04,858] {scheduler_job.py:182} INFO - Started process (PID=11717) to work on /home/airflow/.local/lib/python3.8/site-packages/airflow/example_dags/example_branch_python_dop_operator_3.py
[2021-12-21 00:30:04,863] {scheduler_job.py:633} INFO - Processing file /home/airflow/.local/lib/python3.8/site-packages/airflow/example_dags/example_branch_python_dop_operator_3.py for tasks to queue
[2021-12-21 00:30:04,867] {logging_mixin.py:104} INFO - [2021-12-21 00:30:04,867] {dagbag.py:496} INFO - Filling up the DagBag from /home/airflow/.local/lib/python3.8/site-packages/airflow/example_dags/example_branch_python_dop_operator_3.py
[2021-12-21 00:30:04,896] {scheduler_job.py:643} INFO - DAG(s) dict_keys(['example_branch_dop_operator_v3']) retrieved from /home/airflow/.local/lib/python3.8/site-packages/airflow/example_dags/example_branch_python_dop_operator_3.py
[2021-12-21 00:30:04,947] {logging_mixin.py:104} INFO - [2021-12-21 00:30:04,947] {dag.py:1833} INFO - Sync 1 DAGs
[2021-12-21 00:30:04,982] {logging_mixin.py:104} INFO - [2021-12-21 00:30:04,982] {dag.py:2306} INFO - Setting next_dagrun for example_branch_dop_operator_v3 to 2021-12-19 00:00:00+00:00
[2021-12-21 00:30:05,009] {scheduler_job.py:190} INFO - Processing /home/airflow/.local/lib/python3.8/site-packages/airflow/example_dags/example_branch_python_dop_operator_3.py took 0.161 seconds
[2021-12-21 00:30:35,768] {scheduler_job.py:182} INFO - Started process (PID=11747) to work on /home/airflow/.local/lib/python3.8/site-packages/airflow/example_dags/example_branch_python_dop_operator_3.py
[2021-12-21 00:30:35,774] {scheduler_job.py:633} INFO - Processing file /home/airflow/.local/lib/python3.8/site-packages/airflow/example_dags/example_branch_python_dop_operator_3.py for tasks to queue
[2021-12-21 00:30:35,778] {logging_mixin.py:104} INFO - [2021-12-21 00:30:35,777] {dagbag.py:496} INFO - Filling up the DagBag from /home/airflow/.local/lib/python3.8/site-packages/airflow/example_dags/example_branch_python_dop_operator_3.py
[2021-12-21 00:30:35,806] {scheduler_job.py:643} INFO - DAG(s) dict_keys(['example_branch_dop_operator_v3']) retrieved from /home/airflow/.local/lib/python3.8/site-packages/airflow/example_dags/example_branch_python_dop_operator_3.py
[2021-12-21 00:30:35,855] {logging_mixin.py:104} INFO - [2021-12-21 00:30:35,855] {dag.py:1833} INFO - Sync 1 DAGs
[2021-12-21 00:30:35,926] {logging_mixin.py:104} INFO - [2021-12-21 00:30:35,926] {dag.py:2306} INFO - Setting next_dagrun for example_branch_dop_operator_v3 to 2021-12-19 00:00:00+00:00
[2021-12-21 00:30:35,963] {scheduler_job.py:190} INFO - Processing /home/airflow/.local/lib/python3.8/site-packages/airflow/example_dags/example_branch_python_dop_operator_3.py took 0.204 seconds
[2021-12-21 00:39:27,216] {scheduler_job.py:182} INFO - Started process (PID=11793) to work on /home/airflow/.local/lib/python3.8/site-packages/airflow/example_dags/example_branch_python_dop_operator_3.py
[2021-12-21 00:39:27,235] {scheduler_job.py:633} INFO - Processing file /home/airflow/.local/lib/python3.8/site-packages/airflow/example_dags/example_branch_python_dop_operator_3.py for tasks to queue
[2021-12-21 00:39:27,243] {logging_mixin.py:104} INFO - [2021-12-21 00:39:27,242] {dagbag.py:496} INFO - Filling up the DagBag from /home/airflow/.local/lib/python3.8/site-packages/airflow/example_dags/example_branch_python_dop_operator_3.py
[2021-12-21 00:39:27,284] {scheduler_job.py:643} INFO - DAG(s) dict_keys(['example_branch_dop_operator_v3']) retrieved from /home/airflow/.local/lib/python3.8/site-packages/airflow/example_dags/example_branch_python_dop_operator_3.py
[2021-12-21 00:39:27,348] {logging_mixin.py:104} INFO - [2021-12-21 00:39:27,348] {dag.py:1833} INFO - Sync 1 DAGs
[2021-12-21 00:39:27,402] {logging_mixin.py:104} INFO - [2021-12-21 00:39:27,400] {dag.py:2306} INFO - Setting next_dagrun for example_branch_dop_operator_v3 to 2021-12-19 00:00:00+00:00
[2021-12-21 00:39:27,434] {scheduler_job.py:190} INFO - Processing /home/airflow/.local/lib/python3.8/site-packages/airflow/example_dags/example_branch_python_dop_operator_3.py took 0.230 seconds
[2021-12-21 00:39:59,213] {scheduler_job.py:182} INFO - Started process (PID=11824) to work on /home/airflow/.local/lib/python3.8/site-packages/airflow/example_dags/example_branch_python_dop_operator_3.py
[2021-12-21 00:39:59,224] {scheduler_job.py:633} INFO - Processing file /home/airflow/.local/lib/python3.8/site-packages/airflow/example_dags/example_branch_python_dop_operator_3.py for tasks to queue
[2021-12-21 00:39:59,228] {logging_mixin.py:104} INFO - [2021-12-21 00:39:59,227] {dagbag.py:496} INFO - Filling up the DagBag from /home/airflow/.local/lib/python3.8/site-packages/airflow/example_dags/example_branch_python_dop_operator_3.py
[2021-12-21 00:39:59,299] {scheduler_job.py:643} INFO - DAG(s) dict_keys(['example_branch_dop_operator_v3']) retrieved from /home/airflow/.local/lib/python3.8/site-packages/airflow/example_dags/example_branch_python_dop_operator_3.py
[2021-12-21 00:39:59,428] {logging_mixin.py:104} INFO - [2021-12-21 00:39:59,427] {dag.py:1833} INFO - Sync 1 DAGs
[2021-12-21 00:39:59,517] {logging_mixin.py:104} INFO - [2021-12-21 00:39:59,517] {dag.py:2306} INFO - Setting next_dagrun for example_branch_dop_operator_v3 to 2021-12-19 00:00:00+00:00
[2021-12-21 00:39:59,555] {scheduler_job.py:190} INFO - Processing /home/airflow/.local/lib/python3.8/site-packages/airflow/example_dags/example_branch_python_dop_operator_3.py took 0.348 seconds
