[2021-12-21 00:00:25,572] {scheduler_job.py:182} INFO - Started process (PID=9916) to work on /home/airflow/.local/lib/python3.8/site-packages/airflow/example_dags/example_latest_only_with_trigger.py
[2021-12-21 00:00:25,582] {scheduler_job.py:633} INFO - Processing file /home/airflow/.local/lib/python3.8/site-packages/airflow/example_dags/example_latest_only_with_trigger.py for tasks to queue
[2021-12-21 00:00:25,600] {logging_mixin.py:104} INFO - [2021-12-21 00:00:25,600] {dagbag.py:496} INFO - Filling up the DagBag from /home/airflow/.local/lib/python3.8/site-packages/airflow/example_dags/example_latest_only_with_trigger.py
[2021-12-21 00:00:25,640] {scheduler_job.py:643} INFO - DAG(s) dict_keys(['latest_only_with_trigger']) retrieved from /home/airflow/.local/lib/python3.8/site-packages/airflow/example_dags/example_latest_only_with_trigger.py
[2021-12-21 00:00:26,227] {logging_mixin.py:104} INFO - [2021-12-21 00:00:26,227] {dag.py:1833} INFO - Sync 1 DAGs
[2021-12-21 00:00:26,262] {logging_mixin.py:104} INFO - [2021-12-21 00:00:26,261] {dag.py:2306} INFO - Setting next_dagrun for latest_only_with_trigger to 2021-12-19 00:00:00+00:00
[2021-12-21 00:00:26,309] {scheduler_job.py:190} INFO - Processing /home/airflow/.local/lib/python3.8/site-packages/airflow/example_dags/example_latest_only_with_trigger.py took 0.753 seconds
[2021-12-21 00:00:56,959] {scheduler_job.py:182} INFO - Started process (PID=9947) to work on /home/airflow/.local/lib/python3.8/site-packages/airflow/example_dags/example_latest_only_with_trigger.py
[2021-12-21 00:00:56,963] {scheduler_job.py:633} INFO - Processing file /home/airflow/.local/lib/python3.8/site-packages/airflow/example_dags/example_latest_only_with_trigger.py for tasks to queue
[2021-12-21 00:00:56,965] {logging_mixin.py:104} INFO - [2021-12-21 00:00:56,965] {dagbag.py:496} INFO - Filling up the DagBag from /home/airflow/.local/lib/python3.8/site-packages/airflow/example_dags/example_latest_only_with_trigger.py
[2021-12-21 00:00:56,994] {scheduler_job.py:643} INFO - DAG(s) dict_keys(['latest_only_with_trigger']) retrieved from /home/airflow/.local/lib/python3.8/site-packages/airflow/example_dags/example_latest_only_with_trigger.py
[2021-12-21 00:00:57,050] {logging_mixin.py:104} INFO - [2021-12-21 00:00:57,050] {dag.py:1833} INFO - Sync 1 DAGs
[2021-12-21 00:00:57,079] {logging_mixin.py:104} INFO - [2021-12-21 00:00:57,079] {dag.py:2306} INFO - Setting next_dagrun for latest_only_with_trigger to 2021-12-19 00:00:00+00:00
[2021-12-21 00:00:57,114] {scheduler_job.py:190} INFO - Processing /home/airflow/.local/lib/python3.8/site-packages/airflow/example_dags/example_latest_only_with_trigger.py took 0.159 seconds
[2021-12-21 00:01:27,246] {scheduler_job.py:182} INFO - Started process (PID=9978) to work on /home/airflow/.local/lib/python3.8/site-packages/airflow/example_dags/example_latest_only_with_trigger.py
[2021-12-21 00:01:27,249] {scheduler_job.py:633} INFO - Processing file /home/airflow/.local/lib/python3.8/site-packages/airflow/example_dags/example_latest_only_with_trigger.py for tasks to queue
[2021-12-21 00:01:27,252] {logging_mixin.py:104} INFO - [2021-12-21 00:01:27,252] {dagbag.py:496} INFO - Filling up the DagBag from /home/airflow/.local/lib/python3.8/site-packages/airflow/example_dags/example_latest_only_with_trigger.py
[2021-12-21 00:01:27,277] {scheduler_job.py:643} INFO - DAG(s) dict_keys(['latest_only_with_trigger']) retrieved from /home/airflow/.local/lib/python3.8/site-packages/airflow/example_dags/example_latest_only_with_trigger.py
[2021-12-21 00:01:27,341] {logging_mixin.py:104} INFO - [2021-12-21 00:01:27,341] {dag.py:1833} INFO - Sync 1 DAGs
[2021-12-21 00:01:27,359] {logging_mixin.py:104} INFO - [2021-12-21 00:01:27,358] {dag.py:2306} INFO - Setting next_dagrun for latest_only_with_trigger to 2021-12-19 00:00:00+00:00
[2021-12-21 00:01:27,378] {scheduler_job.py:190} INFO - Processing /home/airflow/.local/lib/python3.8/site-packages/airflow/example_dags/example_latest_only_with_trigger.py took 0.142 seconds
[2021-12-21 00:01:57,704] {scheduler_job.py:182} INFO - Started process (PID=10009) to work on /home/airflow/.local/lib/python3.8/site-packages/airflow/example_dags/example_latest_only_with_trigger.py
[2021-12-21 00:01:57,711] {scheduler_job.py:633} INFO - Processing file /home/airflow/.local/lib/python3.8/site-packages/airflow/example_dags/example_latest_only_with_trigger.py for tasks to queue
[2021-12-21 00:01:57,717] {logging_mixin.py:104} INFO - [2021-12-21 00:01:57,716] {dagbag.py:496} INFO - Filling up the DagBag from /home/airflow/.local/lib/python3.8/site-packages/airflow/example_dags/example_latest_only_with_trigger.py
[2021-12-21 00:01:57,768] {scheduler_job.py:643} INFO - DAG(s) dict_keys(['latest_only_with_trigger']) retrieved from /home/airflow/.local/lib/python3.8/site-packages/airflow/example_dags/example_latest_only_with_trigger.py
[2021-12-21 00:01:57,838] {logging_mixin.py:104} INFO - [2021-12-21 00:01:57,838] {dag.py:1833} INFO - Sync 1 DAGs
[2021-12-21 00:01:57,881] {logging_mixin.py:104} INFO - [2021-12-21 00:01:57,881] {dag.py:2306} INFO - Setting next_dagrun for latest_only_with_trigger to 2021-12-19 00:00:00+00:00
[2021-12-21 00:01:57,918] {scheduler_job.py:190} INFO - Processing /home/airflow/.local/lib/python3.8/site-packages/airflow/example_dags/example_latest_only_with_trigger.py took 0.220 seconds
[2021-12-21 00:02:28,563] {scheduler_job.py:182} INFO - Started process (PID=10040) to work on /home/airflow/.local/lib/python3.8/site-packages/airflow/example_dags/example_latest_only_with_trigger.py
[2021-12-21 00:02:28,572] {scheduler_job.py:633} INFO - Processing file /home/airflow/.local/lib/python3.8/site-packages/airflow/example_dags/example_latest_only_with_trigger.py for tasks to queue
[2021-12-21 00:02:28,576] {logging_mixin.py:104} INFO - [2021-12-21 00:02:28,575] {dagbag.py:496} INFO - Filling up the DagBag from /home/airflow/.local/lib/python3.8/site-packages/airflow/example_dags/example_latest_only_with_trigger.py
[2021-12-21 00:02:28,617] {scheduler_job.py:643} INFO - DAG(s) dict_keys(['latest_only_with_trigger']) retrieved from /home/airflow/.local/lib/python3.8/site-packages/airflow/example_dags/example_latest_only_with_trigger.py
[2021-12-21 00:02:28,680] {logging_mixin.py:104} INFO - [2021-12-21 00:02:28,680] {dag.py:1833} INFO - Sync 1 DAGs
[2021-12-21 00:02:28,707] {logging_mixin.py:104} INFO - [2021-12-21 00:02:28,707] {dag.py:2306} INFO - Setting next_dagrun for latest_only_with_trigger to 2021-12-19 00:00:00+00:00
[2021-12-21 00:02:28,732] {scheduler_job.py:190} INFO - Processing /home/airflow/.local/lib/python3.8/site-packages/airflow/example_dags/example_latest_only_with_trigger.py took 0.177 seconds
[2021-12-21 00:02:59,629] {scheduler_job.py:182} INFO - Started process (PID=10071) to work on /home/airflow/.local/lib/python3.8/site-packages/airflow/example_dags/example_latest_only_with_trigger.py
[2021-12-21 00:02:59,644] {scheduler_job.py:633} INFO - Processing file /home/airflow/.local/lib/python3.8/site-packages/airflow/example_dags/example_latest_only_with_trigger.py for tasks to queue
[2021-12-21 00:02:59,652] {logging_mixin.py:104} INFO - [2021-12-21 00:02:59,649] {dagbag.py:496} INFO - Filling up the DagBag from /home/airflow/.local/lib/python3.8/site-packages/airflow/example_dags/example_latest_only_with_trigger.py
[2021-12-21 00:02:59,680] {scheduler_job.py:643} INFO - DAG(s) dict_keys(['latest_only_with_trigger']) retrieved from /home/airflow/.local/lib/python3.8/site-packages/airflow/example_dags/example_latest_only_with_trigger.py
[2021-12-21 00:02:59,732] {logging_mixin.py:104} INFO - [2021-12-21 00:02:59,732] {dag.py:1833} INFO - Sync 1 DAGs
[2021-12-21 00:02:59,751] {logging_mixin.py:104} INFO - [2021-12-21 00:02:59,751] {dag.py:2306} INFO - Setting next_dagrun for latest_only_with_trigger to 2021-12-19 00:00:00+00:00
[2021-12-21 00:02:59,776] {scheduler_job.py:190} INFO - Processing /home/airflow/.local/lib/python3.8/site-packages/airflow/example_dags/example_latest_only_with_trigger.py took 0.160 seconds
[2021-12-21 00:03:30,216] {scheduler_job.py:182} INFO - Started process (PID=10101) to work on /home/airflow/.local/lib/python3.8/site-packages/airflow/example_dags/example_latest_only_with_trigger.py
[2021-12-21 00:03:30,226] {scheduler_job.py:633} INFO - Processing file /home/airflow/.local/lib/python3.8/site-packages/airflow/example_dags/example_latest_only_with_trigger.py for tasks to queue
[2021-12-21 00:03:30,230] {logging_mixin.py:104} INFO - [2021-12-21 00:03:30,229] {dagbag.py:496} INFO - Filling up the DagBag from /home/airflow/.local/lib/python3.8/site-packages/airflow/example_dags/example_latest_only_with_trigger.py
[2021-12-21 00:03:30,277] {scheduler_job.py:643} INFO - DAG(s) dict_keys(['latest_only_with_trigger']) retrieved from /home/airflow/.local/lib/python3.8/site-packages/airflow/example_dags/example_latest_only_with_trigger.py
[2021-12-21 00:03:30,348] {logging_mixin.py:104} INFO - [2021-12-21 00:03:30,347] {dag.py:1833} INFO - Sync 1 DAGs
[2021-12-21 00:03:30,377] {logging_mixin.py:104} INFO - [2021-12-21 00:03:30,376] {dag.py:2306} INFO - Setting next_dagrun for latest_only_with_trigger to 2021-12-19 00:00:00+00:00
[2021-12-21 00:03:30,399] {scheduler_job.py:190} INFO - Processing /home/airflow/.local/lib/python3.8/site-packages/airflow/example_dags/example_latest_only_with_trigger.py took 0.194 seconds
[2021-12-21 00:04:00,887] {scheduler_job.py:182} INFO - Started process (PID=10132) to work on /home/airflow/.local/lib/python3.8/site-packages/airflow/example_dags/example_latest_only_with_trigger.py
[2021-12-21 00:04:00,890] {scheduler_job.py:633} INFO - Processing file /home/airflow/.local/lib/python3.8/site-packages/airflow/example_dags/example_latest_only_with_trigger.py for tasks to queue
[2021-12-21 00:04:00,892] {logging_mixin.py:104} INFO - [2021-12-21 00:04:00,892] {dagbag.py:496} INFO - Filling up the DagBag from /home/airflow/.local/lib/python3.8/site-packages/airflow/example_dags/example_latest_only_with_trigger.py
[2021-12-21 00:04:00,910] {scheduler_job.py:643} INFO - DAG(s) dict_keys(['latest_only_with_trigger']) retrieved from /home/airflow/.local/lib/python3.8/site-packages/airflow/example_dags/example_latest_only_with_trigger.py
[2021-12-21 00:04:00,962] {logging_mixin.py:104} INFO - [2021-12-21 00:04:00,962] {dag.py:1833} INFO - Sync 1 DAGs
[2021-12-21 00:04:00,987] {logging_mixin.py:104} INFO - [2021-12-21 00:04:00,986] {dag.py:2306} INFO - Setting next_dagrun for latest_only_with_trigger to 2021-12-19 00:00:00+00:00
[2021-12-21 00:04:01,008] {scheduler_job.py:190} INFO - Processing /home/airflow/.local/lib/python3.8/site-packages/airflow/example_dags/example_latest_only_with_trigger.py took 0.131 seconds
[2021-12-21 00:04:31,181] {scheduler_job.py:182} INFO - Started process (PID=10163) to work on /home/airflow/.local/lib/python3.8/site-packages/airflow/example_dags/example_latest_only_with_trigger.py
[2021-12-21 00:04:31,188] {scheduler_job.py:633} INFO - Processing file /home/airflow/.local/lib/python3.8/site-packages/airflow/example_dags/example_latest_only_with_trigger.py for tasks to queue
[2021-12-21 00:04:31,192] {logging_mixin.py:104} INFO - [2021-12-21 00:04:31,191] {dagbag.py:496} INFO - Filling up the DagBag from /home/airflow/.local/lib/python3.8/site-packages/airflow/example_dags/example_latest_only_with_trigger.py
[2021-12-21 00:04:31,238] {scheduler_job.py:643} INFO - DAG(s) dict_keys(['latest_only_with_trigger']) retrieved from /home/airflow/.local/lib/python3.8/site-packages/airflow/example_dags/example_latest_only_with_trigger.py
[2021-12-21 00:04:31,309] {logging_mixin.py:104} INFO - [2021-12-21 00:04:31,309] {dag.py:1833} INFO - Sync 1 DAGs
[2021-12-21 00:04:31,330] {logging_mixin.py:104} INFO - [2021-12-21 00:04:31,330] {dag.py:2306} INFO - Setting next_dagrun for latest_only_with_trigger to 2021-12-19 00:00:00+00:00
[2021-12-21 00:04:31,372] {scheduler_job.py:190} INFO - Processing /home/airflow/.local/lib/python3.8/site-packages/airflow/example_dags/example_latest_only_with_trigger.py took 0.197 seconds
[2021-12-21 00:05:01,632] {scheduler_job.py:182} INFO - Started process (PID=10194) to work on /home/airflow/.local/lib/python3.8/site-packages/airflow/example_dags/example_latest_only_with_trigger.py
[2021-12-21 00:05:01,639] {scheduler_job.py:633} INFO - Processing file /home/airflow/.local/lib/python3.8/site-packages/airflow/example_dags/example_latest_only_with_trigger.py for tasks to queue
[2021-12-21 00:05:01,643] {logging_mixin.py:104} INFO - [2021-12-21 00:05:01,642] {dagbag.py:496} INFO - Filling up the DagBag from /home/airflow/.local/lib/python3.8/site-packages/airflow/example_dags/example_latest_only_with_trigger.py
[2021-12-21 00:05:01,676] {scheduler_job.py:643} INFO - DAG(s) dict_keys(['latest_only_with_trigger']) retrieved from /home/airflow/.local/lib/python3.8/site-packages/airflow/example_dags/example_latest_only_with_trigger.py
[2021-12-21 00:05:01,776] {logging_mixin.py:104} INFO - [2021-12-21 00:05:01,776] {dag.py:1833} INFO - Sync 1 DAGs
[2021-12-21 00:05:01,830] {logging_mixin.py:104} INFO - [2021-12-21 00:05:01,830] {dag.py:2306} INFO - Setting next_dagrun for latest_only_with_trigger to 2021-12-19 00:00:00+00:00
[2021-12-21 00:05:01,888] {scheduler_job.py:190} INFO - Processing /home/airflow/.local/lib/python3.8/site-packages/airflow/example_dags/example_latest_only_with_trigger.py took 0.265 seconds
[2021-12-21 00:05:32,313] {scheduler_job.py:182} INFO - Started process (PID=10225) to work on /home/airflow/.local/lib/python3.8/site-packages/airflow/example_dags/example_latest_only_with_trigger.py
[2021-12-21 00:05:32,323] {scheduler_job.py:633} INFO - Processing file /home/airflow/.local/lib/python3.8/site-packages/airflow/example_dags/example_latest_only_with_trigger.py for tasks to queue
[2021-12-21 00:05:32,333] {logging_mixin.py:104} INFO - [2021-12-21 00:05:32,332] {dagbag.py:496} INFO - Filling up the DagBag from /home/airflow/.local/lib/python3.8/site-packages/airflow/example_dags/example_latest_only_with_trigger.py
[2021-12-21 00:05:32,376] {scheduler_job.py:643} INFO - DAG(s) dict_keys(['latest_only_with_trigger']) retrieved from /home/airflow/.local/lib/python3.8/site-packages/airflow/example_dags/example_latest_only_with_trigger.py
[2021-12-21 00:05:32,473] {logging_mixin.py:104} INFO - [2021-12-21 00:05:32,472] {dag.py:1833} INFO - Sync 1 DAGs
[2021-12-21 00:05:32,516] {logging_mixin.py:104} INFO - [2021-12-21 00:05:32,516] {dag.py:2306} INFO - Setting next_dagrun for latest_only_with_trigger to 2021-12-19 00:00:00+00:00
[2021-12-21 00:05:32,563] {scheduler_job.py:190} INFO - Processing /home/airflow/.local/lib/python3.8/site-packages/airflow/example_dags/example_latest_only_with_trigger.py took 0.258 seconds
[2021-12-21 00:06:02,634] {scheduler_job.py:182} INFO - Started process (PID=10256) to work on /home/airflow/.local/lib/python3.8/site-packages/airflow/example_dags/example_latest_only_with_trigger.py
[2021-12-21 00:06:02,639] {scheduler_job.py:633} INFO - Processing file /home/airflow/.local/lib/python3.8/site-packages/airflow/example_dags/example_latest_only_with_trigger.py for tasks to queue
[2021-12-21 00:06:02,644] {logging_mixin.py:104} INFO - [2021-12-21 00:06:02,643] {dagbag.py:496} INFO - Filling up the DagBag from /home/airflow/.local/lib/python3.8/site-packages/airflow/example_dags/example_latest_only_with_trigger.py
[2021-12-21 00:06:02,681] {scheduler_job.py:643} INFO - DAG(s) dict_keys(['latest_only_with_trigger']) retrieved from /home/airflow/.local/lib/python3.8/site-packages/airflow/example_dags/example_latest_only_with_trigger.py
[2021-12-21 00:06:02,737] {logging_mixin.py:104} INFO - [2021-12-21 00:06:02,737] {dag.py:1833} INFO - Sync 1 DAGs
[2021-12-21 00:06:02,756] {logging_mixin.py:104} INFO - [2021-12-21 00:06:02,756] {dag.py:2306} INFO - Setting next_dagrun for latest_only_with_trigger to 2021-12-19 00:00:00+00:00
[2021-12-21 00:06:02,790] {scheduler_job.py:190} INFO - Processing /home/airflow/.local/lib/python3.8/site-packages/airflow/example_dags/example_latest_only_with_trigger.py took 0.173 seconds
[2021-12-21 00:06:32,950] {scheduler_job.py:182} INFO - Started process (PID=10287) to work on /home/airflow/.local/lib/python3.8/site-packages/airflow/example_dags/example_latest_only_with_trigger.py
[2021-12-21 00:06:32,958] {scheduler_job.py:633} INFO - Processing file /home/airflow/.local/lib/python3.8/site-packages/airflow/example_dags/example_latest_only_with_trigger.py for tasks to queue
[2021-12-21 00:06:32,963] {logging_mixin.py:104} INFO - [2021-12-21 00:06:32,963] {dagbag.py:496} INFO - Filling up the DagBag from /home/airflow/.local/lib/python3.8/site-packages/airflow/example_dags/example_latest_only_with_trigger.py
[2021-12-21 00:06:33,003] {scheduler_job.py:643} INFO - DAG(s) dict_keys(['latest_only_with_trigger']) retrieved from /home/airflow/.local/lib/python3.8/site-packages/airflow/example_dags/example_latest_only_with_trigger.py
[2021-12-21 00:06:33,064] {logging_mixin.py:104} INFO - [2021-12-21 00:06:33,064] {dag.py:1833} INFO - Sync 1 DAGs
[2021-12-21 00:06:33,086] {logging_mixin.py:104} INFO - [2021-12-21 00:06:33,086] {dag.py:2306} INFO - Setting next_dagrun for latest_only_with_trigger to 2021-12-19 00:00:00+00:00
[2021-12-21 00:06:33,128] {scheduler_job.py:190} INFO - Processing /home/airflow/.local/lib/python3.8/site-packages/airflow/example_dags/example_latest_only_with_trigger.py took 0.186 seconds
[2021-12-21 00:07:03,686] {scheduler_job.py:182} INFO - Started process (PID=10318) to work on /home/airflow/.local/lib/python3.8/site-packages/airflow/example_dags/example_latest_only_with_trigger.py
[2021-12-21 00:07:03,692] {scheduler_job.py:633} INFO - Processing file /home/airflow/.local/lib/python3.8/site-packages/airflow/example_dags/example_latest_only_with_trigger.py for tasks to queue
[2021-12-21 00:07:03,696] {logging_mixin.py:104} INFO - [2021-12-21 00:07:03,696] {dagbag.py:496} INFO - Filling up the DagBag from /home/airflow/.local/lib/python3.8/site-packages/airflow/example_dags/example_latest_only_with_trigger.py
[2021-12-21 00:07:03,722] {scheduler_job.py:643} INFO - DAG(s) dict_keys(['latest_only_with_trigger']) retrieved from /home/airflow/.local/lib/python3.8/site-packages/airflow/example_dags/example_latest_only_with_trigger.py
[2021-12-21 00:07:03,783] {logging_mixin.py:104} INFO - [2021-12-21 00:07:03,783] {dag.py:1833} INFO - Sync 1 DAGs
[2021-12-21 00:07:03,827] {logging_mixin.py:104} INFO - [2021-12-21 00:07:03,827] {dag.py:2306} INFO - Setting next_dagrun for latest_only_with_trigger to 2021-12-19 00:00:00+00:00
[2021-12-21 00:07:03,871] {scheduler_job.py:190} INFO - Processing /home/airflow/.local/lib/python3.8/site-packages/airflow/example_dags/example_latest_only_with_trigger.py took 0.195 seconds
[2021-12-21 00:07:34,490] {scheduler_job.py:182} INFO - Started process (PID=10349) to work on /home/airflow/.local/lib/python3.8/site-packages/airflow/example_dags/example_latest_only_with_trigger.py
[2021-12-21 00:07:34,503] {scheduler_job.py:633} INFO - Processing file /home/airflow/.local/lib/python3.8/site-packages/airflow/example_dags/example_latest_only_with_trigger.py for tasks to queue
[2021-12-21 00:07:34,507] {logging_mixin.py:104} INFO - [2021-12-21 00:07:34,507] {dagbag.py:496} INFO - Filling up the DagBag from /home/airflow/.local/lib/python3.8/site-packages/airflow/example_dags/example_latest_only_with_trigger.py
[2021-12-21 00:07:34,536] {scheduler_job.py:643} INFO - DAG(s) dict_keys(['latest_only_with_trigger']) retrieved from /home/airflow/.local/lib/python3.8/site-packages/airflow/example_dags/example_latest_only_with_trigger.py
[2021-12-21 00:07:34,684] {logging_mixin.py:104} INFO - [2021-12-21 00:07:34,684] {dag.py:1833} INFO - Sync 1 DAGs
[2021-12-21 00:07:34,759] {logging_mixin.py:104} INFO - [2021-12-21 00:07:34,759] {dag.py:2306} INFO - Setting next_dagrun for latest_only_with_trigger to 2021-12-19 00:00:00+00:00
[2021-12-21 00:07:34,812] {scheduler_job.py:190} INFO - Processing /home/airflow/.local/lib/python3.8/site-packages/airflow/example_dags/example_latest_only_with_trigger.py took 0.325 seconds
[2021-12-21 00:08:05,507] {scheduler_job.py:182} INFO - Started process (PID=10380) to work on /home/airflow/.local/lib/python3.8/site-packages/airflow/example_dags/example_latest_only_with_trigger.py
[2021-12-21 00:08:05,517] {scheduler_job.py:633} INFO - Processing file /home/airflow/.local/lib/python3.8/site-packages/airflow/example_dags/example_latest_only_with_trigger.py for tasks to queue
[2021-12-21 00:08:05,524] {logging_mixin.py:104} INFO - [2021-12-21 00:08:05,524] {dagbag.py:496} INFO - Filling up the DagBag from /home/airflow/.local/lib/python3.8/site-packages/airflow/example_dags/example_latest_only_with_trigger.py
[2021-12-21 00:08:05,554] {scheduler_job.py:643} INFO - DAG(s) dict_keys(['latest_only_with_trigger']) retrieved from /home/airflow/.local/lib/python3.8/site-packages/airflow/example_dags/example_latest_only_with_trigger.py
[2021-12-21 00:08:05,604] {logging_mixin.py:104} INFO - [2021-12-21 00:08:05,604] {dag.py:1833} INFO - Sync 1 DAGs
[2021-12-21 00:08:05,627] {logging_mixin.py:104} INFO - [2021-12-21 00:08:05,627] {dag.py:2306} INFO - Setting next_dagrun for latest_only_with_trigger to 2021-12-19 00:00:00+00:00
[2021-12-21 00:08:05,651] {scheduler_job.py:190} INFO - Processing /home/airflow/.local/lib/python3.8/site-packages/airflow/example_dags/example_latest_only_with_trigger.py took 0.161 seconds
[2021-12-21 00:08:35,959] {scheduler_job.py:182} INFO - Started process (PID=10411) to work on /home/airflow/.local/lib/python3.8/site-packages/airflow/example_dags/example_latest_only_with_trigger.py
[2021-12-21 00:08:35,963] {scheduler_job.py:633} INFO - Processing file /home/airflow/.local/lib/python3.8/site-packages/airflow/example_dags/example_latest_only_with_trigger.py for tasks to queue
[2021-12-21 00:08:35,967] {logging_mixin.py:104} INFO - [2021-12-21 00:08:35,966] {dagbag.py:496} INFO - Filling up the DagBag from /home/airflow/.local/lib/python3.8/site-packages/airflow/example_dags/example_latest_only_with_trigger.py
[2021-12-21 00:08:35,991] {scheduler_job.py:643} INFO - DAG(s) dict_keys(['latest_only_with_trigger']) retrieved from /home/airflow/.local/lib/python3.8/site-packages/airflow/example_dags/example_latest_only_with_trigger.py
[2021-12-21 00:08:36,051] {logging_mixin.py:104} INFO - [2021-12-21 00:08:36,051] {dag.py:1833} INFO - Sync 1 DAGs
[2021-12-21 00:08:36,081] {logging_mixin.py:104} INFO - [2021-12-21 00:08:36,080] {dag.py:2306} INFO - Setting next_dagrun for latest_only_with_trigger to 2021-12-19 00:00:00+00:00
[2021-12-21 00:08:36,133] {scheduler_job.py:190} INFO - Processing /home/airflow/.local/lib/python3.8/site-packages/airflow/example_dags/example_latest_only_with_trigger.py took 0.180 seconds
[2021-12-21 00:09:06,312] {scheduler_job.py:182} INFO - Started process (PID=10442) to work on /home/airflow/.local/lib/python3.8/site-packages/airflow/example_dags/example_latest_only_with_trigger.py
[2021-12-21 00:09:06,318] {scheduler_job.py:633} INFO - Processing file /home/airflow/.local/lib/python3.8/site-packages/airflow/example_dags/example_latest_only_with_trigger.py for tasks to queue
[2021-12-21 00:09:06,327] {logging_mixin.py:104} INFO - [2021-12-21 00:09:06,326] {dagbag.py:496} INFO - Filling up the DagBag from /home/airflow/.local/lib/python3.8/site-packages/airflow/example_dags/example_latest_only_with_trigger.py
[2021-12-21 00:09:06,358] {scheduler_job.py:643} INFO - DAG(s) dict_keys(['latest_only_with_trigger']) retrieved from /home/airflow/.local/lib/python3.8/site-packages/airflow/example_dags/example_latest_only_with_trigger.py
[2021-12-21 00:09:06,452] {logging_mixin.py:104} INFO - [2021-12-21 00:09:06,452] {dag.py:1833} INFO - Sync 1 DAGs
[2021-12-21 00:09:06,521] {logging_mixin.py:104} INFO - [2021-12-21 00:09:06,520] {dag.py:2306} INFO - Setting next_dagrun for latest_only_with_trigger to 2021-12-19 00:00:00+00:00
[2021-12-21 00:09:06,557] {scheduler_job.py:190} INFO - Processing /home/airflow/.local/lib/python3.8/site-packages/airflow/example_dags/example_latest_only_with_trigger.py took 0.251 seconds
[2021-12-21 00:09:36,718] {scheduler_job.py:182} INFO - Started process (PID=10473) to work on /home/airflow/.local/lib/python3.8/site-packages/airflow/example_dags/example_latest_only_with_trigger.py
[2021-12-21 00:09:36,723] {scheduler_job.py:633} INFO - Processing file /home/airflow/.local/lib/python3.8/site-packages/airflow/example_dags/example_latest_only_with_trigger.py for tasks to queue
[2021-12-21 00:09:36,729] {logging_mixin.py:104} INFO - [2021-12-21 00:09:36,729] {dagbag.py:496} INFO - Filling up the DagBag from /home/airflow/.local/lib/python3.8/site-packages/airflow/example_dags/example_latest_only_with_trigger.py
[2021-12-21 00:09:36,773] {scheduler_job.py:643} INFO - DAG(s) dict_keys(['latest_only_with_trigger']) retrieved from /home/airflow/.local/lib/python3.8/site-packages/airflow/example_dags/example_latest_only_with_trigger.py
[2021-12-21 00:09:36,842] {logging_mixin.py:104} INFO - [2021-12-21 00:09:36,842] {dag.py:1833} INFO - Sync 1 DAGs
[2021-12-21 00:09:36,864] {logging_mixin.py:104} INFO - [2021-12-21 00:09:36,864] {dag.py:2306} INFO - Setting next_dagrun for latest_only_with_trigger to 2021-12-19 00:00:00+00:00
[2021-12-21 00:09:36,899] {scheduler_job.py:190} INFO - Processing /home/airflow/.local/lib/python3.8/site-packages/airflow/example_dags/example_latest_only_with_trigger.py took 0.189 seconds
[2021-12-21 00:10:07,009] {scheduler_job.py:182} INFO - Started process (PID=10504) to work on /home/airflow/.local/lib/python3.8/site-packages/airflow/example_dags/example_latest_only_with_trigger.py
[2021-12-21 00:10:07,016] {scheduler_job.py:633} INFO - Processing file /home/airflow/.local/lib/python3.8/site-packages/airflow/example_dags/example_latest_only_with_trigger.py for tasks to queue
[2021-12-21 00:10:07,018] {logging_mixin.py:104} INFO - [2021-12-21 00:10:07,018] {dagbag.py:496} INFO - Filling up the DagBag from /home/airflow/.local/lib/python3.8/site-packages/airflow/example_dags/example_latest_only_with_trigger.py
[2021-12-21 00:10:07,055] {scheduler_job.py:643} INFO - DAG(s) dict_keys(['latest_only_with_trigger']) retrieved from /home/airflow/.local/lib/python3.8/site-packages/airflow/example_dags/example_latest_only_with_trigger.py
[2021-12-21 00:10:07,131] {logging_mixin.py:104} INFO - [2021-12-21 00:10:07,131] {dag.py:1833} INFO - Sync 1 DAGs
[2021-12-21 00:10:07,175] {logging_mixin.py:104} INFO - [2021-12-21 00:10:07,174] {dag.py:2306} INFO - Setting next_dagrun for latest_only_with_trigger to 2021-12-19 00:00:00+00:00
[2021-12-21 00:10:07,218] {scheduler_job.py:190} INFO - Processing /home/airflow/.local/lib/python3.8/site-packages/airflow/example_dags/example_latest_only_with_trigger.py took 0.227 seconds
[2021-12-21 00:10:37,824] {scheduler_job.py:182} INFO - Started process (PID=10535) to work on /home/airflow/.local/lib/python3.8/site-packages/airflow/example_dags/example_latest_only_with_trigger.py
[2021-12-21 00:10:37,830] {scheduler_job.py:633} INFO - Processing file /home/airflow/.local/lib/python3.8/site-packages/airflow/example_dags/example_latest_only_with_trigger.py for tasks to queue
[2021-12-21 00:10:37,833] {logging_mixin.py:104} INFO - [2021-12-21 00:10:37,833] {dagbag.py:496} INFO - Filling up the DagBag from /home/airflow/.local/lib/python3.8/site-packages/airflow/example_dags/example_latest_only_with_trigger.py
[2021-12-21 00:10:37,851] {scheduler_job.py:643} INFO - DAG(s) dict_keys(['latest_only_with_trigger']) retrieved from /home/airflow/.local/lib/python3.8/site-packages/airflow/example_dags/example_latest_only_with_trigger.py
[2021-12-21 00:10:37,908] {logging_mixin.py:104} INFO - [2021-12-21 00:10:37,908] {dag.py:1833} INFO - Sync 1 DAGs
[2021-12-21 00:10:37,927] {logging_mixin.py:104} INFO - [2021-12-21 00:10:37,926] {dag.py:2306} INFO - Setting next_dagrun for latest_only_with_trigger to 2021-12-19 00:00:00+00:00
[2021-12-21 00:10:37,945] {scheduler_job.py:190} INFO - Processing /home/airflow/.local/lib/python3.8/site-packages/airflow/example_dags/example_latest_only_with_trigger.py took 0.126 seconds
[2021-12-21 00:11:08,536] {scheduler_job.py:182} INFO - Started process (PID=10566) to work on /home/airflow/.local/lib/python3.8/site-packages/airflow/example_dags/example_latest_only_with_trigger.py
[2021-12-21 00:11:08,539] {scheduler_job.py:633} INFO - Processing file /home/airflow/.local/lib/python3.8/site-packages/airflow/example_dags/example_latest_only_with_trigger.py for tasks to queue
[2021-12-21 00:11:08,543] {logging_mixin.py:104} INFO - [2021-12-21 00:11:08,543] {dagbag.py:496} INFO - Filling up the DagBag from /home/airflow/.local/lib/python3.8/site-packages/airflow/example_dags/example_latest_only_with_trigger.py
[2021-12-21 00:11:08,563] {scheduler_job.py:643} INFO - DAG(s) dict_keys(['latest_only_with_trigger']) retrieved from /home/airflow/.local/lib/python3.8/site-packages/airflow/example_dags/example_latest_only_with_trigger.py
[2021-12-21 00:11:08,628] {logging_mixin.py:104} INFO - [2021-12-21 00:11:08,628] {dag.py:1833} INFO - Sync 1 DAGs
[2021-12-21 00:11:08,645] {logging_mixin.py:104} INFO - [2021-12-21 00:11:08,645] {dag.py:2306} INFO - Setting next_dagrun for latest_only_with_trigger to 2021-12-19 00:00:00+00:00
[2021-12-21 00:11:08,663] {scheduler_job.py:190} INFO - Processing /home/airflow/.local/lib/python3.8/site-packages/airflow/example_dags/example_latest_only_with_trigger.py took 0.131 seconds
[2021-12-21 00:11:38,758] {scheduler_job.py:182} INFO - Started process (PID=10596) to work on /home/airflow/.local/lib/python3.8/site-packages/airflow/example_dags/example_latest_only_with_trigger.py
[2021-12-21 00:11:38,762] {scheduler_job.py:633} INFO - Processing file /home/airflow/.local/lib/python3.8/site-packages/airflow/example_dags/example_latest_only_with_trigger.py for tasks to queue
[2021-12-21 00:11:38,765] {logging_mixin.py:104} INFO - [2021-12-21 00:11:38,765] {dagbag.py:496} INFO - Filling up the DagBag from /home/airflow/.local/lib/python3.8/site-packages/airflow/example_dags/example_latest_only_with_trigger.py
[2021-12-21 00:11:38,790] {scheduler_job.py:643} INFO - DAG(s) dict_keys(['latest_only_with_trigger']) retrieved from /home/airflow/.local/lib/python3.8/site-packages/airflow/example_dags/example_latest_only_with_trigger.py
[2021-12-21 00:11:38,845] {logging_mixin.py:104} INFO - [2021-12-21 00:11:38,845] {dag.py:1833} INFO - Sync 1 DAGs
[2021-12-21 00:11:38,863] {logging_mixin.py:104} INFO - [2021-12-21 00:11:38,863] {dag.py:2306} INFO - Setting next_dagrun for latest_only_with_trigger to 2021-12-19 00:00:00+00:00
[2021-12-21 00:11:38,888] {scheduler_job.py:190} INFO - Processing /home/airflow/.local/lib/python3.8/site-packages/airflow/example_dags/example_latest_only_with_trigger.py took 0.135 seconds
[2021-12-21 00:12:09,122] {scheduler_job.py:182} INFO - Started process (PID=10627) to work on /home/airflow/.local/lib/python3.8/site-packages/airflow/example_dags/example_latest_only_with_trigger.py
[2021-12-21 00:12:09,127] {scheduler_job.py:633} INFO - Processing file /home/airflow/.local/lib/python3.8/site-packages/airflow/example_dags/example_latest_only_with_trigger.py for tasks to queue
[2021-12-21 00:12:09,131] {logging_mixin.py:104} INFO - [2021-12-21 00:12:09,131] {dagbag.py:496} INFO - Filling up the DagBag from /home/airflow/.local/lib/python3.8/site-packages/airflow/example_dags/example_latest_only_with_trigger.py
[2021-12-21 00:12:09,156] {scheduler_job.py:643} INFO - DAG(s) dict_keys(['latest_only_with_trigger']) retrieved from /home/airflow/.local/lib/python3.8/site-packages/airflow/example_dags/example_latest_only_with_trigger.py
[2021-12-21 00:12:09,211] {logging_mixin.py:104} INFO - [2021-12-21 00:12:09,211] {dag.py:1833} INFO - Sync 1 DAGs
[2021-12-21 00:12:09,235] {logging_mixin.py:104} INFO - [2021-12-21 00:12:09,235] {dag.py:2306} INFO - Setting next_dagrun for latest_only_with_trigger to 2021-12-19 00:00:00+00:00
[2021-12-21 00:12:09,265] {scheduler_job.py:190} INFO - Processing /home/airflow/.local/lib/python3.8/site-packages/airflow/example_dags/example_latest_only_with_trigger.py took 0.154 seconds
[2021-12-21 00:12:40,239] {scheduler_job.py:182} INFO - Started process (PID=10659) to work on /home/airflow/.local/lib/python3.8/site-packages/airflow/example_dags/example_latest_only_with_trigger.py
[2021-12-21 00:12:40,254] {scheduler_job.py:633} INFO - Processing file /home/airflow/.local/lib/python3.8/site-packages/airflow/example_dags/example_latest_only_with_trigger.py for tasks to queue
[2021-12-21 00:12:40,258] {logging_mixin.py:104} INFO - [2021-12-21 00:12:40,258] {dagbag.py:496} INFO - Filling up the DagBag from /home/airflow/.local/lib/python3.8/site-packages/airflow/example_dags/example_latest_only_with_trigger.py
[2021-12-21 00:12:40,290] {scheduler_job.py:643} INFO - DAG(s) dict_keys(['latest_only_with_trigger']) retrieved from /home/airflow/.local/lib/python3.8/site-packages/airflow/example_dags/example_latest_only_with_trigger.py
[2021-12-21 00:12:40,356] {logging_mixin.py:104} INFO - [2021-12-21 00:12:40,356] {dag.py:1833} INFO - Sync 1 DAGs
[2021-12-21 00:12:40,384] {logging_mixin.py:104} INFO - [2021-12-21 00:12:40,384] {dag.py:2306} INFO - Setting next_dagrun for latest_only_with_trigger to 2021-12-19 00:00:00+00:00
[2021-12-21 00:12:40,421] {scheduler_job.py:190} INFO - Processing /home/airflow/.local/lib/python3.8/site-packages/airflow/example_dags/example_latest_only_with_trigger.py took 0.192 seconds
[2021-12-21 00:13:10,597] {scheduler_job.py:182} INFO - Started process (PID=10690) to work on /home/airflow/.local/lib/python3.8/site-packages/airflow/example_dags/example_latest_only_with_trigger.py
[2021-12-21 00:13:10,603] {scheduler_job.py:633} INFO - Processing file /home/airflow/.local/lib/python3.8/site-packages/airflow/example_dags/example_latest_only_with_trigger.py for tasks to queue
[2021-12-21 00:13:10,608] {logging_mixin.py:104} INFO - [2021-12-21 00:13:10,608] {dagbag.py:496} INFO - Filling up the DagBag from /home/airflow/.local/lib/python3.8/site-packages/airflow/example_dags/example_latest_only_with_trigger.py
[2021-12-21 00:13:10,629] {scheduler_job.py:643} INFO - DAG(s) dict_keys(['latest_only_with_trigger']) retrieved from /home/airflow/.local/lib/python3.8/site-packages/airflow/example_dags/example_latest_only_with_trigger.py
[2021-12-21 00:13:10,711] {logging_mixin.py:104} INFO - [2021-12-21 00:13:10,711] {dag.py:1833} INFO - Sync 1 DAGs
[2021-12-21 00:13:10,736] {logging_mixin.py:104} INFO - [2021-12-21 00:13:10,736] {dag.py:2306} INFO - Setting next_dagrun for latest_only_with_trigger to 2021-12-19 00:00:00+00:00
[2021-12-21 00:13:10,764] {scheduler_job.py:190} INFO - Processing /home/airflow/.local/lib/python3.8/site-packages/airflow/example_dags/example_latest_only_with_trigger.py took 0.173 seconds
[2021-12-21 00:13:41,011] {scheduler_job.py:182} INFO - Started process (PID=10720) to work on /home/airflow/.local/lib/python3.8/site-packages/airflow/example_dags/example_latest_only_with_trigger.py
[2021-12-21 00:13:41,027] {scheduler_job.py:633} INFO - Processing file /home/airflow/.local/lib/python3.8/site-packages/airflow/example_dags/example_latest_only_with_trigger.py for tasks to queue
[2021-12-21 00:13:41,040] {logging_mixin.py:104} INFO - [2021-12-21 00:13:41,039] {dagbag.py:496} INFO - Filling up the DagBag from /home/airflow/.local/lib/python3.8/site-packages/airflow/example_dags/example_latest_only_with_trigger.py
[2021-12-21 00:13:41,099] {scheduler_job.py:643} INFO - DAG(s) dict_keys(['latest_only_with_trigger']) retrieved from /home/airflow/.local/lib/python3.8/site-packages/airflow/example_dags/example_latest_only_with_trigger.py
[2021-12-21 00:13:41,207] {logging_mixin.py:104} INFO - [2021-12-21 00:13:41,207] {dag.py:1833} INFO - Sync 1 DAGs
[2021-12-21 00:13:41,269] {logging_mixin.py:104} INFO - [2021-12-21 00:13:41,269] {dag.py:2306} INFO - Setting next_dagrun for latest_only_with_trigger to 2021-12-19 00:00:00+00:00
[2021-12-21 00:13:41,309] {scheduler_job.py:190} INFO - Processing /home/airflow/.local/lib/python3.8/site-packages/airflow/example_dags/example_latest_only_with_trigger.py took 0.320 seconds
[2021-12-21 00:14:11,465] {scheduler_job.py:182} INFO - Started process (PID=10751) to work on /home/airflow/.local/lib/python3.8/site-packages/airflow/example_dags/example_latest_only_with_trigger.py
[2021-12-21 00:14:11,475] {scheduler_job.py:633} INFO - Processing file /home/airflow/.local/lib/python3.8/site-packages/airflow/example_dags/example_latest_only_with_trigger.py for tasks to queue
[2021-12-21 00:14:11,478] {logging_mixin.py:104} INFO - [2021-12-21 00:14:11,478] {dagbag.py:496} INFO - Filling up the DagBag from /home/airflow/.local/lib/python3.8/site-packages/airflow/example_dags/example_latest_only_with_trigger.py
[2021-12-21 00:14:11,500] {scheduler_job.py:643} INFO - DAG(s) dict_keys(['latest_only_with_trigger']) retrieved from /home/airflow/.local/lib/python3.8/site-packages/airflow/example_dags/example_latest_only_with_trigger.py
[2021-12-21 00:14:11,558] {logging_mixin.py:104} INFO - [2021-12-21 00:14:11,558] {dag.py:1833} INFO - Sync 1 DAGs
[2021-12-21 00:14:11,595] {logging_mixin.py:104} INFO - [2021-12-21 00:14:11,595] {dag.py:2306} INFO - Setting next_dagrun for latest_only_with_trigger to 2021-12-19 00:00:00+00:00
[2021-12-21 00:14:11,627] {scheduler_job.py:190} INFO - Processing /home/airflow/.local/lib/python3.8/site-packages/airflow/example_dags/example_latest_only_with_trigger.py took 0.173 seconds
[2021-12-21 00:14:42,056] {scheduler_job.py:182} INFO - Started process (PID=10782) to work on /home/airflow/.local/lib/python3.8/site-packages/airflow/example_dags/example_latest_only_with_trigger.py
[2021-12-21 00:14:42,060] {scheduler_job.py:633} INFO - Processing file /home/airflow/.local/lib/python3.8/site-packages/airflow/example_dags/example_latest_only_with_trigger.py for tasks to queue
[2021-12-21 00:14:42,063] {logging_mixin.py:104} INFO - [2021-12-21 00:14:42,063] {dagbag.py:496} INFO - Filling up the DagBag from /home/airflow/.local/lib/python3.8/site-packages/airflow/example_dags/example_latest_only_with_trigger.py
[2021-12-21 00:14:42,094] {scheduler_job.py:643} INFO - DAG(s) dict_keys(['latest_only_with_trigger']) retrieved from /home/airflow/.local/lib/python3.8/site-packages/airflow/example_dags/example_latest_only_with_trigger.py
[2021-12-21 00:14:42,150] {logging_mixin.py:104} INFO - [2021-12-21 00:14:42,150] {dag.py:1833} INFO - Sync 1 DAGs
[2021-12-21 00:14:42,185] {logging_mixin.py:104} INFO - [2021-12-21 00:14:42,184] {dag.py:2306} INFO - Setting next_dagrun for latest_only_with_trigger to 2021-12-19 00:00:00+00:00
[2021-12-21 00:14:42,213] {scheduler_job.py:190} INFO - Processing /home/airflow/.local/lib/python3.8/site-packages/airflow/example_dags/example_latest_only_with_trigger.py took 0.162 seconds
[2021-12-21 00:15:12,591] {scheduler_job.py:182} INFO - Started process (PID=10813) to work on /home/airflow/.local/lib/python3.8/site-packages/airflow/example_dags/example_latest_only_with_trigger.py
[2021-12-21 00:15:12,594] {scheduler_job.py:633} INFO - Processing file /home/airflow/.local/lib/python3.8/site-packages/airflow/example_dags/example_latest_only_with_trigger.py for tasks to queue
[2021-12-21 00:15:12,598] {logging_mixin.py:104} INFO - [2021-12-21 00:15:12,597] {dagbag.py:496} INFO - Filling up the DagBag from /home/airflow/.local/lib/python3.8/site-packages/airflow/example_dags/example_latest_only_with_trigger.py
[2021-12-21 00:15:12,626] {scheduler_job.py:643} INFO - DAG(s) dict_keys(['latest_only_with_trigger']) retrieved from /home/airflow/.local/lib/python3.8/site-packages/airflow/example_dags/example_latest_only_with_trigger.py
[2021-12-21 00:15:12,671] {logging_mixin.py:104} INFO - [2021-12-21 00:15:12,671] {dag.py:1833} INFO - Sync 1 DAGs
[2021-12-21 00:15:12,691] {logging_mixin.py:104} INFO - [2021-12-21 00:15:12,691] {dag.py:2306} INFO - Setting next_dagrun for latest_only_with_trigger to 2021-12-19 00:00:00+00:00
[2021-12-21 00:15:12,719] {scheduler_job.py:190} INFO - Processing /home/airflow/.local/lib/python3.8/site-packages/airflow/example_dags/example_latest_only_with_trigger.py took 0.133 seconds
[2021-12-21 00:15:42,788] {scheduler_job.py:182} INFO - Started process (PID=10843) to work on /home/airflow/.local/lib/python3.8/site-packages/airflow/example_dags/example_latest_only_with_trigger.py
[2021-12-21 00:15:42,791] {scheduler_job.py:633} INFO - Processing file /home/airflow/.local/lib/python3.8/site-packages/airflow/example_dags/example_latest_only_with_trigger.py for tasks to queue
[2021-12-21 00:15:42,793] {logging_mixin.py:104} INFO - [2021-12-21 00:15:42,793] {dagbag.py:496} INFO - Filling up the DagBag from /home/airflow/.local/lib/python3.8/site-packages/airflow/example_dags/example_latest_only_with_trigger.py
[2021-12-21 00:15:42,812] {scheduler_job.py:643} INFO - DAG(s) dict_keys(['latest_only_with_trigger']) retrieved from /home/airflow/.local/lib/python3.8/site-packages/airflow/example_dags/example_latest_only_with_trigger.py
[2021-12-21 00:15:42,864] {logging_mixin.py:104} INFO - [2021-12-21 00:15:42,864] {dag.py:1833} INFO - Sync 1 DAGs
[2021-12-21 00:15:42,882] {logging_mixin.py:104} INFO - [2021-12-21 00:15:42,882] {dag.py:2306} INFO - Setting next_dagrun for latest_only_with_trigger to 2021-12-19 00:00:00+00:00
[2021-12-21 00:15:42,905] {scheduler_job.py:190} INFO - Processing /home/airflow/.local/lib/python3.8/site-packages/airflow/example_dags/example_latest_only_with_trigger.py took 0.122 seconds
[2021-12-21 00:16:13,061] {scheduler_job.py:182} INFO - Started process (PID=10873) to work on /home/airflow/.local/lib/python3.8/site-packages/airflow/example_dags/example_latest_only_with_trigger.py
[2021-12-21 00:16:13,066] {scheduler_job.py:633} INFO - Processing file /home/airflow/.local/lib/python3.8/site-packages/airflow/example_dags/example_latest_only_with_trigger.py for tasks to queue
[2021-12-21 00:16:13,070] {logging_mixin.py:104} INFO - [2021-12-21 00:16:13,069] {dagbag.py:496} INFO - Filling up the DagBag from /home/airflow/.local/lib/python3.8/site-packages/airflow/example_dags/example_latest_only_with_trigger.py
[2021-12-21 00:16:13,102] {scheduler_job.py:643} INFO - DAG(s) dict_keys(['latest_only_with_trigger']) retrieved from /home/airflow/.local/lib/python3.8/site-packages/airflow/example_dags/example_latest_only_with_trigger.py
[2021-12-21 00:16:13,181] {logging_mixin.py:104} INFO - [2021-12-21 00:16:13,181] {dag.py:1833} INFO - Sync 1 DAGs
[2021-12-21 00:16:13,214] {logging_mixin.py:104} INFO - [2021-12-21 00:16:13,213] {dag.py:2306} INFO - Setting next_dagrun for latest_only_with_trigger to 2021-12-19 00:00:00+00:00
[2021-12-21 00:16:13,247] {scheduler_job.py:190} INFO - Processing /home/airflow/.local/lib/python3.8/site-packages/airflow/example_dags/example_latest_only_with_trigger.py took 0.193 seconds
[2021-12-21 00:16:43,352] {scheduler_job.py:182} INFO - Started process (PID=10904) to work on /home/airflow/.local/lib/python3.8/site-packages/airflow/example_dags/example_latest_only_with_trigger.py
[2021-12-21 00:16:43,359] {scheduler_job.py:633} INFO - Processing file /home/airflow/.local/lib/python3.8/site-packages/airflow/example_dags/example_latest_only_with_trigger.py for tasks to queue
[2021-12-21 00:16:43,363] {logging_mixin.py:104} INFO - [2021-12-21 00:16:43,362] {dagbag.py:496} INFO - Filling up the DagBag from /home/airflow/.local/lib/python3.8/site-packages/airflow/example_dags/example_latest_only_with_trigger.py
[2021-12-21 00:16:43,394] {scheduler_job.py:643} INFO - DAG(s) dict_keys(['latest_only_with_trigger']) retrieved from /home/airflow/.local/lib/python3.8/site-packages/airflow/example_dags/example_latest_only_with_trigger.py
[2021-12-21 00:16:43,478] {logging_mixin.py:104} INFO - [2021-12-21 00:16:43,478] {dag.py:1833} INFO - Sync 1 DAGs
[2021-12-21 00:16:43,502] {logging_mixin.py:104} INFO - [2021-12-21 00:16:43,501] {dag.py:2306} INFO - Setting next_dagrun for latest_only_with_trigger to 2021-12-19 00:00:00+00:00
[2021-12-21 00:16:43,529] {scheduler_job.py:190} INFO - Processing /home/airflow/.local/lib/python3.8/site-packages/airflow/example_dags/example_latest_only_with_trigger.py took 0.184 seconds
[2021-12-21 00:17:13,913] {scheduler_job.py:182} INFO - Started process (PID=10936) to work on /home/airflow/.local/lib/python3.8/site-packages/airflow/example_dags/example_latest_only_with_trigger.py
[2021-12-21 00:17:13,915] {scheduler_job.py:633} INFO - Processing file /home/airflow/.local/lib/python3.8/site-packages/airflow/example_dags/example_latest_only_with_trigger.py for tasks to queue
[2021-12-21 00:17:13,918] {logging_mixin.py:104} INFO - [2021-12-21 00:17:13,918] {dagbag.py:496} INFO - Filling up the DagBag from /home/airflow/.local/lib/python3.8/site-packages/airflow/example_dags/example_latest_only_with_trigger.py
[2021-12-21 00:17:13,945] {scheduler_job.py:643} INFO - DAG(s) dict_keys(['latest_only_with_trigger']) retrieved from /home/airflow/.local/lib/python3.8/site-packages/airflow/example_dags/example_latest_only_with_trigger.py
[2021-12-21 00:17:14,018] {logging_mixin.py:104} INFO - [2021-12-21 00:17:14,018] {dag.py:1833} INFO - Sync 1 DAGs
[2021-12-21 00:17:14,043] {logging_mixin.py:104} INFO - [2021-12-21 00:17:14,043] {dag.py:2306} INFO - Setting next_dagrun for latest_only_with_trigger to 2021-12-19 00:00:00+00:00
[2021-12-21 00:17:14,078] {scheduler_job.py:190} INFO - Processing /home/airflow/.local/lib/python3.8/site-packages/airflow/example_dags/example_latest_only_with_trigger.py took 0.172 seconds
[2021-12-21 00:17:44,304] {scheduler_job.py:182} INFO - Started process (PID=10967) to work on /home/airflow/.local/lib/python3.8/site-packages/airflow/example_dags/example_latest_only_with_trigger.py
[2021-12-21 00:17:44,309] {scheduler_job.py:633} INFO - Processing file /home/airflow/.local/lib/python3.8/site-packages/airflow/example_dags/example_latest_only_with_trigger.py for tasks to queue
[2021-12-21 00:17:44,313] {logging_mixin.py:104} INFO - [2021-12-21 00:17:44,313] {dagbag.py:496} INFO - Filling up the DagBag from /home/airflow/.local/lib/python3.8/site-packages/airflow/example_dags/example_latest_only_with_trigger.py
[2021-12-21 00:17:44,340] {scheduler_job.py:643} INFO - DAG(s) dict_keys(['latest_only_with_trigger']) retrieved from /home/airflow/.local/lib/python3.8/site-packages/airflow/example_dags/example_latest_only_with_trigger.py
[2021-12-21 00:17:44,411] {logging_mixin.py:104} INFO - [2021-12-21 00:17:44,411] {dag.py:1833} INFO - Sync 1 DAGs
[2021-12-21 00:17:44,448] {logging_mixin.py:104} INFO - [2021-12-21 00:17:44,448] {dag.py:2306} INFO - Setting next_dagrun for latest_only_with_trigger to 2021-12-19 00:00:00+00:00
[2021-12-21 00:17:44,476] {scheduler_job.py:190} INFO - Processing /home/airflow/.local/lib/python3.8/site-packages/airflow/example_dags/example_latest_only_with_trigger.py took 0.202 seconds
[2021-12-21 00:18:14,649] {scheduler_job.py:182} INFO - Started process (PID=10998) to work on /home/airflow/.local/lib/python3.8/site-packages/airflow/example_dags/example_latest_only_with_trigger.py
[2021-12-21 00:18:14,654] {scheduler_job.py:633} INFO - Processing file /home/airflow/.local/lib/python3.8/site-packages/airflow/example_dags/example_latest_only_with_trigger.py for tasks to queue
[2021-12-21 00:18:14,657] {logging_mixin.py:104} INFO - [2021-12-21 00:18:14,657] {dagbag.py:496} INFO - Filling up the DagBag from /home/airflow/.local/lib/python3.8/site-packages/airflow/example_dags/example_latest_only_with_trigger.py
[2021-12-21 00:18:14,686] {scheduler_job.py:643} INFO - DAG(s) dict_keys(['latest_only_with_trigger']) retrieved from /home/airflow/.local/lib/python3.8/site-packages/airflow/example_dags/example_latest_only_with_trigger.py
[2021-12-21 00:18:14,747] {logging_mixin.py:104} INFO - [2021-12-21 00:18:14,747] {dag.py:1833} INFO - Sync 1 DAGs
[2021-12-21 00:18:14,765] {logging_mixin.py:104} INFO - [2021-12-21 00:18:14,764] {dag.py:2306} INFO - Setting next_dagrun for latest_only_with_trigger to 2021-12-19 00:00:00+00:00
[2021-12-21 00:18:14,786] {scheduler_job.py:190} INFO - Processing /home/airflow/.local/lib/python3.8/site-packages/airflow/example_dags/example_latest_only_with_trigger.py took 0.144 seconds
[2021-12-21 00:18:45,041] {scheduler_job.py:182} INFO - Started process (PID=11029) to work on /home/airflow/.local/lib/python3.8/site-packages/airflow/example_dags/example_latest_only_with_trigger.py
[2021-12-21 00:18:45,046] {scheduler_job.py:633} INFO - Processing file /home/airflow/.local/lib/python3.8/site-packages/airflow/example_dags/example_latest_only_with_trigger.py for tasks to queue
[2021-12-21 00:18:45,049] {logging_mixin.py:104} INFO - [2021-12-21 00:18:45,048] {dagbag.py:496} INFO - Filling up the DagBag from /home/airflow/.local/lib/python3.8/site-packages/airflow/example_dags/example_latest_only_with_trigger.py
[2021-12-21 00:18:45,072] {scheduler_job.py:643} INFO - DAG(s) dict_keys(['latest_only_with_trigger']) retrieved from /home/airflow/.local/lib/python3.8/site-packages/airflow/example_dags/example_latest_only_with_trigger.py
[2021-12-21 00:18:45,123] {logging_mixin.py:104} INFO - [2021-12-21 00:18:45,123] {dag.py:1833} INFO - Sync 1 DAGs
[2021-12-21 00:18:45,140] {logging_mixin.py:104} INFO - [2021-12-21 00:18:45,140] {dag.py:2306} INFO - Setting next_dagrun for latest_only_with_trigger to 2021-12-19 00:00:00+00:00
[2021-12-21 00:18:45,162] {scheduler_job.py:190} INFO - Processing /home/airflow/.local/lib/python3.8/site-packages/airflow/example_dags/example_latest_only_with_trigger.py took 0.127 seconds
[2021-12-21 00:19:15,849] {scheduler_job.py:182} INFO - Started process (PID=11060) to work on /home/airflow/.local/lib/python3.8/site-packages/airflow/example_dags/example_latest_only_with_trigger.py
[2021-12-21 00:19:15,856] {scheduler_job.py:633} INFO - Processing file /home/airflow/.local/lib/python3.8/site-packages/airflow/example_dags/example_latest_only_with_trigger.py for tasks to queue
[2021-12-21 00:19:15,860] {logging_mixin.py:104} INFO - [2021-12-21 00:19:15,860] {dagbag.py:496} INFO - Filling up the DagBag from /home/airflow/.local/lib/python3.8/site-packages/airflow/example_dags/example_latest_only_with_trigger.py
[2021-12-21 00:19:15,903] {scheduler_job.py:643} INFO - DAG(s) dict_keys(['latest_only_with_trigger']) retrieved from /home/airflow/.local/lib/python3.8/site-packages/airflow/example_dags/example_latest_only_with_trigger.py
[2021-12-21 00:19:15,994] {logging_mixin.py:104} INFO - [2021-12-21 00:19:15,994] {dag.py:1833} INFO - Sync 1 DAGs
[2021-12-21 00:19:16,044] {logging_mixin.py:104} INFO - [2021-12-21 00:19:16,043] {dag.py:2306} INFO - Setting next_dagrun for latest_only_with_trigger to 2021-12-19 00:00:00+00:00
[2021-12-21 00:19:16,118] {scheduler_job.py:190} INFO - Processing /home/airflow/.local/lib/python3.8/site-packages/airflow/example_dags/example_latest_only_with_trigger.py took 0.275 seconds
[2021-12-21 00:19:46,571] {scheduler_job.py:182} INFO - Started process (PID=11091) to work on /home/airflow/.local/lib/python3.8/site-packages/airflow/example_dags/example_latest_only_with_trigger.py
[2021-12-21 00:19:46,574] {scheduler_job.py:633} INFO - Processing file /home/airflow/.local/lib/python3.8/site-packages/airflow/example_dags/example_latest_only_with_trigger.py for tasks to queue
[2021-12-21 00:19:46,578] {logging_mixin.py:104} INFO - [2021-12-21 00:19:46,578] {dagbag.py:496} INFO - Filling up the DagBag from /home/airflow/.local/lib/python3.8/site-packages/airflow/example_dags/example_latest_only_with_trigger.py
[2021-12-21 00:19:46,605] {scheduler_job.py:643} INFO - DAG(s) dict_keys(['latest_only_with_trigger']) retrieved from /home/airflow/.local/lib/python3.8/site-packages/airflow/example_dags/example_latest_only_with_trigger.py
[2021-12-21 00:19:46,652] {logging_mixin.py:104} INFO - [2021-12-21 00:19:46,652] {dag.py:1833} INFO - Sync 1 DAGs
[2021-12-21 00:19:46,669] {logging_mixin.py:104} INFO - [2021-12-21 00:19:46,669] {dag.py:2306} INFO - Setting next_dagrun for latest_only_with_trigger to 2021-12-19 00:00:00+00:00
[2021-12-21 00:19:46,691] {scheduler_job.py:190} INFO - Processing /home/airflow/.local/lib/python3.8/site-packages/airflow/example_dags/example_latest_only_with_trigger.py took 0.127 seconds
[2021-12-21 00:20:17,477] {scheduler_job.py:182} INFO - Started process (PID=11122) to work on /home/airflow/.local/lib/python3.8/site-packages/airflow/example_dags/example_latest_only_with_trigger.py
[2021-12-21 00:20:17,487] {scheduler_job.py:633} INFO - Processing file /home/airflow/.local/lib/python3.8/site-packages/airflow/example_dags/example_latest_only_with_trigger.py for tasks to queue
[2021-12-21 00:20:17,492] {logging_mixin.py:104} INFO - [2021-12-21 00:20:17,491] {dagbag.py:496} INFO - Filling up the DagBag from /home/airflow/.local/lib/python3.8/site-packages/airflow/example_dags/example_latest_only_with_trigger.py
[2021-12-21 00:20:17,519] {scheduler_job.py:643} INFO - DAG(s) dict_keys(['latest_only_with_trigger']) retrieved from /home/airflow/.local/lib/python3.8/site-packages/airflow/example_dags/example_latest_only_with_trigger.py
[2021-12-21 00:20:17,586] {logging_mixin.py:104} INFO - [2021-12-21 00:20:17,585] {dag.py:1833} INFO - Sync 1 DAGs
[2021-12-21 00:20:17,618] {logging_mixin.py:104} INFO - [2021-12-21 00:20:17,618] {dag.py:2306} INFO - Setting next_dagrun for latest_only_with_trigger to 2021-12-19 00:00:00+00:00
[2021-12-21 00:20:17,655] {scheduler_job.py:190} INFO - Processing /home/airflow/.local/lib/python3.8/site-packages/airflow/example_dags/example_latest_only_with_trigger.py took 0.190 seconds
[2021-12-21 00:20:47,769] {scheduler_job.py:182} INFO - Started process (PID=11153) to work on /home/airflow/.local/lib/python3.8/site-packages/airflow/example_dags/example_latest_only_with_trigger.py
[2021-12-21 00:20:47,778] {scheduler_job.py:633} INFO - Processing file /home/airflow/.local/lib/python3.8/site-packages/airflow/example_dags/example_latest_only_with_trigger.py for tasks to queue
[2021-12-21 00:20:47,788] {logging_mixin.py:104} INFO - [2021-12-21 00:20:47,788] {dagbag.py:496} INFO - Filling up the DagBag from /home/airflow/.local/lib/python3.8/site-packages/airflow/example_dags/example_latest_only_with_trigger.py
[2021-12-21 00:20:47,816] {scheduler_job.py:643} INFO - DAG(s) dict_keys(['latest_only_with_trigger']) retrieved from /home/airflow/.local/lib/python3.8/site-packages/airflow/example_dags/example_latest_only_with_trigger.py
[2021-12-21 00:20:47,915] {logging_mixin.py:104} INFO - [2021-12-21 00:20:47,914] {dag.py:1833} INFO - Sync 1 DAGs
[2021-12-21 00:20:47,943] {logging_mixin.py:104} INFO - [2021-12-21 00:20:47,942] {dag.py:2306} INFO - Setting next_dagrun for latest_only_with_trigger to 2021-12-19 00:00:00+00:00
[2021-12-21 00:20:47,983] {scheduler_job.py:190} INFO - Processing /home/airflow/.local/lib/python3.8/site-packages/airflow/example_dags/example_latest_only_with_trigger.py took 0.231 seconds
[2021-12-21 00:21:18,392] {scheduler_job.py:182} INFO - Started process (PID=11184) to work on /home/airflow/.local/lib/python3.8/site-packages/airflow/example_dags/example_latest_only_with_trigger.py
[2021-12-21 00:21:18,396] {scheduler_job.py:633} INFO - Processing file /home/airflow/.local/lib/python3.8/site-packages/airflow/example_dags/example_latest_only_with_trigger.py for tasks to queue
[2021-12-21 00:21:18,400] {logging_mixin.py:104} INFO - [2021-12-21 00:21:18,400] {dagbag.py:496} INFO - Filling up the DagBag from /home/airflow/.local/lib/python3.8/site-packages/airflow/example_dags/example_latest_only_with_trigger.py
[2021-12-21 00:21:18,431] {scheduler_job.py:643} INFO - DAG(s) dict_keys(['latest_only_with_trigger']) retrieved from /home/airflow/.local/lib/python3.8/site-packages/airflow/example_dags/example_latest_only_with_trigger.py
[2021-12-21 00:21:18,515] {logging_mixin.py:104} INFO - [2021-12-21 00:21:18,515] {dag.py:1833} INFO - Sync 1 DAGs
[2021-12-21 00:21:18,545] {logging_mixin.py:104} INFO - [2021-12-21 00:21:18,544] {dag.py:2306} INFO - Setting next_dagrun for latest_only_with_trigger to 2021-12-19 00:00:00+00:00
[2021-12-21 00:21:18,589] {scheduler_job.py:190} INFO - Processing /home/airflow/.local/lib/python3.8/site-packages/airflow/example_dags/example_latest_only_with_trigger.py took 0.206 seconds
[2021-12-21 00:21:48,790] {scheduler_job.py:182} INFO - Started process (PID=11215) to work on /home/airflow/.local/lib/python3.8/site-packages/airflow/example_dags/example_latest_only_with_trigger.py
[2021-12-21 00:21:48,798] {scheduler_job.py:633} INFO - Processing file /home/airflow/.local/lib/python3.8/site-packages/airflow/example_dags/example_latest_only_with_trigger.py for tasks to queue
[2021-12-21 00:21:48,803] {logging_mixin.py:104} INFO - [2021-12-21 00:21:48,802] {dagbag.py:496} INFO - Filling up the DagBag from /home/airflow/.local/lib/python3.8/site-packages/airflow/example_dags/example_latest_only_with_trigger.py
[2021-12-21 00:21:48,854] {scheduler_job.py:643} INFO - DAG(s) dict_keys(['latest_only_with_trigger']) retrieved from /home/airflow/.local/lib/python3.8/site-packages/airflow/example_dags/example_latest_only_with_trigger.py
[2021-12-21 00:21:48,926] {logging_mixin.py:104} INFO - [2021-12-21 00:21:48,926] {dag.py:1833} INFO - Sync 1 DAGs
[2021-12-21 00:21:48,945] {logging_mixin.py:104} INFO - [2021-12-21 00:21:48,944] {dag.py:2306} INFO - Setting next_dagrun for latest_only_with_trigger to 2021-12-19 00:00:00+00:00
[2021-12-21 00:21:48,985] {scheduler_job.py:190} INFO - Processing /home/airflow/.local/lib/python3.8/site-packages/airflow/example_dags/example_latest_only_with_trigger.py took 0.220 seconds
[2021-12-21 00:22:19,186] {scheduler_job.py:182} INFO - Started process (PID=11246) to work on /home/airflow/.local/lib/python3.8/site-packages/airflow/example_dags/example_latest_only_with_trigger.py
[2021-12-21 00:22:19,192] {scheduler_job.py:633} INFO - Processing file /home/airflow/.local/lib/python3.8/site-packages/airflow/example_dags/example_latest_only_with_trigger.py for tasks to queue
[2021-12-21 00:22:19,195] {logging_mixin.py:104} INFO - [2021-12-21 00:22:19,194] {dagbag.py:496} INFO - Filling up the DagBag from /home/airflow/.local/lib/python3.8/site-packages/airflow/example_dags/example_latest_only_with_trigger.py
[2021-12-21 00:22:19,220] {scheduler_job.py:643} INFO - DAG(s) dict_keys(['latest_only_with_trigger']) retrieved from /home/airflow/.local/lib/python3.8/site-packages/airflow/example_dags/example_latest_only_with_trigger.py
[2021-12-21 00:22:19,278] {logging_mixin.py:104} INFO - [2021-12-21 00:22:19,277] {dag.py:1833} INFO - Sync 1 DAGs
[2021-12-21 00:22:19,297] {logging_mixin.py:104} INFO - [2021-12-21 00:22:19,297] {dag.py:2306} INFO - Setting next_dagrun for latest_only_with_trigger to 2021-12-19 00:00:00+00:00
[2021-12-21 00:22:19,323] {scheduler_job.py:190} INFO - Processing /home/airflow/.local/lib/python3.8/site-packages/airflow/example_dags/example_latest_only_with_trigger.py took 0.144 seconds
[2021-12-21 00:22:49,526] {scheduler_job.py:182} INFO - Started process (PID=11277) to work on /home/airflow/.local/lib/python3.8/site-packages/airflow/example_dags/example_latest_only_with_trigger.py
[2021-12-21 00:22:49,530] {scheduler_job.py:633} INFO - Processing file /home/airflow/.local/lib/python3.8/site-packages/airflow/example_dags/example_latest_only_with_trigger.py for tasks to queue
[2021-12-21 00:22:49,534] {logging_mixin.py:104} INFO - [2021-12-21 00:22:49,534] {dagbag.py:496} INFO - Filling up the DagBag from /home/airflow/.local/lib/python3.8/site-packages/airflow/example_dags/example_latest_only_with_trigger.py
[2021-12-21 00:22:49,574] {scheduler_job.py:643} INFO - DAG(s) dict_keys(['latest_only_with_trigger']) retrieved from /home/airflow/.local/lib/python3.8/site-packages/airflow/example_dags/example_latest_only_with_trigger.py
[2021-12-21 00:22:49,633] {logging_mixin.py:104} INFO - [2021-12-21 00:22:49,633] {dag.py:1833} INFO - Sync 1 DAGs
[2021-12-21 00:22:49,651] {logging_mixin.py:104} INFO - [2021-12-21 00:22:49,651] {dag.py:2306} INFO - Setting next_dagrun for latest_only_with_trigger to 2021-12-19 00:00:00+00:00
[2021-12-21 00:22:49,684] {scheduler_job.py:190} INFO - Processing /home/airflow/.local/lib/python3.8/site-packages/airflow/example_dags/example_latest_only_with_trigger.py took 0.169 seconds
[2021-12-21 00:23:20,124] {scheduler_job.py:182} INFO - Started process (PID=11308) to work on /home/airflow/.local/lib/python3.8/site-packages/airflow/example_dags/example_latest_only_with_trigger.py
[2021-12-21 00:23:20,127] {scheduler_job.py:633} INFO - Processing file /home/airflow/.local/lib/python3.8/site-packages/airflow/example_dags/example_latest_only_with_trigger.py for tasks to queue
[2021-12-21 00:23:20,130] {logging_mixin.py:104} INFO - [2021-12-21 00:23:20,129] {dagbag.py:496} INFO - Filling up the DagBag from /home/airflow/.local/lib/python3.8/site-packages/airflow/example_dags/example_latest_only_with_trigger.py
[2021-12-21 00:23:20,147] {scheduler_job.py:643} INFO - DAG(s) dict_keys(['latest_only_with_trigger']) retrieved from /home/airflow/.local/lib/python3.8/site-packages/airflow/example_dags/example_latest_only_with_trigger.py
[2021-12-21 00:23:20,215] {logging_mixin.py:104} INFO - [2021-12-21 00:23:20,215] {dag.py:1833} INFO - Sync 1 DAGs
[2021-12-21 00:23:20,239] {logging_mixin.py:104} INFO - [2021-12-21 00:23:20,239] {dag.py:2306} INFO - Setting next_dagrun for latest_only_with_trigger to 2021-12-19 00:00:00+00:00
[2021-12-21 00:23:20,266] {scheduler_job.py:190} INFO - Processing /home/airflow/.local/lib/python3.8/site-packages/airflow/example_dags/example_latest_only_with_trigger.py took 0.147 seconds
[2021-12-21 00:23:50,343] {scheduler_job.py:182} INFO - Started process (PID=11338) to work on /home/airflow/.local/lib/python3.8/site-packages/airflow/example_dags/example_latest_only_with_trigger.py
[2021-12-21 00:23:50,348] {scheduler_job.py:633} INFO - Processing file /home/airflow/.local/lib/python3.8/site-packages/airflow/example_dags/example_latest_only_with_trigger.py for tasks to queue
[2021-12-21 00:23:50,353] {logging_mixin.py:104} INFO - [2021-12-21 00:23:50,352] {dagbag.py:496} INFO - Filling up the DagBag from /home/airflow/.local/lib/python3.8/site-packages/airflow/example_dags/example_latest_only_with_trigger.py
[2021-12-21 00:23:50,383] {scheduler_job.py:643} INFO - DAG(s) dict_keys(['latest_only_with_trigger']) retrieved from /home/airflow/.local/lib/python3.8/site-packages/airflow/example_dags/example_latest_only_with_trigger.py
[2021-12-21 00:23:50,464] {logging_mixin.py:104} INFO - [2021-12-21 00:23:50,464] {dag.py:1833} INFO - Sync 1 DAGs
[2021-12-21 00:23:50,483] {logging_mixin.py:104} INFO - [2021-12-21 00:23:50,483] {dag.py:2306} INFO - Setting next_dagrun for latest_only_with_trigger to 2021-12-19 00:00:00+00:00
[2021-12-21 00:23:50,509] {scheduler_job.py:190} INFO - Processing /home/airflow/.local/lib/python3.8/site-packages/airflow/example_dags/example_latest_only_with_trigger.py took 0.176 seconds
[2021-12-21 00:24:21,370] {scheduler_job.py:182} INFO - Started process (PID=11369) to work on /home/airflow/.local/lib/python3.8/site-packages/airflow/example_dags/example_latest_only_with_trigger.py
[2021-12-21 00:24:21,379] {scheduler_job.py:633} INFO - Processing file /home/airflow/.local/lib/python3.8/site-packages/airflow/example_dags/example_latest_only_with_trigger.py for tasks to queue
[2021-12-21 00:24:21,383] {logging_mixin.py:104} INFO - [2021-12-21 00:24:21,383] {dagbag.py:496} INFO - Filling up the DagBag from /home/airflow/.local/lib/python3.8/site-packages/airflow/example_dags/example_latest_only_with_trigger.py
[2021-12-21 00:24:21,410] {scheduler_job.py:643} INFO - DAG(s) dict_keys(['latest_only_with_trigger']) retrieved from /home/airflow/.local/lib/python3.8/site-packages/airflow/example_dags/example_latest_only_with_trigger.py
[2021-12-21 00:24:21,484] {logging_mixin.py:104} INFO - [2021-12-21 00:24:21,484] {dag.py:1833} INFO - Sync 1 DAGs
[2021-12-21 00:24:21,530] {logging_mixin.py:104} INFO - [2021-12-21 00:24:21,530] {dag.py:2306} INFO - Setting next_dagrun for latest_only_with_trigger to 2021-12-19 00:00:00+00:00
[2021-12-21 00:24:21,575] {scheduler_job.py:190} INFO - Processing /home/airflow/.local/lib/python3.8/site-packages/airflow/example_dags/example_latest_only_with_trigger.py took 0.218 seconds
[2021-12-21 00:24:51,853] {scheduler_job.py:182} INFO - Started process (PID=11400) to work on /home/airflow/.local/lib/python3.8/site-packages/airflow/example_dags/example_latest_only_with_trigger.py
[2021-12-21 00:24:51,860] {scheduler_job.py:633} INFO - Processing file /home/airflow/.local/lib/python3.8/site-packages/airflow/example_dags/example_latest_only_with_trigger.py for tasks to queue
[2021-12-21 00:24:51,863] {logging_mixin.py:104} INFO - [2021-12-21 00:24:51,863] {dagbag.py:496} INFO - Filling up the DagBag from /home/airflow/.local/lib/python3.8/site-packages/airflow/example_dags/example_latest_only_with_trigger.py
[2021-12-21 00:24:51,900] {scheduler_job.py:643} INFO - DAG(s) dict_keys(['latest_only_with_trigger']) retrieved from /home/airflow/.local/lib/python3.8/site-packages/airflow/example_dags/example_latest_only_with_trigger.py
[2021-12-21 00:24:51,979] {logging_mixin.py:104} INFO - [2021-12-21 00:24:51,978] {dag.py:1833} INFO - Sync 1 DAGs
[2021-12-21 00:24:52,017] {logging_mixin.py:104} INFO - [2021-12-21 00:24:52,016] {dag.py:2306} INFO - Setting next_dagrun for latest_only_with_trigger to 2021-12-19 00:00:00+00:00
[2021-12-21 00:24:52,068] {scheduler_job.py:190} INFO - Processing /home/airflow/.local/lib/python3.8/site-packages/airflow/example_dags/example_latest_only_with_trigger.py took 0.230 seconds
[2021-12-21 00:25:22,920] {scheduler_job.py:182} INFO - Started process (PID=11431) to work on /home/airflow/.local/lib/python3.8/site-packages/airflow/example_dags/example_latest_only_with_trigger.py
[2021-12-21 00:25:22,927] {scheduler_job.py:633} INFO - Processing file /home/airflow/.local/lib/python3.8/site-packages/airflow/example_dags/example_latest_only_with_trigger.py for tasks to queue
[2021-12-21 00:25:22,931] {logging_mixin.py:104} INFO - [2021-12-21 00:25:22,930] {dagbag.py:496} INFO - Filling up the DagBag from /home/airflow/.local/lib/python3.8/site-packages/airflow/example_dags/example_latest_only_with_trigger.py
[2021-12-21 00:25:22,951] {scheduler_job.py:643} INFO - DAG(s) dict_keys(['latest_only_with_trigger']) retrieved from /home/airflow/.local/lib/python3.8/site-packages/airflow/example_dags/example_latest_only_with_trigger.py
[2021-12-21 00:25:23,009] {logging_mixin.py:104} INFO - [2021-12-21 00:25:23,009] {dag.py:1833} INFO - Sync 1 DAGs
[2021-12-21 00:25:23,048] {logging_mixin.py:104} INFO - [2021-12-21 00:25:23,048] {dag.py:2306} INFO - Setting next_dagrun for latest_only_with_trigger to 2021-12-19 00:00:00+00:00
[2021-12-21 00:25:23,070] {scheduler_job.py:190} INFO - Processing /home/airflow/.local/lib/python3.8/site-packages/airflow/example_dags/example_latest_only_with_trigger.py took 0.158 seconds
[2021-12-21 00:25:53,445] {scheduler_job.py:182} INFO - Started process (PID=11461) to work on /home/airflow/.local/lib/python3.8/site-packages/airflow/example_dags/example_latest_only_with_trigger.py
[2021-12-21 00:25:53,450] {scheduler_job.py:633} INFO - Processing file /home/airflow/.local/lib/python3.8/site-packages/airflow/example_dags/example_latest_only_with_trigger.py for tasks to queue
[2021-12-21 00:25:53,452] {logging_mixin.py:104} INFO - [2021-12-21 00:25:53,452] {dagbag.py:496} INFO - Filling up the DagBag from /home/airflow/.local/lib/python3.8/site-packages/airflow/example_dags/example_latest_only_with_trigger.py
[2021-12-21 00:25:53,472] {scheduler_job.py:643} INFO - DAG(s) dict_keys(['latest_only_with_trigger']) retrieved from /home/airflow/.local/lib/python3.8/site-packages/airflow/example_dags/example_latest_only_with_trigger.py
[2021-12-21 00:25:53,523] {logging_mixin.py:104} INFO - [2021-12-21 00:25:53,523] {dag.py:1833} INFO - Sync 1 DAGs
[2021-12-21 00:25:53,539] {logging_mixin.py:104} INFO - [2021-12-21 00:25:53,539] {dag.py:2306} INFO - Setting next_dagrun for latest_only_with_trigger to 2021-12-19 00:00:00+00:00
[2021-12-21 00:25:53,561] {scheduler_job.py:190} INFO - Processing /home/airflow/.local/lib/python3.8/site-packages/airflow/example_dags/example_latest_only_with_trigger.py took 0.123 seconds
[2021-12-21 00:26:24,415] {scheduler_job.py:182} INFO - Started process (PID=11492) to work on /home/airflow/.local/lib/python3.8/site-packages/airflow/example_dags/example_latest_only_with_trigger.py
[2021-12-21 00:26:24,421] {scheduler_job.py:633} INFO - Processing file /home/airflow/.local/lib/python3.8/site-packages/airflow/example_dags/example_latest_only_with_trigger.py for tasks to queue
[2021-12-21 00:26:24,427] {logging_mixin.py:104} INFO - [2021-12-21 00:26:24,426] {dagbag.py:496} INFO - Filling up the DagBag from /home/airflow/.local/lib/python3.8/site-packages/airflow/example_dags/example_latest_only_with_trigger.py
[2021-12-21 00:26:24,462] {scheduler_job.py:643} INFO - DAG(s) dict_keys(['latest_only_with_trigger']) retrieved from /home/airflow/.local/lib/python3.8/site-packages/airflow/example_dags/example_latest_only_with_trigger.py
[2021-12-21 00:26:24,521] {logging_mixin.py:104} INFO - [2021-12-21 00:26:24,520] {dag.py:1833} INFO - Sync 1 DAGs
[2021-12-21 00:26:24,556] {logging_mixin.py:104} INFO - [2021-12-21 00:26:24,555] {dag.py:2306} INFO - Setting next_dagrun for latest_only_with_trigger to 2021-12-19 00:00:00+00:00
[2021-12-21 00:26:24,600] {scheduler_job.py:190} INFO - Processing /home/airflow/.local/lib/python3.8/site-packages/airflow/example_dags/example_latest_only_with_trigger.py took 0.201 seconds
[2021-12-21 00:26:54,827] {scheduler_job.py:182} INFO - Started process (PID=11523) to work on /home/airflow/.local/lib/python3.8/site-packages/airflow/example_dags/example_latest_only_with_trigger.py
[2021-12-21 00:26:54,833] {scheduler_job.py:633} INFO - Processing file /home/airflow/.local/lib/python3.8/site-packages/airflow/example_dags/example_latest_only_with_trigger.py for tasks to queue
[2021-12-21 00:26:54,837] {logging_mixin.py:104} INFO - [2021-12-21 00:26:54,836] {dagbag.py:496} INFO - Filling up the DagBag from /home/airflow/.local/lib/python3.8/site-packages/airflow/example_dags/example_latest_only_with_trigger.py
[2021-12-21 00:26:54,868] {scheduler_job.py:643} INFO - DAG(s) dict_keys(['latest_only_with_trigger']) retrieved from /home/airflow/.local/lib/python3.8/site-packages/airflow/example_dags/example_latest_only_with_trigger.py
[2021-12-21 00:26:54,923] {logging_mixin.py:104} INFO - [2021-12-21 00:26:54,923] {dag.py:1833} INFO - Sync 1 DAGs
[2021-12-21 00:26:54,942] {logging_mixin.py:104} INFO - [2021-12-21 00:26:54,942] {dag.py:2306} INFO - Setting next_dagrun for latest_only_with_trigger to 2021-12-19 00:00:00+00:00
[2021-12-21 00:26:54,962] {scheduler_job.py:190} INFO - Processing /home/airflow/.local/lib/python3.8/site-packages/airflow/example_dags/example_latest_only_with_trigger.py took 0.148 seconds
[2021-12-21 00:27:25,548] {scheduler_job.py:182} INFO - Started process (PID=11554) to work on /home/airflow/.local/lib/python3.8/site-packages/airflow/example_dags/example_latest_only_with_trigger.py
[2021-12-21 00:27:25,552] {scheduler_job.py:633} INFO - Processing file /home/airflow/.local/lib/python3.8/site-packages/airflow/example_dags/example_latest_only_with_trigger.py for tasks to queue
[2021-12-21 00:27:25,555] {logging_mixin.py:104} INFO - [2021-12-21 00:27:25,555] {dagbag.py:496} INFO - Filling up the DagBag from /home/airflow/.local/lib/python3.8/site-packages/airflow/example_dags/example_latest_only_with_trigger.py
[2021-12-21 00:27:25,579] {scheduler_job.py:643} INFO - DAG(s) dict_keys(['latest_only_with_trigger']) retrieved from /home/airflow/.local/lib/python3.8/site-packages/airflow/example_dags/example_latest_only_with_trigger.py
[2021-12-21 00:27:25,664] {logging_mixin.py:104} INFO - [2021-12-21 00:27:25,664] {dag.py:1833} INFO - Sync 1 DAGs
[2021-12-21 00:27:25,701] {logging_mixin.py:104} INFO - [2021-12-21 00:27:25,700] {dag.py:2306} INFO - Setting next_dagrun for latest_only_with_trigger to 2021-12-19 00:00:00+00:00
[2021-12-21 00:27:25,734] {scheduler_job.py:190} INFO - Processing /home/airflow/.local/lib/python3.8/site-packages/airflow/example_dags/example_latest_only_with_trigger.py took 0.192 seconds
[2021-12-21 00:27:56,310] {scheduler_job.py:182} INFO - Started process (PID=11585) to work on /home/airflow/.local/lib/python3.8/site-packages/airflow/example_dags/example_latest_only_with_trigger.py
[2021-12-21 00:27:56,320] {scheduler_job.py:633} INFO - Processing file /home/airflow/.local/lib/python3.8/site-packages/airflow/example_dags/example_latest_only_with_trigger.py for tasks to queue
[2021-12-21 00:27:56,324] {logging_mixin.py:104} INFO - [2021-12-21 00:27:56,324] {dagbag.py:496} INFO - Filling up the DagBag from /home/airflow/.local/lib/python3.8/site-packages/airflow/example_dags/example_latest_only_with_trigger.py
[2021-12-21 00:27:56,356] {scheduler_job.py:643} INFO - DAG(s) dict_keys(['latest_only_with_trigger']) retrieved from /home/airflow/.local/lib/python3.8/site-packages/airflow/example_dags/example_latest_only_with_trigger.py
[2021-12-21 00:27:56,431] {logging_mixin.py:104} INFO - [2021-12-21 00:27:56,430] {dag.py:1833} INFO - Sync 1 DAGs
[2021-12-21 00:27:56,485] {logging_mixin.py:104} INFO - [2021-12-21 00:27:56,485] {dag.py:2306} INFO - Setting next_dagrun for latest_only_with_trigger to 2021-12-19 00:00:00+00:00
[2021-12-21 00:27:56,527] {scheduler_job.py:190} INFO - Processing /home/airflow/.local/lib/python3.8/site-packages/airflow/example_dags/example_latest_only_with_trigger.py took 0.236 seconds
[2021-12-21 00:28:26,790] {scheduler_job.py:182} INFO - Started process (PID=11616) to work on /home/airflow/.local/lib/python3.8/site-packages/airflow/example_dags/example_latest_only_with_trigger.py
[2021-12-21 00:28:26,808] {scheduler_job.py:633} INFO - Processing file /home/airflow/.local/lib/python3.8/site-packages/airflow/example_dags/example_latest_only_with_trigger.py for tasks to queue
[2021-12-21 00:28:26,812] {logging_mixin.py:104} INFO - [2021-12-21 00:28:26,812] {dagbag.py:496} INFO - Filling up the DagBag from /home/airflow/.local/lib/python3.8/site-packages/airflow/example_dags/example_latest_only_with_trigger.py
[2021-12-21 00:28:26,841] {scheduler_job.py:643} INFO - DAG(s) dict_keys(['latest_only_with_trigger']) retrieved from /home/airflow/.local/lib/python3.8/site-packages/airflow/example_dags/example_latest_only_with_trigger.py
[2021-12-21 00:28:26,943] {logging_mixin.py:104} INFO - [2021-12-21 00:28:26,943] {dag.py:1833} INFO - Sync 1 DAGs
[2021-12-21 00:28:26,974] {logging_mixin.py:104} INFO - [2021-12-21 00:28:26,973] {dag.py:2306} INFO - Setting next_dagrun for latest_only_with_trigger to 2021-12-19 00:00:00+00:00
[2021-12-21 00:28:27,004] {scheduler_job.py:190} INFO - Processing /home/airflow/.local/lib/python3.8/site-packages/airflow/example_dags/example_latest_only_with_trigger.py took 0.223 seconds
[2021-12-21 00:28:57,741] {scheduler_job.py:182} INFO - Started process (PID=11647) to work on /home/airflow/.local/lib/python3.8/site-packages/airflow/example_dags/example_latest_only_with_trigger.py
[2021-12-21 00:28:57,746] {scheduler_job.py:633} INFO - Processing file /home/airflow/.local/lib/python3.8/site-packages/airflow/example_dags/example_latest_only_with_trigger.py for tasks to queue
[2021-12-21 00:28:57,756] {logging_mixin.py:104} INFO - [2021-12-21 00:28:57,754] {dagbag.py:496} INFO - Filling up the DagBag from /home/airflow/.local/lib/python3.8/site-packages/airflow/example_dags/example_latest_only_with_trigger.py
[2021-12-21 00:28:57,784] {scheduler_job.py:643} INFO - DAG(s) dict_keys(['latest_only_with_trigger']) retrieved from /home/airflow/.local/lib/python3.8/site-packages/airflow/example_dags/example_latest_only_with_trigger.py
[2021-12-21 00:28:57,841] {logging_mixin.py:104} INFO - [2021-12-21 00:28:57,841] {dag.py:1833} INFO - Sync 1 DAGs
[2021-12-21 00:28:57,874] {logging_mixin.py:104} INFO - [2021-12-21 00:28:57,874] {dag.py:2306} INFO - Setting next_dagrun for latest_only_with_trigger to 2021-12-19 00:00:00+00:00
[2021-12-21 00:28:57,926] {scheduler_job.py:190} INFO - Processing /home/airflow/.local/lib/python3.8/site-packages/airflow/example_dags/example_latest_only_with_trigger.py took 0.192 seconds
[2021-12-21 00:29:28,071] {scheduler_job.py:182} INFO - Started process (PID=11679) to work on /home/airflow/.local/lib/python3.8/site-packages/airflow/example_dags/example_latest_only_with_trigger.py
[2021-12-21 00:29:28,077] {scheduler_job.py:633} INFO - Processing file /home/airflow/.local/lib/python3.8/site-packages/airflow/example_dags/example_latest_only_with_trigger.py for tasks to queue
[2021-12-21 00:29:28,080] {logging_mixin.py:104} INFO - [2021-12-21 00:29:28,080] {dagbag.py:496} INFO - Filling up the DagBag from /home/airflow/.local/lib/python3.8/site-packages/airflow/example_dags/example_latest_only_with_trigger.py
[2021-12-21 00:29:28,119] {scheduler_job.py:643} INFO - DAG(s) dict_keys(['latest_only_with_trigger']) retrieved from /home/airflow/.local/lib/python3.8/site-packages/airflow/example_dags/example_latest_only_with_trigger.py
[2021-12-21 00:29:28,178] {logging_mixin.py:104} INFO - [2021-12-21 00:29:28,178] {dag.py:1833} INFO - Sync 1 DAGs
[2021-12-21 00:29:28,197] {logging_mixin.py:104} INFO - [2021-12-21 00:29:28,197] {dag.py:2306} INFO - Setting next_dagrun for latest_only_with_trigger to 2021-12-19 00:00:00+00:00
[2021-12-21 00:29:28,220] {scheduler_job.py:190} INFO - Processing /home/airflow/.local/lib/python3.8/site-packages/airflow/example_dags/example_latest_only_with_trigger.py took 0.155 seconds
[2021-12-21 00:29:58,532] {scheduler_job.py:182} INFO - Started process (PID=11709) to work on /home/airflow/.local/lib/python3.8/site-packages/airflow/example_dags/example_latest_only_with_trigger.py
[2021-12-21 00:29:58,537] {scheduler_job.py:633} INFO - Processing file /home/airflow/.local/lib/python3.8/site-packages/airflow/example_dags/example_latest_only_with_trigger.py for tasks to queue
[2021-12-21 00:29:58,541] {logging_mixin.py:104} INFO - [2021-12-21 00:29:58,541] {dagbag.py:496} INFO - Filling up the DagBag from /home/airflow/.local/lib/python3.8/site-packages/airflow/example_dags/example_latest_only_with_trigger.py
[2021-12-21 00:29:58,558] {scheduler_job.py:643} INFO - DAG(s) dict_keys(['latest_only_with_trigger']) retrieved from /home/airflow/.local/lib/python3.8/site-packages/airflow/example_dags/example_latest_only_with_trigger.py
[2021-12-21 00:29:58,620] {logging_mixin.py:104} INFO - [2021-12-21 00:29:58,620] {dag.py:1833} INFO - Sync 1 DAGs
[2021-12-21 00:29:58,638] {logging_mixin.py:104} INFO - [2021-12-21 00:29:58,638] {dag.py:2306} INFO - Setting next_dagrun for latest_only_with_trigger to 2021-12-19 00:00:00+00:00
[2021-12-21 00:29:58,660] {scheduler_job.py:190} INFO - Processing /home/airflow/.local/lib/python3.8/site-packages/airflow/example_dags/example_latest_only_with_trigger.py took 0.132 seconds
[2021-12-21 00:30:28,741] {scheduler_job.py:182} INFO - Started process (PID=11740) to work on /home/airflow/.local/lib/python3.8/site-packages/airflow/example_dags/example_latest_only_with_trigger.py
[2021-12-21 00:30:28,747] {scheduler_job.py:633} INFO - Processing file /home/airflow/.local/lib/python3.8/site-packages/airflow/example_dags/example_latest_only_with_trigger.py for tasks to queue
[2021-12-21 00:30:28,750] {logging_mixin.py:104} INFO - [2021-12-21 00:30:28,750] {dagbag.py:496} INFO - Filling up the DagBag from /home/airflow/.local/lib/python3.8/site-packages/airflow/example_dags/example_latest_only_with_trigger.py
[2021-12-21 00:30:28,768] {scheduler_job.py:643} INFO - DAG(s) dict_keys(['latest_only_with_trigger']) retrieved from /home/airflow/.local/lib/python3.8/site-packages/airflow/example_dags/example_latest_only_with_trigger.py
[2021-12-21 00:30:28,812] {logging_mixin.py:104} INFO - [2021-12-21 00:30:28,812] {dag.py:1833} INFO - Sync 1 DAGs
[2021-12-21 00:30:28,833] {logging_mixin.py:104} INFO - [2021-12-21 00:30:28,832] {dag.py:2306} INFO - Setting next_dagrun for latest_only_with_trigger to 2021-12-19 00:00:00+00:00
[2021-12-21 00:30:28,858] {scheduler_job.py:190} INFO - Processing /home/airflow/.local/lib/python3.8/site-packages/airflow/example_dags/example_latest_only_with_trigger.py took 0.121 seconds
[2021-12-21 00:39:25,658] {scheduler_job.py:182} INFO - Started process (PID=11788) to work on /home/airflow/.local/lib/python3.8/site-packages/airflow/example_dags/example_latest_only_with_trigger.py
[2021-12-21 00:39:25,668] {scheduler_job.py:633} INFO - Processing file /home/airflow/.local/lib/python3.8/site-packages/airflow/example_dags/example_latest_only_with_trigger.py for tasks to queue
[2021-12-21 00:39:25,671] {logging_mixin.py:104} INFO - [2021-12-21 00:39:25,671] {dagbag.py:496} INFO - Filling up the DagBag from /home/airflow/.local/lib/python3.8/site-packages/airflow/example_dags/example_latest_only_with_trigger.py
[2021-12-21 00:39:25,757] {scheduler_job.py:643} INFO - DAG(s) dict_keys(['latest_only_with_trigger']) retrieved from /home/airflow/.local/lib/python3.8/site-packages/airflow/example_dags/example_latest_only_with_trigger.py
[2021-12-21 00:39:25,836] {logging_mixin.py:104} INFO - [2021-12-21 00:39:25,836] {dag.py:1833} INFO - Sync 1 DAGs
[2021-12-21 00:39:25,880] {logging_mixin.py:104} INFO - [2021-12-21 00:39:25,880] {dag.py:2306} INFO - Setting next_dagrun for latest_only_with_trigger to 2021-12-19 00:00:00+00:00
[2021-12-21 00:39:25,927] {scheduler_job.py:190} INFO - Processing /home/airflow/.local/lib/python3.8/site-packages/airflow/example_dags/example_latest_only_with_trigger.py took 0.284 seconds
[2021-12-21 00:39:57,862] {scheduler_job.py:182} INFO - Started process (PID=11819) to work on /home/airflow/.local/lib/python3.8/site-packages/airflow/example_dags/example_latest_only_with_trigger.py
[2021-12-21 00:39:57,880] {scheduler_job.py:633} INFO - Processing file /home/airflow/.local/lib/python3.8/site-packages/airflow/example_dags/example_latest_only_with_trigger.py for tasks to queue
[2021-12-21 00:39:57,891] {logging_mixin.py:104} INFO - [2021-12-21 00:39:57,891] {dagbag.py:496} INFO - Filling up the DagBag from /home/airflow/.local/lib/python3.8/site-packages/airflow/example_dags/example_latest_only_with_trigger.py
[2021-12-21 00:39:58,002] {scheduler_job.py:643} INFO - DAG(s) dict_keys(['latest_only_with_trigger']) retrieved from /home/airflow/.local/lib/python3.8/site-packages/airflow/example_dags/example_latest_only_with_trigger.py
[2021-12-21 00:39:58,270] {logging_mixin.py:104} INFO - [2021-12-21 00:39:58,270] {dag.py:1833} INFO - Sync 1 DAGs
[2021-12-21 00:39:58,346] {logging_mixin.py:104} INFO - [2021-12-21 00:39:58,345] {dag.py:2306} INFO - Setting next_dagrun for latest_only_with_trigger to 2021-12-19 00:00:00+00:00
[2021-12-21 00:39:58,413] {scheduler_job.py:190} INFO - Processing /home/airflow/.local/lib/python3.8/site-packages/airflow/example_dags/example_latest_only_with_trigger.py took 0.597 seconds
