[2021-12-21 00:00:12,463] {scheduler_job.py:182} INFO - Started process (PID=9901) to work on /home/airflow/.local/lib/python3.8/site-packages/airflow/example_dags/example_xcom.py
[2021-12-21 00:00:12,466] {scheduler_job.py:633} INFO - Processing file /home/airflow/.local/lib/python3.8/site-packages/airflow/example_dags/example_xcom.py for tasks to queue
[2021-12-21 00:00:12,469] {logging_mixin.py:104} INFO - [2021-12-21 00:00:12,468] {dagbag.py:496} INFO - Filling up the DagBag from /home/airflow/.local/lib/python3.8/site-packages/airflow/example_dags/example_xcom.py
[2021-12-21 00:00:12,495] {scheduler_job.py:643} INFO - DAG(s) dict_keys(['example_xcom']) retrieved from /home/airflow/.local/lib/python3.8/site-packages/airflow/example_dags/example_xcom.py
[2021-12-21 00:00:12,906] {logging_mixin.py:104} INFO - [2021-12-21 00:00:12,906] {dag.py:1833} INFO - Sync 1 DAGs
[2021-12-21 00:00:12,920] {logging_mixin.py:104} INFO - [2021-12-21 00:00:12,920] {dag.py:2306} INFO - Setting next_dagrun for example_xcom to 2021-12-19 00:00:00+00:00
[2021-12-21 00:00:12,945] {scheduler_job.py:190} INFO - Processing /home/airflow/.local/lib/python3.8/site-packages/airflow/example_dags/example_xcom.py took 0.490 seconds
[2021-12-21 00:00:43,128] {scheduler_job.py:182} INFO - Started process (PID=9932) to work on /home/airflow/.local/lib/python3.8/site-packages/airflow/example_dags/example_xcom.py
[2021-12-21 00:00:43,133] {scheduler_job.py:633} INFO - Processing file /home/airflow/.local/lib/python3.8/site-packages/airflow/example_dags/example_xcom.py for tasks to queue
[2021-12-21 00:00:43,135] {logging_mixin.py:104} INFO - [2021-12-21 00:00:43,135] {dagbag.py:496} INFO - Filling up the DagBag from /home/airflow/.local/lib/python3.8/site-packages/airflow/example_dags/example_xcom.py
[2021-12-21 00:00:43,152] {scheduler_job.py:643} INFO - DAG(s) dict_keys(['example_xcom']) retrieved from /home/airflow/.local/lib/python3.8/site-packages/airflow/example_dags/example_xcom.py
[2021-12-21 00:00:43,194] {logging_mixin.py:104} INFO - [2021-12-21 00:00:43,194] {dag.py:1833} INFO - Sync 1 DAGs
[2021-12-21 00:00:43,217] {logging_mixin.py:104} INFO - [2021-12-21 00:00:43,216] {dag.py:2306} INFO - Setting next_dagrun for example_xcom to 2021-12-19 00:00:00+00:00
[2021-12-21 00:00:43,236] {scheduler_job.py:190} INFO - Processing /home/airflow/.local/lib/python3.8/site-packages/airflow/example_dags/example_xcom.py took 0.113 seconds
[2021-12-21 00:01:13,468] {scheduler_job.py:182} INFO - Started process (PID=9963) to work on /home/airflow/.local/lib/python3.8/site-packages/airflow/example_dags/example_xcom.py
[2021-12-21 00:01:13,472] {scheduler_job.py:633} INFO - Processing file /home/airflow/.local/lib/python3.8/site-packages/airflow/example_dags/example_xcom.py for tasks to queue
[2021-12-21 00:01:13,475] {logging_mixin.py:104} INFO - [2021-12-21 00:01:13,474] {dagbag.py:496} INFO - Filling up the DagBag from /home/airflow/.local/lib/python3.8/site-packages/airflow/example_dags/example_xcom.py
[2021-12-21 00:01:13,497] {scheduler_job.py:643} INFO - DAG(s) dict_keys(['example_xcom']) retrieved from /home/airflow/.local/lib/python3.8/site-packages/airflow/example_dags/example_xcom.py
[2021-12-21 00:01:13,553] {logging_mixin.py:104} INFO - [2021-12-21 00:01:13,553] {dag.py:1833} INFO - Sync 1 DAGs
[2021-12-21 00:01:13,570] {logging_mixin.py:104} INFO - [2021-12-21 00:01:13,570] {dag.py:2306} INFO - Setting next_dagrun for example_xcom to 2021-12-19 00:00:00+00:00
[2021-12-21 00:01:13,591] {scheduler_job.py:190} INFO - Processing /home/airflow/.local/lib/python3.8/site-packages/airflow/example_dags/example_xcom.py took 0.128 seconds
[2021-12-21 00:01:44,371] {scheduler_job.py:182} INFO - Started process (PID=9994) to work on /home/airflow/.local/lib/python3.8/site-packages/airflow/example_dags/example_xcom.py
[2021-12-21 00:01:44,375] {scheduler_job.py:633} INFO - Processing file /home/airflow/.local/lib/python3.8/site-packages/airflow/example_dags/example_xcom.py for tasks to queue
[2021-12-21 00:01:44,378] {logging_mixin.py:104} INFO - [2021-12-21 00:01:44,377] {dagbag.py:496} INFO - Filling up the DagBag from /home/airflow/.local/lib/python3.8/site-packages/airflow/example_dags/example_xcom.py
[2021-12-21 00:01:44,396] {scheduler_job.py:643} INFO - DAG(s) dict_keys(['example_xcom']) retrieved from /home/airflow/.local/lib/python3.8/site-packages/airflow/example_dags/example_xcom.py
[2021-12-21 00:01:44,443] {logging_mixin.py:104} INFO - [2021-12-21 00:01:44,443] {dag.py:1833} INFO - Sync 1 DAGs
[2021-12-21 00:01:44,458] {logging_mixin.py:104} INFO - [2021-12-21 00:01:44,458] {dag.py:2306} INFO - Setting next_dagrun for example_xcom to 2021-12-19 00:00:00+00:00
[2021-12-21 00:01:44,477] {scheduler_job.py:190} INFO - Processing /home/airflow/.local/lib/python3.8/site-packages/airflow/example_dags/example_xcom.py took 0.115 seconds
[2021-12-21 00:02:14,894] {scheduler_job.py:182} INFO - Started process (PID=10025) to work on /home/airflow/.local/lib/python3.8/site-packages/airflow/example_dags/example_xcom.py
[2021-12-21 00:02:14,898] {scheduler_job.py:633} INFO - Processing file /home/airflow/.local/lib/python3.8/site-packages/airflow/example_dags/example_xcom.py for tasks to queue
[2021-12-21 00:02:14,900] {logging_mixin.py:104} INFO - [2021-12-21 00:02:14,900] {dagbag.py:496} INFO - Filling up the DagBag from /home/airflow/.local/lib/python3.8/site-packages/airflow/example_dags/example_xcom.py
[2021-12-21 00:02:14,920] {scheduler_job.py:643} INFO - DAG(s) dict_keys(['example_xcom']) retrieved from /home/airflow/.local/lib/python3.8/site-packages/airflow/example_dags/example_xcom.py
[2021-12-21 00:02:14,982] {logging_mixin.py:104} INFO - [2021-12-21 00:02:14,982] {dag.py:1833} INFO - Sync 1 DAGs
[2021-12-21 00:02:15,010] {logging_mixin.py:104} INFO - [2021-12-21 00:02:15,009] {dag.py:2306} INFO - Setting next_dagrun for example_xcom to 2021-12-19 00:00:00+00:00
[2021-12-21 00:02:15,031] {scheduler_job.py:190} INFO - Processing /home/airflow/.local/lib/python3.8/site-packages/airflow/example_dags/example_xcom.py took 0.143 seconds
[2021-12-21 00:02:45,277] {scheduler_job.py:182} INFO - Started process (PID=10056) to work on /home/airflow/.local/lib/python3.8/site-packages/airflow/example_dags/example_xcom.py
[2021-12-21 00:02:45,281] {scheduler_job.py:633} INFO - Processing file /home/airflow/.local/lib/python3.8/site-packages/airflow/example_dags/example_xcom.py for tasks to queue
[2021-12-21 00:02:45,283] {logging_mixin.py:104} INFO - [2021-12-21 00:02:45,282] {dagbag.py:496} INFO - Filling up the DagBag from /home/airflow/.local/lib/python3.8/site-packages/airflow/example_dags/example_xcom.py
[2021-12-21 00:02:45,300] {scheduler_job.py:643} INFO - DAG(s) dict_keys(['example_xcom']) retrieved from /home/airflow/.local/lib/python3.8/site-packages/airflow/example_dags/example_xcom.py
[2021-12-21 00:02:45,349] {logging_mixin.py:104} INFO - [2021-12-21 00:02:45,349] {dag.py:1833} INFO - Sync 1 DAGs
[2021-12-21 00:02:45,365] {logging_mixin.py:104} INFO - [2021-12-21 00:02:45,365] {dag.py:2306} INFO - Setting next_dagrun for example_xcom to 2021-12-19 00:00:00+00:00
[2021-12-21 00:02:45,388] {scheduler_job.py:190} INFO - Processing /home/airflow/.local/lib/python3.8/site-packages/airflow/example_dags/example_xcom.py took 0.116 seconds
[2021-12-21 00:03:15,536] {scheduler_job.py:182} INFO - Started process (PID=10087) to work on /home/airflow/.local/lib/python3.8/site-packages/airflow/example_dags/example_xcom.py
[2021-12-21 00:03:15,538] {scheduler_job.py:633} INFO - Processing file /home/airflow/.local/lib/python3.8/site-packages/airflow/example_dags/example_xcom.py for tasks to queue
[2021-12-21 00:03:15,541] {logging_mixin.py:104} INFO - [2021-12-21 00:03:15,541] {dagbag.py:496} INFO - Filling up the DagBag from /home/airflow/.local/lib/python3.8/site-packages/airflow/example_dags/example_xcom.py
[2021-12-21 00:03:15,559] {scheduler_job.py:643} INFO - DAG(s) dict_keys(['example_xcom']) retrieved from /home/airflow/.local/lib/python3.8/site-packages/airflow/example_dags/example_xcom.py
[2021-12-21 00:03:15,603] {logging_mixin.py:104} INFO - [2021-12-21 00:03:15,603] {dag.py:1833} INFO - Sync 1 DAGs
[2021-12-21 00:03:15,620] {logging_mixin.py:104} INFO - [2021-12-21 00:03:15,620] {dag.py:2306} INFO - Setting next_dagrun for example_xcom to 2021-12-19 00:00:00+00:00
[2021-12-21 00:03:15,641] {scheduler_job.py:190} INFO - Processing /home/airflow/.local/lib/python3.8/site-packages/airflow/example_dags/example_xcom.py took 0.111 seconds
[2021-12-21 00:03:46,142] {scheduler_job.py:182} INFO - Started process (PID=10118) to work on /home/airflow/.local/lib/python3.8/site-packages/airflow/example_dags/example_xcom.py
[2021-12-21 00:03:46,147] {scheduler_job.py:633} INFO - Processing file /home/airflow/.local/lib/python3.8/site-packages/airflow/example_dags/example_xcom.py for tasks to queue
[2021-12-21 00:03:46,151] {logging_mixin.py:104} INFO - [2021-12-21 00:03:46,151] {dagbag.py:496} INFO - Filling up the DagBag from /home/airflow/.local/lib/python3.8/site-packages/airflow/example_dags/example_xcom.py
[2021-12-21 00:03:46,171] {scheduler_job.py:643} INFO - DAG(s) dict_keys(['example_xcom']) retrieved from /home/airflow/.local/lib/python3.8/site-packages/airflow/example_dags/example_xcom.py
[2021-12-21 00:03:46,217] {logging_mixin.py:104} INFO - [2021-12-21 00:03:46,217] {dag.py:1833} INFO - Sync 1 DAGs
[2021-12-21 00:03:46,239] {logging_mixin.py:104} INFO - [2021-12-21 00:03:46,239] {dag.py:2306} INFO - Setting next_dagrun for example_xcom to 2021-12-19 00:00:00+00:00
[2021-12-21 00:03:46,260] {scheduler_job.py:190} INFO - Processing /home/airflow/.local/lib/python3.8/site-packages/airflow/example_dags/example_xcom.py took 0.127 seconds
[2021-12-21 00:04:16,481] {scheduler_job.py:182} INFO - Started process (PID=10149) to work on /home/airflow/.local/lib/python3.8/site-packages/airflow/example_dags/example_xcom.py
[2021-12-21 00:04:16,484] {scheduler_job.py:633} INFO - Processing file /home/airflow/.local/lib/python3.8/site-packages/airflow/example_dags/example_xcom.py for tasks to queue
[2021-12-21 00:04:16,486] {logging_mixin.py:104} INFO - [2021-12-21 00:04:16,486] {dagbag.py:496} INFO - Filling up the DagBag from /home/airflow/.local/lib/python3.8/site-packages/airflow/example_dags/example_xcom.py
[2021-12-21 00:04:16,504] {scheduler_job.py:643} INFO - DAG(s) dict_keys(['example_xcom']) retrieved from /home/airflow/.local/lib/python3.8/site-packages/airflow/example_dags/example_xcom.py
[2021-12-21 00:04:16,552] {logging_mixin.py:104} INFO - [2021-12-21 00:04:16,552] {dag.py:1833} INFO - Sync 1 DAGs
[2021-12-21 00:04:16,575] {logging_mixin.py:104} INFO - [2021-12-21 00:04:16,575] {dag.py:2306} INFO - Setting next_dagrun for example_xcom to 2021-12-19 00:00:00+00:00
[2021-12-21 00:04:16,602] {scheduler_job.py:190} INFO - Processing /home/airflow/.local/lib/python3.8/site-packages/airflow/example_dags/example_xcom.py took 0.125 seconds
[2021-12-21 00:04:46,956] {scheduler_job.py:182} INFO - Started process (PID=10180) to work on /home/airflow/.local/lib/python3.8/site-packages/airflow/example_dags/example_xcom.py
[2021-12-21 00:04:46,967] {scheduler_job.py:633} INFO - Processing file /home/airflow/.local/lib/python3.8/site-packages/airflow/example_dags/example_xcom.py for tasks to queue
[2021-12-21 00:04:46,971] {logging_mixin.py:104} INFO - [2021-12-21 00:04:46,971] {dagbag.py:496} INFO - Filling up the DagBag from /home/airflow/.local/lib/python3.8/site-packages/airflow/example_dags/example_xcom.py
[2021-12-21 00:04:46,994] {scheduler_job.py:643} INFO - DAG(s) dict_keys(['example_xcom']) retrieved from /home/airflow/.local/lib/python3.8/site-packages/airflow/example_dags/example_xcom.py
[2021-12-21 00:04:47,042] {logging_mixin.py:104} INFO - [2021-12-21 00:04:47,042] {dag.py:1833} INFO - Sync 1 DAGs
[2021-12-21 00:04:47,065] {logging_mixin.py:104} INFO - [2021-12-21 00:04:47,065] {dag.py:2306} INFO - Setting next_dagrun for example_xcom to 2021-12-19 00:00:00+00:00
[2021-12-21 00:04:47,096] {scheduler_job.py:190} INFO - Processing /home/airflow/.local/lib/python3.8/site-packages/airflow/example_dags/example_xcom.py took 0.147 seconds
[2021-12-21 00:05:17,995] {scheduler_job.py:182} INFO - Started process (PID=10211) to work on /home/airflow/.local/lib/python3.8/site-packages/airflow/example_dags/example_xcom.py
[2021-12-21 00:05:18,002] {scheduler_job.py:633} INFO - Processing file /home/airflow/.local/lib/python3.8/site-packages/airflow/example_dags/example_xcom.py for tasks to queue
[2021-12-21 00:05:18,004] {logging_mixin.py:104} INFO - [2021-12-21 00:05:18,004] {dagbag.py:496} INFO - Filling up the DagBag from /home/airflow/.local/lib/python3.8/site-packages/airflow/example_dags/example_xcom.py
[2021-12-21 00:05:18,019] {scheduler_job.py:643} INFO - DAG(s) dict_keys(['example_xcom']) retrieved from /home/airflow/.local/lib/python3.8/site-packages/airflow/example_dags/example_xcom.py
[2021-12-21 00:05:18,064] {logging_mixin.py:104} INFO - [2021-12-21 00:05:18,064] {dag.py:1833} INFO - Sync 1 DAGs
[2021-12-21 00:05:18,085] {logging_mixin.py:104} INFO - [2021-12-21 00:05:18,085] {dag.py:2306} INFO - Setting next_dagrun for example_xcom to 2021-12-19 00:00:00+00:00
[2021-12-21 00:05:18,106] {scheduler_job.py:190} INFO - Processing /home/airflow/.local/lib/python3.8/site-packages/airflow/example_dags/example_xcom.py took 0.114 seconds
[2021-12-21 00:05:48,768] {scheduler_job.py:182} INFO - Started process (PID=10242) to work on /home/airflow/.local/lib/python3.8/site-packages/airflow/example_dags/example_xcom.py
[2021-12-21 00:05:48,771] {scheduler_job.py:633} INFO - Processing file /home/airflow/.local/lib/python3.8/site-packages/airflow/example_dags/example_xcom.py for tasks to queue
[2021-12-21 00:05:48,774] {logging_mixin.py:104} INFO - [2021-12-21 00:05:48,774] {dagbag.py:496} INFO - Filling up the DagBag from /home/airflow/.local/lib/python3.8/site-packages/airflow/example_dags/example_xcom.py
[2021-12-21 00:05:48,790] {scheduler_job.py:643} INFO - DAG(s) dict_keys(['example_xcom']) retrieved from /home/airflow/.local/lib/python3.8/site-packages/airflow/example_dags/example_xcom.py
[2021-12-21 00:05:48,836] {logging_mixin.py:104} INFO - [2021-12-21 00:05:48,836] {dag.py:1833} INFO - Sync 1 DAGs
[2021-12-21 00:05:48,853] {logging_mixin.py:104} INFO - [2021-12-21 00:05:48,853] {dag.py:2306} INFO - Setting next_dagrun for example_xcom to 2021-12-19 00:00:00+00:00
[2021-12-21 00:05:48,873] {scheduler_job.py:190} INFO - Processing /home/airflow/.local/lib/python3.8/site-packages/airflow/example_dags/example_xcom.py took 0.111 seconds
[2021-12-21 00:06:19,192] {scheduler_job.py:182} INFO - Started process (PID=10273) to work on /home/airflow/.local/lib/python3.8/site-packages/airflow/example_dags/example_xcom.py
[2021-12-21 00:06:19,196] {scheduler_job.py:633} INFO - Processing file /home/airflow/.local/lib/python3.8/site-packages/airflow/example_dags/example_xcom.py for tasks to queue
[2021-12-21 00:06:19,199] {logging_mixin.py:104} INFO - [2021-12-21 00:06:19,199] {dagbag.py:496} INFO - Filling up the DagBag from /home/airflow/.local/lib/python3.8/site-packages/airflow/example_dags/example_xcom.py
[2021-12-21 00:06:19,217] {scheduler_job.py:643} INFO - DAG(s) dict_keys(['example_xcom']) retrieved from /home/airflow/.local/lib/python3.8/site-packages/airflow/example_dags/example_xcom.py
[2021-12-21 00:06:19,262] {logging_mixin.py:104} INFO - [2021-12-21 00:06:19,262] {dag.py:1833} INFO - Sync 1 DAGs
[2021-12-21 00:06:19,277] {logging_mixin.py:104} INFO - [2021-12-21 00:06:19,277] {dag.py:2306} INFO - Setting next_dagrun for example_xcom to 2021-12-19 00:00:00+00:00
[2021-12-21 00:06:19,301] {scheduler_job.py:190} INFO - Processing /home/airflow/.local/lib/python3.8/site-packages/airflow/example_dags/example_xcom.py took 0.115 seconds
[2021-12-21 00:06:49,512] {scheduler_job.py:182} INFO - Started process (PID=10304) to work on /home/airflow/.local/lib/python3.8/site-packages/airflow/example_dags/example_xcom.py
[2021-12-21 00:06:49,517] {scheduler_job.py:633} INFO - Processing file /home/airflow/.local/lib/python3.8/site-packages/airflow/example_dags/example_xcom.py for tasks to queue
[2021-12-21 00:06:49,519] {logging_mixin.py:104} INFO - [2021-12-21 00:06:49,519] {dagbag.py:496} INFO - Filling up the DagBag from /home/airflow/.local/lib/python3.8/site-packages/airflow/example_dags/example_xcom.py
[2021-12-21 00:06:49,538] {scheduler_job.py:643} INFO - DAG(s) dict_keys(['example_xcom']) retrieved from /home/airflow/.local/lib/python3.8/site-packages/airflow/example_dags/example_xcom.py
[2021-12-21 00:06:49,587] {logging_mixin.py:104} INFO - [2021-12-21 00:06:49,586] {dag.py:1833} INFO - Sync 1 DAGs
[2021-12-21 00:06:49,602] {logging_mixin.py:104} INFO - [2021-12-21 00:06:49,602] {dag.py:2306} INFO - Setting next_dagrun for example_xcom to 2021-12-19 00:00:00+00:00
[2021-12-21 00:06:49,625] {scheduler_job.py:190} INFO - Processing /home/airflow/.local/lib/python3.8/site-packages/airflow/example_dags/example_xcom.py took 0.116 seconds
[2021-12-21 00:07:19,916] {scheduler_job.py:182} INFO - Started process (PID=10335) to work on /home/airflow/.local/lib/python3.8/site-packages/airflow/example_dags/example_xcom.py
[2021-12-21 00:07:19,921] {scheduler_job.py:633} INFO - Processing file /home/airflow/.local/lib/python3.8/site-packages/airflow/example_dags/example_xcom.py for tasks to queue
[2021-12-21 00:07:19,923] {logging_mixin.py:104} INFO - [2021-12-21 00:07:19,923] {dagbag.py:496} INFO - Filling up the DagBag from /home/airflow/.local/lib/python3.8/site-packages/airflow/example_dags/example_xcom.py
[2021-12-21 00:07:19,942] {scheduler_job.py:643} INFO - DAG(s) dict_keys(['example_xcom']) retrieved from /home/airflow/.local/lib/python3.8/site-packages/airflow/example_dags/example_xcom.py
[2021-12-21 00:07:19,987] {logging_mixin.py:104} INFO - [2021-12-21 00:07:19,987] {dag.py:1833} INFO - Sync 1 DAGs
[2021-12-21 00:07:20,003] {logging_mixin.py:104} INFO - [2021-12-21 00:07:20,003] {dag.py:2306} INFO - Setting next_dagrun for example_xcom to 2021-12-19 00:00:00+00:00
[2021-12-21 00:07:20,022] {scheduler_job.py:190} INFO - Processing /home/airflow/.local/lib/python3.8/site-packages/airflow/example_dags/example_xcom.py took 0.111 seconds
[2021-12-21 00:07:50,242] {scheduler_job.py:182} INFO - Started process (PID=10366) to work on /home/airflow/.local/lib/python3.8/site-packages/airflow/example_dags/example_xcom.py
[2021-12-21 00:07:50,246] {scheduler_job.py:633} INFO - Processing file /home/airflow/.local/lib/python3.8/site-packages/airflow/example_dags/example_xcom.py for tasks to queue
[2021-12-21 00:07:50,248] {logging_mixin.py:104} INFO - [2021-12-21 00:07:50,248] {dagbag.py:496} INFO - Filling up the DagBag from /home/airflow/.local/lib/python3.8/site-packages/airflow/example_dags/example_xcom.py
[2021-12-21 00:07:50,268] {scheduler_job.py:643} INFO - DAG(s) dict_keys(['example_xcom']) retrieved from /home/airflow/.local/lib/python3.8/site-packages/airflow/example_dags/example_xcom.py
[2021-12-21 00:07:50,319] {logging_mixin.py:104} INFO - [2021-12-21 00:07:50,319] {dag.py:1833} INFO - Sync 1 DAGs
[2021-12-21 00:07:50,336] {logging_mixin.py:104} INFO - [2021-12-21 00:07:50,336] {dag.py:2306} INFO - Setting next_dagrun for example_xcom to 2021-12-19 00:00:00+00:00
[2021-12-21 00:07:50,356] {scheduler_job.py:190} INFO - Processing /home/airflow/.local/lib/python3.8/site-packages/airflow/example_dags/example_xcom.py took 0.119 seconds
[2021-12-21 00:08:20,389] {scheduler_job.py:182} INFO - Started process (PID=10397) to work on /home/airflow/.local/lib/python3.8/site-packages/airflow/example_dags/example_xcom.py
[2021-12-21 00:08:20,392] {scheduler_job.py:633} INFO - Processing file /home/airflow/.local/lib/python3.8/site-packages/airflow/example_dags/example_xcom.py for tasks to queue
[2021-12-21 00:08:20,394] {logging_mixin.py:104} INFO - [2021-12-21 00:08:20,394] {dagbag.py:496} INFO - Filling up the DagBag from /home/airflow/.local/lib/python3.8/site-packages/airflow/example_dags/example_xcom.py
[2021-12-21 00:08:20,413] {scheduler_job.py:643} INFO - DAG(s) dict_keys(['example_xcom']) retrieved from /home/airflow/.local/lib/python3.8/site-packages/airflow/example_dags/example_xcom.py
[2021-12-21 00:08:20,458] {logging_mixin.py:104} INFO - [2021-12-21 00:08:20,457] {dag.py:1833} INFO - Sync 1 DAGs
[2021-12-21 00:08:20,473] {logging_mixin.py:104} INFO - [2021-12-21 00:08:20,473] {dag.py:2306} INFO - Setting next_dagrun for example_xcom to 2021-12-19 00:00:00+00:00
[2021-12-21 00:08:20,495] {scheduler_job.py:190} INFO - Processing /home/airflow/.local/lib/python3.8/site-packages/airflow/example_dags/example_xcom.py took 0.111 seconds
[2021-12-21 00:08:50,672] {scheduler_job.py:182} INFO - Started process (PID=10428) to work on /home/airflow/.local/lib/python3.8/site-packages/airflow/example_dags/example_xcom.py
[2021-12-21 00:08:50,679] {scheduler_job.py:633} INFO - Processing file /home/airflow/.local/lib/python3.8/site-packages/airflow/example_dags/example_xcom.py for tasks to queue
[2021-12-21 00:08:50,684] {logging_mixin.py:104} INFO - [2021-12-21 00:08:50,683] {dagbag.py:496} INFO - Filling up the DagBag from /home/airflow/.local/lib/python3.8/site-packages/airflow/example_dags/example_xcom.py
[2021-12-21 00:08:50,723] {scheduler_job.py:643} INFO - DAG(s) dict_keys(['example_xcom']) retrieved from /home/airflow/.local/lib/python3.8/site-packages/airflow/example_dags/example_xcom.py
[2021-12-21 00:08:50,787] {logging_mixin.py:104} INFO - [2021-12-21 00:08:50,787] {dag.py:1833} INFO - Sync 1 DAGs
[2021-12-21 00:08:50,817] {logging_mixin.py:104} INFO - [2021-12-21 00:08:50,816] {dag.py:2306} INFO - Setting next_dagrun for example_xcom to 2021-12-19 00:00:00+00:00
[2021-12-21 00:08:50,847] {scheduler_job.py:190} INFO - Processing /home/airflow/.local/lib/python3.8/site-packages/airflow/example_dags/example_xcom.py took 0.184 seconds
[2021-12-21 00:09:21,378] {scheduler_job.py:182} INFO - Started process (PID=10459) to work on /home/airflow/.local/lib/python3.8/site-packages/airflow/example_dags/example_xcom.py
[2021-12-21 00:09:21,382] {scheduler_job.py:633} INFO - Processing file /home/airflow/.local/lib/python3.8/site-packages/airflow/example_dags/example_xcom.py for tasks to queue
[2021-12-21 00:09:21,385] {logging_mixin.py:104} INFO - [2021-12-21 00:09:21,385] {dagbag.py:496} INFO - Filling up the DagBag from /home/airflow/.local/lib/python3.8/site-packages/airflow/example_dags/example_xcom.py
[2021-12-21 00:09:21,409] {scheduler_job.py:643} INFO - DAG(s) dict_keys(['example_xcom']) retrieved from /home/airflow/.local/lib/python3.8/site-packages/airflow/example_dags/example_xcom.py
[2021-12-21 00:09:21,460] {logging_mixin.py:104} INFO - [2021-12-21 00:09:21,460] {dag.py:1833} INFO - Sync 1 DAGs
[2021-12-21 00:09:21,478] {logging_mixin.py:104} INFO - [2021-12-21 00:09:21,478] {dag.py:2306} INFO - Setting next_dagrun for example_xcom to 2021-12-19 00:00:00+00:00
[2021-12-21 00:09:21,508] {scheduler_job.py:190} INFO - Processing /home/airflow/.local/lib/python3.8/site-packages/airflow/example_dags/example_xcom.py took 0.134 seconds
[2021-12-21 00:09:51,926] {scheduler_job.py:182} INFO - Started process (PID=10490) to work on /home/airflow/.local/lib/python3.8/site-packages/airflow/example_dags/example_xcom.py
[2021-12-21 00:09:51,930] {scheduler_job.py:633} INFO - Processing file /home/airflow/.local/lib/python3.8/site-packages/airflow/example_dags/example_xcom.py for tasks to queue
[2021-12-21 00:09:51,934] {logging_mixin.py:104} INFO - [2021-12-21 00:09:51,934] {dagbag.py:496} INFO - Filling up the DagBag from /home/airflow/.local/lib/python3.8/site-packages/airflow/example_dags/example_xcom.py
[2021-12-21 00:09:51,958] {scheduler_job.py:643} INFO - DAG(s) dict_keys(['example_xcom']) retrieved from /home/airflow/.local/lib/python3.8/site-packages/airflow/example_dags/example_xcom.py
[2021-12-21 00:09:52,009] {logging_mixin.py:104} INFO - [2021-12-21 00:09:52,009] {dag.py:1833} INFO - Sync 1 DAGs
[2021-12-21 00:09:52,028] {logging_mixin.py:104} INFO - [2021-12-21 00:09:52,028] {dag.py:2306} INFO - Setting next_dagrun for example_xcom to 2021-12-19 00:00:00+00:00
[2021-12-21 00:09:52,064] {scheduler_job.py:190} INFO - Processing /home/airflow/.local/lib/python3.8/site-packages/airflow/example_dags/example_xcom.py took 0.145 seconds
[2021-12-21 00:10:22,201] {scheduler_job.py:182} INFO - Started process (PID=10521) to work on /home/airflow/.local/lib/python3.8/site-packages/airflow/example_dags/example_xcom.py
[2021-12-21 00:10:22,226] {scheduler_job.py:633} INFO - Processing file /home/airflow/.local/lib/python3.8/site-packages/airflow/example_dags/example_xcom.py for tasks to queue
[2021-12-21 00:10:22,230] {logging_mixin.py:104} INFO - [2021-12-21 00:10:22,229] {dagbag.py:496} INFO - Filling up the DagBag from /home/airflow/.local/lib/python3.8/site-packages/airflow/example_dags/example_xcom.py
[2021-12-21 00:10:22,263] {scheduler_job.py:643} INFO - DAG(s) dict_keys(['example_xcom']) retrieved from /home/airflow/.local/lib/python3.8/site-packages/airflow/example_dags/example_xcom.py
[2021-12-21 00:10:22,332] {logging_mixin.py:104} INFO - [2021-12-21 00:10:22,332] {dag.py:1833} INFO - Sync 1 DAGs
[2021-12-21 00:10:22,364] {logging_mixin.py:104} INFO - [2021-12-21 00:10:22,364] {dag.py:2306} INFO - Setting next_dagrun for example_xcom to 2021-12-19 00:00:00+00:00
[2021-12-21 00:10:22,394] {scheduler_job.py:190} INFO - Processing /home/airflow/.local/lib/python3.8/site-packages/airflow/example_dags/example_xcom.py took 0.203 seconds
[2021-12-21 00:10:52,528] {scheduler_job.py:182} INFO - Started process (PID=10551) to work on /home/airflow/.local/lib/python3.8/site-packages/airflow/example_dags/example_xcom.py
[2021-12-21 00:10:52,533] {scheduler_job.py:633} INFO - Processing file /home/airflow/.local/lib/python3.8/site-packages/airflow/example_dags/example_xcom.py for tasks to queue
[2021-12-21 00:10:52,536] {logging_mixin.py:104} INFO - [2021-12-21 00:10:52,536] {dagbag.py:496} INFO - Filling up the DagBag from /home/airflow/.local/lib/python3.8/site-packages/airflow/example_dags/example_xcom.py
[2021-12-21 00:10:52,571] {scheduler_job.py:643} INFO - DAG(s) dict_keys(['example_xcom']) retrieved from /home/airflow/.local/lib/python3.8/site-packages/airflow/example_dags/example_xcom.py
[2021-12-21 00:10:52,632] {logging_mixin.py:104} INFO - [2021-12-21 00:10:52,632] {dag.py:1833} INFO - Sync 1 DAGs
[2021-12-21 00:10:52,653] {logging_mixin.py:104} INFO - [2021-12-21 00:10:52,653] {dag.py:2306} INFO - Setting next_dagrun for example_xcom to 2021-12-19 00:00:00+00:00
[2021-12-21 00:10:52,679] {scheduler_job.py:190} INFO - Processing /home/airflow/.local/lib/python3.8/site-packages/airflow/example_dags/example_xcom.py took 0.158 seconds
[2021-12-21 00:11:22,798] {scheduler_job.py:182} INFO - Started process (PID=10582) to work on /home/airflow/.local/lib/python3.8/site-packages/airflow/example_dags/example_xcom.py
[2021-12-21 00:11:22,807] {scheduler_job.py:633} INFO - Processing file /home/airflow/.local/lib/python3.8/site-packages/airflow/example_dags/example_xcom.py for tasks to queue
[2021-12-21 00:11:22,813] {logging_mixin.py:104} INFO - [2021-12-21 00:11:22,812] {dagbag.py:496} INFO - Filling up the DagBag from /home/airflow/.local/lib/python3.8/site-packages/airflow/example_dags/example_xcom.py
[2021-12-21 00:11:22,834] {scheduler_job.py:643} INFO - DAG(s) dict_keys(['example_xcom']) retrieved from /home/airflow/.local/lib/python3.8/site-packages/airflow/example_dags/example_xcom.py
[2021-12-21 00:11:22,899] {logging_mixin.py:104} INFO - [2021-12-21 00:11:22,899] {dag.py:1833} INFO - Sync 1 DAGs
[2021-12-21 00:11:22,927] {logging_mixin.py:104} INFO - [2021-12-21 00:11:22,927] {dag.py:2306} INFO - Setting next_dagrun for example_xcom to 2021-12-19 00:00:00+00:00
[2021-12-21 00:11:22,961] {scheduler_job.py:190} INFO - Processing /home/airflow/.local/lib/python3.8/site-packages/airflow/example_dags/example_xcom.py took 0.166 seconds
[2021-12-21 00:11:53,172] {scheduler_job.py:182} INFO - Started process (PID=10613) to work on /home/airflow/.local/lib/python3.8/site-packages/airflow/example_dags/example_xcom.py
[2021-12-21 00:11:53,177] {scheduler_job.py:633} INFO - Processing file /home/airflow/.local/lib/python3.8/site-packages/airflow/example_dags/example_xcom.py for tasks to queue
[2021-12-21 00:11:53,183] {logging_mixin.py:104} INFO - [2021-12-21 00:11:53,182] {dagbag.py:496} INFO - Filling up the DagBag from /home/airflow/.local/lib/python3.8/site-packages/airflow/example_dags/example_xcom.py
[2021-12-21 00:11:53,221] {scheduler_job.py:643} INFO - DAG(s) dict_keys(['example_xcom']) retrieved from /home/airflow/.local/lib/python3.8/site-packages/airflow/example_dags/example_xcom.py
[2021-12-21 00:11:53,274] {logging_mixin.py:104} INFO - [2021-12-21 00:11:53,274] {dag.py:1833} INFO - Sync 1 DAGs
[2021-12-21 00:11:53,298] {logging_mixin.py:104} INFO - [2021-12-21 00:11:53,298] {dag.py:2306} INFO - Setting next_dagrun for example_xcom to 2021-12-19 00:00:00+00:00
[2021-12-21 00:11:53,325] {scheduler_job.py:190} INFO - Processing /home/airflow/.local/lib/python3.8/site-packages/airflow/example_dags/example_xcom.py took 0.163 seconds
[2021-12-21 00:12:23,537] {scheduler_job.py:182} INFO - Started process (PID=10643) to work on /home/airflow/.local/lib/python3.8/site-packages/airflow/example_dags/example_xcom.py
[2021-12-21 00:12:23,541] {scheduler_job.py:633} INFO - Processing file /home/airflow/.local/lib/python3.8/site-packages/airflow/example_dags/example_xcom.py for tasks to queue
[2021-12-21 00:12:23,544] {logging_mixin.py:104} INFO - [2021-12-21 00:12:23,544] {dagbag.py:496} INFO - Filling up the DagBag from /home/airflow/.local/lib/python3.8/site-packages/airflow/example_dags/example_xcom.py
[2021-12-21 00:12:23,564] {scheduler_job.py:643} INFO - DAG(s) dict_keys(['example_xcom']) retrieved from /home/airflow/.local/lib/python3.8/site-packages/airflow/example_dags/example_xcom.py
[2021-12-21 00:12:23,610] {logging_mixin.py:104} INFO - [2021-12-21 00:12:23,610] {dag.py:1833} INFO - Sync 1 DAGs
[2021-12-21 00:12:23,631] {logging_mixin.py:104} INFO - [2021-12-21 00:12:23,631] {dag.py:2306} INFO - Setting next_dagrun for example_xcom to 2021-12-19 00:00:00+00:00
[2021-12-21 00:12:23,652] {scheduler_job.py:190} INFO - Processing /home/airflow/.local/lib/python3.8/site-packages/airflow/example_dags/example_xcom.py took 0.125 seconds
[2021-12-21 00:12:54,163] {scheduler_job.py:182} INFO - Started process (PID=10674) to work on /home/airflow/.local/lib/python3.8/site-packages/airflow/example_dags/example_xcom.py
[2021-12-21 00:12:54,167] {scheduler_job.py:633} INFO - Processing file /home/airflow/.local/lib/python3.8/site-packages/airflow/example_dags/example_xcom.py for tasks to queue
[2021-12-21 00:12:54,169] {logging_mixin.py:104} INFO - [2021-12-21 00:12:54,169] {dagbag.py:496} INFO - Filling up the DagBag from /home/airflow/.local/lib/python3.8/site-packages/airflow/example_dags/example_xcom.py
[2021-12-21 00:12:54,185] {scheduler_job.py:643} INFO - DAG(s) dict_keys(['example_xcom']) retrieved from /home/airflow/.local/lib/python3.8/site-packages/airflow/example_dags/example_xcom.py
[2021-12-21 00:12:54,235] {logging_mixin.py:104} INFO - [2021-12-21 00:12:54,234] {dag.py:1833} INFO - Sync 1 DAGs
[2021-12-21 00:12:54,250] {logging_mixin.py:104} INFO - [2021-12-21 00:12:54,250] {dag.py:2306} INFO - Setting next_dagrun for example_xcom to 2021-12-19 00:00:00+00:00
[2021-12-21 00:12:54,271] {scheduler_job.py:190} INFO - Processing /home/airflow/.local/lib/python3.8/site-packages/airflow/example_dags/example_xcom.py took 0.112 seconds
[2021-12-21 00:13:24,533] {scheduler_job.py:182} INFO - Started process (PID=10705) to work on /home/airflow/.local/lib/python3.8/site-packages/airflow/example_dags/example_xcom.py
[2021-12-21 00:13:24,537] {scheduler_job.py:633} INFO - Processing file /home/airflow/.local/lib/python3.8/site-packages/airflow/example_dags/example_xcom.py for tasks to queue
[2021-12-21 00:13:24,539] {logging_mixin.py:104} INFO - [2021-12-21 00:13:24,539] {dagbag.py:496} INFO - Filling up the DagBag from /home/airflow/.local/lib/python3.8/site-packages/airflow/example_dags/example_xcom.py
[2021-12-21 00:13:24,556] {scheduler_job.py:643} INFO - DAG(s) dict_keys(['example_xcom']) retrieved from /home/airflow/.local/lib/python3.8/site-packages/airflow/example_dags/example_xcom.py
[2021-12-21 00:13:24,602] {logging_mixin.py:104} INFO - [2021-12-21 00:13:24,602] {dag.py:1833} INFO - Sync 1 DAGs
[2021-12-21 00:13:24,617] {logging_mixin.py:104} INFO - [2021-12-21 00:13:24,617] {dag.py:2306} INFO - Setting next_dagrun for example_xcom to 2021-12-19 00:00:00+00:00
[2021-12-21 00:13:24,643] {scheduler_job.py:190} INFO - Processing /home/airflow/.local/lib/python3.8/site-packages/airflow/example_dags/example_xcom.py took 0.119 seconds
[2021-12-21 00:13:54,979] {scheduler_job.py:182} INFO - Started process (PID=10736) to work on /home/airflow/.local/lib/python3.8/site-packages/airflow/example_dags/example_xcom.py
[2021-12-21 00:13:54,983] {scheduler_job.py:633} INFO - Processing file /home/airflow/.local/lib/python3.8/site-packages/airflow/example_dags/example_xcom.py for tasks to queue
[2021-12-21 00:13:54,985] {logging_mixin.py:104} INFO - [2021-12-21 00:13:54,985] {dagbag.py:496} INFO - Filling up the DagBag from /home/airflow/.local/lib/python3.8/site-packages/airflow/example_dags/example_xcom.py
[2021-12-21 00:13:55,002] {scheduler_job.py:643} INFO - DAG(s) dict_keys(['example_xcom']) retrieved from /home/airflow/.local/lib/python3.8/site-packages/airflow/example_dags/example_xcom.py
[2021-12-21 00:13:55,046] {logging_mixin.py:104} INFO - [2021-12-21 00:13:55,046] {dag.py:1833} INFO - Sync 1 DAGs
[2021-12-21 00:13:55,062] {logging_mixin.py:104} INFO - [2021-12-21 00:13:55,061] {dag.py:2306} INFO - Setting next_dagrun for example_xcom to 2021-12-19 00:00:00+00:00
[2021-12-21 00:13:55,084] {scheduler_job.py:190} INFO - Processing /home/airflow/.local/lib/python3.8/site-packages/airflow/example_dags/example_xcom.py took 0.109 seconds
[2021-12-21 00:14:25,347] {scheduler_job.py:182} INFO - Started process (PID=10767) to work on /home/airflow/.local/lib/python3.8/site-packages/airflow/example_dags/example_xcom.py
[2021-12-21 00:14:25,351] {scheduler_job.py:633} INFO - Processing file /home/airflow/.local/lib/python3.8/site-packages/airflow/example_dags/example_xcom.py for tasks to queue
[2021-12-21 00:14:25,353] {logging_mixin.py:104} INFO - [2021-12-21 00:14:25,353] {dagbag.py:496} INFO - Filling up the DagBag from /home/airflow/.local/lib/python3.8/site-packages/airflow/example_dags/example_xcom.py
[2021-12-21 00:14:25,372] {scheduler_job.py:643} INFO - DAG(s) dict_keys(['example_xcom']) retrieved from /home/airflow/.local/lib/python3.8/site-packages/airflow/example_dags/example_xcom.py
[2021-12-21 00:14:25,435] {logging_mixin.py:104} INFO - [2021-12-21 00:14:25,434] {dag.py:1833} INFO - Sync 1 DAGs
[2021-12-21 00:14:25,458] {logging_mixin.py:104} INFO - [2021-12-21 00:14:25,458] {dag.py:2306} INFO - Setting next_dagrun for example_xcom to 2021-12-19 00:00:00+00:00
[2021-12-21 00:14:25,485] {scheduler_job.py:190} INFO - Processing /home/airflow/.local/lib/python3.8/site-packages/airflow/example_dags/example_xcom.py took 0.144 seconds
[2021-12-21 00:14:55,890] {scheduler_job.py:182} INFO - Started process (PID=10798) to work on /home/airflow/.local/lib/python3.8/site-packages/airflow/example_dags/example_xcom.py
[2021-12-21 00:14:55,893] {scheduler_job.py:633} INFO - Processing file /home/airflow/.local/lib/python3.8/site-packages/airflow/example_dags/example_xcom.py for tasks to queue
[2021-12-21 00:14:55,896] {logging_mixin.py:104} INFO - [2021-12-21 00:14:55,896] {dagbag.py:496} INFO - Filling up the DagBag from /home/airflow/.local/lib/python3.8/site-packages/airflow/example_dags/example_xcom.py
[2021-12-21 00:14:55,915] {scheduler_job.py:643} INFO - DAG(s) dict_keys(['example_xcom']) retrieved from /home/airflow/.local/lib/python3.8/site-packages/airflow/example_dags/example_xcom.py
[2021-12-21 00:14:55,959] {logging_mixin.py:104} INFO - [2021-12-21 00:14:55,959] {dag.py:1833} INFO - Sync 1 DAGs
[2021-12-21 00:14:55,976] {logging_mixin.py:104} INFO - [2021-12-21 00:14:55,976] {dag.py:2306} INFO - Setting next_dagrun for example_xcom to 2021-12-19 00:00:00+00:00
[2021-12-21 00:14:55,996] {scheduler_job.py:190} INFO - Processing /home/airflow/.local/lib/python3.8/site-packages/airflow/example_dags/example_xcom.py took 0.110 seconds
[2021-12-21 00:15:26,653] {scheduler_job.py:182} INFO - Started process (PID=10829) to work on /home/airflow/.local/lib/python3.8/site-packages/airflow/example_dags/example_xcom.py
[2021-12-21 00:15:26,666] {scheduler_job.py:633} INFO - Processing file /home/airflow/.local/lib/python3.8/site-packages/airflow/example_dags/example_xcom.py for tasks to queue
[2021-12-21 00:15:26,668] {logging_mixin.py:104} INFO - [2021-12-21 00:15:26,668] {dagbag.py:496} INFO - Filling up the DagBag from /home/airflow/.local/lib/python3.8/site-packages/airflow/example_dags/example_xcom.py
[2021-12-21 00:15:26,662] {scheduler_job.py:643} INFO - DAG(s) dict_keys(['example_xcom']) retrieved from /home/airflow/.local/lib/python3.8/site-packages/airflow/example_dags/example_xcom.py
[2021-12-21 00:15:26,715] {logging_mixin.py:104} INFO - [2021-12-21 00:15:26,714] {dag.py:1833} INFO - Sync 1 DAGs
[2021-12-21 00:15:26,750] {logging_mixin.py:104} INFO - [2021-12-21 00:15:26,750] {dag.py:2306} INFO - Setting next_dagrun for example_xcom to 2021-12-19 00:00:00+00:00
[2021-12-21 00:15:26,770] {scheduler_job.py:190} INFO - Processing /home/airflow/.local/lib/python3.8/site-packages/airflow/example_dags/example_xcom.py took 0.160 seconds
[2021-12-21 00:15:56,979] {scheduler_job.py:182} INFO - Started process (PID=10860) to work on /home/airflow/.local/lib/python3.8/site-packages/airflow/example_dags/example_xcom.py
[2021-12-21 00:15:56,985] {scheduler_job.py:633} INFO - Processing file /home/airflow/.local/lib/python3.8/site-packages/airflow/example_dags/example_xcom.py for tasks to queue
[2021-12-21 00:15:56,989] {logging_mixin.py:104} INFO - [2021-12-21 00:15:56,988] {dagbag.py:496} INFO - Filling up the DagBag from /home/airflow/.local/lib/python3.8/site-packages/airflow/example_dags/example_xcom.py
[2021-12-21 00:15:57,009] {scheduler_job.py:643} INFO - DAG(s) dict_keys(['example_xcom']) retrieved from /home/airflow/.local/lib/python3.8/site-packages/airflow/example_dags/example_xcom.py
[2021-12-21 00:15:57,056] {logging_mixin.py:104} INFO - [2021-12-21 00:15:57,056] {dag.py:1833} INFO - Sync 1 DAGs
[2021-12-21 00:15:57,072] {logging_mixin.py:104} INFO - [2021-12-21 00:15:57,072] {dag.py:2306} INFO - Setting next_dagrun for example_xcom to 2021-12-19 00:00:00+00:00
[2021-12-21 00:15:57,098] {scheduler_job.py:190} INFO - Processing /home/airflow/.local/lib/python3.8/site-packages/airflow/example_dags/example_xcom.py took 0.128 seconds
[2021-12-21 00:16:27,587] {scheduler_job.py:182} INFO - Started process (PID=10891) to work on /home/airflow/.local/lib/python3.8/site-packages/airflow/example_dags/example_xcom.py
[2021-12-21 00:16:27,596] {scheduler_job.py:633} INFO - Processing file /home/airflow/.local/lib/python3.8/site-packages/airflow/example_dags/example_xcom.py for tasks to queue
[2021-12-21 00:16:27,599] {logging_mixin.py:104} INFO - [2021-12-21 00:16:27,599] {dagbag.py:496} INFO - Filling up the DagBag from /home/airflow/.local/lib/python3.8/site-packages/airflow/example_dags/example_xcom.py
[2021-12-21 00:16:27,626] {scheduler_job.py:643} INFO - DAG(s) dict_keys(['example_xcom']) retrieved from /home/airflow/.local/lib/python3.8/site-packages/airflow/example_dags/example_xcom.py
[2021-12-21 00:16:27,684] {logging_mixin.py:104} INFO - [2021-12-21 00:16:27,684] {dag.py:1833} INFO - Sync 1 DAGs
[2021-12-21 00:16:27,720] {logging_mixin.py:104} INFO - [2021-12-21 00:16:27,719] {dag.py:2306} INFO - Setting next_dagrun for example_xcom to 2021-12-19 00:00:00+00:00
[2021-12-21 00:16:27,744] {scheduler_job.py:190} INFO - Processing /home/airflow/.local/lib/python3.8/site-packages/airflow/example_dags/example_xcom.py took 0.161 seconds
[2021-12-21 00:16:58,708] {scheduler_job.py:182} INFO - Started process (PID=10922) to work on /home/airflow/.local/lib/python3.8/site-packages/airflow/example_dags/example_xcom.py
[2021-12-21 00:16:58,711] {scheduler_job.py:633} INFO - Processing file /home/airflow/.local/lib/python3.8/site-packages/airflow/example_dags/example_xcom.py for tasks to queue
[2021-12-21 00:16:58,715] {logging_mixin.py:104} INFO - [2021-12-21 00:16:58,715] {dagbag.py:496} INFO - Filling up the DagBag from /home/airflow/.local/lib/python3.8/site-packages/airflow/example_dags/example_xcom.py
[2021-12-21 00:16:58,737] {scheduler_job.py:643} INFO - DAG(s) dict_keys(['example_xcom']) retrieved from /home/airflow/.local/lib/python3.8/site-packages/airflow/example_dags/example_xcom.py
[2021-12-21 00:16:58,783] {logging_mixin.py:104} INFO - [2021-12-21 00:16:58,783] {dag.py:1833} INFO - Sync 1 DAGs
[2021-12-21 00:16:58,799] {logging_mixin.py:104} INFO - [2021-12-21 00:16:58,799] {dag.py:2306} INFO - Setting next_dagrun for example_xcom to 2021-12-19 00:00:00+00:00
[2021-12-21 00:16:58,819] {scheduler_job.py:190} INFO - Processing /home/airflow/.local/lib/python3.8/site-packages/airflow/example_dags/example_xcom.py took 0.121 seconds
[2021-12-21 00:17:29,286] {scheduler_job.py:182} INFO - Started process (PID=10953) to work on /home/airflow/.local/lib/python3.8/site-packages/airflow/example_dags/example_xcom.py
[2021-12-21 00:17:29,291] {scheduler_job.py:633} INFO - Processing file /home/airflow/.local/lib/python3.8/site-packages/airflow/example_dags/example_xcom.py for tasks to queue
[2021-12-21 00:17:29,294] {logging_mixin.py:104} INFO - [2021-12-21 00:17:29,294] {dagbag.py:496} INFO - Filling up the DagBag from /home/airflow/.local/lib/python3.8/site-packages/airflow/example_dags/example_xcom.py
[2021-12-21 00:17:29,310] {scheduler_job.py:643} INFO - DAG(s) dict_keys(['example_xcom']) retrieved from /home/airflow/.local/lib/python3.8/site-packages/airflow/example_dags/example_xcom.py
[2021-12-21 00:17:29,352] {logging_mixin.py:104} INFO - [2021-12-21 00:17:29,352] {dag.py:1833} INFO - Sync 1 DAGs
[2021-12-21 00:17:29,369] {logging_mixin.py:104} INFO - [2021-12-21 00:17:29,369] {dag.py:2306} INFO - Setting next_dagrun for example_xcom to 2021-12-19 00:00:00+00:00
[2021-12-21 00:17:29,390] {scheduler_job.py:190} INFO - Processing /home/airflow/.local/lib/python3.8/site-packages/airflow/example_dags/example_xcom.py took 0.108 seconds
[2021-12-21 00:17:59,796] {scheduler_job.py:182} INFO - Started process (PID=10984) to work on /home/airflow/.local/lib/python3.8/site-packages/airflow/example_dags/example_xcom.py
[2021-12-21 00:17:59,800] {scheduler_job.py:633} INFO - Processing file /home/airflow/.local/lib/python3.8/site-packages/airflow/example_dags/example_xcom.py for tasks to queue
[2021-12-21 00:17:59,803] {logging_mixin.py:104} INFO - [2021-12-21 00:17:59,803] {dagbag.py:496} INFO - Filling up the DagBag from /home/airflow/.local/lib/python3.8/site-packages/airflow/example_dags/example_xcom.py
[2021-12-21 00:17:59,838] {scheduler_job.py:643} INFO - DAG(s) dict_keys(['example_xcom']) retrieved from /home/airflow/.local/lib/python3.8/site-packages/airflow/example_dags/example_xcom.py
[2021-12-21 00:17:59,892] {logging_mixin.py:104} INFO - [2021-12-21 00:17:59,892] {dag.py:1833} INFO - Sync 1 DAGs
[2021-12-21 00:17:59,933] {logging_mixin.py:104} INFO - [2021-12-21 00:17:59,933] {dag.py:2306} INFO - Setting next_dagrun for example_xcom to 2021-12-19 00:00:00+00:00
[2021-12-21 00:17:59,964] {scheduler_job.py:190} INFO - Processing /home/airflow/.local/lib/python3.8/site-packages/airflow/example_dags/example_xcom.py took 0.174 seconds
[2021-12-21 00:18:30,319] {scheduler_job.py:182} INFO - Started process (PID=11015) to work on /home/airflow/.local/lib/python3.8/site-packages/airflow/example_dags/example_xcom.py
[2021-12-21 00:18:30,323] {scheduler_job.py:633} INFO - Processing file /home/airflow/.local/lib/python3.8/site-packages/airflow/example_dags/example_xcom.py for tasks to queue
[2021-12-21 00:18:30,325] {logging_mixin.py:104} INFO - [2021-12-21 00:18:30,325] {dagbag.py:496} INFO - Filling up the DagBag from /home/airflow/.local/lib/python3.8/site-packages/airflow/example_dags/example_xcom.py
[2021-12-21 00:18:30,344] {scheduler_job.py:643} INFO - DAG(s) dict_keys(['example_xcom']) retrieved from /home/airflow/.local/lib/python3.8/site-packages/airflow/example_dags/example_xcom.py
[2021-12-21 00:18:30,395] {logging_mixin.py:104} INFO - [2021-12-21 00:18:30,395] {dag.py:1833} INFO - Sync 1 DAGs
[2021-12-21 00:18:30,413] {logging_mixin.py:104} INFO - [2021-12-21 00:18:30,413] {dag.py:2306} INFO - Setting next_dagrun for example_xcom to 2021-12-19 00:00:00+00:00
[2021-12-21 00:18:30,432] {scheduler_job.py:190} INFO - Processing /home/airflow/.local/lib/python3.8/site-packages/airflow/example_dags/example_xcom.py took 0.118 seconds
[2021-12-21 00:19:00,968] {scheduler_job.py:182} INFO - Started process (PID=11046) to work on /home/airflow/.local/lib/python3.8/site-packages/airflow/example_dags/example_xcom.py
[2021-12-21 00:19:00,972] {scheduler_job.py:633} INFO - Processing file /home/airflow/.local/lib/python3.8/site-packages/airflow/example_dags/example_xcom.py for tasks to queue
[2021-12-21 00:19:00,974] {logging_mixin.py:104} INFO - [2021-12-21 00:19:00,974] {dagbag.py:496} INFO - Filling up the DagBag from /home/airflow/.local/lib/python3.8/site-packages/airflow/example_dags/example_xcom.py
[2021-12-21 00:19:00,992] {scheduler_job.py:643} INFO - DAG(s) dict_keys(['example_xcom']) retrieved from /home/airflow/.local/lib/python3.8/site-packages/airflow/example_dags/example_xcom.py
[2021-12-21 00:19:01,043] {logging_mixin.py:104} INFO - [2021-12-21 00:19:01,043] {dag.py:1833} INFO - Sync 1 DAGs
[2021-12-21 00:19:01,062] {logging_mixin.py:104} INFO - [2021-12-21 00:19:01,061] {dag.py:2306} INFO - Setting next_dagrun for example_xcom to 2021-12-19 00:00:00+00:00
[2021-12-21 00:19:01,081] {scheduler_job.py:190} INFO - Processing /home/airflow/.local/lib/python3.8/site-packages/airflow/example_dags/example_xcom.py took 0.118 seconds
[2021-12-21 00:19:31,427] {scheduler_job.py:182} INFO - Started process (PID=11077) to work on /home/airflow/.local/lib/python3.8/site-packages/airflow/example_dags/example_xcom.py
[2021-12-21 00:19:31,430] {scheduler_job.py:633} INFO - Processing file /home/airflow/.local/lib/python3.8/site-packages/airflow/example_dags/example_xcom.py for tasks to queue
[2021-12-21 00:19:31,432] {logging_mixin.py:104} INFO - [2021-12-21 00:19:31,432] {dagbag.py:496} INFO - Filling up the DagBag from /home/airflow/.local/lib/python3.8/site-packages/airflow/example_dags/example_xcom.py
[2021-12-21 00:19:31,449] {scheduler_job.py:643} INFO - DAG(s) dict_keys(['example_xcom']) retrieved from /home/airflow/.local/lib/python3.8/site-packages/airflow/example_dags/example_xcom.py
[2021-12-21 00:19:31,495] {logging_mixin.py:104} INFO - [2021-12-21 00:19:31,494] {dag.py:1833} INFO - Sync 1 DAGs
[2021-12-21 00:19:31,515] {logging_mixin.py:104} INFO - [2021-12-21 00:19:31,515] {dag.py:2306} INFO - Setting next_dagrun for example_xcom to 2021-12-19 00:00:00+00:00
[2021-12-21 00:19:31,534] {scheduler_job.py:190} INFO - Processing /home/airflow/.local/lib/python3.8/site-packages/airflow/example_dags/example_xcom.py took 0.113 seconds
[2021-12-21 00:20:01,734] {scheduler_job.py:182} INFO - Started process (PID=11108) to work on /home/airflow/.local/lib/python3.8/site-packages/airflow/example_dags/example_xcom.py
[2021-12-21 00:20:01,740] {scheduler_job.py:633} INFO - Processing file /home/airflow/.local/lib/python3.8/site-packages/airflow/example_dags/example_xcom.py for tasks to queue
[2021-12-21 00:20:01,745] {logging_mixin.py:104} INFO - [2021-12-21 00:20:01,744] {dagbag.py:496} INFO - Filling up the DagBag from /home/airflow/.local/lib/python3.8/site-packages/airflow/example_dags/example_xcom.py
[2021-12-21 00:20:01,786] {scheduler_job.py:643} INFO - DAG(s) dict_keys(['example_xcom']) retrieved from /home/airflow/.local/lib/python3.8/site-packages/airflow/example_dags/example_xcom.py
[2021-12-21 00:20:01,886] {logging_mixin.py:104} INFO - [2021-12-21 00:20:01,886] {dag.py:1833} INFO - Sync 1 DAGs
[2021-12-21 00:20:01,906] {logging_mixin.py:104} INFO - [2021-12-21 00:20:01,906] {dag.py:2306} INFO - Setting next_dagrun for example_xcom to 2021-12-19 00:00:00+00:00
[2021-12-21 00:20:01,930] {scheduler_job.py:190} INFO - Processing /home/airflow/.local/lib/python3.8/site-packages/airflow/example_dags/example_xcom.py took 0.208 seconds
[2021-12-21 00:20:32,538] {scheduler_job.py:182} INFO - Started process (PID=11139) to work on /home/airflow/.local/lib/python3.8/site-packages/airflow/example_dags/example_xcom.py
[2021-12-21 00:20:32,546] {scheduler_job.py:633} INFO - Processing file /home/airflow/.local/lib/python3.8/site-packages/airflow/example_dags/example_xcom.py for tasks to queue
[2021-12-21 00:20:32,550] {logging_mixin.py:104} INFO - [2021-12-21 00:20:32,550] {dagbag.py:496} INFO - Filling up the DagBag from /home/airflow/.local/lib/python3.8/site-packages/airflow/example_dags/example_xcom.py
[2021-12-21 00:20:32,571] {scheduler_job.py:643} INFO - DAG(s) dict_keys(['example_xcom']) retrieved from /home/airflow/.local/lib/python3.8/site-packages/airflow/example_dags/example_xcom.py
[2021-12-21 00:20:32,619] {logging_mixin.py:104} INFO - [2021-12-21 00:20:32,619] {dag.py:1833} INFO - Sync 1 DAGs
[2021-12-21 00:20:32,636] {logging_mixin.py:104} INFO - [2021-12-21 00:20:32,635] {dag.py:2306} INFO - Setting next_dagrun for example_xcom to 2021-12-19 00:00:00+00:00
[2021-12-21 00:20:32,662] {scheduler_job.py:190} INFO - Processing /home/airflow/.local/lib/python3.8/site-packages/airflow/example_dags/example_xcom.py took 0.135 seconds
[2021-12-21 00:21:02,904] {scheduler_job.py:182} INFO - Started process (PID=11170) to work on /home/airflow/.local/lib/python3.8/site-packages/airflow/example_dags/example_xcom.py
[2021-12-21 00:21:02,907] {scheduler_job.py:633} INFO - Processing file /home/airflow/.local/lib/python3.8/site-packages/airflow/example_dags/example_xcom.py for tasks to queue
[2021-12-21 00:21:02,912] {logging_mixin.py:104} INFO - [2021-12-21 00:21:02,911] {dagbag.py:496} INFO - Filling up the DagBag from /home/airflow/.local/lib/python3.8/site-packages/airflow/example_dags/example_xcom.py
[2021-12-21 00:21:02,936] {scheduler_job.py:643} INFO - DAG(s) dict_keys(['example_xcom']) retrieved from /home/airflow/.local/lib/python3.8/site-packages/airflow/example_dags/example_xcom.py
[2021-12-21 00:21:02,982] {logging_mixin.py:104} INFO - [2021-12-21 00:21:02,981] {dag.py:1833} INFO - Sync 1 DAGs
[2021-12-21 00:21:02,997] {logging_mixin.py:104} INFO - [2021-12-21 00:21:02,997] {dag.py:2306} INFO - Setting next_dagrun for example_xcom to 2021-12-19 00:00:00+00:00
[2021-12-21 00:21:03,017] {scheduler_job.py:190} INFO - Processing /home/airflow/.local/lib/python3.8/site-packages/airflow/example_dags/example_xcom.py took 0.118 seconds
[2021-12-21 00:21:33,692] {scheduler_job.py:182} INFO - Started process (PID=11201) to work on /home/airflow/.local/lib/python3.8/site-packages/airflow/example_dags/example_xcom.py
[2021-12-21 00:21:33,701] {scheduler_job.py:633} INFO - Processing file /home/airflow/.local/lib/python3.8/site-packages/airflow/example_dags/example_xcom.py for tasks to queue
[2021-12-21 00:21:33,709] {logging_mixin.py:104} INFO - [2021-12-21 00:21:33,707] {dagbag.py:496} INFO - Filling up the DagBag from /home/airflow/.local/lib/python3.8/site-packages/airflow/example_dags/example_xcom.py
[2021-12-21 00:21:33,727] {scheduler_job.py:643} INFO - DAG(s) dict_keys(['example_xcom']) retrieved from /home/airflow/.local/lib/python3.8/site-packages/airflow/example_dags/example_xcom.py
[2021-12-21 00:21:33,772] {logging_mixin.py:104} INFO - [2021-12-21 00:21:33,772] {dag.py:1833} INFO - Sync 1 DAGs
[2021-12-21 00:21:33,788] {logging_mixin.py:104} INFO - [2021-12-21 00:21:33,788] {dag.py:2306} INFO - Setting next_dagrun for example_xcom to 2021-12-19 00:00:00+00:00
[2021-12-21 00:21:33,810] {scheduler_job.py:190} INFO - Processing /home/airflow/.local/lib/python3.8/site-packages/airflow/example_dags/example_xcom.py took 0.128 seconds
[2021-12-21 00:22:03,888] {scheduler_job.py:182} INFO - Started process (PID=11232) to work on /home/airflow/.local/lib/python3.8/site-packages/airflow/example_dags/example_xcom.py
[2021-12-21 00:22:03,892] {scheduler_job.py:633} INFO - Processing file /home/airflow/.local/lib/python3.8/site-packages/airflow/example_dags/example_xcom.py for tasks to queue
[2021-12-21 00:22:03,894] {logging_mixin.py:104} INFO - [2021-12-21 00:22:03,894] {dagbag.py:496} INFO - Filling up the DagBag from /home/airflow/.local/lib/python3.8/site-packages/airflow/example_dags/example_xcom.py
[2021-12-21 00:22:03,913] {scheduler_job.py:643} INFO - DAG(s) dict_keys(['example_xcom']) retrieved from /home/airflow/.local/lib/python3.8/site-packages/airflow/example_dags/example_xcom.py
[2021-12-21 00:22:03,959] {logging_mixin.py:104} INFO - [2021-12-21 00:22:03,959] {dag.py:1833} INFO - Sync 1 DAGs
[2021-12-21 00:22:03,976] {logging_mixin.py:104} INFO - [2021-12-21 00:22:03,976] {dag.py:2306} INFO - Setting next_dagrun for example_xcom to 2021-12-19 00:00:00+00:00
[2021-12-21 00:22:04,001] {scheduler_job.py:190} INFO - Processing /home/airflow/.local/lib/python3.8/site-packages/airflow/example_dags/example_xcom.py took 0.117 seconds
[2021-12-21 00:22:34,360] {scheduler_job.py:182} INFO - Started process (PID=11263) to work on /home/airflow/.local/lib/python3.8/site-packages/airflow/example_dags/example_xcom.py
[2021-12-21 00:22:34,365] {scheduler_job.py:633} INFO - Processing file /home/airflow/.local/lib/python3.8/site-packages/airflow/example_dags/example_xcom.py for tasks to queue
[2021-12-21 00:22:34,368] {logging_mixin.py:104} INFO - [2021-12-21 00:22:34,368] {dagbag.py:496} INFO - Filling up the DagBag from /home/airflow/.local/lib/python3.8/site-packages/airflow/example_dags/example_xcom.py
[2021-12-21 00:22:34,386] {scheduler_job.py:643} INFO - DAG(s) dict_keys(['example_xcom']) retrieved from /home/airflow/.local/lib/python3.8/site-packages/airflow/example_dags/example_xcom.py
[2021-12-21 00:22:34,433] {logging_mixin.py:104} INFO - [2021-12-21 00:22:34,433] {dag.py:1833} INFO - Sync 1 DAGs
[2021-12-21 00:22:34,459] {logging_mixin.py:104} INFO - [2021-12-21 00:22:34,458] {dag.py:2306} INFO - Setting next_dagrun for example_xcom to 2021-12-19 00:00:00+00:00
[2021-12-21 00:22:34,483] {scheduler_job.py:190} INFO - Processing /home/airflow/.local/lib/python3.8/site-packages/airflow/example_dags/example_xcom.py took 0.134 seconds
[2021-12-21 00:23:04,691] {scheduler_job.py:182} INFO - Started process (PID=11294) to work on /home/airflow/.local/lib/python3.8/site-packages/airflow/example_dags/example_xcom.py
[2021-12-21 00:23:04,695] {scheduler_job.py:633} INFO - Processing file /home/airflow/.local/lib/python3.8/site-packages/airflow/example_dags/example_xcom.py for tasks to queue
[2021-12-21 00:23:04,697] {logging_mixin.py:104} INFO - [2021-12-21 00:23:04,697] {dagbag.py:496} INFO - Filling up the DagBag from /home/airflow/.local/lib/python3.8/site-packages/airflow/example_dags/example_xcom.py
[2021-12-21 00:23:04,714] {scheduler_job.py:643} INFO - DAG(s) dict_keys(['example_xcom']) retrieved from /home/airflow/.local/lib/python3.8/site-packages/airflow/example_dags/example_xcom.py
[2021-12-21 00:23:04,761] {logging_mixin.py:104} INFO - [2021-12-21 00:23:04,761] {dag.py:1833} INFO - Sync 1 DAGs
[2021-12-21 00:23:04,776] {logging_mixin.py:104} INFO - [2021-12-21 00:23:04,776] {dag.py:2306} INFO - Setting next_dagrun for example_xcom to 2021-12-19 00:00:00+00:00
[2021-12-21 00:23:04,804] {scheduler_job.py:190} INFO - Processing /home/airflow/.local/lib/python3.8/site-packages/airflow/example_dags/example_xcom.py took 0.118 seconds
[2021-12-21 00:23:35,259] {scheduler_job.py:182} INFO - Started process (PID=11325) to work on /home/airflow/.local/lib/python3.8/site-packages/airflow/example_dags/example_xcom.py
[2021-12-21 00:23:35,263] {scheduler_job.py:633} INFO - Processing file /home/airflow/.local/lib/python3.8/site-packages/airflow/example_dags/example_xcom.py for tasks to queue
[2021-12-21 00:23:35,268] {logging_mixin.py:104} INFO - [2021-12-21 00:23:35,268] {dagbag.py:496} INFO - Filling up the DagBag from /home/airflow/.local/lib/python3.8/site-packages/airflow/example_dags/example_xcom.py
[2021-12-21 00:23:35,285] {scheduler_job.py:643} INFO - DAG(s) dict_keys(['example_xcom']) retrieved from /home/airflow/.local/lib/python3.8/site-packages/airflow/example_dags/example_xcom.py
[2021-12-21 00:23:35,332] {logging_mixin.py:104} INFO - [2021-12-21 00:23:35,332] {dag.py:1833} INFO - Sync 1 DAGs
[2021-12-21 00:23:35,348] {logging_mixin.py:104} INFO - [2021-12-21 00:23:35,348] {dag.py:2306} INFO - Setting next_dagrun for example_xcom to 2021-12-19 00:00:00+00:00
[2021-12-21 00:23:35,370] {scheduler_job.py:190} INFO - Processing /home/airflow/.local/lib/python3.8/site-packages/airflow/example_dags/example_xcom.py took 0.123 seconds
[2021-12-21 00:24:05,681] {scheduler_job.py:182} INFO - Started process (PID=11356) to work on /home/airflow/.local/lib/python3.8/site-packages/airflow/example_dags/example_xcom.py
[2021-12-21 00:24:05,684] {scheduler_job.py:633} INFO - Processing file /home/airflow/.local/lib/python3.8/site-packages/airflow/example_dags/example_xcom.py for tasks to queue
[2021-12-21 00:24:05,687] {logging_mixin.py:104} INFO - [2021-12-21 00:24:05,687] {dagbag.py:496} INFO - Filling up the DagBag from /home/airflow/.local/lib/python3.8/site-packages/airflow/example_dags/example_xcom.py
[2021-12-21 00:24:05,704] {scheduler_job.py:643} INFO - DAG(s) dict_keys(['example_xcom']) retrieved from /home/airflow/.local/lib/python3.8/site-packages/airflow/example_dags/example_xcom.py
[2021-12-21 00:24:05,749] {logging_mixin.py:104} INFO - [2021-12-21 00:24:05,749] {dag.py:1833} INFO - Sync 1 DAGs
[2021-12-21 00:24:05,766] {logging_mixin.py:104} INFO - [2021-12-21 00:24:05,765] {dag.py:2306} INFO - Setting next_dagrun for example_xcom to 2021-12-19 00:00:00+00:00
[2021-12-21 00:24:05,789] {scheduler_job.py:190} INFO - Processing /home/airflow/.local/lib/python3.8/site-packages/airflow/example_dags/example_xcom.py took 0.112 seconds
[2021-12-21 00:24:36,368] {scheduler_job.py:182} INFO - Started process (PID=11387) to work on /home/airflow/.local/lib/python3.8/site-packages/airflow/example_dags/example_xcom.py
[2021-12-21 00:24:36,372] {scheduler_job.py:633} INFO - Processing file /home/airflow/.local/lib/python3.8/site-packages/airflow/example_dags/example_xcom.py for tasks to queue
[2021-12-21 00:24:36,374] {logging_mixin.py:104} INFO - [2021-12-21 00:24:36,374] {dagbag.py:496} INFO - Filling up the DagBag from /home/airflow/.local/lib/python3.8/site-packages/airflow/example_dags/example_xcom.py
[2021-12-21 00:24:36,395] {scheduler_job.py:643} INFO - DAG(s) dict_keys(['example_xcom']) retrieved from /home/airflow/.local/lib/python3.8/site-packages/airflow/example_dags/example_xcom.py
[2021-12-21 00:24:36,449] {logging_mixin.py:104} INFO - [2021-12-21 00:24:36,448] {dag.py:1833} INFO - Sync 1 DAGs
[2021-12-21 00:24:36,464] {logging_mixin.py:104} INFO - [2021-12-21 00:24:36,464] {dag.py:2306} INFO - Setting next_dagrun for example_xcom to 2021-12-19 00:00:00+00:00
[2021-12-21 00:24:36,485] {scheduler_job.py:190} INFO - Processing /home/airflow/.local/lib/python3.8/site-packages/airflow/example_dags/example_xcom.py took 0.121 seconds
[2021-12-21 00:25:06,830] {scheduler_job.py:182} INFO - Started process (PID=11418) to work on /home/airflow/.local/lib/python3.8/site-packages/airflow/example_dags/example_xcom.py
[2021-12-21 00:25:06,835] {scheduler_job.py:633} INFO - Processing file /home/airflow/.local/lib/python3.8/site-packages/airflow/example_dags/example_xcom.py for tasks to queue
[2021-12-21 00:25:06,838] {logging_mixin.py:104} INFO - [2021-12-21 00:25:06,837] {dagbag.py:496} INFO - Filling up the DagBag from /home/airflow/.local/lib/python3.8/site-packages/airflow/example_dags/example_xcom.py
[2021-12-21 00:25:06,854] {scheduler_job.py:643} INFO - DAG(s) dict_keys(['example_xcom']) retrieved from /home/airflow/.local/lib/python3.8/site-packages/airflow/example_dags/example_xcom.py
[2021-12-21 00:25:06,896] {logging_mixin.py:104} INFO - [2021-12-21 00:25:06,896] {dag.py:1833} INFO - Sync 1 DAGs
[2021-12-21 00:25:06,914] {logging_mixin.py:104} INFO - [2021-12-21 00:25:06,914] {dag.py:2306} INFO - Setting next_dagrun for example_xcom to 2021-12-19 00:00:00+00:00
[2021-12-21 00:25:06,934] {scheduler_job.py:190} INFO - Processing /home/airflow/.local/lib/python3.8/site-packages/airflow/example_dags/example_xcom.py took 0.109 seconds
[2021-12-21 00:25:37,016] {scheduler_job.py:182} INFO - Started process (PID=11449) to work on /home/airflow/.local/lib/python3.8/site-packages/airflow/example_dags/example_xcom.py
[2021-12-21 00:25:37,019] {scheduler_job.py:633} INFO - Processing file /home/airflow/.local/lib/python3.8/site-packages/airflow/example_dags/example_xcom.py for tasks to queue
[2021-12-21 00:25:37,023] {logging_mixin.py:104} INFO - [2021-12-21 00:25:37,023] {dagbag.py:496} INFO - Filling up the DagBag from /home/airflow/.local/lib/python3.8/site-packages/airflow/example_dags/example_xcom.py
[2021-12-21 00:25:37,043] {scheduler_job.py:643} INFO - DAG(s) dict_keys(['example_xcom']) retrieved from /home/airflow/.local/lib/python3.8/site-packages/airflow/example_dags/example_xcom.py
[2021-12-21 00:25:37,097] {logging_mixin.py:104} INFO - [2021-12-21 00:25:37,097] {dag.py:1833} INFO - Sync 1 DAGs
[2021-12-21 00:25:37,115] {logging_mixin.py:104} INFO - [2021-12-21 00:25:37,115] {dag.py:2306} INFO - Setting next_dagrun for example_xcom to 2021-12-19 00:00:00+00:00
[2021-12-21 00:25:37,138] {scheduler_job.py:190} INFO - Processing /home/airflow/.local/lib/python3.8/site-packages/airflow/example_dags/example_xcom.py took 0.127 seconds
[2021-12-21 00:26:07,244] {scheduler_job.py:182} INFO - Started process (PID=11479) to work on /home/airflow/.local/lib/python3.8/site-packages/airflow/example_dags/example_xcom.py
[2021-12-21 00:26:07,250] {scheduler_job.py:633} INFO - Processing file /home/airflow/.local/lib/python3.8/site-packages/airflow/example_dags/example_xcom.py for tasks to queue
[2021-12-21 00:26:07,253] {logging_mixin.py:104} INFO - [2021-12-21 00:26:07,252] {dagbag.py:496} INFO - Filling up the DagBag from /home/airflow/.local/lib/python3.8/site-packages/airflow/example_dags/example_xcom.py
[2021-12-21 00:26:07,283] {scheduler_job.py:643} INFO - DAG(s) dict_keys(['example_xcom']) retrieved from /home/airflow/.local/lib/python3.8/site-packages/airflow/example_dags/example_xcom.py
[2021-12-21 00:26:07,342] {logging_mixin.py:104} INFO - [2021-12-21 00:26:07,341] {dag.py:1833} INFO - Sync 1 DAGs
[2021-12-21 00:26:07,366] {logging_mixin.py:104} INFO - [2021-12-21 00:26:07,366] {dag.py:2306} INFO - Setting next_dagrun for example_xcom to 2021-12-19 00:00:00+00:00
[2021-12-21 00:26:07,396] {scheduler_job.py:190} INFO - Processing /home/airflow/.local/lib/python3.8/site-packages/airflow/example_dags/example_xcom.py took 0.158 seconds
[2021-12-21 00:26:37,514] {scheduler_job.py:182} INFO - Started process (PID=11510) to work on /home/airflow/.local/lib/python3.8/site-packages/airflow/example_dags/example_xcom.py
[2021-12-21 00:26:37,518] {scheduler_job.py:633} INFO - Processing file /home/airflow/.local/lib/python3.8/site-packages/airflow/example_dags/example_xcom.py for tasks to queue
[2021-12-21 00:26:37,521] {logging_mixin.py:104} INFO - [2021-12-21 00:26:37,521] {dagbag.py:496} INFO - Filling up the DagBag from /home/airflow/.local/lib/python3.8/site-packages/airflow/example_dags/example_xcom.py
[2021-12-21 00:26:37,541] {scheduler_job.py:643} INFO - DAG(s) dict_keys(['example_xcom']) retrieved from /home/airflow/.local/lib/python3.8/site-packages/airflow/example_dags/example_xcom.py
[2021-12-21 00:26:37,594] {logging_mixin.py:104} INFO - [2021-12-21 00:26:37,594] {dag.py:1833} INFO - Sync 1 DAGs
[2021-12-21 00:26:37,617] {logging_mixin.py:104} INFO - [2021-12-21 00:26:37,617] {dag.py:2306} INFO - Setting next_dagrun for example_xcom to 2021-12-19 00:00:00+00:00
[2021-12-21 00:26:37,638] {scheduler_job.py:190} INFO - Processing /home/airflow/.local/lib/python3.8/site-packages/airflow/example_dags/example_xcom.py took 0.130 seconds
[2021-12-21 00:27:08,174] {scheduler_job.py:182} INFO - Started process (PID=11541) to work on /home/airflow/.local/lib/python3.8/site-packages/airflow/example_dags/example_xcom.py
[2021-12-21 00:27:08,179] {scheduler_job.py:633} INFO - Processing file /home/airflow/.local/lib/python3.8/site-packages/airflow/example_dags/example_xcom.py for tasks to queue
[2021-12-21 00:27:08,181] {logging_mixin.py:104} INFO - [2021-12-21 00:27:08,181] {dagbag.py:496} INFO - Filling up the DagBag from /home/airflow/.local/lib/python3.8/site-packages/airflow/example_dags/example_xcom.py
[2021-12-21 00:27:08,199] {scheduler_job.py:643} INFO - DAG(s) dict_keys(['example_xcom']) retrieved from /home/airflow/.local/lib/python3.8/site-packages/airflow/example_dags/example_xcom.py
[2021-12-21 00:27:08,249] {logging_mixin.py:104} INFO - [2021-12-21 00:27:08,249] {dag.py:1833} INFO - Sync 1 DAGs
[2021-12-21 00:27:08,271] {logging_mixin.py:104} INFO - [2021-12-21 00:27:08,271] {dag.py:2306} INFO - Setting next_dagrun for example_xcom to 2021-12-19 00:00:00+00:00
[2021-12-21 00:27:08,297] {scheduler_job.py:190} INFO - Processing /home/airflow/.local/lib/python3.8/site-packages/airflow/example_dags/example_xcom.py took 0.130 seconds
[2021-12-21 00:27:38,885] {scheduler_job.py:182} INFO - Started process (PID=11572) to work on /home/airflow/.local/lib/python3.8/site-packages/airflow/example_dags/example_xcom.py
[2021-12-21 00:27:38,888] {scheduler_job.py:633} INFO - Processing file /home/airflow/.local/lib/python3.8/site-packages/airflow/example_dags/example_xcom.py for tasks to queue
[2021-12-21 00:27:38,890] {logging_mixin.py:104} INFO - [2021-12-21 00:27:38,890] {dagbag.py:496} INFO - Filling up the DagBag from /home/airflow/.local/lib/python3.8/site-packages/airflow/example_dags/example_xcom.py
[2021-12-21 00:27:38,907] {scheduler_job.py:643} INFO - DAG(s) dict_keys(['example_xcom']) retrieved from /home/airflow/.local/lib/python3.8/site-packages/airflow/example_dags/example_xcom.py
[2021-12-21 00:27:38,952] {logging_mixin.py:104} INFO - [2021-12-21 00:27:38,952] {dag.py:1833} INFO - Sync 1 DAGs
[2021-12-21 00:27:38,969] {logging_mixin.py:104} INFO - [2021-12-21 00:27:38,968] {dag.py:2306} INFO - Setting next_dagrun for example_xcom to 2021-12-19 00:00:00+00:00
[2021-12-21 00:27:38,986] {scheduler_job.py:190} INFO - Processing /home/airflow/.local/lib/python3.8/site-packages/airflow/example_dags/example_xcom.py took 0.111 seconds
[2021-12-21 00:28:09,050] {scheduler_job.py:182} INFO - Started process (PID=11603) to work on /home/airflow/.local/lib/python3.8/site-packages/airflow/example_dags/example_xcom.py
[2021-12-21 00:28:09,055] {scheduler_job.py:633} INFO - Processing file /home/airflow/.local/lib/python3.8/site-packages/airflow/example_dags/example_xcom.py for tasks to queue
[2021-12-21 00:28:09,059] {logging_mixin.py:104} INFO - [2021-12-21 00:28:09,058] {dagbag.py:496} INFO - Filling up the DagBag from /home/airflow/.local/lib/python3.8/site-packages/airflow/example_dags/example_xcom.py
[2021-12-21 00:28:09,083] {scheduler_job.py:643} INFO - DAG(s) dict_keys(['example_xcom']) retrieved from /home/airflow/.local/lib/python3.8/site-packages/airflow/example_dags/example_xcom.py
[2021-12-21 00:28:09,131] {logging_mixin.py:104} INFO - [2021-12-21 00:28:09,131] {dag.py:1833} INFO - Sync 1 DAGs
[2021-12-21 00:28:09,148] {logging_mixin.py:104} INFO - [2021-12-21 00:28:09,148] {dag.py:2306} INFO - Setting next_dagrun for example_xcom to 2021-12-19 00:00:00+00:00
[2021-12-21 00:28:09,176] {scheduler_job.py:190} INFO - Processing /home/airflow/.local/lib/python3.8/site-packages/airflow/example_dags/example_xcom.py took 0.136 seconds
[2021-12-21 00:28:39,602] {scheduler_job.py:182} INFO - Started process (PID=11634) to work on /home/airflow/.local/lib/python3.8/site-packages/airflow/example_dags/example_xcom.py
[2021-12-21 00:28:39,606] {scheduler_job.py:633} INFO - Processing file /home/airflow/.local/lib/python3.8/site-packages/airflow/example_dags/example_xcom.py for tasks to queue
[2021-12-21 00:28:39,608] {logging_mixin.py:104} INFO - [2021-12-21 00:28:39,608] {dagbag.py:496} INFO - Filling up the DagBag from /home/airflow/.local/lib/python3.8/site-packages/airflow/example_dags/example_xcom.py
[2021-12-21 00:28:39,630] {scheduler_job.py:643} INFO - DAG(s) dict_keys(['example_xcom']) retrieved from /home/airflow/.local/lib/python3.8/site-packages/airflow/example_dags/example_xcom.py
[2021-12-21 00:28:39,681] {logging_mixin.py:104} INFO - [2021-12-21 00:28:39,680] {dag.py:1833} INFO - Sync 1 DAGs
[2021-12-21 00:28:39,700] {logging_mixin.py:104} INFO - [2021-12-21 00:28:39,699] {dag.py:2306} INFO - Setting next_dagrun for example_xcom to 2021-12-19 00:00:00+00:00
[2021-12-21 00:28:39,718] {scheduler_job.py:190} INFO - Processing /home/airflow/.local/lib/python3.8/site-packages/airflow/example_dags/example_xcom.py took 0.122 seconds
[2021-12-21 00:29:10,049] {scheduler_job.py:182} INFO - Started process (PID=11664) to work on /home/airflow/.local/lib/python3.8/site-packages/airflow/example_dags/example_xcom.py
[2021-12-21 00:29:10,055] {scheduler_job.py:633} INFO - Processing file /home/airflow/.local/lib/python3.8/site-packages/airflow/example_dags/example_xcom.py for tasks to queue
[2021-12-21 00:29:10,058] {logging_mixin.py:104} INFO - [2021-12-21 00:29:10,058] {dagbag.py:496} INFO - Filling up the DagBag from /home/airflow/.local/lib/python3.8/site-packages/airflow/example_dags/example_xcom.py
[2021-12-21 00:29:10,089] {scheduler_job.py:643} INFO - DAG(s) dict_keys(['example_xcom']) retrieved from /home/airflow/.local/lib/python3.8/site-packages/airflow/example_dags/example_xcom.py
[2021-12-21 00:29:10,159] {logging_mixin.py:104} INFO - [2021-12-21 00:29:10,159] {dag.py:1833} INFO - Sync 1 DAGs
[2021-12-21 00:29:10,177] {logging_mixin.py:104} INFO - [2021-12-21 00:29:10,177] {dag.py:2306} INFO - Setting next_dagrun for example_xcom to 2021-12-19 00:00:00+00:00
[2021-12-21 00:29:10,206] {scheduler_job.py:190} INFO - Processing /home/airflow/.local/lib/python3.8/site-packages/airflow/example_dags/example_xcom.py took 0.162 seconds
[2021-12-21 00:29:40,643] {scheduler_job.py:182} INFO - Started process (PID=11695) to work on /home/airflow/.local/lib/python3.8/site-packages/airflow/example_dags/example_xcom.py
[2021-12-21 00:29:40,646] {scheduler_job.py:633} INFO - Processing file /home/airflow/.local/lib/python3.8/site-packages/airflow/example_dags/example_xcom.py for tasks to queue
[2021-12-21 00:29:40,649] {logging_mixin.py:104} INFO - [2021-12-21 00:29:40,649] {dagbag.py:496} INFO - Filling up the DagBag from /home/airflow/.local/lib/python3.8/site-packages/airflow/example_dags/example_xcom.py
[2021-12-21 00:29:40,667] {scheduler_job.py:643} INFO - DAG(s) dict_keys(['example_xcom']) retrieved from /home/airflow/.local/lib/python3.8/site-packages/airflow/example_dags/example_xcom.py
[2021-12-21 00:29:40,716] {logging_mixin.py:104} INFO - [2021-12-21 00:29:40,716] {dag.py:1833} INFO - Sync 1 DAGs
[2021-12-21 00:29:40,736] {logging_mixin.py:104} INFO - [2021-12-21 00:29:40,736] {dag.py:2306} INFO - Setting next_dagrun for example_xcom to 2021-12-19 00:00:00+00:00
[2021-12-21 00:29:40,759] {scheduler_job.py:190} INFO - Processing /home/airflow/.local/lib/python3.8/site-packages/airflow/example_dags/example_xcom.py took 0.121 seconds
[2021-12-21 00:30:11,281] {scheduler_job.py:182} INFO - Started process (PID=11726) to work on /home/airflow/.local/lib/python3.8/site-packages/airflow/example_dags/example_xcom.py
[2021-12-21 00:30:11,285] {scheduler_job.py:633} INFO - Processing file /home/airflow/.local/lib/python3.8/site-packages/airflow/example_dags/example_xcom.py for tasks to queue
[2021-12-21 00:30:11,287] {logging_mixin.py:104} INFO - [2021-12-21 00:30:11,287] {dagbag.py:496} INFO - Filling up the DagBag from /home/airflow/.local/lib/python3.8/site-packages/airflow/example_dags/example_xcom.py
[2021-12-21 00:30:11,301] {scheduler_job.py:643} INFO - DAG(s) dict_keys(['example_xcom']) retrieved from /home/airflow/.local/lib/python3.8/site-packages/airflow/example_dags/example_xcom.py
[2021-12-21 00:30:11,352] {logging_mixin.py:104} INFO - [2021-12-21 00:30:11,352] {dag.py:1833} INFO - Sync 1 DAGs
[2021-12-21 00:30:11,367] {logging_mixin.py:104} INFO - [2021-12-21 00:30:11,367] {dag.py:2306} INFO - Setting next_dagrun for example_xcom to 2021-12-19 00:00:00+00:00
[2021-12-21 00:30:11,390] {scheduler_job.py:190} INFO - Processing /home/airflow/.local/lib/python3.8/site-packages/airflow/example_dags/example_xcom.py took 0.115 seconds
[2021-12-21 00:30:41,509] {scheduler_job.py:182} INFO - Started process (PID=11757) to work on /home/airflow/.local/lib/python3.8/site-packages/airflow/example_dags/example_xcom.py
[2021-12-21 00:30:41,513] {scheduler_job.py:633} INFO - Processing file /home/airflow/.local/lib/python3.8/site-packages/airflow/example_dags/example_xcom.py for tasks to queue
[2021-12-21 00:30:41,518] {logging_mixin.py:104} INFO - [2021-12-21 00:30:41,517] {dagbag.py:496} INFO - Filling up the DagBag from /home/airflow/.local/lib/python3.8/site-packages/airflow/example_dags/example_xcom.py
[2021-12-21 00:30:41,542] {scheduler_job.py:643} INFO - DAG(s) dict_keys(['example_xcom']) retrieved from /home/airflow/.local/lib/python3.8/site-packages/airflow/example_dags/example_xcom.py
[2021-12-21 00:30:41,618] {logging_mixin.py:104} INFO - [2021-12-21 00:30:41,617] {dag.py:1833} INFO - Sync 1 DAGs
[2021-12-21 00:30:41,641] {logging_mixin.py:104} INFO - [2021-12-21 00:30:41,641] {dag.py:2306} INFO - Setting next_dagrun for example_xcom to 2021-12-19 00:00:00+00:00
[2021-12-21 00:30:41,665] {scheduler_job.py:190} INFO - Processing /home/airflow/.local/lib/python3.8/site-packages/airflow/example_dags/example_xcom.py took 0.162 seconds
[2021-12-21 00:39:24,036] {scheduler_job.py:182} INFO - Started process (PID=11781) to work on /home/airflow/.local/lib/python3.8/site-packages/airflow/example_dags/example_xcom.py
[2021-12-21 00:39:24,046] {scheduler_job.py:633} INFO - Processing file /home/airflow/.local/lib/python3.8/site-packages/airflow/example_dags/example_xcom.py for tasks to queue
[2021-12-21 00:39:24,049] {logging_mixin.py:104} INFO - [2021-12-21 00:39:24,049] {dagbag.py:496} INFO - Filling up the DagBag from /home/airflow/.local/lib/python3.8/site-packages/airflow/example_dags/example_xcom.py
[2021-12-21 00:39:24,097] {scheduler_job.py:643} INFO - DAG(s) dict_keys(['example_xcom']) retrieved from /home/airflow/.local/lib/python3.8/site-packages/airflow/example_dags/example_xcom.py
[2021-12-21 00:39:24,194] {logging_mixin.py:104} INFO - [2021-12-21 00:39:24,193] {dag.py:1833} INFO - Sync 1 DAGs
[2021-12-21 00:39:24,283] {logging_mixin.py:104} INFO - [2021-12-21 00:39:24,283] {dag.py:2306} INFO - Setting next_dagrun for example_xcom to 2021-12-19 00:00:00+00:00
[2021-12-21 00:39:24,319] {scheduler_job.py:190} INFO - Processing /home/airflow/.local/lib/python3.8/site-packages/airflow/example_dags/example_xcom.py took 0.291 seconds
[2021-12-21 00:39:55,206] {scheduler_job.py:182} INFO - Started process (PID=11811) to work on /home/airflow/.local/lib/python3.8/site-packages/airflow/example_dags/example_xcom.py
[2021-12-21 00:39:55,216] {scheduler_job.py:633} INFO - Processing file /home/airflow/.local/lib/python3.8/site-packages/airflow/example_dags/example_xcom.py for tasks to queue
[2021-12-21 00:39:55,220] {logging_mixin.py:104} INFO - [2021-12-21 00:39:55,220] {dagbag.py:496} INFO - Filling up the DagBag from /home/airflow/.local/lib/python3.8/site-packages/airflow/example_dags/example_xcom.py
[2021-12-21 00:39:55,261] {scheduler_job.py:643} INFO - DAG(s) dict_keys(['example_xcom']) retrieved from /home/airflow/.local/lib/python3.8/site-packages/airflow/example_dags/example_xcom.py
[2021-12-21 00:39:55,351] {logging_mixin.py:104} INFO - [2021-12-21 00:39:55,351] {dag.py:1833} INFO - Sync 1 DAGs
[2021-12-21 00:39:55,398] {logging_mixin.py:104} INFO - [2021-12-21 00:39:55,398] {dag.py:2306} INFO - Setting next_dagrun for example_xcom to 2021-12-19 00:00:00+00:00
[2021-12-21 00:39:55,428] {scheduler_job.py:190} INFO - Processing /home/airflow/.local/lib/python3.8/site-packages/airflow/example_dags/example_xcom.py took 0.235 seconds
[2021-12-21 00:56:40,756] {scheduler_job.py:182} INFO - Started process (PID=11843) to work on /home/airflow/.local/lib/python3.8/site-packages/airflow/example_dags/example_xcom.py
[2021-12-21 00:56:40,789] {scheduler_job.py:633} INFO - Processing file /home/airflow/.local/lib/python3.8/site-packages/airflow/example_dags/example_xcom.py for tasks to queue
[2021-12-21 00:56:40,795] {logging_mixin.py:104} INFO - [2021-12-21 00:56:40,795] {dagbag.py:496} INFO - Filling up the DagBag from /home/airflow/.local/lib/python3.8/site-packages/airflow/example_dags/example_xcom.py
[2021-12-21 00:56:41,130] {scheduler_job.py:643} INFO - DAG(s) dict_keys(['example_xcom']) retrieved from /home/airflow/.local/lib/python3.8/site-packages/airflow/example_dags/example_xcom.py
[2021-12-21 00:56:41,587] {logging_mixin.py:104} INFO - [2021-12-21 00:56:41,587] {dag.py:1833} INFO - Sync 1 DAGs
[2021-12-21 00:56:41,672] {logging_mixin.py:104} INFO - [2021-12-21 00:56:41,671] {dag.py:2306} INFO - Setting next_dagrun for example_xcom to 2021-12-19 00:00:00+00:00
[2021-12-21 00:56:42,417] {scheduler_job.py:190} INFO - Processing /home/airflow/.local/lib/python3.8/site-packages/airflow/example_dags/example_xcom.py took 1.705 seconds
