[2021-12-21 00:00:02,799] {scheduler_job.py:182} INFO - Started process (PID=9899) to work on /home/airflow/.local/lib/python3.8/site-packages/airflow/example_dags/tutorial_etl_dag.py
[2021-12-21 00:00:02,804] {scheduler_job.py:633} INFO - Processing file /home/airflow/.local/lib/python3.8/site-packages/airflow/example_dags/tutorial_etl_dag.py for tasks to queue
[2021-12-21 00:00:02,820] {logging_mixin.py:104} INFO - [2021-12-21 00:00:02,819] {dagbag.py:496} INFO - Filling up the DagBag from /home/airflow/.local/lib/python3.8/site-packages/airflow/example_dags/tutorial_etl_dag.py
[2021-12-21 00:00:02,856] {scheduler_job.py:643} INFO - DAG(s) dict_keys(['tutorial_etl_dag']) retrieved from /home/airflow/.local/lib/python3.8/site-packages/airflow/example_dags/tutorial_etl_dag.py
[2021-12-21 00:00:03,538] {logging_mixin.py:104} INFO - [2021-12-21 00:00:03,538] {dag.py:1833} INFO - Sync 1 DAGs
[2021-12-21 00:00:03,569] {logging_mixin.py:104} INFO - [2021-12-21 00:00:03,568] {dag.py:2306} INFO - Setting next_dagrun for tutorial_etl_dag to None
[2021-12-21 00:00:03,613] {scheduler_job.py:190} INFO - Processing /home/airflow/.local/lib/python3.8/site-packages/airflow/example_dags/tutorial_etl_dag.py took 0.835 seconds
[2021-12-21 00:00:33,797] {scheduler_job.py:182} INFO - Started process (PID=9930) to work on /home/airflow/.local/lib/python3.8/site-packages/airflow/example_dags/tutorial_etl_dag.py
[2021-12-21 00:00:33,809] {scheduler_job.py:633} INFO - Processing file /home/airflow/.local/lib/python3.8/site-packages/airflow/example_dags/tutorial_etl_dag.py for tasks to queue
[2021-12-21 00:00:33,812] {logging_mixin.py:104} INFO - [2021-12-21 00:00:33,812] {dagbag.py:496} INFO - Filling up the DagBag from /home/airflow/.local/lib/python3.8/site-packages/airflow/example_dags/tutorial_etl_dag.py
[2021-12-21 00:00:33,854] {scheduler_job.py:643} INFO - DAG(s) dict_keys(['tutorial_etl_dag']) retrieved from /home/airflow/.local/lib/python3.8/site-packages/airflow/example_dags/tutorial_etl_dag.py
[2021-12-21 00:00:33,943] {logging_mixin.py:104} INFO - [2021-12-21 00:00:33,943] {dag.py:1833} INFO - Sync 1 DAGs
[2021-12-21 00:00:33,978] {logging_mixin.py:104} INFO - [2021-12-21 00:00:33,978] {dag.py:2306} INFO - Setting next_dagrun for tutorial_etl_dag to None
[2021-12-21 00:00:34,015] {scheduler_job.py:190} INFO - Processing /home/airflow/.local/lib/python3.8/site-packages/airflow/example_dags/tutorial_etl_dag.py took 0.227 seconds
[2021-12-21 00:01:04,538] {scheduler_job.py:182} INFO - Started process (PID=9961) to work on /home/airflow/.local/lib/python3.8/site-packages/airflow/example_dags/tutorial_etl_dag.py
[2021-12-21 00:01:04,542] {scheduler_job.py:633} INFO - Processing file /home/airflow/.local/lib/python3.8/site-packages/airflow/example_dags/tutorial_etl_dag.py for tasks to queue
[2021-12-21 00:01:04,545] {logging_mixin.py:104} INFO - [2021-12-21 00:01:04,545] {dagbag.py:496} INFO - Filling up the DagBag from /home/airflow/.local/lib/python3.8/site-packages/airflow/example_dags/tutorial_etl_dag.py
[2021-12-21 00:01:04,567] {scheduler_job.py:643} INFO - DAG(s) dict_keys(['tutorial_etl_dag']) retrieved from /home/airflow/.local/lib/python3.8/site-packages/airflow/example_dags/tutorial_etl_dag.py
[2021-12-21 00:01:04,656] {logging_mixin.py:104} INFO - [2021-12-21 00:01:04,656] {dag.py:1833} INFO - Sync 1 DAGs
[2021-12-21 00:01:04,704] {logging_mixin.py:104} INFO - [2021-12-21 00:01:04,704] {dag.py:2306} INFO - Setting next_dagrun for tutorial_etl_dag to None
[2021-12-21 00:01:04,761] {scheduler_job.py:190} INFO - Processing /home/airflow/.local/lib/python3.8/site-packages/airflow/example_dags/tutorial_etl_dag.py took 0.230 seconds
[2021-12-21 00:01:34,981] {scheduler_job.py:182} INFO - Started process (PID=9992) to work on /home/airflow/.local/lib/python3.8/site-packages/airflow/example_dags/tutorial_etl_dag.py
[2021-12-21 00:01:34,986] {scheduler_job.py:633} INFO - Processing file /home/airflow/.local/lib/python3.8/site-packages/airflow/example_dags/tutorial_etl_dag.py for tasks to queue
[2021-12-21 00:01:34,991] {logging_mixin.py:104} INFO - [2021-12-21 00:01:34,990] {dagbag.py:496} INFO - Filling up the DagBag from /home/airflow/.local/lib/python3.8/site-packages/airflow/example_dags/tutorial_etl_dag.py
[2021-12-21 00:01:35,038] {scheduler_job.py:643} INFO - DAG(s) dict_keys(['tutorial_etl_dag']) retrieved from /home/airflow/.local/lib/python3.8/site-packages/airflow/example_dags/tutorial_etl_dag.py
[2021-12-21 00:01:35,115] {logging_mixin.py:104} INFO - [2021-12-21 00:01:35,114] {dag.py:1833} INFO - Sync 1 DAGs
[2021-12-21 00:01:35,138] {logging_mixin.py:104} INFO - [2021-12-21 00:01:35,138] {dag.py:2306} INFO - Setting next_dagrun for tutorial_etl_dag to None
[2021-12-21 00:01:35,168] {scheduler_job.py:190} INFO - Processing /home/airflow/.local/lib/python3.8/site-packages/airflow/example_dags/tutorial_etl_dag.py took 0.206 seconds
[2021-12-21 00:02:05,569] {scheduler_job.py:182} INFO - Started process (PID=10023) to work on /home/airflow/.local/lib/python3.8/site-packages/airflow/example_dags/tutorial_etl_dag.py
[2021-12-21 00:02:05,573] {scheduler_job.py:633} INFO - Processing file /home/airflow/.local/lib/python3.8/site-packages/airflow/example_dags/tutorial_etl_dag.py for tasks to queue
[2021-12-21 00:02:05,575] {logging_mixin.py:104} INFO - [2021-12-21 00:02:05,575] {dagbag.py:496} INFO - Filling up the DagBag from /home/airflow/.local/lib/python3.8/site-packages/airflow/example_dags/tutorial_etl_dag.py
[2021-12-21 00:02:05,606] {scheduler_job.py:643} INFO - DAG(s) dict_keys(['tutorial_etl_dag']) retrieved from /home/airflow/.local/lib/python3.8/site-packages/airflow/example_dags/tutorial_etl_dag.py
[2021-12-21 00:02:05,672] {logging_mixin.py:104} INFO - [2021-12-21 00:02:05,672] {dag.py:1833} INFO - Sync 1 DAGs
[2021-12-21 00:02:05,704] {logging_mixin.py:104} INFO - [2021-12-21 00:02:05,704] {dag.py:2306} INFO - Setting next_dagrun for tutorial_etl_dag to None
[2021-12-21 00:02:05,733] {scheduler_job.py:190} INFO - Processing /home/airflow/.local/lib/python3.8/site-packages/airflow/example_dags/tutorial_etl_dag.py took 0.169 seconds
[2021-12-21 00:02:36,121] {scheduler_job.py:182} INFO - Started process (PID=10054) to work on /home/airflow/.local/lib/python3.8/site-packages/airflow/example_dags/tutorial_etl_dag.py
[2021-12-21 00:02:36,131] {scheduler_job.py:633} INFO - Processing file /home/airflow/.local/lib/python3.8/site-packages/airflow/example_dags/tutorial_etl_dag.py for tasks to queue
[2021-12-21 00:02:36,134] {logging_mixin.py:104} INFO - [2021-12-21 00:02:36,134] {dagbag.py:496} INFO - Filling up the DagBag from /home/airflow/.local/lib/python3.8/site-packages/airflow/example_dags/tutorial_etl_dag.py
[2021-12-21 00:02:36,170] {scheduler_job.py:643} INFO - DAG(s) dict_keys(['tutorial_etl_dag']) retrieved from /home/airflow/.local/lib/python3.8/site-packages/airflow/example_dags/tutorial_etl_dag.py
[2021-12-21 00:02:36,251] {logging_mixin.py:104} INFO - [2021-12-21 00:02:36,251] {dag.py:1833} INFO - Sync 1 DAGs
[2021-12-21 00:02:36,281] {logging_mixin.py:104} INFO - [2021-12-21 00:02:36,281] {dag.py:2306} INFO - Setting next_dagrun for tutorial_etl_dag to None
[2021-12-21 00:02:36,311] {scheduler_job.py:190} INFO - Processing /home/airflow/.local/lib/python3.8/site-packages/airflow/example_dags/tutorial_etl_dag.py took 0.203 seconds
[2021-12-21 00:03:07,284] {scheduler_job.py:182} INFO - Started process (PID=10085) to work on /home/airflow/.local/lib/python3.8/site-packages/airflow/example_dags/tutorial_etl_dag.py
[2021-12-21 00:03:07,288] {scheduler_job.py:633} INFO - Processing file /home/airflow/.local/lib/python3.8/site-packages/airflow/example_dags/tutorial_etl_dag.py for tasks to queue
[2021-12-21 00:03:07,291] {logging_mixin.py:104} INFO - [2021-12-21 00:03:07,291] {dagbag.py:496} INFO - Filling up the DagBag from /home/airflow/.local/lib/python3.8/site-packages/airflow/example_dags/tutorial_etl_dag.py
[2021-12-21 00:03:07,318] {scheduler_job.py:643} INFO - DAG(s) dict_keys(['tutorial_etl_dag']) retrieved from /home/airflow/.local/lib/python3.8/site-packages/airflow/example_dags/tutorial_etl_dag.py
[2021-12-21 00:03:07,374] {logging_mixin.py:104} INFO - [2021-12-21 00:03:07,374] {dag.py:1833} INFO - Sync 1 DAGs
[2021-12-21 00:03:07,409] {logging_mixin.py:104} INFO - [2021-12-21 00:03:07,408] {dag.py:2306} INFO - Setting next_dagrun for tutorial_etl_dag to None
[2021-12-21 00:03:07,446] {scheduler_job.py:190} INFO - Processing /home/airflow/.local/lib/python3.8/site-packages/airflow/example_dags/tutorial_etl_dag.py took 0.167 seconds
[2021-12-21 00:03:37,874] {scheduler_job.py:182} INFO - Started process (PID=10116) to work on /home/airflow/.local/lib/python3.8/site-packages/airflow/example_dags/tutorial_etl_dag.py
[2021-12-21 00:03:37,877] {scheduler_job.py:633} INFO - Processing file /home/airflow/.local/lib/python3.8/site-packages/airflow/example_dags/tutorial_etl_dag.py for tasks to queue
[2021-12-21 00:03:37,881] {logging_mixin.py:104} INFO - [2021-12-21 00:03:37,881] {dagbag.py:496} INFO - Filling up the DagBag from /home/airflow/.local/lib/python3.8/site-packages/airflow/example_dags/tutorial_etl_dag.py
[2021-12-21 00:03:37,912] {scheduler_job.py:643} INFO - DAG(s) dict_keys(['tutorial_etl_dag']) retrieved from /home/airflow/.local/lib/python3.8/site-packages/airflow/example_dags/tutorial_etl_dag.py
[2021-12-21 00:03:37,958] {logging_mixin.py:104} INFO - [2021-12-21 00:03:37,958] {dag.py:1833} INFO - Sync 1 DAGs
[2021-12-21 00:03:37,974] {logging_mixin.py:104} INFO - [2021-12-21 00:03:37,973] {dag.py:2306} INFO - Setting next_dagrun for tutorial_etl_dag to None
[2021-12-21 00:03:37,993] {scheduler_job.py:190} INFO - Processing /home/airflow/.local/lib/python3.8/site-packages/airflow/example_dags/tutorial_etl_dag.py took 0.123 seconds
[2021-12-21 00:04:08,211] {scheduler_job.py:182} INFO - Started process (PID=10147) to work on /home/airflow/.local/lib/python3.8/site-packages/airflow/example_dags/tutorial_etl_dag.py
[2021-12-21 00:04:08,216] {scheduler_job.py:633} INFO - Processing file /home/airflow/.local/lib/python3.8/site-packages/airflow/example_dags/tutorial_etl_dag.py for tasks to queue
[2021-12-21 00:04:08,220] {logging_mixin.py:104} INFO - [2021-12-21 00:04:08,220] {dagbag.py:496} INFO - Filling up the DagBag from /home/airflow/.local/lib/python3.8/site-packages/airflow/example_dags/tutorial_etl_dag.py
[2021-12-21 00:04:08,254] {scheduler_job.py:643} INFO - DAG(s) dict_keys(['tutorial_etl_dag']) retrieved from /home/airflow/.local/lib/python3.8/site-packages/airflow/example_dags/tutorial_etl_dag.py
[2021-12-21 00:04:08,315] {logging_mixin.py:104} INFO - [2021-12-21 00:04:08,315] {dag.py:1833} INFO - Sync 1 DAGs
[2021-12-21 00:04:08,346] {logging_mixin.py:104} INFO - [2021-12-21 00:04:08,346] {dag.py:2306} INFO - Setting next_dagrun for tutorial_etl_dag to None
[2021-12-21 00:04:08,377] {scheduler_job.py:190} INFO - Processing /home/airflow/.local/lib/python3.8/site-packages/airflow/example_dags/tutorial_etl_dag.py took 0.179 seconds
[2021-12-21 00:04:38,643] {scheduler_job.py:182} INFO - Started process (PID=10178) to work on /home/airflow/.local/lib/python3.8/site-packages/airflow/example_dags/tutorial_etl_dag.py
[2021-12-21 00:04:38,648] {scheduler_job.py:633} INFO - Processing file /home/airflow/.local/lib/python3.8/site-packages/airflow/example_dags/tutorial_etl_dag.py for tasks to queue
[2021-12-21 00:04:38,650] {logging_mixin.py:104} INFO - [2021-12-21 00:04:38,650] {dagbag.py:496} INFO - Filling up the DagBag from /home/airflow/.local/lib/python3.8/site-packages/airflow/example_dags/tutorial_etl_dag.py
[2021-12-21 00:04:38,680] {scheduler_job.py:643} INFO - DAG(s) dict_keys(['tutorial_etl_dag']) retrieved from /home/airflow/.local/lib/python3.8/site-packages/airflow/example_dags/tutorial_etl_dag.py
[2021-12-21 00:04:38,739] {logging_mixin.py:104} INFO - [2021-12-21 00:04:38,739] {dag.py:1833} INFO - Sync 1 DAGs
[2021-12-21 00:04:38,779] {logging_mixin.py:104} INFO - [2021-12-21 00:04:38,779] {dag.py:2306} INFO - Setting next_dagrun for tutorial_etl_dag to None
[2021-12-21 00:04:38,808] {scheduler_job.py:190} INFO - Processing /home/airflow/.local/lib/python3.8/site-packages/airflow/example_dags/tutorial_etl_dag.py took 0.177 seconds
[2021-12-21 00:05:09,377] {scheduler_job.py:182} INFO - Started process (PID=10209) to work on /home/airflow/.local/lib/python3.8/site-packages/airflow/example_dags/tutorial_etl_dag.py
[2021-12-21 00:05:09,381] {scheduler_job.py:633} INFO - Processing file /home/airflow/.local/lib/python3.8/site-packages/airflow/example_dags/tutorial_etl_dag.py for tasks to queue
[2021-12-21 00:05:09,384] {logging_mixin.py:104} INFO - [2021-12-21 00:05:09,383] {dagbag.py:496} INFO - Filling up the DagBag from /home/airflow/.local/lib/python3.8/site-packages/airflow/example_dags/tutorial_etl_dag.py
[2021-12-21 00:05:09,420] {scheduler_job.py:643} INFO - DAG(s) dict_keys(['tutorial_etl_dag']) retrieved from /home/airflow/.local/lib/python3.8/site-packages/airflow/example_dags/tutorial_etl_dag.py
[2021-12-21 00:05:09,491] {logging_mixin.py:104} INFO - [2021-12-21 00:05:09,491] {dag.py:1833} INFO - Sync 1 DAGs
[2021-12-21 00:05:09,510] {logging_mixin.py:104} INFO - [2021-12-21 00:05:09,509] {dag.py:2306} INFO - Setting next_dagrun for tutorial_etl_dag to None
[2021-12-21 00:05:09,533] {scheduler_job.py:190} INFO - Processing /home/airflow/.local/lib/python3.8/site-packages/airflow/example_dags/tutorial_etl_dag.py took 0.161 seconds
[2021-12-21 00:05:40,122] {scheduler_job.py:182} INFO - Started process (PID=10240) to work on /home/airflow/.local/lib/python3.8/site-packages/airflow/example_dags/tutorial_etl_dag.py
[2021-12-21 00:05:40,130] {scheduler_job.py:633} INFO - Processing file /home/airflow/.local/lib/python3.8/site-packages/airflow/example_dags/tutorial_etl_dag.py for tasks to queue
[2021-12-21 00:05:40,134] {logging_mixin.py:104} INFO - [2021-12-21 00:05:40,133] {dagbag.py:496} INFO - Filling up the DagBag from /home/airflow/.local/lib/python3.8/site-packages/airflow/example_dags/tutorial_etl_dag.py
[2021-12-21 00:05:40,211] {scheduler_job.py:643} INFO - DAG(s) dict_keys(['tutorial_etl_dag']) retrieved from /home/airflow/.local/lib/python3.8/site-packages/airflow/example_dags/tutorial_etl_dag.py
[2021-12-21 00:05:40,263] {logging_mixin.py:104} INFO - [2021-12-21 00:05:40,263] {dag.py:1833} INFO - Sync 1 DAGs
[2021-12-21 00:05:40,292] {logging_mixin.py:104} INFO - [2021-12-21 00:05:40,292] {dag.py:2306} INFO - Setting next_dagrun for tutorial_etl_dag to None
[2021-12-21 00:05:40,318] {scheduler_job.py:190} INFO - Processing /home/airflow/.local/lib/python3.8/site-packages/airflow/example_dags/tutorial_etl_dag.py took 0.206 seconds
[2021-12-21 00:06:10,489] {scheduler_job.py:182} INFO - Started process (PID=10270) to work on /home/airflow/.local/lib/python3.8/site-packages/airflow/example_dags/tutorial_etl_dag.py
[2021-12-21 00:06:10,498] {scheduler_job.py:633} INFO - Processing file /home/airflow/.local/lib/python3.8/site-packages/airflow/example_dags/tutorial_etl_dag.py for tasks to queue
[2021-12-21 00:06:10,505] {logging_mixin.py:104} INFO - [2021-12-21 00:06:10,504] {dagbag.py:496} INFO - Filling up the DagBag from /home/airflow/.local/lib/python3.8/site-packages/airflow/example_dags/tutorial_etl_dag.py
[2021-12-21 00:06:10,534] {scheduler_job.py:643} INFO - DAG(s) dict_keys(['tutorial_etl_dag']) retrieved from /home/airflow/.local/lib/python3.8/site-packages/airflow/example_dags/tutorial_etl_dag.py
[2021-12-21 00:06:10,591] {logging_mixin.py:104} INFO - [2021-12-21 00:06:10,591] {dag.py:1833} INFO - Sync 1 DAGs
[2021-12-21 00:06:10,609] {logging_mixin.py:104} INFO - [2021-12-21 00:06:10,609] {dag.py:2306} INFO - Setting next_dagrun for tutorial_etl_dag to None
[2021-12-21 00:06:10,668] {scheduler_job.py:190} INFO - Processing /home/airflow/.local/lib/python3.8/site-packages/airflow/example_dags/tutorial_etl_dag.py took 0.186 seconds
[2021-12-21 00:06:40,737] {scheduler_job.py:182} INFO - Started process (PID=10301) to work on /home/airflow/.local/lib/python3.8/site-packages/airflow/example_dags/tutorial_etl_dag.py
[2021-12-21 00:06:40,741] {scheduler_job.py:633} INFO - Processing file /home/airflow/.local/lib/python3.8/site-packages/airflow/example_dags/tutorial_etl_dag.py for tasks to queue
[2021-12-21 00:06:40,745] {logging_mixin.py:104} INFO - [2021-12-21 00:06:40,744] {dagbag.py:496} INFO - Filling up the DagBag from /home/airflow/.local/lib/python3.8/site-packages/airflow/example_dags/tutorial_etl_dag.py
[2021-12-21 00:06:40,780] {scheduler_job.py:643} INFO - DAG(s) dict_keys(['tutorial_etl_dag']) retrieved from /home/airflow/.local/lib/python3.8/site-packages/airflow/example_dags/tutorial_etl_dag.py
[2021-12-21 00:06:40,854] {logging_mixin.py:104} INFO - [2021-12-21 00:06:40,854] {dag.py:1833} INFO - Sync 1 DAGs
[2021-12-21 00:06:41,091] {logging_mixin.py:104} INFO - [2021-12-21 00:06:41,091] {dag.py:2306} INFO - Setting next_dagrun for tutorial_etl_dag to None
[2021-12-21 00:06:41,149] {scheduler_job.py:190} INFO - Processing /home/airflow/.local/lib/python3.8/site-packages/airflow/example_dags/tutorial_etl_dag.py took 0.411 seconds
[2021-12-21 00:07:11,244] {scheduler_job.py:182} INFO - Started process (PID=10332) to work on /home/airflow/.local/lib/python3.8/site-packages/airflow/example_dags/tutorial_etl_dag.py
[2021-12-21 00:07:11,249] {scheduler_job.py:633} INFO - Processing file /home/airflow/.local/lib/python3.8/site-packages/airflow/example_dags/tutorial_etl_dag.py for tasks to queue
[2021-12-21 00:07:11,252] {logging_mixin.py:104} INFO - [2021-12-21 00:07:11,251] {dagbag.py:496} INFO - Filling up the DagBag from /home/airflow/.local/lib/python3.8/site-packages/airflow/example_dags/tutorial_etl_dag.py
[2021-12-21 00:07:11,277] {scheduler_job.py:643} INFO - DAG(s) dict_keys(['tutorial_etl_dag']) retrieved from /home/airflow/.local/lib/python3.8/site-packages/airflow/example_dags/tutorial_etl_dag.py
[2021-12-21 00:07:11,322] {logging_mixin.py:104} INFO - [2021-12-21 00:07:11,322] {dag.py:1833} INFO - Sync 1 DAGs
[2021-12-21 00:07:11,349] {logging_mixin.py:104} INFO - [2021-12-21 00:07:11,349] {dag.py:2306} INFO - Setting next_dagrun for tutorial_etl_dag to None
[2021-12-21 00:07:11,379] {scheduler_job.py:190} INFO - Processing /home/airflow/.local/lib/python3.8/site-packages/airflow/example_dags/tutorial_etl_dag.py took 0.141 seconds
[2021-12-21 00:07:41,512] {scheduler_job.py:182} INFO - Started process (PID=10363) to work on /home/airflow/.local/lib/python3.8/site-packages/airflow/example_dags/tutorial_etl_dag.py
[2021-12-21 00:07:41,517] {scheduler_job.py:633} INFO - Processing file /home/airflow/.local/lib/python3.8/site-packages/airflow/example_dags/tutorial_etl_dag.py for tasks to queue
[2021-12-21 00:07:41,520] {logging_mixin.py:104} INFO - [2021-12-21 00:07:41,520] {dagbag.py:496} INFO - Filling up the DagBag from /home/airflow/.local/lib/python3.8/site-packages/airflow/example_dags/tutorial_etl_dag.py
[2021-12-21 00:07:41,549] {scheduler_job.py:643} INFO - DAG(s) dict_keys(['tutorial_etl_dag']) retrieved from /home/airflow/.local/lib/python3.8/site-packages/airflow/example_dags/tutorial_etl_dag.py
[2021-12-21 00:07:41,609] {logging_mixin.py:104} INFO - [2021-12-21 00:07:41,609] {dag.py:1833} INFO - Sync 1 DAGs
[2021-12-21 00:07:41,630] {logging_mixin.py:104} INFO - [2021-12-21 00:07:41,630] {dag.py:2306} INFO - Setting next_dagrun for tutorial_etl_dag to None
[2021-12-21 00:07:41,660] {scheduler_job.py:190} INFO - Processing /home/airflow/.local/lib/python3.8/site-packages/airflow/example_dags/tutorial_etl_dag.py took 0.153 seconds
[2021-12-21 00:08:11,911] {scheduler_job.py:182} INFO - Started process (PID=10394) to work on /home/airflow/.local/lib/python3.8/site-packages/airflow/example_dags/tutorial_etl_dag.py
[2021-12-21 00:08:11,916] {scheduler_job.py:633} INFO - Processing file /home/airflow/.local/lib/python3.8/site-packages/airflow/example_dags/tutorial_etl_dag.py for tasks to queue
[2021-12-21 00:08:11,918] {logging_mixin.py:104} INFO - [2021-12-21 00:08:11,917] {dagbag.py:496} INFO - Filling up the DagBag from /home/airflow/.local/lib/python3.8/site-packages/airflow/example_dags/tutorial_etl_dag.py
[2021-12-21 00:08:11,937] {scheduler_job.py:643} INFO - DAG(s) dict_keys(['tutorial_etl_dag']) retrieved from /home/airflow/.local/lib/python3.8/site-packages/airflow/example_dags/tutorial_etl_dag.py
[2021-12-21 00:08:11,995] {logging_mixin.py:104} INFO - [2021-12-21 00:08:11,995] {dag.py:1833} INFO - Sync 1 DAGs
[2021-12-21 00:08:12,026] {logging_mixin.py:104} INFO - [2021-12-21 00:08:12,026] {dag.py:2306} INFO - Setting next_dagrun for tutorial_etl_dag to None
[2021-12-21 00:08:12,079] {scheduler_job.py:190} INFO - Processing /home/airflow/.local/lib/python3.8/site-packages/airflow/example_dags/tutorial_etl_dag.py took 0.175 seconds
[2021-12-21 00:08:42,905] {scheduler_job.py:182} INFO - Started process (PID=10425) to work on /home/airflow/.local/lib/python3.8/site-packages/airflow/example_dags/tutorial_etl_dag.py
[2021-12-21 00:08:42,913] {scheduler_job.py:633} INFO - Processing file /home/airflow/.local/lib/python3.8/site-packages/airflow/example_dags/tutorial_etl_dag.py for tasks to queue
[2021-12-21 00:08:42,926] {logging_mixin.py:104} INFO - [2021-12-21 00:08:42,917] {dagbag.py:496} INFO - Filling up the DagBag from /home/airflow/.local/lib/python3.8/site-packages/airflow/example_dags/tutorial_etl_dag.py
[2021-12-21 00:08:42,980] {scheduler_job.py:643} INFO - DAG(s) dict_keys(['tutorial_etl_dag']) retrieved from /home/airflow/.local/lib/python3.8/site-packages/airflow/example_dags/tutorial_etl_dag.py
[2021-12-21 00:08:43,182] {logging_mixin.py:104} INFO - [2021-12-21 00:08:43,182] {dag.py:1833} INFO - Sync 1 DAGs
[2021-12-21 00:08:43,266] {logging_mixin.py:104} INFO - [2021-12-21 00:08:43,266] {dag.py:2306} INFO - Setting next_dagrun for tutorial_etl_dag to None
[2021-12-21 00:08:43,317] {scheduler_job.py:190} INFO - Processing /home/airflow/.local/lib/python3.8/site-packages/airflow/example_dags/tutorial_etl_dag.py took 0.422 seconds
[2021-12-21 00:09:14,050] {scheduler_job.py:182} INFO - Started process (PID=10456) to work on /home/airflow/.local/lib/python3.8/site-packages/airflow/example_dags/tutorial_etl_dag.py
[2021-12-21 00:09:14,056] {scheduler_job.py:633} INFO - Processing file /home/airflow/.local/lib/python3.8/site-packages/airflow/example_dags/tutorial_etl_dag.py for tasks to queue
[2021-12-21 00:09:14,058] {logging_mixin.py:104} INFO - [2021-12-21 00:09:14,058] {dagbag.py:496} INFO - Filling up the DagBag from /home/airflow/.local/lib/python3.8/site-packages/airflow/example_dags/tutorial_etl_dag.py
[2021-12-21 00:09:14,098] {scheduler_job.py:643} INFO - DAG(s) dict_keys(['tutorial_etl_dag']) retrieved from /home/airflow/.local/lib/python3.8/site-packages/airflow/example_dags/tutorial_etl_dag.py
[2021-12-21 00:09:14,197] {logging_mixin.py:104} INFO - [2021-12-21 00:09:14,196] {dag.py:1833} INFO - Sync 1 DAGs
[2021-12-21 00:09:14,223] {logging_mixin.py:104} INFO - [2021-12-21 00:09:14,223] {dag.py:2306} INFO - Setting next_dagrun for tutorial_etl_dag to None
[2021-12-21 00:09:14,254] {scheduler_job.py:190} INFO - Processing /home/airflow/.local/lib/python3.8/site-packages/airflow/example_dags/tutorial_etl_dag.py took 0.211 seconds
[2021-12-21 00:09:44,479] {scheduler_job.py:182} INFO - Started process (PID=10487) to work on /home/airflow/.local/lib/python3.8/site-packages/airflow/example_dags/tutorial_etl_dag.py
[2021-12-21 00:09:44,483] {scheduler_job.py:633} INFO - Processing file /home/airflow/.local/lib/python3.8/site-packages/airflow/example_dags/tutorial_etl_dag.py for tasks to queue
[2021-12-21 00:09:44,485] {logging_mixin.py:104} INFO - [2021-12-21 00:09:44,485] {dagbag.py:496} INFO - Filling up the DagBag from /home/airflow/.local/lib/python3.8/site-packages/airflow/example_dags/tutorial_etl_dag.py
[2021-12-21 00:09:44,505] {scheduler_job.py:643} INFO - DAG(s) dict_keys(['tutorial_etl_dag']) retrieved from /home/airflow/.local/lib/python3.8/site-packages/airflow/example_dags/tutorial_etl_dag.py
[2021-12-21 00:09:44,551] {logging_mixin.py:104} INFO - [2021-12-21 00:09:44,551] {dag.py:1833} INFO - Sync 1 DAGs
[2021-12-21 00:09:44,572] {logging_mixin.py:104} INFO - [2021-12-21 00:09:44,571] {dag.py:2306} INFO - Setting next_dagrun for tutorial_etl_dag to None
[2021-12-21 00:09:44,596] {scheduler_job.py:190} INFO - Processing /home/airflow/.local/lib/python3.8/site-packages/airflow/example_dags/tutorial_etl_dag.py took 0.123 seconds
[2021-12-21 00:10:14,940] {scheduler_job.py:182} INFO - Started process (PID=10518) to work on /home/airflow/.local/lib/python3.8/site-packages/airflow/example_dags/tutorial_etl_dag.py
[2021-12-21 00:10:14,949] {scheduler_job.py:633} INFO - Processing file /home/airflow/.local/lib/python3.8/site-packages/airflow/example_dags/tutorial_etl_dag.py for tasks to queue
[2021-12-21 00:10:14,955] {logging_mixin.py:104} INFO - [2021-12-21 00:10:14,954] {dagbag.py:496} INFO - Filling up the DagBag from /home/airflow/.local/lib/python3.8/site-packages/airflow/example_dags/tutorial_etl_dag.py
[2021-12-21 00:10:14,982] {scheduler_job.py:643} INFO - DAG(s) dict_keys(['tutorial_etl_dag']) retrieved from /home/airflow/.local/lib/python3.8/site-packages/airflow/example_dags/tutorial_etl_dag.py
[2021-12-21 00:10:15,055] {logging_mixin.py:104} INFO - [2021-12-21 00:10:15,055] {dag.py:1833} INFO - Sync 1 DAGs
[2021-12-21 00:10:15,088] {logging_mixin.py:104} INFO - [2021-12-21 00:10:15,087] {dag.py:2306} INFO - Setting next_dagrun for tutorial_etl_dag to None
[2021-12-21 00:10:15,117] {scheduler_job.py:190} INFO - Processing /home/airflow/.local/lib/python3.8/site-packages/airflow/example_dags/tutorial_etl_dag.py took 0.188 seconds
[2021-12-21 00:10:45,266] {scheduler_job.py:182} INFO - Started process (PID=10549) to work on /home/airflow/.local/lib/python3.8/site-packages/airflow/example_dags/tutorial_etl_dag.py
[2021-12-21 00:10:45,277] {scheduler_job.py:633} INFO - Processing file /home/airflow/.local/lib/python3.8/site-packages/airflow/example_dags/tutorial_etl_dag.py for tasks to queue
[2021-12-21 00:10:45,282] {logging_mixin.py:104} INFO - [2021-12-21 00:10:45,282] {dagbag.py:496} INFO - Filling up the DagBag from /home/airflow/.local/lib/python3.8/site-packages/airflow/example_dags/tutorial_etl_dag.py
[2021-12-21 00:10:45,304] {scheduler_job.py:643} INFO - DAG(s) dict_keys(['tutorial_etl_dag']) retrieved from /home/airflow/.local/lib/python3.8/site-packages/airflow/example_dags/tutorial_etl_dag.py
[2021-12-21 00:10:45,358] {logging_mixin.py:104} INFO - [2021-12-21 00:10:45,358] {dag.py:1833} INFO - Sync 1 DAGs
[2021-12-21 00:10:45,378] {logging_mixin.py:104} INFO - [2021-12-21 00:10:45,378] {dag.py:2306} INFO - Setting next_dagrun for tutorial_etl_dag to None
[2021-12-21 00:10:45,406] {scheduler_job.py:190} INFO - Processing /home/airflow/.local/lib/python3.8/site-packages/airflow/example_dags/tutorial_etl_dag.py took 0.144 seconds
[2021-12-21 00:11:15,483] {scheduler_job.py:182} INFO - Started process (PID=10580) to work on /home/airflow/.local/lib/python3.8/site-packages/airflow/example_dags/tutorial_etl_dag.py
[2021-12-21 00:11:15,493] {scheduler_job.py:633} INFO - Processing file /home/airflow/.local/lib/python3.8/site-packages/airflow/example_dags/tutorial_etl_dag.py for tasks to queue
[2021-12-21 00:11:15,496] {logging_mixin.py:104} INFO - [2021-12-21 00:11:15,495] {dagbag.py:496} INFO - Filling up the DagBag from /home/airflow/.local/lib/python3.8/site-packages/airflow/example_dags/tutorial_etl_dag.py
[2021-12-21 00:11:15,539] {scheduler_job.py:643} INFO - DAG(s) dict_keys(['tutorial_etl_dag']) retrieved from /home/airflow/.local/lib/python3.8/site-packages/airflow/example_dags/tutorial_etl_dag.py
[2021-12-21 00:11:15,648] {logging_mixin.py:104} INFO - [2021-12-21 00:11:15,647] {dag.py:1833} INFO - Sync 1 DAGs
[2021-12-21 00:11:15,694] {logging_mixin.py:104} INFO - [2021-12-21 00:11:15,693] {dag.py:2306} INFO - Setting next_dagrun for tutorial_etl_dag to None
[2021-12-21 00:11:15,723] {scheduler_job.py:190} INFO - Processing /home/airflow/.local/lib/python3.8/site-packages/airflow/example_dags/tutorial_etl_dag.py took 0.263 seconds
[2021-12-21 00:11:45,871] {scheduler_job.py:182} INFO - Started process (PID=10611) to work on /home/airflow/.local/lib/python3.8/site-packages/airflow/example_dags/tutorial_etl_dag.py
[2021-12-21 00:11:45,874] {scheduler_job.py:633} INFO - Processing file /home/airflow/.local/lib/python3.8/site-packages/airflow/example_dags/tutorial_etl_dag.py for tasks to queue
[2021-12-21 00:11:45,878] {logging_mixin.py:104} INFO - [2021-12-21 00:11:45,877] {dagbag.py:496} INFO - Filling up the DagBag from /home/airflow/.local/lib/python3.8/site-packages/airflow/example_dags/tutorial_etl_dag.py
[2021-12-21 00:11:45,902] {scheduler_job.py:643} INFO - DAG(s) dict_keys(['tutorial_etl_dag']) retrieved from /home/airflow/.local/lib/python3.8/site-packages/airflow/example_dags/tutorial_etl_dag.py
[2021-12-21 00:11:45,979] {logging_mixin.py:104} INFO - [2021-12-21 00:11:45,979] {dag.py:1833} INFO - Sync 1 DAGs
[2021-12-21 00:11:45,997] {logging_mixin.py:104} INFO - [2021-12-21 00:11:45,997] {dag.py:2306} INFO - Setting next_dagrun for tutorial_etl_dag to None
[2021-12-21 00:11:46,026] {scheduler_job.py:190} INFO - Processing /home/airflow/.local/lib/python3.8/site-packages/airflow/example_dags/tutorial_etl_dag.py took 0.160 seconds
[2021-12-21 00:12:16,119] {scheduler_job.py:182} INFO - Started process (PID=10641) to work on /home/airflow/.local/lib/python3.8/site-packages/airflow/example_dags/tutorial_etl_dag.py
[2021-12-21 00:12:16,128] {scheduler_job.py:633} INFO - Processing file /home/airflow/.local/lib/python3.8/site-packages/airflow/example_dags/tutorial_etl_dag.py for tasks to queue
[2021-12-21 00:12:16,132] {logging_mixin.py:104} INFO - [2021-12-21 00:12:16,132] {dagbag.py:496} INFO - Filling up the DagBag from /home/airflow/.local/lib/python3.8/site-packages/airflow/example_dags/tutorial_etl_dag.py
[2021-12-21 00:12:16,154] {scheduler_job.py:643} INFO - DAG(s) dict_keys(['tutorial_etl_dag']) retrieved from /home/airflow/.local/lib/python3.8/site-packages/airflow/example_dags/tutorial_etl_dag.py
[2021-12-21 00:12:16,211] {logging_mixin.py:104} INFO - [2021-12-21 00:12:16,211] {dag.py:1833} INFO - Sync 1 DAGs
[2021-12-21 00:12:16,236] {logging_mixin.py:104} INFO - [2021-12-21 00:12:16,236] {dag.py:2306} INFO - Setting next_dagrun for tutorial_etl_dag to None
[2021-12-21 00:12:16,257] {scheduler_job.py:190} INFO - Processing /home/airflow/.local/lib/python3.8/site-packages/airflow/example_dags/tutorial_etl_dag.py took 0.166 seconds
[2021-12-21 00:12:46,515] {scheduler_job.py:182} INFO - Started process (PID=10671) to work on /home/airflow/.local/lib/python3.8/site-packages/airflow/example_dags/tutorial_etl_dag.py
[2021-12-21 00:12:46,519] {scheduler_job.py:633} INFO - Processing file /home/airflow/.local/lib/python3.8/site-packages/airflow/example_dags/tutorial_etl_dag.py for tasks to queue
[2021-12-21 00:12:46,522] {logging_mixin.py:104} INFO - [2021-12-21 00:12:46,522] {dagbag.py:496} INFO - Filling up the DagBag from /home/airflow/.local/lib/python3.8/site-packages/airflow/example_dags/tutorial_etl_dag.py
[2021-12-21 00:12:46,571] {scheduler_job.py:643} INFO - DAG(s) dict_keys(['tutorial_etl_dag']) retrieved from /home/airflow/.local/lib/python3.8/site-packages/airflow/example_dags/tutorial_etl_dag.py
[2021-12-21 00:12:46,675] {logging_mixin.py:104} INFO - [2021-12-21 00:12:46,675] {dag.py:1833} INFO - Sync 1 DAGs
[2021-12-21 00:12:46,733] {logging_mixin.py:104} INFO - [2021-12-21 00:12:46,733] {dag.py:2306} INFO - Setting next_dagrun for tutorial_etl_dag to None
[2021-12-21 00:12:46,757] {scheduler_job.py:190} INFO - Processing /home/airflow/.local/lib/python3.8/site-packages/airflow/example_dags/tutorial_etl_dag.py took 0.254 seconds
[2021-12-21 00:13:17,049] {scheduler_job.py:182} INFO - Started process (PID=10702) to work on /home/airflow/.local/lib/python3.8/site-packages/airflow/example_dags/tutorial_etl_dag.py
[2021-12-21 00:13:17,055] {scheduler_job.py:633} INFO - Processing file /home/airflow/.local/lib/python3.8/site-packages/airflow/example_dags/tutorial_etl_dag.py for tasks to queue
[2021-12-21 00:13:17,060] {logging_mixin.py:104} INFO - [2021-12-21 00:13:17,060] {dagbag.py:496} INFO - Filling up the DagBag from /home/airflow/.local/lib/python3.8/site-packages/airflow/example_dags/tutorial_etl_dag.py
[2021-12-21 00:13:17,116] {scheduler_job.py:643} INFO - DAG(s) dict_keys(['tutorial_etl_dag']) retrieved from /home/airflow/.local/lib/python3.8/site-packages/airflow/example_dags/tutorial_etl_dag.py
[2021-12-21 00:13:17,255] {logging_mixin.py:104} INFO - [2021-12-21 00:13:17,254] {dag.py:1833} INFO - Sync 1 DAGs
[2021-12-21 00:13:17,304] {logging_mixin.py:104} INFO - [2021-12-21 00:13:17,303] {dag.py:2306} INFO - Setting next_dagrun for tutorial_etl_dag to None
[2021-12-21 00:13:17,334] {scheduler_job.py:190} INFO - Processing /home/airflow/.local/lib/python3.8/site-packages/airflow/example_dags/tutorial_etl_dag.py took 0.328 seconds
[2021-12-21 00:13:47,451] {scheduler_job.py:182} INFO - Started process (PID=10733) to work on /home/airflow/.local/lib/python3.8/site-packages/airflow/example_dags/tutorial_etl_dag.py
[2021-12-21 00:13:47,458] {scheduler_job.py:633} INFO - Processing file /home/airflow/.local/lib/python3.8/site-packages/airflow/example_dags/tutorial_etl_dag.py for tasks to queue
[2021-12-21 00:13:47,461] {logging_mixin.py:104} INFO - [2021-12-21 00:13:47,461] {dagbag.py:496} INFO - Filling up the DagBag from /home/airflow/.local/lib/python3.8/site-packages/airflow/example_dags/tutorial_etl_dag.py
[2021-12-21 00:13:47,515] {scheduler_job.py:643} INFO - DAG(s) dict_keys(['tutorial_etl_dag']) retrieved from /home/airflow/.local/lib/python3.8/site-packages/airflow/example_dags/tutorial_etl_dag.py
[2021-12-21 00:13:47,613] {logging_mixin.py:104} INFO - [2021-12-21 00:13:47,613] {dag.py:1833} INFO - Sync 1 DAGs
[2021-12-21 00:13:47,640] {logging_mixin.py:104} INFO - [2021-12-21 00:13:47,640] {dag.py:2306} INFO - Setting next_dagrun for tutorial_etl_dag to None
[2021-12-21 00:13:47,705] {scheduler_job.py:190} INFO - Processing /home/airflow/.local/lib/python3.8/site-packages/airflow/example_dags/tutorial_etl_dag.py took 0.261 seconds
[2021-12-21 00:14:17,901] {scheduler_job.py:182} INFO - Started process (PID=10764) to work on /home/airflow/.local/lib/python3.8/site-packages/airflow/example_dags/tutorial_etl_dag.py
[2021-12-21 00:14:17,908] {scheduler_job.py:633} INFO - Processing file /home/airflow/.local/lib/python3.8/site-packages/airflow/example_dags/tutorial_etl_dag.py for tasks to queue
[2021-12-21 00:14:17,912] {logging_mixin.py:104} INFO - [2021-12-21 00:14:17,912] {dagbag.py:496} INFO - Filling up the DagBag from /home/airflow/.local/lib/python3.8/site-packages/airflow/example_dags/tutorial_etl_dag.py
[2021-12-21 00:14:17,938] {scheduler_job.py:643} INFO - DAG(s) dict_keys(['tutorial_etl_dag']) retrieved from /home/airflow/.local/lib/python3.8/site-packages/airflow/example_dags/tutorial_etl_dag.py
[2021-12-21 00:14:18,019] {logging_mixin.py:104} INFO - [2021-12-21 00:14:18,019] {dag.py:1833} INFO - Sync 1 DAGs
[2021-12-21 00:14:18,066] {logging_mixin.py:104} INFO - [2021-12-21 00:14:18,066] {dag.py:2306} INFO - Setting next_dagrun for tutorial_etl_dag to None
[2021-12-21 00:14:18,101] {scheduler_job.py:190} INFO - Processing /home/airflow/.local/lib/python3.8/site-packages/airflow/example_dags/tutorial_etl_dag.py took 0.213 seconds
[2021-12-21 00:14:48,537] {scheduler_job.py:182} INFO - Started process (PID=10796) to work on /home/airflow/.local/lib/python3.8/site-packages/airflow/example_dags/tutorial_etl_dag.py
[2021-12-21 00:14:48,558] {scheduler_job.py:633} INFO - Processing file /home/airflow/.local/lib/python3.8/site-packages/airflow/example_dags/tutorial_etl_dag.py for tasks to queue
[2021-12-21 00:14:48,564] {logging_mixin.py:104} INFO - [2021-12-21 00:14:48,564] {dagbag.py:496} INFO - Filling up the DagBag from /home/airflow/.local/lib/python3.8/site-packages/airflow/example_dags/tutorial_etl_dag.py
[2021-12-21 00:14:48,609] {scheduler_job.py:643} INFO - DAG(s) dict_keys(['tutorial_etl_dag']) retrieved from /home/airflow/.local/lib/python3.8/site-packages/airflow/example_dags/tutorial_etl_dag.py
[2021-12-21 00:14:48,735] {logging_mixin.py:104} INFO - [2021-12-21 00:14:48,735] {dag.py:1833} INFO - Sync 1 DAGs
[2021-12-21 00:14:48,758] {logging_mixin.py:104} INFO - [2021-12-21 00:14:48,758] {dag.py:2306} INFO - Setting next_dagrun for tutorial_etl_dag to None
[2021-12-21 00:14:48,778] {scheduler_job.py:190} INFO - Processing /home/airflow/.local/lib/python3.8/site-packages/airflow/example_dags/tutorial_etl_dag.py took 0.253 seconds
[2021-12-21 00:15:18,851] {scheduler_job.py:182} INFO - Started process (PID=10826) to work on /home/airflow/.local/lib/python3.8/site-packages/airflow/example_dags/tutorial_etl_dag.py
[2021-12-21 00:15:18,858] {scheduler_job.py:633} INFO - Processing file /home/airflow/.local/lib/python3.8/site-packages/airflow/example_dags/tutorial_etl_dag.py for tasks to queue
[2021-12-21 00:15:18,863] {logging_mixin.py:104} INFO - [2021-12-21 00:15:18,862] {dagbag.py:496} INFO - Filling up the DagBag from /home/airflow/.local/lib/python3.8/site-packages/airflow/example_dags/tutorial_etl_dag.py
[2021-12-21 00:15:18,888] {scheduler_job.py:643} INFO - DAG(s) dict_keys(['tutorial_etl_dag']) retrieved from /home/airflow/.local/lib/python3.8/site-packages/airflow/example_dags/tutorial_etl_dag.py
[2021-12-21 00:15:18,953] {logging_mixin.py:104} INFO - [2021-12-21 00:15:18,953] {dag.py:1833} INFO - Sync 1 DAGs
[2021-12-21 00:15:18,997] {logging_mixin.py:104} INFO - [2021-12-21 00:15:18,996] {dag.py:2306} INFO - Setting next_dagrun for tutorial_etl_dag to None
[2021-12-21 00:15:19,040] {scheduler_job.py:190} INFO - Processing /home/airflow/.local/lib/python3.8/site-packages/airflow/example_dags/tutorial_etl_dag.py took 0.203 seconds
[2021-12-21 00:15:49,544] {scheduler_job.py:182} INFO - Started process (PID=10857) to work on /home/airflow/.local/lib/python3.8/site-packages/airflow/example_dags/tutorial_etl_dag.py
[2021-12-21 00:15:49,556] {scheduler_job.py:633} INFO - Processing file /home/airflow/.local/lib/python3.8/site-packages/airflow/example_dags/tutorial_etl_dag.py for tasks to queue
[2021-12-21 00:15:49,563] {logging_mixin.py:104} INFO - [2021-12-21 00:15:49,563] {dagbag.py:496} INFO - Filling up the DagBag from /home/airflow/.local/lib/python3.8/site-packages/airflow/example_dags/tutorial_etl_dag.py
[2021-12-21 00:15:49,602] {scheduler_job.py:643} INFO - DAG(s) dict_keys(['tutorial_etl_dag']) retrieved from /home/airflow/.local/lib/python3.8/site-packages/airflow/example_dags/tutorial_etl_dag.py
[2021-12-21 00:15:49,678] {logging_mixin.py:104} INFO - [2021-12-21 00:15:49,678] {dag.py:1833} INFO - Sync 1 DAGs
[2021-12-21 00:15:49,709] {logging_mixin.py:104} INFO - [2021-12-21 00:15:49,709] {dag.py:2306} INFO - Setting next_dagrun for tutorial_etl_dag to None
[2021-12-21 00:15:49,739] {scheduler_job.py:190} INFO - Processing /home/airflow/.local/lib/python3.8/site-packages/airflow/example_dags/tutorial_etl_dag.py took 0.220 seconds
[2021-12-21 00:16:20,226] {scheduler_job.py:182} INFO - Started process (PID=10888) to work on /home/airflow/.local/lib/python3.8/site-packages/airflow/example_dags/tutorial_etl_dag.py
[2021-12-21 00:16:20,229] {scheduler_job.py:633} INFO - Processing file /home/airflow/.local/lib/python3.8/site-packages/airflow/example_dags/tutorial_etl_dag.py for tasks to queue
[2021-12-21 00:16:20,231] {logging_mixin.py:104} INFO - [2021-12-21 00:16:20,231] {dagbag.py:496} INFO - Filling up the DagBag from /home/airflow/.local/lib/python3.8/site-packages/airflow/example_dags/tutorial_etl_dag.py
[2021-12-21 00:16:20,253] {scheduler_job.py:643} INFO - DAG(s) dict_keys(['tutorial_etl_dag']) retrieved from /home/airflow/.local/lib/python3.8/site-packages/airflow/example_dags/tutorial_etl_dag.py
[2021-12-21 00:16:20,316] {logging_mixin.py:104} INFO - [2021-12-21 00:16:20,316] {dag.py:1833} INFO - Sync 1 DAGs
[2021-12-21 00:16:20,334] {logging_mixin.py:104} INFO - [2021-12-21 00:16:20,334] {dag.py:2306} INFO - Setting next_dagrun for tutorial_etl_dag to None
[2021-12-21 00:16:20,355] {scheduler_job.py:190} INFO - Processing /home/airflow/.local/lib/python3.8/site-packages/airflow/example_dags/tutorial_etl_dag.py took 0.136 seconds
[2021-12-21 00:16:50,986] {scheduler_job.py:182} INFO - Started process (PID=10919) to work on /home/airflow/.local/lib/python3.8/site-packages/airflow/example_dags/tutorial_etl_dag.py
[2021-12-21 00:16:50,991] {scheduler_job.py:633} INFO - Processing file /home/airflow/.local/lib/python3.8/site-packages/airflow/example_dags/tutorial_etl_dag.py for tasks to queue
[2021-12-21 00:16:50,996] {logging_mixin.py:104} INFO - [2021-12-21 00:16:50,996] {dagbag.py:496} INFO - Filling up the DagBag from /home/airflow/.local/lib/python3.8/site-packages/airflow/example_dags/tutorial_etl_dag.py
[2021-12-21 00:16:51,016] {scheduler_job.py:643} INFO - DAG(s) dict_keys(['tutorial_etl_dag']) retrieved from /home/airflow/.local/lib/python3.8/site-packages/airflow/example_dags/tutorial_etl_dag.py
[2021-12-21 00:16:51,070] {logging_mixin.py:104} INFO - [2021-12-21 00:16:51,070] {dag.py:1833} INFO - Sync 1 DAGs
[2021-12-21 00:16:51,098] {logging_mixin.py:104} INFO - [2021-12-21 00:16:51,098] {dag.py:2306} INFO - Setting next_dagrun for tutorial_etl_dag to None
[2021-12-21 00:16:51,123] {scheduler_job.py:190} INFO - Processing /home/airflow/.local/lib/python3.8/site-packages/airflow/example_dags/tutorial_etl_dag.py took 0.144 seconds
[2021-12-21 00:17:21,590] {scheduler_job.py:182} INFO - Started process (PID=10950) to work on /home/airflow/.local/lib/python3.8/site-packages/airflow/example_dags/tutorial_etl_dag.py
[2021-12-21 00:17:21,597] {scheduler_job.py:633} INFO - Processing file /home/airflow/.local/lib/python3.8/site-packages/airflow/example_dags/tutorial_etl_dag.py for tasks to queue
[2021-12-21 00:17:21,599] {logging_mixin.py:104} INFO - [2021-12-21 00:17:21,599] {dagbag.py:496} INFO - Filling up the DagBag from /home/airflow/.local/lib/python3.8/site-packages/airflow/example_dags/tutorial_etl_dag.py
[2021-12-21 00:17:21,617] {scheduler_job.py:643} INFO - DAG(s) dict_keys(['tutorial_etl_dag']) retrieved from /home/airflow/.local/lib/python3.8/site-packages/airflow/example_dags/tutorial_etl_dag.py
[2021-12-21 00:17:21,664] {logging_mixin.py:104} INFO - [2021-12-21 00:17:21,664] {dag.py:1833} INFO - Sync 1 DAGs
[2021-12-21 00:17:21,681] {logging_mixin.py:104} INFO - [2021-12-21 00:17:21,681] {dag.py:2306} INFO - Setting next_dagrun for tutorial_etl_dag to None
[2021-12-21 00:17:21,702] {scheduler_job.py:190} INFO - Processing /home/airflow/.local/lib/python3.8/site-packages/airflow/example_dags/tutorial_etl_dag.py took 0.118 seconds
[2021-12-21 00:17:52,446] {scheduler_job.py:182} INFO - Started process (PID=10981) to work on /home/airflow/.local/lib/python3.8/site-packages/airflow/example_dags/tutorial_etl_dag.py
[2021-12-21 00:17:52,450] {scheduler_job.py:633} INFO - Processing file /home/airflow/.local/lib/python3.8/site-packages/airflow/example_dags/tutorial_etl_dag.py for tasks to queue
[2021-12-21 00:17:52,455] {logging_mixin.py:104} INFO - [2021-12-21 00:17:52,455] {dagbag.py:496} INFO - Filling up the DagBag from /home/airflow/.local/lib/python3.8/site-packages/airflow/example_dags/tutorial_etl_dag.py
[2021-12-21 00:17:52,501] {scheduler_job.py:643} INFO - DAG(s) dict_keys(['tutorial_etl_dag']) retrieved from /home/airflow/.local/lib/python3.8/site-packages/airflow/example_dags/tutorial_etl_dag.py
[2021-12-21 00:17:52,569] {logging_mixin.py:104} INFO - [2021-12-21 00:17:52,569] {dag.py:1833} INFO - Sync 1 DAGs
[2021-12-21 00:17:52,595] {logging_mixin.py:104} INFO - [2021-12-21 00:17:52,595] {dag.py:2306} INFO - Setting next_dagrun for tutorial_etl_dag to None
[2021-12-21 00:17:52,638] {scheduler_job.py:190} INFO - Processing /home/airflow/.local/lib/python3.8/site-packages/airflow/example_dags/tutorial_etl_dag.py took 0.206 seconds
[2021-12-21 00:18:22,928] {scheduler_job.py:182} INFO - Started process (PID=11012) to work on /home/airflow/.local/lib/python3.8/site-packages/airflow/example_dags/tutorial_etl_dag.py
[2021-12-21 00:18:22,933] {scheduler_job.py:633} INFO - Processing file /home/airflow/.local/lib/python3.8/site-packages/airflow/example_dags/tutorial_etl_dag.py for tasks to queue
[2021-12-21 00:18:22,938] {logging_mixin.py:104} INFO - [2021-12-21 00:18:22,938] {dagbag.py:496} INFO - Filling up the DagBag from /home/airflow/.local/lib/python3.8/site-packages/airflow/example_dags/tutorial_etl_dag.py
[2021-12-21 00:18:22,975] {scheduler_job.py:643} INFO - DAG(s) dict_keys(['tutorial_etl_dag']) retrieved from /home/airflow/.local/lib/python3.8/site-packages/airflow/example_dags/tutorial_etl_dag.py
[2021-12-21 00:18:23,040] {logging_mixin.py:104} INFO - [2021-12-21 00:18:23,040] {dag.py:1833} INFO - Sync 1 DAGs
[2021-12-21 00:18:23,062] {logging_mixin.py:104} INFO - [2021-12-21 00:18:23,062] {dag.py:2306} INFO - Setting next_dagrun for tutorial_etl_dag to None
[2021-12-21 00:18:23,084] {scheduler_job.py:190} INFO - Processing /home/airflow/.local/lib/python3.8/site-packages/airflow/example_dags/tutorial_etl_dag.py took 0.161 seconds
[2021-12-21 00:18:53,440] {scheduler_job.py:182} INFO - Started process (PID=11043) to work on /home/airflow/.local/lib/python3.8/site-packages/airflow/example_dags/tutorial_etl_dag.py
[2021-12-21 00:18:53,445] {scheduler_job.py:633} INFO - Processing file /home/airflow/.local/lib/python3.8/site-packages/airflow/example_dags/tutorial_etl_dag.py for tasks to queue
[2021-12-21 00:18:53,450] {logging_mixin.py:104} INFO - [2021-12-21 00:18:53,448] {dagbag.py:496} INFO - Filling up the DagBag from /home/airflow/.local/lib/python3.8/site-packages/airflow/example_dags/tutorial_etl_dag.py
[2021-12-21 00:18:53,491] {scheduler_job.py:643} INFO - DAG(s) dict_keys(['tutorial_etl_dag']) retrieved from /home/airflow/.local/lib/python3.8/site-packages/airflow/example_dags/tutorial_etl_dag.py
[2021-12-21 00:18:53,550] {logging_mixin.py:104} INFO - [2021-12-21 00:18:53,549] {dag.py:1833} INFO - Sync 1 DAGs
[2021-12-21 00:18:53,581] {logging_mixin.py:104} INFO - [2021-12-21 00:18:53,581] {dag.py:2306} INFO - Setting next_dagrun for tutorial_etl_dag to None
[2021-12-21 00:18:53,615] {scheduler_job.py:190} INFO - Processing /home/airflow/.local/lib/python3.8/site-packages/airflow/example_dags/tutorial_etl_dag.py took 0.196 seconds
[2021-12-21 00:19:24,087] {scheduler_job.py:182} INFO - Started process (PID=11074) to work on /home/airflow/.local/lib/python3.8/site-packages/airflow/example_dags/tutorial_etl_dag.py
[2021-12-21 00:19:24,093] {scheduler_job.py:633} INFO - Processing file /home/airflow/.local/lib/python3.8/site-packages/airflow/example_dags/tutorial_etl_dag.py for tasks to queue
[2021-12-21 00:19:24,097] {logging_mixin.py:104} INFO - [2021-12-21 00:19:24,097] {dagbag.py:496} INFO - Filling up the DagBag from /home/airflow/.local/lib/python3.8/site-packages/airflow/example_dags/tutorial_etl_dag.py
[2021-12-21 00:19:24,130] {scheduler_job.py:643} INFO - DAG(s) dict_keys(['tutorial_etl_dag']) retrieved from /home/airflow/.local/lib/python3.8/site-packages/airflow/example_dags/tutorial_etl_dag.py
[2021-12-21 00:19:24,197] {logging_mixin.py:104} INFO - [2021-12-21 00:19:24,197] {dag.py:1833} INFO - Sync 1 DAGs
[2021-12-21 00:19:24,232] {logging_mixin.py:104} INFO - [2021-12-21 00:19:24,232] {dag.py:2306} INFO - Setting next_dagrun for tutorial_etl_dag to None
[2021-12-21 00:19:24,264] {scheduler_job.py:190} INFO - Processing /home/airflow/.local/lib/python3.8/site-packages/airflow/example_dags/tutorial_etl_dag.py took 0.188 seconds
[2021-12-21 00:19:54,476] {scheduler_job.py:182} INFO - Started process (PID=11105) to work on /home/airflow/.local/lib/python3.8/site-packages/airflow/example_dags/tutorial_etl_dag.py
[2021-12-21 00:19:54,479] {scheduler_job.py:633} INFO - Processing file /home/airflow/.local/lib/python3.8/site-packages/airflow/example_dags/tutorial_etl_dag.py for tasks to queue
[2021-12-21 00:19:54,482] {logging_mixin.py:104} INFO - [2021-12-21 00:19:54,482] {dagbag.py:496} INFO - Filling up the DagBag from /home/airflow/.local/lib/python3.8/site-packages/airflow/example_dags/tutorial_etl_dag.py
[2021-12-21 00:19:54,501] {scheduler_job.py:643} INFO - DAG(s) dict_keys(['tutorial_etl_dag']) retrieved from /home/airflow/.local/lib/python3.8/site-packages/airflow/example_dags/tutorial_etl_dag.py
[2021-12-21 00:19:54,545] {logging_mixin.py:104} INFO - [2021-12-21 00:19:54,545] {dag.py:1833} INFO - Sync 1 DAGs
[2021-12-21 00:19:54,567] {logging_mixin.py:104} INFO - [2021-12-21 00:19:54,567] {dag.py:2306} INFO - Setting next_dagrun for tutorial_etl_dag to None
[2021-12-21 00:19:54,587] {scheduler_job.py:190} INFO - Processing /home/airflow/.local/lib/python3.8/site-packages/airflow/example_dags/tutorial_etl_dag.py took 0.116 seconds
[2021-12-21 00:20:25,093] {scheduler_job.py:182} INFO - Started process (PID=11136) to work on /home/airflow/.local/lib/python3.8/site-packages/airflow/example_dags/tutorial_etl_dag.py
[2021-12-21 00:20:25,104] {scheduler_job.py:633} INFO - Processing file /home/airflow/.local/lib/python3.8/site-packages/airflow/example_dags/tutorial_etl_dag.py for tasks to queue
[2021-12-21 00:20:25,108] {logging_mixin.py:104} INFO - [2021-12-21 00:20:25,108] {dagbag.py:496} INFO - Filling up the DagBag from /home/airflow/.local/lib/python3.8/site-packages/airflow/example_dags/tutorial_etl_dag.py
[2021-12-21 00:20:25,139] {scheduler_job.py:643} INFO - DAG(s) dict_keys(['tutorial_etl_dag']) retrieved from /home/airflow/.local/lib/python3.8/site-packages/airflow/example_dags/tutorial_etl_dag.py
[2021-12-21 00:20:25,212] {logging_mixin.py:104} INFO - [2021-12-21 00:20:25,211] {dag.py:1833} INFO - Sync 1 DAGs
[2021-12-21 00:20:25,239] {logging_mixin.py:104} INFO - [2021-12-21 00:20:25,239] {dag.py:2306} INFO - Setting next_dagrun for tutorial_etl_dag to None
[2021-12-21 00:20:25,268] {scheduler_job.py:190} INFO - Processing /home/airflow/.local/lib/python3.8/site-packages/airflow/example_dags/tutorial_etl_dag.py took 0.179 seconds
[2021-12-21 00:20:55,407] {scheduler_job.py:182} INFO - Started process (PID=11166) to work on /home/airflow/.local/lib/python3.8/site-packages/airflow/example_dags/tutorial_etl_dag.py
[2021-12-21 00:20:55,415] {scheduler_job.py:633} INFO - Processing file /home/airflow/.local/lib/python3.8/site-packages/airflow/example_dags/tutorial_etl_dag.py for tasks to queue
[2021-12-21 00:20:55,420] {logging_mixin.py:104} INFO - [2021-12-21 00:20:55,419] {dagbag.py:496} INFO - Filling up the DagBag from /home/airflow/.local/lib/python3.8/site-packages/airflow/example_dags/tutorial_etl_dag.py
[2021-12-21 00:20:55,449] {scheduler_job.py:643} INFO - DAG(s) dict_keys(['tutorial_etl_dag']) retrieved from /home/airflow/.local/lib/python3.8/site-packages/airflow/example_dags/tutorial_etl_dag.py
[2021-12-21 00:20:55,507] {logging_mixin.py:104} INFO - [2021-12-21 00:20:55,507] {dag.py:1833} INFO - Sync 1 DAGs
[2021-12-21 00:20:55,540] {logging_mixin.py:104} INFO - [2021-12-21 00:20:55,540] {dag.py:2306} INFO - Setting next_dagrun for tutorial_etl_dag to None
[2021-12-21 00:20:55,601] {scheduler_job.py:190} INFO - Processing /home/airflow/.local/lib/python3.8/site-packages/airflow/example_dags/tutorial_etl_dag.py took 0.203 seconds
[2021-12-21 00:21:25,855] {scheduler_job.py:182} INFO - Started process (PID=11197) to work on /home/airflow/.local/lib/python3.8/site-packages/airflow/example_dags/tutorial_etl_dag.py
[2021-12-21 00:21:25,865] {scheduler_job.py:633} INFO - Processing file /home/airflow/.local/lib/python3.8/site-packages/airflow/example_dags/tutorial_etl_dag.py for tasks to queue
[2021-12-21 00:21:25,868] {logging_mixin.py:104} INFO - [2021-12-21 00:21:25,868] {dagbag.py:496} INFO - Filling up the DagBag from /home/airflow/.local/lib/python3.8/site-packages/airflow/example_dags/tutorial_etl_dag.py
[2021-12-21 00:21:25,902] {scheduler_job.py:643} INFO - DAG(s) dict_keys(['tutorial_etl_dag']) retrieved from /home/airflow/.local/lib/python3.8/site-packages/airflow/example_dags/tutorial_etl_dag.py
[2021-12-21 00:21:25,975] {logging_mixin.py:104} INFO - [2021-12-21 00:21:25,975] {dag.py:1833} INFO - Sync 1 DAGs
[2021-12-21 00:21:25,997] {logging_mixin.py:104} INFO - [2021-12-21 00:21:25,997] {dag.py:2306} INFO - Setting next_dagrun for tutorial_etl_dag to None
[2021-12-21 00:21:26,027] {scheduler_job.py:190} INFO - Processing /home/airflow/.local/lib/python3.8/site-packages/airflow/example_dags/tutorial_etl_dag.py took 0.180 seconds
[2021-12-21 00:21:56,142] {scheduler_job.py:182} INFO - Started process (PID=11228) to work on /home/airflow/.local/lib/python3.8/site-packages/airflow/example_dags/tutorial_etl_dag.py
[2021-12-21 00:21:56,148] {scheduler_job.py:633} INFO - Processing file /home/airflow/.local/lib/python3.8/site-packages/airflow/example_dags/tutorial_etl_dag.py for tasks to queue
[2021-12-21 00:21:56,154] {logging_mixin.py:104} INFO - [2021-12-21 00:21:56,154] {dagbag.py:496} INFO - Filling up the DagBag from /home/airflow/.local/lib/python3.8/site-packages/airflow/example_dags/tutorial_etl_dag.py
[2021-12-21 00:21:56,186] {scheduler_job.py:643} INFO - DAG(s) dict_keys(['tutorial_etl_dag']) retrieved from /home/airflow/.local/lib/python3.8/site-packages/airflow/example_dags/tutorial_etl_dag.py
[2021-12-21 00:21:56,250] {logging_mixin.py:104} INFO - [2021-12-21 00:21:56,249] {dag.py:1833} INFO - Sync 1 DAGs
[2021-12-21 00:21:56,289] {logging_mixin.py:104} INFO - [2021-12-21 00:21:56,289] {dag.py:2306} INFO - Setting next_dagrun for tutorial_etl_dag to None
[2021-12-21 00:21:56,312] {scheduler_job.py:190} INFO - Processing /home/airflow/.local/lib/python3.8/site-packages/airflow/example_dags/tutorial_etl_dag.py took 0.179 seconds
[2021-12-21 00:22:26,441] {scheduler_job.py:182} INFO - Started process (PID=11258) to work on /home/airflow/.local/lib/python3.8/site-packages/airflow/example_dags/tutorial_etl_dag.py
[2021-12-21 00:22:26,453] {scheduler_job.py:633} INFO - Processing file /home/airflow/.local/lib/python3.8/site-packages/airflow/example_dags/tutorial_etl_dag.py for tasks to queue
[2021-12-21 00:22:26,460] {logging_mixin.py:104} INFO - [2021-12-21 00:22:26,460] {dagbag.py:496} INFO - Filling up the DagBag from /home/airflow/.local/lib/python3.8/site-packages/airflow/example_dags/tutorial_etl_dag.py
[2021-12-21 00:22:26,489] {scheduler_job.py:643} INFO - DAG(s) dict_keys(['tutorial_etl_dag']) retrieved from /home/airflow/.local/lib/python3.8/site-packages/airflow/example_dags/tutorial_etl_dag.py
[2021-12-21 00:22:26,552] {logging_mixin.py:104} INFO - [2021-12-21 00:22:26,552] {dag.py:1833} INFO - Sync 1 DAGs
[2021-12-21 00:22:26,577] {logging_mixin.py:104} INFO - [2021-12-21 00:22:26,576] {dag.py:2306} INFO - Setting next_dagrun for tutorial_etl_dag to None
[2021-12-21 00:22:26,608] {scheduler_job.py:190} INFO - Processing /home/airflow/.local/lib/python3.8/site-packages/airflow/example_dags/tutorial_etl_dag.py took 0.191 seconds
[2021-12-21 00:22:56,709] {scheduler_job.py:182} INFO - Started process (PID=11289) to work on /home/airflow/.local/lib/python3.8/site-packages/airflow/example_dags/tutorial_etl_dag.py
[2021-12-21 00:22:56,722] {scheduler_job.py:633} INFO - Processing file /home/airflow/.local/lib/python3.8/site-packages/airflow/example_dags/tutorial_etl_dag.py for tasks to queue
[2021-12-21 00:22:56,730] {logging_mixin.py:104} INFO - [2021-12-21 00:22:56,730] {dagbag.py:496} INFO - Filling up the DagBag from /home/airflow/.local/lib/python3.8/site-packages/airflow/example_dags/tutorial_etl_dag.py
[2021-12-21 00:22:56,794] {scheduler_job.py:643} INFO - DAG(s) dict_keys(['tutorial_etl_dag']) retrieved from /home/airflow/.local/lib/python3.8/site-packages/airflow/example_dags/tutorial_etl_dag.py
[2021-12-21 00:22:56,868] {logging_mixin.py:104} INFO - [2021-12-21 00:22:56,868] {dag.py:1833} INFO - Sync 1 DAGs
[2021-12-21 00:22:56,899] {logging_mixin.py:104} INFO - [2021-12-21 00:22:56,899] {dag.py:2306} INFO - Setting next_dagrun for tutorial_etl_dag to None
[2021-12-21 00:22:56,926] {scheduler_job.py:190} INFO - Processing /home/airflow/.local/lib/python3.8/site-packages/airflow/example_dags/tutorial_etl_dag.py took 0.236 seconds
[2021-12-21 00:23:27,323] {scheduler_job.py:182} INFO - Started process (PID=11320) to work on /home/airflow/.local/lib/python3.8/site-packages/airflow/example_dags/tutorial_etl_dag.py
[2021-12-21 00:23:27,329] {scheduler_job.py:633} INFO - Processing file /home/airflow/.local/lib/python3.8/site-packages/airflow/example_dags/tutorial_etl_dag.py for tasks to queue
[2021-12-21 00:23:27,332] {logging_mixin.py:104} INFO - [2021-12-21 00:23:27,332] {dagbag.py:496} INFO - Filling up the DagBag from /home/airflow/.local/lib/python3.8/site-packages/airflow/example_dags/tutorial_etl_dag.py
[2021-12-21 00:23:27,369] {scheduler_job.py:643} INFO - DAG(s) dict_keys(['tutorial_etl_dag']) retrieved from /home/airflow/.local/lib/python3.8/site-packages/airflow/example_dags/tutorial_etl_dag.py
[2021-12-21 00:23:27,439] {logging_mixin.py:104} INFO - [2021-12-21 00:23:27,439] {dag.py:1833} INFO - Sync 1 DAGs
[2021-12-21 00:23:27,456] {logging_mixin.py:104} INFO - [2021-12-21 00:23:27,456] {dag.py:2306} INFO - Setting next_dagrun for tutorial_etl_dag to None
[2021-12-21 00:23:27,479] {scheduler_job.py:190} INFO - Processing /home/airflow/.local/lib/python3.8/site-packages/airflow/example_dags/tutorial_etl_dag.py took 0.167 seconds
[2021-12-21 00:23:57,637] {scheduler_job.py:182} INFO - Started process (PID=11351) to work on /home/airflow/.local/lib/python3.8/site-packages/airflow/example_dags/tutorial_etl_dag.py
[2021-12-21 00:23:57,641] {scheduler_job.py:633} INFO - Processing file /home/airflow/.local/lib/python3.8/site-packages/airflow/example_dags/tutorial_etl_dag.py for tasks to queue
[2021-12-21 00:23:57,645] {logging_mixin.py:104} INFO - [2021-12-21 00:23:57,644] {dagbag.py:496} INFO - Filling up the DagBag from /home/airflow/.local/lib/python3.8/site-packages/airflow/example_dags/tutorial_etl_dag.py
[2021-12-21 00:23:57,676] {scheduler_job.py:643} INFO - DAG(s) dict_keys(['tutorial_etl_dag']) retrieved from /home/airflow/.local/lib/python3.8/site-packages/airflow/example_dags/tutorial_etl_dag.py
[2021-12-21 00:23:57,759] {logging_mixin.py:104} INFO - [2021-12-21 00:23:57,759] {dag.py:1833} INFO - Sync 1 DAGs
[2021-12-21 00:23:57,804] {logging_mixin.py:104} INFO - [2021-12-21 00:23:57,803] {dag.py:2306} INFO - Setting next_dagrun for tutorial_etl_dag to None
[2021-12-21 00:23:57,842] {scheduler_job.py:190} INFO - Processing /home/airflow/.local/lib/python3.8/site-packages/airflow/example_dags/tutorial_etl_dag.py took 0.210 seconds
[2021-12-21 00:24:28,209] {scheduler_job.py:182} INFO - Started process (PID=11382) to work on /home/airflow/.local/lib/python3.8/site-packages/airflow/example_dags/tutorial_etl_dag.py
[2021-12-21 00:24:28,216] {scheduler_job.py:633} INFO - Processing file /home/airflow/.local/lib/python3.8/site-packages/airflow/example_dags/tutorial_etl_dag.py for tasks to queue
[2021-12-21 00:24:28,220] {logging_mixin.py:104} INFO - [2021-12-21 00:24:28,220] {dagbag.py:496} INFO - Filling up the DagBag from /home/airflow/.local/lib/python3.8/site-packages/airflow/example_dags/tutorial_etl_dag.py
[2021-12-21 00:24:28,261] {scheduler_job.py:643} INFO - DAG(s) dict_keys(['tutorial_etl_dag']) retrieved from /home/airflow/.local/lib/python3.8/site-packages/airflow/example_dags/tutorial_etl_dag.py
[2021-12-21 00:24:28,388] {logging_mixin.py:104} INFO - [2021-12-21 00:24:28,388] {dag.py:1833} INFO - Sync 1 DAGs
[2021-12-21 00:24:28,432] {logging_mixin.py:104} INFO - [2021-12-21 00:24:28,432] {dag.py:2306} INFO - Setting next_dagrun for tutorial_etl_dag to None
[2021-12-21 00:24:28,470] {scheduler_job.py:190} INFO - Processing /home/airflow/.local/lib/python3.8/site-packages/airflow/example_dags/tutorial_etl_dag.py took 0.269 seconds
[2021-12-21 00:24:58,806] {scheduler_job.py:182} INFO - Started process (PID=11413) to work on /home/airflow/.local/lib/python3.8/site-packages/airflow/example_dags/tutorial_etl_dag.py
[2021-12-21 00:24:58,812] {scheduler_job.py:633} INFO - Processing file /home/airflow/.local/lib/python3.8/site-packages/airflow/example_dags/tutorial_etl_dag.py for tasks to queue
[2021-12-21 00:24:58,816] {logging_mixin.py:104} INFO - [2021-12-21 00:24:58,815] {dagbag.py:496} INFO - Filling up the DagBag from /home/airflow/.local/lib/python3.8/site-packages/airflow/example_dags/tutorial_etl_dag.py
[2021-12-21 00:24:58,852] {scheduler_job.py:643} INFO - DAG(s) dict_keys(['tutorial_etl_dag']) retrieved from /home/airflow/.local/lib/python3.8/site-packages/airflow/example_dags/tutorial_etl_dag.py
[2021-12-21 00:24:58,915] {logging_mixin.py:104} INFO - [2021-12-21 00:24:58,914] {dag.py:1833} INFO - Sync 1 DAGs
[2021-12-21 00:24:58,941] {logging_mixin.py:104} INFO - [2021-12-21 00:24:58,941] {dag.py:2306} INFO - Setting next_dagrun for tutorial_etl_dag to None
[2021-12-21 00:24:58,986] {scheduler_job.py:190} INFO - Processing /home/airflow/.local/lib/python3.8/site-packages/airflow/example_dags/tutorial_etl_dag.py took 0.196 seconds
[2021-12-21 00:25:29,087] {scheduler_job.py:182} INFO - Started process (PID=11444) to work on /home/airflow/.local/lib/python3.8/site-packages/airflow/example_dags/tutorial_etl_dag.py
[2021-12-21 00:25:29,092] {scheduler_job.py:633} INFO - Processing file /home/airflow/.local/lib/python3.8/site-packages/airflow/example_dags/tutorial_etl_dag.py for tasks to queue
[2021-12-21 00:25:29,095] {logging_mixin.py:104} INFO - [2021-12-21 00:25:29,094] {dagbag.py:496} INFO - Filling up the DagBag from /home/airflow/.local/lib/python3.8/site-packages/airflow/example_dags/tutorial_etl_dag.py
[2021-12-21 00:25:29,128] {scheduler_job.py:643} INFO - DAG(s) dict_keys(['tutorial_etl_dag']) retrieved from /home/airflow/.local/lib/python3.8/site-packages/airflow/example_dags/tutorial_etl_dag.py
[2021-12-21 00:25:29,231] {logging_mixin.py:104} INFO - [2021-12-21 00:25:29,231] {dag.py:1833} INFO - Sync 1 DAGs
[2021-12-21 00:25:29,263] {logging_mixin.py:104} INFO - [2021-12-21 00:25:29,263] {dag.py:2306} INFO - Setting next_dagrun for tutorial_etl_dag to None
[2021-12-21 00:25:29,285] {scheduler_job.py:190} INFO - Processing /home/airflow/.local/lib/python3.8/site-packages/airflow/example_dags/tutorial_etl_dag.py took 0.210 seconds
[2021-12-21 00:25:59,494] {scheduler_job.py:182} INFO - Started process (PID=11475) to work on /home/airflow/.local/lib/python3.8/site-packages/airflow/example_dags/tutorial_etl_dag.py
[2021-12-21 00:25:59,499] {scheduler_job.py:633} INFO - Processing file /home/airflow/.local/lib/python3.8/site-packages/airflow/example_dags/tutorial_etl_dag.py for tasks to queue
[2021-12-21 00:25:59,501] {logging_mixin.py:104} INFO - [2021-12-21 00:25:59,501] {dagbag.py:496} INFO - Filling up the DagBag from /home/airflow/.local/lib/python3.8/site-packages/airflow/example_dags/tutorial_etl_dag.py
[2021-12-21 00:25:59,527] {scheduler_job.py:643} INFO - DAG(s) dict_keys(['tutorial_etl_dag']) retrieved from /home/airflow/.local/lib/python3.8/site-packages/airflow/example_dags/tutorial_etl_dag.py
[2021-12-21 00:25:59,582] {logging_mixin.py:104} INFO - [2021-12-21 00:25:59,582] {dag.py:1833} INFO - Sync 1 DAGs
[2021-12-21 00:25:59,602] {logging_mixin.py:104} INFO - [2021-12-21 00:25:59,602] {dag.py:2306} INFO - Setting next_dagrun for tutorial_etl_dag to None
[2021-12-21 00:25:59,625] {scheduler_job.py:190} INFO - Processing /home/airflow/.local/lib/python3.8/site-packages/airflow/example_dags/tutorial_etl_dag.py took 0.138 seconds
[2021-12-21 00:26:30,458] {scheduler_job.py:182} INFO - Started process (PID=11506) to work on /home/airflow/.local/lib/python3.8/site-packages/airflow/example_dags/tutorial_etl_dag.py
[2021-12-21 00:26:30,462] {scheduler_job.py:633} INFO - Processing file /home/airflow/.local/lib/python3.8/site-packages/airflow/example_dags/tutorial_etl_dag.py for tasks to queue
[2021-12-21 00:26:30,464] {logging_mixin.py:104} INFO - [2021-12-21 00:26:30,464] {dagbag.py:496} INFO - Filling up the DagBag from /home/airflow/.local/lib/python3.8/site-packages/airflow/example_dags/tutorial_etl_dag.py
[2021-12-21 00:26:30,493] {scheduler_job.py:643} INFO - DAG(s) dict_keys(['tutorial_etl_dag']) retrieved from /home/airflow/.local/lib/python3.8/site-packages/airflow/example_dags/tutorial_etl_dag.py
[2021-12-21 00:26:30,557] {logging_mixin.py:104} INFO - [2021-12-21 00:26:30,557] {dag.py:1833} INFO - Sync 1 DAGs
[2021-12-21 00:26:30,583] {logging_mixin.py:104} INFO - [2021-12-21 00:26:30,582] {dag.py:2306} INFO - Setting next_dagrun for tutorial_etl_dag to None
[2021-12-21 00:26:30,627] {scheduler_job.py:190} INFO - Processing /home/airflow/.local/lib/python3.8/site-packages/airflow/example_dags/tutorial_etl_dag.py took 0.174 seconds
[2021-12-21 00:27:00,796] {scheduler_job.py:182} INFO - Started process (PID=11537) to work on /home/airflow/.local/lib/python3.8/site-packages/airflow/example_dags/tutorial_etl_dag.py
[2021-12-21 00:27:00,810] {scheduler_job.py:633} INFO - Processing file /home/airflow/.local/lib/python3.8/site-packages/airflow/example_dags/tutorial_etl_dag.py for tasks to queue
[2021-12-21 00:27:00,815] {logging_mixin.py:104} INFO - [2021-12-21 00:27:00,814] {dagbag.py:496} INFO - Filling up the DagBag from /home/airflow/.local/lib/python3.8/site-packages/airflow/example_dags/tutorial_etl_dag.py
[2021-12-21 00:27:00,841] {scheduler_job.py:643} INFO - DAG(s) dict_keys(['tutorial_etl_dag']) retrieved from /home/airflow/.local/lib/python3.8/site-packages/airflow/example_dags/tutorial_etl_dag.py
[2021-12-21 00:27:00,920] {logging_mixin.py:104} INFO - [2021-12-21 00:27:00,920] {dag.py:1833} INFO - Sync 1 DAGs
[2021-12-21 00:27:00,955] {logging_mixin.py:104} INFO - [2021-12-21 00:27:00,954] {dag.py:2306} INFO - Setting next_dagrun for tutorial_etl_dag to None
[2021-12-21 00:27:00,989] {scheduler_job.py:190} INFO - Processing /home/airflow/.local/lib/python3.8/site-packages/airflow/example_dags/tutorial_etl_dag.py took 0.208 seconds
[2021-12-21 00:27:31,494] {scheduler_job.py:182} INFO - Started process (PID=11568) to work on /home/airflow/.local/lib/python3.8/site-packages/airflow/example_dags/tutorial_etl_dag.py
[2021-12-21 00:27:31,501] {scheduler_job.py:633} INFO - Processing file /home/airflow/.local/lib/python3.8/site-packages/airflow/example_dags/tutorial_etl_dag.py for tasks to queue
[2021-12-21 00:27:31,504] {logging_mixin.py:104} INFO - [2021-12-21 00:27:31,504] {dagbag.py:496} INFO - Filling up the DagBag from /home/airflow/.local/lib/python3.8/site-packages/airflow/example_dags/tutorial_etl_dag.py
[2021-12-21 00:27:31,539] {scheduler_job.py:643} INFO - DAG(s) dict_keys(['tutorial_etl_dag']) retrieved from /home/airflow/.local/lib/python3.8/site-packages/airflow/example_dags/tutorial_etl_dag.py
[2021-12-21 00:27:31,604] {logging_mixin.py:104} INFO - [2021-12-21 00:27:31,604] {dag.py:1833} INFO - Sync 1 DAGs
[2021-12-21 00:27:31,637] {logging_mixin.py:104} INFO - [2021-12-21 00:27:31,637] {dag.py:2306} INFO - Setting next_dagrun for tutorial_etl_dag to None
[2021-12-21 00:27:31,678] {scheduler_job.py:190} INFO - Processing /home/airflow/.local/lib/python3.8/site-packages/airflow/example_dags/tutorial_etl_dag.py took 0.197 seconds
[2021-12-21 00:28:02,581] {scheduler_job.py:182} INFO - Started process (PID=11599) to work on /home/airflow/.local/lib/python3.8/site-packages/airflow/example_dags/tutorial_etl_dag.py
[2021-12-21 00:28:02,589] {scheduler_job.py:633} INFO - Processing file /home/airflow/.local/lib/python3.8/site-packages/airflow/example_dags/tutorial_etl_dag.py for tasks to queue
[2021-12-21 00:28:02,593] {logging_mixin.py:104} INFO - [2021-12-21 00:28:02,593] {dagbag.py:496} INFO - Filling up the DagBag from /home/airflow/.local/lib/python3.8/site-packages/airflow/example_dags/tutorial_etl_dag.py
[2021-12-21 00:28:02,631] {scheduler_job.py:643} INFO - DAG(s) dict_keys(['tutorial_etl_dag']) retrieved from /home/airflow/.local/lib/python3.8/site-packages/airflow/example_dags/tutorial_etl_dag.py
[2021-12-21 00:28:02,703] {logging_mixin.py:104} INFO - [2021-12-21 00:28:02,703] {dag.py:1833} INFO - Sync 1 DAGs
[2021-12-21 00:28:02,731] {logging_mixin.py:104} INFO - [2021-12-21 00:28:02,731] {dag.py:2306} INFO - Setting next_dagrun for tutorial_etl_dag to None
[2021-12-21 00:28:02,764] {scheduler_job.py:190} INFO - Processing /home/airflow/.local/lib/python3.8/site-packages/airflow/example_dags/tutorial_etl_dag.py took 0.189 seconds
[2021-12-21 00:28:33,186] {scheduler_job.py:182} INFO - Started process (PID=11630) to work on /home/airflow/.local/lib/python3.8/site-packages/airflow/example_dags/tutorial_etl_dag.py
[2021-12-21 00:28:33,191] {scheduler_job.py:633} INFO - Processing file /home/airflow/.local/lib/python3.8/site-packages/airflow/example_dags/tutorial_etl_dag.py for tasks to queue
[2021-12-21 00:28:33,194] {logging_mixin.py:104} INFO - [2021-12-21 00:28:33,193] {dagbag.py:496} INFO - Filling up the DagBag from /home/airflow/.local/lib/python3.8/site-packages/airflow/example_dags/tutorial_etl_dag.py
[2021-12-21 00:28:33,211] {scheduler_job.py:643} INFO - DAG(s) dict_keys(['tutorial_etl_dag']) retrieved from /home/airflow/.local/lib/python3.8/site-packages/airflow/example_dags/tutorial_etl_dag.py
[2021-12-21 00:28:33,284] {logging_mixin.py:104} INFO - [2021-12-21 00:28:33,283] {dag.py:1833} INFO - Sync 1 DAGs
[2021-12-21 00:28:33,315] {logging_mixin.py:104} INFO - [2021-12-21 00:28:33,315] {dag.py:2306} INFO - Setting next_dagrun for tutorial_etl_dag to None
[2021-12-21 00:28:33,346] {scheduler_job.py:190} INFO - Processing /home/airflow/.local/lib/python3.8/site-packages/airflow/example_dags/tutorial_etl_dag.py took 0.166 seconds
[2021-12-21 00:29:04,413] {scheduler_job.py:182} INFO - Started process (PID=11660) to work on /home/airflow/.local/lib/python3.8/site-packages/airflow/example_dags/tutorial_etl_dag.py
[2021-12-21 00:29:04,419] {scheduler_job.py:633} INFO - Processing file /home/airflow/.local/lib/python3.8/site-packages/airflow/example_dags/tutorial_etl_dag.py for tasks to queue
[2021-12-21 00:29:04,433] {logging_mixin.py:104} INFO - [2021-12-21 00:29:04,424] {dagbag.py:496} INFO - Filling up the DagBag from /home/airflow/.local/lib/python3.8/site-packages/airflow/example_dags/tutorial_etl_dag.py
[2021-12-21 00:29:04,501] {scheduler_job.py:643} INFO - DAG(s) dict_keys(['tutorial_etl_dag']) retrieved from /home/airflow/.local/lib/python3.8/site-packages/airflow/example_dags/tutorial_etl_dag.py
[2021-12-21 00:29:04,625] {logging_mixin.py:104} INFO - [2021-12-21 00:29:04,625] {dag.py:1833} INFO - Sync 1 DAGs
[2021-12-21 00:29:04,675] {logging_mixin.py:104} INFO - [2021-12-21 00:29:04,675] {dag.py:2306} INFO - Setting next_dagrun for tutorial_etl_dag to None
[2021-12-21 00:29:04,704] {scheduler_job.py:190} INFO - Processing /home/airflow/.local/lib/python3.8/site-packages/airflow/example_dags/tutorial_etl_dag.py took 0.297 seconds
[2021-12-21 00:29:35,197] {scheduler_job.py:182} INFO - Started process (PID=11691) to work on /home/airflow/.local/lib/python3.8/site-packages/airflow/example_dags/tutorial_etl_dag.py
[2021-12-21 00:29:35,201] {scheduler_job.py:633} INFO - Processing file /home/airflow/.local/lib/python3.8/site-packages/airflow/example_dags/tutorial_etl_dag.py for tasks to queue
[2021-12-21 00:29:35,208] {logging_mixin.py:104} INFO - [2021-12-21 00:29:35,208] {dagbag.py:496} INFO - Filling up the DagBag from /home/airflow/.local/lib/python3.8/site-packages/airflow/example_dags/tutorial_etl_dag.py
[2021-12-21 00:29:35,240] {scheduler_job.py:643} INFO - DAG(s) dict_keys(['tutorial_etl_dag']) retrieved from /home/airflow/.local/lib/python3.8/site-packages/airflow/example_dags/tutorial_etl_dag.py
[2021-12-21 00:29:35,330] {logging_mixin.py:104} INFO - [2021-12-21 00:29:35,330] {dag.py:1833} INFO - Sync 1 DAGs
[2021-12-21 00:29:35,351] {logging_mixin.py:104} INFO - [2021-12-21 00:29:35,351] {dag.py:2306} INFO - Setting next_dagrun for tutorial_etl_dag to None
[2021-12-21 00:29:35,391] {scheduler_job.py:190} INFO - Processing /home/airflow/.local/lib/python3.8/site-packages/airflow/example_dags/tutorial_etl_dag.py took 0.207 seconds
[2021-12-21 00:30:05,879] {scheduler_job.py:182} INFO - Started process (PID=11722) to work on /home/airflow/.local/lib/python3.8/site-packages/airflow/example_dags/tutorial_etl_dag.py
[2021-12-21 00:30:05,888] {scheduler_job.py:633} INFO - Processing file /home/airflow/.local/lib/python3.8/site-packages/airflow/example_dags/tutorial_etl_dag.py for tasks to queue
[2021-12-21 00:30:05,894] {logging_mixin.py:104} INFO - [2021-12-21 00:30:05,892] {dagbag.py:496} INFO - Filling up the DagBag from /home/airflow/.local/lib/python3.8/site-packages/airflow/example_dags/tutorial_etl_dag.py
[2021-12-21 00:30:05,924] {scheduler_job.py:643} INFO - DAG(s) dict_keys(['tutorial_etl_dag']) retrieved from /home/airflow/.local/lib/python3.8/site-packages/airflow/example_dags/tutorial_etl_dag.py
[2021-12-21 00:30:05,990] {logging_mixin.py:104} INFO - [2021-12-21 00:30:05,989] {dag.py:1833} INFO - Sync 1 DAGs
[2021-12-21 00:30:06,015] {logging_mixin.py:104} INFO - [2021-12-21 00:30:06,015] {dag.py:2306} INFO - Setting next_dagrun for tutorial_etl_dag to None
[2021-12-21 00:30:06,043] {scheduler_job.py:190} INFO - Processing /home/airflow/.local/lib/python3.8/site-packages/airflow/example_dags/tutorial_etl_dag.py took 0.174 seconds
[2021-12-21 00:30:36,648] {scheduler_job.py:182} INFO - Started process (PID=11752) to work on /home/airflow/.local/lib/python3.8/site-packages/airflow/example_dags/tutorial_etl_dag.py
[2021-12-21 00:30:36,656] {scheduler_job.py:633} INFO - Processing file /home/airflow/.local/lib/python3.8/site-packages/airflow/example_dags/tutorial_etl_dag.py for tasks to queue
[2021-12-21 00:30:36,661] {logging_mixin.py:104} INFO - [2021-12-21 00:30:36,660] {dagbag.py:496} INFO - Filling up the DagBag from /home/airflow/.local/lib/python3.8/site-packages/airflow/example_dags/tutorial_etl_dag.py
[2021-12-21 00:30:36,687] {scheduler_job.py:643} INFO - DAG(s) dict_keys(['tutorial_etl_dag']) retrieved from /home/airflow/.local/lib/python3.8/site-packages/airflow/example_dags/tutorial_etl_dag.py
[2021-12-21 00:30:36,749] {logging_mixin.py:104} INFO - [2021-12-21 00:30:36,749] {dag.py:1833} INFO - Sync 1 DAGs
[2021-12-21 00:30:36,773] {logging_mixin.py:104} INFO - [2021-12-21 00:30:36,773] {dag.py:2306} INFO - Setting next_dagrun for tutorial_etl_dag to None
[2021-12-21 00:30:36,793] {scheduler_job.py:190} INFO - Processing /home/airflow/.local/lib/python3.8/site-packages/airflow/example_dags/tutorial_etl_dag.py took 0.156 seconds
[2021-12-21 00:39:22,306] {scheduler_job.py:182} INFO - Started process (PID=11778) to work on /home/airflow/.local/lib/python3.8/site-packages/airflow/example_dags/tutorial_etl_dag.py
[2021-12-21 00:39:22,311] {scheduler_job.py:633} INFO - Processing file /home/airflow/.local/lib/python3.8/site-packages/airflow/example_dags/tutorial_etl_dag.py for tasks to queue
[2021-12-21 00:39:22,314] {logging_mixin.py:104} INFO - [2021-12-21 00:39:22,313] {dagbag.py:496} INFO - Filling up the DagBag from /home/airflow/.local/lib/python3.8/site-packages/airflow/example_dags/tutorial_etl_dag.py
[2021-12-21 00:39:22,350] {scheduler_job.py:643} INFO - DAG(s) dict_keys(['tutorial_etl_dag']) retrieved from /home/airflow/.local/lib/python3.8/site-packages/airflow/example_dags/tutorial_etl_dag.py
[2021-12-21 00:39:22,457] {logging_mixin.py:104} INFO - [2021-12-21 00:39:22,457] {dag.py:1833} INFO - Sync 1 DAGs
[2021-12-21 00:39:22,517] {logging_mixin.py:104} INFO - [2021-12-21 00:39:22,517] {dag.py:2306} INFO - Setting next_dagrun for tutorial_etl_dag to None
[2021-12-21 00:39:22,559] {scheduler_job.py:190} INFO - Processing /home/airflow/.local/lib/python3.8/site-packages/airflow/example_dags/tutorial_etl_dag.py took 0.261 seconds
[2021-12-21 00:39:53,796] {scheduler_job.py:182} INFO - Started process (PID=11809) to work on /home/airflow/.local/lib/python3.8/site-packages/airflow/example_dags/tutorial_etl_dag.py
[2021-12-21 00:39:53,815] {scheduler_job.py:633} INFO - Processing file /home/airflow/.local/lib/python3.8/site-packages/airflow/example_dags/tutorial_etl_dag.py for tasks to queue
[2021-12-21 00:39:53,821] {logging_mixin.py:104} INFO - [2021-12-21 00:39:53,821] {dagbag.py:496} INFO - Filling up the DagBag from /home/airflow/.local/lib/python3.8/site-packages/airflow/example_dags/tutorial_etl_dag.py
[2021-12-21 00:39:53,920] {scheduler_job.py:643} INFO - DAG(s) dict_keys(['tutorial_etl_dag']) retrieved from /home/airflow/.local/lib/python3.8/site-packages/airflow/example_dags/tutorial_etl_dag.py
[2021-12-21 00:39:54,063] {logging_mixin.py:104} INFO - [2021-12-21 00:39:54,063] {dag.py:1833} INFO - Sync 1 DAGs
[2021-12-21 00:39:54,095] {logging_mixin.py:104} INFO - [2021-12-21 00:39:54,095] {dag.py:2306} INFO - Setting next_dagrun for tutorial_etl_dag to None
[2021-12-21 00:39:54,132] {scheduler_job.py:190} INFO - Processing /home/airflow/.local/lib/python3.8/site-packages/airflow/example_dags/tutorial_etl_dag.py took 0.354 seconds
[2021-12-21 00:56:35,604] {scheduler_job.py:182} INFO - Started process (PID=11840) to work on /home/airflow/.local/lib/python3.8/site-packages/airflow/example_dags/tutorial_etl_dag.py
[2021-12-21 00:56:35,630] {scheduler_job.py:633} INFO - Processing file /home/airflow/.local/lib/python3.8/site-packages/airflow/example_dags/tutorial_etl_dag.py for tasks to queue
[2021-12-21 00:56:35,640] {logging_mixin.py:104} INFO - [2021-12-21 00:56:35,639] {dagbag.py:496} INFO - Filling up the DagBag from /home/airflow/.local/lib/python3.8/site-packages/airflow/example_dags/tutorial_etl_dag.py
[2021-12-21 00:56:35,712] {scheduler_job.py:643} INFO - DAG(s) dict_keys(['tutorial_etl_dag']) retrieved from /home/airflow/.local/lib/python3.8/site-packages/airflow/example_dags/tutorial_etl_dag.py
[2021-12-21 00:56:35,836] {logging_mixin.py:104} INFO - [2021-12-21 00:56:35,836] {dag.py:1833} INFO - Sync 1 DAGs
[2021-12-21 00:56:35,912] {logging_mixin.py:104} INFO - [2021-12-21 00:56:35,912] {dag.py:2306} INFO - Setting next_dagrun for tutorial_etl_dag to None
[2021-12-21 00:56:35,956] {scheduler_job.py:190} INFO - Processing /home/airflow/.local/lib/python3.8/site-packages/airflow/example_dags/tutorial_etl_dag.py took 0.373 seconds
