[2021-12-21 00:00:27,787] {scheduler_job.py:182} INFO - Started process (PID=9920) to work on /home/airflow/.local/lib/python3.8/site-packages/airflow/example_dags/tutorial_taskflow_api_etl.py
[2021-12-21 00:00:27,795] {scheduler_job.py:633} INFO - Processing file /home/airflow/.local/lib/python3.8/site-packages/airflow/example_dags/tutorial_taskflow_api_etl.py for tasks to queue
[2021-12-21 00:00:27,799] {logging_mixin.py:104} INFO - [2021-12-21 00:00:27,799] {dagbag.py:496} INFO - Filling up the DagBag from /home/airflow/.local/lib/python3.8/site-packages/airflow/example_dags/tutorial_taskflow_api_etl.py
[2021-12-21 00:00:27,846] {scheduler_job.py:643} INFO - DAG(s) dict_keys(['tutorial_taskflow_api_etl']) retrieved from /home/airflow/.local/lib/python3.8/site-packages/airflow/example_dags/tutorial_taskflow_api_etl.py
[2021-12-21 00:00:28,305] {logging_mixin.py:104} INFO - [2021-12-21 00:00:28,305] {dag.py:1833} INFO - Sync 1 DAGs
[2021-12-21 00:00:28,323] {logging_mixin.py:104} INFO - [2021-12-21 00:00:28,323] {dag.py:2306} INFO - Setting next_dagrun for tutorial_taskflow_api_etl to None
[2021-12-21 00:00:28,356] {scheduler_job.py:190} INFO - Processing /home/airflow/.local/lib/python3.8/site-packages/airflow/example_dags/tutorial_taskflow_api_etl.py took 0.578 seconds
[2021-12-21 00:00:59,356] {scheduler_job.py:182} INFO - Started process (PID=9951) to work on /home/airflow/.local/lib/python3.8/site-packages/airflow/example_dags/tutorial_taskflow_api_etl.py
[2021-12-21 00:00:59,362] {scheduler_job.py:633} INFO - Processing file /home/airflow/.local/lib/python3.8/site-packages/airflow/example_dags/tutorial_taskflow_api_etl.py for tasks to queue
[2021-12-21 00:00:59,365] {logging_mixin.py:104} INFO - [2021-12-21 00:00:59,365] {dagbag.py:496} INFO - Filling up the DagBag from /home/airflow/.local/lib/python3.8/site-packages/airflow/example_dags/tutorial_taskflow_api_etl.py
[2021-12-21 00:00:59,408] {scheduler_job.py:643} INFO - DAG(s) dict_keys(['tutorial_taskflow_api_etl']) retrieved from /home/airflow/.local/lib/python3.8/site-packages/airflow/example_dags/tutorial_taskflow_api_etl.py
[2021-12-21 00:01:00,032] {logging_mixin.py:104} INFO - [2021-12-21 00:01:00,032] {dag.py:1833} INFO - Sync 1 DAGs
[2021-12-21 00:01:00,053] {logging_mixin.py:104} INFO - [2021-12-21 00:01:00,052] {dag.py:2306} INFO - Setting next_dagrun for tutorial_taskflow_api_etl to None
[2021-12-21 00:01:00,076] {scheduler_job.py:190} INFO - Processing /home/airflow/.local/lib/python3.8/site-packages/airflow/example_dags/tutorial_taskflow_api_etl.py took 0.736 seconds
[2021-12-21 00:01:30,907] {scheduler_job.py:182} INFO - Started process (PID=9985) to work on /home/airflow/.local/lib/python3.8/site-packages/airflow/example_dags/tutorial_taskflow_api_etl.py
[2021-12-21 00:01:30,914] {scheduler_job.py:633} INFO - Processing file /home/airflow/.local/lib/python3.8/site-packages/airflow/example_dags/tutorial_taskflow_api_etl.py for tasks to queue
[2021-12-21 00:01:30,920] {logging_mixin.py:104} INFO - [2021-12-21 00:01:30,919] {dagbag.py:496} INFO - Filling up the DagBag from /home/airflow/.local/lib/python3.8/site-packages/airflow/example_dags/tutorial_taskflow_api_etl.py
[2021-12-21 00:01:30,998] {scheduler_job.py:643} INFO - DAG(s) dict_keys(['tutorial_taskflow_api_etl']) retrieved from /home/airflow/.local/lib/python3.8/site-packages/airflow/example_dags/tutorial_taskflow_api_etl.py
[2021-12-21 00:01:31,635] {logging_mixin.py:104} INFO - [2021-12-21 00:01:31,635] {dag.py:1833} INFO - Sync 1 DAGs
[2021-12-21 00:01:31,650] {logging_mixin.py:104} INFO - [2021-12-21 00:01:31,650] {dag.py:2306} INFO - Setting next_dagrun for tutorial_taskflow_api_etl to None
[2021-12-21 00:01:31,680] {scheduler_job.py:190} INFO - Processing /home/airflow/.local/lib/python3.8/site-packages/airflow/example_dags/tutorial_taskflow_api_etl.py took 0.781 seconds
[2021-12-21 00:02:01,975] {scheduler_job.py:182} INFO - Started process (PID=10018) to work on /home/airflow/.local/lib/python3.8/site-packages/airflow/example_dags/tutorial_taskflow_api_etl.py
[2021-12-21 00:02:01,989] {scheduler_job.py:633} INFO - Processing file /home/airflow/.local/lib/python3.8/site-packages/airflow/example_dags/tutorial_taskflow_api_etl.py for tasks to queue
[2021-12-21 00:02:02,002] {logging_mixin.py:104} INFO - [2021-12-21 00:02:02,000] {dagbag.py:496} INFO - Filling up the DagBag from /home/airflow/.local/lib/python3.8/site-packages/airflow/example_dags/tutorial_taskflow_api_etl.py
[2021-12-21 00:02:02,077] {scheduler_job.py:643} INFO - DAG(s) dict_keys(['tutorial_taskflow_api_etl']) retrieved from /home/airflow/.local/lib/python3.8/site-packages/airflow/example_dags/tutorial_taskflow_api_etl.py
[2021-12-21 00:02:02,570] {logging_mixin.py:104} INFO - [2021-12-21 00:02:02,570] {dag.py:1833} INFO - Sync 1 DAGs
[2021-12-21 00:02:02,589] {logging_mixin.py:104} INFO - [2021-12-21 00:02:02,589] {dag.py:2306} INFO - Setting next_dagrun for tutorial_taskflow_api_etl to None
[2021-12-21 00:02:02,611] {scheduler_job.py:190} INFO - Processing /home/airflow/.local/lib/python3.8/site-packages/airflow/example_dags/tutorial_taskflow_api_etl.py took 0.651 seconds
[2021-12-21 00:02:32,808] {scheduler_job.py:182} INFO - Started process (PID=10050) to work on /home/airflow/.local/lib/python3.8/site-packages/airflow/example_dags/tutorial_taskflow_api_etl.py
[2021-12-21 00:02:32,814] {scheduler_job.py:633} INFO - Processing file /home/airflow/.local/lib/python3.8/site-packages/airflow/example_dags/tutorial_taskflow_api_etl.py for tasks to queue
[2021-12-21 00:02:32,816] {logging_mixin.py:104} INFO - [2021-12-21 00:02:32,816] {dagbag.py:496} INFO - Filling up the DagBag from /home/airflow/.local/lib/python3.8/site-packages/airflow/example_dags/tutorial_taskflow_api_etl.py
[2021-12-21 00:02:32,838] {scheduler_job.py:643} INFO - DAG(s) dict_keys(['tutorial_taskflow_api_etl']) retrieved from /home/airflow/.local/lib/python3.8/site-packages/airflow/example_dags/tutorial_taskflow_api_etl.py
[2021-12-21 00:02:33,251] {logging_mixin.py:104} INFO - [2021-12-21 00:02:33,250] {dag.py:1833} INFO - Sync 1 DAGs
[2021-12-21 00:02:33,271] {logging_mixin.py:104} INFO - [2021-12-21 00:02:33,271] {dag.py:2306} INFO - Setting next_dagrun for tutorial_taskflow_api_etl to None
[2021-12-21 00:02:33,295] {scheduler_job.py:190} INFO - Processing /home/airflow/.local/lib/python3.8/site-packages/airflow/example_dags/tutorial_taskflow_api_etl.py took 0.495 seconds
[2021-12-21 00:03:04,067] {scheduler_job.py:182} INFO - Started process (PID=10081) to work on /home/airflow/.local/lib/python3.8/site-packages/airflow/example_dags/tutorial_taskflow_api_etl.py
[2021-12-21 00:03:04,087] {scheduler_job.py:633} INFO - Processing file /home/airflow/.local/lib/python3.8/site-packages/airflow/example_dags/tutorial_taskflow_api_etl.py for tasks to queue
[2021-12-21 00:03:04,091] {logging_mixin.py:104} INFO - [2021-12-21 00:03:04,090] {dagbag.py:496} INFO - Filling up the DagBag from /home/airflow/.local/lib/python3.8/site-packages/airflow/example_dags/tutorial_taskflow_api_etl.py
[2021-12-21 00:03:04,116] {scheduler_job.py:643} INFO - DAG(s) dict_keys(['tutorial_taskflow_api_etl']) retrieved from /home/airflow/.local/lib/python3.8/site-packages/airflow/example_dags/tutorial_taskflow_api_etl.py
[2021-12-21 00:03:04,492] {logging_mixin.py:104} INFO - [2021-12-21 00:03:04,492] {dag.py:1833} INFO - Sync 1 DAGs
[2021-12-21 00:03:04,506] {logging_mixin.py:104} INFO - [2021-12-21 00:03:04,506] {dag.py:2306} INFO - Setting next_dagrun for tutorial_taskflow_api_etl to None
[2021-12-21 00:03:04,524] {scheduler_job.py:190} INFO - Processing /home/airflow/.local/lib/python3.8/site-packages/airflow/example_dags/tutorial_taskflow_api_etl.py took 0.465 seconds
[2021-12-21 00:03:34,736] {scheduler_job.py:182} INFO - Started process (PID=10112) to work on /home/airflow/.local/lib/python3.8/site-packages/airflow/example_dags/tutorial_taskflow_api_etl.py
[2021-12-21 00:03:34,738] {scheduler_job.py:633} INFO - Processing file /home/airflow/.local/lib/python3.8/site-packages/airflow/example_dags/tutorial_taskflow_api_etl.py for tasks to queue
[2021-12-21 00:03:34,740] {logging_mixin.py:104} INFO - [2021-12-21 00:03:34,740] {dagbag.py:496} INFO - Filling up the DagBag from /home/airflow/.local/lib/python3.8/site-packages/airflow/example_dags/tutorial_taskflow_api_etl.py
[2021-12-21 00:03:34,764] {scheduler_job.py:643} INFO - DAG(s) dict_keys(['tutorial_taskflow_api_etl']) retrieved from /home/airflow/.local/lib/python3.8/site-packages/airflow/example_dags/tutorial_taskflow_api_etl.py
[2021-12-21 00:03:35,141] {logging_mixin.py:104} INFO - [2021-12-21 00:03:35,141] {dag.py:1833} INFO - Sync 1 DAGs
[2021-12-21 00:03:35,153] {logging_mixin.py:104} INFO - [2021-12-21 00:03:35,153] {dag.py:2306} INFO - Setting next_dagrun for tutorial_taskflow_api_etl to None
[2021-12-21 00:03:35,180] {scheduler_job.py:190} INFO - Processing /home/airflow/.local/lib/python3.8/site-packages/airflow/example_dags/tutorial_taskflow_api_etl.py took 0.449 seconds
[2021-12-21 00:04:06,213] {scheduler_job.py:182} INFO - Started process (PID=10143) to work on /home/airflow/.local/lib/python3.8/site-packages/airflow/example_dags/tutorial_taskflow_api_etl.py
[2021-12-21 00:04:06,217] {scheduler_job.py:633} INFO - Processing file /home/airflow/.local/lib/python3.8/site-packages/airflow/example_dags/tutorial_taskflow_api_etl.py for tasks to queue
[2021-12-21 00:04:06,220] {logging_mixin.py:104} INFO - [2021-12-21 00:04:06,220] {dagbag.py:496} INFO - Filling up the DagBag from /home/airflow/.local/lib/python3.8/site-packages/airflow/example_dags/tutorial_taskflow_api_etl.py
[2021-12-21 00:04:06,255] {scheduler_job.py:643} INFO - DAG(s) dict_keys(['tutorial_taskflow_api_etl']) retrieved from /home/airflow/.local/lib/python3.8/site-packages/airflow/example_dags/tutorial_taskflow_api_etl.py
[2021-12-21 00:04:07,090] {logging_mixin.py:104} INFO - [2021-12-21 00:04:07,090] {dag.py:1833} INFO - Sync 1 DAGs
[2021-12-21 00:04:07,111] {logging_mixin.py:104} INFO - [2021-12-21 00:04:07,111] {dag.py:2306} INFO - Setting next_dagrun for tutorial_taskflow_api_etl to None
[2021-12-21 00:04:07,135] {scheduler_job.py:190} INFO - Processing /home/airflow/.local/lib/python3.8/site-packages/airflow/example_dags/tutorial_taskflow_api_etl.py took 0.935 seconds
[2021-12-21 00:04:37,980] {scheduler_job.py:182} INFO - Started process (PID=10176) to work on /home/airflow/.local/lib/python3.8/site-packages/airflow/example_dags/tutorial_taskflow_api_etl.py
[2021-12-21 00:04:37,984] {scheduler_job.py:633} INFO - Processing file /home/airflow/.local/lib/python3.8/site-packages/airflow/example_dags/tutorial_taskflow_api_etl.py for tasks to queue
[2021-12-21 00:04:37,988] {logging_mixin.py:104} INFO - [2021-12-21 00:04:37,987] {dagbag.py:496} INFO - Filling up the DagBag from /home/airflow/.local/lib/python3.8/site-packages/airflow/example_dags/tutorial_taskflow_api_etl.py
[2021-12-21 00:04:38,016] {scheduler_job.py:643} INFO - DAG(s) dict_keys(['tutorial_taskflow_api_etl']) retrieved from /home/airflow/.local/lib/python3.8/site-packages/airflow/example_dags/tutorial_taskflow_api_etl.py
[2021-12-21 00:04:38,508] {logging_mixin.py:104} INFO - [2021-12-21 00:04:38,508] {dag.py:1833} INFO - Sync 1 DAGs
[2021-12-21 00:04:38,528] {logging_mixin.py:104} INFO - [2021-12-21 00:04:38,528] {dag.py:2306} INFO - Setting next_dagrun for tutorial_taskflow_api_etl to None
[2021-12-21 00:04:38,554] {scheduler_job.py:190} INFO - Processing /home/airflow/.local/lib/python3.8/site-packages/airflow/example_dags/tutorial_taskflow_api_etl.py took 0.584 seconds
[2021-12-21 00:05:09,219] {scheduler_job.py:182} INFO - Started process (PID=10208) to work on /home/airflow/.local/lib/python3.8/site-packages/airflow/example_dags/tutorial_taskflow_api_etl.py
[2021-12-21 00:05:09,223] {scheduler_job.py:633} INFO - Processing file /home/airflow/.local/lib/python3.8/site-packages/airflow/example_dags/tutorial_taskflow_api_etl.py for tasks to queue
[2021-12-21 00:05:09,226] {logging_mixin.py:104} INFO - [2021-12-21 00:05:09,225] {dagbag.py:496} INFO - Filling up the DagBag from /home/airflow/.local/lib/python3.8/site-packages/airflow/example_dags/tutorial_taskflow_api_etl.py
[2021-12-21 00:05:09,252] {scheduler_job.py:643} INFO - DAG(s) dict_keys(['tutorial_taskflow_api_etl']) retrieved from /home/airflow/.local/lib/python3.8/site-packages/airflow/example_dags/tutorial_taskflow_api_etl.py
[2021-12-21 00:05:09,800] {logging_mixin.py:104} INFO - [2021-12-21 00:05:09,799] {dag.py:1833} INFO - Sync 1 DAGs
[2021-12-21 00:05:09,821] {logging_mixin.py:104} INFO - [2021-12-21 00:05:09,821] {dag.py:2306} INFO - Setting next_dagrun for tutorial_taskflow_api_etl to None
[2021-12-21 00:05:09,863] {scheduler_job.py:190} INFO - Processing /home/airflow/.local/lib/python3.8/site-packages/airflow/example_dags/tutorial_taskflow_api_etl.py took 0.649 seconds
[2021-12-21 00:05:39,974] {scheduler_job.py:182} INFO - Started process (PID=10239) to work on /home/airflow/.local/lib/python3.8/site-packages/airflow/example_dags/tutorial_taskflow_api_etl.py
[2021-12-21 00:05:39,983] {scheduler_job.py:633} INFO - Processing file /home/airflow/.local/lib/python3.8/site-packages/airflow/example_dags/tutorial_taskflow_api_etl.py for tasks to queue
[2021-12-21 00:05:39,987] {logging_mixin.py:104} INFO - [2021-12-21 00:05:39,986] {dagbag.py:496} INFO - Filling up the DagBag from /home/airflow/.local/lib/python3.8/site-packages/airflow/example_dags/tutorial_taskflow_api_etl.py
[2021-12-21 00:05:40,026] {scheduler_job.py:643} INFO - DAG(s) dict_keys(['tutorial_taskflow_api_etl']) retrieved from /home/airflow/.local/lib/python3.8/site-packages/airflow/example_dags/tutorial_taskflow_api_etl.py
[2021-12-21 00:05:40,623] {logging_mixin.py:104} INFO - [2021-12-21 00:05:40,622] {dag.py:1833} INFO - Sync 1 DAGs
[2021-12-21 00:05:40,644] {logging_mixin.py:104} INFO - [2021-12-21 00:05:40,644] {dag.py:2306} INFO - Setting next_dagrun for tutorial_taskflow_api_etl to None
[2021-12-21 00:05:40,670] {scheduler_job.py:190} INFO - Processing /home/airflow/.local/lib/python3.8/site-packages/airflow/example_dags/tutorial_taskflow_api_etl.py took 0.709 seconds
[2021-12-21 00:06:11,510] {scheduler_job.py:182} INFO - Started process (PID=10271) to work on /home/airflow/.local/lib/python3.8/site-packages/airflow/example_dags/tutorial_taskflow_api_etl.py
[2021-12-21 00:06:11,514] {scheduler_job.py:633} INFO - Processing file /home/airflow/.local/lib/python3.8/site-packages/airflow/example_dags/tutorial_taskflow_api_etl.py for tasks to queue
[2021-12-21 00:06:11,517] {logging_mixin.py:104} INFO - [2021-12-21 00:06:11,517] {dagbag.py:496} INFO - Filling up the DagBag from /home/airflow/.local/lib/python3.8/site-packages/airflow/example_dags/tutorial_taskflow_api_etl.py
[2021-12-21 00:06:11,541] {scheduler_job.py:643} INFO - DAG(s) dict_keys(['tutorial_taskflow_api_etl']) retrieved from /home/airflow/.local/lib/python3.8/site-packages/airflow/example_dags/tutorial_taskflow_api_etl.py
[2021-12-21 00:06:12,056] {logging_mixin.py:104} INFO - [2021-12-21 00:06:12,056] {dag.py:1833} INFO - Sync 1 DAGs
[2021-12-21 00:06:12,074] {logging_mixin.py:104} INFO - [2021-12-21 00:06:12,074] {dag.py:2306} INFO - Setting next_dagrun for tutorial_taskflow_api_etl to None
[2021-12-21 00:06:12,101] {scheduler_job.py:190} INFO - Processing /home/airflow/.local/lib/python3.8/site-packages/airflow/example_dags/tutorial_taskflow_api_etl.py took 0.596 seconds
[2021-12-21 00:06:42,251] {scheduler_job.py:182} INFO - Started process (PID=10302) to work on /home/airflow/.local/lib/python3.8/site-packages/airflow/example_dags/tutorial_taskflow_api_etl.py
[2021-12-21 00:06:42,262] {scheduler_job.py:633} INFO - Processing file /home/airflow/.local/lib/python3.8/site-packages/airflow/example_dags/tutorial_taskflow_api_etl.py for tasks to queue
[2021-12-21 00:06:42,265] {logging_mixin.py:104} INFO - [2021-12-21 00:06:42,265] {dagbag.py:496} INFO - Filling up the DagBag from /home/airflow/.local/lib/python3.8/site-packages/airflow/example_dags/tutorial_taskflow_api_etl.py
[2021-12-21 00:06:42,318] {scheduler_job.py:643} INFO - DAG(s) dict_keys(['tutorial_taskflow_api_etl']) retrieved from /home/airflow/.local/lib/python3.8/site-packages/airflow/example_dags/tutorial_taskflow_api_etl.py
[2021-12-21 00:06:42,879] {logging_mixin.py:104} INFO - [2021-12-21 00:06:42,879] {dag.py:1833} INFO - Sync 1 DAGs
[2021-12-21 00:06:42,911] {logging_mixin.py:104} INFO - [2021-12-21 00:06:42,911] {dag.py:2306} INFO - Setting next_dagrun for tutorial_taskflow_api_etl to None
[2021-12-21 00:06:42,941] {scheduler_job.py:190} INFO - Processing /home/airflow/.local/lib/python3.8/site-packages/airflow/example_dags/tutorial_taskflow_api_etl.py took 0.704 seconds
[2021-12-21 00:07:13,393] {scheduler_job.py:182} INFO - Started process (PID=10333) to work on /home/airflow/.local/lib/python3.8/site-packages/airflow/example_dags/tutorial_taskflow_api_etl.py
[2021-12-21 00:07:13,397] {scheduler_job.py:633} INFO - Processing file /home/airflow/.local/lib/python3.8/site-packages/airflow/example_dags/tutorial_taskflow_api_etl.py for tasks to queue
[2021-12-21 00:07:13,400] {logging_mixin.py:104} INFO - [2021-12-21 00:07:13,400] {dagbag.py:496} INFO - Filling up the DagBag from /home/airflow/.local/lib/python3.8/site-packages/airflow/example_dags/tutorial_taskflow_api_etl.py
[2021-12-21 00:07:13,431] {scheduler_job.py:643} INFO - DAG(s) dict_keys(['tutorial_taskflow_api_etl']) retrieved from /home/airflow/.local/lib/python3.8/site-packages/airflow/example_dags/tutorial_taskflow_api_etl.py
[2021-12-21 00:07:13,802] {logging_mixin.py:104} INFO - [2021-12-21 00:07:13,802] {dag.py:1833} INFO - Sync 1 DAGs
[2021-12-21 00:07:13,816] {logging_mixin.py:104} INFO - [2021-12-21 00:07:13,816] {dag.py:2306} INFO - Setting next_dagrun for tutorial_taskflow_api_etl to None
[2021-12-21 00:07:13,836] {scheduler_job.py:190} INFO - Processing /home/airflow/.local/lib/python3.8/site-packages/airflow/example_dags/tutorial_taskflow_api_etl.py took 0.448 seconds
[2021-12-21 00:07:44,709] {scheduler_job.py:182} INFO - Started process (PID=10364) to work on /home/airflow/.local/lib/python3.8/site-packages/airflow/example_dags/tutorial_taskflow_api_etl.py
[2021-12-21 00:07:44,713] {scheduler_job.py:633} INFO - Processing file /home/airflow/.local/lib/python3.8/site-packages/airflow/example_dags/tutorial_taskflow_api_etl.py for tasks to queue
[2021-12-21 00:07:44,715] {logging_mixin.py:104} INFO - [2021-12-21 00:07:44,715] {dagbag.py:496} INFO - Filling up the DagBag from /home/airflow/.local/lib/python3.8/site-packages/airflow/example_dags/tutorial_taskflow_api_etl.py
[2021-12-21 00:07:44,738] {scheduler_job.py:643} INFO - DAG(s) dict_keys(['tutorial_taskflow_api_etl']) retrieved from /home/airflow/.local/lib/python3.8/site-packages/airflow/example_dags/tutorial_taskflow_api_etl.py
[2021-12-21 00:07:45,114] {logging_mixin.py:104} INFO - [2021-12-21 00:07:45,114] {dag.py:1833} INFO - Sync 1 DAGs
[2021-12-21 00:07:45,128] {logging_mixin.py:104} INFO - [2021-12-21 00:07:45,128] {dag.py:2306} INFO - Setting next_dagrun for tutorial_taskflow_api_etl to None
[2021-12-21 00:07:45,156] {scheduler_job.py:190} INFO - Processing /home/airflow/.local/lib/python3.8/site-packages/airflow/example_dags/tutorial_taskflow_api_etl.py took 0.455 seconds
[2021-12-21 00:08:16,212] {scheduler_job.py:182} INFO - Started process (PID=10395) to work on /home/airflow/.local/lib/python3.8/site-packages/airflow/example_dags/tutorial_taskflow_api_etl.py
[2021-12-21 00:08:16,216] {scheduler_job.py:633} INFO - Processing file /home/airflow/.local/lib/python3.8/site-packages/airflow/example_dags/tutorial_taskflow_api_etl.py for tasks to queue
[2021-12-21 00:08:16,218] {logging_mixin.py:104} INFO - [2021-12-21 00:08:16,218] {dagbag.py:496} INFO - Filling up the DagBag from /home/airflow/.local/lib/python3.8/site-packages/airflow/example_dags/tutorial_taskflow_api_etl.py
[2021-12-21 00:08:16,241] {scheduler_job.py:643} INFO - DAG(s) dict_keys(['tutorial_taskflow_api_etl']) retrieved from /home/airflow/.local/lib/python3.8/site-packages/airflow/example_dags/tutorial_taskflow_api_etl.py
[2021-12-21 00:08:16,282] {logging_mixin.py:104} INFO - [2021-12-21 00:08:16,282] {dag.py:1833} INFO - Sync 1 DAGs
[2021-12-21 00:08:16,298] {logging_mixin.py:104} INFO - [2021-12-21 00:08:16,298] {dag.py:2306} INFO - Setting next_dagrun for tutorial_taskflow_api_etl to None
[2021-12-21 00:08:16,319] {scheduler_job.py:190} INFO - Processing /home/airflow/.local/lib/python3.8/site-packages/airflow/example_dags/tutorial_taskflow_api_etl.py took 0.111 seconds
[2021-12-21 00:08:46,390] {scheduler_job.py:182} INFO - Started process (PID=10426) to work on /home/airflow/.local/lib/python3.8/site-packages/airflow/example_dags/tutorial_taskflow_api_etl.py
[2021-12-21 00:08:46,394] {scheduler_job.py:633} INFO - Processing file /home/airflow/.local/lib/python3.8/site-packages/airflow/example_dags/tutorial_taskflow_api_etl.py for tasks to queue
[2021-12-21 00:08:46,396] {logging_mixin.py:104} INFO - [2021-12-21 00:08:46,396] {dagbag.py:496} INFO - Filling up the DagBag from /home/airflow/.local/lib/python3.8/site-packages/airflow/example_dags/tutorial_taskflow_api_etl.py
[2021-12-21 00:08:46,420] {scheduler_job.py:643} INFO - DAG(s) dict_keys(['tutorial_taskflow_api_etl']) retrieved from /home/airflow/.local/lib/python3.8/site-packages/airflow/example_dags/tutorial_taskflow_api_etl.py
[2021-12-21 00:08:46,836] {logging_mixin.py:104} INFO - [2021-12-21 00:08:46,836] {dag.py:1833} INFO - Sync 1 DAGs
[2021-12-21 00:08:46,856] {logging_mixin.py:104} INFO - [2021-12-21 00:08:46,856] {dag.py:2306} INFO - Setting next_dagrun for tutorial_taskflow_api_etl to None
[2021-12-21 00:08:46,882] {scheduler_job.py:190} INFO - Processing /home/airflow/.local/lib/python3.8/site-packages/airflow/example_dags/tutorial_taskflow_api_etl.py took 0.500 seconds
[2021-12-21 00:09:17,343] {scheduler_job.py:182} INFO - Started process (PID=10457) to work on /home/airflow/.local/lib/python3.8/site-packages/airflow/example_dags/tutorial_taskflow_api_etl.py
[2021-12-21 00:09:17,347] {scheduler_job.py:633} INFO - Processing file /home/airflow/.local/lib/python3.8/site-packages/airflow/example_dags/tutorial_taskflow_api_etl.py for tasks to queue
[2021-12-21 00:09:17,350] {logging_mixin.py:104} INFO - [2021-12-21 00:09:17,350] {dagbag.py:496} INFO - Filling up the DagBag from /home/airflow/.local/lib/python3.8/site-packages/airflow/example_dags/tutorial_taskflow_api_etl.py
[2021-12-21 00:09:17,374] {scheduler_job.py:643} INFO - DAG(s) dict_keys(['tutorial_taskflow_api_etl']) retrieved from /home/airflow/.local/lib/python3.8/site-packages/airflow/example_dags/tutorial_taskflow_api_etl.py
[2021-12-21 00:09:17,787] {logging_mixin.py:104} INFO - [2021-12-21 00:09:17,786] {dag.py:1833} INFO - Sync 1 DAGs
[2021-12-21 00:09:17,805] {logging_mixin.py:104} INFO - [2021-12-21 00:09:17,805] {dag.py:2306} INFO - Setting next_dagrun for tutorial_taskflow_api_etl to None
[2021-12-21 00:09:17,825] {scheduler_job.py:190} INFO - Processing /home/airflow/.local/lib/python3.8/site-packages/airflow/example_dags/tutorial_taskflow_api_etl.py took 0.487 seconds
[2021-12-21 00:09:48,701] {scheduler_job.py:182} INFO - Started process (PID=10488) to work on /home/airflow/.local/lib/python3.8/site-packages/airflow/example_dags/tutorial_taskflow_api_etl.py
[2021-12-21 00:09:48,708] {scheduler_job.py:633} INFO - Processing file /home/airflow/.local/lib/python3.8/site-packages/airflow/example_dags/tutorial_taskflow_api_etl.py for tasks to queue
[2021-12-21 00:09:48,712] {logging_mixin.py:104} INFO - [2021-12-21 00:09:48,712] {dagbag.py:496} INFO - Filling up the DagBag from /home/airflow/.local/lib/python3.8/site-packages/airflow/example_dags/tutorial_taskflow_api_etl.py
[2021-12-21 00:09:48,751] {scheduler_job.py:643} INFO - DAG(s) dict_keys(['tutorial_taskflow_api_etl']) retrieved from /home/airflow/.local/lib/python3.8/site-packages/airflow/example_dags/tutorial_taskflow_api_etl.py
[2021-12-21 00:09:49,746] {logging_mixin.py:104} INFO - [2021-12-21 00:09:49,746] {dag.py:1833} INFO - Sync 1 DAGs
[2021-12-21 00:09:49,789] {logging_mixin.py:104} INFO - [2021-12-21 00:09:49,789] {dag.py:2306} INFO - Setting next_dagrun for tutorial_taskflow_api_etl to None
[2021-12-21 00:09:49,827] {scheduler_job.py:190} INFO - Processing /home/airflow/.local/lib/python3.8/site-packages/airflow/example_dags/tutorial_taskflow_api_etl.py took 1.135 seconds
[2021-12-21 00:10:20,159] {scheduler_job.py:182} INFO - Started process (PID=10519) to work on /home/airflow/.local/lib/python3.8/site-packages/airflow/example_dags/tutorial_taskflow_api_etl.py
[2021-12-21 00:10:20,163] {scheduler_job.py:633} INFO - Processing file /home/airflow/.local/lib/python3.8/site-packages/airflow/example_dags/tutorial_taskflow_api_etl.py for tasks to queue
[2021-12-21 00:10:20,168] {logging_mixin.py:104} INFO - [2021-12-21 00:10:20,168] {dagbag.py:496} INFO - Filling up the DagBag from /home/airflow/.local/lib/python3.8/site-packages/airflow/example_dags/tutorial_taskflow_api_etl.py
[2021-12-21 00:10:20,193] {scheduler_job.py:643} INFO - DAG(s) dict_keys(['tutorial_taskflow_api_etl']) retrieved from /home/airflow/.local/lib/python3.8/site-packages/airflow/example_dags/tutorial_taskflow_api_etl.py
[2021-12-21 00:10:20,627] {logging_mixin.py:104} INFO - [2021-12-21 00:10:20,626] {dag.py:1833} INFO - Sync 1 DAGs
[2021-12-21 00:10:20,641] {logging_mixin.py:104} INFO - [2021-12-21 00:10:20,641] {dag.py:2306} INFO - Setting next_dagrun for tutorial_taskflow_api_etl to None
[2021-12-21 00:10:20,677] {scheduler_job.py:190} INFO - Processing /home/airflow/.local/lib/python3.8/site-packages/airflow/example_dags/tutorial_taskflow_api_etl.py took 0.525 seconds
[2021-12-21 00:10:51,522] {scheduler_job.py:182} INFO - Started process (PID=10550) to work on /home/airflow/.local/lib/python3.8/site-packages/airflow/example_dags/tutorial_taskflow_api_etl.py
[2021-12-21 00:10:51,525] {scheduler_job.py:633} INFO - Processing file /home/airflow/.local/lib/python3.8/site-packages/airflow/example_dags/tutorial_taskflow_api_etl.py for tasks to queue
[2021-12-21 00:10:51,527] {logging_mixin.py:104} INFO - [2021-12-21 00:10:51,527] {dagbag.py:496} INFO - Filling up the DagBag from /home/airflow/.local/lib/python3.8/site-packages/airflow/example_dags/tutorial_taskflow_api_etl.py
[2021-12-21 00:10:51,551] {scheduler_job.py:643} INFO - DAG(s) dict_keys(['tutorial_taskflow_api_etl']) retrieved from /home/airflow/.local/lib/python3.8/site-packages/airflow/example_dags/tutorial_taskflow_api_etl.py
[2021-12-21 00:10:51,960] {logging_mixin.py:104} INFO - [2021-12-21 00:10:51,960] {dag.py:1833} INFO - Sync 1 DAGs
[2021-12-21 00:10:51,972] {logging_mixin.py:104} INFO - [2021-12-21 00:10:51,972] {dag.py:2306} INFO - Setting next_dagrun for tutorial_taskflow_api_etl to None
[2021-12-21 00:10:51,992] {scheduler_job.py:190} INFO - Processing /home/airflow/.local/lib/python3.8/site-packages/airflow/example_dags/tutorial_taskflow_api_etl.py took 0.479 seconds
[2021-12-21 00:11:22,788] {scheduler_job.py:182} INFO - Started process (PID=10581) to work on /home/airflow/.local/lib/python3.8/site-packages/airflow/example_dags/tutorial_taskflow_api_etl.py
[2021-12-21 00:11:22,792] {scheduler_job.py:633} INFO - Processing file /home/airflow/.local/lib/python3.8/site-packages/airflow/example_dags/tutorial_taskflow_api_etl.py for tasks to queue
[2021-12-21 00:11:22,800] {logging_mixin.py:104} INFO - [2021-12-21 00:11:22,800] {dagbag.py:496} INFO - Filling up the DagBag from /home/airflow/.local/lib/python3.8/site-packages/airflow/example_dags/tutorial_taskflow_api_etl.py
[2021-12-21 00:11:22,838] {scheduler_job.py:643} INFO - DAG(s) dict_keys(['tutorial_taskflow_api_etl']) retrieved from /home/airflow/.local/lib/python3.8/site-packages/airflow/example_dags/tutorial_taskflow_api_etl.py
[2021-12-21 00:11:22,886] {logging_mixin.py:104} INFO - [2021-12-21 00:11:22,886] {dag.py:1833} INFO - Sync 1 DAGs
[2021-12-21 00:11:22,907] {logging_mixin.py:104} INFO - [2021-12-21 00:11:22,907] {dag.py:2306} INFO - Setting next_dagrun for tutorial_taskflow_api_etl to None
[2021-12-21 00:11:22,929] {scheduler_job.py:190} INFO - Processing /home/airflow/.local/lib/python3.8/site-packages/airflow/example_dags/tutorial_taskflow_api_etl.py took 0.149 seconds
[2021-12-21 00:11:53,139] {scheduler_job.py:182} INFO - Started process (PID=10612) to work on /home/airflow/.local/lib/python3.8/site-packages/airflow/example_dags/tutorial_taskflow_api_etl.py
[2021-12-21 00:11:53,143] {scheduler_job.py:633} INFO - Processing file /home/airflow/.local/lib/python3.8/site-packages/airflow/example_dags/tutorial_taskflow_api_etl.py for tasks to queue
[2021-12-21 00:11:53,146] {logging_mixin.py:104} INFO - [2021-12-21 00:11:53,146] {dagbag.py:496} INFO - Filling up the DagBag from /home/airflow/.local/lib/python3.8/site-packages/airflow/example_dags/tutorial_taskflow_api_etl.py
[2021-12-21 00:11:53,188] {scheduler_job.py:643} INFO - DAG(s) dict_keys(['tutorial_taskflow_api_etl']) retrieved from /home/airflow/.local/lib/python3.8/site-packages/airflow/example_dags/tutorial_taskflow_api_etl.py
[2021-12-21 00:11:53,610] {logging_mixin.py:104} INFO - [2021-12-21 00:11:53,610] {dag.py:1833} INFO - Sync 1 DAGs
[2021-12-21 00:11:53,629] {logging_mixin.py:104} INFO - [2021-12-21 00:11:53,629] {dag.py:2306} INFO - Setting next_dagrun for tutorial_taskflow_api_etl to None
[2021-12-21 00:11:53,652] {scheduler_job.py:190} INFO - Processing /home/airflow/.local/lib/python3.8/site-packages/airflow/example_dags/tutorial_taskflow_api_etl.py took 0.516 seconds
[2021-12-21 00:12:24,577] {scheduler_job.py:182} INFO - Started process (PID=10644) to work on /home/airflow/.local/lib/python3.8/site-packages/airflow/example_dags/tutorial_taskflow_api_etl.py
[2021-12-21 00:12:24,580] {scheduler_job.py:633} INFO - Processing file /home/airflow/.local/lib/python3.8/site-packages/airflow/example_dags/tutorial_taskflow_api_etl.py for tasks to queue
[2021-12-21 00:12:24,582] {logging_mixin.py:104} INFO - [2021-12-21 00:12:24,582] {dagbag.py:496} INFO - Filling up the DagBag from /home/airflow/.local/lib/python3.8/site-packages/airflow/example_dags/tutorial_taskflow_api_etl.py
[2021-12-21 00:12:24,608] {scheduler_job.py:643} INFO - DAG(s) dict_keys(['tutorial_taskflow_api_etl']) retrieved from /home/airflow/.local/lib/python3.8/site-packages/airflow/example_dags/tutorial_taskflow_api_etl.py
[2021-12-21 00:12:25,039] {logging_mixin.py:104} INFO - [2021-12-21 00:12:25,039] {dag.py:1833} INFO - Sync 1 DAGs
[2021-12-21 00:12:25,054] {logging_mixin.py:104} INFO - [2021-12-21 00:12:25,054] {dag.py:2306} INFO - Setting next_dagrun for tutorial_taskflow_api_etl to None
[2021-12-21 00:12:25,079] {scheduler_job.py:190} INFO - Processing /home/airflow/.local/lib/python3.8/site-packages/airflow/example_dags/tutorial_taskflow_api_etl.py took 0.506 seconds
[2021-12-21 00:12:55,172] {scheduler_job.py:182} INFO - Started process (PID=10675) to work on /home/airflow/.local/lib/python3.8/site-packages/airflow/example_dags/tutorial_taskflow_api_etl.py
[2021-12-21 00:12:55,176] {scheduler_job.py:633} INFO - Processing file /home/airflow/.local/lib/python3.8/site-packages/airflow/example_dags/tutorial_taskflow_api_etl.py for tasks to queue
[2021-12-21 00:12:55,178] {logging_mixin.py:104} INFO - [2021-12-21 00:12:55,178] {dagbag.py:496} INFO - Filling up the DagBag from /home/airflow/.local/lib/python3.8/site-packages/airflow/example_dags/tutorial_taskflow_api_etl.py
[2021-12-21 00:12:55,209] {scheduler_job.py:643} INFO - DAG(s) dict_keys(['tutorial_taskflow_api_etl']) retrieved from /home/airflow/.local/lib/python3.8/site-packages/airflow/example_dags/tutorial_taskflow_api_etl.py
[2021-12-21 00:12:55,629] {logging_mixin.py:104} INFO - [2021-12-21 00:12:55,629] {dag.py:1833} INFO - Sync 1 DAGs
[2021-12-21 00:12:55,648] {logging_mixin.py:104} INFO - [2021-12-21 00:12:55,648] {dag.py:2306} INFO - Setting next_dagrun for tutorial_taskflow_api_etl to None
[2021-12-21 00:12:55,675] {scheduler_job.py:190} INFO - Processing /home/airflow/.local/lib/python3.8/site-packages/airflow/example_dags/tutorial_taskflow_api_etl.py took 0.508 seconds
[2021-12-21 00:13:26,556] {scheduler_job.py:182} INFO - Started process (PID=10706) to work on /home/airflow/.local/lib/python3.8/site-packages/airflow/example_dags/tutorial_taskflow_api_etl.py
[2021-12-21 00:13:26,561] {scheduler_job.py:633} INFO - Processing file /home/airflow/.local/lib/python3.8/site-packages/airflow/example_dags/tutorial_taskflow_api_etl.py for tasks to queue
[2021-12-21 00:13:26,566] {logging_mixin.py:104} INFO - [2021-12-21 00:13:26,565] {dagbag.py:496} INFO - Filling up the DagBag from /home/airflow/.local/lib/python3.8/site-packages/airflow/example_dags/tutorial_taskflow_api_etl.py
[2021-12-21 00:13:26,589] {scheduler_job.py:643} INFO - DAG(s) dict_keys(['tutorial_taskflow_api_etl']) retrieved from /home/airflow/.local/lib/python3.8/site-packages/airflow/example_dags/tutorial_taskflow_api_etl.py
[2021-12-21 00:13:26,938] {logging_mixin.py:104} INFO - [2021-12-21 00:13:26,938] {dag.py:1833} INFO - Sync 1 DAGs
[2021-12-21 00:13:26,951] {logging_mixin.py:104} INFO - [2021-12-21 00:13:26,950] {dag.py:2306} INFO - Setting next_dagrun for tutorial_taskflow_api_etl to None
[2021-12-21 00:13:26,970] {scheduler_job.py:190} INFO - Processing /home/airflow/.local/lib/python3.8/site-packages/airflow/example_dags/tutorial_taskflow_api_etl.py took 0.457 seconds
[2021-12-21 00:13:57,101] {scheduler_job.py:182} INFO - Started process (PID=10737) to work on /home/airflow/.local/lib/python3.8/site-packages/airflow/example_dags/tutorial_taskflow_api_etl.py
[2021-12-21 00:13:57,105] {scheduler_job.py:633} INFO - Processing file /home/airflow/.local/lib/python3.8/site-packages/airflow/example_dags/tutorial_taskflow_api_etl.py for tasks to queue
[2021-12-21 00:13:57,108] {logging_mixin.py:104} INFO - [2021-12-21 00:13:57,107] {dagbag.py:496} INFO - Filling up the DagBag from /home/airflow/.local/lib/python3.8/site-packages/airflow/example_dags/tutorial_taskflow_api_etl.py
[2021-12-21 00:13:57,136] {scheduler_job.py:643} INFO - DAG(s) dict_keys(['tutorial_taskflow_api_etl']) retrieved from /home/airflow/.local/lib/python3.8/site-packages/airflow/example_dags/tutorial_taskflow_api_etl.py
[2021-12-21 00:13:57,532] {logging_mixin.py:104} INFO - [2021-12-21 00:13:57,532] {dag.py:1833} INFO - Sync 1 DAGs
[2021-12-21 00:13:57,552] {logging_mixin.py:104} INFO - [2021-12-21 00:13:57,551] {dag.py:2306} INFO - Setting next_dagrun for tutorial_taskflow_api_etl to None
[2021-12-21 00:13:57,580] {scheduler_job.py:190} INFO - Processing /home/airflow/.local/lib/python3.8/site-packages/airflow/example_dags/tutorial_taskflow_api_etl.py took 0.483 seconds
[2021-12-21 00:14:28,390] {scheduler_job.py:182} INFO - Started process (PID=10768) to work on /home/airflow/.local/lib/python3.8/site-packages/airflow/example_dags/tutorial_taskflow_api_etl.py
[2021-12-21 00:14:28,394] {scheduler_job.py:633} INFO - Processing file /home/airflow/.local/lib/python3.8/site-packages/airflow/example_dags/tutorial_taskflow_api_etl.py for tasks to queue
[2021-12-21 00:14:28,396] {logging_mixin.py:104} INFO - [2021-12-21 00:14:28,396] {dagbag.py:496} INFO - Filling up the DagBag from /home/airflow/.local/lib/python3.8/site-packages/airflow/example_dags/tutorial_taskflow_api_etl.py
[2021-12-21 00:14:28,431] {scheduler_job.py:643} INFO - DAG(s) dict_keys(['tutorial_taskflow_api_etl']) retrieved from /home/airflow/.local/lib/python3.8/site-packages/airflow/example_dags/tutorial_taskflow_api_etl.py
[2021-12-21 00:14:28,814] {logging_mixin.py:104} INFO - [2021-12-21 00:14:28,813] {dag.py:1833} INFO - Sync 1 DAGs
[2021-12-21 00:14:28,833] {logging_mixin.py:104} INFO - [2021-12-21 00:14:28,832] {dag.py:2306} INFO - Setting next_dagrun for tutorial_taskflow_api_etl to None
[2021-12-21 00:14:28,859] {scheduler_job.py:190} INFO - Processing /home/airflow/.local/lib/python3.8/site-packages/airflow/example_dags/tutorial_taskflow_api_etl.py took 0.473 seconds
[2021-12-21 00:14:59,028] {scheduler_job.py:182} INFO - Started process (PID=10799) to work on /home/airflow/.local/lib/python3.8/site-packages/airflow/example_dags/tutorial_taskflow_api_etl.py
[2021-12-21 00:14:59,032] {scheduler_job.py:633} INFO - Processing file /home/airflow/.local/lib/python3.8/site-packages/airflow/example_dags/tutorial_taskflow_api_etl.py for tasks to queue
[2021-12-21 00:14:59,035] {logging_mixin.py:104} INFO - [2021-12-21 00:14:59,034] {dagbag.py:496} INFO - Filling up the DagBag from /home/airflow/.local/lib/python3.8/site-packages/airflow/example_dags/tutorial_taskflow_api_etl.py
[2021-12-21 00:14:59,059] {scheduler_job.py:643} INFO - DAG(s) dict_keys(['tutorial_taskflow_api_etl']) retrieved from /home/airflow/.local/lib/python3.8/site-packages/airflow/example_dags/tutorial_taskflow_api_etl.py
[2021-12-21 00:14:59,109] {logging_mixin.py:104} INFO - [2021-12-21 00:14:59,109] {dag.py:1833} INFO - Sync 1 DAGs
[2021-12-21 00:14:59,127] {logging_mixin.py:104} INFO - [2021-12-21 00:14:59,127] {dag.py:2306} INFO - Setting next_dagrun for tutorial_taskflow_api_etl to None
[2021-12-21 00:14:59,150] {scheduler_job.py:190} INFO - Processing /home/airflow/.local/lib/python3.8/site-packages/airflow/example_dags/tutorial_taskflow_api_etl.py took 0.127 seconds
[2021-12-21 00:15:29,751] {scheduler_job.py:182} INFO - Started process (PID=10830) to work on /home/airflow/.local/lib/python3.8/site-packages/airflow/example_dags/tutorial_taskflow_api_etl.py
[2021-12-21 00:15:29,758] {scheduler_job.py:633} INFO - Processing file /home/airflow/.local/lib/python3.8/site-packages/airflow/example_dags/tutorial_taskflow_api_etl.py for tasks to queue
[2021-12-21 00:15:29,760] {logging_mixin.py:104} INFO - [2021-12-21 00:15:29,760] {dagbag.py:496} INFO - Filling up the DagBag from /home/airflow/.local/lib/python3.8/site-packages/airflow/example_dags/tutorial_taskflow_api_etl.py
[2021-12-21 00:15:29,782] {scheduler_job.py:643} INFO - DAG(s) dict_keys(['tutorial_taskflow_api_etl']) retrieved from /home/airflow/.local/lib/python3.8/site-packages/airflow/example_dags/tutorial_taskflow_api_etl.py
[2021-12-21 00:15:30,160] {logging_mixin.py:104} INFO - [2021-12-21 00:15:30,160] {dag.py:1833} INFO - Sync 1 DAGs
[2021-12-21 00:15:30,173] {logging_mixin.py:104} INFO - [2021-12-21 00:15:30,173] {dag.py:2306} INFO - Setting next_dagrun for tutorial_taskflow_api_etl to None
[2021-12-21 00:15:30,193] {scheduler_job.py:190} INFO - Processing /home/airflow/.local/lib/python3.8/site-packages/airflow/example_dags/tutorial_taskflow_api_etl.py took 0.448 seconds
[2021-12-21 00:16:01,006] {scheduler_job.py:182} INFO - Started process (PID=10861) to work on /home/airflow/.local/lib/python3.8/site-packages/airflow/example_dags/tutorial_taskflow_api_etl.py
[2021-12-21 00:16:01,011] {scheduler_job.py:633} INFO - Processing file /home/airflow/.local/lib/python3.8/site-packages/airflow/example_dags/tutorial_taskflow_api_etl.py for tasks to queue
[2021-12-21 00:16:01,015] {logging_mixin.py:104} INFO - [2021-12-21 00:16:01,014] {dagbag.py:496} INFO - Filling up the DagBag from /home/airflow/.local/lib/python3.8/site-packages/airflow/example_dags/tutorial_taskflow_api_etl.py
[2021-12-21 00:16:01,044] {scheduler_job.py:643} INFO - DAG(s) dict_keys(['tutorial_taskflow_api_etl']) retrieved from /home/airflow/.local/lib/python3.8/site-packages/airflow/example_dags/tutorial_taskflow_api_etl.py
[2021-12-21 00:16:01,434] {logging_mixin.py:104} INFO - [2021-12-21 00:16:01,434] {dag.py:1833} INFO - Sync 1 DAGs
[2021-12-21 00:16:01,448] {logging_mixin.py:104} INFO - [2021-12-21 00:16:01,448] {dag.py:2306} INFO - Setting next_dagrun for tutorial_taskflow_api_etl to None
[2021-12-21 00:16:01,477] {scheduler_job.py:190} INFO - Processing /home/airflow/.local/lib/python3.8/site-packages/airflow/example_dags/tutorial_taskflow_api_etl.py took 0.477 seconds
[2021-12-21 00:16:31,789] {scheduler_job.py:182} INFO - Started process (PID=10892) to work on /home/airflow/.local/lib/python3.8/site-packages/airflow/example_dags/tutorial_taskflow_api_etl.py
[2021-12-21 00:16:31,794] {scheduler_job.py:633} INFO - Processing file /home/airflow/.local/lib/python3.8/site-packages/airflow/example_dags/tutorial_taskflow_api_etl.py for tasks to queue
[2021-12-21 00:16:31,797] {logging_mixin.py:104} INFO - [2021-12-21 00:16:31,797] {dagbag.py:496} INFO - Filling up the DagBag from /home/airflow/.local/lib/python3.8/site-packages/airflow/example_dags/tutorial_taskflow_api_etl.py
[2021-12-21 00:16:31,822] {scheduler_job.py:643} INFO - DAG(s) dict_keys(['tutorial_taskflow_api_etl']) retrieved from /home/airflow/.local/lib/python3.8/site-packages/airflow/example_dags/tutorial_taskflow_api_etl.py
[2021-12-21 00:16:31,873] {logging_mixin.py:104} INFO - [2021-12-21 00:16:31,873] {dag.py:1833} INFO - Sync 1 DAGs
[2021-12-21 00:16:31,902] {logging_mixin.py:104} INFO - [2021-12-21 00:16:31,902] {dag.py:2306} INFO - Setting next_dagrun for tutorial_taskflow_api_etl to None
[2021-12-21 00:16:31,922] {scheduler_job.py:190} INFO - Processing /home/airflow/.local/lib/python3.8/site-packages/airflow/example_dags/tutorial_taskflow_api_etl.py took 0.143 seconds
[2021-12-21 00:17:02,755] {scheduler_job.py:182} INFO - Started process (PID=10923) to work on /home/airflow/.local/lib/python3.8/site-packages/airflow/example_dags/tutorial_taskflow_api_etl.py
[2021-12-21 00:17:02,766] {scheduler_job.py:633} INFO - Processing file /home/airflow/.local/lib/python3.8/site-packages/airflow/example_dags/tutorial_taskflow_api_etl.py for tasks to queue
[2021-12-21 00:17:02,772] {logging_mixin.py:104} INFO - [2021-12-21 00:17:02,771] {dagbag.py:496} INFO - Filling up the DagBag from /home/airflow/.local/lib/python3.8/site-packages/airflow/example_dags/tutorial_taskflow_api_etl.py
[2021-12-21 00:17:02,823] {scheduler_job.py:643} INFO - DAG(s) dict_keys(['tutorial_taskflow_api_etl']) retrieved from /home/airflow/.local/lib/python3.8/site-packages/airflow/example_dags/tutorial_taskflow_api_etl.py
[2021-12-21 00:17:03,234] {logging_mixin.py:104} INFO - [2021-12-21 00:17:03,234] {dag.py:1833} INFO - Sync 1 DAGs
[2021-12-21 00:17:03,246] {logging_mixin.py:104} INFO - [2021-12-21 00:17:03,246] {dag.py:2306} INFO - Setting next_dagrun for tutorial_taskflow_api_etl to None
[2021-12-21 00:17:03,274] {scheduler_job.py:190} INFO - Processing /home/airflow/.local/lib/python3.8/site-packages/airflow/example_dags/tutorial_taskflow_api_etl.py took 0.530 seconds
[2021-12-21 00:17:33,344] {scheduler_job.py:182} INFO - Started process (PID=10954) to work on /home/airflow/.local/lib/python3.8/site-packages/airflow/example_dags/tutorial_taskflow_api_etl.py
[2021-12-21 00:17:33,348] {scheduler_job.py:633} INFO - Processing file /home/airflow/.local/lib/python3.8/site-packages/airflow/example_dags/tutorial_taskflow_api_etl.py for tasks to queue
[2021-12-21 00:17:33,350] {logging_mixin.py:104} INFO - [2021-12-21 00:17:33,350] {dagbag.py:496} INFO - Filling up the DagBag from /home/airflow/.local/lib/python3.8/site-packages/airflow/example_dags/tutorial_taskflow_api_etl.py
[2021-12-21 00:17:33,372] {scheduler_job.py:643} INFO - DAG(s) dict_keys(['tutorial_taskflow_api_etl']) retrieved from /home/airflow/.local/lib/python3.8/site-packages/airflow/example_dags/tutorial_taskflow_api_etl.py
[2021-12-21 00:17:33,761] {logging_mixin.py:104} INFO - [2021-12-21 00:17:33,761] {dag.py:1833} INFO - Sync 1 DAGs
[2021-12-21 00:17:33,780] {logging_mixin.py:104} INFO - [2021-12-21 00:17:33,780] {dag.py:2306} INFO - Setting next_dagrun for tutorial_taskflow_api_etl to None
[2021-12-21 00:17:33,806] {scheduler_job.py:190} INFO - Processing /home/airflow/.local/lib/python3.8/site-packages/airflow/example_dags/tutorial_taskflow_api_etl.py took 0.468 seconds
[2021-12-21 00:18:04,042] {scheduler_job.py:182} INFO - Started process (PID=10985) to work on /home/airflow/.local/lib/python3.8/site-packages/airflow/example_dags/tutorial_taskflow_api_etl.py
[2021-12-21 00:18:04,046] {scheduler_job.py:633} INFO - Processing file /home/airflow/.local/lib/python3.8/site-packages/airflow/example_dags/tutorial_taskflow_api_etl.py for tasks to queue
[2021-12-21 00:18:04,051] {logging_mixin.py:104} INFO - [2021-12-21 00:18:04,050] {dagbag.py:496} INFO - Filling up the DagBag from /home/airflow/.local/lib/python3.8/site-packages/airflow/example_dags/tutorial_taskflow_api_etl.py
[2021-12-21 00:18:04,081] {scheduler_job.py:643} INFO - DAG(s) dict_keys(['tutorial_taskflow_api_etl']) retrieved from /home/airflow/.local/lib/python3.8/site-packages/airflow/example_dags/tutorial_taskflow_api_etl.py
[2021-12-21 00:18:04,667] {logging_mixin.py:104} INFO - [2021-12-21 00:18:04,667] {dag.py:1833} INFO - Sync 1 DAGs
[2021-12-21 00:18:04,683] {logging_mixin.py:104} INFO - [2021-12-21 00:18:04,683] {dag.py:2306} INFO - Setting next_dagrun for tutorial_taskflow_api_etl to None
[2021-12-21 00:18:04,724] {scheduler_job.py:190} INFO - Processing /home/airflow/.local/lib/python3.8/site-packages/airflow/example_dags/tutorial_taskflow_api_etl.py took 0.687 seconds
[2021-12-21 00:18:35,510] {scheduler_job.py:182} INFO - Started process (PID=11017) to work on /home/airflow/.local/lib/python3.8/site-packages/airflow/example_dags/tutorial_taskflow_api_etl.py
[2021-12-21 00:18:35,514] {scheduler_job.py:633} INFO - Processing file /home/airflow/.local/lib/python3.8/site-packages/airflow/example_dags/tutorial_taskflow_api_etl.py for tasks to queue
[2021-12-21 00:18:35,517] {logging_mixin.py:104} INFO - [2021-12-21 00:18:35,517] {dagbag.py:496} INFO - Filling up the DagBag from /home/airflow/.local/lib/python3.8/site-packages/airflow/example_dags/tutorial_taskflow_api_etl.py
[2021-12-21 00:18:35,542] {scheduler_job.py:643} INFO - DAG(s) dict_keys(['tutorial_taskflow_api_etl']) retrieved from /home/airflow/.local/lib/python3.8/site-packages/airflow/example_dags/tutorial_taskflow_api_etl.py
[2021-12-21 00:18:35,916] {logging_mixin.py:104} INFO - [2021-12-21 00:18:35,916] {dag.py:1833} INFO - Sync 1 DAGs
[2021-12-21 00:18:35,932] {logging_mixin.py:104} INFO - [2021-12-21 00:18:35,931] {dag.py:2306} INFO - Setting next_dagrun for tutorial_taskflow_api_etl to None
[2021-12-21 00:18:35,958] {scheduler_job.py:190} INFO - Processing /home/airflow/.local/lib/python3.8/site-packages/airflow/example_dags/tutorial_taskflow_api_etl.py took 0.458 seconds
[2021-12-21 00:19:06,144] {scheduler_job.py:182} INFO - Started process (PID=11048) to work on /home/airflow/.local/lib/python3.8/site-packages/airflow/example_dags/tutorial_taskflow_api_etl.py
[2021-12-21 00:19:06,148] {scheduler_job.py:633} INFO - Processing file /home/airflow/.local/lib/python3.8/site-packages/airflow/example_dags/tutorial_taskflow_api_etl.py for tasks to queue
[2021-12-21 00:19:06,154] {logging_mixin.py:104} INFO - [2021-12-21 00:19:06,153] {dagbag.py:496} INFO - Filling up the DagBag from /home/airflow/.local/lib/python3.8/site-packages/airflow/example_dags/tutorial_taskflow_api_etl.py
[2021-12-21 00:19:06,183] {scheduler_job.py:643} INFO - DAG(s) dict_keys(['tutorial_taskflow_api_etl']) retrieved from /home/airflow/.local/lib/python3.8/site-packages/airflow/example_dags/tutorial_taskflow_api_etl.py
[2021-12-21 00:19:06,672] {logging_mixin.py:104} INFO - [2021-12-21 00:19:06,672] {dag.py:1833} INFO - Sync 1 DAGs
[2021-12-21 00:19:06,694] {logging_mixin.py:104} INFO - [2021-12-21 00:19:06,694] {dag.py:2306} INFO - Setting next_dagrun for tutorial_taskflow_api_etl to None
[2021-12-21 00:19:06,725] {scheduler_job.py:190} INFO - Processing /home/airflow/.local/lib/python3.8/site-packages/airflow/example_dags/tutorial_taskflow_api_etl.py took 0.588 seconds
[2021-12-21 00:19:37,605] {scheduler_job.py:182} INFO - Started process (PID=11079) to work on /home/airflow/.local/lib/python3.8/site-packages/airflow/example_dags/tutorial_taskflow_api_etl.py
[2021-12-21 00:19:37,608] {scheduler_job.py:633} INFO - Processing file /home/airflow/.local/lib/python3.8/site-packages/airflow/example_dags/tutorial_taskflow_api_etl.py for tasks to queue
[2021-12-21 00:19:37,610] {logging_mixin.py:104} INFO - [2021-12-21 00:19:37,609] {dagbag.py:496} INFO - Filling up the DagBag from /home/airflow/.local/lib/python3.8/site-packages/airflow/example_dags/tutorial_taskflow_api_etl.py
[2021-12-21 00:19:37,633] {scheduler_job.py:643} INFO - DAG(s) dict_keys(['tutorial_taskflow_api_etl']) retrieved from /home/airflow/.local/lib/python3.8/site-packages/airflow/example_dags/tutorial_taskflow_api_etl.py
[2021-12-21 00:19:38,011] {logging_mixin.py:104} INFO - [2021-12-21 00:19:38,011] {dag.py:1833} INFO - Sync 1 DAGs
[2021-12-21 00:19:38,032] {logging_mixin.py:104} INFO - [2021-12-21 00:19:38,031] {dag.py:2306} INFO - Setting next_dagrun for tutorial_taskflow_api_etl to None
[2021-12-21 00:19:38,055] {scheduler_job.py:190} INFO - Processing /home/airflow/.local/lib/python3.8/site-packages/airflow/example_dags/tutorial_taskflow_api_etl.py took 0.454 seconds
[2021-12-21 00:20:08,351] {scheduler_job.py:182} INFO - Started process (PID=11110) to work on /home/airflow/.local/lib/python3.8/site-packages/airflow/example_dags/tutorial_taskflow_api_etl.py
[2021-12-21 00:20:08,358] {scheduler_job.py:633} INFO - Processing file /home/airflow/.local/lib/python3.8/site-packages/airflow/example_dags/tutorial_taskflow_api_etl.py for tasks to queue
[2021-12-21 00:20:08,365] {logging_mixin.py:104} INFO - [2021-12-21 00:20:08,365] {dagbag.py:496} INFO - Filling up the DagBag from /home/airflow/.local/lib/python3.8/site-packages/airflow/example_dags/tutorial_taskflow_api_etl.py
[2021-12-21 00:20:08,495] {scheduler_job.py:643} INFO - DAG(s) dict_keys(['tutorial_taskflow_api_etl']) retrieved from /home/airflow/.local/lib/python3.8/site-packages/airflow/example_dags/tutorial_taskflow_api_etl.py
[2021-12-21 00:20:09,994] {logging_mixin.py:104} INFO - [2021-12-21 00:20:09,994] {dag.py:1833} INFO - Sync 1 DAGs
[2021-12-21 00:20:10,019] {logging_mixin.py:104} INFO - [2021-12-21 00:20:10,019] {dag.py:2306} INFO - Setting next_dagrun for tutorial_taskflow_api_etl to None
[2021-12-21 00:20:10,051] {scheduler_job.py:190} INFO - Processing /home/airflow/.local/lib/python3.8/site-packages/airflow/example_dags/tutorial_taskflow_api_etl.py took 1.713 seconds
[2021-12-21 00:20:40,743] {scheduler_job.py:182} INFO - Started process (PID=11142) to work on /home/airflow/.local/lib/python3.8/site-packages/airflow/example_dags/tutorial_taskflow_api_etl.py
[2021-12-21 00:20:40,749] {scheduler_job.py:633} INFO - Processing file /home/airflow/.local/lib/python3.8/site-packages/airflow/example_dags/tutorial_taskflow_api_etl.py for tasks to queue
[2021-12-21 00:20:40,751] {logging_mixin.py:104} INFO - [2021-12-21 00:20:40,751] {dagbag.py:496} INFO - Filling up the DagBag from /home/airflow/.local/lib/python3.8/site-packages/airflow/example_dags/tutorial_taskflow_api_etl.py
[2021-12-21 00:20:40,783] {scheduler_job.py:643} INFO - DAG(s) dict_keys(['tutorial_taskflow_api_etl']) retrieved from /home/airflow/.local/lib/python3.8/site-packages/airflow/example_dags/tutorial_taskflow_api_etl.py
[2021-12-21 00:20:41,387] {logging_mixin.py:104} INFO - [2021-12-21 00:20:41,387] {dag.py:1833} INFO - Sync 1 DAGs
[2021-12-21 00:20:41,420] {logging_mixin.py:104} INFO - [2021-12-21 00:20:41,420] {dag.py:2306} INFO - Setting next_dagrun for tutorial_taskflow_api_etl to None
[2021-12-21 00:20:41,442] {scheduler_job.py:190} INFO - Processing /home/airflow/.local/lib/python3.8/site-packages/airflow/example_dags/tutorial_taskflow_api_etl.py took 0.706 seconds
[2021-12-21 00:21:12,519] {scheduler_job.py:182} INFO - Started process (PID=11177) to work on /home/airflow/.local/lib/python3.8/site-packages/airflow/example_dags/tutorial_taskflow_api_etl.py
[2021-12-21 00:21:12,526] {scheduler_job.py:633} INFO - Processing file /home/airflow/.local/lib/python3.8/site-packages/airflow/example_dags/tutorial_taskflow_api_etl.py for tasks to queue
[2021-12-21 00:21:12,530] {logging_mixin.py:104} INFO - [2021-12-21 00:21:12,530] {dagbag.py:496} INFO - Filling up the DagBag from /home/airflow/.local/lib/python3.8/site-packages/airflow/example_dags/tutorial_taskflow_api_etl.py
[2021-12-21 00:21:12,565] {scheduler_job.py:643} INFO - DAG(s) dict_keys(['tutorial_taskflow_api_etl']) retrieved from /home/airflow/.local/lib/python3.8/site-packages/airflow/example_dags/tutorial_taskflow_api_etl.py
[2021-12-21 00:21:13,398] {logging_mixin.py:104} INFO - [2021-12-21 00:21:13,398] {dag.py:1833} INFO - Sync 1 DAGs
[2021-12-21 00:21:13,435] {logging_mixin.py:104} INFO - [2021-12-21 00:21:13,435] {dag.py:2306} INFO - Setting next_dagrun for tutorial_taskflow_api_etl to None
[2021-12-21 00:21:13,655] {scheduler_job.py:190} INFO - Processing /home/airflow/.local/lib/python3.8/site-packages/airflow/example_dags/tutorial_taskflow_api_etl.py took 1.143 seconds
[2021-12-21 00:21:44,679] {scheduler_job.py:182} INFO - Started process (PID=11208) to work on /home/airflow/.local/lib/python3.8/site-packages/airflow/example_dags/tutorial_taskflow_api_etl.py
[2021-12-21 00:21:44,684] {scheduler_job.py:633} INFO - Processing file /home/airflow/.local/lib/python3.8/site-packages/airflow/example_dags/tutorial_taskflow_api_etl.py for tasks to queue
[2021-12-21 00:21:44,688] {logging_mixin.py:104} INFO - [2021-12-21 00:21:44,687] {dagbag.py:496} INFO - Filling up the DagBag from /home/airflow/.local/lib/python3.8/site-packages/airflow/example_dags/tutorial_taskflow_api_etl.py
[2021-12-21 00:21:44,718] {scheduler_job.py:643} INFO - DAG(s) dict_keys(['tutorial_taskflow_api_etl']) retrieved from /home/airflow/.local/lib/python3.8/site-packages/airflow/example_dags/tutorial_taskflow_api_etl.py
[2021-12-21 00:21:45,182] {logging_mixin.py:104} INFO - [2021-12-21 00:21:45,182] {dag.py:1833} INFO - Sync 1 DAGs
[2021-12-21 00:21:45,196] {logging_mixin.py:104} INFO - [2021-12-21 00:21:45,195] {dag.py:2306} INFO - Setting next_dagrun for tutorial_taskflow_api_etl to None
[2021-12-21 00:21:45,221] {scheduler_job.py:190} INFO - Processing /home/airflow/.local/lib/python3.8/site-packages/airflow/example_dags/tutorial_taskflow_api_etl.py took 0.548 seconds
[2021-12-21 00:22:15,644] {scheduler_job.py:182} INFO - Started process (PID=11239) to work on /home/airflow/.local/lib/python3.8/site-packages/airflow/example_dags/tutorial_taskflow_api_etl.py
[2021-12-21 00:22:15,648] {scheduler_job.py:633} INFO - Processing file /home/airflow/.local/lib/python3.8/site-packages/airflow/example_dags/tutorial_taskflow_api_etl.py for tasks to queue
[2021-12-21 00:22:15,654] {logging_mixin.py:104} INFO - [2021-12-21 00:22:15,653] {dagbag.py:496} INFO - Filling up the DagBag from /home/airflow/.local/lib/python3.8/site-packages/airflow/example_dags/tutorial_taskflow_api_etl.py
[2021-12-21 00:22:15,704] {scheduler_job.py:643} INFO - DAG(s) dict_keys(['tutorial_taskflow_api_etl']) retrieved from /home/airflow/.local/lib/python3.8/site-packages/airflow/example_dags/tutorial_taskflow_api_etl.py
[2021-12-21 00:22:16,294] {logging_mixin.py:104} INFO - [2021-12-21 00:22:16,294] {dag.py:1833} INFO - Sync 1 DAGs
[2021-12-21 00:22:16,312] {logging_mixin.py:104} INFO - [2021-12-21 00:22:16,312] {dag.py:2306} INFO - Setting next_dagrun for tutorial_taskflow_api_etl to None
[2021-12-21 00:22:16,344] {scheduler_job.py:190} INFO - Processing /home/airflow/.local/lib/python3.8/site-packages/airflow/example_dags/tutorial_taskflow_api_etl.py took 0.705 seconds
[2021-12-21 00:22:47,304] {scheduler_job.py:182} INFO - Started process (PID=11272) to work on /home/airflow/.local/lib/python3.8/site-packages/airflow/example_dags/tutorial_taskflow_api_etl.py
[2021-12-21 00:22:47,309] {scheduler_job.py:633} INFO - Processing file /home/airflow/.local/lib/python3.8/site-packages/airflow/example_dags/tutorial_taskflow_api_etl.py for tasks to queue
[2021-12-21 00:22:47,313] {logging_mixin.py:104} INFO - [2021-12-21 00:22:47,313] {dagbag.py:496} INFO - Filling up the DagBag from /home/airflow/.local/lib/python3.8/site-packages/airflow/example_dags/tutorial_taskflow_api_etl.py
[2021-12-21 00:22:47,371] {scheduler_job.py:643} INFO - DAG(s) dict_keys(['tutorial_taskflow_api_etl']) retrieved from /home/airflow/.local/lib/python3.8/site-packages/airflow/example_dags/tutorial_taskflow_api_etl.py
[2021-12-21 00:22:48,009] {logging_mixin.py:104} INFO - [2021-12-21 00:22:48,009] {dag.py:1833} INFO - Sync 1 DAGs
[2021-12-21 00:22:48,024] {logging_mixin.py:104} INFO - [2021-12-21 00:22:48,024] {dag.py:2306} INFO - Setting next_dagrun for tutorial_taskflow_api_etl to None
[2021-12-21 00:22:48,043] {scheduler_job.py:190} INFO - Processing /home/airflow/.local/lib/python3.8/site-packages/airflow/example_dags/tutorial_taskflow_api_etl.py took 0.748 seconds
[2021-12-21 00:23:18,610] {scheduler_job.py:182} INFO - Started process (PID=11303) to work on /home/airflow/.local/lib/python3.8/site-packages/airflow/example_dags/tutorial_taskflow_api_etl.py
[2021-12-21 00:23:18,612] {scheduler_job.py:633} INFO - Processing file /home/airflow/.local/lib/python3.8/site-packages/airflow/example_dags/tutorial_taskflow_api_etl.py for tasks to queue
[2021-12-21 00:23:18,615] {logging_mixin.py:104} INFO - [2021-12-21 00:23:18,615] {dagbag.py:496} INFO - Filling up the DagBag from /home/airflow/.local/lib/python3.8/site-packages/airflow/example_dags/tutorial_taskflow_api_etl.py
[2021-12-21 00:23:18,664] {scheduler_job.py:643} INFO - DAG(s) dict_keys(['tutorial_taskflow_api_etl']) retrieved from /home/airflow/.local/lib/python3.8/site-packages/airflow/example_dags/tutorial_taskflow_api_etl.py
[2021-12-21 00:23:19,126] {logging_mixin.py:104} INFO - [2021-12-21 00:23:19,126] {dag.py:1833} INFO - Sync 1 DAGs
[2021-12-21 00:23:19,150] {logging_mixin.py:104} INFO - [2021-12-21 00:23:19,150] {dag.py:2306} INFO - Setting next_dagrun for tutorial_taskflow_api_etl to None
[2021-12-21 00:23:19,175] {scheduler_job.py:190} INFO - Processing /home/airflow/.local/lib/python3.8/site-packages/airflow/example_dags/tutorial_taskflow_api_etl.py took 0.572 seconds
[2021-12-21 00:23:49,519] {scheduler_job.py:182} INFO - Started process (PID=11334) to work on /home/airflow/.local/lib/python3.8/site-packages/airflow/example_dags/tutorial_taskflow_api_etl.py
[2021-12-21 00:23:49,527] {scheduler_job.py:633} INFO - Processing file /home/airflow/.local/lib/python3.8/site-packages/airflow/example_dags/tutorial_taskflow_api_etl.py for tasks to queue
[2021-12-21 00:23:49,533] {logging_mixin.py:104} INFO - [2021-12-21 00:23:49,532] {dagbag.py:496} INFO - Filling up the DagBag from /home/airflow/.local/lib/python3.8/site-packages/airflow/example_dags/tutorial_taskflow_api_etl.py
[2021-12-21 00:23:49,578] {scheduler_job.py:643} INFO - DAG(s) dict_keys(['tutorial_taskflow_api_etl']) retrieved from /home/airflow/.local/lib/python3.8/site-packages/airflow/example_dags/tutorial_taskflow_api_etl.py
[2021-12-21 00:23:50,017] {logging_mixin.py:104} INFO - [2021-12-21 00:23:50,017] {dag.py:1833} INFO - Sync 1 DAGs
[2021-12-21 00:23:50,039] {logging_mixin.py:104} INFO - [2021-12-21 00:23:50,038] {dag.py:2306} INFO - Setting next_dagrun for tutorial_taskflow_api_etl to None
[2021-12-21 00:23:50,088] {scheduler_job.py:190} INFO - Processing /home/airflow/.local/lib/python3.8/site-packages/airflow/example_dags/tutorial_taskflow_api_etl.py took 0.586 seconds
[2021-12-21 00:24:20,810] {scheduler_job.py:182} INFO - Started process (PID=11366) to work on /home/airflow/.local/lib/python3.8/site-packages/airflow/example_dags/tutorial_taskflow_api_etl.py
[2021-12-21 00:24:20,813] {scheduler_job.py:633} INFO - Processing file /home/airflow/.local/lib/python3.8/site-packages/airflow/example_dags/tutorial_taskflow_api_etl.py for tasks to queue
[2021-12-21 00:24:20,817] {logging_mixin.py:104} INFO - [2021-12-21 00:24:20,817] {dagbag.py:496} INFO - Filling up the DagBag from /home/airflow/.local/lib/python3.8/site-packages/airflow/example_dags/tutorial_taskflow_api_etl.py
[2021-12-21 00:24:20,865] {scheduler_job.py:643} INFO - DAG(s) dict_keys(['tutorial_taskflow_api_etl']) retrieved from /home/airflow/.local/lib/python3.8/site-packages/airflow/example_dags/tutorial_taskflow_api_etl.py
[2021-12-21 00:24:21,462] {logging_mixin.py:104} INFO - [2021-12-21 00:24:21,462] {dag.py:1833} INFO - Sync 1 DAGs
[2021-12-21 00:24:21,492] {logging_mixin.py:104} INFO - [2021-12-21 00:24:21,492] {dag.py:2306} INFO - Setting next_dagrun for tutorial_taskflow_api_etl to None
[2021-12-21 00:24:21,533] {scheduler_job.py:190} INFO - Processing /home/airflow/.local/lib/python3.8/site-packages/airflow/example_dags/tutorial_taskflow_api_etl.py took 0.732 seconds
[2021-12-21 00:24:51,822] {scheduler_job.py:182} INFO - Started process (PID=11399) to work on /home/airflow/.local/lib/python3.8/site-packages/airflow/example_dags/tutorial_taskflow_api_etl.py
[2021-12-21 00:24:51,836] {scheduler_job.py:633} INFO - Processing file /home/airflow/.local/lib/python3.8/site-packages/airflow/example_dags/tutorial_taskflow_api_etl.py for tasks to queue
[2021-12-21 00:24:51,840] {logging_mixin.py:104} INFO - [2021-12-21 00:24:51,840] {dagbag.py:496} INFO - Filling up the DagBag from /home/airflow/.local/lib/python3.8/site-packages/airflow/example_dags/tutorial_taskflow_api_etl.py
[2021-12-21 00:24:51,881] {scheduler_job.py:643} INFO - DAG(s) dict_keys(['tutorial_taskflow_api_etl']) retrieved from /home/airflow/.local/lib/python3.8/site-packages/airflow/example_dags/tutorial_taskflow_api_etl.py
[2021-12-21 00:24:52,455] {logging_mixin.py:104} INFO - [2021-12-21 00:24:52,455] {dag.py:1833} INFO - Sync 1 DAGs
[2021-12-21 00:24:52,484] {logging_mixin.py:104} INFO - [2021-12-21 00:24:52,484] {dag.py:2306} INFO - Setting next_dagrun for tutorial_taskflow_api_etl to None
[2021-12-21 00:24:52,525] {scheduler_job.py:190} INFO - Processing /home/airflow/.local/lib/python3.8/site-packages/airflow/example_dags/tutorial_taskflow_api_etl.py took 0.710 seconds
[2021-12-21 00:25:22,916] {scheduler_job.py:182} INFO - Started process (PID=11430) to work on /home/airflow/.local/lib/python3.8/site-packages/airflow/example_dags/tutorial_taskflow_api_etl.py
[2021-12-21 00:25:22,925] {scheduler_job.py:633} INFO - Processing file /home/airflow/.local/lib/python3.8/site-packages/airflow/example_dags/tutorial_taskflow_api_etl.py for tasks to queue
[2021-12-21 00:25:22,933] {logging_mixin.py:104} INFO - [2021-12-21 00:25:22,932] {dagbag.py:496} INFO - Filling up the DagBag from /home/airflow/.local/lib/python3.8/site-packages/airflow/example_dags/tutorial_taskflow_api_etl.py
[2021-12-21 00:25:22,973] {scheduler_job.py:643} INFO - DAG(s) dict_keys(['tutorial_taskflow_api_etl']) retrieved from /home/airflow/.local/lib/python3.8/site-packages/airflow/example_dags/tutorial_taskflow_api_etl.py
[2021-12-21 00:25:23,622] {logging_mixin.py:104} INFO - [2021-12-21 00:25:23,621] {dag.py:1833} INFO - Sync 1 DAGs
[2021-12-21 00:25:23,661] {logging_mixin.py:104} INFO - [2021-12-21 00:25:23,661] {dag.py:2306} INFO - Setting next_dagrun for tutorial_taskflow_api_etl to None
[2021-12-21 00:25:23,703] {scheduler_job.py:190} INFO - Processing /home/airflow/.local/lib/python3.8/site-packages/airflow/example_dags/tutorial_taskflow_api_etl.py took 0.804 seconds
[2021-12-21 00:25:54,628] {scheduler_job.py:182} INFO - Started process (PID=11463) to work on /home/airflow/.local/lib/python3.8/site-packages/airflow/example_dags/tutorial_taskflow_api_etl.py
[2021-12-21 00:25:54,634] {scheduler_job.py:633} INFO - Processing file /home/airflow/.local/lib/python3.8/site-packages/airflow/example_dags/tutorial_taskflow_api_etl.py for tasks to queue
[2021-12-21 00:25:54,638] {logging_mixin.py:104} INFO - [2021-12-21 00:25:54,638] {dagbag.py:496} INFO - Filling up the DagBag from /home/airflow/.local/lib/python3.8/site-packages/airflow/example_dags/tutorial_taskflow_api_etl.py
[2021-12-21 00:25:54,673] {scheduler_job.py:643} INFO - DAG(s) dict_keys(['tutorial_taskflow_api_etl']) retrieved from /home/airflow/.local/lib/python3.8/site-packages/airflow/example_dags/tutorial_taskflow_api_etl.py
[2021-12-21 00:25:55,228] {logging_mixin.py:104} INFO - [2021-12-21 00:25:55,228] {dag.py:1833} INFO - Sync 1 DAGs
[2021-12-21 00:25:55,274] {logging_mixin.py:104} INFO - [2021-12-21 00:25:55,273] {dag.py:2306} INFO - Setting next_dagrun for tutorial_taskflow_api_etl to None
[2021-12-21 00:25:55,314] {scheduler_job.py:190} INFO - Processing /home/airflow/.local/lib/python3.8/site-packages/airflow/example_dags/tutorial_taskflow_api_etl.py took 0.701 seconds
[2021-12-21 00:26:25,630] {scheduler_job.py:182} INFO - Started process (PID=11494) to work on /home/airflow/.local/lib/python3.8/site-packages/airflow/example_dags/tutorial_taskflow_api_etl.py
[2021-12-21 00:26:25,634] {scheduler_job.py:633} INFO - Processing file /home/airflow/.local/lib/python3.8/site-packages/airflow/example_dags/tutorial_taskflow_api_etl.py for tasks to queue
[2021-12-21 00:26:25,643] {logging_mixin.py:104} INFO - [2021-12-21 00:26:25,642] {dagbag.py:496} INFO - Filling up the DagBag from /home/airflow/.local/lib/python3.8/site-packages/airflow/example_dags/tutorial_taskflow_api_etl.py
[2021-12-21 00:26:25,676] {scheduler_job.py:643} INFO - DAG(s) dict_keys(['tutorial_taskflow_api_etl']) retrieved from /home/airflow/.local/lib/python3.8/site-packages/airflow/example_dags/tutorial_taskflow_api_etl.py
[2021-12-21 00:26:26,088] {logging_mixin.py:104} INFO - [2021-12-21 00:26:26,088] {dag.py:1833} INFO - Sync 1 DAGs
[2021-12-21 00:26:26,111] {logging_mixin.py:104} INFO - [2021-12-21 00:26:26,111] {dag.py:2306} INFO - Setting next_dagrun for tutorial_taskflow_api_etl to None
[2021-12-21 00:26:26,136] {scheduler_job.py:190} INFO - Processing /home/airflow/.local/lib/python3.8/site-packages/airflow/example_dags/tutorial_taskflow_api_etl.py took 0.544 seconds
[2021-12-21 00:26:57,020] {scheduler_job.py:182} INFO - Started process (PID=11525) to work on /home/airflow/.local/lib/python3.8/site-packages/airflow/example_dags/tutorial_taskflow_api_etl.py
[2021-12-21 00:26:57,027] {scheduler_job.py:633} INFO - Processing file /home/airflow/.local/lib/python3.8/site-packages/airflow/example_dags/tutorial_taskflow_api_etl.py for tasks to queue
[2021-12-21 00:26:57,031] {logging_mixin.py:104} INFO - [2021-12-21 00:26:57,031] {dagbag.py:496} INFO - Filling up the DagBag from /home/airflow/.local/lib/python3.8/site-packages/airflow/example_dags/tutorial_taskflow_api_etl.py
[2021-12-21 00:26:57,075] {scheduler_job.py:643} INFO - DAG(s) dict_keys(['tutorial_taskflow_api_etl']) retrieved from /home/airflow/.local/lib/python3.8/site-packages/airflow/example_dags/tutorial_taskflow_api_etl.py
[2021-12-21 00:26:57,494] {logging_mixin.py:104} INFO - [2021-12-21 00:26:57,494] {dag.py:1833} INFO - Sync 1 DAGs
[2021-12-21 00:26:57,510] {logging_mixin.py:104} INFO - [2021-12-21 00:26:57,509] {dag.py:2306} INFO - Setting next_dagrun for tutorial_taskflow_api_etl to None
[2021-12-21 00:26:57,532] {scheduler_job.py:190} INFO - Processing /home/airflow/.local/lib/python3.8/site-packages/airflow/example_dags/tutorial_taskflow_api_etl.py took 0.525 seconds
[2021-12-21 00:27:27,671] {scheduler_job.py:182} INFO - Started process (PID=11556) to work on /home/airflow/.local/lib/python3.8/site-packages/airflow/example_dags/tutorial_taskflow_api_etl.py
[2021-12-21 00:27:27,677] {scheduler_job.py:633} INFO - Processing file /home/airflow/.local/lib/python3.8/site-packages/airflow/example_dags/tutorial_taskflow_api_etl.py for tasks to queue
[2021-12-21 00:27:27,681] {logging_mixin.py:104} INFO - [2021-12-21 00:27:27,680] {dagbag.py:496} INFO - Filling up the DagBag from /home/airflow/.local/lib/python3.8/site-packages/airflow/example_dags/tutorial_taskflow_api_etl.py
[2021-12-21 00:27:27,718] {scheduler_job.py:643} INFO - DAG(s) dict_keys(['tutorial_taskflow_api_etl']) retrieved from /home/airflow/.local/lib/python3.8/site-packages/airflow/example_dags/tutorial_taskflow_api_etl.py
[2021-12-21 00:27:28,137] {logging_mixin.py:104} INFO - [2021-12-21 00:27:28,136] {dag.py:1833} INFO - Sync 1 DAGs
[2021-12-21 00:27:28,183] {logging_mixin.py:104} INFO - [2021-12-21 00:27:28,182] {dag.py:2306} INFO - Setting next_dagrun for tutorial_taskflow_api_etl to None
[2021-12-21 00:27:28,233] {scheduler_job.py:190} INFO - Processing /home/airflow/.local/lib/python3.8/site-packages/airflow/example_dags/tutorial_taskflow_api_etl.py took 0.572 seconds
[2021-12-21 00:27:58,563] {scheduler_job.py:182} INFO - Started process (PID=11587) to work on /home/airflow/.local/lib/python3.8/site-packages/airflow/example_dags/tutorial_taskflow_api_etl.py
[2021-12-21 00:27:58,582] {scheduler_job.py:633} INFO - Processing file /home/airflow/.local/lib/python3.8/site-packages/airflow/example_dags/tutorial_taskflow_api_etl.py for tasks to queue
[2021-12-21 00:27:58,588] {logging_mixin.py:104} INFO - [2021-12-21 00:27:58,588] {dagbag.py:496} INFO - Filling up the DagBag from /home/airflow/.local/lib/python3.8/site-packages/airflow/example_dags/tutorial_taskflow_api_etl.py
[2021-12-21 00:27:58,663] {scheduler_job.py:643} INFO - DAG(s) dict_keys(['tutorial_taskflow_api_etl']) retrieved from /home/airflow/.local/lib/python3.8/site-packages/airflow/example_dags/tutorial_taskflow_api_etl.py
[2021-12-21 00:27:59,133] {logging_mixin.py:104} INFO - [2021-12-21 00:27:59,133] {dag.py:1833} INFO - Sync 1 DAGs
[2021-12-21 00:27:59,155] {logging_mixin.py:104} INFO - [2021-12-21 00:27:59,155] {dag.py:2306} INFO - Setting next_dagrun for tutorial_taskflow_api_etl to None
[2021-12-21 00:27:59,216] {scheduler_job.py:190} INFO - Processing /home/airflow/.local/lib/python3.8/site-packages/airflow/example_dags/tutorial_taskflow_api_etl.py took 0.671 seconds
[2021-12-21 00:28:30,106] {scheduler_job.py:182} INFO - Started process (PID=11618) to work on /home/airflow/.local/lib/python3.8/site-packages/airflow/example_dags/tutorial_taskflow_api_etl.py
[2021-12-21 00:28:30,186] {scheduler_job.py:633} INFO - Processing file /home/airflow/.local/lib/python3.8/site-packages/airflow/example_dags/tutorial_taskflow_api_etl.py for tasks to queue
[2021-12-21 00:28:30,205] {logging_mixin.py:104} INFO - [2021-12-21 00:28:30,205] {dagbag.py:496} INFO - Filling up the DagBag from /home/airflow/.local/lib/python3.8/site-packages/airflow/example_dags/tutorial_taskflow_api_etl.py
[2021-12-21 00:28:30,355] {scheduler_job.py:643} INFO - DAG(s) dict_keys(['tutorial_taskflow_api_etl']) retrieved from /home/airflow/.local/lib/python3.8/site-packages/airflow/example_dags/tutorial_taskflow_api_etl.py
[2021-12-21 00:28:30,882] {logging_mixin.py:104} INFO - [2021-12-21 00:28:30,882] {dag.py:1833} INFO - Sync 1 DAGs
[2021-12-21 00:28:30,901] {logging_mixin.py:104} INFO - [2021-12-21 00:28:30,901] {dag.py:2306} INFO - Setting next_dagrun for tutorial_taskflow_api_etl to None
[2021-12-21 00:28:30,921] {scheduler_job.py:190} INFO - Processing /home/airflow/.local/lib/python3.8/site-packages/airflow/example_dags/tutorial_taskflow_api_etl.py took 0.823 seconds
[2021-12-21 00:29:01,074] {scheduler_job.py:182} INFO - Started process (PID=11649) to work on /home/airflow/.local/lib/python3.8/site-packages/airflow/example_dags/tutorial_taskflow_api_etl.py
[2021-12-21 00:29:01,088] {scheduler_job.py:633} INFO - Processing file /home/airflow/.local/lib/python3.8/site-packages/airflow/example_dags/tutorial_taskflow_api_etl.py for tasks to queue
[2021-12-21 00:29:01,092] {logging_mixin.py:104} INFO - [2021-12-21 00:29:01,092] {dagbag.py:496} INFO - Filling up the DagBag from /home/airflow/.local/lib/python3.8/site-packages/airflow/example_dags/tutorial_taskflow_api_etl.py
[2021-12-21 00:29:01,165] {scheduler_job.py:643} INFO - DAG(s) dict_keys(['tutorial_taskflow_api_etl']) retrieved from /home/airflow/.local/lib/python3.8/site-packages/airflow/example_dags/tutorial_taskflow_api_etl.py
[2021-12-21 00:29:02,207] {logging_mixin.py:104} INFO - [2021-12-21 00:29:02,206] {dag.py:1833} INFO - Sync 1 DAGs
[2021-12-21 00:29:02,247] {logging_mixin.py:104} INFO - [2021-12-21 00:29:02,246] {dag.py:2306} INFO - Setting next_dagrun for tutorial_taskflow_api_etl to None
[2021-12-21 00:29:02,282] {scheduler_job.py:190} INFO - Processing /home/airflow/.local/lib/python3.8/site-packages/airflow/example_dags/tutorial_taskflow_api_etl.py took 1.225 seconds
[2021-12-21 00:29:33,116] {scheduler_job.py:182} INFO - Started process (PID=11683) to work on /home/airflow/.local/lib/python3.8/site-packages/airflow/example_dags/tutorial_taskflow_api_etl.py
[2021-12-21 00:29:33,133] {scheduler_job.py:633} INFO - Processing file /home/airflow/.local/lib/python3.8/site-packages/airflow/example_dags/tutorial_taskflow_api_etl.py for tasks to queue
[2021-12-21 00:29:33,145] {logging_mixin.py:104} INFO - [2021-12-21 00:29:33,141] {dagbag.py:496} INFO - Filling up the DagBag from /home/airflow/.local/lib/python3.8/site-packages/airflow/example_dags/tutorial_taskflow_api_etl.py
[2021-12-21 00:29:33,242] {scheduler_job.py:643} INFO - DAG(s) dict_keys(['tutorial_taskflow_api_etl']) retrieved from /home/airflow/.local/lib/python3.8/site-packages/airflow/example_dags/tutorial_taskflow_api_etl.py
[2021-12-21 00:29:33,784] {logging_mixin.py:104} INFO - [2021-12-21 00:29:33,784] {dag.py:1833} INFO - Sync 1 DAGs
[2021-12-21 00:29:33,800] {logging_mixin.py:104} INFO - [2021-12-21 00:29:33,800] {dag.py:2306} INFO - Setting next_dagrun for tutorial_taskflow_api_etl to None
[2021-12-21 00:29:33,824] {scheduler_job.py:190} INFO - Processing /home/airflow/.local/lib/python3.8/site-packages/airflow/example_dags/tutorial_taskflow_api_etl.py took 0.734 seconds
[2021-12-21 00:30:04,836] {scheduler_job.py:182} INFO - Started process (PID=11716) to work on /home/airflow/.local/lib/python3.8/site-packages/airflow/example_dags/tutorial_taskflow_api_etl.py
[2021-12-21 00:30:04,841] {scheduler_job.py:633} INFO - Processing file /home/airflow/.local/lib/python3.8/site-packages/airflow/example_dags/tutorial_taskflow_api_etl.py for tasks to queue
[2021-12-21 00:30:04,844] {logging_mixin.py:104} INFO - [2021-12-21 00:30:04,843] {dagbag.py:496} INFO - Filling up the DagBag from /home/airflow/.local/lib/python3.8/site-packages/airflow/example_dags/tutorial_taskflow_api_etl.py
[2021-12-21 00:30:04,871] {scheduler_job.py:643} INFO - DAG(s) dict_keys(['tutorial_taskflow_api_etl']) retrieved from /home/airflow/.local/lib/python3.8/site-packages/airflow/example_dags/tutorial_taskflow_api_etl.py
[2021-12-21 00:30:05,738] {logging_mixin.py:104} INFO - [2021-12-21 00:30:05,738] {dag.py:1833} INFO - Sync 1 DAGs
[2021-12-21 00:30:05,754] {logging_mixin.py:104} INFO - [2021-12-21 00:30:05,754] {dag.py:2306} INFO - Setting next_dagrun for tutorial_taskflow_api_etl to None
[2021-12-21 00:30:05,781] {scheduler_job.py:190} INFO - Processing /home/airflow/.local/lib/python3.8/site-packages/airflow/example_dags/tutorial_taskflow_api_etl.py took 0.950 seconds
[2021-12-21 00:30:36,282] {scheduler_job.py:182} INFO - Started process (PID=11750) to work on /home/airflow/.local/lib/python3.8/site-packages/airflow/example_dags/tutorial_taskflow_api_etl.py
[2021-12-21 00:30:36,288] {scheduler_job.py:633} INFO - Processing file /home/airflow/.local/lib/python3.8/site-packages/airflow/example_dags/tutorial_taskflow_api_etl.py for tasks to queue
[2021-12-21 00:30:36,292] {logging_mixin.py:104} INFO - [2021-12-21 00:30:36,291] {dagbag.py:496} INFO - Filling up the DagBag from /home/airflow/.local/lib/python3.8/site-packages/airflow/example_dags/tutorial_taskflow_api_etl.py
[2021-12-21 00:30:36,320] {scheduler_job.py:643} INFO - DAG(s) dict_keys(['tutorial_taskflow_api_etl']) retrieved from /home/airflow/.local/lib/python3.8/site-packages/airflow/example_dags/tutorial_taskflow_api_etl.py
[2021-12-21 00:30:36,996] {logging_mixin.py:104} INFO - [2021-12-21 00:30:36,996] {dag.py:1833} INFO - Sync 1 DAGs
[2021-12-21 00:30:37,031] {logging_mixin.py:104} INFO - [2021-12-21 00:30:37,031] {dag.py:2306} INFO - Setting next_dagrun for tutorial_taskflow_api_etl to None
[2021-12-21 00:30:37,077] {scheduler_job.py:190} INFO - Processing /home/airflow/.local/lib/python3.8/site-packages/airflow/example_dags/tutorial_taskflow_api_etl.py took 0.807 seconds
[2021-12-21 00:39:21,714] {scheduler_job.py:182} INFO - Started process (PID=11776) to work on /home/airflow/.local/lib/python3.8/site-packages/airflow/example_dags/tutorial_taskflow_api_etl.py
[2021-12-21 00:39:21,730] {scheduler_job.py:633} INFO - Processing file /home/airflow/.local/lib/python3.8/site-packages/airflow/example_dags/tutorial_taskflow_api_etl.py for tasks to queue
[2021-12-21 00:39:21,739] {logging_mixin.py:104} INFO - [2021-12-21 00:39:21,737] {dagbag.py:496} INFO - Filling up the DagBag from /home/airflow/.local/lib/python3.8/site-packages/airflow/example_dags/tutorial_taskflow_api_etl.py
[2021-12-21 00:39:21,830] {scheduler_job.py:643} INFO - DAG(s) dict_keys(['tutorial_taskflow_api_etl']) retrieved from /home/airflow/.local/lib/python3.8/site-packages/airflow/example_dags/tutorial_taskflow_api_etl.py
[2021-12-21 00:39:23,146] {logging_mixin.py:104} INFO - [2021-12-21 00:39:23,146] {dag.py:1833} INFO - Sync 1 DAGs
[2021-12-21 00:39:23,181] {logging_mixin.py:104} INFO - [2021-12-21 00:39:23,181] {dag.py:2306} INFO - Setting next_dagrun for tutorial_taskflow_api_etl to None
[2021-12-21 00:39:23,220] {scheduler_job.py:190} INFO - Processing /home/airflow/.local/lib/python3.8/site-packages/airflow/example_dags/tutorial_taskflow_api_etl.py took 1.530 seconds
[2021-12-21 00:39:53,397] {scheduler_job.py:182} INFO - Started process (PID=11808) to work on /home/airflow/.local/lib/python3.8/site-packages/airflow/example_dags/tutorial_taskflow_api_etl.py
[2021-12-21 00:39:53,404] {scheduler_job.py:633} INFO - Processing file /home/airflow/.local/lib/python3.8/site-packages/airflow/example_dags/tutorial_taskflow_api_etl.py for tasks to queue
[2021-12-21 00:39:53,419] {logging_mixin.py:104} INFO - [2021-12-21 00:39:53,419] {dagbag.py:496} INFO - Filling up the DagBag from /home/airflow/.local/lib/python3.8/site-packages/airflow/example_dags/tutorial_taskflow_api_etl.py
[2021-12-21 00:39:53,471] {scheduler_job.py:643} INFO - DAG(s) dict_keys(['tutorial_taskflow_api_etl']) retrieved from /home/airflow/.local/lib/python3.8/site-packages/airflow/example_dags/tutorial_taskflow_api_etl.py
[2021-12-21 00:39:55,016] {logging_mixin.py:104} INFO - [2021-12-21 00:39:55,016] {dag.py:1833} INFO - Sync 1 DAGs
[2021-12-21 00:39:55,066] {logging_mixin.py:104} INFO - [2021-12-21 00:39:55,066] {dag.py:2306} INFO - Setting next_dagrun for tutorial_taskflow_api_etl to None
[2021-12-21 00:39:55,127] {scheduler_job.py:190} INFO - Processing /home/airflow/.local/lib/python3.8/site-packages/airflow/example_dags/tutorial_taskflow_api_etl.py took 1.741 seconds
[2021-12-21 00:56:34,740] {scheduler_job.py:182} INFO - Started process (PID=11838) to work on /home/airflow/.local/lib/python3.8/site-packages/airflow/example_dags/tutorial_taskflow_api_etl.py
[2021-12-21 00:56:34,750] {scheduler_job.py:633} INFO - Processing file /home/airflow/.local/lib/python3.8/site-packages/airflow/example_dags/tutorial_taskflow_api_etl.py for tasks to queue
[2021-12-21 00:56:34,761] {logging_mixin.py:104} INFO - [2021-12-21 00:56:34,759] {dagbag.py:496} INFO - Filling up the DagBag from /home/airflow/.local/lib/python3.8/site-packages/airflow/example_dags/tutorial_taskflow_api_etl.py
[2021-12-21 00:56:34,865] {scheduler_job.py:643} INFO - DAG(s) dict_keys(['tutorial_taskflow_api_etl']) retrieved from /home/airflow/.local/lib/python3.8/site-packages/airflow/example_dags/tutorial_taskflow_api_etl.py
[2021-12-21 00:56:37,780] {logging_mixin.py:104} INFO - [2021-12-21 00:56:37,779] {dag.py:1833} INFO - Sync 1 DAGs
[2021-12-21 00:56:37,815] {logging_mixin.py:104} INFO - [2021-12-21 00:56:37,815] {dag.py:2306} INFO - Setting next_dagrun for tutorial_taskflow_api_etl to None
[2021-12-21 00:56:37,853] {scheduler_job.py:190} INFO - Processing /home/airflow/.local/lib/python3.8/site-packages/airflow/example_dags/tutorial_taskflow_api_etl.py took 3.139 seconds
