[2021-12-21 00:00:24,651] {scheduler_job.py:182} INFO - Started process (PID=9914) to work on /home/airflow/.local/lib/python3.8/site-packages/airflow/example_dags/tutorial.py
[2021-12-21 00:00:24,666] {scheduler_job.py:633} INFO - Processing file /home/airflow/.local/lib/python3.8/site-packages/airflow/example_dags/tutorial.py for tasks to queue
[2021-12-21 00:00:24,669] {logging_mixin.py:104} INFO - [2021-12-21 00:00:24,668] {dagbag.py:496} INFO - Filling up the DagBag from /home/airflow/.local/lib/python3.8/site-packages/airflow/example_dags/tutorial.py
[2021-12-21 00:00:24,703] {scheduler_job.py:643} INFO - DAG(s) dict_keys(['tutorial']) retrieved from /home/airflow/.local/lib/python3.8/site-packages/airflow/example_dags/tutorial.py
[2021-12-21 00:00:25,348] {logging_mixin.py:104} INFO - [2021-12-21 00:00:25,348] {dag.py:1833} INFO - Sync 1 DAGs
[2021-12-21 00:00:25,373] {logging_mixin.py:104} INFO - [2021-12-21 00:00:25,373] {dag.py:2306} INFO - Setting next_dagrun for tutorial to 2021-12-19 00:00:00+00:00
[2021-12-21 00:00:25,487] {scheduler_job.py:190} INFO - Processing /home/airflow/.local/lib/python3.8/site-packages/airflow/example_dags/tutorial.py took 0.852 seconds
[2021-12-21 00:00:55,673] {scheduler_job.py:182} INFO - Started process (PID=9945) to work on /home/airflow/.local/lib/python3.8/site-packages/airflow/example_dags/tutorial.py
[2021-12-21 00:00:55,683] {scheduler_job.py:633} INFO - Processing file /home/airflow/.local/lib/python3.8/site-packages/airflow/example_dags/tutorial.py for tasks to queue
[2021-12-21 00:00:55,688] {logging_mixin.py:104} INFO - [2021-12-21 00:00:55,687] {dagbag.py:496} INFO - Filling up the DagBag from /home/airflow/.local/lib/python3.8/site-packages/airflow/example_dags/tutorial.py
[2021-12-21 00:00:55,727] {scheduler_job.py:643} INFO - DAG(s) dict_keys(['tutorial']) retrieved from /home/airflow/.local/lib/python3.8/site-packages/airflow/example_dags/tutorial.py
[2021-12-21 00:00:55,806] {logging_mixin.py:104} INFO - [2021-12-21 00:00:55,806] {dag.py:1833} INFO - Sync 1 DAGs
[2021-12-21 00:00:55,854] {logging_mixin.py:104} INFO - [2021-12-21 00:00:55,854] {dag.py:2306} INFO - Setting next_dagrun for tutorial to 2021-12-19 00:00:00+00:00
[2021-12-21 00:00:55,915] {scheduler_job.py:190} INFO - Processing /home/airflow/.local/lib/python3.8/site-packages/airflow/example_dags/tutorial.py took 0.247 seconds
[2021-12-21 00:01:25,988] {scheduler_job.py:182} INFO - Started process (PID=9976) to work on /home/airflow/.local/lib/python3.8/site-packages/airflow/example_dags/tutorial.py
[2021-12-21 00:01:25,992] {scheduler_job.py:633} INFO - Processing file /home/airflow/.local/lib/python3.8/site-packages/airflow/example_dags/tutorial.py for tasks to queue
[2021-12-21 00:01:25,996] {logging_mixin.py:104} INFO - [2021-12-21 00:01:25,996] {dagbag.py:496} INFO - Filling up the DagBag from /home/airflow/.local/lib/python3.8/site-packages/airflow/example_dags/tutorial.py
[2021-12-21 00:01:26,039] {scheduler_job.py:643} INFO - DAG(s) dict_keys(['tutorial']) retrieved from /home/airflow/.local/lib/python3.8/site-packages/airflow/example_dags/tutorial.py
[2021-12-21 00:01:26,130] {logging_mixin.py:104} INFO - [2021-12-21 00:01:26,129] {dag.py:1833} INFO - Sync 1 DAGs
[2021-12-21 00:01:26,153] {logging_mixin.py:104} INFO - [2021-12-21 00:01:26,153] {dag.py:2306} INFO - Setting next_dagrun for tutorial to 2021-12-19 00:00:00+00:00
[2021-12-21 00:01:26,177] {scheduler_job.py:190} INFO - Processing /home/airflow/.local/lib/python3.8/site-packages/airflow/example_dags/tutorial.py took 0.196 seconds
[2021-12-21 00:01:56,907] {scheduler_job.py:182} INFO - Started process (PID=10007) to work on /home/airflow/.local/lib/python3.8/site-packages/airflow/example_dags/tutorial.py
[2021-12-21 00:01:56,915] {scheduler_job.py:633} INFO - Processing file /home/airflow/.local/lib/python3.8/site-packages/airflow/example_dags/tutorial.py for tasks to queue
[2021-12-21 00:01:56,922] {logging_mixin.py:104} INFO - [2021-12-21 00:01:56,922] {dagbag.py:496} INFO - Filling up the DagBag from /home/airflow/.local/lib/python3.8/site-packages/airflow/example_dags/tutorial.py
[2021-12-21 00:01:56,963] {scheduler_job.py:643} INFO - DAG(s) dict_keys(['tutorial']) retrieved from /home/airflow/.local/lib/python3.8/site-packages/airflow/example_dags/tutorial.py
[2021-12-21 00:01:57,119] {logging_mixin.py:104} INFO - [2021-12-21 00:01:57,119] {dag.py:1833} INFO - Sync 1 DAGs
[2021-12-21 00:01:57,190] {logging_mixin.py:104} INFO - [2021-12-21 00:01:57,190] {dag.py:2306} INFO - Setting next_dagrun for tutorial to 2021-12-19 00:00:00+00:00
[2021-12-21 00:01:57,314] {scheduler_job.py:190} INFO - Processing /home/airflow/.local/lib/python3.8/site-packages/airflow/example_dags/tutorial.py took 0.419 seconds
[2021-12-21 00:02:27,616] {scheduler_job.py:182} INFO - Started process (PID=10037) to work on /home/airflow/.local/lib/python3.8/site-packages/airflow/example_dags/tutorial.py
[2021-12-21 00:02:27,625] {scheduler_job.py:633} INFO - Processing file /home/airflow/.local/lib/python3.8/site-packages/airflow/example_dags/tutorial.py for tasks to queue
[2021-12-21 00:02:27,628] {logging_mixin.py:104} INFO - [2021-12-21 00:02:27,628] {dagbag.py:496} INFO - Filling up the DagBag from /home/airflow/.local/lib/python3.8/site-packages/airflow/example_dags/tutorial.py
[2021-12-21 00:02:27,678] {scheduler_job.py:643} INFO - DAG(s) dict_keys(['tutorial']) retrieved from /home/airflow/.local/lib/python3.8/site-packages/airflow/example_dags/tutorial.py
[2021-12-21 00:02:27,749] {logging_mixin.py:104} INFO - [2021-12-21 00:02:27,749] {dag.py:1833} INFO - Sync 1 DAGs
[2021-12-21 00:02:27,778] {logging_mixin.py:104} INFO - [2021-12-21 00:02:27,778] {dag.py:2306} INFO - Setting next_dagrun for tutorial to 2021-12-19 00:00:00+00:00
[2021-12-21 00:02:27,819] {scheduler_job.py:190} INFO - Processing /home/airflow/.local/lib/python3.8/site-packages/airflow/example_dags/tutorial.py took 0.209 seconds
[2021-12-21 00:02:58,168] {scheduler_job.py:182} INFO - Started process (PID=10068) to work on /home/airflow/.local/lib/python3.8/site-packages/airflow/example_dags/tutorial.py
[2021-12-21 00:02:58,178] {scheduler_job.py:633} INFO - Processing file /home/airflow/.local/lib/python3.8/site-packages/airflow/example_dags/tutorial.py for tasks to queue
[2021-12-21 00:02:58,184] {logging_mixin.py:104} INFO - [2021-12-21 00:02:58,183] {dagbag.py:496} INFO - Filling up the DagBag from /home/airflow/.local/lib/python3.8/site-packages/airflow/example_dags/tutorial.py
[2021-12-21 00:02:58,215] {scheduler_job.py:643} INFO - DAG(s) dict_keys(['tutorial']) retrieved from /home/airflow/.local/lib/python3.8/site-packages/airflow/example_dags/tutorial.py
[2021-12-21 00:02:58,286] {logging_mixin.py:104} INFO - [2021-12-21 00:02:58,286] {dag.py:1833} INFO - Sync 1 DAGs
[2021-12-21 00:02:58,311] {logging_mixin.py:104} INFO - [2021-12-21 00:02:58,311] {dag.py:2306} INFO - Setting next_dagrun for tutorial to 2021-12-19 00:00:00+00:00
[2021-12-21 00:02:58,334] {scheduler_job.py:190} INFO - Processing /home/airflow/.local/lib/python3.8/site-packages/airflow/example_dags/tutorial.py took 0.193 seconds
[2021-12-21 00:03:29,010] {scheduler_job.py:182} INFO - Started process (PID=10099) to work on /home/airflow/.local/lib/python3.8/site-packages/airflow/example_dags/tutorial.py
[2021-12-21 00:03:29,012] {scheduler_job.py:633} INFO - Processing file /home/airflow/.local/lib/python3.8/site-packages/airflow/example_dags/tutorial.py for tasks to queue
[2021-12-21 00:03:29,015] {logging_mixin.py:104} INFO - [2021-12-21 00:03:29,015] {dagbag.py:496} INFO - Filling up the DagBag from /home/airflow/.local/lib/python3.8/site-packages/airflow/example_dags/tutorial.py
[2021-12-21 00:03:29,041] {scheduler_job.py:643} INFO - DAG(s) dict_keys(['tutorial']) retrieved from /home/airflow/.local/lib/python3.8/site-packages/airflow/example_dags/tutorial.py
[2021-12-21 00:03:29,095] {logging_mixin.py:104} INFO - [2021-12-21 00:03:29,095] {dag.py:1833} INFO - Sync 1 DAGs
[2021-12-21 00:03:29,112] {logging_mixin.py:104} INFO - [2021-12-21 00:03:29,112] {dag.py:2306} INFO - Setting next_dagrun for tutorial to 2021-12-19 00:00:00+00:00
[2021-12-21 00:03:29,136] {scheduler_job.py:190} INFO - Processing /home/airflow/.local/lib/python3.8/site-packages/airflow/example_dags/tutorial.py took 0.130 seconds
[2021-12-21 00:03:59,686] {scheduler_job.py:182} INFO - Started process (PID=10130) to work on /home/airflow/.local/lib/python3.8/site-packages/airflow/example_dags/tutorial.py
[2021-12-21 00:03:59,689] {scheduler_job.py:633} INFO - Processing file /home/airflow/.local/lib/python3.8/site-packages/airflow/example_dags/tutorial.py for tasks to queue
[2021-12-21 00:03:59,692] {logging_mixin.py:104} INFO - [2021-12-21 00:03:59,692] {dagbag.py:496} INFO - Filling up the DagBag from /home/airflow/.local/lib/python3.8/site-packages/airflow/example_dags/tutorial.py
[2021-12-21 00:03:59,719] {scheduler_job.py:643} INFO - DAG(s) dict_keys(['tutorial']) retrieved from /home/airflow/.local/lib/python3.8/site-packages/airflow/example_dags/tutorial.py
[2021-12-21 00:03:59,793] {logging_mixin.py:104} INFO - [2021-12-21 00:03:59,792] {dag.py:1833} INFO - Sync 1 DAGs
[2021-12-21 00:03:59,838] {logging_mixin.py:104} INFO - [2021-12-21 00:03:59,837] {dag.py:2306} INFO - Setting next_dagrun for tutorial to 2021-12-19 00:00:00+00:00
[2021-12-21 00:03:59,872] {scheduler_job.py:190} INFO - Processing /home/airflow/.local/lib/python3.8/site-packages/airflow/example_dags/tutorial.py took 0.192 seconds
[2021-12-21 00:04:30,077] {scheduler_job.py:182} INFO - Started process (PID=10161) to work on /home/airflow/.local/lib/python3.8/site-packages/airflow/example_dags/tutorial.py
[2021-12-21 00:04:30,080] {scheduler_job.py:633} INFO - Processing file /home/airflow/.local/lib/python3.8/site-packages/airflow/example_dags/tutorial.py for tasks to queue
[2021-12-21 00:04:30,086] {logging_mixin.py:104} INFO - [2021-12-21 00:04:30,085] {dagbag.py:496} INFO - Filling up the DagBag from /home/airflow/.local/lib/python3.8/site-packages/airflow/example_dags/tutorial.py
[2021-12-21 00:04:30,131] {scheduler_job.py:643} INFO - DAG(s) dict_keys(['tutorial']) retrieved from /home/airflow/.local/lib/python3.8/site-packages/airflow/example_dags/tutorial.py
[2021-12-21 00:04:30,196] {logging_mixin.py:104} INFO - [2021-12-21 00:04:30,196] {dag.py:1833} INFO - Sync 1 DAGs
[2021-12-21 00:04:30,224] {logging_mixin.py:104} INFO - [2021-12-21 00:04:30,224] {dag.py:2306} INFO - Setting next_dagrun for tutorial to 2021-12-19 00:00:00+00:00
[2021-12-21 00:04:30,255] {scheduler_job.py:190} INFO - Processing /home/airflow/.local/lib/python3.8/site-packages/airflow/example_dags/tutorial.py took 0.186 seconds
[2021-12-21 00:05:00,411] {scheduler_job.py:182} INFO - Started process (PID=10192) to work on /home/airflow/.local/lib/python3.8/site-packages/airflow/example_dags/tutorial.py
[2021-12-21 00:05:00,415] {scheduler_job.py:633} INFO - Processing file /home/airflow/.local/lib/python3.8/site-packages/airflow/example_dags/tutorial.py for tasks to queue
[2021-12-21 00:05:00,421] {logging_mixin.py:104} INFO - [2021-12-21 00:05:00,420] {dagbag.py:496} INFO - Filling up the DagBag from /home/airflow/.local/lib/python3.8/site-packages/airflow/example_dags/tutorial.py
[2021-12-21 00:05:00,445] {scheduler_job.py:643} INFO - DAG(s) dict_keys(['tutorial']) retrieved from /home/airflow/.local/lib/python3.8/site-packages/airflow/example_dags/tutorial.py
[2021-12-21 00:05:00,503] {logging_mixin.py:104} INFO - [2021-12-21 00:05:00,503] {dag.py:1833} INFO - Sync 1 DAGs
[2021-12-21 00:05:00,527] {logging_mixin.py:104} INFO - [2021-12-21 00:05:00,527] {dag.py:2306} INFO - Setting next_dagrun for tutorial to 2021-12-19 00:00:00+00:00
[2021-12-21 00:05:00,555] {scheduler_job.py:190} INFO - Processing /home/airflow/.local/lib/python3.8/site-packages/airflow/example_dags/tutorial.py took 0.150 seconds
[2021-12-21 00:05:30,708] {scheduler_job.py:182} INFO - Started process (PID=10223) to work on /home/airflow/.local/lib/python3.8/site-packages/airflow/example_dags/tutorial.py
[2021-12-21 00:05:30,715] {scheduler_job.py:633} INFO - Processing file /home/airflow/.local/lib/python3.8/site-packages/airflow/example_dags/tutorial.py for tasks to queue
[2021-12-21 00:05:30,720] {logging_mixin.py:104} INFO - [2021-12-21 00:05:30,720] {dagbag.py:496} INFO - Filling up the DagBag from /home/airflow/.local/lib/python3.8/site-packages/airflow/example_dags/tutorial.py
[2021-12-21 00:05:30,745] {scheduler_job.py:643} INFO - DAG(s) dict_keys(['tutorial']) retrieved from /home/airflow/.local/lib/python3.8/site-packages/airflow/example_dags/tutorial.py
[2021-12-21 00:05:30,816] {logging_mixin.py:104} INFO - [2021-12-21 00:05:30,816] {dag.py:1833} INFO - Sync 1 DAGs
[2021-12-21 00:05:30,834] {logging_mixin.py:104} INFO - [2021-12-21 00:05:30,834] {dag.py:2306} INFO - Setting next_dagrun for tutorial to 2021-12-19 00:00:00+00:00
[2021-12-21 00:05:30,861] {scheduler_job.py:190} INFO - Processing /home/airflow/.local/lib/python3.8/site-packages/airflow/example_dags/tutorial.py took 0.165 seconds
[2021-12-21 00:06:01,390] {scheduler_job.py:182} INFO - Started process (PID=10254) to work on /home/airflow/.local/lib/python3.8/site-packages/airflow/example_dags/tutorial.py
[2021-12-21 00:06:01,396] {scheduler_job.py:633} INFO - Processing file /home/airflow/.local/lib/python3.8/site-packages/airflow/example_dags/tutorial.py for tasks to queue
[2021-12-21 00:06:01,399] {logging_mixin.py:104} INFO - [2021-12-21 00:06:01,399] {dagbag.py:496} INFO - Filling up the DagBag from /home/airflow/.local/lib/python3.8/site-packages/airflow/example_dags/tutorial.py
[2021-12-21 00:06:01,425] {scheduler_job.py:643} INFO - DAG(s) dict_keys(['tutorial']) retrieved from /home/airflow/.local/lib/python3.8/site-packages/airflow/example_dags/tutorial.py
[2021-12-21 00:06:01,499] {logging_mixin.py:104} INFO - [2021-12-21 00:06:01,499] {dag.py:1833} INFO - Sync 1 DAGs
[2021-12-21 00:06:01,525] {logging_mixin.py:104} INFO - [2021-12-21 00:06:01,525] {dag.py:2306} INFO - Setting next_dagrun for tutorial to 2021-12-19 00:00:00+00:00
[2021-12-21 00:06:01,564] {scheduler_job.py:190} INFO - Processing /home/airflow/.local/lib/python3.8/site-packages/airflow/example_dags/tutorial.py took 0.179 seconds
[2021-12-21 00:06:31,729] {scheduler_job.py:182} INFO - Started process (PID=10285) to work on /home/airflow/.local/lib/python3.8/site-packages/airflow/example_dags/tutorial.py
[2021-12-21 00:06:31,735] {scheduler_job.py:633} INFO - Processing file /home/airflow/.local/lib/python3.8/site-packages/airflow/example_dags/tutorial.py for tasks to queue
[2021-12-21 00:06:31,739] {logging_mixin.py:104} INFO - [2021-12-21 00:06:31,738] {dagbag.py:496} INFO - Filling up the DagBag from /home/airflow/.local/lib/python3.8/site-packages/airflow/example_dags/tutorial.py
[2021-12-21 00:06:31,772] {scheduler_job.py:643} INFO - DAG(s) dict_keys(['tutorial']) retrieved from /home/airflow/.local/lib/python3.8/site-packages/airflow/example_dags/tutorial.py
[2021-12-21 00:06:31,834] {logging_mixin.py:104} INFO - [2021-12-21 00:06:31,834] {dag.py:1833} INFO - Sync 1 DAGs
[2021-12-21 00:06:31,858] {logging_mixin.py:104} INFO - [2021-12-21 00:06:31,857] {dag.py:2306} INFO - Setting next_dagrun for tutorial to 2021-12-19 00:00:00+00:00
[2021-12-21 00:06:31,892] {scheduler_job.py:190} INFO - Processing /home/airflow/.local/lib/python3.8/site-packages/airflow/example_dags/tutorial.py took 0.172 seconds
[2021-12-21 00:07:02,481] {scheduler_job.py:182} INFO - Started process (PID=10316) to work on /home/airflow/.local/lib/python3.8/site-packages/airflow/example_dags/tutorial.py
[2021-12-21 00:07:02,488] {scheduler_job.py:633} INFO - Processing file /home/airflow/.local/lib/python3.8/site-packages/airflow/example_dags/tutorial.py for tasks to queue
[2021-12-21 00:07:02,492] {logging_mixin.py:104} INFO - [2021-12-21 00:07:02,492] {dagbag.py:496} INFO - Filling up the DagBag from /home/airflow/.local/lib/python3.8/site-packages/airflow/example_dags/tutorial.py
[2021-12-21 00:07:02,517] {scheduler_job.py:643} INFO - DAG(s) dict_keys(['tutorial']) retrieved from /home/airflow/.local/lib/python3.8/site-packages/airflow/example_dags/tutorial.py
[2021-12-21 00:07:02,576] {logging_mixin.py:104} INFO - [2021-12-21 00:07:02,576] {dag.py:1833} INFO - Sync 1 DAGs
[2021-12-21 00:07:02,599] {logging_mixin.py:104} INFO - [2021-12-21 00:07:02,599] {dag.py:2306} INFO - Setting next_dagrun for tutorial to 2021-12-19 00:00:00+00:00
[2021-12-21 00:07:02,630] {scheduler_job.py:190} INFO - Processing /home/airflow/.local/lib/python3.8/site-packages/airflow/example_dags/tutorial.py took 0.156 seconds
[2021-12-21 00:07:33,289] {scheduler_job.py:182} INFO - Started process (PID=10347) to work on /home/airflow/.local/lib/python3.8/site-packages/airflow/example_dags/tutorial.py
[2021-12-21 00:07:33,296] {scheduler_job.py:633} INFO - Processing file /home/airflow/.local/lib/python3.8/site-packages/airflow/example_dags/tutorial.py for tasks to queue
[2021-12-21 00:07:33,298] {logging_mixin.py:104} INFO - [2021-12-21 00:07:33,298] {dagbag.py:496} INFO - Filling up the DagBag from /home/airflow/.local/lib/python3.8/site-packages/airflow/example_dags/tutorial.py
[2021-12-21 00:07:33,319] {scheduler_job.py:643} INFO - DAG(s) dict_keys(['tutorial']) retrieved from /home/airflow/.local/lib/python3.8/site-packages/airflow/example_dags/tutorial.py
[2021-12-21 00:07:33,385] {logging_mixin.py:104} INFO - [2021-12-21 00:07:33,385] {dag.py:1833} INFO - Sync 1 DAGs
[2021-12-21 00:07:33,409] {logging_mixin.py:104} INFO - [2021-12-21 00:07:33,409] {dag.py:2306} INFO - Setting next_dagrun for tutorial to 2021-12-19 00:00:00+00:00
[2021-12-21 00:07:33,437] {scheduler_job.py:190} INFO - Processing /home/airflow/.local/lib/python3.8/site-packages/airflow/example_dags/tutorial.py took 0.152 seconds
[2021-12-21 00:08:04,292] {scheduler_job.py:182} INFO - Started process (PID=10378) to work on /home/airflow/.local/lib/python3.8/site-packages/airflow/example_dags/tutorial.py
[2021-12-21 00:08:04,301] {scheduler_job.py:633} INFO - Processing file /home/airflow/.local/lib/python3.8/site-packages/airflow/example_dags/tutorial.py for tasks to queue
[2021-12-21 00:08:04,308] {logging_mixin.py:104} INFO - [2021-12-21 00:08:04,308] {dagbag.py:496} INFO - Filling up the DagBag from /home/airflow/.local/lib/python3.8/site-packages/airflow/example_dags/tutorial.py
[2021-12-21 00:08:04,340] {scheduler_job.py:643} INFO - DAG(s) dict_keys(['tutorial']) retrieved from /home/airflow/.local/lib/python3.8/site-packages/airflow/example_dags/tutorial.py
[2021-12-21 00:08:04,405] {logging_mixin.py:104} INFO - [2021-12-21 00:08:04,405] {dag.py:1833} INFO - Sync 1 DAGs
[2021-12-21 00:08:04,430] {logging_mixin.py:104} INFO - [2021-12-21 00:08:04,430] {dag.py:2306} INFO - Setting next_dagrun for tutorial to 2021-12-19 00:00:00+00:00
[2021-12-21 00:08:04,471] {scheduler_job.py:190} INFO - Processing /home/airflow/.local/lib/python3.8/site-packages/airflow/example_dags/tutorial.py took 0.183 seconds
[2021-12-21 00:08:34,730] {scheduler_job.py:182} INFO - Started process (PID=10409) to work on /home/airflow/.local/lib/python3.8/site-packages/airflow/example_dags/tutorial.py
[2021-12-21 00:08:34,737] {scheduler_job.py:633} INFO - Processing file /home/airflow/.local/lib/python3.8/site-packages/airflow/example_dags/tutorial.py for tasks to queue
[2021-12-21 00:08:34,741] {logging_mixin.py:104} INFO - [2021-12-21 00:08:34,741] {dagbag.py:496} INFO - Filling up the DagBag from /home/airflow/.local/lib/python3.8/site-packages/airflow/example_dags/tutorial.py
[2021-12-21 00:08:34,794] {scheduler_job.py:643} INFO - DAG(s) dict_keys(['tutorial']) retrieved from /home/airflow/.local/lib/python3.8/site-packages/airflow/example_dags/tutorial.py
[2021-12-21 00:08:34,862] {logging_mixin.py:104} INFO - [2021-12-21 00:08:34,862] {dag.py:1833} INFO - Sync 1 DAGs
[2021-12-21 00:08:34,897] {logging_mixin.py:104} INFO - [2021-12-21 00:08:34,897] {dag.py:2306} INFO - Setting next_dagrun for tutorial to 2021-12-19 00:00:00+00:00
[2021-12-21 00:08:34,930] {scheduler_job.py:190} INFO - Processing /home/airflow/.local/lib/python3.8/site-packages/airflow/example_dags/tutorial.py took 0.214 seconds
[2021-12-21 00:09:04,991] {scheduler_job.py:182} INFO - Started process (PID=10440) to work on /home/airflow/.local/lib/python3.8/site-packages/airflow/example_dags/tutorial.py
[2021-12-21 00:09:04,999] {scheduler_job.py:633} INFO - Processing file /home/airflow/.local/lib/python3.8/site-packages/airflow/example_dags/tutorial.py for tasks to queue
[2021-12-21 00:09:05,002] {logging_mixin.py:104} INFO - [2021-12-21 00:09:05,001] {dagbag.py:496} INFO - Filling up the DagBag from /home/airflow/.local/lib/python3.8/site-packages/airflow/example_dags/tutorial.py
[2021-12-21 00:09:05,029] {scheduler_job.py:643} INFO - DAG(s) dict_keys(['tutorial']) retrieved from /home/airflow/.local/lib/python3.8/site-packages/airflow/example_dags/tutorial.py
[2021-12-21 00:09:05,115] {logging_mixin.py:104} INFO - [2021-12-21 00:09:05,115] {dag.py:1833} INFO - Sync 1 DAGs
[2021-12-21 00:09:05,153] {logging_mixin.py:104} INFO - [2021-12-21 00:09:05,152] {dag.py:2306} INFO - Setting next_dagrun for tutorial to 2021-12-19 00:00:00+00:00
[2021-12-21 00:09:05,187] {scheduler_job.py:190} INFO - Processing /home/airflow/.local/lib/python3.8/site-packages/airflow/example_dags/tutorial.py took 0.201 seconds
[2021-12-21 00:09:35,272] {scheduler_job.py:182} INFO - Started process (PID=10470) to work on /home/airflow/.local/lib/python3.8/site-packages/airflow/example_dags/tutorial.py
[2021-12-21 00:09:35,276] {scheduler_job.py:633} INFO - Processing file /home/airflow/.local/lib/python3.8/site-packages/airflow/example_dags/tutorial.py for tasks to queue
[2021-12-21 00:09:35,278] {logging_mixin.py:104} INFO - [2021-12-21 00:09:35,278] {dagbag.py:496} INFO - Filling up the DagBag from /home/airflow/.local/lib/python3.8/site-packages/airflow/example_dags/tutorial.py
[2021-12-21 00:09:35,304] {scheduler_job.py:643} INFO - DAG(s) dict_keys(['tutorial']) retrieved from /home/airflow/.local/lib/python3.8/site-packages/airflow/example_dags/tutorial.py
[2021-12-21 00:09:35,356] {logging_mixin.py:104} INFO - [2021-12-21 00:09:35,356] {dag.py:1833} INFO - Sync 1 DAGs
[2021-12-21 00:09:35,376] {logging_mixin.py:104} INFO - [2021-12-21 00:09:35,376] {dag.py:2306} INFO - Setting next_dagrun for tutorial to 2021-12-19 00:00:00+00:00
[2021-12-21 00:09:35,402] {scheduler_job.py:190} INFO - Processing /home/airflow/.local/lib/python3.8/site-packages/airflow/example_dags/tutorial.py took 0.134 seconds
[2021-12-21 00:10:05,794] {scheduler_job.py:182} INFO - Started process (PID=10502) to work on /home/airflow/.local/lib/python3.8/site-packages/airflow/example_dags/tutorial.py
[2021-12-21 00:10:05,798] {scheduler_job.py:633} INFO - Processing file /home/airflow/.local/lib/python3.8/site-packages/airflow/example_dags/tutorial.py for tasks to queue
[2021-12-21 00:10:05,801] {logging_mixin.py:104} INFO - [2021-12-21 00:10:05,800] {dagbag.py:496} INFO - Filling up the DagBag from /home/airflow/.local/lib/python3.8/site-packages/airflow/example_dags/tutorial.py
[2021-12-21 00:10:05,823] {scheduler_job.py:643} INFO - DAG(s) dict_keys(['tutorial']) retrieved from /home/airflow/.local/lib/python3.8/site-packages/airflow/example_dags/tutorial.py
[2021-12-21 00:10:05,885] {logging_mixin.py:104} INFO - [2021-12-21 00:10:05,884] {dag.py:1833} INFO - Sync 1 DAGs
[2021-12-21 00:10:05,904] {logging_mixin.py:104} INFO - [2021-12-21 00:10:05,904] {dag.py:2306} INFO - Setting next_dagrun for tutorial to 2021-12-19 00:00:00+00:00
[2021-12-21 00:10:05,935] {scheduler_job.py:190} INFO - Processing /home/airflow/.local/lib/python3.8/site-packages/airflow/example_dags/tutorial.py took 0.147 seconds
[2021-12-21 00:10:36,601] {scheduler_job.py:182} INFO - Started process (PID=10533) to work on /home/airflow/.local/lib/python3.8/site-packages/airflow/example_dags/tutorial.py
[2021-12-21 00:10:36,610] {scheduler_job.py:633} INFO - Processing file /home/airflow/.local/lib/python3.8/site-packages/airflow/example_dags/tutorial.py for tasks to queue
[2021-12-21 00:10:36,613] {logging_mixin.py:104} INFO - [2021-12-21 00:10:36,612] {dagbag.py:496} INFO - Filling up the DagBag from /home/airflow/.local/lib/python3.8/site-packages/airflow/example_dags/tutorial.py
[2021-12-21 00:10:36,669] {scheduler_job.py:643} INFO - DAG(s) dict_keys(['tutorial']) retrieved from /home/airflow/.local/lib/python3.8/site-packages/airflow/example_dags/tutorial.py
[2021-12-21 00:10:36,741] {logging_mixin.py:104} INFO - [2021-12-21 00:10:36,741] {dag.py:1833} INFO - Sync 1 DAGs
[2021-12-21 00:10:36,775] {logging_mixin.py:104} INFO - [2021-12-21 00:10:36,775] {dag.py:2306} INFO - Setting next_dagrun for tutorial to 2021-12-19 00:00:00+00:00
[2021-12-21 00:10:36,809] {scheduler_job.py:190} INFO - Processing /home/airflow/.local/lib/python3.8/site-packages/airflow/example_dags/tutorial.py took 0.215 seconds
[2021-12-21 00:11:07,354] {scheduler_job.py:182} INFO - Started process (PID=10564) to work on /home/airflow/.local/lib/python3.8/site-packages/airflow/example_dags/tutorial.py
[2021-12-21 00:11:07,359] {scheduler_job.py:633} INFO - Processing file /home/airflow/.local/lib/python3.8/site-packages/airflow/example_dags/tutorial.py for tasks to queue
[2021-12-21 00:11:07,363] {logging_mixin.py:104} INFO - [2021-12-21 00:11:07,362] {dagbag.py:496} INFO - Filling up the DagBag from /home/airflow/.local/lib/python3.8/site-packages/airflow/example_dags/tutorial.py
[2021-12-21 00:11:07,388] {scheduler_job.py:643} INFO - DAG(s) dict_keys(['tutorial']) retrieved from /home/airflow/.local/lib/python3.8/site-packages/airflow/example_dags/tutorial.py
[2021-12-21 00:11:07,446] {logging_mixin.py:104} INFO - [2021-12-21 00:11:07,446] {dag.py:1833} INFO - Sync 1 DAGs
[2021-12-21 00:11:07,466] {logging_mixin.py:104} INFO - [2021-12-21 00:11:07,466] {dag.py:2306} INFO - Setting next_dagrun for tutorial to 2021-12-19 00:00:00+00:00
[2021-12-21 00:11:07,486] {scheduler_job.py:190} INFO - Processing /home/airflow/.local/lib/python3.8/site-packages/airflow/example_dags/tutorial.py took 0.138 seconds
[2021-12-21 00:11:37,586] {scheduler_job.py:182} INFO - Started process (PID=10594) to work on /home/airflow/.local/lib/python3.8/site-packages/airflow/example_dags/tutorial.py
[2021-12-21 00:11:37,589] {scheduler_job.py:633} INFO - Processing file /home/airflow/.local/lib/python3.8/site-packages/airflow/example_dags/tutorial.py for tasks to queue
[2021-12-21 00:11:37,591] {logging_mixin.py:104} INFO - [2021-12-21 00:11:37,591] {dagbag.py:496} INFO - Filling up the DagBag from /home/airflow/.local/lib/python3.8/site-packages/airflow/example_dags/tutorial.py
[2021-12-21 00:11:37,615] {scheduler_job.py:643} INFO - DAG(s) dict_keys(['tutorial']) retrieved from /home/airflow/.local/lib/python3.8/site-packages/airflow/example_dags/tutorial.py
[2021-12-21 00:11:37,668] {logging_mixin.py:104} INFO - [2021-12-21 00:11:37,668] {dag.py:1833} INFO - Sync 1 DAGs
[2021-12-21 00:11:37,692] {logging_mixin.py:104} INFO - [2021-12-21 00:11:37,692] {dag.py:2306} INFO - Setting next_dagrun for tutorial to 2021-12-19 00:00:00+00:00
[2021-12-21 00:11:37,716] {scheduler_job.py:190} INFO - Processing /home/airflow/.local/lib/python3.8/site-packages/airflow/example_dags/tutorial.py took 0.135 seconds
[2021-12-21 00:12:08,933] {scheduler_job.py:182} INFO - Started process (PID=10626) to work on /home/airflow/.local/lib/python3.8/site-packages/airflow/example_dags/tutorial.py
[2021-12-21 00:12:08,941] {scheduler_job.py:633} INFO - Processing file /home/airflow/.local/lib/python3.8/site-packages/airflow/example_dags/tutorial.py for tasks to queue
[2021-12-21 00:12:08,945] {logging_mixin.py:104} INFO - [2021-12-21 00:12:08,944] {dagbag.py:496} INFO - Filling up the DagBag from /home/airflow/.local/lib/python3.8/site-packages/airflow/example_dags/tutorial.py
[2021-12-21 00:12:08,969] {scheduler_job.py:643} INFO - DAG(s) dict_keys(['tutorial']) retrieved from /home/airflow/.local/lib/python3.8/site-packages/airflow/example_dags/tutorial.py
[2021-12-21 00:12:09,017] {logging_mixin.py:104} INFO - [2021-12-21 00:12:09,016] {dag.py:1833} INFO - Sync 1 DAGs
[2021-12-21 00:12:09,040] {logging_mixin.py:104} INFO - [2021-12-21 00:12:09,040] {dag.py:2306} INFO - Setting next_dagrun for tutorial to 2021-12-19 00:00:00+00:00
[2021-12-21 00:12:09,065] {scheduler_job.py:190} INFO - Processing /home/airflow/.local/lib/python3.8/site-packages/airflow/example_dags/tutorial.py took 0.143 seconds
[2021-12-21 00:12:39,893] {scheduler_job.py:182} INFO - Started process (PID=10657) to work on /home/airflow/.local/lib/python3.8/site-packages/airflow/example_dags/tutorial.py
[2021-12-21 00:12:39,900] {scheduler_job.py:633} INFO - Processing file /home/airflow/.local/lib/python3.8/site-packages/airflow/example_dags/tutorial.py for tasks to queue
[2021-12-21 00:12:39,903] {logging_mixin.py:104} INFO - [2021-12-21 00:12:39,902] {dagbag.py:496} INFO - Filling up the DagBag from /home/airflow/.local/lib/python3.8/site-packages/airflow/example_dags/tutorial.py
[2021-12-21 00:12:39,925] {scheduler_job.py:643} INFO - DAG(s) dict_keys(['tutorial']) retrieved from /home/airflow/.local/lib/python3.8/site-packages/airflow/example_dags/tutorial.py
[2021-12-21 00:12:39,981] {logging_mixin.py:104} INFO - [2021-12-21 00:12:39,981] {dag.py:1833} INFO - Sync 1 DAGs
[2021-12-21 00:12:39,999] {logging_mixin.py:104} INFO - [2021-12-21 00:12:39,998] {dag.py:2306} INFO - Setting next_dagrun for tutorial to 2021-12-19 00:00:00+00:00
[2021-12-21 00:12:40,018] {scheduler_job.py:190} INFO - Processing /home/airflow/.local/lib/python3.8/site-packages/airflow/example_dags/tutorial.py took 0.133 seconds
[2021-12-21 00:13:10,208] {scheduler_job.py:182} INFO - Started process (PID=10687) to work on /home/airflow/.local/lib/python3.8/site-packages/airflow/example_dags/tutorial.py
[2021-12-21 00:13:10,213] {scheduler_job.py:633} INFO - Processing file /home/airflow/.local/lib/python3.8/site-packages/airflow/example_dags/tutorial.py for tasks to queue
[2021-12-21 00:13:10,215] {logging_mixin.py:104} INFO - [2021-12-21 00:13:10,215] {dagbag.py:496} INFO - Filling up the DagBag from /home/airflow/.local/lib/python3.8/site-packages/airflow/example_dags/tutorial.py
[2021-12-21 00:13:10,234] {scheduler_job.py:643} INFO - DAG(s) dict_keys(['tutorial']) retrieved from /home/airflow/.local/lib/python3.8/site-packages/airflow/example_dags/tutorial.py
[2021-12-21 00:13:10,285] {logging_mixin.py:104} INFO - [2021-12-21 00:13:10,285] {dag.py:1833} INFO - Sync 1 DAGs
[2021-12-21 00:13:10,316] {logging_mixin.py:104} INFO - [2021-12-21 00:13:10,316] {dag.py:2306} INFO - Setting next_dagrun for tutorial to 2021-12-19 00:00:00+00:00
[2021-12-21 00:13:10,343] {scheduler_job.py:190} INFO - Processing /home/airflow/.local/lib/python3.8/site-packages/airflow/example_dags/tutorial.py took 0.142 seconds
[2021-12-21 00:13:40,678] {scheduler_job.py:182} INFO - Started process (PID=10718) to work on /home/airflow/.local/lib/python3.8/site-packages/airflow/example_dags/tutorial.py
[2021-12-21 00:13:40,684] {scheduler_job.py:633} INFO - Processing file /home/airflow/.local/lib/python3.8/site-packages/airflow/example_dags/tutorial.py for tasks to queue
[2021-12-21 00:13:40,687] {logging_mixin.py:104} INFO - [2021-12-21 00:13:40,686] {dagbag.py:496} INFO - Filling up the DagBag from /home/airflow/.local/lib/python3.8/site-packages/airflow/example_dags/tutorial.py
[2021-12-21 00:13:40,714] {scheduler_job.py:643} INFO - DAG(s) dict_keys(['tutorial']) retrieved from /home/airflow/.local/lib/python3.8/site-packages/airflow/example_dags/tutorial.py
[2021-12-21 00:13:40,764] {logging_mixin.py:104} INFO - [2021-12-21 00:13:40,764] {dag.py:1833} INFO - Sync 1 DAGs
[2021-12-21 00:13:40,781] {logging_mixin.py:104} INFO - [2021-12-21 00:13:40,781] {dag.py:2306} INFO - Setting next_dagrun for tutorial to 2021-12-19 00:00:00+00:00
[2021-12-21 00:13:40,814] {scheduler_job.py:190} INFO - Processing /home/airflow/.local/lib/python3.8/site-packages/airflow/example_dags/tutorial.py took 0.141 seconds
[2021-12-21 00:14:11,228] {scheduler_job.py:182} INFO - Started process (PID=10749) to work on /home/airflow/.local/lib/python3.8/site-packages/airflow/example_dags/tutorial.py
[2021-12-21 00:14:11,235] {scheduler_job.py:633} INFO - Processing file /home/airflow/.local/lib/python3.8/site-packages/airflow/example_dags/tutorial.py for tasks to queue
[2021-12-21 00:14:11,239] {logging_mixin.py:104} INFO - [2021-12-21 00:14:11,238] {dagbag.py:496} INFO - Filling up the DagBag from /home/airflow/.local/lib/python3.8/site-packages/airflow/example_dags/tutorial.py
[2021-12-21 00:14:11,267] {scheduler_job.py:643} INFO - DAG(s) dict_keys(['tutorial']) retrieved from /home/airflow/.local/lib/python3.8/site-packages/airflow/example_dags/tutorial.py
[2021-12-21 00:14:11,327] {logging_mixin.py:104} INFO - [2021-12-21 00:14:11,327] {dag.py:1833} INFO - Sync 1 DAGs
[2021-12-21 00:14:11,358] {logging_mixin.py:104} INFO - [2021-12-21 00:14:11,357] {dag.py:2306} INFO - Setting next_dagrun for tutorial to 2021-12-19 00:00:00+00:00
[2021-12-21 00:14:11,398] {scheduler_job.py:190} INFO - Processing /home/airflow/.local/lib/python3.8/site-packages/airflow/example_dags/tutorial.py took 0.182 seconds
[2021-12-21 00:14:41,819] {scheduler_job.py:182} INFO - Started process (PID=10780) to work on /home/airflow/.local/lib/python3.8/site-packages/airflow/example_dags/tutorial.py
[2021-12-21 00:14:41,825] {scheduler_job.py:633} INFO - Processing file /home/airflow/.local/lib/python3.8/site-packages/airflow/example_dags/tutorial.py for tasks to queue
[2021-12-21 00:14:41,829] {logging_mixin.py:104} INFO - [2021-12-21 00:14:41,829] {dagbag.py:496} INFO - Filling up the DagBag from /home/airflow/.local/lib/python3.8/site-packages/airflow/example_dags/tutorial.py
[2021-12-21 00:14:41,869] {scheduler_job.py:643} INFO - DAG(s) dict_keys(['tutorial']) retrieved from /home/airflow/.local/lib/python3.8/site-packages/airflow/example_dags/tutorial.py
[2021-12-21 00:14:41,925] {logging_mixin.py:104} INFO - [2021-12-21 00:14:41,924] {dag.py:1833} INFO - Sync 1 DAGs
[2021-12-21 00:14:41,963] {logging_mixin.py:104} INFO - [2021-12-21 00:14:41,963] {dag.py:2306} INFO - Setting next_dagrun for tutorial to 2021-12-19 00:00:00+00:00
[2021-12-21 00:14:42,015] {scheduler_job.py:190} INFO - Processing /home/airflow/.local/lib/python3.8/site-packages/airflow/example_dags/tutorial.py took 0.209 seconds
[2021-12-21 00:15:12,350] {scheduler_job.py:182} INFO - Started process (PID=10811) to work on /home/airflow/.local/lib/python3.8/site-packages/airflow/example_dags/tutorial.py
[2021-12-21 00:15:12,354] {scheduler_job.py:633} INFO - Processing file /home/airflow/.local/lib/python3.8/site-packages/airflow/example_dags/tutorial.py for tasks to queue
[2021-12-21 00:15:12,359] {logging_mixin.py:104} INFO - [2021-12-21 00:15:12,359] {dagbag.py:496} INFO - Filling up the DagBag from /home/airflow/.local/lib/python3.8/site-packages/airflow/example_dags/tutorial.py
[2021-12-21 00:15:12,398] {scheduler_job.py:643} INFO - DAG(s) dict_keys(['tutorial']) retrieved from /home/airflow/.local/lib/python3.8/site-packages/airflow/example_dags/tutorial.py
[2021-12-21 00:15:12,492] {logging_mixin.py:104} INFO - [2021-12-21 00:15:12,491] {dag.py:1833} INFO - Sync 1 DAGs
[2021-12-21 00:15:12,516] {logging_mixin.py:104} INFO - [2021-12-21 00:15:12,516] {dag.py:2306} INFO - Setting next_dagrun for tutorial to 2021-12-19 00:00:00+00:00
[2021-12-21 00:15:12,552] {scheduler_job.py:190} INFO - Processing /home/airflow/.local/lib/python3.8/site-packages/airflow/example_dags/tutorial.py took 0.216 seconds
[2021-12-21 00:15:42,616] {scheduler_job.py:182} INFO - Started process (PID=10842) to work on /home/airflow/.local/lib/python3.8/site-packages/airflow/example_dags/tutorial.py
[2021-12-21 00:15:42,619] {scheduler_job.py:633} INFO - Processing file /home/airflow/.local/lib/python3.8/site-packages/airflow/example_dags/tutorial.py for tasks to queue
[2021-12-21 00:15:42,624] {logging_mixin.py:104} INFO - [2021-12-21 00:15:42,623] {dagbag.py:496} INFO - Filling up the DagBag from /home/airflow/.local/lib/python3.8/site-packages/airflow/example_dags/tutorial.py
[2021-12-21 00:15:42,653] {scheduler_job.py:643} INFO - DAG(s) dict_keys(['tutorial']) retrieved from /home/airflow/.local/lib/python3.8/site-packages/airflow/example_dags/tutorial.py
[2021-12-21 00:15:42,707] {logging_mixin.py:104} INFO - [2021-12-21 00:15:42,707] {dag.py:1833} INFO - Sync 1 DAGs
[2021-12-21 00:15:42,726] {logging_mixin.py:104} INFO - [2021-12-21 00:15:42,725] {dag.py:2306} INFO - Setting next_dagrun for tutorial to 2021-12-19 00:00:00+00:00
[2021-12-21 00:15:42,749] {scheduler_job.py:190} INFO - Processing /home/airflow/.local/lib/python3.8/site-packages/airflow/example_dags/tutorial.py took 0.142 seconds
[2021-12-21 00:16:12,891] {scheduler_job.py:182} INFO - Started process (PID=10872) to work on /home/airflow/.local/lib/python3.8/site-packages/airflow/example_dags/tutorial.py
[2021-12-21 00:16:12,895] {scheduler_job.py:633} INFO - Processing file /home/airflow/.local/lib/python3.8/site-packages/airflow/example_dags/tutorial.py for tasks to queue
[2021-12-21 00:16:12,907] {logging_mixin.py:104} INFO - [2021-12-21 00:16:12,907] {dagbag.py:496} INFO - Filling up the DagBag from /home/airflow/.local/lib/python3.8/site-packages/airflow/example_dags/tutorial.py
[2021-12-21 00:16:12,931] {scheduler_job.py:643} INFO - DAG(s) dict_keys(['tutorial']) retrieved from /home/airflow/.local/lib/python3.8/site-packages/airflow/example_dags/tutorial.py
[2021-12-21 00:16:12,982] {logging_mixin.py:104} INFO - [2021-12-21 00:16:12,982] {dag.py:1833} INFO - Sync 1 DAGs
[2021-12-21 00:16:12,999] {logging_mixin.py:104} INFO - [2021-12-21 00:16:12,999] {dag.py:2306} INFO - Setting next_dagrun for tutorial to 2021-12-19 00:00:00+00:00
[2021-12-21 00:16:13,023] {scheduler_job.py:190} INFO - Processing /home/airflow/.local/lib/python3.8/site-packages/airflow/example_dags/tutorial.py took 0.139 seconds
[2021-12-21 00:16:43,176] {scheduler_job.py:182} INFO - Started process (PID=10903) to work on /home/airflow/.local/lib/python3.8/site-packages/airflow/example_dags/tutorial.py
[2021-12-21 00:16:43,180] {scheduler_job.py:633} INFO - Processing file /home/airflow/.local/lib/python3.8/site-packages/airflow/example_dags/tutorial.py for tasks to queue
[2021-12-21 00:16:43,183] {logging_mixin.py:104} INFO - [2021-12-21 00:16:43,183] {dagbag.py:496} INFO - Filling up the DagBag from /home/airflow/.local/lib/python3.8/site-packages/airflow/example_dags/tutorial.py
[2021-12-21 00:16:43,204] {scheduler_job.py:643} INFO - DAG(s) dict_keys(['tutorial']) retrieved from /home/airflow/.local/lib/python3.8/site-packages/airflow/example_dags/tutorial.py
[2021-12-21 00:16:43,250] {logging_mixin.py:104} INFO - [2021-12-21 00:16:43,250] {dag.py:1833} INFO - Sync 1 DAGs
[2021-12-21 00:16:43,276] {logging_mixin.py:104} INFO - [2021-12-21 00:16:43,276] {dag.py:2306} INFO - Setting next_dagrun for tutorial to 2021-12-19 00:00:00+00:00
[2021-12-21 00:16:43,301] {scheduler_job.py:190} INFO - Processing /home/airflow/.local/lib/python3.8/site-packages/airflow/example_dags/tutorial.py took 0.130 seconds
[2021-12-21 00:17:13,707] {scheduler_job.py:182} INFO - Started process (PID=10934) to work on /home/airflow/.local/lib/python3.8/site-packages/airflow/example_dags/tutorial.py
[2021-12-21 00:17:13,711] {scheduler_job.py:633} INFO - Processing file /home/airflow/.local/lib/python3.8/site-packages/airflow/example_dags/tutorial.py for tasks to queue
[2021-12-21 00:17:13,713] {logging_mixin.py:104} INFO - [2021-12-21 00:17:13,713] {dagbag.py:496} INFO - Filling up the DagBag from /home/airflow/.local/lib/python3.8/site-packages/airflow/example_dags/tutorial.py
[2021-12-21 00:17:13,733] {scheduler_job.py:643} INFO - DAG(s) dict_keys(['tutorial']) retrieved from /home/airflow/.local/lib/python3.8/site-packages/airflow/example_dags/tutorial.py
[2021-12-21 00:17:13,790] {logging_mixin.py:104} INFO - [2021-12-21 00:17:13,790] {dag.py:1833} INFO - Sync 1 DAGs
[2021-12-21 00:17:13,816] {logging_mixin.py:104} INFO - [2021-12-21 00:17:13,816] {dag.py:2306} INFO - Setting next_dagrun for tutorial to 2021-12-19 00:00:00+00:00
[2021-12-21 00:17:13,835] {scheduler_job.py:190} INFO - Processing /home/airflow/.local/lib/python3.8/site-packages/airflow/example_dags/tutorial.py took 0.133 seconds
[2021-12-21 00:17:43,973] {scheduler_job.py:182} INFO - Started process (PID=10965) to work on /home/airflow/.local/lib/python3.8/site-packages/airflow/example_dags/tutorial.py
[2021-12-21 00:17:43,976] {scheduler_job.py:633} INFO - Processing file /home/airflow/.local/lib/python3.8/site-packages/airflow/example_dags/tutorial.py for tasks to queue
[2021-12-21 00:17:43,980] {logging_mixin.py:104} INFO - [2021-12-21 00:17:43,980] {dagbag.py:496} INFO - Filling up the DagBag from /home/airflow/.local/lib/python3.8/site-packages/airflow/example_dags/tutorial.py
[2021-12-21 00:17:43,996] {scheduler_job.py:643} INFO - DAG(s) dict_keys(['tutorial']) retrieved from /home/airflow/.local/lib/python3.8/site-packages/airflow/example_dags/tutorial.py
[2021-12-21 00:17:44,076] {logging_mixin.py:104} INFO - [2021-12-21 00:17:44,075] {dag.py:1833} INFO - Sync 1 DAGs
[2021-12-21 00:17:44,110] {logging_mixin.py:104} INFO - [2021-12-21 00:17:44,110] {dag.py:2306} INFO - Setting next_dagrun for tutorial to 2021-12-19 00:00:00+00:00
[2021-12-21 00:17:44,173] {scheduler_job.py:190} INFO - Processing /home/airflow/.local/lib/python3.8/site-packages/airflow/example_dags/tutorial.py took 0.206 seconds
[2021-12-21 00:18:14,423] {scheduler_job.py:182} INFO - Started process (PID=10996) to work on /home/airflow/.local/lib/python3.8/site-packages/airflow/example_dags/tutorial.py
[2021-12-21 00:18:14,427] {scheduler_job.py:633} INFO - Processing file /home/airflow/.local/lib/python3.8/site-packages/airflow/example_dags/tutorial.py for tasks to queue
[2021-12-21 00:18:14,431] {logging_mixin.py:104} INFO - [2021-12-21 00:18:14,430] {dagbag.py:496} INFO - Filling up the DagBag from /home/airflow/.local/lib/python3.8/site-packages/airflow/example_dags/tutorial.py
[2021-12-21 00:18:14,465] {scheduler_job.py:643} INFO - DAG(s) dict_keys(['tutorial']) retrieved from /home/airflow/.local/lib/python3.8/site-packages/airflow/example_dags/tutorial.py
[2021-12-21 00:18:14,522] {logging_mixin.py:104} INFO - [2021-12-21 00:18:14,522] {dag.py:1833} INFO - Sync 1 DAGs
[2021-12-21 00:18:14,550] {logging_mixin.py:104} INFO - [2021-12-21 00:18:14,550] {dag.py:2306} INFO - Setting next_dagrun for tutorial to 2021-12-19 00:00:00+00:00
[2021-12-21 00:18:14,590] {scheduler_job.py:190} INFO - Processing /home/airflow/.local/lib/python3.8/site-packages/airflow/example_dags/tutorial.py took 0.180 seconds
[2021-12-21 00:18:44,683] {scheduler_job.py:182} INFO - Started process (PID=11027) to work on /home/airflow/.local/lib/python3.8/site-packages/airflow/example_dags/tutorial.py
[2021-12-21 00:18:44,692] {scheduler_job.py:633} INFO - Processing file /home/airflow/.local/lib/python3.8/site-packages/airflow/example_dags/tutorial.py for tasks to queue
[2021-12-21 00:18:44,698] {logging_mixin.py:104} INFO - [2021-12-21 00:18:44,697] {dagbag.py:496} INFO - Filling up the DagBag from /home/airflow/.local/lib/python3.8/site-packages/airflow/example_dags/tutorial.py
[2021-12-21 00:18:44,725] {scheduler_job.py:643} INFO - DAG(s) dict_keys(['tutorial']) retrieved from /home/airflow/.local/lib/python3.8/site-packages/airflow/example_dags/tutorial.py
[2021-12-21 00:18:44,773] {logging_mixin.py:104} INFO - [2021-12-21 00:18:44,773] {dag.py:1833} INFO - Sync 1 DAGs
[2021-12-21 00:18:44,788] {logging_mixin.py:104} INFO - [2021-12-21 00:18:44,788] {dag.py:2306} INFO - Setting next_dagrun for tutorial to 2021-12-19 00:00:00+00:00
[2021-12-21 00:18:44,820] {scheduler_job.py:190} INFO - Processing /home/airflow/.local/lib/python3.8/site-packages/airflow/example_dags/tutorial.py took 0.142 seconds
[2021-12-21 00:19:15,510] {scheduler_job.py:182} INFO - Started process (PID=11058) to work on /home/airflow/.local/lib/python3.8/site-packages/airflow/example_dags/tutorial.py
[2021-12-21 00:19:15,515] {scheduler_job.py:633} INFO - Processing file /home/airflow/.local/lib/python3.8/site-packages/airflow/example_dags/tutorial.py for tasks to queue
[2021-12-21 00:19:15,520] {logging_mixin.py:104} INFO - [2021-12-21 00:19:15,519] {dagbag.py:496} INFO - Filling up the DagBag from /home/airflow/.local/lib/python3.8/site-packages/airflow/example_dags/tutorial.py
[2021-12-21 00:19:15,556] {scheduler_job.py:643} INFO - DAG(s) dict_keys(['tutorial']) retrieved from /home/airflow/.local/lib/python3.8/site-packages/airflow/example_dags/tutorial.py
[2021-12-21 00:19:15,657] {logging_mixin.py:104} INFO - [2021-12-21 00:19:15,657] {dag.py:1833} INFO - Sync 1 DAGs
[2021-12-21 00:19:15,690] {logging_mixin.py:104} INFO - [2021-12-21 00:19:15,689] {dag.py:2306} INFO - Setting next_dagrun for tutorial to 2021-12-19 00:00:00+00:00
[2021-12-21 00:19:15,722] {scheduler_job.py:190} INFO - Processing /home/airflow/.local/lib/python3.8/site-packages/airflow/example_dags/tutorial.py took 0.217 seconds
[2021-12-21 00:19:46,203] {scheduler_job.py:182} INFO - Started process (PID=11089) to work on /home/airflow/.local/lib/python3.8/site-packages/airflow/example_dags/tutorial.py
[2021-12-21 00:19:46,206] {scheduler_job.py:633} INFO - Processing file /home/airflow/.local/lib/python3.8/site-packages/airflow/example_dags/tutorial.py for tasks to queue
[2021-12-21 00:19:46,209] {logging_mixin.py:104} INFO - [2021-12-21 00:19:46,209] {dagbag.py:496} INFO - Filling up the DagBag from /home/airflow/.local/lib/python3.8/site-packages/airflow/example_dags/tutorial.py
[2021-12-21 00:19:46,235] {scheduler_job.py:643} INFO - DAG(s) dict_keys(['tutorial']) retrieved from /home/airflow/.local/lib/python3.8/site-packages/airflow/example_dags/tutorial.py
[2021-12-21 00:19:46,303] {logging_mixin.py:104} INFO - [2021-12-21 00:19:46,303] {dag.py:1833} INFO - Sync 1 DAGs
[2021-12-21 00:19:46,333] {logging_mixin.py:104} INFO - [2021-12-21 00:19:46,333] {dag.py:2306} INFO - Setting next_dagrun for tutorial to 2021-12-19 00:00:00+00:00
[2021-12-21 00:19:46,359] {scheduler_job.py:190} INFO - Processing /home/airflow/.local/lib/python3.8/site-packages/airflow/example_dags/tutorial.py took 0.161 seconds
[2021-12-21 00:20:17,180] {scheduler_job.py:182} INFO - Started process (PID=11120) to work on /home/airflow/.local/lib/python3.8/site-packages/airflow/example_dags/tutorial.py
[2021-12-21 00:20:17,187] {scheduler_job.py:633} INFO - Processing file /home/airflow/.local/lib/python3.8/site-packages/airflow/example_dags/tutorial.py for tasks to queue
[2021-12-21 00:20:17,190] {logging_mixin.py:104} INFO - [2021-12-21 00:20:17,189] {dagbag.py:496} INFO - Filling up the DagBag from /home/airflow/.local/lib/python3.8/site-packages/airflow/example_dags/tutorial.py
[2021-12-21 00:20:17,210] {scheduler_job.py:643} INFO - DAG(s) dict_keys(['tutorial']) retrieved from /home/airflow/.local/lib/python3.8/site-packages/airflow/example_dags/tutorial.py
[2021-12-21 00:20:17,257] {logging_mixin.py:104} INFO - [2021-12-21 00:20:17,256] {dag.py:1833} INFO - Sync 1 DAGs
[2021-12-21 00:20:17,274] {logging_mixin.py:104} INFO - [2021-12-21 00:20:17,274] {dag.py:2306} INFO - Setting next_dagrun for tutorial to 2021-12-19 00:00:00+00:00
[2021-12-21 00:20:17,306] {scheduler_job.py:190} INFO - Processing /home/airflow/.local/lib/python3.8/site-packages/airflow/example_dags/tutorial.py took 0.131 seconds
[2021-12-21 00:20:47,360] {scheduler_job.py:182} INFO - Started process (PID=11150) to work on /home/airflow/.local/lib/python3.8/site-packages/airflow/example_dags/tutorial.py
[2021-12-21 00:20:47,365] {scheduler_job.py:633} INFO - Processing file /home/airflow/.local/lib/python3.8/site-packages/airflow/example_dags/tutorial.py for tasks to queue
[2021-12-21 00:20:47,368] {logging_mixin.py:104} INFO - [2021-12-21 00:20:47,368] {dagbag.py:496} INFO - Filling up the DagBag from /home/airflow/.local/lib/python3.8/site-packages/airflow/example_dags/tutorial.py
[2021-12-21 00:20:47,386] {scheduler_job.py:643} INFO - DAG(s) dict_keys(['tutorial']) retrieved from /home/airflow/.local/lib/python3.8/site-packages/airflow/example_dags/tutorial.py
[2021-12-21 00:20:47,433] {logging_mixin.py:104} INFO - [2021-12-21 00:20:47,433] {dag.py:1833} INFO - Sync 1 DAGs
[2021-12-21 00:20:47,449] {logging_mixin.py:104} INFO - [2021-12-21 00:20:47,449] {dag.py:2306} INFO - Setting next_dagrun for tutorial to 2021-12-19 00:00:00+00:00
[2021-12-21 00:20:47,472] {scheduler_job.py:190} INFO - Processing /home/airflow/.local/lib/python3.8/site-packages/airflow/example_dags/tutorial.py took 0.119 seconds
[2021-12-21 00:21:18,132] {scheduler_job.py:182} INFO - Started process (PID=11182) to work on /home/airflow/.local/lib/python3.8/site-packages/airflow/example_dags/tutorial.py
[2021-12-21 00:21:18,140] {scheduler_job.py:633} INFO - Processing file /home/airflow/.local/lib/python3.8/site-packages/airflow/example_dags/tutorial.py for tasks to queue
[2021-12-21 00:21:18,142] {logging_mixin.py:104} INFO - [2021-12-21 00:21:18,142] {dagbag.py:496} INFO - Filling up the DagBag from /home/airflow/.local/lib/python3.8/site-packages/airflow/example_dags/tutorial.py
[2021-12-21 00:21:18,178] {scheduler_job.py:643} INFO - DAG(s) dict_keys(['tutorial']) retrieved from /home/airflow/.local/lib/python3.8/site-packages/airflow/example_dags/tutorial.py
[2021-12-21 00:21:18,237] {logging_mixin.py:104} INFO - [2021-12-21 00:21:18,237] {dag.py:1833} INFO - Sync 1 DAGs
[2021-12-21 00:21:18,274] {logging_mixin.py:104} INFO - [2021-12-21 00:21:18,274] {dag.py:2306} INFO - Setting next_dagrun for tutorial to 2021-12-19 00:00:00+00:00
[2021-12-21 00:21:18,295] {scheduler_job.py:190} INFO - Processing /home/airflow/.local/lib/python3.8/site-packages/airflow/example_dags/tutorial.py took 0.170 seconds
[2021-12-21 00:21:48,534] {scheduler_job.py:182} INFO - Started process (PID=11213) to work on /home/airflow/.local/lib/python3.8/site-packages/airflow/example_dags/tutorial.py
[2021-12-21 00:21:48,539] {scheduler_job.py:633} INFO - Processing file /home/airflow/.local/lib/python3.8/site-packages/airflow/example_dags/tutorial.py for tasks to queue
[2021-12-21 00:21:48,542] {logging_mixin.py:104} INFO - [2021-12-21 00:21:48,542] {dagbag.py:496} INFO - Filling up the DagBag from /home/airflow/.local/lib/python3.8/site-packages/airflow/example_dags/tutorial.py
[2021-12-21 00:21:48,570] {scheduler_job.py:643} INFO - DAG(s) dict_keys(['tutorial']) retrieved from /home/airflow/.local/lib/python3.8/site-packages/airflow/example_dags/tutorial.py
[2021-12-21 00:21:48,631] {logging_mixin.py:104} INFO - [2021-12-21 00:21:48,630] {dag.py:1833} INFO - Sync 1 DAGs
[2021-12-21 00:21:48,655] {logging_mixin.py:104} INFO - [2021-12-21 00:21:48,655] {dag.py:2306} INFO - Setting next_dagrun for tutorial to 2021-12-19 00:00:00+00:00
[2021-12-21 00:21:48,683] {scheduler_job.py:190} INFO - Processing /home/airflow/.local/lib/python3.8/site-packages/airflow/example_dags/tutorial.py took 0.160 seconds
[2021-12-21 00:22:18,957] {scheduler_job.py:182} INFO - Started process (PID=11244) to work on /home/airflow/.local/lib/python3.8/site-packages/airflow/example_dags/tutorial.py
[2021-12-21 00:22:18,962] {scheduler_job.py:633} INFO - Processing file /home/airflow/.local/lib/python3.8/site-packages/airflow/example_dags/tutorial.py for tasks to queue
[2021-12-21 00:22:18,965] {logging_mixin.py:104} INFO - [2021-12-21 00:22:18,965] {dagbag.py:496} INFO - Filling up the DagBag from /home/airflow/.local/lib/python3.8/site-packages/airflow/example_dags/tutorial.py
[2021-12-21 00:22:18,990] {scheduler_job.py:643} INFO - DAG(s) dict_keys(['tutorial']) retrieved from /home/airflow/.local/lib/python3.8/site-packages/airflow/example_dags/tutorial.py
[2021-12-21 00:22:19,047] {logging_mixin.py:104} INFO - [2021-12-21 00:22:19,047] {dag.py:1833} INFO - Sync 1 DAGs
[2021-12-21 00:22:19,077] {logging_mixin.py:104} INFO - [2021-12-21 00:22:19,077] {dag.py:2306} INFO - Setting next_dagrun for tutorial to 2021-12-19 00:00:00+00:00
[2021-12-21 00:22:19,101] {scheduler_job.py:190} INFO - Processing /home/airflow/.local/lib/python3.8/site-packages/airflow/example_dags/tutorial.py took 0.150 seconds
[2021-12-21 00:22:49,161] {scheduler_job.py:182} INFO - Started process (PID=11274) to work on /home/airflow/.local/lib/python3.8/site-packages/airflow/example_dags/tutorial.py
[2021-12-21 00:22:49,166] {scheduler_job.py:633} INFO - Processing file /home/airflow/.local/lib/python3.8/site-packages/airflow/example_dags/tutorial.py for tasks to queue
[2021-12-21 00:22:49,170] {logging_mixin.py:104} INFO - [2021-12-21 00:22:49,169] {dagbag.py:496} INFO - Filling up the DagBag from /home/airflow/.local/lib/python3.8/site-packages/airflow/example_dags/tutorial.py
[2021-12-21 00:22:49,187] {scheduler_job.py:643} INFO - DAG(s) dict_keys(['tutorial']) retrieved from /home/airflow/.local/lib/python3.8/site-packages/airflow/example_dags/tutorial.py
[2021-12-21 00:22:49,235] {logging_mixin.py:104} INFO - [2021-12-21 00:22:49,235] {dag.py:1833} INFO - Sync 1 DAGs
[2021-12-21 00:22:49,259] {logging_mixin.py:104} INFO - [2021-12-21 00:22:49,259] {dag.py:2306} INFO - Setting next_dagrun for tutorial to 2021-12-19 00:00:00+00:00
[2021-12-21 00:22:49,279] {scheduler_job.py:190} INFO - Processing /home/airflow/.local/lib/python3.8/site-packages/airflow/example_dags/tutorial.py took 0.124 seconds
[2021-12-21 00:23:19,886] {scheduler_job.py:182} INFO - Started process (PID=11306) to work on /home/airflow/.local/lib/python3.8/site-packages/airflow/example_dags/tutorial.py
[2021-12-21 00:23:19,892] {scheduler_job.py:633} INFO - Processing file /home/airflow/.local/lib/python3.8/site-packages/airflow/example_dags/tutorial.py for tasks to queue
[2021-12-21 00:23:19,898] {logging_mixin.py:104} INFO - [2021-12-21 00:23:19,896] {dagbag.py:496} INFO - Filling up the DagBag from /home/airflow/.local/lib/python3.8/site-packages/airflow/example_dags/tutorial.py
[2021-12-21 00:23:19,923] {scheduler_job.py:643} INFO - DAG(s) dict_keys(['tutorial']) retrieved from /home/airflow/.local/lib/python3.8/site-packages/airflow/example_dags/tutorial.py
[2021-12-21 00:23:19,990] {logging_mixin.py:104} INFO - [2021-12-21 00:23:19,990] {dag.py:1833} INFO - Sync 1 DAGs
[2021-12-21 00:23:20,017] {logging_mixin.py:104} INFO - [2021-12-21 00:23:20,017] {dag.py:2306} INFO - Setting next_dagrun for tutorial to 2021-12-19 00:00:00+00:00
[2021-12-21 00:23:20,043] {scheduler_job.py:190} INFO - Processing /home/airflow/.local/lib/python3.8/site-packages/airflow/example_dags/tutorial.py took 0.162 seconds
[2021-12-21 00:23:50,119] {scheduler_job.py:182} INFO - Started process (PID=11336) to work on /home/airflow/.local/lib/python3.8/site-packages/airflow/example_dags/tutorial.py
[2021-12-21 00:23:50,129] {scheduler_job.py:633} INFO - Processing file /home/airflow/.local/lib/python3.8/site-packages/airflow/example_dags/tutorial.py for tasks to queue
[2021-12-21 00:23:50,135] {logging_mixin.py:104} INFO - [2021-12-21 00:23:50,135] {dagbag.py:496} INFO - Filling up the DagBag from /home/airflow/.local/lib/python3.8/site-packages/airflow/example_dags/tutorial.py
[2021-12-21 00:23:50,163] {scheduler_job.py:643} INFO - DAG(s) dict_keys(['tutorial']) retrieved from /home/airflow/.local/lib/python3.8/site-packages/airflow/example_dags/tutorial.py
[2021-12-21 00:23:50,231] {logging_mixin.py:104} INFO - [2021-12-21 00:23:50,230] {dag.py:1833} INFO - Sync 1 DAGs
[2021-12-21 00:23:50,253] {logging_mixin.py:104} INFO - [2021-12-21 00:23:50,253] {dag.py:2306} INFO - Setting next_dagrun for tutorial to 2021-12-19 00:00:00+00:00
[2021-12-21 00:23:50,275] {scheduler_job.py:190} INFO - Processing /home/airflow/.local/lib/python3.8/site-packages/airflow/example_dags/tutorial.py took 0.168 seconds
[2021-12-21 00:24:20,984] {scheduler_job.py:182} INFO - Started process (PID=11367) to work on /home/airflow/.local/lib/python3.8/site-packages/airflow/example_dags/tutorial.py
[2021-12-21 00:24:20,989] {scheduler_job.py:633} INFO - Processing file /home/airflow/.local/lib/python3.8/site-packages/airflow/example_dags/tutorial.py for tasks to queue
[2021-12-21 00:24:20,994] {logging_mixin.py:104} INFO - [2021-12-21 00:24:20,993] {dagbag.py:496} INFO - Filling up the DagBag from /home/airflow/.local/lib/python3.8/site-packages/airflow/example_dags/tutorial.py
[2021-12-21 00:24:21,021] {scheduler_job.py:643} INFO - DAG(s) dict_keys(['tutorial']) retrieved from /home/airflow/.local/lib/python3.8/site-packages/airflow/example_dags/tutorial.py
[2021-12-21 00:24:21,080] {logging_mixin.py:104} INFO - [2021-12-21 00:24:21,080] {dag.py:1833} INFO - Sync 1 DAGs
[2021-12-21 00:24:21,101] {logging_mixin.py:104} INFO - [2021-12-21 00:24:21,101] {dag.py:2306} INFO - Setting next_dagrun for tutorial to 2021-12-19 00:00:00+00:00
[2021-12-21 00:24:21,127] {scheduler_job.py:190} INFO - Processing /home/airflow/.local/lib/python3.8/site-packages/airflow/example_dags/tutorial.py took 0.156 seconds
[2021-12-21 00:24:51,399] {scheduler_job.py:182} INFO - Started process (PID=11397) to work on /home/airflow/.local/lib/python3.8/site-packages/airflow/example_dags/tutorial.py
[2021-12-21 00:24:51,407] {scheduler_job.py:633} INFO - Processing file /home/airflow/.local/lib/python3.8/site-packages/airflow/example_dags/tutorial.py for tasks to queue
[2021-12-21 00:24:51,411] {logging_mixin.py:104} INFO - [2021-12-21 00:24:51,411] {dagbag.py:496} INFO - Filling up the DagBag from /home/airflow/.local/lib/python3.8/site-packages/airflow/example_dags/tutorial.py
[2021-12-21 00:24:51,437] {scheduler_job.py:643} INFO - DAG(s) dict_keys(['tutorial']) retrieved from /home/airflow/.local/lib/python3.8/site-packages/airflow/example_dags/tutorial.py
[2021-12-21 00:24:51,504] {logging_mixin.py:104} INFO - [2021-12-21 00:24:51,504] {dag.py:1833} INFO - Sync 1 DAGs
[2021-12-21 00:24:51,531] {logging_mixin.py:104} INFO - [2021-12-21 00:24:51,531] {dag.py:2306} INFO - Setting next_dagrun for tutorial to 2021-12-19 00:00:00+00:00
[2021-12-21 00:24:51,575] {scheduler_job.py:190} INFO - Processing /home/airflow/.local/lib/python3.8/site-packages/airflow/example_dags/tutorial.py took 0.183 seconds
[2021-12-21 00:25:21,687] {scheduler_job.py:182} INFO - Started process (PID=11428) to work on /home/airflow/.local/lib/python3.8/site-packages/airflow/example_dags/tutorial.py
[2021-12-21 00:25:21,695] {scheduler_job.py:633} INFO - Processing file /home/airflow/.local/lib/python3.8/site-packages/airflow/example_dags/tutorial.py for tasks to queue
[2021-12-21 00:25:21,699] {logging_mixin.py:104} INFO - [2021-12-21 00:25:21,698] {dagbag.py:496} INFO - Filling up the DagBag from /home/airflow/.local/lib/python3.8/site-packages/airflow/example_dags/tutorial.py
[2021-12-21 00:25:21,723] {scheduler_job.py:643} INFO - DAG(s) dict_keys(['tutorial']) retrieved from /home/airflow/.local/lib/python3.8/site-packages/airflow/example_dags/tutorial.py
[2021-12-21 00:25:21,778] {logging_mixin.py:104} INFO - [2021-12-21 00:25:21,778] {dag.py:1833} INFO - Sync 1 DAGs
[2021-12-21 00:25:21,807] {logging_mixin.py:104} INFO - [2021-12-21 00:25:21,807] {dag.py:2306} INFO - Setting next_dagrun for tutorial to 2021-12-19 00:00:00+00:00
[2021-12-21 00:25:21,840] {scheduler_job.py:190} INFO - Processing /home/airflow/.local/lib/python3.8/site-packages/airflow/example_dags/tutorial.py took 0.156 seconds
[2021-12-21 00:25:52,119] {scheduler_job.py:182} INFO - Started process (PID=11459) to work on /home/airflow/.local/lib/python3.8/site-packages/airflow/example_dags/tutorial.py
[2021-12-21 00:25:52,123] {scheduler_job.py:633} INFO - Processing file /home/airflow/.local/lib/python3.8/site-packages/airflow/example_dags/tutorial.py for tasks to queue
[2021-12-21 00:25:52,125] {logging_mixin.py:104} INFO - [2021-12-21 00:25:52,125] {dagbag.py:496} INFO - Filling up the DagBag from /home/airflow/.local/lib/python3.8/site-packages/airflow/example_dags/tutorial.py
[2021-12-21 00:25:52,173] {scheduler_job.py:643} INFO - DAG(s) dict_keys(['tutorial']) retrieved from /home/airflow/.local/lib/python3.8/site-packages/airflow/example_dags/tutorial.py
[2021-12-21 00:25:52,291] {logging_mixin.py:104} INFO - [2021-12-21 00:25:52,291] {dag.py:1833} INFO - Sync 1 DAGs
[2021-12-21 00:25:52,321] {logging_mixin.py:104} INFO - [2021-12-21 00:25:52,320] {dag.py:2306} INFO - Setting next_dagrun for tutorial to 2021-12-19 00:00:00+00:00
[2021-12-21 00:25:52,366] {scheduler_job.py:190} INFO - Processing /home/airflow/.local/lib/python3.8/site-packages/airflow/example_dags/tutorial.py took 0.275 seconds
[2021-12-21 00:26:23,171] {scheduler_job.py:182} INFO - Started process (PID=11490) to work on /home/airflow/.local/lib/python3.8/site-packages/airflow/example_dags/tutorial.py
[2021-12-21 00:26:23,180] {scheduler_job.py:633} INFO - Processing file /home/airflow/.local/lib/python3.8/site-packages/airflow/example_dags/tutorial.py for tasks to queue
[2021-12-21 00:26:23,183] {logging_mixin.py:104} INFO - [2021-12-21 00:26:23,182] {dagbag.py:496} INFO - Filling up the DagBag from /home/airflow/.local/lib/python3.8/site-packages/airflow/example_dags/tutorial.py
[2021-12-21 00:26:23,209] {scheduler_job.py:643} INFO - DAG(s) dict_keys(['tutorial']) retrieved from /home/airflow/.local/lib/python3.8/site-packages/airflow/example_dags/tutorial.py
[2021-12-21 00:26:23,269] {logging_mixin.py:104} INFO - [2021-12-21 00:26:23,269] {dag.py:1833} INFO - Sync 1 DAGs
[2021-12-21 00:26:23,302] {logging_mixin.py:104} INFO - [2021-12-21 00:26:23,302] {dag.py:2306} INFO - Setting next_dagrun for tutorial to 2021-12-19 00:00:00+00:00
[2021-12-21 00:26:23,322] {scheduler_job.py:190} INFO - Processing /home/airflow/.local/lib/python3.8/site-packages/airflow/example_dags/tutorial.py took 0.155 seconds
[2021-12-21 00:26:53,603] {scheduler_job.py:182} INFO - Started process (PID=11521) to work on /home/airflow/.local/lib/python3.8/site-packages/airflow/example_dags/tutorial.py
[2021-12-21 00:26:53,612] {scheduler_job.py:633} INFO - Processing file /home/airflow/.local/lib/python3.8/site-packages/airflow/example_dags/tutorial.py for tasks to queue
[2021-12-21 00:26:53,614] {logging_mixin.py:104} INFO - [2021-12-21 00:26:53,614] {dagbag.py:496} INFO - Filling up the DagBag from /home/airflow/.local/lib/python3.8/site-packages/airflow/example_dags/tutorial.py
[2021-12-21 00:26:53,640] {scheduler_job.py:643} INFO - DAG(s) dict_keys(['tutorial']) retrieved from /home/airflow/.local/lib/python3.8/site-packages/airflow/example_dags/tutorial.py
[2021-12-21 00:26:53,698] {logging_mixin.py:104} INFO - [2021-12-21 00:26:53,698] {dag.py:1833} INFO - Sync 1 DAGs
[2021-12-21 00:26:53,731] {logging_mixin.py:104} INFO - [2021-12-21 00:26:53,731] {dag.py:2306} INFO - Setting next_dagrun for tutorial to 2021-12-19 00:00:00+00:00
[2021-12-21 00:26:53,753] {scheduler_job.py:190} INFO - Processing /home/airflow/.local/lib/python3.8/site-packages/airflow/example_dags/tutorial.py took 0.153 seconds
[2021-12-21 00:27:24,291] {scheduler_job.py:182} INFO - Started process (PID=11552) to work on /home/airflow/.local/lib/python3.8/site-packages/airflow/example_dags/tutorial.py
[2021-12-21 00:27:24,294] {scheduler_job.py:633} INFO - Processing file /home/airflow/.local/lib/python3.8/site-packages/airflow/example_dags/tutorial.py for tasks to queue
[2021-12-21 00:27:24,297] {logging_mixin.py:104} INFO - [2021-12-21 00:27:24,297] {dagbag.py:496} INFO - Filling up the DagBag from /home/airflow/.local/lib/python3.8/site-packages/airflow/example_dags/tutorial.py
[2021-12-21 00:27:24,330] {scheduler_job.py:643} INFO - DAG(s) dict_keys(['tutorial']) retrieved from /home/airflow/.local/lib/python3.8/site-packages/airflow/example_dags/tutorial.py
[2021-12-21 00:27:24,395] {logging_mixin.py:104} INFO - [2021-12-21 00:27:24,395] {dag.py:1833} INFO - Sync 1 DAGs
[2021-12-21 00:27:24,420] {logging_mixin.py:104} INFO - [2021-12-21 00:27:24,419] {dag.py:2306} INFO - Setting next_dagrun for tutorial to 2021-12-19 00:00:00+00:00
[2021-12-21 00:27:24,450] {scheduler_job.py:190} INFO - Processing /home/airflow/.local/lib/python3.8/site-packages/airflow/example_dags/tutorial.py took 0.165 seconds
[2021-12-21 00:27:55,086] {scheduler_job.py:182} INFO - Started process (PID=11583) to work on /home/airflow/.local/lib/python3.8/site-packages/airflow/example_dags/tutorial.py
[2021-12-21 00:27:55,090] {scheduler_job.py:633} INFO - Processing file /home/airflow/.local/lib/python3.8/site-packages/airflow/example_dags/tutorial.py for tasks to queue
[2021-12-21 00:27:55,093] {logging_mixin.py:104} INFO - [2021-12-21 00:27:55,092] {dagbag.py:496} INFO - Filling up the DagBag from /home/airflow/.local/lib/python3.8/site-packages/airflow/example_dags/tutorial.py
[2021-12-21 00:27:55,116] {scheduler_job.py:643} INFO - DAG(s) dict_keys(['tutorial']) retrieved from /home/airflow/.local/lib/python3.8/site-packages/airflow/example_dags/tutorial.py
[2021-12-21 00:27:55,178] {logging_mixin.py:104} INFO - [2021-12-21 00:27:55,178] {dag.py:1833} INFO - Sync 1 DAGs
[2021-12-21 00:27:55,204] {logging_mixin.py:104} INFO - [2021-12-21 00:27:55,204] {dag.py:2306} INFO - Setting next_dagrun for tutorial to 2021-12-19 00:00:00+00:00
[2021-12-21 00:27:55,229] {scheduler_job.py:190} INFO - Processing /home/airflow/.local/lib/python3.8/site-packages/airflow/example_dags/tutorial.py took 0.166 seconds
[2021-12-21 00:28:25,541] {scheduler_job.py:182} INFO - Started process (PID=11614) to work on /home/airflow/.local/lib/python3.8/site-packages/airflow/example_dags/tutorial.py
[2021-12-21 00:28:25,546] {scheduler_job.py:633} INFO - Processing file /home/airflow/.local/lib/python3.8/site-packages/airflow/example_dags/tutorial.py for tasks to queue
[2021-12-21 00:28:25,549] {logging_mixin.py:104} INFO - [2021-12-21 00:28:25,548] {dagbag.py:496} INFO - Filling up the DagBag from /home/airflow/.local/lib/python3.8/site-packages/airflow/example_dags/tutorial.py
[2021-12-21 00:28:25,571] {scheduler_job.py:643} INFO - DAG(s) dict_keys(['tutorial']) retrieved from /home/airflow/.local/lib/python3.8/site-packages/airflow/example_dags/tutorial.py
[2021-12-21 00:28:25,625] {logging_mixin.py:104} INFO - [2021-12-21 00:28:25,625] {dag.py:1833} INFO - Sync 1 DAGs
[2021-12-21 00:28:25,648] {logging_mixin.py:104} INFO - [2021-12-21 00:28:25,648] {dag.py:2306} INFO - Setting next_dagrun for tutorial to 2021-12-19 00:00:00+00:00
[2021-12-21 00:28:25,671] {scheduler_job.py:190} INFO - Processing /home/airflow/.local/lib/python3.8/site-packages/airflow/example_dags/tutorial.py took 0.138 seconds
[2021-12-21 00:28:56,403] {scheduler_job.py:182} INFO - Started process (PID=11645) to work on /home/airflow/.local/lib/python3.8/site-packages/airflow/example_dags/tutorial.py
[2021-12-21 00:28:56,408] {scheduler_job.py:633} INFO - Processing file /home/airflow/.local/lib/python3.8/site-packages/airflow/example_dags/tutorial.py for tasks to queue
[2021-12-21 00:28:56,411] {logging_mixin.py:104} INFO - [2021-12-21 00:28:56,410] {dagbag.py:496} INFO - Filling up the DagBag from /home/airflow/.local/lib/python3.8/site-packages/airflow/example_dags/tutorial.py
[2021-12-21 00:28:56,448] {scheduler_job.py:643} INFO - DAG(s) dict_keys(['tutorial']) retrieved from /home/airflow/.local/lib/python3.8/site-packages/airflow/example_dags/tutorial.py
[2021-12-21 00:28:56,515] {logging_mixin.py:104} INFO - [2021-12-21 00:28:56,515] {dag.py:1833} INFO - Sync 1 DAGs
[2021-12-21 00:28:56,562] {logging_mixin.py:104} INFO - [2021-12-21 00:28:56,562] {dag.py:2306} INFO - Setting next_dagrun for tutorial to 2021-12-19 00:00:00+00:00
[2021-12-21 00:28:56,618] {scheduler_job.py:190} INFO - Processing /home/airflow/.local/lib/python3.8/site-packages/airflow/example_dags/tutorial.py took 0.228 seconds
[2021-12-21 00:29:26,752] {scheduler_job.py:182} INFO - Started process (PID=11676) to work on /home/airflow/.local/lib/python3.8/site-packages/airflow/example_dags/tutorial.py
[2021-12-21 00:29:26,757] {scheduler_job.py:633} INFO - Processing file /home/airflow/.local/lib/python3.8/site-packages/airflow/example_dags/tutorial.py for tasks to queue
[2021-12-21 00:29:26,762] {logging_mixin.py:104} INFO - [2021-12-21 00:29:26,761] {dagbag.py:496} INFO - Filling up the DagBag from /home/airflow/.local/lib/python3.8/site-packages/airflow/example_dags/tutorial.py
[2021-12-21 00:29:26,792] {scheduler_job.py:643} INFO - DAG(s) dict_keys(['tutorial']) retrieved from /home/airflow/.local/lib/python3.8/site-packages/airflow/example_dags/tutorial.py
[2021-12-21 00:29:26,849] {logging_mixin.py:104} INFO - [2021-12-21 00:29:26,849] {dag.py:1833} INFO - Sync 1 DAGs
[2021-12-21 00:29:26,868] {logging_mixin.py:104} INFO - [2021-12-21 00:29:26,868] {dag.py:2306} INFO - Setting next_dagrun for tutorial to 2021-12-19 00:00:00+00:00
[2021-12-21 00:29:26,913] {scheduler_job.py:190} INFO - Processing /home/airflow/.local/lib/python3.8/site-packages/airflow/example_dags/tutorial.py took 0.172 seconds
[2021-12-21 00:29:57,251] {scheduler_job.py:182} INFO - Started process (PID=11707) to work on /home/airflow/.local/lib/python3.8/site-packages/airflow/example_dags/tutorial.py
[2021-12-21 00:29:57,256] {scheduler_job.py:633} INFO - Processing file /home/airflow/.local/lib/python3.8/site-packages/airflow/example_dags/tutorial.py for tasks to queue
[2021-12-21 00:29:57,266] {logging_mixin.py:104} INFO - [2021-12-21 00:29:57,266] {dagbag.py:496} INFO - Filling up the DagBag from /home/airflow/.local/lib/python3.8/site-packages/airflow/example_dags/tutorial.py
[2021-12-21 00:29:57,295] {scheduler_job.py:643} INFO - DAG(s) dict_keys(['tutorial']) retrieved from /home/airflow/.local/lib/python3.8/site-packages/airflow/example_dags/tutorial.py
[2021-12-21 00:29:57,405] {logging_mixin.py:104} INFO - [2021-12-21 00:29:57,405] {dag.py:1833} INFO - Sync 1 DAGs
[2021-12-21 00:29:57,441] {logging_mixin.py:104} INFO - [2021-12-21 00:29:57,441] {dag.py:2306} INFO - Setting next_dagrun for tutorial to 2021-12-19 00:00:00+00:00
[2021-12-21 00:29:57,479] {scheduler_job.py:190} INFO - Processing /home/airflow/.local/lib/python3.8/site-packages/airflow/example_dags/tutorial.py took 0.233 seconds
[2021-12-21 00:30:28,406] {scheduler_job.py:182} INFO - Started process (PID=11738) to work on /home/airflow/.local/lib/python3.8/site-packages/airflow/example_dags/tutorial.py
[2021-12-21 00:30:28,409] {scheduler_job.py:633} INFO - Processing file /home/airflow/.local/lib/python3.8/site-packages/airflow/example_dags/tutorial.py for tasks to queue
[2021-12-21 00:30:28,411] {logging_mixin.py:104} INFO - [2021-12-21 00:30:28,411] {dagbag.py:496} INFO - Filling up the DagBag from /home/airflow/.local/lib/python3.8/site-packages/airflow/example_dags/tutorial.py
[2021-12-21 00:30:28,434] {scheduler_job.py:643} INFO - DAG(s) dict_keys(['tutorial']) retrieved from /home/airflow/.local/lib/python3.8/site-packages/airflow/example_dags/tutorial.py
[2021-12-21 00:30:28,495] {logging_mixin.py:104} INFO - [2021-12-21 00:30:28,495] {dag.py:1833} INFO - Sync 1 DAGs
[2021-12-21 00:30:28,514] {logging_mixin.py:104} INFO - [2021-12-21 00:30:28,514] {dag.py:2306} INFO - Setting next_dagrun for tutorial to 2021-12-19 00:00:00+00:00
[2021-12-21 00:30:28,542] {scheduler_job.py:190} INFO - Processing /home/airflow/.local/lib/python3.8/site-packages/airflow/example_dags/tutorial.py took 0.141 seconds
[2021-12-21 00:39:24,379] {scheduler_job.py:182} INFO - Started process (PID=11782) to work on /home/airflow/.local/lib/python3.8/site-packages/airflow/example_dags/tutorial.py
[2021-12-21 00:39:24,384] {scheduler_job.py:633} INFO - Processing file /home/airflow/.local/lib/python3.8/site-packages/airflow/example_dags/tutorial.py for tasks to queue
[2021-12-21 00:39:24,391] {logging_mixin.py:104} INFO - [2021-12-21 00:39:24,391] {dagbag.py:496} INFO - Filling up the DagBag from /home/airflow/.local/lib/python3.8/site-packages/airflow/example_dags/tutorial.py
[2021-12-21 00:39:24,466] {scheduler_job.py:643} INFO - DAG(s) dict_keys(['tutorial']) retrieved from /home/airflow/.local/lib/python3.8/site-packages/airflow/example_dags/tutorial.py
[2021-12-21 00:39:24,695] {logging_mixin.py:104} INFO - [2021-12-21 00:39:24,695] {dag.py:1833} INFO - Sync 1 DAGs
[2021-12-21 00:39:24,781] {logging_mixin.py:104} INFO - [2021-12-21 00:39:24,780] {dag.py:2306} INFO - Setting next_dagrun for tutorial to 2021-12-19 00:00:00+00:00
[2021-12-21 00:39:24,816] {scheduler_job.py:190} INFO - Processing /home/airflow/.local/lib/python3.8/site-packages/airflow/example_dags/tutorial.py took 0.441 seconds
[2021-12-21 00:39:56,338] {scheduler_job.py:182} INFO - Started process (PID=11813) to work on /home/airflow/.local/lib/python3.8/site-packages/airflow/example_dags/tutorial.py
[2021-12-21 00:39:56,344] {scheduler_job.py:633} INFO - Processing file /home/airflow/.local/lib/python3.8/site-packages/airflow/example_dags/tutorial.py for tasks to queue
[2021-12-21 00:39:56,348] {logging_mixin.py:104} INFO - [2021-12-21 00:39:56,347] {dagbag.py:496} INFO - Filling up the DagBag from /home/airflow/.local/lib/python3.8/site-packages/airflow/example_dags/tutorial.py
[2021-12-21 00:39:56,463] {scheduler_job.py:643} INFO - DAG(s) dict_keys(['tutorial']) retrieved from /home/airflow/.local/lib/python3.8/site-packages/airflow/example_dags/tutorial.py
[2021-12-21 00:39:56,592] {logging_mixin.py:104} INFO - [2021-12-21 00:39:56,592] {dag.py:1833} INFO - Sync 1 DAGs
[2021-12-21 00:39:56,658] {logging_mixin.py:104} INFO - [2021-12-21 00:39:56,658] {dag.py:2306} INFO - Setting next_dagrun for tutorial to 2021-12-19 00:00:00+00:00
[2021-12-21 00:39:56,694] {scheduler_job.py:190} INFO - Processing /home/airflow/.local/lib/python3.8/site-packages/airflow/example_dags/tutorial.py took 0.375 seconds
[2021-12-21 00:56:42,702] {scheduler_job.py:182} INFO - Started process (PID=11844) to work on /home/airflow/.local/lib/python3.8/site-packages/airflow/example_dags/tutorial.py
[2021-12-21 00:56:42,720] {scheduler_job.py:633} INFO - Processing file /home/airflow/.local/lib/python3.8/site-packages/airflow/example_dags/tutorial.py for tasks to queue
[2021-12-21 00:56:42,732] {logging_mixin.py:104} INFO - [2021-12-21 00:56:42,731] {dagbag.py:496} INFO - Filling up the DagBag from /home/airflow/.local/lib/python3.8/site-packages/airflow/example_dags/tutorial.py
[2021-12-21 00:56:42,887] {scheduler_job.py:643} INFO - DAG(s) dict_keys(['tutorial']) retrieved from /home/airflow/.local/lib/python3.8/site-packages/airflow/example_dags/tutorial.py
[2021-12-21 00:56:43,311] {logging_mixin.py:104} INFO - [2021-12-21 00:56:43,311] {dag.py:1833} INFO - Sync 1 DAGs
[2021-12-21 00:56:43,366] {logging_mixin.py:104} INFO - [2021-12-21 00:56:43,365] {dag.py:2306} INFO - Setting next_dagrun for tutorial to 2021-12-19 00:00:00+00:00
[2021-12-21 00:56:43,423] {scheduler_job.py:190} INFO - Processing /home/airflow/.local/lib/python3.8/site-packages/airflow/example_dags/tutorial.py took 0.749 seconds
